Mplus VERSION 8.5 (Mac)
MUTHEN & MUTHEN
03/22/2021  11:27 AM

INPUT INSTRUCTIONS

  TITLE: LCA C3 LA with 1 classes;
  DATA:
  FILE = LA_Dta_C3.dat;

  VARIABLE:
  NAMES = id_i
  id_j
  id_r
  id_s
  id_k
  wt
  ws
  GND1
  GND2
  GND4
  GND6
  IDSTUD;
  IDVARIABLE = IDSTUD;
  USEVARIABLES = GND1
  GND2
  GND4
  GND6;
  CATEGORICAL = GND1
  GND2
  GND4
  GND6;
  MISSING = .;
  CLASSES = c(1);
  WEIGHT = ws;
  STRATIFICATION = id_s;
  CLUSTER = id_j;

  ANALYSIS:
  TYPE = COMPLEX MIXTURE;
  PROCESSORS = 4;
  STARTS = 100 50;
  STITERATIONS = 5;
  STSEED = 288;

  OUTPUT:
  TECH10
  TECH11
  TECH14;
  SVALUES
  ;

  SAVEDATA:
  FILE = LA_Prob_C3cl1.dat;
  SAVE = CPROBABILITIES;



*** WARNING in OUTPUT command
  TECH11 option is not available for TYPE=MIXTURE with only one class.
  Request for TECH11 is ignored.
*** WARNING in OUTPUT command
  TECH14 option is not available for TYPE=MIXTURE COMPLEX.
  Request for TECH14 is ignored.
*** WARNING
  Data set contains cases with missing on all variables.
  These cases were not included in the analysis.
  Number of cases with missing on all variables:  198
   3 WARNING(S) FOUND IN THE INPUT INSTRUCTIONS



LCA C3 LA with 1 classes;

SUMMARY OF ANALYSIS

Number of groups                                                 1
Number of observations                                       10492

Number of dependent variables                                    4
Number of independent variables                                  0
Number of continuous latent variables                            0
Number of categorical latent variables                           1

Observed dependent variables

  Binary and ordered categorical (ordinal)
   GND1        GND2        GND4        GND6

Categorical latent variables
   C

Variables with special functions

  Stratification        ID_S
  Cluster variable      ID_J
  Weight variable       WS
  ID variable           IDSTUD

Estimator                                                      MLR
Information matrix                                        OBSERVED
Optimization Specifications for the Quasi-Newton Algorithm for
Continuous Outcomes
  Maximum number of iterations                                 100
  Convergence criterion                                  0.100D-05
Optimization Specifications for the EM Algorithm
  Maximum number of iterations                                 500
  Convergence criteria
    Loglikelihood change                                 0.100D-06
    Relative loglikelihood change                        0.100D-06
    Derivative                                           0.100D-05
Optimization Specifications for the M step of the EM Algorithm for
Categorical Latent variables
  Number of M step iterations                                    1
  M step convergence criterion                           0.100D-05
  Basis for M step termination                           ITERATION
Optimization Specifications for the M step of the EM Algorithm for
Censored, Binary or Ordered Categorical (Ordinal), Unordered
Categorical (Nominal) and Count Outcomes
  Number of M step iterations                                    1
  M step convergence criterion                           0.100D-05
  Basis for M step termination                           ITERATION
  Maximum value for logit thresholds                            15
  Minimum value for logit thresholds                           -15
  Minimum expected cell size for chi-square              0.100D-01
Maximum number of iterations for H1                           2000
Convergence criterion for H1                             0.100D-03
Optimization algorithm                                         EMA
Random Starts Specifications
  Number of initial stage random starts                        100
  Number of final stage optimizations                           50
  Number of initial stage iterations                             5
  Initial stage convergence criterion                    0.100D+01
  Random starts scale                                    0.500D+01
  Random seed for generating random starts                     288
Link                                                         LOGIT

Input data file(s)
  LA_Dta_C3.dat
Input data format  FREE


SUMMARY OF DATA

     Number of missing data patterns            14
     Number of y missing data patterns           0
     Number of u missing data patterns          14
     Number of strata                          150
     Number of clusters                        328


COVARIANCE COVERAGE OF DATA

Minimum covariance coverage value   0.100


     PROPORTION OF DATA PRESENT FOR U


           Covariance Coverage
              GND1          GND2          GND4          GND6
              ________      ________      ________      ________
 GND1           0.996
 GND2           0.991         0.994
 GND4           0.988         0.987         0.990
 GND6           0.989         0.987         0.986         0.990


UNIVARIATE PROPORTIONS AND COUNTS FOR CATEGORICAL VARIABLES

    GND1
      Category 1    0.978        10221.525
      Category 2    0.022          229.775
    GND2
      Category 1    0.955         9953.270
      Category 2    0.045          470.876
    GND4
      Category 1    0.767         7948.473
      Category 2    0.233         2418.463
    GND6
      Category 1    0.773         8022.446
      Category 2    0.227         2359.405


RANDOM STARTS RESULTS RANKED FROM THE BEST TO THE WORST LOGLIKELIHOOD VALUES

Final stage loglikelihood values at local maxima, seeds, and initial stage start numbers:

          -14218.503  613990           76
          -14218.503  771335           51
          -14218.503  862516           26
          -14218.503  38078            64
          -14218.503  555689           32
          -14218.503  587107           65
          -14218.503  654184           66
          -14218.503  365939           33
          -14218.503  15050            67
          -14218.503  977786           68
          -14218.503  901673           34
          -14218.503  425103           69
          -14218.503  412035           70
          -14218.503  3314             35
          -14218.503  775133           71
          -14218.503  895954           86
          -14218.503  554174           85
          -14218.503  414035           84
          -14218.503  90128            72
          -14218.503  464721           82
          -14218.503  584751           81
          -14218.503  47928            36
          -14218.503  241342           73
          -14218.503  960487           74
          -14218.503  316890           37
          -14218.503  126667           38
          -14218.503  341151           77
          -14218.503  104144           78
          -14218.503  996880           39
          -14218.503  741179           79
          -14218.503  746482           80
          -14218.503  14535            40
          -14218.503  909049           41
          -14218.503  61168            83
          -14218.503  294873           42
          -14218.503  503835           43
          -14218.503  370680           94
          -14218.503  829916           15
          -14218.503  unperturbed      0
          -14218.503  514978           7
          -14218.503  704750           1
          -14218.503  615751           16
          -14218.503  339904           18
          -14218.503  21724            20
          -14218.503  867952           17
          -14218.503  426635           9
          -14218.503  578065           8
          -14218.503  504083           19
          -14218.503  682993           4
          -14218.503  609201           3



     WARNING:  THE VARIANCE CONTRIBUTION FROM A STRATUM WITH A SINGLE CLUSTER
     (PSU) IS BASED ON THE DIFFERENCE BETWEEN THE SINGLE CLUSTER VALUE AND
     THE OVERALL CLUSTER MEAN.


THE MODEL ESTIMATION TERMINATED NORMALLY



MODEL FIT INFORMATION

Number of Free Parameters                        4

Loglikelihood

          H0 Value                      -14218.503
          H0 Scaling Correction Factor      2.5248
            for MLR

Information Criteria

          Akaike (AIC)                   28445.006
          Bayesian (BIC)                 28474.040
          Sample-Size Adjusted BIC       28461.328
            (n* = (n + 2) / 24)

Chi-Square Test of Model Fit for the Binary and Ordered Categorical
(Ordinal) Outcomes

          Pearson Chi-Square

          Value                            635.206
          Degrees of Freedom                    11
          P-Value                           0.0000

          Likelihood Ratio Chi-Square

          Value                              0.000
          Degrees of Freedom                    11
          P-Value                           1.0000

Chi-Square Test for MCAR under the Unrestricted Latent Class Indicator Model

          Pearson Chi-Square

          Value                            114.717
          Degrees of Freedom                    47
          P-Value                           0.0000

          Likelihood Ratio Chi-Square

          Value                             73.762
          Degrees of Freedom                    47
          P-Value                           0.0076



FINAL CLASS COUNTS AND PROPORTIONS FOR THE LATENT CLASSES
BASED ON THE ESTIMATED MODEL

    Latent
   Classes

       1      10492.00000          1.00000


FINAL CLASS COUNTS AND PROPORTIONS FOR THE LATENT CLASSES
BASED ON ESTIMATED POSTERIOR PROBABILITIES

    Latent
   Classes

       1      10492.00000          1.00000


FINAL CLASS COUNTS AND PROPORTIONS FOR THE LATENT CLASSES
BASED ON THEIR MOST LIKELY LATENT CLASS MEMBERSHIP

Class Counts and Proportions

    Latent
   Classes

       1            10492          1.00000


Average Latent Class Probabilities for Most Likely Latent Class Membership (Row)
by Latent Class (Column)

           1

    1   1.000


Classification Probabilities for the Most Likely Latent Class Membership (Column)
by Latent Class (Row)

           1

    1   1.000


Logits for the Classification Probabilities for the Most Likely Latent Class Membership (Column)
by Latent Class (Row)

              1

    1      0.000


MODEL RESULTS

                                                    Two-Tailed
                    Estimate       S.E.  Est./S.E.    P-Value

Latent Class 1

 Thresholds
    GND1$1             3.795      0.090     42.098      0.000
    GND2$1             3.051      0.065     47.125      0.000
    GND4$1             1.190      0.042     28.400      0.000
    GND6$1             1.224      0.041     29.521      0.000


RESULTS IN PROBABILITY SCALE

Latent Class 1

 GND1
    Category 1         0.978      0.002    504.540      0.000
    Category 2         0.022      0.002     11.342      0.000
 GND2
    Category 1         0.955      0.003    341.927      0.000
    Category 2         0.045      0.003     16.176      0.000
 GND4
    Category 1         0.767      0.007    102.315      0.000
    Category 2         0.233      0.007     31.131      0.000
 GND6
    Category 1         0.773      0.007    106.139      0.000
    Category 2         0.227      0.007     31.215      0.000


QUALITY OF NUMERICAL RESULTS

     Condition Number for the Information Matrix              0.121E+00
       (ratio of smallest to largest eigenvalue)


MODEL COMMAND WITH FINAL ESTIMATES USED AS STARTING VALUES

     %OVERALL%

     %C#1%

     [ gnd1$1*3.79515 ];
     [ gnd2$1*3.05106 ];
     [ gnd4$1*1.18985 ];
     [ gnd6$1*1.22383 ];



TECHNICAL 10 OUTPUT


     MODEL FIT INFORMATION FOR THE LATENT CLASS INDICATOR MODEL PART


     RESPONSE PATTERNS

     No.  Pattern    No.  Pattern    No.  Pattern    No.  Pattern
       1  0000         2  0001         3  0010         4  0011
       5  0100         6  0101         7  0110         8  0111
       9  1000        10  1001        11  1010        12  1011
      13  1100        14  1101        15  1110        16  1111
      17  0*00        18  0*01        19  0*10        20  0*11
      21  1*01        22  0***        23  1***        24  *000
      25  *001        26  *011        27  *100        28  00*0
      29  00*1        30  01*0        31  01*1        32  10*1
      33  11*0        34  00**        35  01**        36  11**
      37  000*        38  001*        39  010*        40  011*
      41  101*        42  *00*        43  *01*        44  **00
      45  **11        46  *0**        47  0*0*        48  **1*
      49  0**1        50  ***0        51  ***1


     RESPONSE PATTERN FREQUENCIES AND CHI-SQUARE CONTRIBUTIONS

    Response          Frequency     Standardized  Chi-square Contribution
     Pattern    Observed  Estimated   Residual    Pearson   Loglikelihood  Deleted
                                     (z-score)
         1      6776.08    5694.62      12.03      99.72       112.34
         2       780.29    1674.79      -8.79      99.90     -1174.21
         3       847.77    1732.69      -8.82     100.00     -1212.65
         4      1341.85     509.58       8.25      99.65       243.59
         5       170.44     269.41      -4.91      36.22      -146.46
         6        38.24      79.23      -3.72      21.16       -52.83
         7        39.80      81.97      -3.76      21.69       -56.16
         8        75.14      24.11       8.05      99.92       175.88
         9        24.88     128.01      -7.38      83.09       -81.88
        10        16.38      37.65      -2.79      11.95       -25.18
        11        23.63      38.95      -1.98       6.03       -23.18
        12        26.82      11.46       3.65      20.60        46.96
        13        86.44       6.06       8.05      99.99       201.83
        14        13.36       1.78       6.98      75.19        55.27
        15        16.91       1.84       8.04     100.00        75.12
        16        14.68       0.54       8.04     100.00        96.90
        17         7.00      12.91      -2.04      -1.53         2.06
        18         3.80       3.80       0.00      -2.23        -5.69
        19         2.48       3.93      -0.65       0.38        -3.54
        20         7.31       1.16       4.73      27.17        14.53
        21         1.71       0.09       4.48      -8.52        -0.76
        22        31.79      33.08      -1.21       0.00         0.00
        23         2.03       0.74       1.21       0.01         0.01
        24         1.54       4.77      -1.80      -0.70         0.46
        25         2.25       1.40       0.63      -3.30        -3.38
        26         2.70       0.43       2.87       9.96         5.30
        27         1.95       0.23       2.95      -0.81        -0.19
        28        20.03      37.69      -4.38      -0.56         0.81
        29        27.94      11.09       4.59      -0.87        -0.81
        30         1.18       1.78      -0.37       0.20        -1.15
        31         2.03       0.52       1.68       0.87         0.52
        32         0.53       0.25       0.45      -0.08        -0.09
        33         0.53       0.04       1.95       5.87         2.71
        34         9.35      12.88      -3.07      -0.08         0.23
        35         3.33       0.61       2.87      -6.49        -2.07
        36         1.10       0.01       7.48      81.69         5.66
        37        15.96      24.19      -2.53      -0.29         0.65
        38        11.28       7.36       1.31      -0.14        -0.31
        39         4.24       1.14       2.37      -9.30        -4.09
        40         1.52       0.35       1.61       0.64         0.33
        41         0.79       0.17       1.24       0.07         0.03
        42         1.93       2.03      -0.11       0.00         0.01
        43         0.85       0.62       0.26      -0.01        -0.02
        44         0.63       0.83      -0.27      -0.06         0.18
        45         0.76       0.07       2.09       4.83         1.52
        46        20.42      19.50       0.79       0.00        -0.01
        47         1.37       1.03       0.54       0.00         0.01
        48         4.18       0.98       2.98       0.08         0.04
        49         1.32       0.29       1.73      -0.04        -0.02
        50         1.18       2.69      -1.56       0.00         0.00
        51         2.31       0.79       1.56       0.01         0.01

     THE TOTAL PEARSON CHI-SQUARE CONTRIBUTION FROM EMPTY CELLS IS         1.60


     UNIVARIATE MODEL FIT INFORMATION

                               Estimated Probabilities
                                                  Standardized
     Variable              H1           H0          Residual
                                                   (z-score)
     GND1
       Category 1        0.978        0.978          -0.019
       Category 2        0.022        0.022           0.019
       Univariate Pearson Chi-Square                  0.001
       Univariate Log-Likelihood Chi-Square           0.001
     GND2
       Category 1        0.955        0.955          -0.054
       Category 2        0.045        0.045           0.054
       Univariate Pearson Chi-Square                  0.005
       Univariate Log-Likelihood Chi-Square           0.005
     GND4
       Category 1        0.766        0.767          -0.214
       Category 2        0.234        0.233           0.214
       Univariate Pearson Chi-Square                  0.071
       Univariate Log-Likelihood Chi-Square           0.071
     GND6
       Category 1        0.772        0.773          -0.096
       Category 2        0.228        0.227           0.096
       Univariate Pearson Chi-Square                  0.014
       Univariate Log-Likelihood Chi-Square           0.014

       Overall Univariate Pearson Chi-Square                         0.090
       Overall Univariate Log-Likelihood Chi-Square                  0.090


     BIVARIATE MODEL FIT INFORMATION

                                              Estimated Probabilities
                                                                 Standardized
     Variable       Variable              H1           H0          Residual
                                                                  (z-score)
     GND1           GND2
       Category 1     Category 1        0.946        0.934           3.902
       Category 1     Category 2        0.032        0.044          -4.734
       Category 2     Category 1        0.009        0.021          -6.845
       Category 2     Category 2        0.013        0.001          31.243
       Bivariate Pearson Chi-Square                               1612.604
       Bivariate Log-Likelihood Chi-Square                         574.531
     GND1           GND4
       Category 1     Category 1        0.752        0.750           0.343
       Category 1     Category 2        0.226        0.228          -0.361
       Category 2     Category 1        0.014        0.017          -1.858
       Category 2     Category 2        0.008        0.005           3.388
       Bivariate Pearson Chi-Square                                 23.100
       Bivariate Log-Likelihood Chi-Square                          20.784
     GND1           GND6
       Category 1     Category 1        0.757        0.756           0.316
       Category 1     Category 2        0.221        0.222          -0.333
       Category 2     Category 1        0.015        0.017          -1.361
       Category 2     Category 2        0.007        0.005           2.534
       Bivariate Pearson Chi-Square                                 12.859
       Bivariate Log-Likelihood Chi-Square                          11.804
     GND2           GND4
       Category 1     Category 1        0.735        0.732           0.518
       Category 1     Category 2        0.220        0.223          -0.579
       Category 2     Category 1        0.031        0.035          -1.751
       Category 2     Category 2        0.015        0.011           3.245
       Bivariate Pearson Chi-Square                                 21.190
       Bivariate Log-Likelihood Chi-Square                          19.643
     GND2           GND6
       Category 1     Category 1        0.741        0.738           0.621
       Category 1     Category 2        0.214        0.217          -0.690
       Category 2     Category 1        0.031        0.035          -1.707
       Category 2     Category 2        0.014        0.010           3.220
       Bivariate Pearson Chi-Square                                 20.934
       Bivariate Log-Likelihood Chi-Square                          19.393
     GND4           GND6
       Category 1     Category 1        0.682        0.592          15.015
       Category 1     Category 2        0.084        0.174         -19.689
       Category 2     Category 1        0.090        0.180         -19.298
       Category 2     Category 2        0.144        0.053          33.512
       Bivariate Pearson Chi-Square                               2752.157
       Bivariate Log-Likelihood Chi-Square                        2441.240

       Overall Bivariate Pearson Chi-Square                       4442.844
       Overall Bivariate Log-Likelihood Chi-Square                3087.396


SAVEDATA INFORMATION


  Save file
    LA_Prob_C3cl1.dat

  Order and format of variables

    GND1           F10.3
    GND2           F10.3
    GND4           F10.3
    GND6           F10.3
    CPROB1         F10.3
    C              F10.3
    WS             F10.3
    IDSTUD         I9
    ID_S           I4
    ID_J           I4

  Save file format
    7F10.3 I9 2I4

  Save file record length    10000

  Save missing symbol        *


     Beginning Time:  11:27:16
        Ending Time:  11:27:18
       Elapsed Time:  00:00:02



MUTHEN & MUTHEN
3463 Stoner Ave.
Los Angeles, CA  90066

Tel: (310) 391-9971
Fax: (310) 391-8971
Web: www.StatModel.com
Support: Support@StatModel.com

Copyright (c) 1998-2020 Muthen & Muthen
