Mplus VERSION 8.5 (Mac)
MUTHEN & MUTHEN
03/22/2021  11:27 AM

INPUT INSTRUCTIONS

  TITLE: LCA C3 LA with 4 classes;
  DATA:
  FILE = LA_Dta_C3.dat;

  VARIABLE:
  NAMES = id_i
  id_j
  id_r
  id_s
  id_k
  wt
  ws
  GND1
  GND2
  GND4
  GND6
  IDSTUD;
  IDVARIABLE = IDSTUD;
  USEVARIABLES = GND1
  GND2
  GND4
  GND6;
  CATEGORICAL = GND1
  GND2
  GND4
  GND6;
  MISSING = .;
  CLASSES = c(4);
  WEIGHT = ws;
  STRATIFICATION = id_s;
  CLUSTER = id_j;

  ANALYSIS:
  TYPE = COMPLEX MIXTURE;
  PROCESSORS = 4;
  STARTS = 100 50;
  STITERATIONS = 5;
  STSEED = 288;

  OUTPUT:
  TECH10
  TECH11
  TECH14;
  SVALUES
  ;

  SAVEDATA:
  FILE = LA_Prob_C3cl4.dat;
  SAVE = CPROBABILITIES;



*** WARNING in OUTPUT command
  TECH14 option is not available for TYPE=MIXTURE COMPLEX.
  Request for TECH14 is ignored.
*** WARNING
  Data set contains cases with missing on all variables.
  These cases were not included in the analysis.
  Number of cases with missing on all variables:  198
   2 WARNING(S) FOUND IN THE INPUT INSTRUCTIONS



LCA C3 LA with 4 classes;

SUMMARY OF ANALYSIS

Number of groups                                                 1
Number of observations                                       10492

Number of dependent variables                                    4
Number of independent variables                                  0
Number of continuous latent variables                            0
Number of categorical latent variables                           1

Observed dependent variables

  Binary and ordered categorical (ordinal)
   GND1        GND2        GND4        GND6

Categorical latent variables
   C

Variables with special functions

  Stratification        ID_S
  Cluster variable      ID_J
  Weight variable       WS
  ID variable           IDSTUD

Estimator                                                      MLR
Information matrix                                        OBSERVED
Optimization Specifications for the Quasi-Newton Algorithm for
Continuous Outcomes
  Maximum number of iterations                                 100
  Convergence criterion                                  0.100D-05
Optimization Specifications for the EM Algorithm
  Maximum number of iterations                                 500
  Convergence criteria
    Loglikelihood change                                 0.100D-06
    Relative loglikelihood change                        0.100D-06
    Derivative                                           0.100D-05
Optimization Specifications for the M step of the EM Algorithm for
Categorical Latent variables
  Number of M step iterations                                    1
  M step convergence criterion                           0.100D-05
  Basis for M step termination                           ITERATION
Optimization Specifications for the M step of the EM Algorithm for
Censored, Binary or Ordered Categorical (Ordinal), Unordered
Categorical (Nominal) and Count Outcomes
  Number of M step iterations                                    1
  M step convergence criterion                           0.100D-05
  Basis for M step termination                           ITERATION
  Maximum value for logit thresholds                            15
  Minimum value for logit thresholds                           -15
  Minimum expected cell size for chi-square              0.100D-01
Maximum number of iterations for H1                           2000
Convergence criterion for H1                             0.100D-03
Optimization algorithm                                         EMA
Random Starts Specifications
  Number of initial stage random starts                        100
  Number of final stage optimizations                           50
  Number of initial stage iterations                             5
  Initial stage convergence criterion                    0.100D+01
  Random starts scale                                    0.500D+01
  Random seed for generating random starts                     288
Link                                                         LOGIT

Input data file(s)
  LA_Dta_C3.dat
Input data format  FREE


SUMMARY OF DATA

     Number of missing data patterns            14
     Number of y missing data patterns           0
     Number of u missing data patterns          14
     Number of strata                          150
     Number of clusters                        328


COVARIANCE COVERAGE OF DATA

Minimum covariance coverage value   0.100


     PROPORTION OF DATA PRESENT FOR U


           Covariance Coverage
              GND1          GND2          GND4          GND6
              ________      ________      ________      ________
 GND1           0.996
 GND2           0.991         0.994
 GND4           0.988         0.987         0.990
 GND6           0.989         0.987         0.986         0.990


UNIVARIATE PROPORTIONS AND COUNTS FOR CATEGORICAL VARIABLES

    GND1
      Category 1    0.978        10221.525
      Category 2    0.022          229.775
    GND2
      Category 1    0.955         9953.270
      Category 2    0.045          470.876
    GND4
      Category 1    0.767         7948.473
      Category 2    0.233         2418.463
    GND6
      Category 1    0.773         8022.446
      Category 2    0.227         2359.405


RANDOM STARTS RESULTS RANKED FROM THE BEST TO THE WORST LOGLIKELIHOOD VALUES

Final stage loglikelihood values at local maxima, seeds, and initial stage start numbers:

          -12687.182  703404           63
          -12687.182  909049           41
          -12687.182  339904           18
          -12687.182  426635           9
          -12687.182  14535            40
          -12687.182  883238           52
          -12687.368  504083           19
          -12687.452  454330           14
          -12687.452  862516           26
          -12687.949  219014           75
          -12687.949  247466           56
          -12687.949  117896           87
          -12687.949  902664           49
          -12687.954  325682           54
          -12688.570  692367           5
          -12688.570  867952           17
          -12688.570  320296           22
          -12692.538  584751           81
          -12692.594  90128            72
          -12692.597  267084           27
          -12692.601  199816           11
          -12692.604  986227           24
          -12692.837  609201           3
          -12692.837  514978           7
          -12692.842  682993           4

25 perturbed starting value run(s) did not converge or were rejected in the third stage.



THE BEST LOGLIKELIHOOD VALUE HAS BEEN REPLICATED.  RERUN WITH AT LEAST TWICE THE
RANDOM STARTS TO CHECK THAT THE BEST LOGLIKELIHOOD IS STILL OBTAINED AND REPLICATED.


     WARNING:  THE VARIANCE CONTRIBUTION FROM A STRATUM WITH A SINGLE CLUSTER
     (PSU) IS BASED ON THE DIFFERENCE BETWEEN THE SINGLE CLUSTER VALUE AND
     THE OVERALL CLUSTER MEAN.

     ONE OR MORE PARAMETERS WERE FIXED TO AVOID SINGULARITY OF THE
     INFORMATION MATRIX. THE SINGULARITY IS MOST LIKELY BECAUSE THE
     MODEL IS NOT IDENTIFIED, OR BECAUSE OF EMPTY CELLS IN THE JOINT
     DISTRIBUTION OF THE CATEGORICAL VARIABLES IN THE MODEL.
     THE FOLLOWING PARAMETERS WERE FIXED:
     Parameter 15, %C#4%: [ GND4$1 ]
     Parameter 16, %C#4%: [ GND6$1 ]
     Parameter 17, [ C#1 ]
     Parameter 19, [ C#3 ]


THE MODEL ESTIMATION TERMINATED NORMALLY



MODEL FIT INFORMATION

Number of Free Parameters                       19

Loglikelihood

          H0 Value                      -12687.182
          H0 Scaling Correction Factor      1.1917
            for MLR

Information Criteria

          Akaike (AIC)                   25412.364
          Bayesian (BIC)                 25550.273
          Sample-Size Adjusted BIC       25489.894
            (n* = (n + 2) / 24)

Chi-Square Test of Model Fit for the Binary and Ordered Categorical
(Ordinal) Outcomes

          Pearson Chi-Square

          Value                              0.000
          Degrees of freedom cannot be computed for this model part.

          Likelihood Ratio Chi-Square

          Value                              0.000
          Degrees of freedom cannot be computed for this model part.

Chi-Square Test for MCAR under the Unrestricted Latent Class Indicator Model

          Pearson Chi-Square

          Value                            114.717
          Degrees of Freedom                    47
          P-Value                           0.0000

          Likelihood Ratio Chi-Square

          Value                             73.762
          Degrees of Freedom                    47
          P-Value                           0.0076



FINAL CLASS COUNTS AND PROPORTIONS FOR THE LATENT CLASSES
BASED ON THE ESTIMATED MODEL

    Latent
   Classes

       1        265.77861          0.02533
       2        429.34563          0.04092
       3       8241.31526          0.78549
       4       1555.56049          0.14826


FINAL CLASS COUNTS AND PROPORTIONS FOR THE LATENT CLASSES
BASED ON ESTIMATED POSTERIOR PROBABILITIES

    Latent
   Classes

       1        265.77861          0.02533
       2        429.34563          0.04092
       3       8241.31526          0.78549
       4       1555.56049          0.14826


FINAL CLASS COUNTS AND PROPORTIONS FOR THE LATENT CLASSES
BASED ON THEIR MOST LIKELY LATENT CLASS MEMBERSHIP

Class Counts and Proportions

    Latent
   Classes

       1              269          0.02566
       2              223          0.02128
       3             8524          0.81242
       4             1476          0.14064


CLASSIFICATION QUALITY

     Entropy                         0.853


Average Latent Class Probabilities for Most Likely Latent Class Membership (Row)
by Latent Class (Column)

           1        2        3        4

    1   0.797    0.101    0.099    0.003
    2   0.162    0.754    0.042    0.042
    3   0.002    0.015    0.954    0.029
    4   0.000    0.069    0.051    0.880


Classification Probabilities for the Most Likely Latent Class Membership (Column)
by Latent Class (Row)

           1        2        3        4

    1   0.808    0.136    0.054    0.002
    2   0.063    0.392    0.307    0.237
    3   0.003    0.001    0.987    0.009
    4   0.000    0.006    0.159    0.834


Logits for the Classification Probabilities for the Most Likely Latent Class Membership (Column)
by Latent Class (Row)

              1        2        3        4

    1      5.820    4.042    3.106    0.000
    2     -1.322    0.502    0.259    0.000
    3     -1.036   -2.080    4.684    0.000
    4     -7.504   -4.940   -1.657    0.000


MODEL RESULTS

                                                    Two-Tailed
                    Estimate       S.E.  Est./S.E.    P-Value

Latent Class 1

 Thresholds
    GND1$1             0.496      5.284      0.094      0.925
    GND2$1            -2.418     38.648     -0.063      0.950
    GND4$1             2.788      2.188      1.274      0.203
    GND6$1             2.706      1.738      1.557      0.119

Latent Class 2

 Thresholds
    GND1$1             0.878      1.281      0.685      0.493
    GND2$1             0.645      1.074      0.600      0.548
    GND4$1            -0.495      0.642     -0.771      0.441
    GND6$1            -0.175      0.692     -0.252      0.801

Latent Class 3

 Thresholds
    GND1$1             7.544     79.281      0.095      0.924
    GND2$1             5.544     27.638      0.201      0.841
    GND4$1             2.145      0.080     26.762      0.000
    GND6$1             2.554      0.099     25.710      0.000

Latent Class 4

 Thresholds
    GND1$1            10.208    632.047      0.016      0.987
    GND2$1             3.375      1.018      3.313      0.001
    GND4$1            -1.690      0.000    999.000    999.000
    GND6$1            -4.979      0.000    999.000    999.000

Categorical Latent Variables

 Means
    C#1               -1.767      0.000    999.000    999.000
    C#2               -1.287      0.669     -1.923      0.054
    C#3                1.667      0.000    999.000    999.000


RESULTS IN PROBABILITY SCALE

Latent Class 1

 GND1
    Category 1         0.622      1.243      0.500      0.617
    Category 2         0.378      1.243      0.304      0.761
 GND2
    Category 1         0.082      2.904      0.028      0.978
    Category 2         0.918      2.904      0.316      0.752
 GND4
    Category 1         0.942      0.120      7.881      0.000
    Category 2         0.058      0.120      0.485      0.628
 GND6
    Category 1         0.937      0.102      9.192      0.000
    Category 2         0.063      0.102      0.614      0.539

Latent Class 2

 GND1
    Category 1         0.706      0.266      2.659      0.008
    Category 2         0.294      0.266      1.105      0.269
 GND2
    Category 1         0.656      0.242      2.705      0.007
    Category 2         0.344      0.242      1.419      0.156
 GND4
    Category 1         0.379      0.151      2.507      0.012
    Category 2         0.621      0.151      4.112      0.000
 GND6
    Category 1         0.456      0.172      2.658      0.008
    Category 2         0.544      0.172      3.165      0.002

Latent Class 3

 GND1
    Category 1         0.999      0.042     23.854      0.000
    Category 2         0.001      0.042      0.013      0.990
 GND2
    Category 1         0.996      0.107      9.284      0.000
    Category 2         0.004      0.107      0.036      0.971
 GND4
    Category 1         0.895      0.008    119.034      0.000
    Category 2         0.105      0.008     13.939      0.000
 GND6
    Category 1         0.928      0.007    139.513      0.000
    Category 2         0.072      0.007     10.849      0.000

Latent Class 4

 GND1
    Category 1         1.000      0.023     42.918      0.000
    Category 2         0.000      0.023      0.002      0.999
 GND2
    Category 1         0.967      0.033     29.664      0.000
    Category 2         0.033      0.033      1.015      0.310
 GND4
    Category 1         0.156      0.000      0.000      1.000
    Category 2         0.844      0.000      0.000      1.000
 GND6
    Category 1         0.007      0.000      0.000      1.000
    Category 2         0.993      0.000      0.000      1.000


LATENT CLASS ODDS RATIO RESULTS

                                                95% C.I.
                    Estimate       S.E.  Lower 2.5% Upper 2.5%

Latent Class 1 Compared to Latent Class 2

 GND1
    Category > 1       1.465      5.955      0.001   4225.727
 GND2
    Category > 1      21.382    808.077      0.000  *********
 GND4
    Category > 1       0.038      0.072      0.001      1.625
 GND6
    Category > 1       0.056      0.083      0.003      1.008

Latent Class 1 Compared to Latent Class 3

 GND1
    Category > 1    1150.705  97266.508      0.000  *********
 GND2
    Category > 1    2867.171  *********      0.000  *********
 GND4
    Category > 1       0.526      1.138      0.008     36.656
 GND6
    Category > 1       0.859      1.452      0.031     23.626

Latent Class 1 Compared to Latent Class 4

 GND1
    Category > 1   16513.115  *********      0.000  *********
 GND2
    Category > 1     327.702  12970.003      0.000  *********
 GND4
    Category > 1       0.011      0.025      0.000      0.828
 GND6
    Category > 1       0.000      0.001      0.000      0.014

Latent Class 2 Compared to Latent Class 3

 GND1
    Category > 1     785.454  63239.727      0.000  *********
 GND2
    Category > 1     134.095   3828.970      0.000  *********
 GND4
    Category > 1      14.005      8.436      4.301     45.606
 GND6
    Category > 1      15.313     10.667      3.909     59.981

Latent Class 2 Compared to Latent Class 4

 GND1
    Category > 1   11271.593  *********      0.000  *********
 GND2
    Category > 1      15.326     30.449      0.312    752.572
 GND4
    Category > 1       0.303      0.194      0.086      1.066
 GND6
    Category > 1       0.008      0.006      0.002      0.032

Latent Class 3 Compared to Latent Class 4

 GND1
    Category > 1      14.350   8192.018      0.000  *********
 GND2
    Category > 1       0.114      3.052      0.000  *********
 GND4
    Category > 1       0.022      0.002      0.018      0.025
 GND6
    Category > 1       0.001      0.000      0.000      0.001


QUALITY OF NUMERICAL RESULTS

     Condition Number for the Information Matrix              0.591E-08
       (ratio of smallest to largest eigenvalue)


MODEL COMMAND WITH FINAL ESTIMATES USED AS STARTING VALUES

     %OVERALL%

     [ c#1*-1.76693 ];
     [ c#2*-1.28733 ];
     [ c#3*1.66732 ];

     %C#1%

     [ gnd1$1*0.49631 ];
     [ gnd2$1*-2.41753 ];
     [ gnd4$1*2.78793 ];
     [ gnd6$1*2.70619 ];

     %C#2%

     [ gnd1$1*0.87817 ];
     [ gnd2$1*0.64500 ];
     [ gnd4$1*-0.49470 ];
     [ gnd6$1*-0.17460 ];

     %C#3%

     [ gnd1$1*7.54444 ];
     [ gnd2$1*5.54356 ];
     [ gnd4$1*2.14471 ];
     [ gnd6$1*2.55407 ];

     %C#4%

     [ gnd1$1*10.20822 ];
     [ gnd2$1*3.37458 ];
     [ gnd4$1*-1.68951 ];
     [ gnd6$1*-4.97861 ];



TECHNICAL 10 OUTPUT


     MODEL FIT INFORMATION FOR THE LATENT CLASS INDICATOR MODEL PART


     RESPONSE PATTERNS

     No.  Pattern    No.  Pattern    No.  Pattern    No.  Pattern
       1  0000         2  0001         3  0010         4  0011
       5  0100         6  0101         7  0110         8  0111
       9  1000        10  1001        11  1010        12  1011
      13  1100        14  1101        15  1110        16  1111
      17  0*00        18  0*01        19  0*10        20  0*11
      21  1*01        22  0***        23  1***        24  *000
      25  *001        26  *011        27  *100        28  00*0
      29  00*1        30  01*0        31  01*1        32  10*1
      33  11*0        34  00**        35  01**        36  11**
      37  000*        38  001*        39  010*        40  011*
      41  101*        42  *00*        43  *01*        44  **00
      45  **11        46  *0**        47  0*0*        48  **1*
      49  0**1        50  ***0        51  ***1


     RESPONSE PATTERN FREQUENCIES AND CHI-SQUARE CONTRIBUTIONS

    Response          Frequency     Standardized  Chi-square Contribution
     Pattern    Observed  Estimated   Residual    Pearson   Loglikelihood  Deleted
                                     (z-score)
         1      6776.08    6732.39       0.73       0.00         0.00
         2       780.29     789.21      -0.27       0.00         0.00
         3       847.77     847.45       0.01       0.00         0.00
         4      1341.85    1363.82      -0.51       0.00         0.00
         5       170.44     175.31      -0.30       0.00         0.00
         6        38.24      39.71      -0.19       0.00         0.00
         7        39.80      40.48      -0.09       0.00         0.00
         8        75.14      77.70      -0.23       0.00         0.00
         9        24.88      24.69       0.03       0.00         0.00
        10        16.38      17.46      -0.21       0.00         0.00
        11        23.63      23.85      -0.04       0.00         0.00
        12        26.82      27.49      -0.10       0.00         0.00
        13        86.44      87.36      -0.08       0.00         0.00
        14        13.36      14.10      -0.16       0.00         0.00
        15        16.91      16.99      -0.02       0.00         0.00
        16        14.68      14.70       0.00       0.00         0.00
        17         7.00      14.96      -2.89       0.00         0.00
        18         3.80       1.79       1.25       0.00         0.00
        19         2.48       1.92       0.34       0.00         0.00
        20         7.31       3.12       2.06       0.00         0.00
        21         1.71       0.07       5.06       0.00         0.00
        22        31.79      33.07      -1.21       0.00         0.00
        23         2.03       0.74       1.21       0.00         0.00
        24         1.54       5.54      -2.33       0.00         0.00
        25         2.25       0.66       1.63       0.00         0.00
        26         2.70       1.14       1.26       0.00         0.00
        27         1.95       0.22       3.04       0.00         0.00
        28        20.03      38.47      -4.66       0.00         0.00
        29        27.94      10.93       4.66       0.00         0.00
        30         1.18       1.10       0.06       0.00         0.00
        31         2.03       0.60       1.50       0.00         0.00
        32         0.53       0.23       0.50       0.00         0.00
        33         0.53       0.53       0.00       0.00         0.00
        34         9.35      13.04      -3.52       0.00         0.00
        35         3.33       0.45       3.54       0.00         0.00
        36         1.10       0.18       1.77       0.00         0.00
        37        15.96      24.69      -2.72       0.00         0.00
        38        11.28       7.26       1.36       0.00         0.00
        39         4.24       0.71       3.42       0.00         0.00
        40         1.52       0.39       1.47       0.00         0.00
        41         0.79       0.17       1.22       0.00         0.00
        42         1.93       2.04      -0.12       0.00         0.00
        43         0.85       0.61       0.27       0.00         0.00
        44         0.63       0.95      -0.46       0.00         0.00
        45         0.76       0.20       1.09       0.00         0.00
        46        20.42      19.49       0.79       0.00         0.00
        47         1.37       1.03       0.54       0.00         0.00
        48         4.18       0.98       2.97       0.00         0.00
        49         1.32       0.29       1.73       0.00         0.00
        50         1.18       2.69      -1.55       0.00         0.00
        51         2.31       0.79       1.55       0.00         0.00

     THE TOTAL PEARSON CHI-SQUARE CONTRIBUTION FROM EMPTY CELLS IS         0.00


     UNIVARIATE MODEL FIT INFORMATION

                               Estimated Probabilities
                                                  Standardized
     Variable              H1           H0          Residual
                                                   (z-score)
     GND1
       Category 1        0.978        0.978           0.000
       Category 2        0.022        0.022           0.000
       Univariate Pearson Chi-Square                  0.000
       Univariate Log-Likelihood Chi-Square           0.000
     GND2
       Category 1        0.955        0.955           0.000
       Category 2        0.045        0.045           0.000
       Univariate Pearson Chi-Square                  0.000
       Univariate Log-Likelihood Chi-Square           0.000
     GND4
       Category 1        0.766        0.766           0.000
       Category 2        0.234        0.234           0.000
       Univariate Pearson Chi-Square                  0.000
       Univariate Log-Likelihood Chi-Square           0.000
     GND6
       Category 1        0.772        0.772           0.000
       Category 2        0.228        0.228           0.000
       Univariate Pearson Chi-Square                  0.000
       Univariate Log-Likelihood Chi-Square           0.000

       Overall Univariate Pearson Chi-Square                         0.000
       Overall Univariate Log-Likelihood Chi-Square                  0.000


     BIVARIATE MODEL FIT INFORMATION

                                              Estimated Probabilities
                                                                 Standardized
     Variable       Variable              H1           H0          Residual
                                                                  (z-score)
     GND1           GND2
       Category 1     Category 1        0.946        0.946           0.000
       Category 1     Category 2        0.032        0.032           0.000
       Category 2     Category 1        0.009        0.009           0.000
       Category 2     Category 2        0.013        0.013           0.000
       Bivariate Pearson Chi-Square                                  0.000
       Bivariate Log-Likelihood Chi-Square                           0.000
     GND1           GND4
       Category 1     Category 1        0.752        0.752           0.000
       Category 1     Category 2        0.226        0.226           0.000
       Category 2     Category 1        0.014        0.014           0.000
       Category 2     Category 2        0.008        0.008           0.000
       Bivariate Pearson Chi-Square                                  0.000
       Bivariate Log-Likelihood Chi-Square                           0.000
     GND1           GND6
       Category 1     Category 1        0.757        0.757           0.000
       Category 1     Category 2        0.221        0.221           0.000
       Category 2     Category 1        0.015        0.015           0.000
       Category 2     Category 2        0.007        0.007           0.000
       Bivariate Pearson Chi-Square                                  0.000
       Bivariate Log-Likelihood Chi-Square                           0.000
     GND2           GND4
       Category 1     Category 1        0.735        0.735           0.000
       Category 1     Category 2        0.220        0.220           0.000
       Category 2     Category 1        0.031        0.031           0.000
       Category 2     Category 2        0.015        0.015           0.000
       Bivariate Pearson Chi-Square                                  0.000
       Bivariate Log-Likelihood Chi-Square                           0.000
     GND2           GND6
       Category 1     Category 1        0.741        0.741           0.000
       Category 1     Category 2        0.214        0.214           0.000
       Category 2     Category 1        0.031        0.031           0.000
       Category 2     Category 2        0.014        0.014           0.000
       Bivariate Pearson Chi-Square                                  0.000
       Bivariate Log-Likelihood Chi-Square                           0.000
     GND4           GND6
       Category 1     Category 1        0.682        0.682           0.000
       Category 1     Category 2        0.084        0.084           0.000
       Category 2     Category 1        0.090        0.090           0.000
       Category 2     Category 2        0.144        0.144           0.000
       Bivariate Pearson Chi-Square                                  0.000
       Bivariate Log-Likelihood Chi-Square                           0.000

       Overall Bivariate Pearson Chi-Square                          0.000
       Overall Bivariate Log-Likelihood Chi-Square                   0.000


TECHNICAL 11 OUTPUT

     Random Starts Specifications for the k-1 Class Analysis Model
        Number of initial stage random starts                 100
        Number of final stage optimizations                    50



     VUONG-LO-MENDELL-RUBIN LIKELIHOOD RATIO TEST FOR 3 (H0) VERSUS 4 CLASSES

          H0 Loglikelihood Value                       -12693.026
          2 Times the Loglikelihood Difference             11.688
          Difference in the Number of Parameters                5
          Mean                                              5.755
          Standard Deviation                               33.539
          P-Value                                          0.3936

     LO-MENDELL-RUBIN ADJUSTED LRT TEST

          Value                                            11.441
          P-Value                                          0.3976


SAVEDATA INFORMATION


  Save file
    LA_Prob_C3cl4.dat

  Order and format of variables

    GND1           F10.3
    GND2           F10.3
    GND4           F10.3
    GND6           F10.3
    CPROB1         F10.3
    CPROB2         F10.3
    CPROB3         F10.3
    CPROB4         F10.3
    C              F10.3
    WS             F10.3
    IDSTUD         I9
    ID_S           I4
    ID_J           I4

  Save file format
    10F10.3 I9 2I4

  Save file record length    10000

  Save missing symbol        *


     Beginning Time:  11:27:23
        Ending Time:  11:27:24
       Elapsed Time:  00:00:01



MUTHEN & MUTHEN
3463 Stoner Ave.
Los Angeles, CA  90066

Tel: (310) 391-9971
Fax: (310) 391-8971
Web: www.StatModel.com
Support: Support@StatModel.com

Copyright (c) 1998-2020 Muthen & Muthen
