Mplus VERSION 8.5 (Mac)
MUTHEN & MUTHEN
03/22/2021  12:38 PM

INPUT INSTRUCTIONS

  TITLE:C.Hom MG Country LCA LA C3 with 2 classes;
  DATA:
  FILE = LA_DtaC3.dat;

  VARIABLE:
  NAMES = id_i
  id_j
  id_r
  id_s
  id_k
  wt
  ws
  GND1
  GND2
  GND4
  GND6
  IDSTUD;
  IDVARIABLE = IDSTUD;
  USEVARIABLES = GND1
  GND2
  GND4
  GND6;
  CATEGORICAL = GND1
  GND2
  GND4
  GND6;
  MISSING = .;
  CLASSES = g(2) c(2);
  KNOWNCLASS = g(id_k =
    2  !     CHL 1
    3  !     COL 2
  );
  WEIGHT = ws;
  STRATIFICATION = id_s;
  CLUSTER = id_j;

  ANALYSIS:
  TYPE = COMPLEX MIXTURE;
  PROCESSORS = 4;
  STARTS = 100 50;
  STITERATIONS = 5;
  STSEED = 288;

  MODEL:
  %OVERALL%
  Model c:

                      %c#1%
   [GND1$1-GND6$1] (91-94);
                      %c#2%
           [GND1$1-GND6$1];

  OUTPUT:
  TECH10
  SVALUES
  ;

  SAVEDATA:
  FILE = LA_Prob_MGCntry_C3cl2CHom.dat;
  SAVE = CPROBABILITIES;



*** WARNING
  Data set contains cases with missing on all variables.
  These cases were not included in the analysis.
  Number of cases with missing on all variables:  198
   1 WARNING(S) FOUND IN THE INPUT INSTRUCTIONS



C.Hom MG Country LCA LA C3 with 2 classes;

SUMMARY OF ANALYSIS

Number of groups                                                 1
Number of observations                                       10492

Number of dependent variables                                    4
Number of independent variables                                  0
Number of continuous latent variables                            0
Number of categorical latent variables                           2

Observed dependent variables

  Binary and ordered categorical (ordinal)
   GND1        GND2        GND4        GND6

Categorical latent variables
   G           C

  Knownclass            G

Variables with special functions

  Stratification        ID_S
  Cluster variable      ID_J
  Weight variable       WS
  ID variable           IDSTUD

Estimator                                                      MLR
Information matrix                                        OBSERVED
Optimization Specifications for the Quasi-Newton Algorithm for
Continuous Outcomes
  Maximum number of iterations                                 100
  Convergence criterion                                  0.100D-05
Optimization Specifications for the EM Algorithm
  Maximum number of iterations                                 500
  Convergence criteria
    Loglikelihood change                                 0.100D-06
    Relative loglikelihood change                        0.100D-06
    Derivative                                           0.100D-05
Optimization Specifications for the M step of the EM Algorithm for
Categorical Latent variables
  Number of M step iterations                                    1
  M step convergence criterion                           0.100D-05
  Basis for M step termination                           ITERATION
Optimization Specifications for the M step of the EM Algorithm for
Censored, Binary or Ordered Categorical (Ordinal), Unordered
Categorical (Nominal) and Count Outcomes
  Number of M step iterations                                    1
  M step convergence criterion                           0.100D-05
  Basis for M step termination                           ITERATION
  Maximum value for logit thresholds                            15
  Minimum value for logit thresholds                           -15
  Minimum expected cell size for chi-square              0.100D-01
Maximum number of iterations for H1                           2000
Convergence criterion for H1                             0.100D-03
Optimization algorithm                                         EMA
Random Starts Specifications
  Number of initial stage random starts                        100
  Number of final stage optimizations                           50
  Number of initial stage iterations                             5
  Initial stage convergence criterion                    0.100D+01
  Random starts scale                                    0.500D+01
  Random seed for generating random starts                     288
Parameterization                                             LOGIT
Link                                                         LOGIT

Input data file(s)
  LA_DtaC3.dat
Input data format  FREE


SUMMARY OF DATA

     Number of missing data patterns            14
     Number of y missing data patterns           0
     Number of u missing data patterns          14
     Number of strata                          150
     Number of clusters                        328


COVARIANCE COVERAGE OF DATA

Minimum covariance coverage value   0.100


     PROPORTION OF DATA PRESENT FOR U


           Covariance Coverage
              GND1          GND2          GND4          GND6
              ________      ________      ________      ________
 GND1           0.996
 GND2           0.991         0.994
 GND4           0.988         0.987         0.990
 GND6           0.989         0.987         0.986         0.990


UNIVARIATE PROPORTIONS AND COUNTS FOR CATEGORICAL VARIABLES

    GND1
      Category 1    0.978        10221.525
      Category 2    0.022          229.775
    GND2
      Category 1    0.955         9953.270
      Category 2    0.045          470.876
    GND4
      Category 1    0.767         7948.473
      Category 2    0.233         2418.463
    GND6
      Category 1    0.773         8022.446
      Category 2    0.227         2359.405


RANDOM STARTS RESULTS RANKED FROM THE BEST TO THE WORST LOGLIKELIHOOD VALUES

Final stage loglikelihood values at local maxima, seeds, and initial stage start numbers:

          -20256.860  986227           24
          -20256.860  14535            40
          -20256.860  682993           4
          -20256.860  937752           88
          -20256.860  426635           9
          -20256.860  201485           44
          -20256.860  267084           27
          -20256.860  247466           56
          -20256.860  578065           8
          -20256.860  58551            12
          -20256.860  838965           95
          -20256.860  21724            20
          -20256.860  208289           31
          -20256.860  412035           70
          -20256.860  613990           76
          -20256.860  718445           89
          -20256.860  802116           48
          -20256.860  584751           81
          -20256.860  703404           63
          -20256.860  15050            67
          -20256.860  996880           39
          -20256.860  412669           59
          -20256.860  920957           62
          -20256.860  425103           69
          -20256.860  746482           80
          -20256.860  587107           65
          -20256.860  555689           32
          -20256.860  721959           45
          -20256.860  3549             2
          -20256.860  210588           50
          -20256.860  829916           15
          -20256.860  323102           100
          -20256.860  61168            83
          -20256.860  3314             35
          -20256.860  704750           1
          -20256.860  126667           38
          -20256.860  241342           73
          -20256.860  775133           71
          -20256.860  615751           16
          -20256.860  977786           68

10 perturbed starting value run(s) did not converge or were rejected in the third stage.



THE BEST LOGLIKELIHOOD VALUE HAS BEEN REPLICATED.  RERUN WITH AT LEAST TWICE THE
RANDOM STARTS TO CHECK THAT THE BEST LOGLIKELIHOOD IS STILL OBTAINED AND REPLICATED.

     IN THE OPTIMIZATION, ONE OR MORE LOGIT THRESHOLDS APPROACHED EXTREME VALUES
     OF -15.000 AND 15.000 AND WERE FIXED TO STABILIZE MODEL ESTIMATION.  THESE
     VALUES IMPLY PROBABILITIES OF 0 AND 1.  IN THE MODEL RESULTS SECTION, THESE
     PARAMETERS HAVE 0 STANDARD ERRORS AND 999 IN THE Z-SCORE AND P-VALUE COLUMNS.


     WARNING:  THE VARIANCE CONTRIBUTION FROM A STRATUM WITH A SINGLE CLUSTER
     (PSU) IS BASED ON THE DIFFERENCE BETWEEN THE SINGLE CLUSTER VALUE AND
     THE OVERALL CLUSTER MEAN.




THE MODEL ESTIMATION TERMINATED NORMALLY



MODEL FIT INFORMATION

Number of Free Parameters                       10

Loglikelihood

          H0 Value                      -20256.860
          H0 Scaling Correction Factor      2.1990
            for MLR

Information Criteria

          Akaike (AIC)                   40533.720
          Bayesian (BIC)                 40606.303
          Sample-Size Adjusted BIC       40574.525
            (n* = (n + 2) / 24)

Chi-Square Test of Model Fit for the Binary and Ordered Categorical
(Ordinal) Outcomes

          Pearson Chi-Square

          Value                            288.566
          Degrees of Freedom                    20
          P-Value                           0.0000

          Likelihood Ratio Chi-Square

          Value                            218.418
          Degrees of Freedom                    20
          P-Value                           0.0000

Chi-Square Test for MCAR under the Unrestricted Latent Class Indicator Model

          Pearson Chi-Square

          Value                            183.003
          Degrees of Freedom                    93
          P-Value                           0.0000

          Likelihood Ratio Chi-Square

          Value                             98.179
          Degrees of Freedom                    93
          P-Value                           0.3367



MODEL RESULTS USE THE LATENT CLASS VARIABLE ORDER

   G  C


FINAL CLASS COUNTS AND PROPORTIONS FOR THE LATENT CLASS PATTERNS
BASED ON THE ESTIMATED MODEL

  Latent Class
    Pattern

    1  1       1966.60464          0.18744
    1  2       3276.30505          0.31227
    2  1       1968.92298          0.18766
    2  2       3280.16734          0.31264


FINAL CLASS COUNTS AND PROPORTIONS FOR EACH LATENT CLASS VARIABLE
BASED ON THE ESTIMATED MODEL

  Latent Class
    Variable    Class

    G              1      5242.90967          0.49971
                   2      5249.09033          0.50029
    C              1      3935.52759          0.37510
                   2      6556.47217          0.62490


LATENT TRANSITION PROBABILITIES BASED ON THE ESTIMATED MODEL

  G Classes (Rows) by C Classes (Columns)

            1        2

   1     0.375    0.625
   2     0.375    0.625


FINAL CLASS COUNTS AND PROPORTIONS FOR THE LATENT CLASS PATTERNS
BASED ON ESTIMATED POSTERIOR PROBABILITIES

  Latent Class
    Pattern

    1  1       1945.16289          0.18539
    1  2       3297.74679          0.31431
    2  1       1990.36460          0.18970
    2  2       3258.72572          0.31059


FINAL CLASS COUNTS AND PROPORTIONS FOR EACH LATENT CLASS VARIABLE
BASED ON ESTIMATED POSTERIOR PROBABILITIES

  Latent Class
    Variable    Class

    G              1      5242.90967          0.49971
                   2      5249.09033          0.50029
    C              1      3935.52734          0.37510
                   2      6556.47266          0.62490


FINAL CLASS COUNTS AND PROPORTIONS FOR THE LATENT CLASS PATTERNS
BASED ON THEIR MOST LIKELY LATENT CLASS PATTERN

Class Counts and Proportions

  Latent Class
    Pattern

    1  1             1636          0.15594
    1  2             3607          0.34377
    2  1             1679          0.16007
    2  2             3570          0.34022


FINAL CLASS COUNTS AND PROPORTIONS FOR EACH LATENT CLASS VARIABLE
BASED ON THEIR MOST LIKELY LATENT CLASS PATTERN

  Latent Class
    Variable    Class

    G              1            5242          0.49971
                   2            5249          0.50029
    C              1            3315          0.31601
                   2            7176          0.68399


CLASSIFICATION QUALITY

     Entropy                         0.860


MODEL RESULTS

                                                    Two-Tailed
                    Estimate       S.E.  Est./S.E.    P-Value

Parameters for Class-specific Model Parts of C

Latent Class C#1

 Thresholds
    GND1$1             3.120      0.181     17.277      0.000
    GND2$1             2.569      0.138     18.665      0.000
    GND4$1            -0.511      0.072     -7.068      0.000
    GND6$1            -0.436      0.065     -6.678      0.000

Latent Class C#2

 Thresholds
    GND1$1             4.612      0.479      9.635      0.000
    GND2$1             3.489      0.214     16.268      0.000
    GND4$1            15.000      0.000    999.000    999.000
    GND6$1            15.000      0.000    999.000    999.000

Categorical Latent Variables

 Means
    G#1               -0.001      0.040     -0.030      0.976
    C#1               -0.510      0.045    -11.240      0.000


RESULTS IN PROBABILITY SCALE

Results for Class-specific Model Parts of C

Latent Class C#1

 GND1
    Category 1         0.958      0.007    130.971      0.000
    Category 2         0.042      0.007      5.781      0.000
 GND2
    Category 1         0.929      0.009    102.078      0.000
    Category 2         0.071      0.009      7.823      0.000
 GND4
    Category 1         0.375      0.017     22.154      0.000
    Category 2         0.625      0.017     36.912      0.000
 GND6
    Category 1         0.393      0.016     25.232      0.000
    Category 2         0.607      0.016     39.015      0.000

Latent Class C#2

 GND1
    Category 1         0.990      0.005    212.378      0.000
    Category 2         0.010      0.005      2.110      0.035
 GND2
    Category 1         0.970      0.006    157.339      0.000
    Category 2         0.030      0.006      4.806      0.000
 GND4
    Category 1         1.000      0.000      0.000      1.000
    Category 2         0.000      0.000      0.000      1.000
 GND6
    Category 1         1.000      0.000      0.000      1.000
    Category 2         0.000      0.000      0.000      1.000


LATENT CLASS ODDS RATIO RESULTS

                                                95% C.I.
                    Estimate       S.E.  Lower 2.5% Upper 2.5%

Results for Class-specific Model Parts of C

Latent Class C#1 Compared to Latent Class C#2

 GND1
    Category > 1       4.443      2.796      1.294     15.253
 GND2
    Category > 1       2.509      0.825      1.317      4.779
 GND4
    Category > 1   *********      0.000  *********  *********
 GND6
    Category > 1   *********      0.000  *********  *********


QUALITY OF NUMERICAL RESULTS

     Condition Number for the Information Matrix              0.381E-03
       (ratio of smallest to largest eigenvalue)


MODEL COMMAND WITH FINAL ESTIMATES USED AS STARTING VALUES

     %OVERALL%

     [ g#1*-0.00118 ];
     [ c#1*-0.51041 ];

  MODEL C:
     %C#1%

     [ gnd1$1*3.12036 ] (1);
     [ gnd2$1*2.56864 ] (2);
     [ gnd4$1*-0.51052 ] (3);
     [ gnd6$1*-0.43583 ] (4);

     %C#2%

     [ gnd1$1*4.61167 ] (5);
     [ gnd2$1*3.48861 ] (6);
     [ gnd4$1*15 ] (7);
     [ gnd6$1*15 ] (8);



TECHNICAL 10 OUTPUT


     OUTPUT FOR CLASS G#1


     MODEL FIT INFORMATION FOR THE LATENT CLASS INDICATOR MODEL PART


     RESPONSE PATTERNS

     No.  Pattern    No.  Pattern    No.  Pattern    No.  Pattern
       1  0000         2  0001         3  0010         4  0011
       5  0100         6  0101         7  0110         8  0111
       9  1000        10  1001        11  1010        12  1011
      13  1100        14  1101        15  1110        16  1111
      17  0*00        18  0*01        19  0*11        20  0***
      21  1***        22  *000        23  *011        24  *100
      25  00*0        26  00*1        27  00**        28  11**
      29  000*        30  001*        31  010*        32  011*
      33  *00*        34  **11


     RESPONSE PATTERN FREQUENCIES AND CHI-SQUARE CONTRIBUTIONS

    Response          Frequency     Standardized  Chi-square Contribution
     Pattern    Observed  Estimated   Residual    Pearson   Loglikelihood  Deleted
                                     (z-score)
         1      3449.67    3375.11       1.74       1.60       125.18
         2       349.64     394.89      -1.91       5.18       -83.41
         3       386.20     425.51      -1.60       3.63       -76.39
         4       782.92     657.94       4.19      23.68       213.86
         5        56.56     114.86      -4.42      29.57       -77.87
         6        18.26      30.26      -1.76       4.76       -18.18
         7         3.63      32.61      -4.09      25.74       -15.54
         8        19.02      50.42      -3.57      19.49       -34.78
         9        11.07      42.27      -3.88      23.03       -29.51
        10         8.19      17.43      -1.78       4.90       -12.26
        11        12.27      18.78      -1.21       2.26       -10.30
        12         9.94      29.04      -2.86      12.57       -21.11
        13        65.63       1.81       8.05      99.92       204.51
        14         7.57       1.34       4.34      29.11        26.55
        15         7.08       1.44       3.78      22.07        22.80
        16         8.30       2.23       3.27      16.55        22.15
        17         2.54       4.38      -1.23       0.00         0.01
        18         1.40       0.53       0.99      -0.49        -0.40
        19         2.58       0.89       1.55       0.81         0.69
        20         3.30       5.21      -4.53       0.01        -0.02
        21         2.03       0.12       4.53       4.91         0.61
        22         0.82       3.60      -2.01      -0.03         0.01
        23         2.70       0.72       2.01       1.30         0.82
        24         1.95       0.12       4.23       2.19         0.29
        25         7.63      10.00      -1.16      -0.02         0.09
        26         6.04       2.77       1.77       0.78         0.96
        27         0.92       1.89      -2.21      -0.03         0.04
        28         1.10       0.00       8.05      68.06         5.72      DELETED
        29         3.86       8.18      -2.32      -0.03         0.04
        30         4.98       2.35       1.55       0.63         0.81
        31         0.91       0.31       0.87      -2.24        -1.18
        32         1.52       0.18       2.56     -31.39        -3.77
        33         1.93       1.42       0.67      -0.01        -0.02
        34         0.76       0.11       1.72       0.56         0.17

     THE TOTAL PEARSON CHI-SQUARE CONTRIBUTION FROM EMPTY CELLS IS         0.55


     UNIVARIATE MODEL FIT INFORMATION

                               Estimated Probabilities
                                                  Standardized
     Variable              H1           H0          Residual
                                                   (z-score)
     GND1
       Category 1        0.974        0.978          -1.432
       Category 2        0.026        0.022           1.432
       Univariate Pearson Chi-Square                  3.167
       Univariate Log-Likelihood Chi-Square           3.011
     GND2
       Category 1        0.963        0.955           2.347
       Category 2        0.037        0.045          -2.347
       Univariate Pearson Chi-Square                  8.516
       Univariate Log-Likelihood Chi-Square           9.069
     GND4
       Category 1        0.762        0.766          -0.515
       Category 2        0.238        0.234           0.515
       Univariate Pearson Chi-Square                  0.409
       Univariate Log-Likelihood Chi-Square           0.408
     GND6
       Category 1        0.766        0.772          -0.798
       Category 2        0.234        0.228           0.798
       Univariate Pearson Chi-Square                  0.985
       Univariate Log-Likelihood Chi-Square           0.980


     BIVARIATE MODEL FIT INFORMATION

                                              Estimated Probabilities
                                                                 Standardized
     Variable       Variable              H1           H0          Residual
                                                                  (z-score)
     GND1           GND2
       Category 1     Category 1        0.955        0.934           4.936
       Category 1     Category 2        0.019        0.044          -7.003
       Category 2     Category 1        0.008        0.021          -5.178
       Category 2     Category 2        0.018        0.001          26.174
       Bivariate Pearson Chi-Square                               1172.894
       Bivariate Log-Likelihood Chi-Square                         455.075
     GND1           GND4
       Category 1     Category 1        0.744        0.753          -1.343
       Category 1     Category 2        0.231        0.224           0.884
       Category 2     Category 1        0.018        0.012           3.299
       Category 2     Category 2        0.007        0.010          -1.521
       Bivariate Pearson Chi-Square                                 21.783
       Bivariate Log-Likelihood Chi-Square                          19.856
     GND1           GND6
       Category 1     Category 1        0.747        0.760          -1.684
       Category 1     Category 2        0.227        0.218           1.234
       Category 2     Category 1        0.019        0.012           3.479
       Category 2     Category 2        0.007        0.010          -1.788
       Bivariate Pearson Chi-Square                                 26.266
       Bivariate Log-Likelihood Chi-Square                          24.235
     GND2           GND4
       Category 1     Category 1        0.733        0.737          -0.584
       Category 1     Category 2        0.231        0.218           1.804
       Category 2     Category 1        0.029        0.029           0.233
       Category 2     Category 2        0.008        0.017          -4.111
       Bivariate Pearson Chi-Square                                 29.839
       Bivariate Log-Likelihood Chi-Square                          36.314
     GND2           GND6
       Category 1     Category 1        0.740        0.743          -0.406
       Category 1     Category 2        0.223        0.212           1.629
       Category 2     Category 1        0.026        0.029          -0.938
       Category 2     Category 2        0.011        0.016          -2.616
       Bivariate Pearson Chi-Square                                 15.021
       Bivariate Log-Likelihood Chi-Square                          16.491
     GND4           GND6
       Category 1     Category 1        0.688        0.680           0.952
       Category 1     Category 2        0.074        0.085          -2.369
       Category 2     Category 1        0.079        0.092          -2.695
       Category 2     Category 2        0.159        0.142           2.854
       Bivariate Pearson Chi-Square                                 29.367
       Bivariate Log-Likelihood Chi-Square                          29.868

       Overall Bivariate Pearson Chi-Square                       1295.171
       Overall Bivariate Log-Likelihood Chi-Square                 581.838


     OUTPUT FOR CLASS G#2


     MODEL FIT INFORMATION FOR THE LATENT CLASS INDICATOR MODEL PART


     RESPONSE PATTERNS

     No.  Pattern    No.  Pattern    No.  Pattern    No.  Pattern
       1  0000         2  0001         3  0010         4  0011
       5  0100         6  0101         7  0110         8  0111
       9  1000        10  1001        11  1010        12  1011
      13  1100        14  1101        15  1110        16  1111
      17  0*00        18  0*01        19  0*10        20  0*11
      21  1*01        22  0***        23  *000        24  *001
      25  00*0        26  00*1        27  01*0        28  01*1
      29  10*1        30  11*0        31  00**        32  01**
      33  000*        34  001*        35  010*        36  101*
      37  *01*        38  **00        39  *0**        40  0*0*
      41  **1*        42  0**1        43  ***0        44  ***1



     RESPONSE PATTERN FREQUENCIES AND CHI-SQUARE CONTRIBUTIONS

    Response          Frequency     Standardized  Chi-square Contribution
     Pattern    Observed  Estimated   Residual    Pearson   Loglikelihood  Deleted
                                     (z-score)
         1      3326.41    3310.68       0.37      -0.21       -30.00
         2       430.65     387.35       1.84       4.66       109.10
         3       461.57     417.39       1.82       4.68        93.64
         4       558.93     645.38      -2.93      11.23      -132.89
         5       113.87     112.67       0.09      -0.06         8.00
         6        19.98      29.69      -1.44       3.13       -13.82
         7        36.16      31.99       0.60       0.54         9.36
         8        56.12      49.46       0.77       0.84        17.63
         9        13.81      41.46      -3.47      18.43       -31.05
        10         8.19      17.10      -1.74       4.52       -10.12
        11        11.36      18.42      -1.33       2.71       -10.84
        12        16.89      28.49      -1.75       4.71       -16.71
        13        20.81       1.78       8.05     100.00       101.96
        14         5.78       1.31       3.14      15.23        18.17
        15         9.83       1.41       5.70      50.21        37.99
        16         6.38       2.18       2.29       8.08        13.40
        17         4.46      10.59      -2.65       0.03        -0.03
        18         2.40       1.29       0.82       0.29         0.48
        19         2.48       1.39       0.77       0.28         0.51
        20         4.73       2.15       1.52      -0.86        -0.91
        21         1.71       0.06       5.58      -9.53        -0.58
        22        28.49      27.87       0.64       0.00         0.20
        23         0.72       1.95      -1.21       0.02        -0.02
        24         2.25       0.24       3.48       2.10         0.47
        25        12.40      28.21      -4.62      -0.18         0.20
        26        21.90       7.81       4.54      -1.06        -0.86
        27         1.18       1.09       0.07       0.01         0.13
        28         2.03       0.60       1.50      -0.02        -0.01
        29         0.53       0.34       0.25      -0.43        -0.57
        30         0.53       0.02       2.60      10.03         2.37
        31         8.43      10.99      -2.42      -0.01         0.03
        32         3.33       0.52       3.23       0.74         0.24
        33        12.10      16.34      -1.61      -0.08         0.24
        34         6.31       4.70       0.67      -0.10        -0.33
        35         3.33       0.63       2.77      -0.57        -0.22
        36         0.79       0.21       1.04      -1.82        -0.77
        37         0.85       0.18       1.40      -0.16        -0.07
        38         0.63       0.43       0.44       0.00        -0.01
        39        20.42      19.50       0.79      -0.02        -0.37
        40         1.37       1.03       0.54       0.01         0.02
        41         4.18       0.98       2.97      -0.30        -0.15
        42         1.32       0.29       1.75      -0.11        -0.05
        43         1.18       2.69      -1.55      -0.02         0.02
        44         2.31       0.79       1.55      -0.16        -0.12

     THE TOTAL PEARSON CHI-SQUARE CONTRIBUTION FROM EMPTY CELLS IS         0.12


     UNIVARIATE MODEL FIT INFORMATION

                               Estimated Probabilities
                                                  Standardized
     Variable              H1           H0          Residual
                                                   (z-score)
     GND1
       Category 1        0.981        0.978           1.388
       Category 2        0.019        0.022          -1.388
       Univariate Pearson Chi-Square                  2.976
       Univariate Log-Likelihood Chi-Square           3.144
     GND2
       Category 1        0.946        0.955          -2.440
       Category 2        0.054        0.045           2.440
       Univariate Pearson Chi-Square                  9.201
       Univariate Log-Likelihood Chi-Square           8.688
     GND4
       Category 1        0.770        0.766           0.558
       Category 2        0.230        0.234          -0.558
       Univariate Pearson Chi-Square                  0.481
       Univariate Log-Likelihood Chi-Square           0.483
     GND6
       Category 1        0.778        0.772           0.825
       Category 2        0.222        0.228          -0.825
       Univariate Pearson Chi-Square                  1.052
       Univariate Log-Likelihood Chi-Square           1.058


     BIVARIATE MODEL FIT INFORMATION

                                              Estimated Probabilities
                                                                 Standardized
     Variable       Variable              H1           H0          Residual
                                                                  (z-score)
     GND1           GND2
       Category 1     Category 1        0.936        0.934           0.444
       Category 1     Category 2        0.046        0.044           0.456
       Category 2     Category 1        0.010        0.021          -4.335
       Category 2     Category 2        0.008        0.001          11.429
       Bivariate Pearson Chi-Square                                230.396
       Bivariate Log-Likelihood Chi-Square                         124.969
     GND1           GND4
       Category 1     Category 1        0.760        0.753           0.869
       Category 1     Category 2        0.222        0.224          -0.410
       Category 2     Category 1        0.010        0.012          -1.264
       Category 2     Category 2        0.009        0.010          -0.661
       Bivariate Pearson Chi-Square                                  3.595
       Bivariate Log-Likelihood Chi-Square                           3.799
     GND1           GND6
       Category 1     Category 1        0.767        0.760           1.020
       Category 1     Category 2        0.214        0.218          -0.562
       Category 2     Category 1        0.011        0.012          -0.812
       Category 2     Category 2        0.008        0.010          -1.165
       Bivariate Pearson Chi-Square                                  3.853
       Bivariate Log-Likelihood Chi-Square                           4.056
     GND2           GND4
       Category 1     Category 1        0.737        0.737           0.040
       Category 1     Category 2        0.209        0.218          -1.271
       Category 2     Category 1        0.032        0.029           1.314
       Category 2     Category 2        0.022        0.017           2.251
       Bivariate Pearson Chi-Square                                 12.244
       Bivariate Log-Likelihood Chi-Square                          11.500
     GND2           GND6
       Category 1     Category 1        0.742        0.743          -0.139
       Category 1     Category 2        0.204        0.212          -1.093
       Category 2     Category 1        0.036        0.029           2.424
       Category 2     Category 2        0.018        0.016           0.794
       Bivariate Pearson Chi-Square                                 11.235
       Bivariate Log-Likelihood Chi-Square                          10.588
     GND4           GND6
       Category 1     Category 1        0.676        0.680          -0.492
       Category 1     Category 2        0.093        0.085           1.666
       Category 2     Category 1        0.102        0.092           1.990
       Category 2     Category 2        0.128        0.142          -2.323
       Bivariate Pearson Chi-Square                                 16.758
       Bivariate Log-Likelihood Chi-Square                          16.698

       Overall Bivariate Pearson Chi-Square                        278.081
       Overall Bivariate Log-Likelihood Chi-Square                 171.610


SAVEDATA INFORMATION


  Save file
    LA_Prob_MGCntry_C3cl2CHom.dat

  Order and format of variables

    GND1           F10.3
    GND2           F10.3
    GND4           F10.3
    GND6           F10.3
    CPROB1         F10.3
    CPROB2         F10.3
    CPROB3         F10.3
    CPROB4         F10.3
    G              F10.3
    C              F10.3
    MLCJOINT       F10.3
    WS             F10.3
    IDSTUD         I9
    ID_S           I4
    ID_J           I4
    ID_K           I2

  Save file format
    12F10.3 I9 2I4 I2

  Save file record length    10000

  Save missing symbol        *


     Beginning Time:  12:38:58
        Ending Time:  12:39:22
       Elapsed Time:  00:00:24



MUTHEN & MUTHEN
3463 Stoner Ave.
Los Angeles, CA  90066

Tel: (310) 391-9971
Fax: (310) 391-8971
Web: www.StatModel.com
Support: Support@StatModel.com

Copyright (c) 1998-2020 Muthen & Muthen
