Mplus VERSION 8.5 (Mac)
MUTHEN & MUTHEN
03/22/2021   3:08 PM

INPUT INSTRUCTIONS

  TITLE: C.Het MG Region LCA C3 with 3 classes;
  DATA:
  FILE = DtaC3.dat;

  VARIABLE:
  NAMES = id_i
  id_j
  id_r
  id_s
  id_k
  wt
  ws
  GND1
  GND2
  GND4
  GND6
  IDSTUD
  GROUP;
  IDVARIABLE = IDSTUD;
  USEVARIABLES = GND1
  GND2
  GND4
  GND6;
  CATEGORICAL = GND1
  GND2
  GND4
  GND6;
  MISSING = .;
  CLASSES = g(2) c(3);
  KNOWNCLASS = g(GROUP =
    1  !        Europe 1
    2  ! South America 2
  );
  WEIGHT = ws;
  STRATIFICATION = id_s;
  CLUSTER = id_j;

  ANALYSIS:
  TYPE = COMPLEX MIXTURE;
  PROCESSORS = 4;
  STARTS = 100 50;
  STITERATIONS = 5;
  STSEED = 288;

  MODEL:
  %OVERALL%
  c ON g;

       %g#1.c#1%
   [GND1$1] (1);
   [GND2$1] (2);
   [GND4$1] (3);
   [GND6$1] (4);
       %g#1.c#2%
   [GND1$1] (5);
   [GND2$1] (6);
   [GND4$1] (7);
   [GND6$1] (8);
       %g#1.c#3%
   [GND1$1] (9);
  [GND2$1] (10);
  [GND4$1] (11);
  [GND6$1] (12);
       %g#2.c#1%
  [GND1$1] (13);
  [GND2$1] (14);
  [GND4$1] (15);
  [GND6$1] (16);
       %g#2.c#2%
  [GND1$1] (17);
  [GND2$1] (18);
  [GND4$1] (19);
  [GND6$1] (20);
       %g#2.c#3%
  [GND1$1] (21);
  [GND2$1] (22);
  [GND4$1] (23);
  [GND6$1] (24);

  OUTPUT:
  TECH10
  SVALUES
  ;

  SAVEDATA:
  FILE = Prob_MGRegion_C3cl3CHet.dat;
  SAVE = CPROBABILITIES;



*** WARNING
  Data set contains cases with missing on all variables.
  These cases were not included in the analysis.
  Number of cases with missing on all variables:  243
   1 WARNING(S) FOUND IN THE INPUT INSTRUCTIONS



C.Het MG Region LCA C3 with 3 classes;

SUMMARY OF ANALYSIS

Number of groups                                                 1
Number of observations                                       16190

Number of dependent variables                                    4
Number of independent variables                                  0
Number of continuous latent variables                            0
Number of categorical latent variables                           2

Observed dependent variables

  Binary and ordered categorical (ordinal)
   GND1        GND2        GND4        GND6

Categorical latent variables
   G           C

  Knownclass            G

Variables with special functions

  Stratification        ID_S
  Cluster variable      ID_J
  Weight variable       WS
  ID variable           IDSTUD

Estimator                                                      MLR
Information matrix                                        OBSERVED
Optimization Specifications for the Quasi-Newton Algorithm for
Continuous Outcomes
  Maximum number of iterations                                 100
  Convergence criterion                                  0.100D-05
Optimization Specifications for the EM Algorithm
  Maximum number of iterations                                 500
  Convergence criteria
    Loglikelihood change                                 0.100D-06
    Relative loglikelihood change                        0.100D-06
    Derivative                                           0.100D-05
Optimization Specifications for the M step of the EM Algorithm for
Categorical Latent variables
  Number of M step iterations                                    1
  M step convergence criterion                           0.100D-05
  Basis for M step termination                           ITERATION
Optimization Specifications for the M step of the EM Algorithm for
Censored, Binary or Ordered Categorical (Ordinal), Unordered
Categorical (Nominal) and Count Outcomes
  Number of M step iterations                                    1
  M step convergence criterion                           0.100D-05
  Basis for M step termination                           ITERATION
  Maximum value for logit thresholds                            15
  Minimum value for logit thresholds                           -15
  Minimum expected cell size for chi-square              0.100D-01
Maximum number of iterations for H1                           2000
Convergence criterion for H1                             0.100D-03
Optimization algorithm                                         EMA
Random Starts Specifications
  Number of initial stage random starts                        100
  Number of final stage optimizations                           50
  Number of initial stage iterations                             5
  Initial stage convergence criterion                    0.100D+01
  Random starts scale                                    0.500D+01
  Random seed for generating random starts                     288
Parameterization                                             LOGIT
Link                                                         LOGIT

Input data file(s)
  DtaC3.dat
Input data format  FREE


SUMMARY OF DATA

     Number of missing data patterns            14
     Number of y missing data patterns           0
     Number of u missing data patterns          14
     Number of strata                          287
     Number of clusters                        613


COVARIANCE COVERAGE OF DATA

Minimum covariance coverage value   0.100


     PROPORTION OF DATA PRESENT FOR U


           Covariance Coverage
              GND1          GND2          GND4          GND6
              ________      ________      ________      ________
 GND1           0.998
 GND2           0.994         0.996
 GND4           0.990         0.989         0.991
 GND6           0.991         0.990         0.988         0.992


UNIVARIATE PROPORTIONS AND COUNTS FOR CATEGORICAL VARIABLES

    GND1
      Category 1    0.978        15799.374
      Category 2    0.022          358.340
    GND2
      Category 1    0.953        15376.714
      Category 2    0.047          754.402
    GND4
      Category 1    0.807        12953.696
      Category 2    0.193         3098.023
    GND6
      Category 1    0.796        12784.738
      Category 2    0.204         3283.773


RANDOM STARTS RESULTS RANKED FROM THE BEST TO THE WORST LOGLIKELIHOOD VALUES

Final stage loglikelihood values at local maxima, seeds, and initial stage start numbers:

          -29949.650  692367           5
          -29949.650  341151           77
          -29949.650  299711           97
          -29949.650  325682           54
          -29949.650  883238           52
          -29949.650  323102           100
          -29949.650  862516           26
          -29949.650  960487           74
          -29949.650  504083           19
          -29949.650  503835           43
          -29953.611  116869           93
          -29954.502  412035           70
          -29954.502  682993           4
          -29954.502  339904           18
          -29957.007  241342           73
          -29957.007  514978           7
          -29957.007  267084           27
          -29957.007  802116           48
          -29958.351  3314             35
          -29960.455  986227           24

30 perturbed starting value run(s) did not converge or were rejected in the third stage.



THE BEST LOGLIKELIHOOD VALUE HAS BEEN REPLICATED.  RERUN WITH AT LEAST TWICE THE
RANDOM STARTS TO CHECK THAT THE BEST LOGLIKELIHOOD IS STILL OBTAINED AND REPLICATED.

     IN THE OPTIMIZATION, ONE OR MORE LOGIT THRESHOLDS APPROACHED EXTREME VALUES
     OF -15.000 AND 15.000 AND WERE FIXED TO STABILIZE MODEL ESTIMATION.  THESE
     VALUES IMPLY PROBABILITIES OF 0 AND 1.  IN THE MODEL RESULTS SECTION, THESE
     PARAMETERS HAVE 0 STANDARD ERRORS AND 999 IN THE Z-SCORE AND P-VALUE COLUMNS.


     WARNING:  THE VARIANCE CONTRIBUTION FROM A STRATUM WITH A SINGLE CLUSTER
     (PSU) IS BASED ON THE DIFFERENCE BETWEEN THE SINGLE CLUSTER VALUE AND
     THE OVERALL CLUSTER MEAN.

     ONE OR MORE MULTINOMIAL LOGIT PARAMETERS WERE FIXED TO AVOID SINGULARITY
     OF THE INFORMATION MATRIX.  THE SINGULARITY IS MOST LIKELY BECAUSE THE
     MODEL IS NOT IDENTIFIED, OR BECAUSE OF EMPTY CELLS IN THE JOINT
     DISTRIBUTION OF THE CATEGORICAL LATENT VARIABLES AND ANY INDEPENDENT
     VARIABLES.  THE FOLLOWING PARAMETERS WERE FIXED:
     Parameter 29, C#2 ON G#1




THE MODEL ESTIMATION TERMINATED NORMALLY



MODEL FIT INFORMATION

Number of Free Parameters                       29

Loglikelihood

          H0 Value                      -29949.650
          H0 Scaling Correction Factor      1.7203
            for MLR

Information Criteria

          Akaike (AIC)                   59957.300
          Bayesian (BIC)                 60180.372
          Sample-Size Adjusted BIC       60088.212
            (n* = (n + 2) / 24)

Chi-Square Test of Model Fit for the Binary and Ordered Categorical
(Ordinal) Outcomes

          Pearson Chi-Square

          Value                             20.133
          Degrees of Freedom                     2
          P-Value                           0.0000

          Likelihood Ratio Chi-Square

          Value                             22.723
          Degrees of Freedom                     2
          P-Value                           0.0000

Chi-Square Test for MCAR under the Unrestricted Latent Class Indicator Model

          Pearson Chi-Square

          Value                            146.461
          Degrees of Freedom                    93
          P-Value                           0.0003

          Likelihood Ratio Chi-Square

          Value                             94.737
          Degrees of Freedom                    93
          P-Value                           0.4304



MODEL RESULTS USE THE LATENT CLASS VARIABLE ORDER

   G  C


FINAL CLASS COUNTS AND PROPORTIONS FOR THE LATENT CLASS PATTERNS
BASED ON THE ESTIMATED MODEL

  Latent Class
    Pattern

    1  1        769.06974          0.04750
    1  2        191.43351          0.01182
    1  3       7182.86750          0.44366
    2  1       5389.05192          0.33286
    2  2        123.19660          0.00761
    2  3       2534.38072          0.15654


FINAL CLASS COUNTS AND PROPORTIONS FOR EACH LATENT CLASS VARIABLE
BASED ON THE ESTIMATED MODEL

  Latent Class
    Variable    Class

    G              1      8143.37061          0.50299
                   2      8046.62939          0.49701
    C              1      6158.12158          0.38037
                   2       314.63010          0.01943
                   3      9717.24805          0.60020


LATENT TRANSITION PROBABILITIES BASED ON THE ESTIMATED MODEL

  G Classes (Rows) by C Classes (Columns)

            1        2        3

   1     0.094    0.024    0.882
   2     0.670    0.015    0.315


FINAL CLASS COUNTS AND PROPORTIONS FOR THE LATENT CLASS PATTERNS
BASED ON ESTIMATED POSTERIOR PROBABILITIES

  Latent Class
    Pattern

    1  1        769.06982          0.04750
    1  2        191.43358          0.01182
    1  3       7182.86735          0.44366
    2  1       5389.05193          0.33286
    2  2        123.19661          0.00761
    2  3       2534.38070          0.15654


FINAL CLASS COUNTS AND PROPORTIONS FOR EACH LATENT CLASS VARIABLE
BASED ON ESTIMATED POSTERIOR PROBABILITIES

  Latent Class
    Variable    Class

    G              1      8143.37061          0.50299
                   2      8046.62939          0.49701
    C              1      6158.12158          0.38037
                   2       314.63019          0.01943
                   3      9717.24805          0.60020


FINAL CLASS COUNTS AND PROPORTIONS FOR THE LATENT CLASS PATTERNS
BASED ON THEIR MOST LIKELY LATENT CLASS PATTERN

Class Counts and Proportions

  Latent Class
    Pattern

    1  1              654          0.04038
    1  2              178          0.01097
    1  3             7312          0.45164
    2  1             5418          0.33468
    2  2              124          0.00766
    2  3             2504          0.15468


FINAL CLASS COUNTS AND PROPORTIONS FOR EACH LATENT CLASS VARIABLE
BASED ON THEIR MOST LIKELY LATENT CLASS PATTERN

  Latent Class
    Variable    Class

    G              1            8143          0.50299
                   2            8046          0.49701
    C              1            6072          0.37506
                   2             301          0.01863
                   3            9816          0.60632


CLASSIFICATION QUALITY

     Entropy                         0.903


MODEL RESULTS

                                                    Two-Tailed
                    Estimate       S.E.  Est./S.E.    P-Value

Parameters for Class-specific Model Parts

Latent Class Pattern 1 1

 Thresholds
    GND1$1             2.644      0.312      8.462      0.000
    GND2$1             2.469      0.438      5.634      0.000
    GND4$1            -1.616      0.815     -1.983      0.047
    GND6$1            -1.948      1.447     -1.346      0.178

Latent Class Pattern 1 2

 Thresholds
    GND1$1             0.158      0.340      0.464      0.643
    GND2$1            -3.784     10.697     -0.354      0.724
    GND4$1            -0.053      0.452     -0.117      0.907
    GND6$1             0.312      0.404      0.774      0.439

Latent Class Pattern 1 3

 Thresholds
    GND1$1             5.115      0.299     17.085      0.000
    GND2$1             3.873      0.185     20.972      0.000
    GND4$1             2.573      0.230     11.188      0.000
    GND6$1             2.180      0.138     15.785      0.000

Latent Class Pattern 2 1

 Thresholds
    GND1$1            15.000      0.000    999.000    999.000
    GND2$1             3.709      0.100     37.173      0.000
    GND4$1             3.950      1.783      2.215      0.027
    GND6$1             3.528      1.104      3.195      0.001

Latent Class Pattern 2 2

 Thresholds
    GND1$1           -15.000      0.000    999.000    999.000
    GND2$1            -1.475      0.454     -3.247      0.001
    GND4$1             1.266      0.265      4.767      0.000
    GND6$1             1.429      0.262      5.464      0.000

Latent Class Pattern 2 3

 Thresholds
    GND1$1             3.828      0.199     19.202      0.000
    GND2$1             2.874      0.141     20.388      0.000
    GND4$1            -0.816      0.332     -2.454      0.014
    GND6$1            -0.632      0.294     -2.153      0.031

Categorical Latent Variables

 C#1      ON
    G#1               -2.989      0.536     -5.575      0.000

 C#2      ON
    G#1               -0.601      0.000    999.000    999.000

 Means
    G#1                0.012      0.032      0.379      0.705
    C#1                0.754      0.263      2.872      0.004
    C#2               -3.024      0.256    -11.804      0.000


RESULTS IN PROBABILITY SCALE

Latent Class Pattern 1 1

 GND1
    Category 1         0.934      0.019     48.219      0.000
    Category 2         0.066      0.019      3.428      0.001
 GND2
    Category 1         0.922      0.032     29.238      0.000
    Category 2         0.078      0.032      2.475      0.013
 GND4
    Category 1         0.166      0.113      1.471      0.141
    Category 2         0.834      0.113      7.404      0.000
 GND6
    Category 1         0.125      0.158      0.790      0.430
    Category 2         0.875      0.158      5.537      0.000

Latent Class Pattern 1 2

 GND1
    Category 1         0.539      0.085      6.379      0.000
    Category 2         0.461      0.085      5.447      0.000
 GND2
    Category 1         0.022      0.232      0.096      0.924
    Category 2         0.978      0.232      4.206      0.000
 GND4
    Category 1         0.487      0.113      4.310      0.000
    Category 2         0.513      0.113      4.544      0.000
 GND6
    Category 1         0.577      0.098      5.866      0.000
    Category 2         0.423      0.098      4.292      0.000

Latent Class Pattern 1 3

 GND1
    Category 1         0.994      0.002    559.308      0.000
    Category 2         0.006      0.002      3.361      0.001
 GND2
    Category 1         0.980      0.004    265.783      0.000
    Category 2         0.020      0.004      5.528      0.000
 GND4
    Category 1         0.929      0.015     61.327      0.000
    Category 2         0.071      0.015      4.680      0.000
 GND6
    Category 1         0.898      0.013     71.301      0.000
    Category 2         0.102      0.013      8.058      0.000

Latent Class Pattern 2 1

 GND1
    Category 1         1.000      0.000      0.000      1.000
    Category 2         0.000      0.000      0.000      1.000
 GND2
    Category 1         0.976      0.002    418.960      0.000
    Category 2         0.024      0.002     10.269      0.000
 GND4
    Category 1         0.981      0.033     29.686      0.000
    Category 2         0.019      0.033      0.572      0.568
 GND6
    Category 1         0.971      0.031     31.745      0.000
    Category 2         0.029      0.031      0.932      0.351

Latent Class Pattern 2 2

 GND1
    Category 1         0.000      0.000      0.000      1.000
    Category 2         1.000      0.000      0.000      1.000
 GND2
    Category 1         0.186      0.069      2.705      0.007
    Category 2         0.814      0.069     11.824      0.000
 GND4
    Category 1         0.780      0.046     17.120      0.000
    Category 2         0.220      0.046      4.829      0.000
 GND6
    Category 1         0.807      0.041     19.788      0.000
    Category 2         0.193      0.041      4.739      0.000

Latent Class Pattern 2 3

 GND1
    Category 1         0.979      0.004    235.594      0.000
    Category 2         0.021      0.004      5.126      0.000
 GND2
    Category 1         0.947      0.007    132.691      0.000
    Category 2         0.053      0.007      7.495      0.000
 GND4
    Category 1         0.307      0.071      4.338      0.000
    Category 2         0.693      0.071      9.809      0.000
 GND6
    Category 1         0.347      0.067      5.213      0.000
    Category 2         0.653      0.067      9.812      0.000


LATENT CLASS ODDS RATIO RESULTS

                                                95% C.I.
                    Estimate       S.E.  Lower 2.5% Upper 2.5%

Latent Class Pattern 1 1 Compared to Latent Class Pattern 1 2

 GND1
    Category > 1       0.083      0.042      0.031      0.225
 GND2
    Category > 1       0.002      0.021      0.000  *********
 GND4
    Category > 1       4.775      4.951      0.626     36.443
 GND6
    Category > 1       9.584     15.020      0.444    206.789

Latent Class Pattern 1 1 Compared to Latent Class Pattern 1 3

 GND1
    Category > 1      11.834      4.832      5.315     26.344
 GND2
    Category > 1       4.070      2.035      1.527     10.845
 GND4
    Category > 1      65.969     47.413     16.127    269.849
 GND6
    Category > 1      62.044     85.574      4.156    926.256

Latent Class Pattern 1 1 Compared to Latent Class Pattern 2 1

 GND1
    Category > 1   *********      0.000  *********  *********
 GND2
    Category > 1       3.453      1.568      1.418      8.407
 GND4
    Category > 1     261.489    448.273      9.083   7528.354
 GND6
    Category > 1     238.772    325.503     16.503   3454.577

Latent Class Pattern 1 1 Compared to Latent Class Pattern 2 2

 GND1
    Category > 1       0.000      0.000      0.000      0.000
 GND2
    Category > 1       0.019      0.012      0.006      0.063
 GND4
    Category > 1      17.849     14.953      3.455     92.203
 GND6
    Category > 1      29.280     42.459      1.707    502.275

Latent Class Pattern 1 1 Compared to Latent Class Pattern 2 3

 GND1
    Category > 1       3.268      1.223      1.569      6.806
 GND2
    Category > 1       1.498      0.706      0.595      3.774
 GND4
    Category > 1       2.227      1.719      0.490     10.114
 GND6
    Category > 1       3.726      5.012      0.267     52.049

Latent Class Pattern 1 2 Compared to Latent Class Pattern 1 3

 GND1
    Category > 1     142.122     66.939     56.460    357.752
 GND2
    Category > 1    2115.200  22636.791      0.000  *********
 GND4
    Category > 1      13.816      7.252      4.939     38.653
 GND6
    Category > 1       6.474      2.857      2.726     15.373

Latent Class Pattern 1 2 Compared to Latent Class Pattern 2 1

 GND1
    Category > 1   *********      0.000  *********  *********
 GND2
    Category > 1    1794.783  19241.561      0.000  *********
 GND4
    Category > 1      54.765    100.421      1.505   1992.231
 GND6
    Category > 1      24.913     29.128      2.519    246.409

Latent Class Pattern 1 2 Compared to Latent Class Pattern 2 2

 GND1
    Category > 1       0.000      0.000      0.000      0.000
 GND2
    Category > 1      10.065    105.525      0.000  *********
 GND4
    Category > 1       3.738      1.957      1.340     10.430
 GND6
    Category > 1       3.055      1.467      1.192      7.830

Latent Class Pattern 1 2 Compared to Latent Class Pattern 2 3

 GND1
    Category > 1      39.250     15.737     17.887     86.127
 GND2
    Category > 1     778.800   8376.950      0.000  *********
 GND4
    Category > 1       0.466      0.260      0.156      1.390
 GND6
    Category > 1       0.389      0.193      0.147      1.026

Latent Class Pattern 1 3 Compared to Latent Class Pattern 2 1

 GND1
    Category > 1   19641.498      0.000  19641.498  19641.498
 GND2
    Category > 1       0.849      0.181      0.558      1.289
 GND4
    Category > 1       3.964      6.763      0.140    112.311
 GND6
    Category > 1       3.848      4.145      0.466     31.775

Latent Class Pattern 1 3 Compared to Latent Class Pattern 2 2

 GND1
    Category > 1       0.000      0.000      0.000      0.000
 GND2
    Category > 1       0.005      0.002      0.002      0.012
 GND4
    Category > 1       0.271      0.090      0.141      0.521
 GND6
    Category > 1       0.472      0.137      0.267      0.834

Latent Class Pattern 1 3 Compared to Latent Class Pattern 2 3

 GND1
    Category > 1       0.276      0.101      0.135      0.564
 GND2
    Category > 1       0.368      0.088      0.230      0.590
 GND4
    Category > 1       0.034      0.011      0.018      0.063
 GND6
    Category > 1       0.060      0.018      0.034      0.107

Latent Class Pattern 2 1 Compared to Latent Class Pattern 2 2

 GND1
    Category > 1       0.000      0.000      0.000      0.000
 GND2
    Category > 1       0.006      0.003      0.002      0.014
 GND4
    Category > 1       0.068      0.121      0.002      2.186
 GND6
    Category > 1       0.123      0.136      0.014      1.076

Latent Class Pattern 2 1 Compared to Latent Class Pattern 2 3

 GND1
    Category > 1       0.000      0.000      0.000      0.000
 GND2
    Category > 1       0.434      0.071      0.314      0.599
 GND4
    Category > 1       0.009      0.014      0.000      0.227
 GND6
    Category > 1       0.016      0.016      0.002      0.116

Latent Class Pattern 2 2 Compared to Latent Class Pattern 2 3

 GND1
    Category > 1   *********      0.000  *********  *********
 GND2
    Category > 1      77.378     40.838     27.503    217.702
 GND4
    Category > 1       0.125      0.050      0.057      0.275
 GND6
    Category > 1       0.127      0.050      0.059      0.276


QUALITY OF NUMERICAL RESULTS

     Condition Number for the Information Matrix              0.267E-05
       (ratio of smallest to largest eigenvalue)


MODEL COMMAND WITH FINAL ESTIMATES USED AS STARTING VALUES

     %OVERALL%

     c#1 ON g#1*-2.98869;
     c#2 ON g#1*-0.60099;

     [ g#1*0.01195 ];
     [ c#1*0.75442 ];
     [ c#2*-3.02392 ];

     %G#1.C#1%

     [ gnd1$1*2.64366 ];
     [ gnd2$1*2.46935 ];
     [ gnd4$1*-1.61631 ];
     [ gnd6$1*-1.94765 ];

     %G#1.C#2%

     [ gnd1$1*0.15791 ];
     [ gnd2$1*-3.78398 ];
     [ gnd4$1*-0.05297 ];
     [ gnd6$1*0.31246 ];

     %G#1.C#3%

     [ gnd1$1*5.11460 ];
     [ gnd2$1*3.87293 ];
     [ gnd4$1*2.57288 ];
     [ gnd6$1*2.18019 ];

     %G#2.C#1%

     [ gnd1$1*15 ];
     [ gnd2$1*3.70866 ];
     [ gnd4$1*3.95009 ];
     [ gnd6$1*3.52786 ];

     %G#2.C#2%

     [ gnd1$1*-15 ];
     [ gnd2$1*-1.47493 ];
     [ gnd4$1*1.26564 ];
     [ gnd6$1*1.42924 ];

     %G#2.C#3%

     [ gnd1$1*3.82787 ];
     [ gnd2$1*2.87378 ];
     [ gnd4$1*-0.81574 ];
     [ gnd6$1*-0.63245 ];



TECHNICAL 10 OUTPUT


     OUTPUT FOR CLASS G#1


     MODEL FIT INFORMATION FOR THE LATENT CLASS INDICATOR MODEL PART


     RESPONSE PATTERNS

     No.  Pattern    No.  Pattern    No.  Pattern    No.  Pattern
       1  0000         2  0001         3  0010         4  0011
       5  0100         6  0101         7  0110         8  0111
       9  1000        10  1001        11  1010        12  1011
      13  1100        14  1101        15  1110        16  1111
      17  00*0        18  00*1        19  01*0        20  000*
      21  001*        22  010*        23  100*        24  *000
      25  00**        26  01**        27  0*00        28  0*01
      29  0*10


     RESPONSE PATTERN FREQUENCIES AND CHI-SQUARE CONTRIBUTIONS

    Response          Frequency     Standardized  Chi-square Contribution
     Pattern    Observed  Estimated   Residual    Pearson   Loglikelihood  Deleted
                                     (z-score)
         1      5804.21    5794.52       0.20       0.00         0.64
         2       751.58     748.81       0.09       0.00         1.03
         3       506.28     510.05      -0.14       0.01        -1.51
         4       529.19     528.87       0.01       0.00         3.01
         5       142.50     149.46      -0.48      -0.01         0.23
         6        38.30      42.19      -0.50       0.34        -5.75
         7        46.67      44.58       0.26       0.08         6.38
         8        61.80      63.21      -0.15       0.03        -3.56
         9        35.41      36.24      -0.12       0.02        -1.36
        10        12.35      11.08       0.32       0.15         2.77
        11         7.98       8.08      -0.03       0.00        -0.36
        12        33.05      34.74      -0.24       0.08        -3.97
        13        36.45      24.80       1.97       5.47        27.34
        14         8.41      18.21      -1.93       5.27       -13.16
        15        12.69      25.76      -2.16       6.63       -18.23
        16        35.12      21.39       2.49       8.80        34.10
        17        27.78      28.50      -0.24       0.00         0.00
        18         3.46       5.78      -0.88      -0.01         0.01
        19         5.21       0.88       3.93       0.50         0.17
        20        16.10      25.24      -3.52       0.00         0.00
        21         9.35       4.01       2.40       0.01         0.01
        22         4.98       0.74       4.19      -0.51        -0.15
        23         0.66       0.18       0.94       0.03         0.02
        24         1.07       0.77       0.54       0.00         0.00
        25         4.77       5.57      -1.16       0.00         0.00
        26         1.14       0.22       1.69      -0.03        -0.01
        27         4.74       5.05      -0.22       0.00         0.00
        28         1.01       0.67       0.36       0.00        -0.01
        29         1.09       0.47       0.79       0.01         0.01

     THE TOTAL PEARSON CHI-SQUARE CONTRIBUTION FROM EMPTY CELLS IS         0.02


     UNIVARIATE MODEL FIT INFORMATION

                               Estimated Probabilities
                                                  Standardized
     Variable              H1           H0          Residual
                                                   (z-score)
     GND1
       Category 1        0.978        0.978           0.000
       Category 2        0.022        0.022           0.000
       Univariate Pearson Chi-Square                  0.000
       Univariate Log-Likelihood Chi-Square           0.000
     GND2
       Category 1        0.952        0.952           0.000
       Category 2        0.048        0.048           0.000
       Univariate Pearson Chi-Square                  0.000
       Univariate Log-Likelihood Chi-Square           0.000
     GND4
       Category 1        0.847        0.847          -0.002
       Category 2        0.153        0.153           0.002
       Univariate Pearson Chi-Square                  0.000
       Univariate Log-Likelihood Chi-Square           0.000
     GND6
       Category 1        0.818        0.818           0.001
       Category 2        0.182        0.182          -0.001
       Univariate Pearson Chi-Square                  0.000
       Univariate Log-Likelihood Chi-Square           0.000


     BIVARIATE MODEL FIT INFORMATION

                                              Estimated Probabilities
                                                                 Standardized
     Variable       Variable              H1           H0          Residual
                                                                  (z-score)
     GND1           GND2
       Category 1     Category 1        0.941        0.940           0.063
       Category 1     Category 2        0.037        0.037          -0.078
       Category 2     Category 1        0.011        0.011          -0.141
       Category 2     Category 2        0.011        0.011           0.141
       Bivariate Pearson Chi-Square                                  0.064
       Bivariate Log-Likelihood Chi-Square                           0.064
     GND1           GND4
       Category 1     Category 1        0.835        0.835          -0.053
       Category 1     Category 2        0.142        0.142           0.056
       Category 2     Category 1        0.011        0.011           0.181
       Category 2     Category 2        0.011        0.011          -0.181
       Bivariate Pearson Chi-Square                                  0.097
       Bivariate Log-Likelihood Chi-Square                           0.097
     GND1           GND6
       Category 1     Category 1        0.806        0.806           0.067
       Category 1     Category 2        0.171        0.172          -0.071
       Category 2     Category 1        0.011        0.012          -0.242
       Category 2     Category 2        0.011        0.011           0.255
       Bivariate Pearson Chi-Square                                  0.181
       Bivariate Log-Likelihood Chi-Square                           0.181
     GND2           GND4
       Category 1     Category 1        0.818        0.817           0.035
       Category 1     Category 2        0.134        0.134          -0.040
       Category 2     Category 1        0.029        0.029          -0.085
       Category 2     Category 2        0.019        0.019           0.105
       Bivariate Pearson Chi-Square                                  0.028
       Bivariate Log-Likelihood Chi-Square                           0.028
     GND2           GND6
       Category 1     Category 1        0.787        0.788          -0.030
       Category 1     Category 2        0.164        0.164           0.033
       Category 2     Category 1        0.031        0.030           0.075
       Category 2     Category 2        0.018        0.018          -0.096
       Bivariate Pearson Chi-Square                                  0.022
       Bivariate Log-Likelihood Chi-Square                           0.022
     GND4           GND6
       Category 1     Category 1        0.746        0.745           0.238
       Category 1     Category 2        0.100        0.102          -0.345
       Category 2     Category 1        0.072        0.073          -0.397
       Category 2     Category 2        0.082        0.080           0.382
       Bivariate Pearson Chi-Square                                  0.570
       Bivariate Log-Likelihood Chi-Square                           0.571

       Overall Bivariate Pearson Chi-Square                          0.962
       Overall Bivariate Log-Likelihood Chi-Square                   0.963


     OUTPUT FOR CLASS G#2


     MODEL FIT INFORMATION FOR THE LATENT CLASS INDICATOR MODEL PART


     RESPONSE PATTERNS

     No.  Pattern    No.  Pattern    No.  Pattern    No.  Pattern
       1  0000         2  0001         3  0010         4  0011
       5  0100         6  0101         7  0110         8  0111
       9  1000        10  1001        11  1010        12  1011
      13  1100        14  1101        15  1110        16  1111
      17  00*0        18  00*1        19  01*0        20  01*1
      21  10*1        22  11*0        23  000*        24  001*
      25  010*        26  011*        27  101*        28  *000
      29  *001        30  *011        31  *100        32  00**
      33  01**        34  11**        35  0*00        36  0*01
      37  0*10        38  0*11        39  1*01        40  0***
      41  1***        42  *00*        43  *01*        44  **00
      45  **11        46  *0**        47  0*0*        48  **1*
      49  0**1        50  ***0        51  ***1


     RESPONSE PATTERN FREQUENCIES AND CHI-SQUARE CONTRIBUTIONS

    Response          Frequency     Standardized  Chi-square Contribution
     Pattern    Observed  Estimated   Residual    Pearson   Loglikelihood  Deleted
                                     (z-score)
         1      5196.78    5163.35       0.66       0.00        -0.16
         2       598.43     605.70      -0.26       0.01        -0.85
         3       650.18     648.74       0.05       0.00         2.39
         4      1029.10    1045.62      -0.46      -0.01         0.67
         5       130.71     134.39      -0.27       0.00         0.12
         6        29.32      29.59      -0.04      -0.04         1.68
         7        30.52      33.62      -0.45       0.28        -4.86
         8        57.63      58.97      -0.15      -0.03         1.19
         9        19.08      19.49      -0.08       0.01        -1.11
        10        12.56      13.43      -0.20       0.00        -0.07
        11        18.12      16.05       0.43       0.27         4.74
        12        20.57      23.64      -0.53       0.39        -4.72
        13        66.30      62.19       0.44       0.26         9.87
        14        10.24      15.39      -1.10       1.69        -7.22
        15        12.97      18.14      -1.02       1.47        -8.58
        16        11.26       5.46       2.08       6.15        16.31
        17        15.36      29.49      -4.25       0.00         0.01
        18        21.43       8.38       4.25       0.00         0.00
        19         0.90       0.85       0.05       0.00        -0.03
        20         1.56       0.45       1.39       0.08         0.05
        21         0.40       0.19       0.42      -0.05        -0.06
        22         0.40       0.41      -0.01       0.00         0.00
        23        12.24      18.94      -2.49       0.00         0.00
        24         8.65       5.56       1.24       0.01         0.02
        25         3.25       0.54       3.13       0.11         0.04
        26         1.17       0.30       1.32      -0.09        -0.05
        27         0.61       0.13       1.11      -0.02        -0.01
        28         1.18       4.25      -2.13       0.00         0.00
        29         1.72       0.51       1.49       0.00         0.00
        30         2.07       0.88       1.15      -0.01        -0.01
        31         1.49       0.16       2.82       0.33         0.07
        32         7.17      10.00      -3.21       0.00         0.00
        33         2.56       0.34       3.22      -0.08        -0.02
        34         0.85       0.14       1.63       0.05         0.02
        35         5.37      11.47      -2.64       0.00         0.00
        36         2.91       1.38       1.15       0.00         0.00
        37         1.90       1.48       0.30       0.00        -0.01
        38         5.61       2.39       1.88       0.01         0.01
        39         1.31       0.06       4.20      -5.24        -0.46
        40        24.38      25.37      -1.10       0.00         0.00
        41         1.55       0.57       1.10       0.00         0.00
        42         1.48       1.57      -0.11       0.00         0.00
        43         0.65       0.47       0.25       0.00         0.00
        44         0.49       0.73      -0.42       0.00         0.00
        45         0.58       0.15       0.99       0.01         0.00
        46        15.66      14.95       0.72       0.00         0.00
        47         1.05       0.79       0.49       0.00         0.00
        48         3.21       0.75       2.72       0.00         0.00
        49         1.01       0.22       1.59       0.00         0.00
        50         0.90       2.06      -1.42       0.00         0.00
        51         1.77       0.61       1.42       0.00         0.00

     THE TOTAL PEARSON CHI-SQUARE CONTRIBUTION FROM EMPTY CELLS IS        -0.02


     UNIVARIATE MODEL FIT INFORMATION

                               Estimated Probabilities
                                                  Standardized
     Variable              H1           H0          Residual
                                                   (z-score)
     GND1
       Category 1        0.978        0.978          -0.001
       Category 2        0.022        0.022           0.001
       Univariate Pearson Chi-Square                  0.000
       Univariate Log-Likelihood Chi-Square           0.000
     GND2
       Category 1        0.955        0.955           0.005
       Category 2        0.045        0.045          -0.005
       Univariate Pearson Chi-Square                  0.000
       Univariate Log-Likelihood Chi-Square           0.000
     GND4
       Category 1        0.766        0.766           0.001
       Category 2        0.234        0.234          -0.001
       Univariate Pearson Chi-Square                  0.000
       Univariate Log-Likelihood Chi-Square           0.000
     GND6
       Category 1        0.772        0.772           0.000
       Category 2        0.228        0.228           0.000
       Univariate Pearson Chi-Square                  0.000
       Univariate Log-Likelihood Chi-Square           0.000


     BIVARIATE MODEL FIT INFORMATION

                                              Estimated Probabilities
                                                                 Standardized
     Variable       Variable              H1           H0          Residual
                                                                  (z-score)
     GND1           GND2
       Category 1     Category 1        0.946        0.945           0.043
       Category 1     Category 2        0.032        0.033          -0.056
       Category 2     Category 1        0.009        0.009          -0.091
       Category 2     Category 2        0.013        0.013           0.079
       Bivariate Pearson Chi-Square                                  0.025
       Bivariate Log-Likelihood Chi-Square                           0.025
     GND1           GND4
       Category 1     Category 1        0.752        0.752           0.009
       Category 1     Category 2        0.226        0.226          -0.010
       Category 2     Category 1        0.014        0.014          -0.029
       Category 2     Category 2        0.008        0.008           0.041
       Bivariate Pearson Chi-Square                                  0.004
       Bivariate Log-Likelihood Chi-Square                           0.004
     GND1           GND6
       Category 1     Category 1        0.757        0.758          -0.031
       Category 1     Category 2        0.221        0.220           0.032
       Category 2     Category 1        0.015        0.015           0.110
       Category 2     Category 2        0.007        0.007          -0.152
       Bivariate Pearson Chi-Square                                  0.051
       Bivariate Log-Likelihood Chi-Square                           0.051
     GND2           GND4
       Category 1     Category 1        0.735        0.735          -0.024
       Category 1     Category 2        0.220        0.220           0.028
       Category 2     Category 1        0.031        0.031           0.064
       Category 2     Category 2        0.015        0.015          -0.100
       Bivariate Pearson Chi-Square                                  0.021
       Bivariate Log-Likelihood Chi-Square                           0.021
     GND2           GND6
       Category 1     Category 1        0.741        0.741           0.061
       Category 1     Category 2        0.214        0.214          -0.063
       Category 2     Category 1        0.031        0.031          -0.154
       Category 2     Category 2        0.014        0.014           0.221
       Bivariate Pearson Chi-Square                                  0.107
       Bivariate Log-Likelihood Chi-Square                           0.106
     GND4           GND6
       Category 1     Category 1        0.682        0.681           0.087
       Category 1     Category 2        0.084        0.084          -0.144
       Category 2     Category 1        0.090        0.091          -0.141
       Category 2     Category 2        0.144        0.144           0.114
       Bivariate Pearson Chi-Square                                  0.072
       Bivariate Log-Likelihood Chi-Square                           0.072

       Overall Bivariate Pearson Chi-Square                          0.279
       Overall Bivariate Log-Likelihood Chi-Square                   0.279


SAVEDATA INFORMATION


  Save file
    Prob_MGRegion_C3cl3CHet.dat

  Order and format of variables

    GND1           F10.3
    GND2           F10.3
    GND4           F10.3
    GND6           F10.3
    CPROB1         F10.3
    CPROB2         F10.3
    CPROB3         F10.3
    CPROB4         F10.3
    CPROB5         F10.3
    CPROB6         F10.3
    G              F10.3
    C              F10.3
    MLCJOINT       F10.3
    WS             F10.3
    IDSTUD         I9
    ID_S           I4
    ID_J           I4
    GROUP          I2

  Save file format
    14F10.3 I9 2I4 I2

  Save file record length    10000

  Save missing symbol        *


     Beginning Time:  15:08:14
        Ending Time:  15:09:32
       Elapsed Time:  00:01:18



MUTHEN & MUTHEN
3463 Stoner Ave.
Los Angeles, CA  90066

Tel: (310) 391-9971
Fax: (310) 391-8971
Web: www.StatModel.com
Support: Support@StatModel.com

Copyright (c) 1998-2020 Muthen & Muthen
