Mplus VERSION 8.5 (Mac)
MUTHEN & MUTHEN
04/07/2021  10:10 PM

INPUT INSTRUCTIONS

  TITLE: ITAETH LCA - C3 with 2 classes;
  DATA:
  FILE = ETHDtaC3.dat;

  VARIABLE:
  NAMES = id_i
  id_j
  id_r
  id_s
  id_k
  wt
  ws
  ETH1
  ETH2
  ETH3
  ETH4
  ETH5
  IDSTUD;
  IDVARIABLE = IDSTUD;
  USEVARIABLES = ETH1
  ETH2
  ETH3
  ETH4
  ETH5;
  USEOBSERVATIONS ARE id_k EQ 7;
  CATEGORICAL = ETH1
  ETH2
  ETH3
  ETH4
  ETH5;
  MISSING = .;
  CLASSES = c(2);
  WEIGHT = ws;
  STRATIFICATION = id_s;
  CLUSTER = id_j;

  ANALYSIS:
  TYPE = COMPLEX MIXTURE;
  PROCESSORS = 4;
  STARTS = 1000 250;
  STITERATIONS = 20;
  STSEED = 288;

  MODEL:
  %OVERALL%

  OUTPUT:
  TECH10
  TECH11
  SVALUES
  ;

  SAVEDATA:
  FILE = Prob_ITA_ETHlca_C3cl2.dat;
  SAVE = CPROBABILITIES;



*** WARNING in VARIABLE command
  When a subpopulation is analyzed with TYPE=COMPLEX, standard errors
  may be incorrect.  Use the SUBPOPULATION option instead of the
  USEOBSERVATIONS option to obtain correct standard errors.
*** WARNING
  Data set contains cases with missing on all variables.
  These cases were not included in the analysis.
  Number of cases with missing on all variables:  28
   2 WARNING(S) FOUND IN THE INPUT INSTRUCTIONS



ITAETH LCA - C3 with 2 classes;

SUMMARY OF ANALYSIS

Number of groups                                                 1
Number of observations                                        3422

Number of dependent variables                                    5
Number of independent variables                                  0
Number of continuous latent variables                            0
Number of categorical latent variables                           1

Observed dependent variables

  Binary and ordered categorical (ordinal)
   ETH1        ETH2        ETH3        ETH4        ETH5

Categorical latent variables
   C

Variables with special functions

  Stratification        ID_S
  Cluster variable      ID_J
  Weight variable       WS
  ID variable           IDSTUD

Estimator                                                      MLR
Information matrix                                        OBSERVED
Optimization Specifications for the Quasi-Newton Algorithm for
Continuous Outcomes
  Maximum number of iterations                                 100
  Convergence criterion                                  0.100D-05
Optimization Specifications for the EM Algorithm
  Maximum number of iterations                                 500
  Convergence criteria
    Loglikelihood change                                 0.100D-06
    Relative loglikelihood change                        0.100D-06
    Derivative                                           0.100D-05
Optimization Specifications for the M step of the EM Algorithm for
Categorical Latent variables
  Number of M step iterations                                    1
  M step convergence criterion                           0.100D-05
  Basis for M step termination                           ITERATION
Optimization Specifications for the M step of the EM Algorithm for
Censored, Binary or Ordered Categorical (Ordinal), Unordered
Categorical (Nominal) and Count Outcomes
  Number of M step iterations                                    1
  M step convergence criterion                           0.100D-05
  Basis for M step termination                           ITERATION
  Maximum value for logit thresholds                            15
  Minimum value for logit thresholds                           -15
  Minimum expected cell size for chi-square              0.100D-01
Maximum number of iterations for H1                           2000
Convergence criterion for H1                             0.100D-03
Optimization algorithm                                         EMA
Random Starts Specifications
  Number of initial stage random starts                       1000
  Number of final stage optimizations                          250
  Number of initial stage iterations                            20
  Initial stage convergence criterion                    0.100D+01
  Random starts scale                                    0.500D+01
  Random seed for generating random starts                     288
Link                                                         LOGIT

Input data file(s)
  ETHDtaC3.dat
Input data format  FREE


SUMMARY OF DATA

     Number of missing data patterns            12
     Number of y missing data patterns           0
     Number of u missing data patterns          12
     Number of strata                           75
     Number of clusters                        170


COVARIANCE COVERAGE OF DATA

Minimum covariance coverage value   0.100


     PROPORTION OF DATA PRESENT FOR U


           Covariance Coverage
              ETH1          ETH2          ETH3          ETH4          ETH5
              ________      ________      ________      ________      ________
 ETH1           0.998
 ETH2           0.996         0.997
 ETH3           0.995         0.994         0.996
 ETH4           0.993         0.993         0.992         0.994
 ETH5           0.995         0.995         0.994         0.993         0.996


UNIVARIATE PROPORTIONS AND COUNTS FOR CATEGORICAL VARIABLES

    ETH1
      Category 1    0.960         3280.586
      Category 2    0.040          135.238
    ETH2
      Category 1    0.908         3096.442
      Category 2    0.092          315.392
    ETH3
      Category 1    0.943         3216.121
      Category 2    0.057          194.136
    ETH4
      Category 1    0.735         2501.833
      Category 2    0.265          901.302
    ETH5
      Category 1    0.939         3203.068
      Category 2    0.061          206.804


RANDOM STARTS RESULTS RANKED FROM THE BEST TO THE WORST LOGLIKELIHOOD VALUES

Final stage loglikelihood values at local maxima, seeds, and initial stage start numbers:

           -4426.988  131908           837
           -4426.988  701157           146
           -4426.988  884788           184
           -4426.988  533106           641
           -4426.988  523738           186
           -4426.988  957051           194
           -4426.988  730563           128
           -4426.988  388154           457
           -4426.988  890984           102
           -4426.988  1583             21
           -4426.988  551884           626
           -4426.988  282015           797
           -4426.988  778405           389
           -4426.988  586412           638
           -4426.988  619016           279
           -4426.988  199816           11
           -4426.988  14811            759
           -4426.988  573283           740
           -4426.988  256752           574
           -4426.988  29396            780
           -4426.988  229006           675
           -4426.988  749139           301
           -4426.988  728622           648
           -4426.988  73755            470
           -4426.988  862527           105
           -4426.988  390827           631
           -4426.988  648136           544
           -4426.988  754533           722
           -4426.988  388346           938
           -4426.988  508005           270
           -4426.988  16924            513
           -4426.988  536406           976
           -4426.988  729170           117
           -4426.988  684094           580
           -4426.988  752948           849
           -4426.988  986285           495
           -4426.988  330482           461
           -4426.988  618623           684
           -4426.988  23083            221
           -4426.988  413797           386
           -4426.988  224744           658
           -4426.988  953866           508
           -4426.988  711701           888
           -4426.988  14535            40
           -4426.988  191045           25
           -4426.988  292986           382
           -4426.988  112959           148
           -4426.988  394905           223
           -4426.988  427416           339
           -4426.988  667357           142
           -4426.988  579795           644
           -4426.988  889701           681
           -4426.988  396104           352
           -4426.988  269127           185
           -4426.988  302904           999
           -4426.988  440829           431
           -4426.988  8288             775
           -4426.988  566431           757
           -4426.988  804806           254
           -4426.988  769693           399
           -4426.988  73135            288
           -4426.988  259892           742
           -4426.988  468884           58
           -4426.988  208289           31
           -4426.988  58623            732
           -4426.988  72174            923
           -4426.988  527001           801
           -4426.988  125830           187
           -4426.988  325994           748
           -4426.988  836620           612
           -4426.988  45433            720
           -4426.988  67434            878
           -4426.988  615741           588
           -4426.988  280987           489
           -4426.988  776432           690
           -4426.988  87282            366
           -4426.988  572149           155
           -4426.988  385253           692
           -4426.988  759317           180
           -4426.988  154351           1000
           -4426.988  611976           753
           -4426.988  219014           75
           -4426.988  530099           236
           -4426.988  229344           916
           -4426.988  125680           791
           -4426.988  914220           902
           -4426.988  207535           912
           -4426.988  95624            561
           -4426.988  94439            635
           -4426.988  375263           863
           -4426.988  602610           203
           -4426.988  437999           335
           -4426.988  721189           474
           -4426.988  126667           38
           -4426.988  733842           835
           -4426.988  203503           196
           -4426.988  729705           501
           -4426.988  124010           543
           -4426.988  890198           417
           -4426.988  210174           733
           -4426.988  589094           383
           -4426.988  226263           830
           -4426.988  816924           905
           -4426.988  854348           827
           -4426.988  847136           357
           -4426.988  970442           856
           -4426.988  742602           131
           -4426.988  803294           244
           -4426.988  333225           769
           -4426.988  550795           779
           -4426.988  541841           879
           -4426.988  325635           438
           -4426.988  332221           542
           -4426.988  692130           727
           -4426.988  521345           326
           -4426.988  130856           647
           -4426.988  988355           287
           -4426.988  449753           665
           -4426.988  771889           866
           -4426.988  558819           667
           -4426.988  853945           415
           -4426.988  571411           289
           -4426.988  560264           496
           -4426.988  391260           183
           -4426.988  674652           601
           -4426.988  257000           135
           -4426.988  943593           858
           -4426.988  247466           56
           -4426.988  840324           396
           -4426.988  919611           405
           -4426.988  566035           586
           -4426.988  481396           619
           -4426.988  665179           374
           -4426.988  657384           974
           -4426.988  686460           347
           -4426.988  14596            96
           -4426.988  565251           676
           -4426.988  4082             445
           -4426.988  269627           970
           -4426.988  874199           872
           -4426.988  800324           312
           -4426.988  125480           300
           -4426.988  385729           273
           -4426.988  746482           80
           -4426.988  789068           174
           -4426.988  363296           937
           -4426.988  845314           106
           -4426.988  494022           377
           -4426.988  713307           426
           -4426.988  681430           764
           -4426.988  761359           784
           -4426.988  538895           296
           -4426.988  611763           126
           -4426.988  102850           449
           -4426.988  52775            318
           -4426.988  119252           943
           -4426.988  795921           967
           -4426.988  295469           313
           -4426.988  646105           304
           -4426.988  943264           132
           -4426.988  961659           864
           -4426.988  553464           113
           -4426.988  102664           540
           -4426.988  617941           168
           -4426.988  550421           504
           -4426.988  767001           147
           -4426.988  971300           813
           -4426.988  974013           841
           -4426.988  307749           656
           -4426.988  525859           814
           -4426.988  546573           760
           -4426.988  690280           877
           -4426.988  649438           103
           -4426.988  674140           758
           -4426.988  920957           62
           -4426.988  998022           514
           -4426.988  179221           721
           -4426.988  782833           282
           -4426.988  547800           794
           -4426.988  170402           703
           -4426.988  207159           493
           -4426.988  353558           662
           -4426.988  148293           258
           -4426.988  687662           201
           -4426.988  116127           954
           -4426.988  61168            83
           -4426.988  702720           550
           -4426.988  702932           669
           -4426.988  425653           643
           -4426.988  970403           507
           -4426.988  847900           498
           -4426.988  584076           497
           -4426.988  647619           843
           -4426.988  80124            965
           -4426.988  390603           192
           -4426.988  616518           448
           -4426.988  589343           317
           -4426.988  529186           368
           -4426.988  41136            529
           -4426.988  392359           926
           -4426.988  859326           476
           -4426.988  536337           134
           -4426.988  703404           63
           -4426.988  233115           441
           -4426.988  188329           716
           -4426.988  771482           178
           -4426.988  594763           947
           -4426.988  730687           611
           -4426.988  653521           202
           -4426.988  692137           430
           -4426.988  119272           388
           -4426.988  905126           723
           -4426.988  983784           118
           -4426.988  440588           517
           -4426.988  742884           233
           -4426.988  160604           121
           -4426.988  586992           949
           -4426.988  844715           603
           -4426.988  425103           69
           -4426.988  534026           499
           -4426.988  290638           666
           -4426.988  58551            12
           -4426.988  504895           506
           -4426.988  544679           986
           -4426.988  513056           385
           -4426.988  378510           397
           -4426.988  369474           935
           -4426.988  965429           724
           -4426.988  943837           646
           -4426.988  425012           825
           -4426.988  782637           338
           -4426.988  808818           46
           -4426.988  202454           812
           -4426.988  831668           932
           -4426.988  589511           247
           -4426.988  53405            28
           -4426.988  180147           948
           -4426.988  269849           945
           -4426.988  488534           375
           -4426.988  378526           99
           -4426.988  641878           115
           -4426.988  47928            36
           -4426.988  986227           24
           -4426.988  261715           458
           -4426.988  823689           761
           -4426.988  723959           712
           -4426.988  325774           336
           -4426.988  401359           609
           -4426.988  103347           181
           -4426.988  959921           961



THE BEST LOGLIKELIHOOD VALUE HAS BEEN REPLICATED.  RERUN WITH AT LEAST TWICE THE
RANDOM STARTS TO CHECK THAT THE BEST LOGLIKELIHOOD IS STILL OBTAINED AND REPLICATED.


THE MODEL ESTIMATION TERMINATED NORMALLY



MODEL FIT INFORMATION

Number of Free Parameters                       11

Loglikelihood

          H0 Value                       -4426.988
          H0 Scaling Correction Factor      1.3392
            for MLR

Information Criteria

          Akaike (AIC)                    8875.976
          Bayesian (BIC)                  8943.494
          Sample-Size Adjusted BIC        8908.542
            (n* = (n + 2) / 24)

Chi-Square Test of Model Fit for the Binary and Ordered Categorical
(Ordinal) Outcomes**

          Pearson Chi-Square

          Value                            215.862
          Degrees of Freedom                    19
          P-Value                           0.0000

          Likelihood Ratio Chi-Square

          Value                            193.541
          Degrees of Freedom                    19
          P-Value                           0.0000

** Of the 134 cells in the latent class indicator table, 1
   were deleted in the calculation of chi-square due to extreme values.

Chi-Square Test for MCAR under the Unrestricted Latent Class Indicator Model

          Pearson Chi-Square

          Value                            145.470
          Degrees of Freedom                    91
          P-Value                           0.0003

          Likelihood Ratio Chi-Square

          Value                             37.116
          Degrees of Freedom                    91
          P-Value                           1.0000



FINAL CLASS COUNTS AND PROPORTIONS FOR THE LATENT CLASSES
BASED ON THE ESTIMATED MODEL

    Latent
   Classes

       1       2999.22894          0.87645
       2        422.77106          0.12355


FINAL CLASS COUNTS AND PROPORTIONS FOR THE LATENT CLASSES
BASED ON ESTIMATED POSTERIOR PROBABILITIES

    Latent
   Classes

       1       2999.22894          0.87645
       2        422.77106          0.12355


FINAL CLASS COUNTS AND PROPORTIONS FOR THE LATENT CLASSES
BASED ON THEIR MOST LIKELY LATENT CLASS MEMBERSHIP

Class Counts and Proportions

    Latent
   Classes

       1             3030          0.88536
       2              392          0.11464


CLASSIFICATION QUALITY

     Entropy                         0.858


Average Latent Class Probabilities for Most Likely Latent Class Membership (Row)
by Latent Class (Column)

           1        2

    1   0.977    0.023
    2   0.099    0.901


Classification Probabilities for the Most Likely Latent Class Membership (Column)
by Latent Class (Row)

           1        2

    1   0.987    0.013
    2   0.164    0.836


Logits for the Classification Probabilities for the Most Likely Latent Class Membership (Column)
by Latent Class (Row)

              1        2

    1      4.334    0.000
    2     -1.629    0.000


MODEL RESULTS

                                                    Two-Tailed
                    Estimate       S.E.  Est./S.E.    P-Value

Latent Class 1

 Thresholds
    ETH1$1             6.068      0.702      8.649      0.000
    ETH2$1             4.261      0.342     12.444      0.000
    ETH3$1             3.991      0.193     20.677      0.000
    ETH4$1             1.407      0.068     20.726      0.000
    ETH5$1             4.802      0.303     15.864      0.000

Latent Class 2

 Thresholds
    ETH1$1             0.824      0.178      4.628      0.000
    ETH2$1            -0.613      0.184     -3.328      0.001
    ETH3$1             0.692      0.148      4.682      0.000
    ETH4$1            -1.096      0.161     -6.827      0.000
    ETH5$1             0.266      0.172      1.544      0.123

Categorical Latent Variables

 Means
    C#1                1.959      0.107     18.247      0.000


RESULTS IN PROBABILITY SCALE

Latent Class 1

 ETH1
    Category 1         0.998      0.002    616.940      0.000
    Category 2         0.002      0.002      1.429      0.153
 ETH2
    Category 1         0.986      0.005    210.000      0.000
    Category 2         0.014      0.005      2.961      0.003
 ETH3
    Category 1         0.982      0.003    285.565      0.000
    Category 2         0.018      0.003      5.276      0.000
 ETH4
    Category 1         0.803      0.011     74.888      0.000
    Category 2         0.197      0.011     18.332      0.000
 ETH5
    Category 1         0.992      0.002    405.526      0.000
    Category 2         0.008      0.002      3.331      0.001

Latent Class 2

 ETH1
    Category 1         0.695      0.038     18.420      0.000
    Category 2         0.305      0.038      8.080      0.000
 ETH2
    Category 1         0.351      0.042      8.372      0.000
    Category 2         0.649      0.042     15.454      0.000
 ETH3
    Category 1         0.667      0.033     20.277      0.000
    Category 2         0.333      0.033     10.146      0.000
 ETH4
    Category 1         0.250      0.030      8.307      0.000
    Category 2         0.750      0.030     24.867      0.000
 ETH5
    Category 1         0.566      0.042     13.370      0.000
    Category 2         0.434      0.042     10.246      0.000


LATENT CLASS ODDS RATIO RESULTS

                                                95% C.I.
                    Estimate       S.E.  Lower 2.5% Upper 2.5%

Latent Class 1 Compared to Latent Class 2

 ETH1
    Category > 1       0.005      0.004      0.001      0.021
 ETH2
    Category > 1       0.008      0.003      0.004      0.016
 ETH3
    Category > 1       0.037      0.009      0.023      0.059
 ETH4
    Category > 1       0.082      0.015      0.058      0.116
 ETH5
    Category > 1       0.011      0.003      0.006      0.019


QUALITY OF NUMERICAL RESULTS

     Condition Number for the Information Matrix              0.580E-02
       (ratio of smallest to largest eigenvalue)


MODEL COMMAND WITH FINAL ESTIMATES USED AS STARTING VALUES

     %OVERALL%

     [ c#1*1.95928 ];

     %C#1%

     [ eth1$1*6.06799 ];
     [ eth2$1*4.26143 ];
     [ eth3$1*3.99125 ];
     [ eth4$1*1.40737 ];
     [ eth5$1*4.80195 ];

     %C#2%

     [ eth1$1*0.82399 ];
     [ eth2$1*-0.61293 ];
     [ eth3$1*0.69245 ];
     [ eth4$1*-1.09644 ];
     [ eth5$1*0.26610 ];



TECHNICAL 10 OUTPUT


     MODEL FIT INFORMATION FOR THE LATENT CLASS INDICATOR MODEL PART


     RESPONSE PATTERNS

     No.  Pattern    No.  Pattern    No.  Pattern    No.  Pattern
       1  00000        2  00001        3  00010        4  00011
       5  00100        6  00101        7  00110        8  00111
       9  01000       10  01001       11  01010       12  01011
      13  01100       14  01101       15  01110       16  01111
      17  10000       18  10001       19  10010       20  10011
      21  10100       22  10101       23  10110       24  11000
      25  11001       26  11010       27  11011       28  11100
      29  11101       30  11110       31  11111       32  00*00
      33  00*10       34  01*01       35  11*00       36  0000*
      37  0001*       38  1000*       39  0*000       40  0*010
      41  0****       42  000*0       43  000*1       44  001*0
      45  010*0       46  **0**       47  000**       48  *1***
      49  0*0**       50  *0000       51  *0101       52  ***00



     RESPONSE PATTERN FREQUENCIES AND CHI-SQUARE CONTRIBUTIONS

    Response          Frequency     Standardized  Chi-square Contribution
     Pattern    Observed  Estimated   Residual    Pearson   Loglikelihood  Deleted
                                     (z-score)
         1      2309.57    2292.23       0.60       0.12        23.26
         2        25.32      26.14      -0.15       0.02        -0.93
         3       573.94     587.62      -0.59       0.31       -23.13
         4        22.15      26.72      -0.84       0.77        -7.57
         5        39.47      47.00      -1.04       1.20       -13.17
         6        14.85       4.05       5.06      28.83        39.93
         7        38.69      24.77       2.65       7.82        35.38
         8        14.08      11.16       0.83       0.77         6.26
         9        41.09      50.00      -1.20       1.59       -15.99
        10        20.26      13.91       1.61       2.88        16.36
        11       108.30      61.19       5.73      36.28       124.02
        12        19.08      40.92      -3.24      11.65       -29.34
        13         2.66       9.50      -2.09       4.93        -6.81
        14         8.33       6.83       0.54       0.32         3.75
        15         4.96      26.82      -3.99      17.82       -16.81
        16         7.69      20.44      -2.67       7.96       -15.15
        17         8.98       9.52      -0.17      -0.02         0.35
        18         3.36       3.29       0.04      -0.02         0.66
        19        13.42      13.96      -0.14       0.02        -1.35
        20         3.41       9.72      -1.91       4.09        -7.22
        21         2.13       2.22      -0.05       0.00        -0.21
        22         0.93       1.62      -0.52       0.30        -0.96
        23         1.87       6.36      -1.68       3.17        -4.62
        24         5.01       7.89      -0.97       1.01        -3.61
        25         1.13       5.99      -1.87       3.94        -3.79
        26        18.78      23.40      -0.90       0.91        -8.54
        27        17.88      17.92      -0.01       0.00        -0.34
        28         3.98       3.91       0.03      -0.03         0.89
        29         1.41       3.00      -0.86       0.84        -2.15
        30         6.89      11.70      -1.33       1.98        -7.40
        31        43.97       8.97       9.44     100.00       139.12
        32         2.59       5.24      -1.96      -0.01         0.01
        33         3.05       1.37       1.49       0.02         0.03
        34         0.99       0.05       4.12       6.13         0.69
        35         0.96       0.03       5.40      -6.74        -0.34
        36         0.93       2.73      -1.84      -0.01         0.01
        37         1.93       0.72       1.48      -0.12        -0.10
        38         1.13       0.02       8.58       3.35         0.09
        39         2.84       2.79       0.05       0.00         0.01
        40         1.19       0.77       0.49       0.05         0.13
        41         2.02       1.94       0.27       0.00         0.00
        42         7.41       9.13      -1.39       0.00         0.00
        43         1.08       0.17       2.11      -0.66        -0.20
        44         1.34       0.23       2.21       0.69         0.25
        45         0.90       0.35       0.88       0.47         0.53
        46         1.13       1.07       0.25       0.00         0.00
        47         1.90       1.65       0.51       0.00        -0.01
        48         1.12       0.10       3.13       0.00         0.00
        49         1.96       1.80       0.40       0.00         0.02
        50         2.01       1.97       0.05       0.00         0.02
        51         0.89       0.00       9.43      46.19         1.89      DELETED
        52         1.02       0.73       0.60       0.00        -0.01

     THE TOTAL PEARSON CHI-SQUARE CONTRIBUTION FROM EMPTY CELLS IS         5.08


     UNIVARIATE MODEL FIT INFORMATION

                               Estimated Probabilities
                                                  Standardized
     Variable              H1           H0          Residual
                                                   (z-score)
     ETH1
       Category 1        0.960        0.960           0.012
       Category 2        0.040        0.040          -0.012
       Univariate Pearson Chi-Square                  0.000
       Univariate Log-Likelihood Chi-Square           0.000
     ETH2
       Category 1        0.908        0.908          -0.004
       Category 2        0.092        0.092           0.004
       Univariate Pearson Chi-Square                  0.000
       Univariate Log-Likelihood Chi-Square           0.000
     ETH3
       Category 1        0.943        0.943          -0.005
       Category 2        0.057        0.057           0.005
       Univariate Pearson Chi-Square                  0.000
       Univariate Log-Likelihood Chi-Square           0.000
     ETH4
       Category 1        0.735        0.735          -0.012
       Category 2        0.265        0.265           0.012
       Univariate Pearson Chi-Square                  0.000
       Univariate Log-Likelihood Chi-Square           0.000
     ETH5
       Category 1        0.939        0.939           0.002
       Category 2        0.061        0.061          -0.002
       Univariate Pearson Chi-Square                  0.000
       Univariate Log-Likelihood Chi-Square           0.000

       Overall Univariate Pearson Chi-Square                         0.000
       Overall Univariate Log-Likelihood Chi-Square                  0.000


     BIVARIATE MODEL FIT INFORMATION

                                              Estimated Probabilities
                                                                 Standardized
     Variable       Variable              H1           H0          Residual
                                                                  (z-score)
     ETH1           ETH2
       Category 1     Category 1        0.897        0.892           0.871
       Category 1     Category 2        0.063        0.068          -1.064
       Category 2     Category 1        0.010        0.015          -2.213
       Category 2     Category 2        0.029        0.024           1.739
       Bivariate Pearson Chi-Square                                 10.031
       Bivariate Log-Likelihood Chi-Square                          10.561
     ETH1           ETH3
       Category 1     Category 1        0.921        0.916           1.091
       Category 1     Category 2        0.039        0.045          -1.458
       Category 2     Category 1        0.022        0.027          -1.874
       Category 2     Category 2        0.018        0.013           2.706
       Bivariate Pearson Chi-Square                                 14.392
       Bivariate Log-Likelihood Chi-Square                          13.808
     ETH1           ETH4
       Category 1     Category 1        0.726        0.724           0.302
       Category 1     Category 2        0.234        0.236          -0.312
       Category 2     Category 1        0.009        0.011          -1.343
       Category 2     Category 2        0.031        0.029           0.828
       Bivariate Pearson Chi-Square                                  2.870
       Bivariate Log-Likelihood Chi-Square                           3.024
     ETH1           ETH5
       Category 1     Category 1        0.921        0.916           0.979
       Category 1     Category 2        0.039        0.044          -1.308
       Category 2     Category 1        0.018        0.023          -1.798
       Category 2     Category 2        0.021        0.016           2.120
       Bivariate Pearson Chi-Square                                 10.467
       Bivariate Log-Likelihood Chi-Square                          10.387
     ETH2           ETH3
       Category 1     Category 1        0.874        0.878          -0.562
       Category 1     Category 2        0.033        0.030           1.072
       Category 2     Category 1        0.069        0.065           0.741
       Category 2     Category 2        0.024        0.027          -1.124
       Bivariate Pearson Chi-Square                                  3.261
       Bivariate Log-Likelihood Chi-Square                           3.268
     ETH2           ETH4
       Category 1     Category 1        0.710        0.705           0.540
       Category 1     Category 2        0.198        0.202          -0.615
       Category 2     Category 1        0.025        0.030          -1.478
       Category 2     Category 2        0.067        0.062           1.044
       Bivariate Pearson Chi-Square                                  3.975
       Bivariate Log-Likelihood Chi-Square                           4.082
     ETH2           ETH5
       Category 1     Category 1        0.882        0.882           0.095
       Category 1     Category 2        0.025        0.026          -0.199
       Category 2     Category 1        0.057        0.057          -0.130
       Category 2     Category 2        0.035        0.035           0.170
       Bivariate Pearson Chi-Square                                  0.094
       Bivariate Log-Likelihood Chi-Square                           0.094
     ETH3           ETH4
       Category 1     Category 1        0.713        0.712           0.088
       Category 1     Category 2        0.230        0.231          -0.098
       Category 2     Category 1        0.022        0.023          -0.302
       Category 2     Category 2        0.035        0.034           0.257
       Bivariate Pearson Chi-Square                                  0.183
       Bivariate Log-Likelihood Chi-Square                           0.184
     ETH3           ETH5
       Category 1     Category 1        0.909        0.900           1.666
       Category 1     Category 2        0.034        0.043          -2.475
       Category 2     Category 1        0.030        0.039          -2.575
       Category 2     Category 2        0.027        0.018           3.762
       Bivariate Pearson Chi-Square                                 29.751
       Bivariate Log-Likelihood Chi-Square                          28.785
     ETH4           ETH5
       Category 1     Category 1        0.712        0.716          -0.477
       Category 1     Category 2        0.023        0.019           1.529
       Category 2     Category 1        0.227        0.223           0.517
       Category 2     Category 2        0.038        0.042          -1.052
       Bivariate Pearson Chi-Square                                  4.082
       Bivariate Log-Likelihood Chi-Square                           3.964

       Overall Bivariate Pearson Chi-Square                         79.107
       Overall Bivariate Log-Likelihood Chi-Square                  78.157


TECHNICAL 11 OUTPUT

     Random Starts Specifications for the k-1 Class Analysis Model
        Number of initial stage random starts                1000
        Number of final stage optimizations                   250



     VUONG-LO-MENDELL-RUBIN LIKELIHOOD RATIO TEST FOR 1 (H0) VERSUS 2 CLASSES

          H0 Loglikelihood Value                        -5112.704
          2 Times the Loglikelihood Difference           1371.431
          Difference in the Number of Parameters                6
          Mean                                              2.506
          Standard Deviation                               30.697
          P-Value                                          0.0000

     LO-MENDELL-RUBIN ADJUSTED LRT TEST

          Value                                          1343.908
          P-Value                                          0.0000


SAVEDATA INFORMATION


  Save file
    Prob_ITA_ETHlca_C3cl2.dat

  Order and format of variables

    ETH1           F10.3
    ETH2           F10.3
    ETH3           F10.3
    ETH4           F10.3
    ETH5           F10.3
    CPROB1         F10.3
    CPROB2         F10.3
    C              F10.3
    WS             F10.3
    IDSTUD         I9
    ID_S           I5
    ID_J           I5

  Save file format
    9F10.3 I9 2I5

  Save file record length    10000

  Save missing symbol        *


     Beginning Time:  22:10:24
        Ending Time:  22:10:26
       Elapsed Time:  00:00:02



MUTHEN & MUTHEN
3463 Stoner Ave.
Los Angeles, CA  90066

Tel: (310) 391-9971
Fax: (310) 391-8971
Web: www.StatModel.com
Support: Support@StatModel.com

Copyright (c) 1998-2020 Muthen & Muthen
