Mplus VERSION 8.5 (Mac)
MUTHEN & MUTHEN
04/07/2021  10:11 PM

INPUT INSTRUCTIONS

  TITLE: MLTETH LCA - C3 with 4 classes;
  DATA:
  FILE = ETHDtaC3.dat;

  VARIABLE:
  NAMES = id_i
  id_j
  id_r
  id_s
  id_k
  wt
  ws
  ETH1
  ETH2
  ETH3
  ETH4
  ETH5
  IDSTUD;
  IDVARIABLE = IDSTUD;
  USEVARIABLES = ETH1
  ETH2
  ETH3
  ETH4
  ETH5;
  USEOBSERVATIONS ARE id_k EQ 10;
  CATEGORICAL = ETH1
  ETH2
  ETH3
  ETH4
  ETH5;
  MISSING = .;
  CLASSES = c(4);
  WEIGHT = ws;
  STRATIFICATION = id_s;
  CLUSTER = id_j;

  ANALYSIS:
  TYPE = COMPLEX MIXTURE;
  PROCESSORS = 4;
  STARTS = 1000 250;
  STITERATIONS = 20;
  STSEED = 288;

  MODEL:
  %OVERALL%

  OUTPUT:
  TECH10
  TECH11
  SVALUES
  ;

  SAVEDATA:
  FILE = Prob_MLT_ETHlca_C3cl4.dat;
  SAVE = CPROBABILITIES;



*** WARNING in VARIABLE command
  When a subpopulation is analyzed with TYPE=COMPLEX, standard errors
  may be incorrect.  Use the SUBPOPULATION option instead of the
  USEOBSERVATIONS option to obtain correct standard errors.
*** WARNING
  Data set contains cases with missing on all variables.
  These cases were not included in the analysis.
  Number of cases with missing on all variables:  149
   2 WARNING(S) FOUND IN THE INPUT INSTRUCTIONS



MLTETH LCA - C3 with 4 classes;

SUMMARY OF ANALYSIS

Number of groups                                                 1
Number of observations                                        3615

Number of dependent variables                                    5
Number of independent variables                                  0
Number of continuous latent variables                            0
Number of categorical latent variables                           1

Observed dependent variables

  Binary and ordered categorical (ordinal)
   ETH1        ETH2        ETH3        ETH4        ETH5

Categorical latent variables
   C

Variables with special functions

  Stratification        ID_S
  Cluster variable      ID_J
  Weight variable       WS
  ID variable           IDSTUD

Estimator                                                      MLR
Information matrix                                        OBSERVED
Optimization Specifications for the Quasi-Newton Algorithm for
Continuous Outcomes
  Maximum number of iterations                                 100
  Convergence criterion                                  0.100D-05
Optimization Specifications for the EM Algorithm
  Maximum number of iterations                                 500
  Convergence criteria
    Loglikelihood change                                 0.100D-06
    Relative loglikelihood change                        0.100D-06
    Derivative                                           0.100D-05
Optimization Specifications for the M step of the EM Algorithm for
Categorical Latent variables
  Number of M step iterations                                    1
  M step convergence criterion                           0.100D-05
  Basis for M step termination                           ITERATION
Optimization Specifications for the M step of the EM Algorithm for
Censored, Binary or Ordered Categorical (Ordinal), Unordered
Categorical (Nominal) and Count Outcomes
  Number of M step iterations                                    1
  M step convergence criterion                           0.100D-05
  Basis for M step termination                           ITERATION
  Maximum value for logit thresholds                            15
  Minimum value for logit thresholds                           -15
  Minimum expected cell size for chi-square              0.100D-01
Maximum number of iterations for H1                           2000
Convergence criterion for H1                             0.100D-03
Optimization algorithm                                         EMA
Random Starts Specifications
  Number of initial stage random starts                       1000
  Number of final stage optimizations                          250
  Number of initial stage iterations                            20
  Initial stage convergence criterion                    0.100D+01
  Random starts scale                                    0.500D+01
  Random seed for generating random starts                     288
Link                                                         LOGIT

Input data file(s)
  ETHDtaC3.dat
Input data format  FREE


SUMMARY OF DATA

     Number of missing data patterns            18
     Number of y missing data patterns           0
     Number of u missing data patterns          18
     Number of strata                           75
     Number of clusters                        124


COVARIANCE COVERAGE OF DATA

Minimum covariance coverage value   0.100


     PROPORTION OF DATA PRESENT FOR U


           Covariance Coverage
              ETH1          ETH2          ETH3          ETH4          ETH5
              ________      ________      ________      ________      ________
 ETH1           0.996
 ETH2           0.992         0.995
 ETH3           0.987         0.987         0.990
 ETH4           0.984         0.984         0.982         0.988
 ETH5           0.989         0.990         0.986         0.985         0.993


UNIVARIATE PROPORTIONS AND COUNTS FOR CATEGORICAL VARIABLES

    ETH1
      Category 1    0.917         3299.098
      Category 2    0.083          299.290
    ETH2
      Category 1    0.891         3203.228
      Category 2    0.109          392.048
    ETH3
      Category 1    0.913         3264.912
      Category 2    0.087          312.746
    ETH4
      Category 1    0.764         2725.958
      Category 2    0.236          843.290
    ETH5
      Category 1    0.907         3254.870
      Category 2    0.093          334.172


RANDOM STARTS RESULTS RANKED FROM THE BEST TO THE WORST LOGLIKELIHOOD VALUES

Final stage loglikelihood values at local maxima, seeds, and initial stage start numbers:

           -5690.851  454608           451
           -5690.851  983784           118
           -5690.851  737206           176
           -5690.851  884788           184
           -5690.851  125830           187
           -5690.851  160604           121
           -5690.851  339904           18
           -5690.851  451560           826
           -5690.851  3314             35
           -5690.851  799800           828
           -5690.851  729170           117
           -5690.851  926166           281
           -5690.851  377368           224
           -5690.851  21190            525
           -5690.851  109815           166
           -5690.851  699594           29
           -5690.851  724894           55
           -5690.851  304490           920
           -5690.851  210588           50
           -5690.851  56586            165
           -5690.851  462497           983
           -5690.851  440588           517
           -5690.851  953866           508
           -5690.851  445012           686
           -5690.851  445592           47
           -5690.851  613990           76
           -5690.851  425585           792
           -5690.851  883238           52
           -5690.851  613369           829
           -5690.851  536337           134
           -5690.851  674481           242
           -5690.851  223610           725
           -5690.851  611976           753
           -5690.851  748920           238
           -5691.140  741179           79
           -5691.140  933052           57
           -5696.211  498139           229
           -5696.211  986227           24
           -5696.211  699998           861
           -5697.145  58623            732

210 perturbed starting value run(s) did not converge or were rejected in the third stage.



THE BEST LOGLIKELIHOOD VALUE HAS BEEN REPLICATED.  RERUN WITH AT LEAST TWICE THE
RANDOM STARTS TO CHECK THAT THE BEST LOGLIKELIHOOD IS STILL OBTAINED AND REPLICATED.

     IN THE OPTIMIZATION, ONE OR MORE LOGIT THRESHOLDS APPROACHED EXTREME VALUES
     OF -15.000 AND 15.000 AND WERE FIXED TO STABILIZE MODEL ESTIMATION.  THESE
     VALUES IMPLY PROBABILITIES OF 0 AND 1.  IN THE MODEL RESULTS SECTION, THESE
     PARAMETERS HAVE 0 STANDARD ERRORS AND 999 IN THE Z-SCORE AND P-VALUE COLUMNS.


     WARNING:  THE VARIANCE CONTRIBUTION FROM A STRATUM WITH A SINGLE CLUSTER
     (PSU) IS BASED ON THE DIFFERENCE BETWEEN THE SINGLE CLUSTER VALUE AND
     THE OVERALL CLUSTER MEAN.




THE MODEL ESTIMATION TERMINATED NORMALLY



MODEL FIT INFORMATION

Number of Free Parameters                       23

Loglikelihood

          H0 Value                       -5690.851
          H0 Scaling Correction Factor      1.1984
            for MLR

Information Criteria

          Akaike (AIC)                   11427.703
          Bayesian (BIC)                 11570.138
          Sample-Size Adjusted BIC       11497.056
            (n* = (n + 2) / 24)

Chi-Square Test of Model Fit for the Binary and Ordered Categorical
(Ordinal) Outcomes

          Pearson Chi-Square

          Value                             18.958
          Degrees of Freedom                     8
          P-Value                           0.0151

          Likelihood Ratio Chi-Square

          Value                             14.423
          Degrees of Freedom                     8
          P-Value                           0.0714

Chi-Square Test for MCAR under the Unrestricted Latent Class Indicator Model

          Pearson Chi-Square

          Value                            193.828
          Degrees of Freedom                   123
          P-Value                           0.0000

          Likelihood Ratio Chi-Square

          Value                            107.116
          Degrees of Freedom                   123
          P-Value                           0.8454



FINAL CLASS COUNTS AND PROPORTIONS FOR THE LATENT CLASSES
BASED ON THE ESTIMATED MODEL

    Latent
   Classes

       1         57.25197          0.01584
       2        300.37358          0.08309
       3        599.94497          0.16596
       4       2657.42948          0.73511


FINAL CLASS COUNTS AND PROPORTIONS FOR THE LATENT CLASSES
BASED ON ESTIMATED POSTERIOR PROBABILITIES

    Latent
   Classes

       1         57.25197          0.01584
       2        300.37358          0.08309
       3        599.94497          0.16596
       4       2657.42948          0.73511


FINAL CLASS COUNTS AND PROPORTIONS FOR THE LATENT CLASSES
BASED ON THEIR MOST LIKELY LATENT CLASS MEMBERSHIP

Class Counts and Proportions

    Latent
   Classes

       1               53          0.01468
       2              329          0.09101
       3              382          0.10579
       4             2850          0.78852


CLASSIFICATION QUALITY

     Entropy                         0.803


Average Latent Class Probabilities for Most Likely Latent Class Membership (Row)
by Latent Class (Column)

           1        2        3        4

    1   0.939    0.041    0.020    0.000
    2   0.022    0.830    0.148    0.001
    3   0.001    0.032    0.907    0.060
    4   0.000    0.005    0.071    0.924


Classification Probabilities for the Most Likely Latent Class Membership (Column)
by Latent Class (Row)

           1        2        3        4

    1   0.870    0.124    0.006    0.000
    2   0.007    0.909    0.041    0.043
    3   0.002    0.081    0.578    0.339
    4   0.000    0.000    0.009    0.991


Logits for the Classification Probabilities for the Most Likely Latent Class Membership (Column)
by Latent Class (Row)

              1        2        3        4

    1     10.313    8.366    5.303    0.000
    2     -1.783    3.050   -0.049    0.000
    3     -5.232   -1.428    0.535    0.000
    4    -13.807   -9.399   -4.747    0.000


MODEL RESULTS

                                                    Two-Tailed
                    Estimate       S.E.  Est./S.E.    P-Value

Latent Class 1

 Thresholds
    ETH1$1           -15.000      0.000    999.000    999.000
    ETH2$1           -15.000      0.000    999.000    999.000
    ETH3$1            -2.005      0.625     -3.206      0.001
    ETH4$1            -2.538      0.729     -3.479      0.001
    ETH5$1           -15.000      0.000    999.000    999.000

Latent Class 2

 Thresholds
    ETH1$1             0.575      0.215      2.677      0.007
    ETH2$1            -2.643      4.802     -0.550      0.582
    ETH3$1             2.023      0.373      5.429      0.000
    ETH4$1             0.264      0.158      1.673      0.094
    ETH5$1             1.514      0.345      4.386      0.000

Latent Class 3

 Thresholds
    ETH1$1             1.877      0.242      7.752      0.000
    ETH2$1             2.253      0.812      2.775      0.006
    ETH3$1             0.463      0.307      1.509      0.131
    ETH4$1             0.055      0.121      0.457      0.648
    ETH5$1             0.598      0.168      3.555      0.000

Latent Class 4

 Thresholds
    ETH1$1             3.826      0.279     13.722      0.000
    ETH2$1            15.000      0.000    999.000    999.000
    ETH3$1            15.000      0.000    999.000    999.000
    ETH4$1             1.789      0.093     19.311      0.000
    ETH5$1             5.224      1.450      3.602      0.000

Categorical Latent Variables

 Means
    C#1               -3.838      0.190    -20.215      0.000
    C#2               -2.180      0.440     -4.955      0.000
    C#3               -1.488      0.263     -5.663      0.000


RESULTS IN PROBABILITY SCALE

Latent Class 1

 ETH1
    Category 1         0.000      0.000      0.000      1.000
    Category 2         1.000      0.000      0.000      1.000
 ETH2
    Category 1         0.000      0.000      0.000      1.000
    Category 2         1.000      0.000      0.000      1.000
 ETH3
    Category 1         0.119      0.065      1.814      0.070
    Category 2         0.881      0.065     13.473      0.000
 ETH4
    Category 1         0.073      0.050      1.479      0.139
    Category 2         0.927      0.050     18.717      0.000
 ETH5
    Category 1         0.000      0.000      0.000      1.000
    Category 2         1.000      0.000      0.000      1.000

Latent Class 2

 ETH1
    Category 1         0.640      0.050     12.925      0.000
    Category 2         0.360      0.050      7.271      0.000
 ETH2
    Category 1         0.066      0.298      0.223      0.823
    Category 2         0.934      0.298      3.135      0.002
 ETH3
    Category 1         0.883      0.038     22.974      0.000
    Category 2         0.117      0.038      3.039      0.002
 ETH4
    Category 1         0.566      0.039     14.590      0.000
    Category 2         0.434      0.039     11.205      0.000
 ETH5
    Category 1         0.820      0.051     16.063      0.000
    Category 2         0.180      0.051      3.536      0.000

Latent Class 3

 ETH1
    Category 1         0.867      0.028     31.111      0.000
    Category 2         0.133      0.028      4.763      0.000
 ETH2
    Category 1         0.905      0.070     12.957      0.000
    Category 2         0.095      0.070      1.361      0.173
 ETH3
    Category 1         0.614      0.073      8.431      0.000
    Category 2         0.386      0.073      5.304      0.000
 ETH4
    Category 1         0.514      0.030     16.981      0.000
    Category 2         0.486      0.030     16.066      0.000
 ETH5
    Category 1         0.645      0.039     16.753      0.000
    Category 2         0.355      0.039      9.212      0.000

Latent Class 4

 ETH1
    Category 1         0.979      0.006    168.084      0.000
    Category 2         0.021      0.006      3.665      0.000
 ETH2
    Category 1         1.000      0.000      0.000      1.000
    Category 2         0.000      0.000      0.000      1.000
 ETH3
    Category 1         1.000      0.000      0.000      1.000
    Category 2         0.000      0.000      0.000      1.000
 ETH4
    Category 1         0.857      0.011     75.387      0.000
    Category 2         0.143      0.011     12.595      0.000
 ETH5
    Category 1         0.995      0.008    128.679      0.000
    Category 2         0.005      0.008      0.693      0.488


LATENT CLASS ODDS RATIO RESULTS

                                                95% C.I.
                    Estimate       S.E.  Lower 2.5% Upper 2.5%

Latent Class 1 Compared to Latent Class 2

 ETH1
    Category > 1   *********      0.000  *********  *********
 ETH2
    Category > 1   *********      0.000  *********  *********
 ETH3
    Category > 1      56.145     36.305     15.809    199.400
 ETH4
    Category > 1      16.473     12.237      3.841     70.644
 ETH5
    Category > 1   *********      0.000  *********  *********

Latent Class 1 Compared to Latent Class 3

 ETH1
    Category > 1   *********      0.000  *********  *********
 ETH2
    Category > 1   *********      0.000  *********  *********
 ETH3
    Category > 1      11.802      8.589      2.835     49.140
 ETH4
    Category > 1      13.372      9.852      3.155     56.667
 ETH5
    Category > 1   *********      0.000  *********  *********

Latent Class 1 Compared to Latent Class 4

 ETH1
    Category > 1   *********      0.000  *********  *********
 ETH2
    Category > 1   *********      0.000  *********  *********
 ETH3
    Category > 1   *********      0.000  *********  *********
 ETH4
    Category > 1      75.722     55.662     17.927    319.841
 ETH5
    Category > 1   *********      0.000  *********  *********

Latent Class 2 Compared to Latent Class 3

 ETH1
    Category > 1       3.675      1.048      2.101      6.426
 ETH2
    Category > 1     133.799    635.334      0.012  *********
 ETH3
    Category > 1       0.210      0.087      0.093      0.475
 ETH4
    Category > 1       0.812      0.177      0.529      1.246
 ETH5
    Category > 1       0.400      0.162      0.181      0.884

Latent Class 2 Compared to Latent Class 4

 ETH1
    Category > 1      25.798      7.948     14.104     47.188
 ETH2
    Category > 1   *********      0.000  *********  *********
 ETH3
    Category > 1   *********      0.000  *********  *********
 ETH4
    Category > 1       4.597      0.757      3.328      6.348
 ETH5
    Category > 1      40.848     58.896      2.420    689.422

Latent Class 3 Compared to Latent Class 4

 ETH1
    Category > 1       7.021      1.722      4.342     11.353
 ETH2
    Category > 1   *********      0.000  *********  *********
 ETH3
    Category > 1   *********      0.000  *********  *********
 ETH4
    Category > 1       5.663      0.941      4.088      7.844
 ETH5
    Category > 1     102.048    145.891      6.193   1681.628


QUALITY OF NUMERICAL RESULTS

     Condition Number for the Information Matrix              0.139E-03
       (ratio of smallest to largest eigenvalue)


MODEL COMMAND WITH FINAL ESTIMATES USED AS STARTING VALUES

     %OVERALL%

     [ c#1*-3.83765 ];
     [ c#2*-2.18009 ];
     [ c#3*-1.48828 ];

     %C#1%

     [ eth1$1*-15 ];
     [ eth2$1*-15 ];
     [ eth3$1*-2.00498 ];
     [ eth4$1*-2.53777 ];
     [ eth5$1*-15 ];

     %C#2%

     [ eth1$1*0.57527 ];
     [ eth2$1*-2.64299 ];
     [ eth3$1*2.02297 ];
     [ eth4$1*0.26397 ];
     [ eth5$1*1.51365 ];

     %C#3%

     [ eth1$1*1.87669 ];
     [ eth2$1*2.25335 ];
     [ eth3$1*0.46333 ];
     [ eth4$1*0.05538 ];
     [ eth5$1*0.59806 ];

     %C#4%

     [ eth1$1*3.82557 ];
     [ eth2$1*15 ];
     [ eth3$1*15 ];
     [ eth4$1*1.78930 ];
     [ eth5$1*5.22350 ];



TECHNICAL 10 OUTPUT


     MODEL FIT INFORMATION FOR THE LATENT CLASS INDICATOR MODEL PART


     RESPONSE PATTERNS

     No.  Pattern    No.  Pattern    No.  Pattern    No.  Pattern
       1  00000        2  00001        3  00010        4  00011
       5  00100        6  00101        7  00110        8  00111
       9  01000       10  01001       11  01010       12  01011
      13  01100       14  01101       15  01110       16  01111
      17  10000       18  10001       19  10010       20  10011
      21  10100       22  10101       23  10110       24  10111
      25  11000       26  11001       27  11010       28  11011
      29  11100       30  11101       31  11110       32  11111
      33  0****       34  1****       35  *0000       36  *1000
      37  *1110       38  *1111       39  **000       40  000*0
      41  000*1       42  001*0       43  001*1       44  010*0
      45  100*0       46  00**0       47  00**1       48  000**
      49  010**       50  100**       51  110**       52  00***
      53  00*00       54  00*10       55  00*11       56  01*00
      57  01*01       58  01*10       59  11*00       60  11*10
      61  0001*       62  0101*       63  1001*       64  1101*
      65  1111*       66  *0**1       67  ***0*       68  *0***
      69  *1***       70  0*000       71  0*001       72  0*100
      73  0*101       74  1*101       75  0*01*       76  0**0*
      77  ****0       78  0**00


     RESPONSE PATTERN FREQUENCIES AND CHI-SQUARE CONTRIBUTIONS

    Response          Frequency     Standardized  Chi-square Contribution
     Pattern    Observed  Estimated   Residual    Pearson   Loglikelihood  Deleted
                                     (z-score)
         1      2276.99    2259.11       0.55       0.01         1.78
         2        62.86      64.12      -0.14       0.00         0.03
         3       454.85     453.27       0.07      -0.01        -2.33
         4        51.77      51.40       0.05      -0.03         3.24
         5        53.57      59.44      -0.67       0.57        -9.47
         6        30.56      32.46      -0.29       0.05        -0.96
         7        62.50      56.12       0.75       0.73        13.66
         8        27.98      30.69      -0.43       0.23        -4.26
         9        70.11      81.44      -1.11       1.37       -13.37
        10        20.99      21.16      -0.03      -0.09         2.50
        11        70.71      64.29       0.71       0.61        16.23
        12        19.10      17.21       0.40       0.21         3.97
        13         9.77      15.65      -1.30       2.19        -8.34
        14         8.03       5.48       0.95       1.13         7.54
        15        12.66      13.12      -0.11      -0.01         0.26
        16         3.10       4.81      -0.68       0.61        -2.74
        17        62.64      64.28      -0.18       0.04        -2.09
        18         6.75       8.75      -0.59       0.45        -3.50
        19        25.19      23.60       0.29       0.07         5.31
        20         5.95       7.97      -0.63       0.51        -3.08
        21        13.38       9.38       1.14       1.70         8.96
        22         8.63       5.03       1.40       2.55        10.19
        23         4.19       8.80      -1.36       2.41        -6.40
        24         3.98       4.74      -0.31       0.12        -1.53
        25        48.75      41.80       0.94       1.14        16.73
        26         6.72      10.18      -0.95       1.17        -5.70
        27        23.54      32.37      -1.36       2.34       -12.41
        28        13.93      13.73       0.05       0.00         0.89
        29         9.87       6.27       1.25       2.06         8.91
        30         5.16       5.30      -0.05      -0.01         0.22
        31         3.85       4.99      -0.44       0.22        -1.25
        32        45.84      46.98      -0.15       0.01        -0.25
        33         2.90       3.71      -1.28       0.00         0.00
        34         1.16       0.34       1.28       0.00         0.00
        35         5.63       5.62       0.00       0.00         0.00
        36         0.95       0.30       1.06       0.01         0.01
        37         0.95       0.04       3.80      -0.72        -0.07
        38         0.99       0.13       2.16      -0.29        -0.07
        39         2.94       2.04       0.99       0.00         0.00
        40        14.80      16.99      -0.96       0.00         0.00
        41         2.34       0.72       1.69       0.10         0.07
        42         2.02       0.72       1.36       0.06         0.05
        43         1.00       0.40       0.85      -0.10        -0.09
        44         0.95       0.91       0.04       0.00         0.01
        45         0.95       0.55       0.48       0.02         0.03
        46         2.92       3.10      -0.21       0.00         0.00
        47         0.95       0.20       1.53      -0.03        -0.01
        48         2.00       5.19      -2.75       0.00         0.00
        49         1.90       0.34       2.41       0.20         0.07
        50         1.62       0.19       2.88      -0.29        -0.07
        51         0.95       0.18       1.61      -0.14        -0.05
        52         5.22       4.46       0.83       0.00         0.00
        53         4.00      11.23      -3.22       0.02        -0.01
        54         2.94       2.47       0.28       0.01         0.06
        55         1.00       0.40       0.84      -0.02        -0.01
        56         3.97       0.47       4.51      -5.03        -1.13
        57         2.05       0.13       4.70       4.78         0.65
        58         1.05       0.37       0.98       0.24         0.21
        59         1.03       0.23       1.45       0.82         0.44
        60         1.03       0.18       1.75      -1.63        -0.51
        61         1.00       0.75       0.27       0.00         0.00
        62         1.00       0.12       2.22       0.86         0.22
        63         1.11       0.05       4.31       0.65         0.06
        64         1.05       0.07       3.30      -2.91        -0.35
        65         1.08       0.08       3.17      -0.26        -0.04
        66         0.99       0.06       3.50      -0.14        -0.02
        67         1.09       0.83       0.51       0.00         0.00
        68         0.95       1.70      -1.51       0.00         0.00
        69         0.95       0.21       1.51       0.00         0.00
        70         2.97       5.01      -1.37       0.01        -0.02
        71         0.95       0.18       1.59       0.07         0.03
        72         1.09       0.16       2.04      -1.17        -0.33
        73         1.59       0.08       4.63       2.10         0.22
        74         0.95       0.02       5.46      11.77         0.65
        75         0.95       0.16       1.91       0.09         0.03
        76         1.03       0.74       0.55       0.00        -0.01
        77         1.16       1.05       0.30       0.00         0.00
        78         0.95       0.65       0.58      -0.01        -0.01

     THE TOTAL PEARSON CHI-SQUARE CONTRIBUTION FROM EMPTY CELLS IS         0.00


     UNIVARIATE MODEL FIT INFORMATION

                               Estimated Probabilities
                                                  Standardized
     Variable              H1           H0          Residual
                                                   (z-score)
     ETH1
       Category 1        0.917        0.917          -0.004
       Category 2        0.083        0.083           0.004
       Univariate Pearson Chi-Square                  0.000
       Univariate Log-Likelihood Chi-Square           0.000
     ETH2
       Category 1        0.891        0.891           0.003
       Category 2        0.109        0.109          -0.003
       Univariate Pearson Chi-Square                  0.000
       Univariate Log-Likelihood Chi-Square           0.000
     ETH3
       Category 1        0.912        0.912          -0.002
       Category 2        0.088        0.088           0.002
       Univariate Pearson Chi-Square                  0.000
       Univariate Log-Likelihood Chi-Square           0.000
     ETH4
       Category 1        0.763        0.763          -0.006
       Category 2        0.237        0.237           0.006
       Univariate Pearson Chi-Square                  0.000
       Univariate Log-Likelihood Chi-Square           0.000
     ETH5
       Category 1        0.906        0.906           0.002
       Category 2        0.094        0.094          -0.002
       Univariate Pearson Chi-Square                  0.000
       Univariate Log-Likelihood Chi-Square           0.000

       Overall Univariate Pearson Chi-Square                         0.000
       Overall Univariate Log-Likelihood Chi-Square                  0.000


     BIVARIATE MODEL FIT INFORMATION

                                              Estimated Probabilities
                                                                 Standardized
     Variable       Variable              H1           H0          Residual
                                                                  (z-score)
     ETH1           ETH2
       Category 1     Category 1        0.853        0.853           0.003
       Category 1     Category 2        0.063        0.063          -0.008
       Category 2     Category 1        0.038        0.038           0.000
       Category 2     Category 2        0.046        0.046           0.005
       Bivariate Pearson Chi-Square                                  0.000
       Bivariate Log-Likelihood Chi-Square                           0.000
     ETH1           ETH3
       Category 1     Category 1        0.856        0.855           0.210
       Category 1     Category 2        0.060        0.062          -0.312
       Category 2     Category 1        0.056        0.058          -0.320
       Category 2     Category 2        0.027        0.026           0.475
       Bivariate Pearson Chi-Square                                  0.543
       Bivariate Log-Likelihood Chi-Square                           0.540
     ETH1           ETH4
       Category 1     Category 1        0.717        0.720          -0.428
       Category 1     Category 2        0.200        0.196           0.481
       Category 2     Category 1        0.046        0.043           0.935
       Category 2     Category 2        0.037        0.041          -0.954
       Bivariate Pearson Chi-Square                                  2.558
       Bivariate Log-Likelihood Chi-Square                           2.562
     ETH1           ETH5
       Category 1     Category 1        0.851        0.852          -0.156
       Category 1     Category 2        0.066        0.065           0.221
       Category 2     Category 1        0.055        0.054           0.246
       Category 2     Category 2        0.028        0.029          -0.326
       Bivariate Pearson Chi-Square                                  0.275
       Bivariate Log-Likelihood Chi-Square                           0.276
     ETH2           ETH3
       Category 1     Category 1        0.832        0.832          -0.035
       Category 1     Category 2        0.059        0.059           0.060
       Category 2     Category 1        0.080        0.080           0.047
       Category 2     Category 2        0.029        0.029          -0.081
       Bivariate Pearson Chi-Square                                  0.016
       Bivariate Log-Likelihood Chi-Square                           0.016
     ETH2           ETH4
       Category 1     Category 1        0.710        0.710           0.003
       Category 1     Category 2        0.181        0.181          -0.001
       Category 2     Category 1        0.053        0.053          -0.017
       Category 2     Category 2        0.056        0.056           0.013
       Bivariate Pearson Chi-Square                                  0.001
       Bivariate Log-Likelihood Chi-Square                           0.001
     ETH2           ETH5
       Category 1     Category 1        0.833        0.833           0.071
       Category 1     Category 2        0.058        0.058          -0.108
       Category 2     Category 1        0.073        0.074          -0.099
       Category 2     Category 2        0.036        0.035           0.134
       Bivariate Pearson Chi-Square                                  0.050
       Bivariate Log-Likelihood Chi-Square                           0.050
     ETH3           ETH4
       Category 1     Category 1        0.723        0.724          -0.132
       Category 1     Category 2        0.189        0.188           0.150
       Category 2     Category 1        0.041        0.039           0.289
       Category 2     Category 2        0.047        0.048          -0.261
       Bivariate Pearson Chi-Square                                  0.221
       Bivariate Log-Likelihood Chi-Square                           0.220
     ETH3           ETH5
       Category 1     Category 1        0.858        0.857           0.086
       Category 1     Category 2        0.055        0.055          -0.134
       Category 2     Category 1        0.049        0.049          -0.136
       Category 2     Category 2        0.039        0.038           0.156
       Bivariate Pearson Chi-Square                                  0.077
       Bivariate Log-Likelihood Chi-Square                           0.077
     ETH4           ETH5
       Category 1     Category 1        0.719        0.720          -0.097
       Category 1     Category 2        0.044        0.043           0.200
       Category 2     Category 1        0.187        0.186           0.113
       Category 2     Category 2        0.050        0.050          -0.189
       Bivariate Pearson Chi-Square                                  0.112
       Bivariate Log-Likelihood Chi-Square                           0.112

       Overall Bivariate Pearson Chi-Square                          3.852
       Overall Bivariate Log-Likelihood Chi-Square                   3.854


TECHNICAL 11 OUTPUT

     Random Starts Specifications for the k-1 Class Analysis Model
        Number of initial stage random starts                1000
        Number of final stage optimizations                   250



     VUONG-LO-MENDELL-RUBIN LIKELIHOOD RATIO TEST FOR 3 (H0) VERSUS 4 CLASSES

          H0 Loglikelihood Value                        -5729.652
          2 Times the Loglikelihood Difference             77.600
          Difference in the Number of Parameters                6
          Mean                                              8.870
          Standard Deviation                               35.018
          P-Value                                          0.0324

     LO-MENDELL-RUBIN ADJUSTED LRT TEST

          Value                                            76.053
          P-Value                                          0.0343


SAVEDATA INFORMATION


  Save file
    Prob_MLT_ETHlca_C3cl4.dat

  Order and format of variables

    ETH1           F10.3
    ETH2           F10.3
    ETH3           F10.3
    ETH4           F10.3
    ETH5           F10.3
    CPROB1         F10.3
    CPROB2         F10.3
    CPROB3         F10.3
    CPROB4         F10.3
    C              F10.3
    WS             F10.3
    IDSTUD         I9
    ID_S           I5
    ID_J           I5

  Save file format
    11F10.3 I9 2I5

  Save file record length    10000

  Save missing symbol        *


     Beginning Time:  22:11:22
        Ending Time:  22:11:25
       Elapsed Time:  00:00:03



MUTHEN & MUTHEN
3463 Stoner Ave.
Los Angeles, CA  90066

Tel: (310) 391-9971
Fax: (310) 391-8971
Web: www.StatModel.com
Support: Support@StatModel.com

Copyright (c) 1998-2020 Muthen & Muthen
