Mplus VERSION 8.5 (Mac)
MUTHEN & MUTHEN
04/07/2021  10:10 PM

INPUT INSTRUCTIONS

  TITLE: LTUETH LCA - C3 with 6 classes;
  DATA:
  FILE = ETHDtaC3.dat;

  VARIABLE:
  NAMES = id_i
  id_j
  id_r
  id_s
  id_k
  wt
  ws
  ETH1
  ETH2
  ETH3
  ETH4
  ETH5
  IDSTUD;
  IDVARIABLE = IDSTUD;
  USEVARIABLES = ETH1
  ETH2
  ETH3
  ETH4
  ETH5;
  USEOBSERVATIONS ARE id_k EQ 8;
  CATEGORICAL = ETH1
  ETH2
  ETH3
  ETH4
  ETH5;
  MISSING = .;
  CLASSES = c(6);
  WEIGHT = ws;
  STRATIFICATION = id_s;
  CLUSTER = id_j;

  ANALYSIS:
  TYPE = COMPLEX MIXTURE;
  PROCESSORS = 4;
  STARTS = 1000 250;
  STITERATIONS = 20;
  STSEED = 288;

  MODEL:
  %OVERALL%

  OUTPUT:
  TECH10
  TECH11
  SVALUES
  ;

  SAVEDATA:
  FILE = Prob_LTU_ETHlca_C3cl6.dat;
  SAVE = CPROBABILITIES;



*** WARNING in VARIABLE command
  When a subpopulation is analyzed with TYPE=COMPLEX, standard errors
  may be incorrect.  Use the SUBPOPULATION option instead of the
  USEOBSERVATIONS option to obtain correct standard errors.
*** WARNING
  Data set contains cases with missing on all variables.
  These cases were not included in the analysis.
  Number of cases with missing on all variables:  45
   2 WARNING(S) FOUND IN THE INPUT INSTRUCTIONS



LTUETH LCA - C3 with 6 classes;

SUMMARY OF ANALYSIS

Number of groups                                                 1
Number of observations                                        3586

Number of dependent variables                                    5
Number of independent variables                                  0
Number of continuous latent variables                            0
Number of categorical latent variables                           1

Observed dependent variables

  Binary and ordered categorical (ordinal)
   ETH1        ETH2        ETH3        ETH4        ETH5

Categorical latent variables
   C

Variables with special functions

  Stratification        ID_S
  Cluster variable      ID_J
  Weight variable       WS
  ID variable           IDSTUD

Estimator                                                      MLR
Information matrix                                        OBSERVED
Optimization Specifications for the Quasi-Newton Algorithm for
Continuous Outcomes
  Maximum number of iterations                                 100
  Convergence criterion                                  0.100D-05
Optimization Specifications for the EM Algorithm
  Maximum number of iterations                                 500
  Convergence criteria
    Loglikelihood change                                 0.100D-06
    Relative loglikelihood change                        0.100D-06
    Derivative                                           0.100D-05
Optimization Specifications for the M step of the EM Algorithm for
Categorical Latent variables
  Number of M step iterations                                    1
  M step convergence criterion                           0.100D-05
  Basis for M step termination                           ITERATION
Optimization Specifications for the M step of the EM Algorithm for
Censored, Binary or Ordered Categorical (Ordinal), Unordered
Categorical (Nominal) and Count Outcomes
  Number of M step iterations                                    1
  M step convergence criterion                           0.100D-05
  Basis for M step termination                           ITERATION
  Maximum value for logit thresholds                            15
  Minimum value for logit thresholds                           -15
  Minimum expected cell size for chi-square              0.100D-01
Maximum number of iterations for H1                           2000
Convergence criterion for H1                             0.100D-03
Optimization algorithm                                         EMA
Random Starts Specifications
  Number of initial stage random starts                       1000
  Number of final stage optimizations                          250
  Number of initial stage iterations                            20
  Initial stage convergence criterion                    0.100D+01
  Random starts scale                                    0.500D+01
  Random seed for generating random starts                     288
Link                                                         LOGIT

Input data file(s)
  ETHDtaC3.dat
Input data format  FREE


SUMMARY OF DATA

     Number of missing data patterns            14
     Number of y missing data patterns           0
     Number of u missing data patterns          14
     Number of strata                           75
     Number of clusters                        220


COVARIANCE COVERAGE OF DATA

Minimum covariance coverage value   0.100


     PROPORTION OF DATA PRESENT FOR U


           Covariance Coverage
              ETH1          ETH2          ETH3          ETH4          ETH5
              ________      ________      ________      ________      ________
 ETH1           0.998
 ETH2           0.996         0.996
 ETH3           0.992         0.991         0.993
 ETH4           0.992         0.991         0.990         0.994
 ETH5           0.995         0.994         0.992         0.993         0.997


UNIVARIATE PROPORTIONS AND COUNTS FOR CATEGORICAL VARIABLES

    ETH1
      Category 1    0.965         3457.398
      Category 2    0.035          123.994
    ETH2
      Category 1    0.949         3393.353
      Category 2    0.051          183.083
    ETH3
      Category 1    0.949         3384.922
      Category 2    0.051          180.270
    ETH4
      Category 1    0.758         2704.716
      Category 2    0.242          861.611
    ETH5
      Category 1    0.933         3340.414
      Category 2    0.067          237.990


RANDOM STARTS RESULTS RANKED FROM THE BEST TO THE WORST LOGLIKELIHOOD VALUES

Final stage loglikelihood values at local maxima, seeds, and initial stage start numbers:

           -4181.346  800324           312
           -4181.346  247466           56
           -4181.463  920430           230
           -4181.509  648136           544
           -4181.509  87282            366
           -4181.509  514978           7
           -4181.513  256224           144
           -4181.519  677398           941
           -4181.544  229344           916
           -4181.544  308344           678
           -4181.544  584076           497
           -4181.557  529702           963
           -4181.622  229006           675
           -4181.622  762858           815
           -4181.625  328890           145
           -4181.637  997549           220
           -4181.725  302904           999
           -4181.772  241342           73
           -4181.789  337946           661
           -4181.809  3314             35
           -4181.930  613990           76
           -4182.023  55908            587
           -4182.035  748920           238
           -4182.070  719116           992
           -4182.071  641878           115
           -4182.132  889723           471
           -4182.363  710314           248
           -4182.454  983784           118
           -4182.541  56586            165
           -4182.542  175002           169
           -4182.948  862527           105
           -4183.182  425159           122
           -4183.418  993659           141
           -4183.540  518093           107

216 perturbed starting value run(s) did not converge or were rejected in the third stage.



THE BEST LOGLIKELIHOOD VALUE HAS BEEN REPLICATED.  RERUN WITH AT LEAST TWICE THE
RANDOM STARTS TO CHECK THAT THE BEST LOGLIKELIHOOD IS STILL OBTAINED AND REPLICATED.

     IN THE OPTIMIZATION, ONE OR MORE LOGIT THRESHOLDS APPROACHED EXTREME VALUES
     OF -15.000 AND 15.000 AND WERE FIXED TO STABILIZE MODEL ESTIMATION.  THESE
     VALUES IMPLY PROBABILITIES OF 0 AND 1.  IN THE MODEL RESULTS SECTION, THESE
     PARAMETERS HAVE 0 STANDARD ERRORS AND 999 IN THE Z-SCORE AND P-VALUE COLUMNS.


     WARNING:  THE VARIANCE CONTRIBUTION FROM A STRATUM WITH A SINGLE CLUSTER
     (PSU) IS BASED ON THE DIFFERENCE BETWEEN THE SINGLE CLUSTER VALUE AND
     THE OVERALL CLUSTER MEAN.




THE MODEL ESTIMATION TERMINATED NORMALLY



MODEL FIT INFORMATION

Number of Free Parameters                       35

Loglikelihood

          H0 Value                       -4181.346
          H0 Scaling Correction Factor      1.2853
            for MLR

Information Criteria

          Akaike (AIC)                    8432.691
          Bayesian (BIC)                  8649.159
          Sample-Size Adjusted BIC        8537.947
            (n* = (n + 2) / 24)

Chi-Square Test of Model Fit for the Binary and Ordered Categorical
(Ordinal) Outcomes

          Pearson Chi-Square

          Value                              0.000
          Degrees of freedom cannot be computed for this model part.

          Likelihood Ratio Chi-Square

          Value                              0.000
          Degrees of freedom cannot be computed for this model part.

Chi-Square Test for MCAR under the Unrestricted Latent Class Indicator Model

          Pearson Chi-Square

          Value                            131.207
          Degrees of Freedom                   105
          P-Value                           0.0425

          Likelihood Ratio Chi-Square

          Value                             63.082
          Degrees of Freedom                   105
          P-Value                           0.9996



FINAL CLASS COUNTS AND PROPORTIONS FOR THE LATENT CLASSES
BASED ON THE ESTIMATED MODEL

    Latent
   Classes

       1         47.06846          0.01313
       2        204.27855          0.05697
       3         25.95099          0.00724
       4         52.84733          0.01474
       5        102.11927          0.02848
       6       3153.73540          0.87946


FINAL CLASS COUNTS AND PROPORTIONS FOR THE LATENT CLASSES
BASED ON ESTIMATED POSTERIOR PROBABILITIES

    Latent
   Classes

       1         47.06846          0.01313
       2        204.27855          0.05697
       3         25.95099          0.00724
       4         52.84733          0.01474
       5        102.11927          0.02848
       6       3153.73540          0.87946


FINAL CLASS COUNTS AND PROPORTIONS FOR THE LATENT CLASSES
BASED ON THEIR MOST LIKELY LATENT CLASS MEMBERSHIP

Class Counts and Proportions

    Latent
   Classes

       1               51          0.01417
       2              115          0.03204
       3               22          0.00624
       4               37          0.01033
       5              107          0.02987
       6             3254          0.90735


CLASSIFICATION QUALITY

     Entropy                         0.930


Average Latent Class Probabilities for Most Likely Latent Class Membership (Row)
by Latent Class (Column)

           1        2        3        4        5        6

    1   0.894    0.002    0.002    0.000    0.100    0.002
    2   0.000    0.750    0.000    0.117    0.003    0.130
    3   0.000    0.124    0.846    0.000    0.000    0.030
    4   0.000    0.028    0.000    0.957    0.000    0.015
    5   0.015    0.040    0.000    0.000    0.900    0.045
    6   0.000    0.034    0.002    0.001    0.000    0.963


Classification Probabilities for the Most Likely Latent Class Membership (Column)
by Latent Class (Row)

           1        2        3        4        5        6

    1   0.965    0.000    0.000    0.000    0.035    0.000
    2   0.000    0.422    0.014    0.005    0.021    0.538
    3   0.004    0.001    0.730    0.000    0.000    0.266
    4   0.000    0.255    0.000    0.671    0.001    0.074
    5   0.050    0.003    0.000    0.000    0.944    0.003
    6   0.000    0.005    0.000    0.000    0.002    0.993


Logits for the Classification Probabilities for the Most Likely Latent Class Membership (Column)
by Latent Class (Row)

              1        2        3        4        5        6

    1      9.603   -4.178   -4.178   -4.178    6.273    0.000
    2     -6.995   -0.244   -3.676   -4.664   -3.254    0.000
    3     -4.238   -6.242    1.008  -12.492  -12.492    0.000
    4    -11.208    1.241  -11.208    2.208   -4.740    0.000
    5      2.739   -0.083   -8.074   -8.074    5.684    0.000
    6    -10.392   -5.343   -8.447   -8.623   -6.486    0.000


MODEL RESULTS

                                                    Two-Tailed
                    Estimate       S.E.  Est./S.E.    P-Value

Latent Class 1

 Thresholds
    ETH1$1           -15.000      0.000    999.000    999.000
    ETH2$1           -15.000      0.000    999.000    999.000
    ETH3$1            -1.506      0.752     -2.002      0.045
    ETH4$1            -3.187      0.818     -3.898      0.000
    ETH5$1            -1.651      0.529     -3.119      0.002

Latent Class 2

 Thresholds
    ETH1$1             3.466      2.893      1.198      0.231
    ETH2$1             3.613      4.492      0.804      0.421
    ETH3$1             1.415      0.992      1.427      0.154
    ETH4$1            -6.102     10.731     -0.569      0.570
    ETH5$1             0.781      0.936      0.834      0.404

Latent Class 3

 Thresholds
    ETH1$1           -15.000      0.000    999.000    999.000
    ETH2$1            15.000      0.000    999.000    999.000
    ETH3$1             0.337      0.572      0.589      0.556
    ETH4$1             0.357      1.221      0.292      0.770
    ETH5$1            -0.158      0.686     -0.231      0.817

Latent Class 4

 Thresholds
    ETH1$1            15.000      0.000    999.000    999.000
    ETH2$1             0.133      0.391      0.339      0.735
    ETH3$1           -15.000      0.000    999.000    999.000
    ETH4$1             0.087      0.728      0.119      0.905
    ETH5$1            -1.201      0.710     -1.690      0.091

Latent Class 5

 Thresholds
    ETH1$1             1.384      0.629      2.201      0.028
    ETH2$1           -15.000      0.000    999.000    999.000
    ETH3$1            15.000      0.000    999.000    999.000
    ETH4$1            -0.474      0.476     -0.996      0.319
    ETH5$1             0.688      0.555      1.241      0.215

Latent Class 6

 Thresholds
    ETH1$1             4.853      0.333     14.573      0.000
    ETH2$1             6.476      3.978      1.628      0.104
    ETH3$1             4.325      0.210     20.641      0.000
    ETH4$1             1.621      0.233      6.966      0.000
    ETH5$1             4.164      0.151     27.638      0.000

Categorical Latent Variables

 Means
    C#1               -4.205      0.206    -20.378      0.000
    C#2               -2.737      0.545     -5.019      0.000
    C#3               -4.800      0.654     -7.340      0.000
    C#4               -4.089      0.381    -10.744      0.000
    C#5               -3.430      0.358     -9.593      0.000


RESULTS IN PROBABILITY SCALE

Latent Class 1

 ETH1
    Category 1         0.000      0.000      0.000      1.000
    Category 2         1.000      0.000      0.000      1.000
 ETH2
    Category 1         0.000      0.000      0.000      1.000
    Category 2         1.000      0.000      0.000      1.000
 ETH3
    Category 1         0.182      0.112      1.624      0.104
    Category 2         0.818      0.112      7.321      0.000
 ETH4
    Category 1         0.040      0.031      1.274      0.203
    Category 2         0.960      0.031     30.831      0.000
 ETH5
    Category 1         0.161      0.071      2.251      0.024
    Category 2         0.839      0.071     11.738      0.000

Latent Class 2

 ETH1
    Category 1         0.970      0.085     11.403      0.000
    Category 2         0.030      0.085      0.356      0.722
 ETH2
    Category 1         0.974      0.115      8.474      0.000
    Category 2         0.026      0.115      0.229      0.819
 ETH3
    Category 1         0.805      0.156      5.160      0.000
    Category 2         0.195      0.156      1.253      0.210
 ETH4
    Category 1         0.002      0.024      0.093      0.926
    Category 2         0.998      0.024     41.741      0.000
 ETH5
    Category 1         0.686      0.202      3.401      0.001
    Category 2         0.314      0.202      1.557      0.119

Latent Class 3

 ETH1
    Category 1         0.000      0.000      0.000      1.000
    Category 2         1.000      0.000      0.000      1.000
 ETH2
    Category 1         1.000      0.000      0.000      1.000
    Category 2         0.000      0.000      0.000      1.000
 ETH3
    Category 1         0.584      0.139      4.198      0.000
    Category 2         0.416      0.139      2.996      0.003
 ETH4
    Category 1         0.588      0.296      1.989      0.047
    Category 2         0.412      0.296      1.391      0.164
 ETH5
    Category 1         0.460      0.170      2.701      0.007
    Category 2         0.540      0.170      3.165      0.002

Latent Class 4

 ETH1
    Category 1         1.000      0.000      0.000      1.000
    Category 2         0.000      0.000      0.000      1.000
 ETH2
    Category 1         0.533      0.097      5.475      0.000
    Category 2         0.467      0.097      4.795      0.000
 ETH3
    Category 1         0.000      0.000      0.000      1.000
    Category 2         1.000      0.000      0.000      1.000
 ETH4
    Category 1         0.522      0.182      2.872      0.004
    Category 2         0.478      0.182      2.634      0.008
 ETH5
    Category 1         0.231      0.126      1.832      0.067
    Category 2         0.769      0.126      6.084      0.000

Latent Class 5

 ETH1
    Category 1         0.800      0.101      7.937      0.000
    Category 2         0.200      0.101      1.989      0.047
 ETH2
    Category 1         0.000      0.000      0.000      1.000
    Category 2         1.000      0.000      0.000      1.000
 ETH3
    Category 1         1.000      0.000      0.000      1.000
    Category 2         0.000      0.000      0.000      1.000
 ETH4
    Category 1         0.384      0.113      3.409      0.001
    Category 2         0.616      0.113      5.477      0.000
 ETH5
    Category 1         0.666      0.123      5.391      0.000
    Category 2         0.334      0.123      2.709      0.007

Latent Class 6

 ETH1
    Category 1         0.992      0.003    387.846      0.000
    Category 2         0.008      0.003      3.026      0.002
 ETH2
    Category 1         0.998      0.006    163.450      0.000
    Category 2         0.002      0.006      0.252      0.801
 ETH3
    Category 1         0.987      0.003    365.415      0.000
    Category 2         0.013      0.003      4.836      0.000
 ETH4
    Category 1         0.835      0.032     26.035      0.000
    Category 2         0.165      0.032      5.147      0.000
 ETH5
    Category 1         0.985      0.002    433.476      0.000
    Category 2         0.015      0.002      6.741      0.000


LATENT CLASS ODDS RATIO RESULTS

                                                95% C.I.
                    Estimate       S.E.  Lower 2.5% Upper 2.5%

Latent Class 1 Compared to Latent Class 2

 ETH1
    Category > 1   *********      0.000  *********  *********
 ETH2
    Category > 1   *********      0.000  *********  *********
 ETH3
    Category > 1      18.566     23.821      1.502    229.543
 ETH4
    Category > 1       0.054      0.587      0.000  *********
 ETH5
    Category > 1      11.388     12.221      1.390     93.317

Latent Class 1 Compared to Latent Class 3

 ETH1
    Category > 1       1.000      0.000      1.000      1.000
 ETH2
    Category > 1   *********      0.000  *********  *********
 ETH3
    Category > 1       6.316      6.203      0.922     43.292
 ETH4
    Category > 1      34.594     49.328      2.115    565.940
 ETH5
    Category > 1       4.451      3.884      0.804     24.622

Latent Class 1 Compared to Latent Class 4

 ETH1
    Category > 1   *********      0.000  *********  *********
 ETH2
    Category > 1   *********      0.000  *********  *********
 ETH3
    Category > 1       0.000      0.000      0.000      0.000
 ETH4
    Category > 1      26.397     28.505      3.180    219.151
 ETH5
    Category > 1       1.570      1.534      0.231     10.665

Latent Class 1 Compared to Latent Class 5

 ETH1
    Category > 1   *********      0.000  *********  *********
 ETH2
    Category > 1       1.000      0.000      1.000      1.000
 ETH3
    Category > 1   *********      0.000  *********  *********
 ETH4
    Category > 1      15.067     13.705      2.533     89.601
 ETH5
    Category > 1      10.379      7.920      2.326     46.314

Latent Class 1 Compared to Latent Class 6

 ETH1
    Category > 1   *********      0.000  *********  *********
 ETH2
    Category > 1   *********      0.000  *********  *********
 ETH3
    Category > 1     340.701    268.396     72.745   1595.668
 ETH4
    Category > 1     122.436    104.221     23.085    649.361
 ETH5
    Category > 1     335.293    190.404    110.165   1020.487

Latent Class 2 Compared to Latent Class 3

 ETH1
    Category > 1       0.000      0.000      0.000      0.000
 ETH2
    Category > 1   88183.875      0.000  88183.883  88183.883
 ETH3
    Category > 1       0.340      0.332      0.050      2.298
 ETH4
    Category > 1     638.766   6772.692      0.000  *********
 ETH5
    Category > 1       0.391      0.388      0.056      2.738

Latent Class 2 Compared to Latent Class 4

 ETH1
    Category > 1   *********      0.000  *********  *********
 ETH2
    Category > 1       0.031      0.136      0.000    176.793
 ETH3
    Category > 1       0.000      0.000      0.000      0.000
 ETH4
    Category > 1     487.415   5383.925      0.000  *********
 ETH5
    Category > 1       0.138      0.175      0.011      1.655

Latent Class 2 Compared to Latent Class 5

 ETH1
    Category > 1       0.125      0.387      0.000     54.326
 ETH2
    Category > 1       0.000      0.000      0.000      0.000
 ETH3
    Category > 1   *********      0.000  *********  *********
 ETH4
    Category > 1     278.199   3020.246      0.000  *********
 ETH5
    Category > 1       0.911      1.077      0.090      9.231

Latent Class 2 Compared to Latent Class 6

 ETH1
    Category > 1       4.006     11.476      0.015   1099.046
 ETH2
    Category > 1      17.511     72.396      0.005  57876.586
 ETH3
    Category > 1      18.351     18.343      2.587    130.166
 ETH4
    Category > 1    2260.748  24282.797      0.000  *********
 ETH5
    Category > 1      29.444     28.357      4.459    194.441

Latent Class 3 Compared to Latent Class 4

 ETH1
    Category > 1   *********      0.000  *********  *********
 ETH2
    Category > 1       0.000      0.000      0.000      0.000
 ETH3
    Category > 1       0.000      0.000      0.000      0.000
 ETH4
    Category > 1       0.763      0.948      0.067      8.721
 ETH5
    Category > 1       0.353      0.400      0.038      3.261

Latent Class 3 Compared to Latent Class 5

 ETH1
    Category > 1   *********      0.000  *********  *********
 ETH2
    Category > 1       0.000      0.000      0.000      0.000
 ETH3
    Category > 1   *********      0.000  *********  *********
 ETH4
    Category > 1       0.436      0.575      0.033      5.801
 ETH5
    Category > 1       2.332      2.386      0.314     17.322

Latent Class 3 Compared to Latent Class 6

 ETH1
    Category > 1   *********      0.000  *********  *********
 ETH2
    Category > 1       0.000      0.000      0.000      0.000
 ETH3
    Category > 1      53.939     32.030     16.844    172.732
 ETH4
    Category > 1       3.539      4.888      0.236     53.022
 ETH5
    Category > 1      75.336     53.158     18.896    300.356

Latent Class 4 Compared to Latent Class 5

 ETH1
    Category > 1       0.000      0.000      0.000      0.000
 ETH2
    Category > 1       0.000      0.000      0.000      0.000
 ETH3
    Category > 1   *********      0.000  *********  *********
 ETH4
    Category > 1       0.571      0.463      0.117      2.795
 ETH5
    Category > 1       6.612      4.633      1.675     26.105

Latent Class 4 Compared to Latent Class 6

 ETH1
    Category > 1       0.000      0.000      0.000      0.000
 ETH2
    Category > 1     568.572   2256.098      0.238  *********
 ETH3
    Category > 1   *********      0.000  *********  *********
 ETH4
    Category > 1       4.638      3.878      0.901     23.879
 ETH5
    Category > 1     213.617    154.395     51.809    880.780

Latent Class 5 Compared to Latent Class 6

 ETH1
    Category > 1      32.113     23.915      7.461    138.229
 ETH2
    Category > 1   *********      0.000  *********  *********
 ETH3
    Category > 1       0.000      0.000      0.000      0.000
 ETH4
    Category > 1       8.126      3.902      3.171     20.824
 ETH5
    Category > 1      32.306     19.033     10.181    102.511


QUALITY OF NUMERICAL RESULTS

     Condition Number for the Information Matrix              0.119E-06
       (ratio of smallest to largest eigenvalue)


MODEL COMMAND WITH FINAL ESTIMATES USED AS STARTING VALUES

     %OVERALL%

     [ c#1*-4.20474 ];
     [ c#2*-2.73686 ];
     [ c#3*-4.80013 ];
     [ c#4*-4.08894 ];
     [ c#5*-3.43020 ];

     %C#1%

     [ eth1$1*-15 ];
     [ eth2$1*-15 ];
     [ eth3$1*-1.50597 ];
     [ eth4$1*-3.18656 ];
     [ eth5$1*-1.65142 ];

     %C#2%

     [ eth1$1*3.46553 ];
     [ eth2$1*3.61282 ];
     [ eth3$1*1.41534 ];
     [ eth4$1*-6.10243 ];
     [ eth5$1*0.78111 ];

     %C#3%

     [ eth1$1*-15 ];
     [ eth2$1*15 ];
     [ eth3$1*0.33718 ];
     [ eth4$1*0.35711 ];
     [ eth5$1*-0.15837 ];

     %C#4%

     [ eth1$1*15 ];
     [ eth2$1*0.13252 ];
     [ eth3$1*-15 ];
     [ eth4$1*0.08669 ];
     [ eth5$1*-1.20059 ];

     %C#5%

     [ eth1$1*1.38409 ];
     [ eth2$1*-15 ];
     [ eth3$1*15 ];
     [ eth4$1*-0.47409 ];
     [ eth5$1*0.68834 ];

     %C#6%

     [ eth1$1*4.85336 ];
     [ eth2$1*6.47565 ];
     [ eth3$1*4.32504 ];
     [ eth4$1*1.62103 ];
     [ eth5$1*4.16359 ];



TECHNICAL 10 OUTPUT


     MODEL FIT INFORMATION FOR THE LATENT CLASS INDICATOR MODEL PART


     RESPONSE PATTERNS

     No.  Pattern    No.  Pattern    No.  Pattern    No.  Pattern
       1  00000        2  00001        3  00010        4  00011
       5  00100        6  00101        7  00110        8  00111
       9  01000       10  01001       11  01010       12  01011
      13  01100       14  01101       15  01110       16  01111
      17  10000       18  10001       19  10010       20  10011
      21  10100       22  10101       23  10110       24  10111
      25  11000       26  11001       27  11010       28  11011
      29  11100       30  11101       31  11110       32  11111
      33  00*00       34  00*01       35  01*00       36  10*01
      37  *0001       38  *0011       39  000*0       40  000*1
      41  010*0       42  0*000       43  0*001       44  0*010
      45  0*011       46  0*100       47  1*000       48  0****
      49  1****       50  00***       51  11***       52  ***00
      53  00**0       54  00*0*       55  0000*       56  0001*
      57  **000       58  *0***       59  ****0


     RESPONSE PATTERN FREQUENCIES AND CHI-SQUARE CONTRIBUTIONS

    Response          Frequency     Standardized  Chi-square Contribution
     Pattern    Observed  Estimated   Residual    Pearson   Loglikelihood  Deleted
                                     (z-score)
         1      2510.47    2506.66       0.12       0.00        -0.24
         2        37.04      39.09      -0.28       0.00        -0.01
         3       603.60     600.52       0.12       0.00         0.26
         4        54.49      55.79      -0.15       0.00         0.08
         5        36.09      36.59      -0.07       0.00         0.05
         6        11.40      11.71      -0.08       0.00        -0.01
         7        35.41      35.14       0.04       0.00        -0.17
         8        22.28      22.02       0.05       0.00         0.04
         9        24.31      24.48      -0.03       0.00        -0.14
        10        10.48      10.42       0.02       0.00         0.10
        11        37.64      36.71       0.13       0.02         1.32
        12        17.20      17.95      -0.15       0.03        -1.23
        13         2.96       3.00      -0.02       0.00         0.06
        14         9.87       9.78       0.02       0.00        -0.05
        15         3.41       3.40       0.00       0.00        -0.06
        16         9.41       9.28       0.04       0.00         0.04
        17        23.40      23.62      -0.04       0.00         0.34
        18         4.86       5.06      -0.07       0.00        -0.09
        19         9.75       9.99      -0.06       0.00        -0.60
        20         5.05       4.89       0.06       0.01         0.30
        21         2.98       3.16      -0.08       0.01        -0.38
        22         3.50       3.40       0.05       0.00         0.39
        23         3.23       2.87       0.18       0.04         0.71
        24         2.47       2.74      -0.14       0.03        -0.55
        25         4.32       5.25      -0.35       0.14        -1.07
        26         3.38       2.88       0.25       0.08         1.40
        27         9.30       9.70      -0.11       0.00         0.07
        28        10.44      11.02      -0.15       0.01        -0.19
        29         0.14       0.24      -0.18       0.04        -0.14
        30         1.25       1.27      -0.02       0.00         0.07
        31         5.74       5.91      -0.06      -0.01         0.19
        32        29.31      30.70      -0.21       0.00        -0.07
        33         8.10       7.59       0.30       0.00         0.00
        34         1.87       0.15       3.80       0.00         0.00
        35         0.32       0.08       0.71       0.00         0.00
        36         0.29       0.03       1.42       0.06         0.01
        37         0.14       0.00       1.69       0.00         0.00
        38         0.25       0.01       2.53       0.03         0.00
        39         9.55       9.50       0.04       0.00         0.00
        40         1.15       0.29       1.38       0.00         0.00
        41         0.14       0.19      -0.09       0.00         0.00
        42         0.80       3.60      -2.36       0.00         0.00
        43         0.52       0.07       1.45       0.00         0.00
        44         0.93       0.91       0.02       0.00         0.00
        45         1.34       0.10       3.29      -0.14        -0.02
        46         0.82       0.06       2.75       0.02         0.00
        47         0.64       0.04       2.55      -0.15        -0.02
        48         0.14       0.60      -2.71       0.00         0.00
        49         0.48       0.02       2.71       0.00         0.00
        50         1.26       4.39      -4.93       0.00         0.00
        51         3.45       0.09       8.62       0.00         0.00
        52         1.22       0.90       0.57       0.00         0.00
        53         2.45       2.20       0.45       0.00         0.00
        54         0.17       0.12       0.21       0.00         0.00
        55         1.42       1.28       0.20       0.00         0.00
        56         0.36       0.33       0.05       0.00         0.00
        57         1.94       1.40       0.74       0.00         0.00
        58         0.32       0.30       0.11       0.00         0.00
        59         0.75       0.70       0.20       0.00         0.00

     THE TOTAL PEARSON CHI-SQUARE CONTRIBUTION FROM EMPTY CELLS IS         0.00


     UNIVARIATE MODEL FIT INFORMATION

                               Estimated Probabilities
                                                  Standardized
     Variable              H1           H0          Residual
                                                   (z-score)
     ETH1
       Category 1        0.965        0.965           0.000
       Category 2        0.035        0.035           0.000
       Univariate Pearson Chi-Square                  0.000
       Univariate Log-Likelihood Chi-Square           0.000
     ETH2
       Category 1        0.949        0.949           0.001
       Category 2        0.051        0.051          -0.001
       Univariate Pearson Chi-Square                  0.000
       Univariate Log-Likelihood Chi-Square           0.000
     ETH3
       Category 1        0.949        0.949           0.000
       Category 2        0.051        0.051           0.000
       Univariate Pearson Chi-Square                  0.000
       Univariate Log-Likelihood Chi-Square           0.000
     ETH4
       Category 1        0.758        0.758           0.000
       Category 2        0.242        0.242           0.000
       Univariate Pearson Chi-Square                  0.000
       Univariate Log-Likelihood Chi-Square           0.000
     ETH5
       Category 1        0.933        0.933          -0.002
       Category 2        0.067        0.067           0.002
       Univariate Pearson Chi-Square                  0.000
       Univariate Log-Likelihood Chi-Square           0.000

       Overall Univariate Pearson Chi-Square                         0.000
       Overall Univariate Log-Likelihood Chi-Square                  0.000


     BIVARIATE MODEL FIT INFORMATION

                                              Estimated Probabilities
                                                                 Standardized
     Variable       Variable              H1           H0          Residual
                                                                  (z-score)
     ETH1           ETH2
       Category 1     Category 1        0.933        0.933           0.000
       Category 1     Category 2        0.032        0.032           0.000
       Category 2     Category 1        0.016        0.016           0.002
       Category 2     Category 2        0.019        0.019          -0.002
       Bivariate Pearson Chi-Square                                  0.000
       Bivariate Log-Likelihood Chi-Square                           0.000
     ETH1           ETH3
       Category 1     Category 1        0.928        0.928           0.002
       Category 1     Category 2        0.037        0.037          -0.003
       Category 2     Category 1        0.020        0.020          -0.005
       Category 2     Category 2        0.014        0.014           0.006
       Bivariate Pearson Chi-Square                                  0.000
       Bivariate Log-Likelihood Chi-Square                           0.000
     ETH1           ETH4
       Category 1     Category 1        0.745        0.745          -0.004
       Category 1     Category 2        0.220        0.220           0.004
       Category 2     Category 1        0.013        0.013           0.015
       Category 2     Category 2        0.022        0.022          -0.012
       Bivariate Pearson Chi-Square                                  0.001
       Bivariate Log-Likelihood Chi-Square                           0.001
     ETH1           ETH5
       Category 1     Category 1        0.916        0.916           0.028
       Category 1     Category 2        0.050        0.050          -0.035
       Category 2     Category 1        0.017        0.017          -0.063
       Category 2     Category 2        0.018        0.017           0.062
       Bivariate Pearson Chi-Square                                  0.012
       Bivariate Log-Likelihood Chi-Square                           0.012
     ETH2           ETH3
       Category 1     Category 1        0.915        0.915           0.001
       Category 1     Category 2        0.033        0.033           0.001
       Category 2     Category 1        0.033        0.033          -0.001
       Category 2     Category 2        0.018        0.018           0.000
       Bivariate Pearson Chi-Square                                  0.000
       Bivariate Log-Likelihood Chi-Square                           0.000
     ETH2           ETH4
       Category 1     Category 1        0.742        0.742           0.001
       Category 1     Category 2        0.207        0.207           0.000
       Category 2     Category 1        0.016        0.016          -0.003
       Category 2     Category 2        0.035        0.035           0.000
       Bivariate Pearson Chi-Square                                  0.000
       Bivariate Log-Likelihood Chi-Square                           0.000
     ETH2           ETH5
       Category 1     Category 1        0.908        0.908          -0.002
       Category 1     Category 2        0.041        0.041           0.004
       Category 2     Category 1        0.025        0.025           0.001
       Category 2     Category 2        0.026        0.026          -0.002
       Bivariate Pearson Chi-Square                                  0.000
       Bivariate Log-Likelihood Chi-Square                           0.000
     ETH3           ETH4
       Category 1     Category 1        0.738        0.738           0.001
       Category 1     Category 2        0.211        0.211          -0.001
       Category 2     Category 1        0.019        0.020          -0.003
       Category 2     Category 2        0.032        0.032           0.003
       Bivariate Pearson Chi-Square                                  0.000
       Bivariate Log-Likelihood Chi-Square                           0.000
     ETH3           ETH5
       Category 1     Category 1        0.907        0.907          -0.006
       Category 1     Category 2        0.042        0.041           0.008
       Category 2     Category 1        0.025        0.025           0.008
       Category 2     Category 2        0.026        0.026          -0.007
       Bivariate Pearson Chi-Square                                  0.000
       Bivariate Log-Likelihood Chi-Square                           0.000
     ETH4           ETH5
       Category 1     Category 1        0.734        0.734          -0.028
       Category 1     Category 2        0.024        0.024           0.082
       Category 2     Category 1        0.199        0.199           0.030
       Category 2     Category 2        0.043        0.044          -0.059
       Bivariate Pearson Chi-Square                                  0.015
       Bivariate Log-Likelihood Chi-Square                           0.015

       Overall Bivariate Pearson Chi-Square                          0.028
       Overall Bivariate Log-Likelihood Chi-Square                   0.028


TECHNICAL 11 OUTPUT

     Random Starts Specifications for the k-1 Class Analysis Model
        Number of initial stage random starts                1000
        Number of final stage optimizations                   250



     VUONG-LO-MENDELL-RUBIN LIKELIHOOD RATIO TEST FOR 5 (H0) VERSUS 6 CLASSES

          H0 Loglikelihood Value                        -4182.828
          2 Times the Loglikelihood Difference              2.965
          Difference in the Number of Parameters                6
          Mean                                              7.856
          Standard Deviation                               42.631
          P-Value                                          0.5329

     LO-MENDELL-RUBIN ADJUSTED LRT TEST

          Value                                             2.906
          P-Value                                          0.5336


SAVEDATA INFORMATION


  Save file
    Prob_LTU_ETHlca_C3cl6.dat

  Order and format of variables

    ETH1           F10.3
    ETH2           F10.3
    ETH3           F10.3
    ETH4           F10.3
    ETH5           F10.3
    CPROB1         F10.3
    CPROB2         F10.3
    CPROB3         F10.3
    CPROB4         F10.3
    CPROB5         F10.3
    CPROB6         F10.3
    C              F10.3
    WS             F10.3
    IDSTUD         I9
    ID_S           I5
    ID_J           I5

  Save file format
    13F10.3 I9 2I5

  Save file record length    10000

  Save missing symbol        *


     Beginning Time:  22:10:53
        Ending Time:  22:10:57
       Elapsed Time:  00:00:04



MUTHEN & MUTHEN
3463 Stoner Ave.
Los Angeles, CA  90066

Tel: (310) 391-9971
Fax: (310) 391-8971
Web: www.StatModel.com
Support: Support@StatModel.com

Copyright (c) 1998-2020 Muthen & Muthen
