Mplus VERSION 8.5 (Mac)
MUTHEN & MUTHEN
04/07/2021  10:11 PM

INPUT INSTRUCTIONS

  TITLE: NORETH LCA - C3 with 4 classes;
  DATA:
  FILE = ETHDtaC3.dat;

  VARIABLE:
  NAMES = id_i
  id_j
  id_r
  id_s
  id_k
  wt
  ws
  ETH1
  ETH2
  ETH3
  ETH4
  ETH5
  IDSTUD;
  IDVARIABLE = IDSTUD;
  USEVARIABLES = ETH1
  ETH2
  ETH3
  ETH4
  ETH5;
  USEOBSERVATIONS ARE id_k EQ 12;
  CATEGORICAL = ETH1
  ETH2
  ETH3
  ETH4
  ETH5;
  MISSING = .;
  CLASSES = c(4);
  WEIGHT = ws;
  STRATIFICATION = id_s;
  CLUSTER = id_j;

  ANALYSIS:
  TYPE = COMPLEX MIXTURE;
  PROCESSORS = 4;
  STARTS = 1000 250;
  STITERATIONS = 20;
  STSEED = 288;

  MODEL:
  %OVERALL%

  OUTPUT:
  TECH10
  TECH11
  SVALUES
  ;

  SAVEDATA:
  FILE = Prob_NOR_ETHlca_C3cl4.dat;
  SAVE = CPROBABILITIES;



*** WARNING in VARIABLE command
  When a subpopulation is analyzed with TYPE=COMPLEX, standard errors
  may be incorrect.  Use the SUBPOPULATION option instead of the
  USEOBSERVATIONS option to obtain correct standard errors.
*** WARNING
  Data set contains cases with missing on all variables.
  These cases were not included in the analysis.
  Number of cases with missing on all variables:  199
   2 WARNING(S) FOUND IN THE INPUT INSTRUCTIONS



NORETH LCA - C3 with 4 classes;

SUMMARY OF ANALYSIS

Number of groups                                                 1
Number of observations                                        6072

Number of dependent variables                                    5
Number of independent variables                                  0
Number of continuous latent variables                            0
Number of categorical latent variables                           1

Observed dependent variables

  Binary and ordered categorical (ordinal)
   ETH1        ETH2        ETH3        ETH4        ETH5

Categorical latent variables
   C

Variables with special functions

  Stratification        ID_S
  Cluster variable      ID_J
  Weight variable       WS
  ID variable           IDSTUD

Estimator                                                      MLR
Information matrix                                        OBSERVED
Optimization Specifications for the Quasi-Newton Algorithm for
Continuous Outcomes
  Maximum number of iterations                                 100
  Convergence criterion                                  0.100D-05
Optimization Specifications for the EM Algorithm
  Maximum number of iterations                                 500
  Convergence criteria
    Loglikelihood change                                 0.100D-06
    Relative loglikelihood change                        0.100D-06
    Derivative                                           0.100D-05
Optimization Specifications for the M step of the EM Algorithm for
Categorical Latent variables
  Number of M step iterations                                    1
  M step convergence criterion                           0.100D-05
  Basis for M step termination                           ITERATION
Optimization Specifications for the M step of the EM Algorithm for
Censored, Binary or Ordered Categorical (Ordinal), Unordered
Categorical (Nominal) and Count Outcomes
  Number of M step iterations                                    1
  M step convergence criterion                           0.100D-05
  Basis for M step termination                           ITERATION
  Maximum value for logit thresholds                            15
  Minimum value for logit thresholds                           -15
  Minimum expected cell size for chi-square              0.100D-01
Maximum number of iterations for H1                           2000
Convergence criterion for H1                             0.100D-03
Optimization algorithm                                         EMA
Random Starts Specifications
  Number of initial stage random starts                       1000
  Number of final stage optimizations                          250
  Number of initial stage iterations                            20
  Initial stage convergence criterion                    0.100D+01
  Random starts scale                                    0.500D+01
  Random seed for generating random starts                     288
Link                                                         LOGIT

Input data file(s)
  ETHDtaC3.dat
Input data format  FREE


SUMMARY OF DATA

     Number of missing data patterns            27
     Number of y missing data patterns           0
     Number of u missing data patterns          27
     Number of strata                           75
     Number of clusters                        148


COVARIANCE COVERAGE OF DATA

Minimum covariance coverage value   0.100


     PROPORTION OF DATA PRESENT FOR U


           Covariance Coverage
              ETH1          ETH2          ETH3          ETH4          ETH5
              ________      ________      ________      ________      ________
 ETH1           0.994
 ETH2           0.991         0.995
 ETH3           0.987         0.987         0.989
 ETH4           0.986         0.987         0.984         0.990
 ETH5           0.988         0.989         0.986         0.986         0.991


UNIVARIATE PROPORTIONS AND COUNTS FOR CATEGORICAL VARIABLES

    ETH1
      Category 1    0.952         5745.869
      Category 2    0.048          291.472
    ETH2
      Category 1    0.932         5631.763
      Category 2    0.068          408.854
    ETH3
      Category 1    0.952         5721.940
      Category 2    0.048          286.015
    ETH4
      Category 1    0.886         5326.208
      Category 2    0.114          687.481
    ETH5
      Category 1    0.942         5669.836
      Category 2    0.058          351.258


RANDOM STARTS RESULTS RANKED FROM THE BEST TO THE WORST LOGLIKELIHOOD VALUES

Final stage loglikelihood values at local maxima, seeds, and initial stage start numbers:

           -5425.595  227828           811
           -5425.595  160604           121
           -5425.595  894345           834
           -5425.595  319498           137
           -5425.595  563703           259
           -5425.595  298512           527
           -5425.595  377012           241
           -5425.595  210588           50
           -5425.595  572536           358
           -5425.595  378029           660
           -5425.595  202454           812
           -5425.595  425585           792
           -5425.595  527001           801
           -5425.595  21190            525
           -5425.595  12928            511
           -5425.595  462497           983
           -5425.595  295517           437
           -5425.595  665251           907
           -5425.595  618623           684
           -5425.595  184270           234
           -5425.595  191045           25
           -5425.595  503362           971
           -5425.595  223610           725
           -5425.595  525859           814
           -5425.595  87282            366
           -5425.595  513056           385
           -5425.595  871950           369
           -5425.595  2423             651
           -5425.595  660636           718
           -5425.595  721959           45
           -5425.595  47928            36
           -5425.595  110176           855
           -5425.595  26859            531
           -5425.595  943593           858
           -5425.595  55908            587
           -5425.595  488534           375
           -5425.595  124010           543
           -5425.595  536406           976
           -5425.595  222182           214
           -5425.595  447197           683
           -5425.595  179652           583
           -5425.595  626683           277
           -5425.595  983784           118
           -5425.595  953866           508
           -5425.595  56586            165
           -5425.595  845817           820
           -5425.595  895776           412
           -5425.595  290638           666
           -5425.595  914502           897
           -5425.595  414035           84
           -5425.595  808818           46
           -5425.595  587107           65
           -5425.595  920438           409
           -5425.595  690502           520
           -5425.595  116869           93
           -5425.595  674140           758
           -5425.595  139408           978
           -5425.595  369474           935
           -5425.595  3314             35
           -5425.595  445592           47
           -5426.251  883238           52
           -5426.251  718635           450
           -5426.693  29688            817
           -5426.745  544679           986
           -5427.049  684094           580

185 perturbed starting value run(s) did not converge or were rejected in the third stage.



THE BEST LOGLIKELIHOOD VALUE HAS BEEN REPLICATED.  RERUN WITH AT LEAST TWICE THE
RANDOM STARTS TO CHECK THAT THE BEST LOGLIKELIHOOD IS STILL OBTAINED AND REPLICATED.

     IN THE OPTIMIZATION, ONE OR MORE LOGIT THRESHOLDS APPROACHED EXTREME VALUES
     OF -15.000 AND 15.000 AND WERE FIXED TO STABILIZE MODEL ESTIMATION.  THESE
     VALUES IMPLY PROBABILITIES OF 0 AND 1.  IN THE MODEL RESULTS SECTION, THESE
     PARAMETERS HAVE 0 STANDARD ERRORS AND 999 IN THE Z-SCORE AND P-VALUE COLUMNS.


     WARNING:  THE VARIANCE CONTRIBUTION FROM A STRATUM WITH A SINGLE CLUSTER
     (PSU) IS BASED ON THE DIFFERENCE BETWEEN THE SINGLE CLUSTER VALUE AND
     THE OVERALL CLUSTER MEAN.




THE MODEL ESTIMATION TERMINATED NORMALLY



MODEL FIT INFORMATION

Number of Free Parameters                       23

Loglikelihood

          H0 Value                       -5425.595
          H0 Scaling Correction Factor      1.1876
            for MLR

Information Criteria

          Akaike (AIC)                   10897.189
          Bayesian (BIC)                 11051.552
          Sample-Size Adjusted BIC       10978.465
            (n* = (n + 2) / 24)

Chi-Square Test of Model Fit for the Binary and Ordered Categorical
(Ordinal) Outcomes

          Pearson Chi-Square

          Value                             20.126
          Degrees of Freedom                     8
          P-Value                           0.0099

          Likelihood Ratio Chi-Square

          Value                             13.625
          Degrees of Freedom                     8
          P-Value                           0.0921

Chi-Square Test for MCAR under the Unrestricted Latent Class Indicator Model

          Pearson Chi-Square

          Value                            274.965
          Degrees of Freedom                   160
          P-Value                           0.0000

          Likelihood Ratio Chi-Square

          Value                             91.729
          Degrees of Freedom                   160
          P-Value                           1.0000



FINAL CLASS COUNTS AND PROPORTIONS FOR THE LATENT CLASSES
BASED ON THE ESTIMATED MODEL

    Latent
   Classes

       1        376.47802          0.06200
       2        150.69034          0.02482
       3       5368.11254          0.88408
       4        176.71910          0.02910


FINAL CLASS COUNTS AND PROPORTIONS FOR THE LATENT CLASSES
BASED ON ESTIMATED POSTERIOR PROBABILITIES

    Latent
   Classes

       1        376.47802          0.06200
       2        150.69034          0.02482
       3       5368.11254          0.88408
       4        176.71910          0.02910


FINAL CLASS COUNTS AND PROPORTIONS FOR THE LATENT CLASSES
BASED ON THEIR MOST LIKELY LATENT CLASS MEMBERSHIP

Class Counts and Proportions

    Latent
   Classes

       1              309          0.05087
       2              167          0.02742
       3             5498          0.90551
       4               98          0.01620


CLASSIFICATION QUALITY

     Entropy                         0.900


Average Latent Class Probabilities for Most Likely Latent Class Membership (Row)
by Latent Class (Column)

           1        2        3        4

    1   0.870    0.022    0.109    0.000
    2   0.136    0.863    0.001    0.001
    3   0.012    0.000    0.969    0.019
    4   0.189    0.002    0.052    0.758


Classification Probabilities for the Most Likely Latent Class Membership (Column)
by Latent Class (Row)

           1        2        3        4

    1   0.713    0.060    0.177    0.049
    2   0.044    0.953    0.002    0.001
    3   0.006    0.000    0.993    0.001
    4   0.000    0.001    0.578    0.422


Logits for the Classification Probabilities for the Most Likely Latent Class Membership (Column)
by Latent Class (Row)

              1        2        3        4

    1      2.672    0.199    1.278    0.000
    2      3.728    6.799    0.393    0.000
    3      1.888   -4.047    6.953    0.000
    4    -12.952   -6.415    0.314    0.000


MODEL RESULTS

                                                    Two-Tailed
                    Estimate       S.E.  Est./S.E.    P-Value

Latent Class 1

 Thresholds
    ETH1$1             0.481      0.242      1.986      0.047
    ETH2$1            -0.573      0.320     -1.789      0.074
    ETH3$1             1.574      0.183      8.578      0.000
    ETH4$1             0.226      0.202      1.121      0.262
    ETH5$1             0.809      0.198      4.088      0.000

Latent Class 2

 Thresholds
    ETH1$1            -2.766      0.519     -5.331      0.000
    ETH2$1            -4.187      0.959     -4.367      0.000
    ETH3$1            -1.402      0.361     -3.882      0.000
    ETH4$1           -15.000      0.000    999.000    999.000
    ETH5$1            -2.365      0.656     -3.605      0.000

Latent Class 3

 Thresholds
    ETH1$1             6.366      0.856      7.436      0.000
    ETH2$1             5.380      0.581      9.254      0.000
    ETH3$1             4.552      0.228     19.929      0.000
    ETH4$1             3.045      0.138     22.042      0.000
    ETH5$1             4.826      0.280     17.250      0.000

Latent Class 4

 Thresholds
    ETH1$1            15.000      0.000    999.000    999.000
    ETH2$1            15.000      0.000    999.000    999.000
    ETH3$1             0.908      0.340      2.670      0.008
    ETH4$1            -1.181      0.677     -1.744      0.081
    ETH5$1             0.676      0.374      1.809      0.070

Categorical Latent Variables

 Means
    C#1                0.756      0.372      2.032      0.042
    C#2               -0.159      0.374     -0.426      0.670
    C#3                3.414      0.347      9.830      0.000


RESULTS IN PROBABILITY SCALE

Latent Class 1

 ETH1
    Category 1         0.618      0.057     10.800      0.000
    Category 2         0.382      0.057      6.674      0.000
 ETH2
    Category 1         0.361      0.074      4.886      0.000
    Category 2         0.639      0.074      8.663      0.000
 ETH3
    Category 1         0.828      0.026     31.751      0.000
    Category 2         0.172      0.026      6.580      0.000
 ETH4
    Category 1         0.556      0.050     11.166      0.000
    Category 2         0.444      0.050      8.904      0.000
 ETH5
    Category 1         0.692      0.042     16.400      0.000
    Category 2         0.308      0.042      7.303      0.000

Latent Class 2

 ETH1
    Category 1         0.059      0.029      2.049      0.040
    Category 2         0.941      0.029     32.562      0.000
 ETH2
    Category 1         0.015      0.014      1.059      0.290
    Category 2         0.985      0.014     69.675      0.000
 ETH3
    Category 1         0.197      0.057      3.449      0.001
    Category 2         0.803      0.057     14.019      0.000
 ETH4
    Category 1         0.000      0.000      0.000      1.000
    Category 2         1.000      0.000      0.000      1.000
 ETH5
    Category 1         0.086      0.051      1.668      0.095
    Category 2         0.914      0.051     17.753      0.000

Latent Class 3

 ETH1
    Category 1         0.998      0.001    680.665      0.000
    Category 2         0.002      0.001      1.170      0.242
 ETH2
    Category 1         0.995      0.003    375.149      0.000
    Category 2         0.005      0.003      1.728      0.084
 ETH3
    Category 1         0.990      0.002    419.557      0.000
    Category 2         0.010      0.002      4.424      0.000
 ETH4
    Category 1         0.955      0.006    159.331      0.000
    Category 2         0.045      0.006      7.583      0.000
 ETH5
    Category 1         0.992      0.002    449.167      0.000
    Category 2         0.008      0.002      3.603      0.000

Latent Class 4

 ETH1
    Category 1         1.000      0.000      0.000      1.000
    Category 2         0.000      0.000      0.000      1.000
 ETH2
    Category 1         1.000      0.000      0.000      1.000
    Category 2         0.000      0.000      0.000      1.000
 ETH3
    Category 1         0.713      0.070     10.230      0.000
    Category 2         0.287      0.070      4.124      0.000
 ETH4
    Category 1         0.235      0.122      1.931      0.054
    Category 2         0.765      0.122      6.288      0.000
 ETH5
    Category 1         0.663      0.084      7.937      0.000
    Category 2         0.337      0.084      4.037      0.000


LATENT CLASS ODDS RATIO RESULTS

                                                95% C.I.
                    Estimate       S.E.  Lower 2.5% Upper 2.5%

Latent Class 1 Compared to Latent Class 2

 ETH1
    Category > 1       0.039      0.021      0.013      0.115
 ETH2
    Category > 1       0.027      0.029      0.003      0.218
 ETH3
    Category > 1       0.051      0.021      0.023      0.112
 ETH4
    Category > 1       0.000      0.000      0.000      0.000
 ETH5
    Category > 1       0.042      0.029      0.011      0.162

Latent Class 1 Compared to Latent Class 3

 ETH1
    Category > 1     359.493    298.241     70.714   1827.568
 ETH2
    Category > 1     384.992    216.833    127.654   1161.099
 ETH3
    Category > 1      19.653      5.863     10.952     35.268
 ETH4
    Category > 1      16.756      4.066     10.414     26.960
 ETH5
    Category > 1      55.509     19.049     28.330    108.761

Latent Class 1 Compared to Latent Class 4

 ETH1
    Category > 1   *********      0.000  *********  *********
 ETH2
    Category > 1   *********      0.000  *********  *********
 ETH3
    Category > 1       0.514      0.224      0.219      1.206
 ETH4
    Category > 1       0.245      0.181      0.058      1.039
 ETH5
    Category > 1       0.875      0.379      0.375      2.043

Latent Class 2 Compared to Latent Class 3

 ETH1
    Category > 1    9245.562   8702.393   1461.250  58498.145
 ETH2
    Category > 1   14285.474  15600.073   1680.140  *********
 ETH3
    Category > 1     385.458    172.613    160.248    927.179
 ETH4
    Category > 1   *********      0.000  *********  *********
 ETH5
    Category > 1    1327.024    918.316    341.843   5151.469

Latent Class 2 Compared to Latent Class 4

 ETH1
    Category > 1   *********      0.000  *********  *********
 ETH2
    Category > 1   *********      0.000  *********  *********
 ETH3
    Category > 1      10.082      5.030      3.792     26.804
 ETH4
    Category > 1   *********      0.000  *********  *********
 ETH5
    Category > 1      20.929     15.832      4.751     92.190

Latent Class 3 Compared to Latent Class 4

 ETH1
    Category > 1    5619.189      0.000   5619.189   5619.189
 ETH2
    Category > 1   15056.370      0.000  15056.369  15056.369
 ETH3
    Category > 1       0.026      0.010      0.013      0.055
 ETH4
    Category > 1       0.015      0.009      0.004      0.052
 ETH5
    Category > 1       0.016      0.006      0.007      0.035


QUALITY OF NUMERICAL RESULTS

     Condition Number for the Information Matrix              0.136E-02
       (ratio of smallest to largest eigenvalue)


MODEL COMMAND WITH FINAL ESTIMATES USED AS STARTING VALUES

     %OVERALL%

     [ c#1*0.75630 ];
     [ c#2*-0.15933 ];
     [ c#3*3.41367 ];

     %C#1%

     [ eth1$1*0.48136 ];
     [ eth2$1*-0.57278 ];
     [ eth3$1*1.57387 ];
     [ eth4$1*0.22630 ];
     [ eth5$1*0.80898 ];

     %C#2%

     [ eth1$1*-2.76584 ];
     [ eth2$1*-4.18656 ];
     [ eth3$1*-1.40232 ];
     [ eth4$1*-15 ];
     [ eth5$1*-2.36517 ];

     %C#3%

     [ eth1$1*6.36606 ];
     [ eth2$1*5.38044 ];
     [ eth3$1*4.55211 ];
     [ eth4$1*3.04506 ];
     [ eth5$1*4.82552 ];

     %C#4%

     [ eth1$1*15 ];
     [ eth2$1*15 ];
     [ eth3$1*0.90843 ];
     [ eth4$1*-1.18085 ];
     [ eth5$1*0.67594 ];



TECHNICAL 10 OUTPUT


     MODEL FIT INFORMATION FOR THE LATENT CLASS INDICATOR MODEL PART


     RESPONSE PATTERNS

     No.  Pattern    No.  Pattern    No.  Pattern    No.  Pattern
       1  00000        2  00001        3  00010        4  00011
       5  00100        6  00101        7  00110        8  00111
       9  01000       10  01001       11  01010       12  01011
      13  01100       14  01101       15  01110       16  01111
      17  10000       18  10001       19  10010       20  10011
      21  10100       22  10101       23  10110       24  10111
      25  11000       26  11001       27  11010       28  11011
      29  11100       30  11101       31  11110       32  11111
      33  000*0       34  000*1       35  001*0       36  010*0
      37  011*0       38  110*1       39  *0***       40  *1***
      41  00***       42  01***       43  *0*0*       44  00*00
      45  00*10       46  00*11       47  01*00       48  01*10
      49  01*11       50  10*00       51  10*01       52  11*00
      53  11*11       54  0****       55  1****       56  *11**
      57  0000*       58  0001*       59  ***00       60  ***0*
      61  ***1*       62  *0000       63  *1111       64  ****0
      65  ****1       66  0*0**       67  0*000       68  0*010
      69  0*011       70  1*001       71  1*010       72  01*0*
      73  10*0*       74  **0**       75  *00*0       76  *000*
      77  00**0       78  0**0*       79  *0**0       80  **000
      81  *0*00       82  **00*       83  0*00*       84  000**



     RESPONSE PATTERN FREQUENCIES AND CHI-SQUARE CONTRIBUTIONS

    Response          Frequency     Standardized  Chi-square Contribution
     Pattern    Observed  Estimated   Residual    Pearson   Loglikelihood  Deleted
                                     (z-score)
         1      4954.08    4938.61       0.51       0.00         0.31
         2        60.94      60.68       0.03       0.00         0.01
         3       314.96     316.30      -0.07       0.00        -0.52
         4        41.94      43.00      -0.15       0.00         0.19
         5        65.02      64.76       0.03       0.00         0.01
         6         6.87       6.77       0.04       0.00        -0.01
         7        32.12      32.00       0.02       0.00         0.11
         8        14.89      14.86       0.01       0.00        -0.10
         9        65.91      68.97      -0.35       0.01        -0.24
        10        20.90      20.86       0.01       0.00         0.16
        11        41.36      38.25       0.48       0.21         9.12
        12        14.92      18.05      -0.71       0.52        -4.47
        13         6.36       9.86      -1.07       1.18        -4.28
        14         7.59       4.29       1.53       2.54         8.76
        15         4.74       8.28      -1.18       1.47        -4.47
        16        10.09       9.73       0.11       0.00         1.35
        17        23.01      24.59      -0.31       0.05        -0.79
        18         5.34       7.27      -0.69       0.33        -1.30
        19        14.93      13.34       0.42       0.19         3.68
        20         1.86       6.13      -1.65       2.97        -4.47
        21         5.60       3.44       1.11       1.35         5.99
        22         2.95       1.49       1.14       1.37         4.72
        23         1.72       2.82      -0.63       0.43        -1.74
        24         3.31       2.72       0.35       0.13         1.24
        25        23.42      28.73      -0.95       0.97        -8.60
        26        14.08      12.78       0.35       0.08         4.45
        27        28.97      25.20       0.72       0.56         8.88
        28        34.34      34.86      -0.08       0.00         0.16
        29         5.56       5.95      -0.15       0.02        -0.46
        30         1.86       2.65      -0.46       0.23        -1.32
        31        14.00      14.16      -0.04       0.00        -0.39
        32       100.16     102.40      -0.21       0.01        -0.63
        33        20.17      21.97      -1.08       0.00         0.00
        34         0.78       0.43       0.51       0.00         0.00
        35         0.90       0.40       0.74       0.00         0.00
        36         1.73       0.45       1.84       0.24         0.14
        37         0.81       0.08       2.57      -4.21        -0.64
        38         0.46       0.20       0.57       0.04         0.04
        39         4.57       6.07      -2.24       0.00         0.00
        40         1.95       0.44       2.24       0.00         0.00
        41         6.77       7.01      -0.31       0.00         0.00
        42         0.84       0.23       1.23       0.00         0.00
        43         3.44       2.96       0.72       0.00         0.00
        44        14.31      21.04      -3.52       0.00         0.00
        45         1.78       1.46       0.25       0.00         0.00
        46         0.57       0.24       0.64       0.00         0.00
        47         1.96       0.33       2.73      -0.44        -0.15
        48         0.91       0.20       1.56       0.11         0.05
        49         0.70       0.12       1.63      -0.29        -0.10
        50         0.99       0.12       2.43       0.55         0.14
        51         0.97       0.04       4.66       2.61         0.21
        52         0.84       0.15       1.75      -0.81        -0.27
        53         1.95       0.58       1.75      -0.01        -0.01
        54         4.43       6.07      -2.89       0.00         0.00
        55         1.95       0.31       2.89       0.00         0.00
        56         0.82       0.02       5.24      -0.69        -0.04
        57        10.25       9.68       0.44       0.00         0.00
        58         1.26       0.70       0.67       0.00         0.00
        59         1.40       1.21       0.45       0.00         0.00
        60         2.68       3.24      -0.88       0.00         0.00
        61         0.98       0.42       0.88       0.00         0.00
        62         6.66       6.10       0.54       0.00         0.00
        63         0.64       0.14       1.31       0.01         0.00
        64         2.72       3.24      -1.16       0.00         0.00
        65         0.73       0.20       1.16       0.00         0.00
        66         1.04       0.96       0.27       0.00         0.00
        67         2.83       7.09      -3.85       0.00         0.00
        68         2.20       0.50       2.37       0.11         0.05
        69         1.19       0.09       3.61      -0.67        -0.10
        70         1.22       0.03       6.75       3.29         0.16
        71         0.98       0.05       3.79       2.32         0.28
        72         0.96       0.03       4.85       0.12         0.01
        73         0.97       0.01       8.43       5.98         0.15
        74         1.36       1.29       0.25       0.00         0.00
        75         0.88       0.79       0.32       0.00         0.00
        76         0.96       0.82       0.40       0.00         0.00
        77         2.08       1.87       0.46       0.00         0.00
        78         0.97       0.85       0.36       0.00         0.00
        79         1.05       0.95       0.31       0.00         0.00
        80         2.28       1.94       0.60       0.00         0.00
        81         0.57       0.48       0.31       0.00         0.00
        82         0.97       0.84       0.37       0.00         0.00
        83         1.46       1.25       0.47       0.00         0.00
        84         2.29       2.06       0.48       0.00         0.00

     THE TOTAL PEARSON CHI-SQUARE CONTRIBUTION FROM EMPTY CELLS IS        -0.01


     UNIVARIATE MODEL FIT INFORMATION

                               Estimated Probabilities
                                                  Standardized
     Variable              H1           H0          Residual
                                                   (z-score)
     ETH1
       Category 1        0.951        0.951           0.000
       Category 2        0.049        0.049           0.000
       Univariate Pearson Chi-Square                  0.000
       Univariate Log-Likelihood Chi-Square           0.000
     ETH2
       Category 1        0.932        0.932          -0.004
       Category 2        0.068        0.068           0.004
       Univariate Pearson Chi-Square                  0.000
       Univariate Log-Likelihood Chi-Square           0.000
     ETH3
       Category 1        0.952        0.952          -0.015
       Category 2        0.048        0.048           0.015
       Univariate Pearson Chi-Square                  0.000
       Univariate Log-Likelihood Chi-Square           0.000
     ETH4
       Category 1        0.885        0.885           0.000
       Category 2        0.115        0.115           0.000
       Univariate Pearson Chi-Square                  0.000
       Univariate Log-Likelihood Chi-Square           0.000
     ETH5
       Category 1        0.941        0.941          -0.004
       Category 2        0.059        0.059           0.004
       Univariate Pearson Chi-Square                  0.000
       Univariate Log-Likelihood Chi-Square           0.000

       Overall Univariate Pearson Chi-Square                         0.000
       Overall Univariate Log-Likelihood Chi-Square                  0.000


     BIVARIATE MODEL FIT INFORMATION

                                              Estimated Probabilities
                                                                 Standardized
     Variable       Variable              H1           H0          Residual
                                                                  (z-score)
     ETH1           ETH2
       Category 1     Category 1        0.921        0.921           0.000
       Category 1     Category 2        0.030        0.030           0.000
       Category 2     Category 1        0.010        0.010          -0.010
       Category 2     Category 2        0.038        0.038           0.005
       Bivariate Pearson Chi-Square                                  0.000
       Bivariate Log-Likelihood Chi-Square                           0.000
     ETH1           ETH3
       Category 1     Category 1        0.926        0.926           0.091
       Category 1     Category 2        0.025        0.025          -0.151
       Category 2     Category 1        0.025        0.026          -0.170
       Category 2     Category 2        0.023        0.023           0.181
       Bivariate Pearson Chi-Square                                  0.091
       Bivariate Log-Likelihood Chi-Square                           0.091
     ETH1           ETH4
       Category 1     Category 1        0.871        0.871           0.024
       Category 1     Category 2        0.081        0.081          -0.030
       Category 2     Category 1        0.015        0.015          -0.068
       Category 2     Category 2        0.034        0.034           0.045
       Bivariate Pearson Chi-Square                                  0.008
       Bivariate Log-Likelihood Chi-Square                           0.008
     ETH1           ETH5
       Category 1     Category 1        0.921        0.921          -0.076
       Category 1     Category 2        0.030        0.030           0.120
       Category 2     Category 1        0.020        0.020           0.141
       Category 2     Category 2        0.028        0.029          -0.118
       Bivariate Pearson Chi-Square                                  0.052
       Bivariate Log-Likelihood Chi-Square                           0.052
     ETH2           ETH3
       Category 1     Category 1        0.910        0.910          -0.166
       Category 1     Category 2        0.022        0.022           0.320
       Category 2     Category 1        0.042        0.042           0.222
       Category 2     Category 2        0.026        0.026          -0.270
       Bivariate Pearson Chi-Square                                  0.241
       Bivariate Log-Likelihood Chi-Square                           0.240
     ETH2           ETH4
       Category 1     Category 1        0.860        0.859           0.114
       Category 1     Category 2        0.072        0.073          -0.157
       Category 2     Category 1        0.025        0.026          -0.251
       Category 2     Category 2        0.043        0.042           0.203
       Bivariate Pearson Chi-Square                                  0.137
       Bivariate Log-Likelihood Chi-Square                           0.137
     ETH2           ETH5
       Category 1     Category 1        0.908        0.908           0.113
       Category 1     Category 2        0.024        0.024          -0.219
       Category 2     Category 1        0.033        0.034          -0.186
       Category 2     Category 2        0.035        0.035           0.188
       Bivariate Pearson Chi-Square                                  0.127
       Bivariate Log-Likelihood Chi-Square                           0.127
     ETH3           ETH4
       Category 1     Category 1        0.868        0.869          -0.140
       Category 1     Category 2        0.084        0.083           0.160
       Category 2     Category 1        0.017        0.017           0.368
       Category 2     Category 2        0.031        0.031          -0.252
       Bivariate Pearson Chi-Square                                  0.242
       Bivariate Log-Likelihood Chi-Square                           0.240
     ETH3           ETH5
       Category 1     Category 1        0.918        0.918           0.224
       Category 1     Category 2        0.033        0.034          -0.357
       Category 2     Category 1        0.023        0.024          -0.411
       Category 2     Category 2        0.025        0.024           0.426
       Bivariate Pearson Chi-Square                                  0.513
       Bivariate Log-Likelihood Chi-Square                           0.514
     ETH4           ETH5
       Category 1     Category 1        0.865        0.866          -0.214
       Category 1     Category 2        0.021        0.020           0.526
       Category 2     Category 1        0.077        0.076           0.273
       Category 2     Category 2        0.038        0.039          -0.372
       Bivariate Pearson Chi-Square                                  0.524
       Bivariate Log-Likelihood Chi-Square                           0.520

       Overall Bivariate Pearson Chi-Square                          1.934
       Overall Bivariate Log-Likelihood Chi-Square                   1.930


TECHNICAL 11 OUTPUT

     Random Starts Specifications for the k-1 Class Analysis Model
        Number of initial stage random starts                1000
        Number of final stage optimizations                   250



     VUONG-LO-MENDELL-RUBIN LIKELIHOOD RATIO TEST FOR 3 (H0) VERSUS 4 CLASSES

          H0 Loglikelihood Value                        -5447.880
          2 Times the Loglikelihood Difference             44.571
          Difference in the Number of Parameters                6
          Mean                                              4.256
          Standard Deviation                               26.316
          P-Value                                          0.0570

     LO-MENDELL-RUBIN ADJUSTED LRT TEST

          Value                                            43.735
          P-Value                                          0.0601


SAVEDATA INFORMATION


  Save file
    Prob_NOR_ETHlca_C3cl4.dat

  Order and format of variables

    ETH1           F10.3
    ETH2           F10.3
    ETH3           F10.3
    ETH4           F10.3
    ETH5           F10.3
    CPROB1         F10.3
    CPROB2         F10.3
    CPROB3         F10.3
    CPROB4         F10.3
    C              F10.3
    WS             F10.3
    IDSTUD         I9
    ID_S           I5
    ID_J           I5

  Save file format
    11F10.3 I9 2I5

  Save file record length    10000

  Save missing symbol        *


     Beginning Time:  22:11:58
        Ending Time:  22:12:01
       Elapsed Time:  00:00:03



MUTHEN & MUTHEN
3463 Stoner Ave.
Los Angeles, CA  90066

Tel: (310) 391-9971
Fax: (310) 391-8971
Web: www.StatModel.com
Support: Support@StatModel.com

Copyright (c) 1998-2020 Muthen & Muthen
