Mplus VERSION 8.5 (Mac)
MUTHEN & MUTHEN
04/07/2021  10:10 PM

INPUT INSTRUCTIONS

  TITLE: LVAETH LCA - C3 with 2 classes;
  DATA:
  FILE = ETHDtaC3.dat;

  VARIABLE:
  NAMES = id_i
  id_j
  id_r
  id_s
  id_k
  wt
  ws
  ETH1
  ETH2
  ETH3
  ETH4
  ETH5
  IDSTUD;
  IDVARIABLE = IDSTUD;
  USEVARIABLES = ETH1
  ETH2
  ETH3
  ETH4
  ETH5;
  USEOBSERVATIONS ARE id_k EQ 9;
  CATEGORICAL = ETH1
  ETH2
  ETH3
  ETH4
  ETH5;
  MISSING = .;
  CLASSES = c(2);
  WEIGHT = ws;
  STRATIFICATION = id_s;
  CLUSTER = id_j;

  ANALYSIS:
  TYPE = COMPLEX MIXTURE;
  PROCESSORS = 4;
  STARTS = 1000 250;
  STITERATIONS = 20;
  STSEED = 288;

  MODEL:
  %OVERALL%

  OUTPUT:
  TECH10
  TECH11
  SVALUES
  ;

  SAVEDATA:
  FILE = Prob_LVA_ETHlca_C3cl2.dat;
  SAVE = CPROBABILITIES;



*** WARNING in VARIABLE command
  When a subpopulation is analyzed with TYPE=COMPLEX, standard errors
  may be incorrect.  Use the SUBPOPULATION option instead of the
  USEOBSERVATIONS option to obtain correct standard errors.
*** WARNING
  Data set contains cases with missing on all variables.
  These cases were not included in the analysis.
  Number of cases with missing on all variables:  82
   2 WARNING(S) FOUND IN THE INPUT INSTRUCTIONS



LVAETH LCA - C3 with 2 classes;

SUMMARY OF ANALYSIS

Number of groups                                                 1
Number of observations                                        3142

Number of dependent variables                                    5
Number of independent variables                                  0
Number of continuous latent variables                            0
Number of categorical latent variables                           1

Observed dependent variables

  Binary and ordered categorical (ordinal)
   ETH1        ETH2        ETH3        ETH4        ETH5

Categorical latent variables
   C

Variables with special functions

  Stratification        ID_S
  Cluster variable      ID_J
  Weight variable       WS
  ID variable           IDSTUD

Estimator                                                      MLR
Information matrix                                        OBSERVED
Optimization Specifications for the Quasi-Newton Algorithm for
Continuous Outcomes
  Maximum number of iterations                                 100
  Convergence criterion                                  0.100D-05
Optimization Specifications for the EM Algorithm
  Maximum number of iterations                                 500
  Convergence criteria
    Loglikelihood change                                 0.100D-06
    Relative loglikelihood change                        0.100D-06
    Derivative                                           0.100D-05
Optimization Specifications for the M step of the EM Algorithm for
Categorical Latent variables
  Number of M step iterations                                    1
  M step convergence criterion                           0.100D-05
  Basis for M step termination                           ITERATION
Optimization Specifications for the M step of the EM Algorithm for
Censored, Binary or Ordered Categorical (Ordinal), Unordered
Categorical (Nominal) and Count Outcomes
  Number of M step iterations                                    1
  M step convergence criterion                           0.100D-05
  Basis for M step termination                           ITERATION
  Maximum value for logit thresholds                            15
  Minimum value for logit thresholds                           -15
  Minimum expected cell size for chi-square              0.100D-01
Maximum number of iterations for H1                           2000
Convergence criterion for H1                             0.100D-03
Optimization algorithm                                         EMA
Random Starts Specifications
  Number of initial stage random starts                       1000
  Number of final stage optimizations                          250
  Number of initial stage iterations                            20
  Initial stage convergence criterion                    0.100D+01
  Random starts scale                                    0.500D+01
  Random seed for generating random starts                     288
Link                                                         LOGIT

Input data file(s)
  ETHDtaC3.dat
Input data format  FREE


SUMMARY OF DATA

     Number of missing data patterns            12
     Number of y missing data patterns           0
     Number of u missing data patterns          12
     Number of strata                           75
     Number of clusters                        147


COVARIANCE COVERAGE OF DATA

Minimum covariance coverage value   0.100


     PROPORTION OF DATA PRESENT FOR U


           Covariance Coverage
              ETH1          ETH2          ETH3          ETH4          ETH5
              ________      ________      ________      ________      ________
 ETH1           0.998
 ETH2           0.995         0.996
 ETH3           0.995         0.993         0.997
 ETH4           0.989         0.988         0.989         0.991
 ETH5           0.995         0.994         0.995         0.990         0.997


UNIVARIATE PROPORTIONS AND COUNTS FOR CATEGORICAL VARIABLES

    ETH1
      Category 1    0.953         2988.970
      Category 2    0.047          146.609
    ETH2
      Category 1    0.923         2891.896
      Category 2    0.077          240.162
    ETH3
      Category 1    0.877         2746.162
      Category 2    0.123          386.278
    ETH4
      Category 1    0.605         1887.195
      Category 2    0.395         1231.027
    ETH5
      Category 1    0.889         2786.063
      Category 2    0.111          348.056


RANDOM STARTS RESULTS RANKED FROM THE BEST TO THE WORST LOGLIKELIHOOD VALUES

Final stage loglikelihood values at local maxima, seeds, and initial stage start numbers:

           -5415.609  836620           612
           -5415.609  618623           684
           -5415.609  73755            470
           -5415.609  323102           100
           -5415.609  148293           258
           -5415.609  325774           336
           -5415.609  538895           296
           -5415.609  713307           426
           -5415.609  674140           758
           -5415.609  892206           245
           -5415.609  179221           721
           -5415.609  16924            513
           -5415.609  14535            40
           -5415.609  80124            965
           -5415.609  845314           106
           -5415.609  854348           827
           -5415.609  269627           970
           -5415.609  773295           110
           -5415.609  8288             775
           -5415.609  488534           375
           -5415.609  440829           431
           -5415.609  648136           544
           -5415.609  802116           48
           -5415.609  804806           254
           -5415.609  754533           722
           -5415.609  558819           667
           -5415.609  397629           873
           -5415.609  47928            36
           -5415.609  247466           56
           -5415.609  130856           647
           -5415.609  571411           289
           -5415.609  339904           18
           -5415.609  131908           837
           -5415.609  844715           603
           -5415.609  728622           648
           -5415.609  3314             35
           -5415.609  523738           186
           -5415.609  773050           996
           -5415.609  521345           326
           -5415.609  756230           734
           -5415.609  289940           934
           -5415.609  317406           637
           -5415.609  84384            893
           -5415.609  241342           73
           -5415.609  684094           580
           -5415.609  269127           185
           -5415.609  746482           80
           -5415.609  333457           840
           -5415.609  302904           999
           -5415.609  388154           457
           -5415.609  939960           395
           -5415.609  584076           497
           -5415.609  188329           716
           -5415.609  229006           675
           -5415.609  730821           309
           -5415.609  468884           58
           -5415.609  445012           686
           -5415.609  67434            878
           -5415.609  290638           666
           -5415.609  858385           124
           -5415.609  647619           843
           -5415.609  632351           688
           -5415.609  901878           440
           -5415.609  859462           371
           -5415.609  217522           559
           -5415.609  859326           476
           -5415.609  742884           233
           -5415.609  678818           832
           -5415.609  986285           495
           -5415.609  742602           131
           -5415.609  282015           797
           -5415.609  974013           841
           -5415.609  792032           871
           -5415.609  413332           92
           -5415.609  667357           142
           -5415.609  732743           929
           -5415.609  974671           900
           -5415.609  425653           643
           -5415.609  752948           849
           -5415.609  295469           313
           -5415.609  226263           830
           -5415.609  544679           986
           -5415.609  675795           956
           -5415.609  759317           180
           -5415.609  831668           932
           -5415.609  551927           569
           -5415.609  851486           342
           -5415.609  154351           1000
           -5415.609  920957           62
           -5415.609  351401           904
           -5415.609  23083            221
           -5415.609  95624            561
           -5415.609  721189           474
           -5415.609  525859           814
           -5415.609  41136            529
           -5415.609  569703           246
           -5415.609  687662           201
           -5415.609  653521           202
           -5415.609  983900           706
           -5415.609  224744           658
           -5415.609  222182           214
           -5415.609  884788           184
           -5415.609  858588           621
           -5415.609  394905           223
           -5415.609  125680           791
           -5415.609  446947           422
           -5415.609  845817           820
           -5415.609  215275           485
           -5415.609  29396            780
           -5415.609  94439            635
           -5415.609  85315            639
           -5415.609  692130           727
           -5415.609  675509           906
           -5415.609  261715           458
           -5415.609  889701           681
           -5415.609  692137           430
           -5415.609  112959           148
           -5415.609  300562           171
           -5415.609  789068           174
           -5415.609  965429           724
           -5415.609  710314           248
           -5415.609  674652           601
           -5415.609  233115           441
           -5415.609  799519           989
           -5415.609  353558           662
           -5415.609  333225           769
           -5415.609  541841           879
           -5415.609  566431           757
           -5415.609  771482           178
           -5415.609  839088           250
           -5415.609  533106           641
           -5415.609  27507            988
           -5415.609  388346           938
           -5415.609  257000           135
           -5415.609  3693             391
           -5415.609  587107           65
           -5415.609  272273           592
           -5415.609  125480           300
           -5415.609  782833           282
           -5415.609  771889           866
           -5415.609  461967           392
           -5415.609  702932           669
           -5415.609  641878           115
           -5415.609  504895           506
           -5415.609  550421           504
           -5415.609  396104           352
           -5415.609  971300           813
           -5415.609  703404           63
           -5415.609  589343           317
           -5415.609  890198           417
           -5415.609  778405           389
           -5415.609  531681           845
           -5415.609  385253           692
           -5415.609  702720           550
           -5415.609  307749           656
           -5415.609  866578           222
           -5415.609  860811           322
           -5415.609  873183           809
           -5415.609  486428           671
           -5415.609  256752           574
           -5415.609  950206           577
           -5415.609  749139           301
           -5415.609  292986           382
           -5415.609  701157           146
           -5415.609  302729           649
           -5415.609  782637           338
           -5415.609  119252           943
           -5415.609  983784           118
           -5415.609  52775            318
           -5415.609  803294           244
           -5415.609  862527           105
           -5415.609  219014           75
           -5415.609  90128            72
           -5415.609  325635           438
           -5415.609  665179           374
           -5415.609  766648           927
           -5415.609  462497           983
           -5415.609  390603           192
           -5415.609  102850           449
           -5415.609  103347           181
           -5415.609  133726           623
           -5415.609  449753           665
           -5415.609  199816           11
           -5415.609  170402           703
           -5415.609  941180           272
           -5415.609  572149           155
           -5415.609  823689           761
           -5415.609  231734           333
           -5415.609  390827           631
           -5415.609  202454           812
           -5415.609  795921           967
           -5415.609  615741           588
           -5415.609  253296           765
           -5415.609  673475           190
           -5415.609  619016           279
           -5415.609  847136           357
           -5415.609  646105           304
           -5415.609  28265            112
           -5415.609  602610           203
           -5415.609  536406           976
           -5415.609  920438           409
           -5415.609  229344           916
           -5415.609  456200           880
           -5415.609  573283           740
           -5415.609  413797           386
           -5415.609  529186           368
           -5415.609  536337           134
           -5415.609  401359           609
           -5415.609  959921           961
           -5415.609  733842           835
           -5415.609  513056           385
           -5415.609  210174           733
           -5415.609  819229           292
           -5415.609  998022           514
           -5415.609  491603           479
           -5415.609  586412           638
           -5415.609  775133           71
           -5415.609  207159           493
           -5415.609  375263           863
           -5415.609  853945           415
           -5415.609  566035           586
           -5415.609  957051           194
           -5415.609  207535           912
           -5415.609  61593            432
           -5415.609  999536           563
           -5415.609  840324           396
           -5415.609  637266           670
           -5415.609  919611           405
           -5415.609  208289           31
           -5415.609  986227           24
           -5415.609  452998           804
           -5415.609  681430           764
           -5415.609  139726           519
           -5415.609  195287           494
           -5415.609  191045           25
           -5415.609  150234           593
           -5415.609  124010           543
           -5415.609  622880           337
           -5415.609  119272           388
           -5415.609  116127           954
           -5415.609  611763           126
           -5415.609  14811            759
           -5415.609  378526           99
           -5415.609  550795           779
           -5415.609  616518           448
           -5415.609  816924           905
           -5415.609  730687           611
           -5415.609  729170           117
           -5415.609  426024           330
           -5415.609  730563           128



THE BEST LOGLIKELIHOOD VALUE HAS BEEN REPLICATED.  RERUN WITH AT LEAST TWICE THE
RANDOM STARTS TO CHECK THAT THE BEST LOGLIKELIHOOD IS STILL OBTAINED AND REPLICATED.


     WARNING:  THE VARIANCE CONTRIBUTION FROM A STRATUM WITH A SINGLE CLUSTER
     (PSU) IS BASED ON THE DIFFERENCE BETWEEN THE SINGLE CLUSTER VALUE AND
     THE OVERALL CLUSTER MEAN.


THE MODEL ESTIMATION TERMINATED NORMALLY



MODEL FIT INFORMATION

Number of Free Parameters                       11

Loglikelihood

          H0 Value                       -5415.609
          H0 Scaling Correction Factor      1.6340
            for MLR

Information Criteria

          Akaike (AIC)                   10853.218
          Bayesian (BIC)                 10919.797
          Sample-Size Adjusted BIC       10884.845
            (n* = (n + 2) / 24)

Chi-Square Test of Model Fit for the Binary and Ordered Categorical
(Ordinal) Outcomes

          Pearson Chi-Square

          Value                            164.098
          Degrees of Freedom                    20
          P-Value                           0.0000

          Likelihood Ratio Chi-Square

          Value                            135.099
          Degrees of Freedom                    20
          P-Value                           0.0000

Chi-Square Test for MCAR under the Unrestricted Latent Class Indicator Model

          Pearson Chi-Square

          Value                            155.013
          Degrees of Freedom                    99
          P-Value                           0.0003

          Likelihood Ratio Chi-Square

          Value                             55.372
          Degrees of Freedom                    99
          P-Value                           0.9999



FINAL CLASS COUNTS AND PROPORTIONS FOR THE LATENT CLASSES
BASED ON THE ESTIMATED MODEL

    Latent
   Classes

       1        397.59969          0.12654
       2       2744.40031          0.87346


FINAL CLASS COUNTS AND PROPORTIONS FOR THE LATENT CLASSES
BASED ON ESTIMATED POSTERIOR PROBABILITIES

    Latent
   Classes

       1        397.59969          0.12654
       2       2744.40031          0.87346


FINAL CLASS COUNTS AND PROPORTIONS FOR THE LATENT CLASSES
BASED ON THEIR MOST LIKELY LATENT CLASS MEMBERSHIP

Class Counts and Proportions

    Latent
   Classes

       1              338          0.10750
       2             2804          0.89250


CLASSIFICATION QUALITY

     Entropy                         0.775


Average Latent Class Probabilities for Most Likely Latent Class Membership (Row)
by Latent Class (Column)

           1        2

    1   0.811    0.189
    2   0.044    0.956


Classification Probabilities for the Most Likely Latent Class Membership (Column)
by Latent Class (Row)

           1        2

    1   0.689    0.311
    2   0.023    0.977


Logits for the Classification Probabilities for the Most Likely Latent Class Membership (Column)
by Latent Class (Row)

              1        2

    1      0.795    0.000
    2     -3.738    0.000


MODEL RESULTS

                                                    Two-Tailed
                    Estimate       S.E.  Est./S.E.    P-Value

Latent Class 1

 Thresholds
    ETH1$1             0.634      0.400      1.585      0.113
    ETH2$1             0.207      0.350      0.591      0.554
    ETH3$1             0.109      0.214      0.510      0.610
    ETH4$1            -0.823      0.187     -4.405      0.000
    ETH5$1            -0.099      0.297     -0.334      0.739

Latent Class 2

 Thresholds
    ETH1$1             5.648      0.937      6.027      0.000
    ETH2$1             3.745      0.353     10.620      0.000
    ETH3$1             2.548      0.191     13.338      0.000
    ETH4$1             0.613      0.073      8.434      0.000
    ETH5$1             2.918      0.253     11.554      0.000

Categorical Latent Variables

 Means
    C#1               -1.932      0.315     -6.126      0.000


RESULTS IN PROBABILITY SCALE

Latent Class 1

 ETH1
    Category 1         0.653      0.091      7.218      0.000
    Category 2         0.347      0.091      3.831      0.000
 ETH2
    Category 1         0.552      0.087      6.369      0.000
    Category 2         0.448      0.087      5.178      0.000
 ETH3
    Category 1         0.527      0.053      9.897      0.000
    Category 2         0.473      0.053      8.875      0.000
 ETH4
    Category 1         0.305      0.040      7.701      0.000
    Category 2         0.695      0.040     17.541      0.000
 ETH5
    Category 1         0.475      0.074      6.417      0.000
    Category 2         0.525      0.074      7.086      0.000

Latent Class 2

 ETH1
    Category 1         0.996      0.003    303.842      0.000
    Category 2         0.004      0.003      1.071      0.284
 ETH2
    Category 1         0.977      0.008    122.818      0.000
    Category 2         0.023      0.008      2.903      0.004
 ETH3
    Category 1         0.927      0.013     72.145      0.000
    Category 2         0.073      0.013      5.644      0.000
 ETH4
    Category 1         0.649      0.017     39.150      0.000
    Category 2         0.351      0.017     21.205      0.000
 ETH5
    Category 1         0.949      0.012     77.247      0.000
    Category 2         0.051      0.012      4.173      0.000


LATENT CLASS ODDS RATIO RESULTS

                                                95% C.I.
                    Estimate       S.E.  Lower 2.5% Upper 2.5%

Latent Class 1 Compared to Latent Class 2

 ETH1
    Category > 1     150.599    113.976     34.167    663.800
 ETH2
    Category > 1      34.399     10.571     18.834     62.826
 ETH3
    Category > 1      11.461      2.407      7.594     17.297
 ETH4
    Category > 1       4.206      0.733      2.989      5.917
 ETH5
    Category > 1      20.440      4.941     12.727     32.828


QUALITY OF NUMERICAL RESULTS

     Condition Number for the Information Matrix              0.316E-02
       (ratio of smallest to largest eigenvalue)


MODEL COMMAND WITH FINAL ESTIMATES USED AS STARTING VALUES

     %OVERALL%

     [ c#1*-1.93187 ];

     %C#1%

     [ eth1$1*0.63352 ];
     [ eth2$1*0.20695 ];
     [ eth3$1*0.10906 ];
     [ eth4$1*-0.82325 ];
     [ eth5$1*-0.09913 ];

     %C#2%

     [ eth1$1*5.64814 ];
     [ eth2$1*3.74498 ];
     [ eth3$1*2.54802 ];
     [ eth4$1*0.61315 ];
     [ eth5$1*2.91836 ];



TECHNICAL 10 OUTPUT


     MODEL FIT INFORMATION FOR THE LATENT CLASS INDICATOR MODEL PART


     RESPONSE PATTERNS

     No.  Pattern    No.  Pattern    No.  Pattern    No.  Pattern
       1  00000        2  00001        3  00010        4  00011
       5  00100        6  00101        7  00110        8  00111
       9  01000       10  01001       11  01010       12  01011
      13  01100       14  01101       15  01110       16  01111
      17  10000       18  10001       19  10010       20  10011
      21  10100       22  10101       23  10110       24  10111
      25  11000       26  11001       27  11010       28  11011
      29  11100       30  11101       31  11110       32  11111
      33  0*000       34  0*010       35  0*101       36  1*010
      37  1*110       38  00***       39  000*0       40  001*0
      41  010*0       42  100*1       43  0****       44  *0001
      45  *0010       46  *1100       47  *1111       48  000**
      49  00*00       50  00*10       51  **0*0       52  0000*
      53  0001*       54  1111*       55  **11*       56  00**0



     RESPONSE PATTERN FREQUENCIES AND CHI-SQUARE CONTRIBUTIONS

    Response          Frequency     Standardized  Chi-square Contribution
     Pattern    Observed  Estimated   Residual    Pearson   Loglikelihood  Deleted
                                     (z-score)
         1      1569.79    1514.75       1.85       2.00       107.48
         2        74.89      93.17      -1.79       3.59       -32.18
         3       792.30     839.21      -1.77       2.62       -92.97
         4        85.94      71.17       1.65       3.05        30.43
         5        90.81     127.35      -3.08      10.48       -62.28
         6        36.24      17.05       4.35      21.59        54.71
         7       123.99      85.79       3.90      17.00        91.00
         8        29.13      27.80       0.24       0.06         2.22
         9        31.19      44.33      -1.85       3.89       -21.30
        10        13.99      11.62       0.65       0.48         4.82
        11        61.54      39.26       3.34      12.64        56.52
        12        17.74      23.13      -1.05       1.25        -9.88
        13         9.05      10.66      -0.46       0.24        -2.56
        14         7.35       8.85      -0.47       0.25        -2.71
        15         8.84      19.44      -2.25       5.78       -14.09
        16         4.04      19.89      -3.33      12.63       -12.73
        17        12.07      11.03       0.29       0.09         1.84
        18         5.18       6.62      -0.52       0.18        -0.92
        19        13.73      15.93      -0.51       0.30        -3.63
        20         7.09      14.57      -1.83       3.71        -8.26
        21         5.73       5.55       0.07       0.00         0.20
        22         4.36       5.70      -0.52       0.31        -2.45
        23         7.76      11.93      -1.13       1.43        -5.78
        24         4.12      12.94      -2.29       6.01        -9.51
        25         9.08       4.79       1.83       3.85        11.39
        26         2.40       5.15      -1.13       1.47        -3.73
        27        11.38      10.68       0.20       0.04         1.76
        28        10.43      11.73      -0.35       0.14        -2.73
        29         2.76       4.19      -0.65       0.48        -2.18
        30         2.09       4.62      -1.10       1.38        -3.37
        31         5.87       9.52      -1.11       1.37        -4.78
        32        38.06      10.51       7.94      72.12       100.58
        33         2.78       3.09      -0.23      -0.02         0.14
        34         1.09       1.74      -0.55       0.03        -0.06
        35         0.62       0.05       2.37       3.04         0.65
        36         0.71       0.05       2.66      -0.41        -0.06
        37         0.95       0.04       4.11     -10.01        -0.74
        38         0.24       0.21       0.16       0.00         0.00
        39        10.96      12.20      -0.68       0.00         0.05
        40         1.08       1.11      -0.02       0.00         0.01
        41         2.00       0.43       2.25       0.94         0.45
        42         2.02       0.11       5.41     -18.35        -1.62
        43         1.70       1.62       0.27       0.00         0.00
        44         1.24       0.14       2.80      -2.51        -0.51
        45         1.53       1.19       0.34      -0.05        -0.18
        46         0.42       0.02       2.62      -2.00        -0.18
        47         1.13       0.04       4.94       9.01         0.81
        48         2.94       2.39       0.77       0.00         0.00
        49         4.49       3.08       1.09       0.03         0.09
        50         1.32       1.73      -0.35       0.01        -0.03
        51         1.03       0.82       0.47       0.00         0.02
        52         0.66       1.01      -0.46      -0.01         0.03
        53         0.47       0.57      -0.14       0.01        -0.04
        54         0.81       0.01       6.63      29.06         1.33
        55         1.07       0.07       3.70       1.93         0.26
        56         1.81       1.50       0.57       0.00         0.01

     THE TOTAL PEARSON CHI-SQUARE CONTRIBUTION FROM EMPTY CELLS IS         0.06


     UNIVARIATE MODEL FIT INFORMATION

                               Estimated Probabilities
                                                  Standardized
     Variable              H1           H0          Residual
                                                   (z-score)
     ETH1
       Category 1        0.953        0.953          -0.052
       Category 2        0.047        0.047           0.052
       Univariate Pearson Chi-Square                  0.003
       Univariate Log-Likelihood Chi-Square           0.003
     ETH2
       Category 1        0.923        0.923           0.008
       Category 2        0.077        0.077          -0.008
       Univariate Pearson Chi-Square                  0.000
       Univariate Log-Likelihood Chi-Square           0.000
     ETH3
       Category 1        0.877        0.877           0.003
       Category 2        0.123        0.123          -0.003
       Univariate Pearson Chi-Square                  0.000
       Univariate Log-Likelihood Chi-Square           0.000
     ETH4
       Category 1        0.605        0.605          -0.002
       Category 2        0.395        0.395           0.002
       Univariate Pearson Chi-Square                  0.000
       Univariate Log-Likelihood Chi-Square           0.000
     ETH5
       Category 1        0.889        0.889          -0.013
       Category 2        0.111        0.111           0.013
       Univariate Pearson Chi-Square                  0.000
       Univariate Log-Likelihood Chi-Square           0.000

       Overall Univariate Pearson Chi-Square                         0.003
       Overall Univariate Log-Likelihood Chi-Square                  0.003


     BIVARIATE MODEL FIT INFORMATION

                                              Estimated Probabilities
                                                                 Standardized
     Variable       Variable              H1           H0          Residual
                                                                  (z-score)
     ETH1           ETH2
       Category 1     Category 1        0.903        0.896           1.220
       Category 1     Category 2        0.050        0.057          -1.652
       Category 2     Category 1        0.020        0.027          -2.278
       Category 2     Category 2        0.027        0.020           2.742
       Bivariate Pearson Chi-Square                                 17.405
       Bivariate Log-Likelihood Chi-Square                          17.237
     ETH1           ETH3
       Category 1     Category 1        0.853        0.851           0.347
       Category 1     Category 2        0.100        0.102          -0.444
       Category 2     Category 1        0.024        0.026          -0.773
       Category 2     Category 2        0.024        0.021           0.934
       Bivariate Pearson Chi-Square                                  1.874
       Bivariate Log-Likelihood Chi-Square                           1.859
     ETH1           ETH4
       Category 1     Category 1        0.591        0.590           0.119
       Category 1     Category 2        0.362        0.363          -0.144
       Category 2     Category 1        0.014        0.015          -0.482
       Category 2     Category 2        0.033        0.032           0.401
       Bivariate Pearson Chi-Square                                  0.464
       Bivariate Log-Likelihood Chi-Square                           0.468
     ETH1           ETH5
       Category 1     Category 1        0.866        0.865           0.197
       Category 1     Category 2        0.086        0.088          -0.276
       Category 2     Category 1        0.022        0.024          -0.469
       Category 2     Category 2        0.025        0.023           0.547
       Bivariate Pearson Chi-Square                                  0.668
       Bivariate Log-Likelihood Chi-Square                           0.666
     ETH2           ETH3
       Category 1     Category 1        0.826        0.828          -0.331
       Category 1     Category 2        0.097        0.095           0.432
       Category 2     Category 1        0.051        0.049           0.583
       Category 2     Category 2        0.026        0.028          -0.769
       Bivariate Pearson Chi-Square                                  1.249
       Bivariate Log-Likelihood Chi-Square                           1.261
     ETH2           ETH4
       Category 1     Category 1        0.580        0.575           0.546
       Category 1     Category 2        0.343        0.348          -0.563
       Category 2     Category 1        0.025        0.030          -1.579
       Category 2     Category 2        0.052        0.047           1.277
       Bivariate Pearson Chi-Square                                  4.948
       Bivariate Log-Likelihood Chi-Square                           5.059
     ETH2           ETH5
       Category 1     Category 1        0.843        0.843           0.060
       Category 1     Category 2        0.080        0.080          -0.073
       Category 2     Category 1        0.046        0.046          -0.124
       Category 2     Category 2        0.031        0.031           0.138
       Bivariate Pearson Chi-Square                                  0.044
       Bivariate Log-Likelihood Chi-Square                           0.044
     ETH3           ETH4
       Category 1     Category 1        0.554        0.546           0.875
       Category 1     Category 2        0.323        0.331          -0.924
       Category 2     Category 1        0.051        0.059          -1.846
       Category 2     Category 2        0.072        0.064           1.781
       Bivariate Pearson Chi-Square                                  8.154
       Bivariate Log-Likelihood Chi-Square                           8.204
     ETH3           ETH5
       Category 1     Category 1        0.806        0.800           0.799
       Category 1     Category 2        0.070        0.077          -1.198
       Category 2     Category 1        0.082        0.089          -1.139
       Category 2     Category 2        0.041        0.035           1.765
       Bivariate Pearson Chi-Square                                  6.484
       Bivariate Log-Likelihood Chi-Square                           6.370
     ETH4           ETH5
       Category 1     Category 1        0.558        0.556           0.181
       Category 1     Category 2        0.048        0.049          -0.420
       Category 2     Category 1        0.331        0.333          -0.200
       Category 2     Category 2        0.064        0.062           0.394
       Bivariate Pearson Chi-Square                                  0.408
       Bivariate Log-Likelihood Chi-Square                           0.409

       Overall Bivariate Pearson Chi-Square                         41.698
       Overall Bivariate Log-Likelihood Chi-Square                  41.577


TECHNICAL 11 OUTPUT

     Random Starts Specifications for the k-1 Class Analysis Model
        Number of initial stage random starts                1000
        Number of final stage optimizations                   250



     VUONG-LO-MENDELL-RUBIN LIKELIHOOD RATIO TEST FOR 1 (H0) VERSUS 2 CLASSES

          H0 Loglikelihood Value                        -5794.275
          2 Times the Loglikelihood Difference            757.331
          Difference in the Number of Parameters                6
          Mean                                             28.402
          Standard Deviation                               36.587
          P-Value                                          0.0000

     LO-MENDELL-RUBIN ADJUSTED LRT TEST

          Value                                           741.975
          P-Value                                          0.0000


SAVEDATA INFORMATION


  Save file
    Prob_LVA_ETHlca_C3cl2.dat

  Order and format of variables

    ETH1           F10.3
    ETH2           F10.3
    ETH3           F10.3
    ETH4           F10.3
    ETH5           F10.3
    CPROB1         F10.3
    CPROB2         F10.3
    C              F10.3
    WS             F10.3
    IDSTUD         I9
    ID_S           I5
    ID_J           I5

  Save file format
    9F10.3 I9 2I5

  Save file record length    10000

  Save missing symbol        *


     Beginning Time:  22:10:59
        Ending Time:  22:11:01
       Elapsed Time:  00:00:02



MUTHEN & MUTHEN
3463 Stoner Ave.
Los Angeles, CA  90066

Tel: (310) 391-9971
Fax: (310) 391-8971
Web: www.StatModel.com
Support: Support@StatModel.com

Copyright (c) 1998-2020 Muthen & Muthen
