Mplus VERSION 8.5 (Mac)
MUTHEN & MUTHEN
04/07/2021  10:08 PM

INPUT INSTRUCTIONS

  TITLE: BFLETH LCA - C3 with 1 classes;
  DATA:
  FILE = ETHDtaC3.dat;

  VARIABLE:
  NAMES = id_i
  id_j
  id_r
  id_s
  id_k
  wt
  ws
  ETH1
  ETH2
  ETH3
  ETH4
  ETH5
  IDSTUD;
  IDVARIABLE = IDSTUD;
  USEVARIABLES = ETH1
  ETH2
  ETH3
  ETH4
  ETH5;
  USEOBSERVATIONS ARE id_k EQ 1;
  CATEGORICAL = ETH1
  ETH2
  ETH3
  ETH4
  ETH5;
  MISSING = .;
  CLASSES = c(1);
  WEIGHT = ws;
  STRATIFICATION = id_s;
  CLUSTER = id_j;

  ANALYSIS:
  TYPE = COMPLEX MIXTURE;
  PROCESSORS = 4;
  STARTS = 1000 250;
  STITERATIONS = 20;
  STSEED = 288;

  MODEL:
  %OVERALL%

  OUTPUT:
  TECH10
  TECH11
  SVALUES
  ;

  SAVEDATA:
  FILE = Prob_BFL_ETHlca_C3cl1.dat;
  SAVE = CPROBABILITIES;



*** WARNING in VARIABLE command
  When a subpopulation is analyzed with TYPE=COMPLEX, standard errors
  may be incorrect.  Use the SUBPOPULATION option instead of the
  USEOBSERVATIONS option to obtain correct standard errors.
*** WARNING in OUTPUT command
  TECH11 option is not available for TYPE=MIXTURE with only one class.
  Request for TECH11 is ignored.
*** WARNING
  Data set contains cases with missing on all variables.
  These cases were not included in the analysis.
  Number of cases with missing on all variables:  33
   3 WARNING(S) FOUND IN THE INPUT INSTRUCTIONS



BFLETH LCA - C3 with 1 classes;

SUMMARY OF ANALYSIS

Number of groups                                                 1
Number of observations                                        2898

Number of dependent variables                                    5
Number of independent variables                                  0
Number of continuous latent variables                            0
Number of categorical latent variables                           1

Observed dependent variables

  Binary and ordered categorical (ordinal)
   ETH1        ETH2        ETH3        ETH4        ETH5

Categorical latent variables
   C

Variables with special functions

  Stratification        ID_S
  Cluster variable      ID_J
  Weight variable       WS
  ID variable           IDSTUD

Estimator                                                      MLR
Information matrix                                        OBSERVED
Optimization Specifications for the Quasi-Newton Algorithm for
Continuous Outcomes
  Maximum number of iterations                                 100
  Convergence criterion                                  0.100D-05
Optimization Specifications for the EM Algorithm
  Maximum number of iterations                                 500
  Convergence criteria
    Loglikelihood change                                 0.100D-06
    Relative loglikelihood change                        0.100D-06
    Derivative                                           0.100D-05
Optimization Specifications for the M step of the EM Algorithm for
Categorical Latent variables
  Number of M step iterations                                    1
  M step convergence criterion                           0.100D-05
  Basis for M step termination                           ITERATION
Optimization Specifications for the M step of the EM Algorithm for
Censored, Binary or Ordered Categorical (Ordinal), Unordered
Categorical (Nominal) and Count Outcomes
  Number of M step iterations                                    1
  M step convergence criterion                           0.100D-05
  Basis for M step termination                           ITERATION
  Maximum value for logit thresholds                            15
  Minimum value for logit thresholds                           -15
  Minimum expected cell size for chi-square              0.100D-01
Maximum number of iterations for H1                           2000
Convergence criterion for H1                             0.100D-03
Optimization algorithm                                         EMA
Random Starts Specifications
  Number of initial stage random starts                       1000
  Number of final stage optimizations                          250
  Number of initial stage iterations                            20
  Initial stage convergence criterion                    0.100D+01
  Random starts scale                                    0.500D+01
  Random seed for generating random starts                     288
Link                                                         LOGIT

Input data file(s)
  ETHDtaC3.dat
Input data format  FREE


SUMMARY OF DATA

     Number of missing data patterns            10
     Number of y missing data patterns           0
     Number of u missing data patterns          10
     Number of strata                           75
     Number of clusters                        162


COVARIANCE COVERAGE OF DATA

Minimum covariance coverage value   0.100


     PROPORTION OF DATA PRESENT FOR U


           Covariance Coverage
              ETH1          ETH2          ETH3          ETH4          ETH5
              ________      ________      ________      ________      ________
 ETH1           0.997
 ETH2           0.996         0.998
 ETH3           0.994         0.996         0.997
 ETH4           0.994         0.994         0.993         0.996
 ETH5           0.996         0.997         0.995         0.994         0.998


UNIVARIATE PROPORTIONS AND COUNTS FOR CATEGORICAL VARIABLES

    ETH1
      Category 1    0.966         2789.778
      Category 2    0.034           97.423
    ETH2
      Category 1    0.958         2771.464
      Category 2    0.042          122.600
    ETH3
      Category 1    0.927         2677.849
      Category 2    0.073          211.246
    ETH4
      Category 1    0.644         1859.030
      Category 2    0.356         1025.922
    ETH5
      Category 1    0.927         2680.610
      Category 2    0.073          210.583


RANDOM STARTS RESULTS RANKED FROM THE BEST TO THE WORST LOGLIKELIHOOD VALUES

Final stage loglikelihood values at local maxima, seeds, and initial stage start numbers:

           -4321.396  255481           751
           -4321.396  729705           501
           -4321.396  158964           251
           -4321.396  unperturbed      0
           -4321.396  609201           3
           -4321.396  514978           7
           -4321.396  829916           15
           -4321.396  208289           31
           -4321.396  703404           63
           -4321.396  267441           127
           -4321.396  730563           128
           -4321.396  38078            64
           -4321.396  719428           129
           -4321.396  794864           130
           -4321.396  555689           32
           -4321.396  587107           65
           -4321.396  742602           131
           -4321.396  943264           132
           -4321.396  654184           66
           -4321.396  106293           133
           -4321.396  536337           134
           -4321.396  615751           16
           -4321.396  365939           33
           -4321.396  15050            67
           -4321.396  257000           135
           -4321.396  363526           136
           -4321.396  977786           68
           -4321.396  319498           137
           -4321.396  462004           138
           -4321.396  901673           34
           -4321.396  425103           69
           -4321.396  710841           139
           -4321.396  965671           140
           -4321.396  412035           70
           -4321.396  993659           141
           -4321.396  667357           142
           -4321.396  578065           8
           -4321.396  867952           17
           -4321.396  3314             35
           -4321.396  775133           71
           -4321.396  699343           143
           -4321.396  256224           144
           -4321.396  90128            72
           -4321.396  328890           145
           -4321.396  701157           146
           -4321.396  47928            36
           -4321.396  241342           73
           -4321.396  767001           147
           -4321.396  112959           148
           -4321.396  960487           74
           -4321.396  545226           149
           -4321.396  751299           150
           -4321.396  339904           18
           -4321.396  316890           37
           -4321.396  219014           75
           -4321.396  739223           151
           -4321.396  722666           152
           -4321.396  613990           76
           -4321.396  107578           153
           -4321.396  353096           154
           -4321.396  126667           38
           -4321.396  341151           77
           -4321.396  572149           155
           -4321.396  509819           156
           -4321.396  104144           78
           -4321.396  704750           1
           -4321.396  761649           512
           -4321.396  480214           256
           -4321.396  16924            513
           -4321.396  998022           514
           -4321.396  18598            257
           -4321.396  564698           515
           -4321.396  776360           516
           -4321.396  148293           258
           -4321.396  440588           517
           -4321.396  825343           518
           -4321.396  563703           259
           -4321.396  139726           519
           -4321.396  690502           520
           -4321.396  949814           260
           -4321.396  642399           521
           -4321.396  72800            522
           -4321.396  424344           261
           -4321.396  212295           523
           -4321.396  328337           524
           -4321.396  568707           262
           -4321.396  21190            525
           -4321.396  237882           526
           -4321.396  256261           263
           -4321.396  298512           527
           -4321.396  723752           528
           -4321.396  369771           264
           -4321.396  41136            529
           -4321.396  384138           530
           -4321.396  683344           265
           -4321.396  26859            531
           -4321.396  838073           532
           -4321.396  499903           266
           -4321.396  289713           533
           -4321.396  75864            534
           -4321.396  83824            267
           -4321.396  712313           535
           -4321.396  798276           536
           -4321.396  372786           268
           -4321.396  449914           537
           -4321.396  746499           538
           -4321.396  755225           269
           -4321.396  442141           539
           -4321.396  102664           540
           -4321.396  508005           270
           -4321.396  850201           541
           -4321.396  332221           542
           -4321.396  655232           271
           -4321.396  124010           543
           -4321.396  648136           544
           -4321.396  941180           272
           -4321.396  985923           545
           -4321.396  488184           546
           -4321.396  385729           273
           -4321.396  637758           547
           -4321.396  986007           548
           -4321.396  863129           274
           -4321.396  509856           549
           -4321.396  702720           550
           -4321.396  811896           275
           -4321.396  732345           551
           -4321.396  214082           552
           -4321.396  566609           276
           -4321.396  55657            553
           -4321.396  141596           554
           -4321.396  626683           277
           -4321.396  835969           555
           -4321.396  699749           556
           -4321.396  183675           278
           -4321.396  453466           557
           -4321.396  18935            558
           -4321.396  619016           279
           -4321.396  217522           559
           -4321.396  912118           560
           -4321.396  163252           280
           -4321.396  95624            561
           -4321.396  607682           562
           -4321.396  926166           281
           -4321.396  999536           563
           -4321.396  438247           564
           -4321.396  782833           282
           -4321.396  947186           565
           -4321.396  756060           566
           -4321.396  519601           283
           -4321.396  566415           567
           -4321.396  812961           568
           -4321.396  16555            284
           -4321.396  551927           569
           -4321.396  379997           570
           -4321.396  634855           285
           -4321.396  149951           571
           -4321.396  499068           572
           -4321.396  74848            286
           -4321.396  988355           287
           -4321.396  73135            288
           -4321.396  571411           289
           -4321.396  126060           290
           -4321.396  741061           291
           -4321.396  819229           292
           -4321.396  438785           293
           -4321.396  819256           294
           -4321.396  967159           295
           -4321.396  538895           296
           -4321.396  691572           297
           -4321.396  250285           298
           -4321.396  792123           299
           -4321.396  125480           300
           -4321.396  749139           301
           -4321.396  499805           302
           -4321.396  624641           303
           -4321.396  646105           304
           -4321.396  799031           305
           -4321.396  315906           306
           -4321.396  533600           307
           -4321.396  829106           308
           -4321.396  730821           309
           -4321.396  173363           310
           -4321.396  230316           311
           -4321.396  800324           312
           -4321.396  295469           313
           -4321.396  692037           314
           -4321.396  270775           315
           -4321.396  496516           316
           -4321.396  589343           317
           -4321.396  918761           752
           -4321.396  611976           753
           -4321.396  122886           754
           -4321.396  881525           755
           -4321.396  821515           756
           -4321.396  566431           757
           -4321.396  674140           758
           -4321.396  14811            759
           -4321.396  546573           760
           -4321.396  823689           761
           -4321.396  620988           762
           -4321.396  247529           763
           -4321.396  681430           764
           -4321.396  253296           765
           -4321.396  321542           798
           -4321.396  755901           766
           -4321.396  981654           767
           -4321.396  552185           768
           -4321.396  547800           794
           -4321.396  333225           769
           -4321.396  562941           770
           -4321.396  589517           771
           -4321.396  100746           790
           -4321.396  678354           772
           -4321.396  695057           773
           -4321.396  846815           774
           -4321.396  8288             775
           -4321.396  441498           776
           -4321.396  468128           777
           -4321.396  798349           778
           -4321.396  550795           779
           -4321.396  29396            780
           -4321.396  632977           781
           -4321.396  601889           782
           -4321.396  649711           783
           -4321.396  761359           784
           -4321.396  227359           785
           -4321.396  264995           786
           -4321.396  757210           787
           -4321.396  866003           788
           -4321.396  289707           789
           -4321.396  125680           791
           -4321.396  425585           792
           -4321.396  821522           793
           -4321.396  58768            795
           -4321.396  293837           796
           -4321.396  282015           797
           -4321.396  223897           799
           -4321.396  95515            800
           -4321.396  527001           801
           -4321.396  532887           942
           -4321.396  520022           950
           -4321.396  116127           954
           -4321.396  619259           958
           -4321.396  155404           966
           -4321.396  269627           970
           -4321.396  657384           974
           -4321.396  807691           982
           -4321.396  544679           986
           -4321.396  805589           990
           -4321.396  395024           998



THE MODEL ESTIMATION TERMINATED NORMALLY



MODEL FIT INFORMATION

Number of Free Parameters                        5

Loglikelihood

          H0 Value                       -4321.396
          H0 Scaling Correction Factor      1.3625
            for MLR

Information Criteria

          Akaike (AIC)                    8652.792
          Bayesian (BIC)                  8682.651
          Sample-Size Adjusted BIC        8666.764
            (n* = (n + 2) / 24)

Chi-Square Test of Model Fit for the Binary and Ordered Categorical
(Ordinal) Outcomes**

          Pearson Chi-Square

          Value                            516.119
          Degrees of Freedom                    23
          P-Value                           0.0000

          Likelihood Ratio Chi-Square

          Value                             87.587
          Degrees of Freedom                    23
          P-Value                           0.0000

** Of the 138 cells in the latent class indicator table, 3
   were deleted in the calculation of chi-square due to extreme values.

Chi-Square Test for MCAR under the Unrestricted Latent Class Indicator Model

          Pearson Chi-Square

          Value                             50.536
          Degrees of Freedom                    97
          P-Value                           1.0000

          Likelihood Ratio Chi-Square

          Value                             29.715
          Degrees of Freedom                    97
          P-Value                           1.0000



FINAL CLASS COUNTS AND PROPORTIONS FOR THE LATENT CLASSES
BASED ON THE ESTIMATED MODEL

    Latent
   Classes

       1       2898.00000          1.00000


FINAL CLASS COUNTS AND PROPORTIONS FOR THE LATENT CLASSES
BASED ON ESTIMATED POSTERIOR PROBABILITIES

    Latent
   Classes

       1       2898.00000          1.00000


FINAL CLASS COUNTS AND PROPORTIONS FOR THE LATENT CLASSES
BASED ON THEIR MOST LIKELY LATENT CLASS MEMBERSHIP

Class Counts and Proportions

    Latent
   Classes

       1             2898          1.00000


Average Latent Class Probabilities for Most Likely Latent Class Membership (Row)
by Latent Class (Column)

           1

    1   1.000


Classification Probabilities for the Most Likely Latent Class Membership (Column)
by Latent Class (Row)

           1

    1   1.000


Logits for the Classification Probabilities for the Most Likely Latent Class Membership (Column)
by Latent Class (Row)

              1

    1      0.000


MODEL RESULTS

                                                    Two-Tailed
                    Estimate       S.E.  Est./S.E.    P-Value

Latent Class 1

 Thresholds
    ETH1$1             3.355      0.108     31.012      0.000
    ETH2$1             3.118      0.112     27.765      0.000
    ETH3$1             2.540      0.080     31.553      0.000
    ETH4$1             0.594      0.047     12.621      0.000
    ETH5$1             2.544      0.087     29.074      0.000


RESULTS IN PROBABILITY SCALE

Latent Class 1

 ETH1
    Category 1         0.966      0.004    273.966      0.000
    Category 2         0.034      0.004      9.567      0.000
 ETH2
    Category 1         0.958      0.005    210.188      0.000
    Category 2         0.042      0.005      9.298      0.000
 ETH3
    Category 1         0.927      0.005    169.914      0.000
    Category 2         0.073      0.005     13.404      0.000
 ETH4
    Category 1         0.644      0.011     59.702      0.000
    Category 2         0.356      0.011     32.947      0.000
 ETH5
    Category 1         0.927      0.006    156.913      0.000
    Category 2         0.073      0.006     12.327      0.000


QUALITY OF NUMERICAL RESULTS

     Condition Number for the Information Matrix              0.142E+00
       (ratio of smallest to largest eigenvalue)


MODEL COMMAND WITH FINAL ESTIMATES USED AS STARTING VALUES

     %OVERALL%

     %C#1%

     [ eth1$1*3.35465 ];
     [ eth2$1*3.11820 ];
     [ eth3$1*2.53975 ];
     [ eth4$1*0.59446 ];
     [ eth5$1*2.54392 ];



TECHNICAL 10 OUTPUT


     MODEL FIT INFORMATION FOR THE LATENT CLASS INDICATOR MODEL PART


     RESPONSE PATTERNS

     No.  Pattern    No.  Pattern    No.  Pattern    No.  Pattern
       1  00000        2  00001        3  00010        4  00011
       5  00100        6  00101        7  00110        8  00111
       9  01000       10  01001       11  01010       12  01011
      13  01100       14  01101       15  01110       16  01111
      17  10000       18  10001       19  10010       20  10011
      21  10100       22  10110       23  10111       24  11000
      25  11001       26  11010       27  11011       28  11100
      29  11101       30  11110       31  11111       32  000*0
      33  000*1       34  *0000       35  *0010       36  *0110
      37  *1111       38  00**0       39  00*00       40  00*10
      41  0*010       42  0*011       43  1*011       44  0000*
      45  0001*       46  *00*0       47  *01*0       48  **011
      49  ****1


     RESPONSE PATTERN FREQUENCIES AND CHI-SQUARE CONTRIBUTIONS

    Response          Frequency     Standardized  Chi-square Contribution
     Pattern    Observed  Estimated   Residual    Pearson   Loglikelihood  Deleted
                                     (z-score)
         1      1667.14    1467.03       6.80      27.29       192.73
         2        55.57     115.25      -5.16      30.90       -80.87
         3       737.77     809.59      -2.71       6.37      -134.47
         4        77.08      63.60       1.55       2.82        32.83
         5        64.36     115.73      -4.43      22.80       -75.87
         6         7.78       9.09      -0.40       0.19        -2.55
         7        76.13      63.87       1.41       2.35        27.94
         8         6.43       5.02       0.57       0.40         3.09
         9        15.73      64.90      -5.61      37.25       -44.97
        10         6.84       5.10       0.70       0.59         3.92
        11        26.59      35.81      -1.41       2.37       -16.44
        12        10.36       2.81       4.09      20.24        27.18
        13         3.15       5.12      -0.79       0.76        -3.14
        14         1.14       0.40       1.06       1.35         2.35
        15         7.03       2.83       2.27       6.25        12.63
        16         3.18       0.22       5.70      39.29        17.12
        17        12.77      51.23      -4.93      28.87       -35.72
        18         1.89       4.02      -0.97       1.13        -2.89
        19        16.42      28.27      -2.04       4.97       -18.18
        20         6.18       2.22       2.41       7.02        13.45
        21         2.15       4.04      -0.86       0.89        -2.74
        22         7.02       2.23       2.92      10.30        16.17
        23         2.61       0.18       5.28      33.82        14.06
        24         4.21       2.27       1.17       1.66         5.11
        25         1.10       0.18       1.99       4.80         4.00
        26        10.58       1.25       7.58      69.60        44.93
        27         4.25       0.10       9.09      99.98        32.58
        28         1.77       0.18       3.43      14.21         8.09
        29         3.33       0.01       9.09     100.00        36.37
        30         4.69       0.10       9.09     100.00        36.11
        31        17.75       0.01       9.09      99.98       201.26      DELETED
        32         6.24       5.79       0.37       0.03         0.67
        33         1.04       0.45       0.82      -0.68        -0.60
        34         2.77       2.81      -0.03      -0.04         0.55
        35         0.79       1.55      -0.66       0.11        -0.16
        36         0.83       0.12       1.86       1.16         0.39
        37         0.92       0.00       9.09      80.78         8.36      DELETED
        38         1.04       0.89       0.38       0.01         0.07
        39         4.43       3.82       0.43       0.08         0.78
        40         2.47       2.11       0.28      -0.07        -0.34
        41         0.79       0.65       0.18      -0.04        -0.16
        42         0.71       0.05       2.69       2.52         0.42
        43         0.71       0.00       9.09      43.03         2.22      DELETED
        44         2.91       3.76      -0.59      -0.15         0.48
        45         3.89       2.08       1.37      -0.36        -0.51
        46         2.77       3.10      -0.40      -0.02         0.17
        47         1.00       0.24       1.43      -0.92        -0.43
        48         0.76       0.02       5.07      10.01         0.58
        49         0.96       0.07       3.18       0.00         0.00

     THE TOTAL PEARSON CHI-SQUARE CONTRIBUTION FROM EMPTY CELLS IS         1.20


     UNIVARIATE MODEL FIT INFORMATION

                               Estimated Probabilities
                                                  Standardized
     Variable              H1           H0          Residual
                                                   (z-score)
     ETH1
       Category 1        0.966        0.966          -0.082
       Category 2        0.034        0.034           0.082
       Univariate Pearson Chi-Square                  0.008
       Univariate Log-Likelihood Chi-Square           0.008
     ETH2
       Category 1        0.957        0.958          -0.048
       Category 2        0.043        0.042           0.048
       Univariate Pearson Chi-Square                  0.003
       Univariate Log-Likelihood Chi-Square           0.003
     ETH3
       Category 1        0.927        0.927           0.000
       Category 2        0.073        0.073           0.000
       Univariate Pearson Chi-Square                  0.000
       Univariate Log-Likelihood Chi-Square           0.000
     ETH4
       Category 1        0.644        0.644          -0.009
       Category 2        0.356        0.356           0.009
       Univariate Pearson Chi-Square                  0.000
       Univariate Log-Likelihood Chi-Square           0.000
     ETH5
       Category 1        0.927        0.927           0.002
       Category 2        0.073        0.073          -0.002
       Univariate Pearson Chi-Square                  0.000
       Univariate Log-Likelihood Chi-Square           0.000

       Overall Univariate Pearson Chi-Square                         0.011
       Overall Univariate Log-Likelihood Chi-Square                  0.011


     BIVARIATE MODEL FIT INFORMATION

                                              Estimated Probabilities
                                                                 Standardized
     Variable       Variable              H1           H0          Residual
                                                                  (z-score)
     ETH1           ETH2
       Category 1     Category 1        0.940        0.925           2.781
       Category 1     Category 2        0.026        0.041          -3.765
       Category 2     Category 1        0.017        0.032          -4.189
       Category 2     Category 2        0.017        0.001          19.999
       Bivariate Pearson Chi-Square                                521.489
       Bivariate Log-Likelihood Chi-Square                         196.489
     ETH1           ETH3
       Category 1     Category 1        0.907        0.896           1.784
       Category 1     Category 2        0.059        0.071          -2.186
       Category 2     Category 1        0.020        0.031          -3.133
       Category 2     Category 2        0.014        0.002          11.292
       Bivariate Pearson Chi-Square                                171.373
       Bivariate Log-Likelihood Chi-Square                          92.516
     ETH1           ETH4
       Category 1     Category 1        0.635        0.623           1.235
       Category 1     Category 2        0.331        0.344          -1.292
       Category 2     Category 1        0.009        0.022          -4.133
       Category 2     Category 2        0.025        0.012           5.672
       Bivariate Pearson Chi-Square                                 60.759
       Bivariate Log-Likelihood Chi-Square                          57.215
     ETH1           ETH5
       Category 1     Category 1        0.907        0.896           1.707
       Category 1     Category 2        0.059        0.070          -2.096
       Category 2     Category 1        0.021        0.031          -2.991
       Category 2     Category 2        0.013        0.002          10.817
       Bivariate Pearson Chi-Square                                157.192
       Bivariate Log-Likelihood Chi-Square                          85.915
     ETH2           ETH3
       Category 1     Category 1        0.899        0.888           1.791
       Category 1     Category 2        0.058        0.070          -2.255
       Category 2     Category 1        0.028        0.039          -2.913
       Category 2     Category 2        0.015        0.003          10.354
       Bivariate Pearson Chi-Square                                145.494
       Bivariate Log-Likelihood Chi-Square                          84.414
     ETH2           ETH4
       Category 1     Category 1        0.631        0.617           1.442
       Category 1     Category 2        0.326        0.341          -1.500
       Category 2     Category 1        0.013        0.027          -4.328
       Category 2     Category 2        0.030        0.015           5.869
       Bivariate Pearson Chi-Square                                 65.929
       Bivariate Log-Likelihood Chi-Square                          62.222
     ETH2           ETH5
       Category 1     Category 1        0.902        0.888           2.144
       Category 1     Category 2        0.056        0.070          -2.694
       Category 2     Category 1        0.025        0.039          -3.481
       Category 2     Category 2        0.017        0.003          12.365
       Bivariate Pearson Chi-Square                                207.530
       Bivariate Log-Likelihood Chi-Square                         114.081
     ETH3           ETH4
       Category 1     Category 1        0.615        0.597           1.788
       Category 1     Category 2        0.312        0.330          -1.865
       Category 2     Category 1        0.029        0.047          -4.157
       Category 2     Category 2        0.044        0.026           5.535
       Bivariate Pearson Chi-Square                                 60.481
       Bivariate Log-Likelihood Chi-Square                          57.413
     ETH3           ETH5
       Category 1     Category 1        0.869        0.859           1.355
       Category 1     Category 2        0.058        0.068          -1.878
       Category 2     Category 1        0.058        0.068          -1.872
       Category 2     Category 2        0.015        0.005           6.467
       Bivariate Pearson Chi-Square                                 58.644
       Bivariate Log-Likelihood Chi-Square                          42.306
     ETH4           ETH5
       Category 1     Category 1        0.617        0.597           1.970
       Category 1     Category 2        0.027        0.047          -4.588
       Category 2     Category 1        0.310        0.330          -2.054
       Category 2     Category 2        0.046        0.026           6.106
       Bivariate Pearson Chi-Square                                 73.599
       Bivariate Log-Likelihood Chi-Square                          69.808

       Overall Bivariate Pearson Chi-Square                       1522.490
       Overall Bivariate Log-Likelihood Chi-Square                 862.378


SAVEDATA INFORMATION


  Save file
    Prob_BFL_ETHlca_C3cl1.dat

  Order and format of variables

    ETH1           F10.3
    ETH2           F10.3
    ETH3           F10.3
    ETH4           F10.3
    ETH5           F10.3
    CPROB1         F10.3
    C              F10.3
    WS             F10.3
    IDSTUD         I9
    ID_S           I4
    ID_J           I4

  Save file format
    8F10.3 I9 2I4

  Save file record length    10000

  Save missing symbol        *


     Beginning Time:  22:08:35
        Ending Time:  22:08:36
       Elapsed Time:  00:00:01



MUTHEN & MUTHEN
3463 Stoner Ave.
Los Angeles, CA  90066

Tel: (310) 391-9971
Fax: (310) 391-8971
Web: www.StatModel.com
Support: Support@StatModel.com

Copyright (c) 1998-2020 Muthen & Muthen
