Mplus VERSION 8.5 (Mac)
MUTHEN & MUTHEN
04/07/2021  10:10 PM

INPUT INSTRUCTIONS

  TITLE: HRVETH LCA - C3 with 5 classes;
  DATA:
  FILE = ETHDtaC3.dat;

  VARIABLE:
  NAMES = id_i
  id_j
  id_r
  id_s
  id_k
  wt
  ws
  ETH1
  ETH2
  ETH3
  ETH4
  ETH5
  IDSTUD;
  IDVARIABLE = IDSTUD;
  USEVARIABLES = ETH1
  ETH2
  ETH3
  ETH4
  ETH5;
  USEOBSERVATIONS ARE id_k EQ 6;
  CATEGORICAL = ETH1
  ETH2
  ETH3
  ETH4
  ETH5;
  MISSING = .;
  CLASSES = c(5);
  WEIGHT = ws;
  STRATIFICATION = id_s;
  CLUSTER = id_j;

  ANALYSIS:
  TYPE = COMPLEX MIXTURE;
  PROCESSORS = 4;
  STARTS = 1000 250;
  STITERATIONS = 20;
  STSEED = 288;

  MODEL:
  %OVERALL%

  OUTPUT:
  TECH10
  TECH11
  SVALUES
  ;

  SAVEDATA:
  FILE = Prob_HRV_ETHlca_C3cl5.dat;
  SAVE = CPROBABILITIES;



*** WARNING in VARIABLE command
  When a subpopulation is analyzed with TYPE=COMPLEX, standard errors
  may be incorrect.  Use the SUBPOPULATION option instead of the
  USEOBSERVATIONS option to obtain correct standard errors.
*** WARNING
  Data set contains cases with missing on all variables.
  These cases were not included in the analysis.
  Number of cases with missing on all variables:  58
   2 WARNING(S) FOUND IN THE INPUT INSTRUCTIONS



HRVETH LCA - C3 with 5 classes;

SUMMARY OF ANALYSIS

Number of groups                                                 1
Number of observations                                        3838

Number of dependent variables                                    5
Number of independent variables                                  0
Number of continuous latent variables                            0
Number of categorical latent variables                           1

Observed dependent variables

  Binary and ordered categorical (ordinal)
   ETH1        ETH2        ETH3        ETH4        ETH5

Categorical latent variables
   C

Variables with special functions

  Stratification        ID_S
  Cluster variable      ID_J
  Weight variable       WS
  ID variable           IDSTUD

Estimator                                                      MLR
Information matrix                                        OBSERVED
Optimization Specifications for the Quasi-Newton Algorithm for
Continuous Outcomes
  Maximum number of iterations                                 100
  Convergence criterion                                  0.100D-05
Optimization Specifications for the EM Algorithm
  Maximum number of iterations                                 500
  Convergence criteria
    Loglikelihood change                                 0.100D-06
    Relative loglikelihood change                        0.100D-06
    Derivative                                           0.100D-05
Optimization Specifications for the M step of the EM Algorithm for
Categorical Latent variables
  Number of M step iterations                                    1
  M step convergence criterion                           0.100D-05
  Basis for M step termination                           ITERATION
Optimization Specifications for the M step of the EM Algorithm for
Censored, Binary or Ordered Categorical (Ordinal), Unordered
Categorical (Nominal) and Count Outcomes
  Number of M step iterations                                    1
  M step convergence criterion                           0.100D-05
  Basis for M step termination                           ITERATION
  Maximum value for logit thresholds                            15
  Minimum value for logit thresholds                           -15
  Minimum expected cell size for chi-square              0.100D-01
Maximum number of iterations for H1                           2000
Convergence criterion for H1                             0.100D-03
Optimization algorithm                                         EMA
Random Starts Specifications
  Number of initial stage random starts                       1000
  Number of final stage optimizations                          250
  Number of initial stage iterations                            20
  Initial stage convergence criterion                    0.100D+01
  Random starts scale                                    0.500D+01
  Random seed for generating random starts                     288
Link                                                         LOGIT

Input data file(s)
  ETHDtaC3.dat
Input data format  FREE


SUMMARY OF DATA

     Number of missing data patterns            15
     Number of y missing data patterns           0
     Number of u missing data patterns          15
     Number of strata                           75
     Number of clusters                        815


COVARIANCE COVERAGE OF DATA

Minimum covariance coverage value   0.100


     PROPORTION OF DATA PRESENT FOR U


           Covariance Coverage
              ETH1          ETH2          ETH3          ETH4          ETH5
              ________      ________      ________      ________      ________
 ETH1           0.999
 ETH2           0.997         0.997
 ETH3           0.997         0.996         0.998
 ETH4           0.992         0.991         0.992         0.993
 ETH5           0.996         0.995         0.996         0.992         0.997


UNIVARIATE PROPORTIONS AND COUNTS FOR CATEGORICAL VARIABLES

    ETH1
      Category 1    0.967         3708.208
      Category 2    0.033          127.912
    ETH2
      Category 1    0.951         3643.340
      Category 2    0.049          187.875
    ETH3
      Category 1    0.944         3616.675
      Category 2    0.056          213.808
    ETH4
      Category 1    0.725         2766.416
      Category 2    0.275         1049.728
    ETH5
      Category 1    0.953         3649.076
      Category 2    0.047          178.511


RANDOM STARTS RESULTS RANKED FROM THE BEST TO THE WORST LOGLIKELIHOOD VALUES

Final stage loglikelihood values at local maxima, seeds, and initial stage start numbers:

           -4478.952  999536           563
           -4478.952  464939           328
           -4478.952  54642            968
           -4478.952  719428           129
           -4478.952  983784           118
           -4478.952  836620           612
           -4478.952  56586            165
           -4478.952  223610           725
           -4478.952  196458           747
           -4478.952  325774           336
           -4478.952  125830           187
           -4478.952  369474           935
           -4478.952  679606           193
           -4478.952  29688            817
           -4478.952  87282            366
           -4478.952  533106           641
           -4478.952  847900           498
           -4478.952  808818           46
           -4478.952  337946           661
           -4478.952  454608           451
           -4478.952  676549           225
           -4479.180  997549           220
           -4479.180  673475           190
           -4479.180  687662           201
           -4479.188  468408           60
           -4479.233  896494           228
           -4479.271  766563           249
           -4479.670  862516           26
           -4479.670  412669           59
           -4479.670  210983           209
           -4479.670  414035           84
           -4479.670  723324           90
           -4479.670  426635           9

217 perturbed starting value run(s) did not converge or were rejected in the third stage.



THE BEST LOGLIKELIHOOD VALUE HAS BEEN REPLICATED.  RERUN WITH AT LEAST TWICE THE
RANDOM STARTS TO CHECK THAT THE BEST LOGLIKELIHOOD IS STILL OBTAINED AND REPLICATED.

     IN THE OPTIMIZATION, ONE OR MORE LOGIT THRESHOLDS APPROACHED EXTREME VALUES
     OF -15.000 AND 15.000 AND WERE FIXED TO STABILIZE MODEL ESTIMATION.  THESE
     VALUES IMPLY PROBABILITIES OF 0 AND 1.  IN THE MODEL RESULTS SECTION, THESE
     PARAMETERS HAVE 0 STANDARD ERRORS AND 999 IN THE Z-SCORE AND P-VALUE COLUMNS.




THE MODEL ESTIMATION TERMINATED NORMALLY



MODEL FIT INFORMATION

Number of Free Parameters                       29

Loglikelihood

          H0 Value                       -4478.952
          H0 Scaling Correction Factor      1.4802
            for MLR

Information Criteria

          Akaike (AIC)                    9015.903
          Bayesian (BIC)                  9197.232
          Sample-Size Adjusted BIC        9105.083
            (n* = (n + 2) / 24)

Chi-Square Test of Model Fit for the Binary and Ordered Categorical
(Ordinal) Outcomes**

          Pearson Chi-Square

          Value                              0.488
          Degrees of Freedom                     1
          P-Value                           0.4849

          Likelihood Ratio Chi-Square

          Value                              0.789
          Degrees of Freedom                     1
          P-Value                           0.3743

** Of the 148 cells in the latent class indicator table, 1
   were deleted in the calculation of chi-square due to extreme values.

Chi-Square Test for MCAR under the Unrestricted Latent Class Indicator Model

          Pearson Chi-Square

          Value                             76.918
          Degrees of Freedom                   102
          P-Value                           0.9698

          Likelihood Ratio Chi-Square

          Value                             50.367
          Degrees of Freedom                   102
          P-Value                           1.0000



FINAL CLASS COUNTS AND PROPORTIONS FOR THE LATENT CLASSES
BASED ON THE ESTIMATED MODEL

    Latent
   Classes

       1         67.68369          0.01764
       2        556.66965          0.14504
       3        106.54553          0.02776
       4         42.11837          0.01097
       5       3064.98277          0.79859


FINAL CLASS COUNTS AND PROPORTIONS FOR THE LATENT CLASSES
BASED ON ESTIMATED POSTERIOR PROBABILITIES

    Latent
   Classes

       1         67.68369          0.01764
       2        556.66965          0.14504
       3        106.54553          0.02776
       4         42.11837          0.01097
       5       3064.98277          0.79859


FINAL CLASS COUNTS AND PROPORTIONS FOR THE LATENT CLASSES
BASED ON THEIR MOST LIKELY LATENT CLASS MEMBERSHIP

Class Counts and Proportions

    Latent
   Classes

       1               51          0.01333
       2              194          0.05061
       3               71          0.01861
       4               44          0.01158
       5             3477          0.90588


CLASSIFICATION QUALITY

     Entropy                         0.790


Average Latent Class Probabilities for Most Likely Latent Class Membership (Row)
by Latent Class (Column)

           1        2        3        4        5

    1   0.887    0.104    0.001    0.005    0.003
    2   0.047    0.732    0.083    0.003    0.135
    3   0.066    0.083    0.819    0.001    0.032
    4   0.063    0.011    0.000    0.926    0.000
    5   0.002    0.116    0.009    0.000    0.873


Classification Probabilities for the Most Likely Latent Class Membership (Column)
by Latent Class (Row)

           1        2        3        4        5

    1   0.670    0.135    0.070    0.041    0.084
    2   0.010    0.255    0.011    0.001    0.723
    3   0.000    0.151    0.549    0.000    0.300
    4   0.006    0.016    0.001    0.977    0.000
    5   0.000    0.009    0.001    0.000    0.991


Logits for the Classification Probabilities for the Most Likely Latent Class Membership (Column)
by Latent Class (Row)

              1        2        3        4        5

    1      2.072    0.468   -0.194   -0.713    0.000
    2     -4.324   -1.041   -4.222   -6.708    0.000
    3     -7.031   -0.689    0.604  -12.612    0.000
    4      4.500    5.459    2.851    9.586    0.000
    5     -9.768   -4.753   -7.202  -13.806    0.000


MODEL RESULTS

                                                    Two-Tailed
                    Estimate       S.E.  Est./S.E.    P-Value

Latent Class 1

 Thresholds
    ETH1$1             0.837      0.583      1.435      0.151
    ETH2$1             2.294      1.311      1.750      0.080
    ETH3$1            -1.413      5.505     -0.257      0.797
    ETH4$1             0.213      0.479      0.445      0.657
    ETH5$1            -1.686      1.578     -1.068      0.285

Latent Class 2

 Thresholds
    ETH1$1             4.598      3.313      1.388      0.165
    ETH2$1             2.067      0.536      3.856      0.000
    ETH3$1             1.563      0.635      2.461      0.014
    ETH4$1            -1.140      1.036     -1.100      0.271
    ETH5$1             2.973      0.979      3.036      0.002

Latent Class 3

 Thresholds
    ETH1$1             0.056      0.553      0.101      0.920
    ETH2$1            -0.132      1.419     -0.093      0.926
    ETH3$1            15.000      0.000    999.000    999.000
    ETH4$1            -0.342      0.490     -0.697      0.486
    ETH5$1             0.230      0.562      0.410      0.682

Latent Class 4

 Thresholds
    ETH1$1            -1.813      0.759     -2.388      0.017
    ETH2$1           -15.000      0.000    999.000    999.000
    ETH3$1           -15.000      0.000    999.000    999.000
    ETH4$1            -2.871      1.135     -2.529      0.011
    ETH5$1            -2.030      0.633     -3.208      0.001

Latent Class 5

 Thresholds
    ETH1$1             5.385      0.708      7.608      0.000
    ETH2$1             4.998      0.972      5.142      0.000
    ETH3$1             4.955      1.282      3.864      0.000
    ETH4$1             1.631      0.373      4.376      0.000
    ETH5$1             5.706      1.693      3.370      0.001

Categorical Latent Variables

 Means
    C#1               -3.813      1.065     -3.579      0.000
    C#2               -1.706      0.821     -2.077      0.038
    C#3               -3.359      0.886     -3.791      0.000
    C#4               -4.287      0.305    -14.080      0.000


RESULTS IN PROBABILITY SCALE

Latent Class 1

 ETH1
    Category 1         0.698      0.123      5.674      0.000
    Category 2         0.302      0.123      2.457      0.014
 ETH2
    Category 1         0.908      0.109      8.325      0.000
    Category 2         0.092      0.109      0.840      0.401
 ETH3
    Category 1         0.196      0.867      0.226      0.821
    Category 2         0.804      0.867      0.928      0.353
 ETH4
    Category 1         0.553      0.118      4.671      0.000
    Category 2         0.447      0.118      3.775      0.000
 ETH5
    Category 1         0.156      0.208      0.751      0.452
    Category 2         0.844      0.208      4.054      0.000

Latent Class 2

 ETH1
    Category 1         0.990      0.033     30.270      0.000
    Category 2         0.010      0.033      0.305      0.760
 ETH2
    Category 1         0.888      0.053     16.604      0.000
    Category 2         0.112      0.053      2.102      0.036
 ETH3
    Category 1         0.827      0.091      9.090      0.000
    Category 2         0.173      0.091      1.904      0.057
 ETH4
    Category 1         0.242      0.190      1.274      0.203
    Category 2         0.758      0.190      3.981      0.000
 ETH5
    Category 1         0.951      0.045     20.979      0.000
    Category 2         0.049      0.045      1.073      0.283

Latent Class 3

 ETH1
    Category 1         0.514      0.138      3.723      0.000
    Category 2         0.486      0.138      3.521      0.000
 ETH2
    Category 1         0.467      0.353      1.323      0.186
    Category 2         0.533      0.353      1.509      0.131
 ETH3
    Category 1         1.000      0.000      0.000      1.000
    Category 2         0.000      0.000      0.000      1.000
 ETH4
    Category 1         0.415      0.119      3.490      0.000
    Category 2         0.585      0.119      4.911      0.000
 ETH5
    Category 1         0.557      0.139      4.022      0.000
    Category 2         0.443      0.139      3.195      0.001

Latent Class 4

 ETH1
    Category 1         0.140      0.092      1.532      0.126
    Category 2         0.860      0.092      9.390      0.000
 ETH2
    Category 1         0.000      0.000      0.000      1.000
    Category 2         1.000      0.000      0.000      1.000
 ETH3
    Category 1         0.000      0.000      0.000      1.000
    Category 2         1.000      0.000      0.000      1.000
 ETH4
    Category 1         0.054      0.058      0.931      0.352
    Category 2         0.946      0.058     16.429      0.000
 ETH5
    Category 1         0.116      0.065      1.788      0.074
    Category 2         0.884      0.065     13.610      0.000

Latent Class 5

 ETH1
    Category 1         0.995      0.003    309.650      0.000
    Category 2         0.005      0.003      1.419      0.156
 ETH2
    Category 1         0.993      0.006    153.405      0.000
    Category 2         0.007      0.006      1.036      0.300
 ETH3
    Category 1         0.993      0.009    111.397      0.000
    Category 2         0.007      0.009      0.785      0.432
 ETH4
    Category 1         0.836      0.051     16.391      0.000
    Category 2         0.164      0.051      3.210      0.001
 ETH5
    Category 1         0.997      0.006    178.188      0.000
    Category 2         0.003      0.006      0.593      0.554


LATENT CLASS ODDS RATIO RESULTS

                                                95% C.I.
                    Estimate       S.E.  Lower 2.5% Upper 2.5%

Latent Class 1 Compared to Latent Class 2

 ETH1
    Category > 1      42.992    144.475      0.059  31182.621
 ETH2
    Category > 1       0.797      1.111      0.052     12.256
 ETH3
    Category > 1      19.619    107.954      0.000  *********
 ETH4
    Category > 1       0.259      0.311      0.024      2.735
 ETH5
    Category > 1     105.461    205.575      2.311   4812.465

Latent Class 1 Compared to Latent Class 3

 ETH1
    Category > 1       0.458      0.364      0.096      2.173
 ETH2
    Category > 1       0.088      0.165      0.002      3.467
 ETH3
    Category > 1   *********      0.000  *********  *********
 ETH4
    Category > 1       0.574      0.346      0.176      1.870
 ETH5
    Category > 1       6.793     10.369      0.341    135.297

Latent Class 1 Compared to Latent Class 4

 ETH1
    Category > 1       0.071      0.065      0.011      0.434
 ETH2
    Category > 1       0.000      0.000      0.000      0.000
 ETH3
    Category > 1       0.000      0.000      0.000      0.000
 ETH4
    Category > 1       0.046      0.060      0.004      0.591
 ETH5
    Category > 1       0.709      1.226      0.024     21.024

Latent Class 1 Compared to Latent Class 5

 ETH1
    Category > 1      94.476     91.182     14.249    626.416
 ETH2
    Category > 1      14.937     22.712      0.759    294.121
 ETH3
    Category > 1     582.941   3287.690      0.009  *********
 ETH4
    Category > 1       4.127      2.653      1.171     14.549
 ETH5
    Category > 1    1622.859   4442.542      7.587  *********

Latent Class 2 Compared to Latent Class 3

 ETH1
    Category > 1       0.011      0.034      0.000      6.066
 ETH2
    Category > 1       0.111      0.173      0.005      2.360
 ETH3
    Category > 1   *********      0.000  *********  *********
 ETH4
    Category > 1       2.221      2.637      0.217     22.757
 ETH5
    Category > 1       0.064      0.067      0.008      0.492

Latent Class 2 Compared to Latent Class 4

 ETH1
    Category > 1       0.002      0.005      0.000      1.125
 ETH2
    Category > 1       0.000      0.000      0.000      0.000
 ETH3
    Category > 1       0.000      0.000      0.000      0.000
 ETH4
    Category > 1       0.177      0.250      0.011      2.828
 ETH5
    Category > 1       0.007      0.007      0.001      0.059

Latent Class 2 Compared to Latent Class 5

 ETH1
    Category > 1       2.198      6.558      0.006    762.575
 ETH2
    Category > 1      18.748     15.723      3.623     97.012
 ETH3
    Category > 1      29.713     34.605      3.031    291.282
 ETH4
    Category > 1      15.963     14.503      2.690     94.725
 ETH5
    Category > 1      15.388     24.226      0.703    336.709

Latent Class 3 Compared to Latent Class 4

 ETH1
    Category > 1       0.154      0.138      0.027      0.888
 ETH2
    Category > 1       0.000      0.000      0.000      0.000
 ETH3
    Category > 1       0.000      0.000      0.000      0.000
 ETH4
    Category > 1       0.080      0.100      0.007      0.928
 ETH5
    Category > 1       0.104      0.087      0.020      0.532

Latent Class 3 Compared to Latent Class 5

 ETH1
    Category > 1     206.342    173.367     39.756   1070.956
 ETH2
    Category > 1     168.978    282.481      6.380   4475.238
 ETH3
    Category > 1       0.000      0.000      0.000      0.000
 ETH4
    Category > 1       7.187      4.313      2.217     23.303
 ETH5
    Category > 1     238.892    396.394      9.242   6174.857

Latent Class 4 Compared to Latent Class 5

 ETH1
    Category > 1    1337.461   1353.401    184.043   9719.482
 ETH2
    Category > 1   *********      0.000  *********  *********
 ETH3
    Category > 1   *********      0.000  *********  *********
 ETH4
    Category > 1      90.122    108.280      8.553    949.626
 ETH5
    Category > 1    2288.953   4032.272     72.462  72303.734


QUALITY OF NUMERICAL RESULTS

     Condition Number for the Information Matrix              0.101E-03
       (ratio of smallest to largest eigenvalue)


MODEL COMMAND WITH FINAL ESTIMATES USED AS STARTING VALUES

     %OVERALL%

     [ c#1*-3.81295 ];
     [ c#2*-1.70583 ];
     [ c#3*-3.35922 ];
     [ c#4*-4.28731 ];

     %C#1%

     [ eth1$1*0.83699 ];
     [ eth2$1*2.29410 ];
     [ eth3$1*-1.41344 ];
     [ eth4$1*0.21294 ];
     [ eth5$1*-1.68573 ];

     %C#2%

     [ eth1$1*4.59800 ];
     [ eth2$1*2.06686 ];
     [ eth3$1*1.56307 ];
     [ eth4$1*-1.13974 ];
     [ eth5$1*2.97261 ];

     %C#3%

     [ eth1$1*0.05580 ];
     [ eth2$1*-0.13180 ];
     [ eth3$1*15 ];
     [ eth4$1*-0.34172 ];
     [ eth5$1*0.23020 ];

     %C#4%

     [ eth1$1*-1.81319 ];
     [ eth2$1*-15 ];
     [ eth3$1*-15 ];
     [ eth4$1*-2.87061 ];
     [ eth5$1*-2.02963 ];

     %C#5%

     [ eth1$1*5.38533 ];
     [ eth2$1*4.99796 ];
     [ eth3$1*4.95464 ];
     [ eth4$1*1.63055 ];
     [ eth5$1*5.70622 ];



TECHNICAL 10 OUTPUT


     MODEL FIT INFORMATION FOR THE LATENT CLASS INDICATOR MODEL PART


     RESPONSE PATTERNS

     No.  Pattern    No.  Pattern    No.  Pattern    No.  Pattern
       1  00000        2  00001        3  00010        4  00011
       5  00100        6  00101        7  00110        8  00111
       9  01000       10  01001       11  01010       12  01011
      13  01100       14  01101       15  01110       16  01111
      17  10000       18  10001       19  10010       20  10011
      21  10100       22  10101       23  10110       24  10111
      25  11000       26  11001       27  11010       28  11011
      29  11100       30  11101       31  11110       32  11111
      33  0000*       34  0001*       35  *0000       36  0*0*0
      37  0*0**       38  000*0       39  011*0       40  100*0
      41  **0*0       42  0*000       43  0*010       44  0*110
      45  000**       46  001**       47  00*00       48  01*01
      49  10*10       50  00***       51  *0***       52  ****1
      53  0****       54  **0**


     RESPONSE PATTERN FREQUENCIES AND CHI-SQUARE CONTRIBUTIONS

    Response          Frequency     Standardized  Chi-square Contribution
     Pattern    Observed  Estimated   Residual    Pearson   Loglikelihood  Deleted
                                     (z-score)
         1      2588.29    2586.00       0.06       0.00        -0.05
         2        21.73      21.55       0.03       0.00         0.13
         3       786.13     784.89       0.04       0.00         0.08
         4        25.84      26.11      -0.04       0.00        -0.77
         5        40.10      39.86       0.03       0.00         0.00
         6        15.76      17.01      -0.24       0.09        -2.61
         7        65.53      66.38      -0.08       0.00        -0.08
         8        17.71      16.01       0.33       0.18         3.35
         9        35.46      35.27       0.03       0.00        -0.09
        10         5.58       6.37      -0.24      -0.08         0.51
        11        50.07      49.36       0.08       0.01         0.65
        12         9.48       9.69      -0.05       0.00        -0.54
        13         2.72       2.91      -0.08      -0.01         0.17
        14         1.68       2.01      -0.18       0.00         0.00
        15         7.33       8.57      -0.33       0.08        -0.55
        16         6.67       6.59       0.02       0.00         0.05
        17        16.99      18.19      -0.22      -0.01         0.08
        18         6.18       6.18       0.00       0.00        -0.09
        19        12.09      13.21      -0.24       0.02        -0.23
        20         8.00       7.72       0.08       0.01         0.44
        21         1.63       1.56       0.05       0.00         0.12
        22         8.19       6.92       0.37       0.23         2.62
        23         1.72       1.66       0.03       0.00         0.11
        24         4.36       5.62      -0.41       0.28        -2.28
        25         6.08       6.56      -0.14       0.03        -1.03
        26         5.55       5.21       0.12       0.02         0.62
        27         9.95       9.32       0.16       0.04         1.12
        28         6.91       7.24      -0.10       0.01        -0.76
        29         0.13       0.38      -0.31       0.16        -0.28
        30         2.62       2.40       0.11       0.02         0.42
        31         4.34       4.13       0.08       0.01         0.36
        32        30.68      30.60       0.01       0.00        -0.34
        33         1.85       2.10      -0.24       0.00         0.00
        34         1.22       0.65       0.61       0.00         0.00
        35         0.10       0.07       0.17       0.00         0.00
        36         0.11       0.10       0.08       0.00         0.00
        37         0.11       0.10       0.07       0.00         0.00
        38        10.66      12.56      -1.23       0.00         0.00
        39         1.14       0.04       4.11      -0.61        -0.05
        40         2.38       0.12       5.14      -0.13        -0.01
        41         0.11       0.10       0.08       0.00         0.00
        42         2.86       3.08      -0.17       0.00         0.00
        43         0.20       0.98      -0.68       0.00         0.00
        44         1.40       0.09       3.46      -0.11        -0.01
        45         2.63       2.46       0.26       0.00         0.00
        46         0.11       0.10       0.02       0.00         0.00
        47         1.43       2.09      -0.63       0.00         0.00
        48         1.48       0.01       7.73       0.00         0.10      DELETED
        49         0.11       0.01       0.72      -0.01         0.00
        50         1.16       1.08       0.22       0.00         0.00
        51         1.45       1.38       0.21       0.00         0.00
        52         0.11       0.00       1.14       0.00         0.00
        53         1.78       1.72       0.19       0.00         0.00
        54         0.11       0.10       0.06       0.00         0.00

     THE TOTAL PEARSON CHI-SQUARE CONTRIBUTION FROM EMPTY CELLS IS         0.00


     UNIVARIATE MODEL FIT INFORMATION

                               Estimated Probabilities
                                                  Standardized
     Variable              H1           H0          Residual
                                                   (z-score)
     ETH1
       Category 1        0.967        0.967           0.000
       Category 2        0.033        0.033           0.000
       Univariate Pearson Chi-Square                  0.000
       Univariate Log-Likelihood Chi-Square           0.000
     ETH2
       Category 1        0.951        0.951           0.000
       Category 2        0.049        0.049           0.000
       Univariate Pearson Chi-Square                  0.000
       Univariate Log-Likelihood Chi-Square           0.000
     ETH3
       Category 1        0.944        0.944           0.001
       Category 2        0.056        0.056          -0.001
       Univariate Pearson Chi-Square                  0.000
       Univariate Log-Likelihood Chi-Square           0.000
     ETH4
       Category 1        0.725        0.725           0.001
       Category 2        0.275        0.275          -0.001
       Univariate Pearson Chi-Square                  0.000
       Univariate Log-Likelihood Chi-Square           0.000
     ETH5
       Category 1        0.953        0.953           0.000
       Category 2        0.047        0.047           0.000
       Univariate Pearson Chi-Square                  0.000
       Univariate Log-Likelihood Chi-Square           0.000

       Overall Univariate Pearson Chi-Square                         0.000
       Overall Univariate Log-Likelihood Chi-Square                  0.000


     BIVARIATE MODEL FIT INFORMATION

                                              Estimated Probabilities
                                                                 Standardized
     Variable       Variable              H1           H0          Residual
                                                                  (z-score)
     ETH1           ETH2
       Category 1     Category 1        0.935        0.935          -0.005
       Category 1     Category 2        0.032        0.032           0.008
       Category 2     Category 1        0.016        0.016           0.011
       Category 2     Category 2        0.017        0.017          -0.011
       Bivariate Pearson Chi-Square                                  0.000
       Bivariate Log-Likelihood Chi-Square                           0.000
     ETH1           ETH3
       Category 1     Category 1        0.925        0.925           0.000
       Category 1     Category 2        0.042        0.042           0.000
       Category 2     Category 1        0.019        0.019           0.001
       Category 2     Category 2        0.014        0.014          -0.001
       Bivariate Pearson Chi-Square                                  0.000
       Bivariate Log-Likelihood Chi-Square                           0.000
     ETH1           ETH4
       Category 1     Category 1        0.712        0.712          -0.027
       Category 1     Category 2        0.255        0.254           0.028
       Category 2     Category 1        0.013        0.012           0.111
       Category 2     Category 2        0.021        0.021          -0.086
       Bivariate Pearson Chi-Square                                  0.034
       Bivariate Log-Likelihood Chi-Square                           0.034
     ETH1           ETH5
       Category 1     Category 1        0.939        0.939           0.002
       Category 1     Category 2        0.028        0.028          -0.002
       Category 2     Category 1        0.014        0.014          -0.003
       Category 2     Category 2        0.019        0.019           0.003
       Bivariate Pearson Chi-Square                                  0.000
       Bivariate Log-Likelihood Chi-Square                           0.000
     ETH2           ETH3
       Category 1     Category 1        0.910        0.910          -0.010
       Category 1     Category 2        0.041        0.041           0.014
       Category 2     Category 1        0.034        0.034           0.016
       Category 2     Category 2        0.015        0.015          -0.024
       Bivariate Pearson Chi-Square                                  0.002
       Bivariate Log-Likelihood Chi-Square                           0.002
     ETH2           ETH4
       Category 1     Category 1        0.709        0.709          -0.001
       Category 1     Category 2        0.242        0.242           0.002
       Category 2     Category 1        0.016        0.016           0.007
       Category 2     Category 2        0.033        0.033          -0.006
       Bivariate Pearson Chi-Square                                  0.000
       Bivariate Log-Likelihood Chi-Square                           0.000
     ETH2           ETH5
       Category 1     Category 1        0.923        0.923           0.000
       Category 1     Category 2        0.028        0.028           0.000
       Category 2     Category 1        0.031        0.031           0.000
       Category 2     Category 2        0.018        0.018           0.000
       Bivariate Pearson Chi-Square                                  0.000
       Bivariate Log-Likelihood Chi-Square                           0.000
     ETH3           ETH4
       Category 1     Category 1        0.706        0.706           0.002
       Category 1     Category 2        0.238        0.238          -0.001
       Category 2     Category 1        0.019        0.019          -0.004
       Category 2     Category 2        0.037        0.037           0.002
       Bivariate Pearson Chi-Square                                  0.000
       Bivariate Log-Likelihood Chi-Square                           0.000
     ETH3           ETH5
       Category 1     Category 1        0.921        0.920           0.010
       Category 1     Category 2        0.024        0.024          -0.017
       Category 2     Category 1        0.033        0.033          -0.015
       Category 2     Category 2        0.023        0.023           0.017
       Bivariate Pearson Chi-Square                                  0.001
       Bivariate Log-Likelihood Chi-Square                           0.001
     ETH4           ETH5
       Category 1     Category 1        0.707        0.707          -0.018
       Category 1     Category 2        0.018        0.018           0.064
       Category 2     Category 1        0.247        0.246           0.019
       Category 2     Category 2        0.029        0.029          -0.050
       Bivariate Pearson Chi-Square                                  0.011
       Bivariate Log-Likelihood Chi-Square                           0.011

       Overall Bivariate Pearson Chi-Square                          0.049
       Overall Bivariate Log-Likelihood Chi-Square                   0.049


TECHNICAL 11 OUTPUT

     Random Starts Specifications for the k-1 Class Analysis Model
        Number of initial stage random starts                1000
        Number of final stage optimizations                   250



     VUONG-LO-MENDELL-RUBIN LIKELIHOOD RATIO TEST FOR 4 (H0) VERSUS 5 CLASSES

          H0 Loglikelihood Value                        -4490.700
          2 Times the Loglikelihood Difference             23.496
          Difference in the Number of Parameters                6
          Mean                                             -9.745
          Standard Deviation                               50.246
          P-Value                                          0.2058

     LO-MENDELL-RUBIN ADJUSTED LRT TEST

          Value                                            23.031
          P-Value                                          0.2109


SAVEDATA INFORMATION


  Save file
    Prob_HRV_ETHlca_C3cl5.dat

  Order and format of variables

    ETH1           F10.3
    ETH2           F10.3
    ETH3           F10.3
    ETH4           F10.3
    ETH5           F10.3
    CPROB1         F10.3
    CPROB2         F10.3
    CPROB3         F10.3
    CPROB4         F10.3
    CPROB5         F10.3
    C              F10.3
    WS             F10.3
    IDSTUD         I9
    ID_S           I5
    ID_J           I5

  Save file format
    12F10.3 I9 2I5

  Save file record length    10000

  Save missing symbol        *


     Beginning Time:  22:10:15
        Ending Time:  22:10:18
       Elapsed Time:  00:00:03



MUTHEN & MUTHEN
3463 Stoner Ave.
Los Angeles, CA  90066

Tel: (310) 391-9971
Fax: (310) 391-8971
Web: www.StatModel.com
Support: Support@StatModel.com

Copyright (c) 1998-2020 Muthen & Muthen
