Mplus VERSION 8.5 (Mac)
MUTHEN & MUTHEN
04/07/2021  10:09 PM

INPUT INSTRUCTIONS

  TITLE: ESTETH LCA - C3 with 3 classes;
  DATA:
  FILE = ETHDtaC3.dat;

  VARIABLE:
  NAMES = id_i
  id_j
  id_r
  id_s
  id_k
  wt
  ws
  ETH1
  ETH2
  ETH3
  ETH4
  ETH5
  IDSTUD;
  IDVARIABLE = IDSTUD;
  USEVARIABLES = ETH1
  ETH2
  ETH3
  ETH4
  ETH5;
  USEOBSERVATIONS ARE id_k EQ 4;
  CATEGORICAL = ETH1
  ETH2
  ETH3
  ETH4
  ETH5;
  MISSING = .;
  CLASSES = c(3);
  WEIGHT = ws;
  STRATIFICATION = id_s;
  CLUSTER = id_j;

  ANALYSIS:
  TYPE = COMPLEX MIXTURE;
  PROCESSORS = 4;
  STARTS = 1000 250;
  STITERATIONS = 20;
  STSEED = 288;

  MODEL:
  %OVERALL%

  OUTPUT:
  TECH10
  TECH11
  SVALUES
  ;

  SAVEDATA:
  FILE = Prob_EST_ETHlca_C3cl3.dat;
  SAVE = CPROBABILITIES;



*** WARNING in VARIABLE command
  When a subpopulation is analyzed with TYPE=COMPLEX, standard errors
  may be incorrect.  Use the SUBPOPULATION option instead of the
  USEOBSERVATIONS option to obtain correct standard errors.
*** WARNING
  Data set contains cases with missing on all variables.
  These cases were not included in the analysis.
  Number of cases with missing on all variables:  26
   2 WARNING(S) FOUND IN THE INPUT INSTRUCTIONS



ESTETH LCA - C3 with 3 classes;

SUMMARY OF ANALYSIS

Number of groups                                                 1
Number of observations                                        2831

Number of dependent variables                                    5
Number of independent variables                                  0
Number of continuous latent variables                            0
Number of categorical latent variables                           1

Observed dependent variables

  Binary and ordered categorical (ordinal)
   ETH1        ETH2        ETH3        ETH4        ETH5

Categorical latent variables
   C

Variables with special functions

  Stratification        ID_S
  Cluster variable      ID_J
  Weight variable       WS
  ID variable           IDSTUD

Estimator                                                      MLR
Information matrix                                        OBSERVED
Optimization Specifications for the Quasi-Newton Algorithm for
Continuous Outcomes
  Maximum number of iterations                                 100
  Convergence criterion                                  0.100D-05
Optimization Specifications for the EM Algorithm
  Maximum number of iterations                                 500
  Convergence criteria
    Loglikelihood change                                 0.100D-06
    Relative loglikelihood change                        0.100D-06
    Derivative                                           0.100D-05
Optimization Specifications for the M step of the EM Algorithm for
Categorical Latent variables
  Number of M step iterations                                    1
  M step convergence criterion                           0.100D-05
  Basis for M step termination                           ITERATION
Optimization Specifications for the M step of the EM Algorithm for
Censored, Binary or Ordered Categorical (Ordinal), Unordered
Categorical (Nominal) and Count Outcomes
  Number of M step iterations                                    1
  M step convergence criterion                           0.100D-05
  Basis for M step termination                           ITERATION
  Maximum value for logit thresholds                            15
  Minimum value for logit thresholds                           -15
  Minimum expected cell size for chi-square              0.100D-01
Maximum number of iterations for H1                           2000
Convergence criterion for H1                             0.100D-03
Optimization algorithm                                         EMA
Random Starts Specifications
  Number of initial stage random starts                       1000
  Number of final stage optimizations                          250
  Number of initial stage iterations                            20
  Initial stage convergence criterion                    0.100D+01
  Random starts scale                                    0.500D+01
  Random seed for generating random starts                     288
Link                                                         LOGIT

Input data file(s)
  ETHDtaC3.dat
Input data format  FREE


SUMMARY OF DATA

     Number of missing data patterns             9
     Number of y missing data patterns           0
     Number of u missing data patterns           9
     Number of strata                           75
     Number of clusters                        164


COVARIANCE COVERAGE OF DATA

Minimum covariance coverage value   0.100


     PROPORTION OF DATA PRESENT FOR U


           Covariance Coverage
              ETH1          ETH2          ETH3          ETH4          ETH5
              ________      ________      ________      ________      ________
 ETH1           1.000
 ETH2           0.999         0.999
 ETH3           0.997         0.996         0.997
 ETH4           0.995         0.994         0.993         0.995
 ETH5           0.998         0.997         0.996         0.995         0.998


UNIVARIATE PROPORTIONS AND COUNTS FOR CATEGORICAL VARIABLES

    ETH1
      Category 1    0.978         2769.327
      Category 2    0.022           61.673
    ETH2
      Category 1    0.962         2721.137
      Category 2    0.038          106.265
    ETH3
      Category 1    0.910         2567.965
      Category 2    0.090          254.419
    ETH4
      Category 1    0.804         2265.118
      Category 2    0.196          552.238
    ETH5
      Category 1    0.948         2677.085
      Category 2    0.052          147.337


RANDOM STARTS RESULTS RANKED FROM THE BEST TO THE WORST LOGLIKELIHOOD VALUES

Final stage loglikelihood values at local maxima, seeds, and initial stage start numbers:

           -3254.366  827739           606
           -3254.366  632351           688
           -3254.366  171198           696
           -3254.366  424344           261
           -3254.366  684094           580
           -3254.366  658764           618
           -3254.366  706595           749
           -3254.366  702720           550
           -3254.366  596950           160
           -3254.366  325994           748
           -3254.366  847900           498
           -3254.366  217522           559
           -3254.366  130856           647
           -3254.366  982244           714
           -3254.366  124010           543
           -3254.366  997549           220
           -3254.366  185850           427
           -3254.366  377368           224
           -3254.366  496516           316
           -3254.366  445592           47
           -3254.366  196793           573
           -3254.366  712313           535
           -3254.366  666759           404
           -3254.366  210519           217
           -3254.366  811896           275
           -3254.366  29688            817
           -3254.366  112959           148
           -3254.366  133726           623
           -3254.366  859868           243
           -3254.366  516638           179
           -3254.366  866003           788
           -3254.366  323102           100
           -3254.366  139726           519
           -3254.366  691215           349
           -3254.366  647619           843
           -3254.366  207535           912
           -3254.366  85315            639
           -3254.366  344304           737
           -3254.366  307749           656
           -3254.366  292986           382
           -3254.366  125641           204
           -3254.366  256261           263
           -3254.366  578472           477
           -3254.366  799800           828
           -3254.366  665251           907
           -3254.366  179652           583
           -3254.366  856747           327
           -3254.366  986227           24
           -3254.366  534562           413
           -3254.366  191900           994
           -3254.366  474326           104
           -3254.366  289940           934
           -3254.366  514978           7
           -3254.366  714348           218
           -3254.366  457166           428
           -3254.366  14811            759
           -3254.366  54334            852
           -3254.366  18598            257
           -3254.366  256863           802
           -3254.366  924010           464
           -3254.366  916022           434
           -3254.366  775133           71
           -3254.366  533106           641
           -3254.366  755704           579
           -3254.366  498139           229
           -3254.366  865322           360
           -3254.366  611976           753
           -3254.366  378510           397
           -3254.366  873258           182
           -3254.366  551884           626
           -3254.366  298512           527
           -3254.366  107961           962
           -3254.366  241342           73
           -3254.366  532887           942
           -3254.366  170402           703
           -3254.366  996880           39
           -3254.366  184270           234
           -3254.366  444492           595
           -3254.366  641878           115
           -3254.366  686460           347
           -3254.366  90128            72
           -3254.366  269849           945
           -3254.366  94439            635
           -3254.366  699998           861
           -3254.366  986285           495
           -3254.366  687662           201
           -3254.366  761359           784
           -3254.366  660791           846
           -3254.366  754533           722
           -3254.366  253296           765
           -3254.366  553464           113
           -3254.366  884788           184
           -3254.366  257154           710
           -3254.366  845314           106
           -3254.366  811413           685
           -3254.366  574266           509
           -3254.366  674140           758
           -3254.366  210174           733
           -3254.366  332668           993
           -3254.366  313816           213
           -3254.366  499903           266
           -3254.366  216144           158
           -3254.366  957051           194
           -3254.366  620988           762
           -3254.366  524752           594
           -3254.366  516899           331
           -3254.366  488534           375
           -3254.366  986698           642
           -3254.366  58768            795
           -3254.366  737206           176
           -3254.366  503835           43
           -3254.366  925220           995
           -3254.366  749058           704
           -3254.366  534026           499
           -3254.366  648136           544
           -3254.366  149951           571
           -3254.366  247466           56
           -3254.366  56586            165
           -3254.366  529186           368
           -3254.366  533102           589
           -3254.366  789068           174
           -3254.366  790562           348
           -3254.366  369474           935
           -3254.366  500310           899
           -3254.366  519178           622
           -3254.366  920430           230
           -3254.366  476644           343
           -3254.366  690502           520
           -3254.366  425103           69
           -3254.366  825343           518
           -3254.366  445012           686
           -3254.366  649146           614
           -3254.366  3314             35
           -3254.366  201485           44
           -3254.366  55657            553
           -3254.366  131908           837
           -3254.366  718635           450
           -3254.366  975945           406
           -3254.366  494022           377
           -3254.366  819256           294
           -3254.366  87282            366
           -3254.366  518578           819
           -3254.366  748920           238
           -3254.366  126060           290
           -3254.366  425159           122
           -3254.366  811368           379
           -3254.366  972138           488
           -3254.366  677398           941
           -3254.366  557173           353
           -3254.366  634855           285
           -3254.366  889723           471
           -3254.366  413332           92
           -3254.366  905126           723
           -3254.366  704835           650
           -3254.366  718759           582
           -3254.366  155404           966
           -3254.366  202454           812
           -3254.366  61747            689
           -3254.366  837735           868
           -3254.366  615741           588
           -3254.366  678818           832
           -3254.366  219777           116
           -3254.366  728622           648
           -3254.366  125480           300
           -3254.366  16924            513
           -3254.366  895776           412
           -3254.366  523738           186
           -3254.366  58551            12
           -3254.366  974671           900
           -3254.366  901673           34
           -3254.366  157076           915
           -3254.366  883238           52
           -3254.366  425012           825
           -3254.366  533600           307
           -3254.366  513056           385
           -3254.366  229344           916
           -3254.366  719428           129
           -3254.366  454330           14
           -3254.366  870330           822
           -3254.366  596788           987
           -3254.366  723324           90
           -3254.366  724894           55
           -3254.366  747600           691
           -3254.366  452998           804
           -3254.366  447449           500
           -3254.366  231734           333
           -3254.366  676245           240
           -3254.366  890198           417
           -3254.366  871950           369
           -3254.366  914502           897
           -3254.366  782637           338
           -3254.366  302904           999
           -3254.366  732743           929
           -3254.366  856808           157
           -3254.366  312601           848
           -3254.366  965671           140
           -3254.366  851486           342
           -3254.366  169439           953
           -3254.366  860811           322
           -3254.366  939960           395
           -3254.366  158964           251
           -3254.366  901878           440
           -3254.366  746589           818
           -3254.366  926238           991
           -3254.366  377012           241
           -3254.366  743865           980
           -3254.366  270280           838
           -3254.811  845817           820
           -3254.811  963387           400
           -3254.811  830297           466
           -3254.811  466571           421
           -3254.811  894345           834
           -3254.811  998022           514
           -3254.811  173363           310
           -3254.811  508496           206
           -3254.811  860175           23
           -3254.811  565161           239
           -3254.811  509819           156
           -3254.811  717571           695
           -3254.811  314847           917
           -3254.811  40856            480
           -3254.811  237882           526
           -3254.811  392359           926
           -3254.811  468408           60
           -3254.811  821515           756
           -3256.976  160604           121

24 perturbed starting value run(s) did not converge or were rejected in the third stage.



THE BEST LOGLIKELIHOOD VALUE HAS BEEN REPLICATED.  RERUN WITH AT LEAST TWICE THE
RANDOM STARTS TO CHECK THAT THE BEST LOGLIKELIHOOD IS STILL OBTAINED AND REPLICATED.


     WARNING:  THE VARIANCE CONTRIBUTION FROM A STRATUM WITH A SINGLE CLUSTER
     (PSU) IS BASED ON THE DIFFERENCE BETWEEN THE SINGLE CLUSTER VALUE AND
     THE OVERALL CLUSTER MEAN.


THE MODEL ESTIMATION TERMINATED NORMALLY



MODEL FIT INFORMATION

Number of Free Parameters                       17

Loglikelihood

          H0 Value                       -3254.366
          H0 Scaling Correction Factor      1.1519
            for MLR

Information Criteria

          Akaike (AIC)                    6542.733
          Bayesian (BIC)                  6643.855
          Sample-Size Adjusted BIC        6589.840
            (n* = (n + 2) / 24)

Chi-Square Test of Model Fit for the Binary and Ordered Categorical
(Ordinal) Outcomes

          Pearson Chi-Square

          Value                             18.035
          Degrees of Freedom                    14
          P-Value                           0.2052

          Likelihood Ratio Chi-Square

          Value                             22.335
          Degrees of Freedom                    14
          P-Value                           0.0720

Chi-Square Test for MCAR under the Unrestricted Latent Class Indicator Model

          Pearson Chi-Square

          Value                             91.907
          Degrees of Freedom                    78
          P-Value                           0.1343

          Likelihood Ratio Chi-Square

          Value                             24.927
          Degrees of Freedom                    78
          P-Value                           1.0000



FINAL CLASS COUNTS AND PROPORTIONS FOR THE LATENT CLASSES
BASED ON THE ESTIMATED MODEL

    Latent
   Classes

       1       2204.25671          0.77861
       2         49.23693          0.01739
       3        577.50636          0.20399


FINAL CLASS COUNTS AND PROPORTIONS FOR THE LATENT CLASSES
BASED ON ESTIMATED POSTERIOR PROBABILITIES

    Latent
   Classes

       1       2204.25671          0.77861
       2         49.23693          0.01739
       3        577.50636          0.20399


FINAL CLASS COUNTS AND PROPORTIONS FOR THE LATENT CLASSES
BASED ON THEIR MOST LIKELY LATENT CLASS MEMBERSHIP

Class Counts and Proportions

    Latent
   Classes

       1             2449          0.86492
       2               45          0.01598
       3              337          0.11911


CLASSIFICATION QUALITY

     Entropy                         0.698


Average Latent Class Probabilities for Most Likely Latent Class Membership (Row)
by Latent Class (Column)

           1        2        3

    1   0.870    0.000    0.129
    2   0.005    0.911    0.083
    3   0.216    0.022    0.761


Classification Probabilities for the Most Likely Latent Class Membership (Column)
by Latent Class (Row)

           1        2        3

    1   0.967    0.000    0.033
    2   0.011    0.837    0.152
    3   0.549    0.007    0.445


Logits for the Classification Probabilities for the Most Likely Latent Class Membership (Column)
by Latent Class (Row)

              1        2        3

    1      3.374   -5.753    0.000
    2     -2.628    1.708    0.000
    3      0.211   -4.220    0.000


MODEL RESULTS

                                                    Two-Tailed
                    Estimate       S.E.  Est./S.E.    P-Value

Latent Class 1

 Thresholds
    ETH1$1             5.341      0.518     10.308      0.000
    ETH2$1             4.980      0.563      8.841      0.000
    ETH3$1             3.714      0.559      6.647      0.000
    ETH4$1             2.307      0.354      6.522      0.000
    ETH5$1             4.839      0.881      5.496      0.000

Latent Class 2

 Thresholds
    ETH1$1            -1.167      0.652     -1.791      0.073
    ETH2$1            -3.478      2.378     -1.463      0.144
    ETH3$1            -0.533      0.422     -1.263      0.207
    ETH4$1            -0.789      0.360     -2.190      0.029
    ETH5$1            -0.642      0.353     -1.821      0.069

Latent Class 3

 Thresholds
    ETH1$1             3.724      0.626      5.945      0.000
    ETH2$1             2.503      0.408      6.135      0.000
    ETH3$1             0.859      0.349      2.461      0.014
    ETH4$1            -0.229      0.363     -0.631      0.528
    ETH5$1             1.586      0.357      4.441      0.000

Categorical Latent Variables

 Means
    C#1                1.339      0.453      2.954      0.003
    C#2               -2.462      0.384     -6.419      0.000


RESULTS IN PROBABILITY SCALE

Latent Class 1

 ETH1
    Category 1         0.995      0.002    404.664      0.000
    Category 2         0.005      0.002      1.939      0.052
 ETH2
    Category 1         0.993      0.004    260.137      0.000
    Category 2         0.007      0.004      1.787      0.074
 ETH3
    Category 1         0.976      0.013     75.224      0.000
    Category 2         0.024      0.013      1.833      0.067
 ETH4
    Category 1         0.909      0.029     31.223      0.000
    Category 2         0.091      0.029      3.109      0.002
 ETH5
    Category 1         0.992      0.007    144.623      0.000
    Category 2         0.008      0.007      1.145      0.252

Latent Class 2

 ETH1
    Category 1         0.237      0.118      2.012      0.044
    Category 2         0.763      0.118      6.466      0.000
 ETH2
    Category 1         0.030      0.069      0.433      0.665
    Category 2         0.970      0.069     14.048      0.000
 ETH3
    Category 1         0.370      0.098      3.761      0.000
    Category 2         0.630      0.098      6.408      0.000
 ETH4
    Category 1         0.312      0.077      4.034      0.000
    Category 2         0.688      0.077      8.883      0.000
 ETH5
    Category 1         0.345      0.080      4.327      0.000
    Category 2         0.655      0.080      8.224      0.000

Latent Class 3

 ETH1
    Category 1         0.976      0.014     67.749      0.000
    Category 2         0.024      0.014      1.635      0.102
 ETH2
    Category 1         0.924      0.029     32.394      0.000
    Category 2         0.076      0.029      2.652      0.008
 ETH3
    Category 1         0.702      0.073      9.627      0.000
    Category 2         0.298      0.073      4.078      0.000
 ETH4
    Category 1         0.443      0.089      4.952      0.000
    Category 2         0.557      0.089      6.224      0.000
 ETH5
    Category 1         0.830      0.050     16.477      0.000
    Category 2         0.170      0.050      3.373      0.001


LATENT CLASS ODDS RATIO RESULTS

                                                95% C.I.
                    Estimate       S.E.  Lower 2.5% Upper 2.5%

Latent Class 1 Compared to Latent Class 2

 ETH1
    Category > 1       0.001      0.001      0.000      0.007
 ETH2
    Category > 1       0.000      0.001      0.000      0.026
 ETH3
    Category > 1       0.014      0.010      0.004      0.058
 ETH4
    Category > 1       0.045      0.023      0.017      0.124
 ETH5
    Category > 1       0.004      0.004      0.001      0.027

Latent Class 1 Compared to Latent Class 3

 ETH1
    Category > 1       0.199      0.177      0.035      1.135
 ETH2
    Category > 1       0.084      0.053      0.024      0.289
 ETH3
    Category > 1       0.058      0.027      0.023      0.143
 ETH4
    Category > 1       0.079      0.031      0.037      0.169
 ETH5
    Category > 1       0.039      0.032      0.008      0.196

Latent Class 2 Compared to Latent Class 3

 ETH1
    Category > 1     133.155    101.561     29.862    593.747
 ETH2
    Category > 1     395.841    920.047      4.160  37669.562
 ETH3
    Category > 1       4.022      2.112      1.437     11.255
 ETH4
    Category > 1       1.752      0.993      0.577      5.321
 ETH5
    Category > 1       9.285      4.559      3.546     24.310


QUALITY OF NUMERICAL RESULTS

     Condition Number for the Information Matrix              0.756E-03
       (ratio of smallest to largest eigenvalue)


MODEL COMMAND WITH FINAL ESTIMATES USED AS STARTING VALUES

     %OVERALL%

     [ c#1*1.33943 ];
     [ c#2*-2.46208 ];

     %C#1%

     [ eth1$1*5.34067 ];
     [ eth2$1*4.98046 ];
     [ eth3$1*3.71444 ];
     [ eth4$1*2.30701 ];
     [ eth5$1*4.83903 ];

     %C#2%

     [ eth1$1*-1.16732 ];
     [ eth2$1*-3.47837 ];
     [ eth3$1*-0.53283 ];
     [ eth4$1*-0.78939 ];
     [ eth5$1*-0.64224 ];

     %C#3%

     [ eth1$1*3.72420 ];
     [ eth2$1*2.50264 ];
     [ eth3$1*0.85895 ];
     [ eth4$1*-0.22864 ];
     [ eth5$1*1.58617 ];



TECHNICAL 10 OUTPUT


     MODEL FIT INFORMATION FOR THE LATENT CLASS INDICATOR MODEL PART


     RESPONSE PATTERNS

     No.  Pattern    No.  Pattern    No.  Pattern    No.  Pattern
       1  00000        2  00001        3  00010        4  00011
       5  00100        6  00101        7  00110        8  00111
       9  01000       10  01001       11  01010       12  01011
      13  01100       14  01101       15  01110       16  01111
      17  10000       18  10001       19  10010       20  10110
      21  10111       22  11000       23  11001       24  11010
      25  11011       26  11100       27  11101       28  11110
      29  11111       30  000**       31  001**       32  00*00
      33  00*10       34  0*010       35  0*011       36  0000*
      37  000*0       38  001*0       39  100*0       40  00***
      41  00**0       42  0****


     RESPONSE PATTERN FREQUENCIES AND CHI-SQUARE CONTRIBUTIONS

    Response          Frequency     Standardized  Chi-square Contribution
     Pattern    Observed  Estimated   Residual    Pearson   Loglikelihood  Deleted
                                     (z-score)
         1      2042.55    2038.50       0.16       0.00         0.72
         2        42.78      42.46       0.05       0.00         0.18
         3       355.34     357.66      -0.12       0.01        -1.25
         4        30.73      35.95      -0.81       0.71        -7.37
         5       102.84     103.06      -0.02       0.00         0.66
         6        12.01      12.00       0.00       0.00         0.02
         7        76.99      75.83       0.13       0.01         4.03
         8        17.21      14.70       0.61       0.43         5.42
         9        24.15      24.48      -0.06       0.00        -0.99
        10         4.15       3.20       0.50       0.28         2.11
        11        17.81      16.04       0.41       0.19         3.52
        12         5.29       4.70       0.25       0.07         1.63
        13         4.95       5.72      -0.30       0.10        -1.49
        14         2.65       2.40       0.15       0.03         0.48
        15         4.69       7.54      -0.97       1.08        -4.52
        16         4.37       4.39      -0.01       0.00        -0.09
        17        11.87      12.40      -0.14       0.02        -0.78
        18         2.04       0.82       1.26       1.83         3.70
        19         6.42       5.06       0.56       0.36         3.18
        20         1.54       1.91      -0.25       0.07        -0.68
        21         1.26       0.67       0.67       0.52         1.58
        22         6.23       1.77       3.12      11.26        15.59
        23         2.11       2.79      -0.38       0.17        -1.22
        24         3.18       3.51      -0.16       0.03        -0.68
        25         2.90       6.09      -1.20       1.67        -4.35
        26         2.18       2.57      -0.23       0.06        -0.75
        27         1.99       4.69      -1.16       1.55        -3.44
        28         3.36       5.54      -0.86       0.86        -3.41
        29        16.27      10.30       1.73       3.47        14.65
        30         1.27       2.38      -1.94       0.00         0.00
        31         1.43       0.20       2.68       0.24         0.07
        32         1.70       3.43      -1.78       0.00         0.00
        33         2.80       0.69       2.55       0.03         0.02
        34         0.51       0.28       0.44       0.00         0.00
        35         1.58       0.03       8.33      -7.21        -0.26
        36         0.93       0.69       0.53       0.00         0.00
        37         5.81       5.82      -0.01       0.00         0.00
        38         0.68       0.43       0.36       0.01         0.02
        39         0.34       0.04       1.33       0.15         0.04
        40         1.43       1.37       0.24       0.00         0.00
        41         1.17       1.07       0.30       0.00         0.00
        42         1.51       1.48       0.17       0.00         0.00

     THE TOTAL PEARSON CHI-SQUARE CONTRIBUTION FROM EMPTY CELLS IS         3.12


     UNIVARIATE MODEL FIT INFORMATION

                               Estimated Probabilities
                                                  Standardized
     Variable              H1           H0          Residual
                                                   (z-score)
     ETH1
       Category 1        0.978        0.978           0.000
       Category 2        0.022        0.022           0.000
       Univariate Pearson Chi-Square                  0.000
       Univariate Log-Likelihood Chi-Square           0.000
     ETH2
       Category 1        0.962        0.962          -0.005
       Category 2        0.038        0.038           0.005
       Univariate Pearson Chi-Square                  0.000
       Univariate Log-Likelihood Chi-Square           0.000
     ETH3
       Category 1        0.910        0.910          -0.001
       Category 2        0.090        0.090           0.001
       Univariate Pearson Chi-Square                  0.000
       Univariate Log-Likelihood Chi-Square           0.000
     ETH4
       Category 1        0.804        0.804          -0.002
       Category 2        0.196        0.196           0.002
       Univariate Pearson Chi-Square                  0.000
       Univariate Log-Likelihood Chi-Square           0.000
     ETH5
       Category 1        0.948        0.948          -0.001
       Category 2        0.052        0.052           0.001
       Univariate Pearson Chi-Square                  0.000
       Univariate Log-Likelihood Chi-Square           0.000

       Overall Univariate Pearson Chi-Square                         0.000
       Overall Univariate Log-Likelihood Chi-Square                  0.000


     BIVARIATE MODEL FIT INFORMATION

                                              Estimated Probabilities
                                                                 Standardized
     Variable       Variable              H1           H0          Residual
                                                                  (z-score)
     ETH1           ETH2
       Category 1     Category 1        0.954        0.954           0.052
       Category 1     Category 2        0.024        0.024          -0.071
       Category 2     Category 1        0.008        0.009          -0.129
       Category 2     Category 2        0.013        0.013           0.104
       Bivariate Pearson Chi-Square                                  0.037
       Bivariate Log-Likelihood Chi-Square                           0.037
     ETH1           ETH3
       Category 1     Category 1        0.897        0.898          -0.079
       Category 1     Category 2        0.081        0.080           0.089
       Category 2     Category 1        0.012        0.012           0.219
       Category 2     Category 2        0.009        0.010          -0.241
       Bivariate Pearson Chi-Square                                  0.130
       Bivariate Log-Likelihood Chi-Square                           0.131
     ETH1           ETH4
       Category 1     Category 1        0.795        0.794           0.028
       Category 1     Category 2        0.184        0.184          -0.029
       Category 2     Category 1        0.009        0.010          -0.123
       Category 2     Category 2        0.012        0.012           0.110
       Bivariate Pearson Chi-Square                                  0.032
       Bivariate Log-Likelihood Chi-Square                           0.032
     ETH1           ETH5
       Category 1     Category 1        0.935        0.936          -0.032
       Category 1     Category 2        0.043        0.043           0.038
       Category 2     Category 1        0.012        0.012           0.069
       Category 2     Category 2        0.009        0.010          -0.078
       Bivariate Pearson Chi-Square                                  0.014
       Bivariate Log-Likelihood Chi-Square                           0.014
     ETH2           ETH3
       Category 1     Category 1        0.886        0.888          -0.169
       Category 1     Category 2        0.076        0.075           0.200
       Category 2     Category 1        0.023        0.022           0.360
       Category 2     Category 2        0.014        0.015          -0.425
       Bivariate Pearson Chi-Square                                  0.399
       Bivariate Log-Likelihood Chi-Square                           0.401
     ETH2           ETH4
       Category 1     Category 1        0.787        0.787          -0.021
       Category 1     Category 2        0.176        0.175           0.020
       Category 2     Category 1        0.017        0.017           0.062
       Category 2     Category 2        0.021        0.021          -0.050
       Bivariate Pearson Chi-Square                                  0.008
       Bivariate Log-Likelihood Chi-Square                           0.008
     ETH2           ETH5
       Category 1     Category 1        0.924        0.924           0.070
       Category 1     Category 2        0.038        0.038          -0.101
       Category 2     Category 1        0.024        0.024          -0.123
       Category 2     Category 2        0.014        0.014           0.169
       Bivariate Pearson Chi-Square                                  0.062
       Bivariate Log-Likelihood Chi-Square                           0.062
     ETH3           ETH4
       Category 1     Category 1        0.759        0.757           0.221
       Category 1     Category 2        0.151        0.153          -0.264
       Category 2     Category 1        0.045        0.047          -0.451
       Category 2     Category 2        0.045        0.043           0.472
       Bivariate Pearson Chi-Square                                  0.554
       Bivariate Log-Likelihood Chi-Square                           0.553
     ETH3           ETH5
       Category 1     Category 1        0.877        0.875           0.319
       Category 1     Category 2        0.032        0.035          -0.578
       Category 2     Category 1        0.070        0.073          -0.406
       Category 2     Category 2        0.020        0.018           0.803
       Bivariate Pearson Chi-Square                                  1.299
       Bivariate Log-Likelihood Chi-Square                           1.281
     ETH4           ETH5
       Category 1     Category 1        0.780        0.779           0.057
       Category 1     Category 2        0.024        0.024          -0.157
       Category 2     Category 1        0.168        0.168          -0.063
       Category 2     Category 2        0.028        0.028           0.148
       Bivariate Pearson Chi-Square                                  0.057
       Bivariate Log-Likelihood Chi-Square                           0.057

       Overall Bivariate Pearson Chi-Square                          2.592
       Overall Bivariate Log-Likelihood Chi-Square                   2.576


TECHNICAL 11 OUTPUT

     Random Starts Specifications for the k-1 Class Analysis Model
        Number of initial stage random starts                1000
        Number of final stage optimizations                   250



     VUONG-LO-MENDELL-RUBIN LIKELIHOOD RATIO TEST FOR 2 (H0) VERSUS 3 CLASSES

          H0 Loglikelihood Value                        -3298.089
          2 Times the Loglikelihood Difference             87.445
          Difference in the Number of Parameters                6
          Mean                                              8.058
          Standard Deviation                               20.080
          P-Value                                          0.0015

     LO-MENDELL-RUBIN ADJUSTED LRT TEST

          Value                                            85.649
          P-Value                                          0.0018


SAVEDATA INFORMATION


  Save file
    Prob_EST_ETHlca_C3cl3.dat

  Order and format of variables

    ETH1           F10.3
    ETH2           F10.3
    ETH3           F10.3
    ETH4           F10.3
    ETH5           F10.3
    CPROB1         F10.3
    CPROB2         F10.3
    CPROB3         F10.3
    C              F10.3
    WS             F10.3
    IDSTUD         I9
    ID_S           I4
    ID_J           I4

  Save file format
    10F10.3 I9 2I4

  Save file record length    10000

  Save missing symbol        *


     Beginning Time:  22:09:35
        Ending Time:  22:09:38
       Elapsed Time:  00:00:03



MUTHEN & MUTHEN
3463 Stoner Ave.
Los Angeles, CA  90066

Tel: (310) 391-9971
Fax: (310) 391-8971
Web: www.StatModel.com
Support: Support@StatModel.com

Copyright (c) 1998-2020 Muthen & Muthen
