Mplus VERSION 8.5 (Mac)
MUTHEN & MUTHEN
04/07/2021  10:10 PM

INPUT INSTRUCTIONS

  TITLE: LVAETH LCA - C3 with 1 classes;
  DATA:
  FILE = ETHDtaC3.dat;

  VARIABLE:
  NAMES = id_i
  id_j
  id_r
  id_s
  id_k
  wt
  ws
  ETH1
  ETH2
  ETH3
  ETH4
  ETH5
  IDSTUD;
  IDVARIABLE = IDSTUD;
  USEVARIABLES = ETH1
  ETH2
  ETH3
  ETH4
  ETH5;
  USEOBSERVATIONS ARE id_k EQ 9;
  CATEGORICAL = ETH1
  ETH2
  ETH3
  ETH4
  ETH5;
  MISSING = .;
  CLASSES = c(1);
  WEIGHT = ws;
  STRATIFICATION = id_s;
  CLUSTER = id_j;

  ANALYSIS:
  TYPE = COMPLEX MIXTURE;
  PROCESSORS = 4;
  STARTS = 1000 250;
  STITERATIONS = 20;
  STSEED = 288;

  MODEL:
  %OVERALL%

  OUTPUT:
  TECH10
  TECH11
  SVALUES
  ;

  SAVEDATA:
  FILE = Prob_LVA_ETHlca_C3cl1.dat;
  SAVE = CPROBABILITIES;



*** WARNING in VARIABLE command
  When a subpopulation is analyzed with TYPE=COMPLEX, standard errors
  may be incorrect.  Use the SUBPOPULATION option instead of the
  USEOBSERVATIONS option to obtain correct standard errors.
*** WARNING in OUTPUT command
  TECH11 option is not available for TYPE=MIXTURE with only one class.
  Request for TECH11 is ignored.
*** WARNING
  Data set contains cases with missing on all variables.
  These cases were not included in the analysis.
  Number of cases with missing on all variables:  82
   3 WARNING(S) FOUND IN THE INPUT INSTRUCTIONS



LVAETH LCA - C3 with 1 classes;

SUMMARY OF ANALYSIS

Number of groups                                                 1
Number of observations                                        3142

Number of dependent variables                                    5
Number of independent variables                                  0
Number of continuous latent variables                            0
Number of categorical latent variables                           1

Observed dependent variables

  Binary and ordered categorical (ordinal)
   ETH1        ETH2        ETH3        ETH4        ETH5

Categorical latent variables
   C

Variables with special functions

  Stratification        ID_S
  Cluster variable      ID_J
  Weight variable       WS
  ID variable           IDSTUD

Estimator                                                      MLR
Information matrix                                        OBSERVED
Optimization Specifications for the Quasi-Newton Algorithm for
Continuous Outcomes
  Maximum number of iterations                                 100
  Convergence criterion                                  0.100D-05
Optimization Specifications for the EM Algorithm
  Maximum number of iterations                                 500
  Convergence criteria
    Loglikelihood change                                 0.100D-06
    Relative loglikelihood change                        0.100D-06
    Derivative                                           0.100D-05
Optimization Specifications for the M step of the EM Algorithm for
Categorical Latent variables
  Number of M step iterations                                    1
  M step convergence criterion                           0.100D-05
  Basis for M step termination                           ITERATION
Optimization Specifications for the M step of the EM Algorithm for
Censored, Binary or Ordered Categorical (Ordinal), Unordered
Categorical (Nominal) and Count Outcomes
  Number of M step iterations                                    1
  M step convergence criterion                           0.100D-05
  Basis for M step termination                           ITERATION
  Maximum value for logit thresholds                            15
  Minimum value for logit thresholds                           -15
  Minimum expected cell size for chi-square              0.100D-01
Maximum number of iterations for H1                           2000
Convergence criterion for H1                             0.100D-03
Optimization algorithm                                         EMA
Random Starts Specifications
  Number of initial stage random starts                       1000
  Number of final stage optimizations                          250
  Number of initial stage iterations                            20
  Initial stage convergence criterion                    0.100D+01
  Random starts scale                                    0.500D+01
  Random seed for generating random starts                     288
Link                                                         LOGIT

Input data file(s)
  ETHDtaC3.dat
Input data format  FREE


SUMMARY OF DATA

     Number of missing data patterns            12
     Number of y missing data patterns           0
     Number of u missing data patterns          12
     Number of strata                           75
     Number of clusters                        147


COVARIANCE COVERAGE OF DATA

Minimum covariance coverage value   0.100


     PROPORTION OF DATA PRESENT FOR U


           Covariance Coverage
              ETH1          ETH2          ETH3          ETH4          ETH5
              ________      ________      ________      ________      ________
 ETH1           0.998
 ETH2           0.995         0.996
 ETH3           0.995         0.993         0.997
 ETH4           0.989         0.988         0.989         0.991
 ETH5           0.995         0.994         0.995         0.990         0.997


UNIVARIATE PROPORTIONS AND COUNTS FOR CATEGORICAL VARIABLES

    ETH1
      Category 1    0.953         2988.970
      Category 2    0.047          146.609
    ETH2
      Category 1    0.923         2891.896
      Category 2    0.077          240.162
    ETH3
      Category 1    0.877         2746.162
      Category 2    0.123          386.278
    ETH4
      Category 1    0.605         1887.195
      Category 2    0.395         1231.027
    ETH5
      Category 1    0.889         2786.063
      Category 2    0.111          348.056


RANDOM STARTS RESULTS RANKED FROM THE BEST TO THE WORST LOGLIKELIHOOD VALUES

Final stage loglikelihood values at local maxima, seeds, and initial stage start numbers:

           -5794.275  255481           751
           -5794.275  729705           501
           -5794.275  158964           251
           -5794.275  unperturbed      0
           -5794.275  609201           3
           -5794.275  514978           7
           -5794.275  829916           15
           -5794.275  208289           31
           -5794.275  703404           63
           -5794.275  267441           127
           -5794.275  730563           128
           -5794.275  38078            64
           -5794.275  719428           129
           -5794.275  794864           130
           -5794.275  555689           32
           -5794.275  587107           65
           -5794.275  742602           131
           -5794.275  943264           132
           -5794.275  654184           66
           -5794.275  106293           133
           -5794.275  536337           134
           -5794.275  615751           16
           -5794.275  365939           33
           -5794.275  15050            67
           -5794.275  257000           135
           -5794.275  363526           136
           -5794.275  977786           68
           -5794.275  319498           137
           -5794.275  462004           138
           -5794.275  901673           34
           -5794.275  425103           69
           -5794.275  710841           139
           -5794.275  965671           140
           -5794.275  412035           70
           -5794.275  993659           141
           -5794.275  667357           142
           -5794.275  578065           8
           -5794.275  867952           17
           -5794.275  3314             35
           -5794.275  775133           71
           -5794.275  699343           143
           -5794.275  256224           144
           -5794.275  90128            72
           -5794.275  328890           145
           -5794.275  701157           146
           -5794.275  47928            36
           -5794.275  241342           73
           -5794.275  767001           147
           -5794.275  112959           148
           -5794.275  960487           74
           -5794.275  545226           149
           -5794.275  751299           150
           -5794.275  339904           18
           -5794.275  316890           37
           -5794.275  219014           75
           -5794.275  739223           151
           -5794.275  722666           152
           -5794.275  613990           76
           -5794.275  107578           153
           -5794.275  353096           154
           -5794.275  126667           38
           -5794.275  341151           77
           -5794.275  572149           155
           -5794.275  509819           156
           -5794.275  104144           78
           -5794.275  704750           1
           -5794.275  761649           512
           -5794.275  480214           256
           -5794.275  16924            513
           -5794.275  998022           514
           -5794.275  18598            257
           -5794.275  564698           515
           -5794.275  776360           516
           -5794.275  148293           258
           -5794.275  440588           517
           -5794.275  825343           518
           -5794.275  563703           259
           -5794.275  139726           519
           -5794.275  690502           520
           -5794.275  949814           260
           -5794.275  642399           521
           -5794.275  72800            522
           -5794.275  424344           261
           -5794.275  212295           523
           -5794.275  328337           524
           -5794.275  568707           262
           -5794.275  21190            525
           -5794.275  237882           526
           -5794.275  256261           263
           -5794.275  298512           527
           -5794.275  723752           528
           -5794.275  369771           264
           -5794.275  41136            529
           -5794.275  384138           530
           -5794.275  683344           265
           -5794.275  26859            531
           -5794.275  838073           532
           -5794.275  499903           266
           -5794.275  289713           533
           -5794.275  75864            534
           -5794.275  83824            267
           -5794.275  712313           535
           -5794.275  798276           536
           -5794.275  372786           268
           -5794.275  449914           537
           -5794.275  746499           538
           -5794.275  755225           269
           -5794.275  442141           539
           -5794.275  102664           540
           -5794.275  508005           270
           -5794.275  850201           541
           -5794.275  332221           542
           -5794.275  655232           271
           -5794.275  124010           543
           -5794.275  648136           544
           -5794.275  941180           272
           -5794.275  985923           545
           -5794.275  488184           546
           -5794.275  385729           273
           -5794.275  637758           547
           -5794.275  986007           548
           -5794.275  863129           274
           -5794.275  509856           549
           -5794.275  702720           550
           -5794.275  811896           275
           -5794.275  732345           551
           -5794.275  214082           552
           -5794.275  566609           276
           -5794.275  55657            553
           -5794.275  141596           554
           -5794.275  626683           277
           -5794.275  835969           555
           -5794.275  699749           556
           -5794.275  183675           278
           -5794.275  453466           557
           -5794.275  18935            558
           -5794.275  619016           279
           -5794.275  217522           559
           -5794.275  912118           560
           -5794.275  163252           280
           -5794.275  95624            561
           -5794.275  607682           562
           -5794.275  926166           281
           -5794.275  999536           563
           -5794.275  438247           564
           -5794.275  782833           282
           -5794.275  947186           565
           -5794.275  756060           566
           -5794.275  519601           283
           -5794.275  566415           567
           -5794.275  812961           568
           -5794.275  16555            284
           -5794.275  551927           569
           -5794.275  379997           570
           -5794.275  634855           285
           -5794.275  149951           571
           -5794.275  499068           572
           -5794.275  74848            286
           -5794.275  988355           287
           -5794.275  73135            288
           -5794.275  571411           289
           -5794.275  126060           290
           -5794.275  741061           291
           -5794.275  819229           292
           -5794.275  438785           293
           -5794.275  819256           294
           -5794.275  967159           295
           -5794.275  538895           296
           -5794.275  691572           297
           -5794.275  250285           298
           -5794.275  792123           299
           -5794.275  125480           300
           -5794.275  749139           301
           -5794.275  499805           302
           -5794.275  624641           303
           -5794.275  646105           304
           -5794.275  799031           305
           -5794.275  315906           306
           -5794.275  533600           307
           -5794.275  829106           308
           -5794.275  730821           309
           -5794.275  173363           310
           -5794.275  230316           311
           -5794.275  800324           312
           -5794.275  295469           313
           -5794.275  692037           314
           -5794.275  270775           315
           -5794.275  496516           316
           -5794.275  589343           317
           -5794.275  918761           752
           -5794.275  611976           753
           -5794.275  122886           754
           -5794.275  881525           755
           -5794.275  821515           756
           -5794.275  566431           757
           -5794.275  674140           758
           -5794.275  14811            759
           -5794.275  546573           760
           -5794.275  823689           761
           -5794.275  620988           762
           -5794.275  247529           763
           -5794.275  681430           764
           -5794.275  253296           765
           -5794.275  321542           798
           -5794.275  755901           766
           -5794.275  981654           767
           -5794.275  552185           768
           -5794.275  547800           794
           -5794.275  333225           769
           -5794.275  562941           770
           -5794.275  589517           771
           -5794.275  100746           790
           -5794.275  678354           772
           -5794.275  695057           773
           -5794.275  846815           774
           -5794.275  8288             775
           -5794.275  441498           776
           -5794.275  468128           777
           -5794.275  798349           778
           -5794.275  550795           779
           -5794.275  29396            780
           -5794.275  632977           781
           -5794.275  601889           782
           -5794.275  649711           783
           -5794.275  761359           784
           -5794.275  227359           785
           -5794.275  264995           786
           -5794.275  757210           787
           -5794.275  866003           788
           -5794.275  289707           789
           -5794.275  125680           791
           -5794.275  425585           792
           -5794.275  821522           793
           -5794.275  58768            795
           -5794.275  293837           796
           -5794.275  282015           797
           -5794.275  223897           799
           -5794.275  95515            800
           -5794.275  527001           801
           -5794.275  532887           942
           -5794.275  520022           950
           -5794.275  116127           954
           -5794.275  619259           958
           -5794.275  155404           966
           -5794.275  269627           970
           -5794.275  657384           974
           -5794.275  807691           982
           -5794.275  544679           986
           -5794.275  805589           990
           -5794.275  395024           998



     WARNING:  THE VARIANCE CONTRIBUTION FROM A STRATUM WITH A SINGLE CLUSTER
     (PSU) IS BASED ON THE DIFFERENCE BETWEEN THE SINGLE CLUSTER VALUE AND
     THE OVERALL CLUSTER MEAN.


THE MODEL ESTIMATION TERMINATED NORMALLY



MODEL FIT INFORMATION

Number of Free Parameters                        5

Loglikelihood

          H0 Value                       -5794.275
          H0 Scaling Correction Factor      1.4960
            for MLR

Information Criteria

          Akaike (AIC)                   11598.549
          Bayesian (BIC)                 11628.812
          Sample-Size Adjusted BIC       11612.925
            (n* = (n + 2) / 24)

Chi-Square Test of Model Fit for the Binary and Ordered Categorical
(Ordinal) Outcomes**

          Pearson Chi-Square

          Value                            596.413
          Degrees of Freedom                    24
          P-Value                           0.0000

          Likelihood Ratio Chi-Square

          Value                            156.659
          Degrees of Freedom                    24
          P-Value                           0.0000

** Of the 142 cells in the latent class indicator table, 2
   were deleted in the calculation of chi-square due to extreme values.

Chi-Square Test for MCAR under the Unrestricted Latent Class Indicator Model

          Pearson Chi-Square

          Value                            122.839
          Degrees of Freedom                    99
          P-Value                           0.0525

          Likelihood Ratio Chi-Square

          Value                             45.706
          Degrees of Freedom                    99
          P-Value                           1.0000



FINAL CLASS COUNTS AND PROPORTIONS FOR THE LATENT CLASSES
BASED ON THE ESTIMATED MODEL

    Latent
   Classes

       1       3142.00000          1.00000


FINAL CLASS COUNTS AND PROPORTIONS FOR THE LATENT CLASSES
BASED ON ESTIMATED POSTERIOR PROBABILITIES

    Latent
   Classes

       1       3142.00000          1.00000


FINAL CLASS COUNTS AND PROPORTIONS FOR THE LATENT CLASSES
BASED ON THEIR MOST LIKELY LATENT CLASS MEMBERSHIP

Class Counts and Proportions

    Latent
   Classes

       1             3142          1.00000


Average Latent Class Probabilities for Most Likely Latent Class Membership (Row)
by Latent Class (Column)

           1

    1   1.000


Classification Probabilities for the Most Likely Latent Class Membership (Column)
by Latent Class (Row)

           1

    1   1.000


Logits for the Classification Probabilities for the Most Likely Latent Class Membership (Column)
by Latent Class (Row)

              1

    1      0.000


MODEL RESULTS

                                                    Two-Tailed
                    Estimate       S.E.  Est./S.E.    P-Value

Latent Class 1

 Thresholds
    ETH1$1             3.015      0.104     29.094      0.000
    ETH2$1             2.488      0.075     33.213      0.000
    ETH3$1             1.961      0.067     29.294      0.000
    ETH4$1             0.427      0.045      9.406      0.000
    ETH5$1             2.080      0.074     28.232      0.000


RESULTS IN PROBABILITY SCALE

Latent Class 1

 ETH1
    Category 1         0.953      0.005    206.388      0.000
    Category 2         0.047      0.005     10.123      0.000
 ETH2
    Category 1         0.923      0.005    174.069      0.000
    Category 2         0.077      0.005     14.456      0.000
 ETH3
    Category 1         0.877      0.007    121.115      0.000
    Category 2         0.123      0.007     17.036      0.000
 ETH4
    Category 1         0.605      0.011     55.768      0.000
    Category 2         0.395      0.011     36.378      0.000
 ETH5
    Category 1         0.889      0.007    122.217      0.000
    Category 2         0.111      0.007     15.268      0.000


QUALITY OF NUMERICAL RESULTS

     Condition Number for the Information Matrix              0.188E+00
       (ratio of smallest to largest eigenvalue)


MODEL COMMAND WITH FINAL ESTIMATES USED AS STARTING VALUES

     %OVERALL%

     %C#1%

     [ eth1$1*3.01491 ];
     [ eth2$1*2.48835 ];
     [ eth3$1*1.96140 ];
     [ eth4$1*0.42724 ];
     [ eth5$1*2.08002 ];



TECHNICAL 10 OUTPUT


     MODEL FIT INFORMATION FOR THE LATENT CLASS INDICATOR MODEL PART


     RESPONSE PATTERNS

     No.  Pattern    No.  Pattern    No.  Pattern    No.  Pattern
       1  00000        2  00001        3  00010        4  00011
       5  00100        6  00101        7  00110        8  00111
       9  01000       10  01001       11  01010       12  01011
      13  01100       14  01101       15  01110       16  01111
      17  10000       18  10001       19  10010       20  10011
      21  10100       22  10101       23  10110       24  10111
      25  11000       26  11001       27  11010       28  11011
      29  11100       30  11101       31  11110       32  11111
      33  0*000       34  0*010       35  0*101       36  1*010
      37  1*110       38  00***       39  000*0       40  001*0
      41  010*0       42  100*1       43  0****       44  *0001
      45  *0010       46  *1100       47  *1111       48  000**
      49  00*00       50  00*10       51  **0*0       52  0000*
      53  0001*       54  1111*       55  **11*       56  00**0



     RESPONSE PATTERN FREQUENCIES AND CHI-SQUARE CONTRIBUTIONS

    Response          Frequency     Standardized  Chi-square Contribution
     Pattern    Observed  Estimated   Residual    Pearson   Loglikelihood  Deleted
                                     (z-score)
         1      1569.79    1286.46       9.63      62.40       195.42
         2        74.89     160.71      -6.49      45.83      -113.83
         3       792.30     839.17      -1.77       2.62       -92.89
         4        85.94     104.83      -1.75       3.39       -36.13
         5        90.81     180.96      -6.44      44.90      -126.09
         6        36.24      22.61       2.68       8.22        34.27
         7       123.99     118.04       0.52       0.30        11.88
         8        29.13      14.75       3.50      14.02        39.16
         9        31.19     106.84      -6.95      53.56       -76.16
        10        13.99      13.35       0.16       0.03         0.94
        11        61.54      69.69      -0.92       0.95       -14.11
        12        17.74       8.71       2.86       9.37        24.79
        13         9.05      15.03      -1.44       2.37        -8.78
        14         7.35       1.88       3.72      15.93        20.06
        15         8.84       9.80      -0.29       0.09        -1.97
        16         4.04       1.22       2.37       6.46         9.77
        17        12.07      63.10      -6.05      41.28       -40.25
        18         5.18       7.88      -0.90       0.80        -2.73
        19        13.73      41.16      -4.01      18.28       -29.70
        20         7.09       5.14       0.80       0.60         6.51
        21         5.73       8.88      -0.99       1.11        -5.17
        22         4.36       1.11       2.88       9.54        11.82
        23         7.76       5.79       0.76       0.64         5.44
        24         4.12       0.72       3.73      15.98        14.28
        25         9.08       5.24       1.57       2.81         9.74
        26         2.40       0.65       2.01       4.66         6.18
        27        11.38       3.42       4.02      18.54        27.70
        28        10.43       0.43       9.33     100.00        66.39
        29         2.76       0.74       2.20       5.56         7.42
        30         2.09       0.09       6.15      43.44        13.01
        31         5.87       0.48       7.26      60.46        30.30
        32        38.06       0.06       9.33      99.95       202.66
        33         2.78       2.76       0.01      -0.05         0.77
        34         1.09       1.80      -0.59       0.07        -0.14
        35         0.62       0.05       2.44       3.48         0.72
        36         0.71       0.09       1.95      -4.17        -0.79
        37         0.95       0.01       7.84      41.22         1.60
        38         0.24       0.21       0.17       0.00         0.01
        39        10.96      11.02      -0.03      -0.13         2.28
        40         1.08       1.55      -0.37       0.14        -0.72
        41         2.00       0.92       1.09      -3.43        -2.53
        42         2.02       0.07       7.04       4.99         0.35
        43         1.70       1.62       0.27       0.00         0.00
        44         1.24       0.24       1.99      -6.93        -1.81
        45         1.53       1.23       0.30      -0.07        -0.27
        46         0.42       0.02       2.54      -2.50        -0.23
        47         1.13       0.00       9.33      81.28         7.94      DELETED
        48         2.94       2.26       0.87       0.07         0.31
        49         4.49       2.75       1.35       0.48         1.10
        50         1.32       1.79      -0.40       0.03        -0.12
        51         1.03       0.80       0.50       0.02         0.07
        52         0.66       0.91      -0.33      -0.06         0.17
        53         0.47       0.59      -0.17       0.01        -0.07
        54         0.81       0.00       9.33      78.93         7.15      DELETED
        55         1.07       0.05       4.27       7.14         0.84
        56         1.81       1.42       0.66       0.05         0.22

     THE TOTAL PEARSON CHI-SQUARE CONTRIBUTION FROM EMPTY CELLS IS         1.14


     UNIVARIATE MODEL FIT INFORMATION

                               Estimated Probabilities
                                                  Standardized
     Variable              H1           H0          Residual
                                                   (z-score)
     ETH1
       Category 1        0.953        0.953          -0.097
       Category 2        0.047        0.047           0.097
       Univariate Pearson Chi-Square                  0.011
       Univariate Log-Likelihood Chi-Square           0.011
     ETH2
       Category 1        0.923        0.923          -0.039
       Category 2        0.077        0.077           0.039
       Univariate Pearson Chi-Square                  0.002
       Univariate Log-Likelihood Chi-Square           0.002
     ETH3
       Category 1        0.877        0.877           0.020
       Category 2        0.123        0.123          -0.020
       Univariate Pearson Chi-Square                  0.000
       Univariate Log-Likelihood Chi-Square           0.000
     ETH4
       Category 1        0.605        0.605          -0.006
       Category 2        0.395        0.395           0.006
       Univariate Pearson Chi-Square                  0.000
       Univariate Log-Likelihood Chi-Square           0.000
     ETH5
       Category 1        0.889        0.889          -0.033
       Category 2        0.111        0.111           0.033
       Univariate Pearson Chi-Square                  0.001
       Univariate Log-Likelihood Chi-Square           0.001

       Overall Univariate Pearson Chi-Square                         0.014
       Overall Univariate Log-Likelihood Chi-Square                  0.014


     BIVARIATE MODEL FIT INFORMATION

                                              Estimated Probabilities
                                                                 Standardized
     Variable       Variable              H1           H0          Residual
                                                                  (z-score)
     ETH1           ETH2
       Category 1     Category 1        0.903        0.880           3.681
       Category 1     Category 2        0.050        0.073          -4.672
       Category 2     Category 1        0.020        0.043          -5.933
       Category 2     Category 2        0.027        0.004          20.519
       Bivariate Pearson Chi-Square                                545.995
       Bivariate Log-Likelihood Chi-Square                         272.383
     ETH1           ETH3
       Category 1     Category 1        0.853        0.836           2.468
       Category 1     Category 2        0.100        0.118          -2.904
       Category 2     Category 1        0.024        0.041          -4.579
       Category 2     Category 2        0.024        0.006          12.263
       Bivariate Pearson Chi-Square                                204.653
       Bivariate Log-Likelihood Chi-Square                         133.735
     ETH1           ETH4
       Category 1     Category 1        0.591        0.577           1.482
       Category 1     Category 2        0.362        0.376          -1.554
       Category 2     Category 1        0.014        0.028          -4.432
       Category 2     Category 2        0.033        0.018           5.613
       Bivariate Pearson Chi-Square                                 60.283
       Bivariate Log-Likelihood Chi-Square                          58.466
     ETH1           ETH5
       Category 1     Category 1        0.866        0.847           2.758
       Category 1     Category 2        0.086        0.106          -3.291
       Category 2     Category 1        0.022        0.042          -5.021
       Category 2     Category 2        0.025        0.005          14.231
       Bivariate Pearson Chi-Square                                271.799
       Bivariate Log-Likelihood Chi-Square                         166.654
     ETH2           ETH3
       Category 1     Category 1        0.826        0.809           2.174
       Category 1     Category 2        0.097        0.114          -2.720
       Category 2     Category 1        0.051        0.067          -3.382
       Category 2     Category 2        0.026        0.009           8.859
       Bivariate Pearson Chi-Square                                110.176
       Bivariate Log-Likelihood Chi-Square                          82.708
     ETH2           ETH4
       Category 1     Category 1        0.580        0.559           2.226
       Category 1     Category 2        0.343        0.365          -2.319
       Category 2     Category 1        0.025        0.046          -5.268
       Category 2     Category 2        0.052        0.030           6.529
       Bivariate Pearson Chi-Square                                 84.365
       Bivariate Log-Likelihood Chi-Square                          82.137
     ETH2           ETH5
       Category 1     Category 1        0.843        0.821           3.048
       Category 1     Category 2        0.080        0.103          -3.888
       Category 2     Category 1        0.046        0.068          -4.679
       Category 2     Category 2        0.031        0.009          12.948
       Bivariate Pearson Chi-Square                                232.008
       Bivariate Log-Likelihood Chi-Square                         157.970
     ETH3           ETH4
       Category 1     Category 1        0.554        0.531           2.469
       Category 1     Category 2        0.323        0.346          -2.576
       Category 2     Category 1        0.051        0.075          -4.698
       Category 2     Category 2        0.072        0.049           5.706
       Bivariate Pearson Chi-Square                                 67.352
       Bivariate Log-Likelihood Chi-Square                          65.736
     ETH3           ETH5
       Category 1     Category 1        0.806        0.779           3.410
       Category 1     Category 2        0.070        0.097          -4.748
       Category 2     Category 1        0.082        0.110          -4.560
       Category 2     Category 2        0.041        0.014          12.201
       Bivariate Pearson Chi-Square                                216.362
       Bivariate Log-Likelihood Chi-Square                         161.784
     ETH4           ETH5
       Category 1     Category 1        0.558        0.538           2.056
       Category 1     Category 2        0.048        0.067          -4.104
       Category 2     Category 1        0.331        0.351          -2.169
       Category 2     Category 2        0.064        0.044           5.069
       Bivariate Pearson Chi-Square                                 52.051
       Bivariate Log-Likelihood Chi-Square                          50.666

       Overall Bivariate Pearson Chi-Square                       1845.043
       Overall Bivariate Log-Likelihood Chi-Square                1232.238


SAVEDATA INFORMATION


  Save file
    Prob_LVA_ETHlca_C3cl1.dat

  Order and format of variables

    ETH1           F10.3
    ETH2           F10.3
    ETH3           F10.3
    ETH4           F10.3
    ETH5           F10.3
    CPROB1         F10.3
    C              F10.3
    WS             F10.3
    IDSTUD         I9
    ID_S           I5
    ID_J           I5

  Save file format
    8F10.3 I9 2I5

  Save file record length    10000

  Save missing symbol        *


     Beginning Time:  22:10:57
        Ending Time:  22:10:59
       Elapsed Time:  00:00:02



MUTHEN & MUTHEN
3463 Stoner Ave.
Los Angeles, CA  90066

Tel: (310) 391-9971
Fax: (310) 391-8971
Web: www.StatModel.com
Support: Support@StatModel.com

Copyright (c) 1998-2020 Muthen & Muthen
