Mplus VERSION 8.5 (Mac)
MUTHEN & MUTHEN
04/07/2021  10:09 PM

INPUT INSTRUCTIONS

  TITLE: ESTETH LCA - C3 with 2 classes;
  DATA:
  FILE = ETHDtaC3.dat;

  VARIABLE:
  NAMES = id_i
  id_j
  id_r
  id_s
  id_k
  wt
  ws
  ETH1
  ETH2
  ETH3
  ETH4
  ETH5
  IDSTUD;
  IDVARIABLE = IDSTUD;
  USEVARIABLES = ETH1
  ETH2
  ETH3
  ETH4
  ETH5;
  USEOBSERVATIONS ARE id_k EQ 4;
  CATEGORICAL = ETH1
  ETH2
  ETH3
  ETH4
  ETH5;
  MISSING = .;
  CLASSES = c(2);
  WEIGHT = ws;
  STRATIFICATION = id_s;
  CLUSTER = id_j;

  ANALYSIS:
  TYPE = COMPLEX MIXTURE;
  PROCESSORS = 4;
  STARTS = 1000 250;
  STITERATIONS = 20;
  STSEED = 288;

  MODEL:
  %OVERALL%

  OUTPUT:
  TECH10
  TECH11
  SVALUES
  ;

  SAVEDATA:
  FILE = Prob_EST_ETHlca_C3cl2.dat;
  SAVE = CPROBABILITIES;



*** WARNING in VARIABLE command
  When a subpopulation is analyzed with TYPE=COMPLEX, standard errors
  may be incorrect.  Use the SUBPOPULATION option instead of the
  USEOBSERVATIONS option to obtain correct standard errors.
*** WARNING
  Data set contains cases with missing on all variables.
  These cases were not included in the analysis.
  Number of cases with missing on all variables:  26
   2 WARNING(S) FOUND IN THE INPUT INSTRUCTIONS



ESTETH LCA - C3 with 2 classes;

SUMMARY OF ANALYSIS

Number of groups                                                 1
Number of observations                                        2831

Number of dependent variables                                    5
Number of independent variables                                  0
Number of continuous latent variables                            0
Number of categorical latent variables                           1

Observed dependent variables

  Binary and ordered categorical (ordinal)
   ETH1        ETH2        ETH3        ETH4        ETH5

Categorical latent variables
   C

Variables with special functions

  Stratification        ID_S
  Cluster variable      ID_J
  Weight variable       WS
  ID variable           IDSTUD

Estimator                                                      MLR
Information matrix                                        OBSERVED
Optimization Specifications for the Quasi-Newton Algorithm for
Continuous Outcomes
  Maximum number of iterations                                 100
  Convergence criterion                                  0.100D-05
Optimization Specifications for the EM Algorithm
  Maximum number of iterations                                 500
  Convergence criteria
    Loglikelihood change                                 0.100D-06
    Relative loglikelihood change                        0.100D-06
    Derivative                                           0.100D-05
Optimization Specifications for the M step of the EM Algorithm for
Categorical Latent variables
  Number of M step iterations                                    1
  M step convergence criterion                           0.100D-05
  Basis for M step termination                           ITERATION
Optimization Specifications for the M step of the EM Algorithm for
Censored, Binary or Ordered Categorical (Ordinal), Unordered
Categorical (Nominal) and Count Outcomes
  Number of M step iterations                                    1
  M step convergence criterion                           0.100D-05
  Basis for M step termination                           ITERATION
  Maximum value for logit thresholds                            15
  Minimum value for logit thresholds                           -15
  Minimum expected cell size for chi-square              0.100D-01
Maximum number of iterations for H1                           2000
Convergence criterion for H1                             0.100D-03
Optimization algorithm                                         EMA
Random Starts Specifications
  Number of initial stage random starts                       1000
  Number of final stage optimizations                          250
  Number of initial stage iterations                            20
  Initial stage convergence criterion                    0.100D+01
  Random starts scale                                    0.500D+01
  Random seed for generating random starts                     288
Link                                                         LOGIT

Input data file(s)
  ETHDtaC3.dat
Input data format  FREE


SUMMARY OF DATA

     Number of missing data patterns             9
     Number of y missing data patterns           0
     Number of u missing data patterns           9
     Number of strata                           75
     Number of clusters                        164


COVARIANCE COVERAGE OF DATA

Minimum covariance coverage value   0.100


     PROPORTION OF DATA PRESENT FOR U


           Covariance Coverage
              ETH1          ETH2          ETH3          ETH4          ETH5
              ________      ________      ________      ________      ________
 ETH1           1.000
 ETH2           0.999         0.999
 ETH3           0.997         0.996         0.997
 ETH4           0.995         0.994         0.993         0.995
 ETH5           0.998         0.997         0.996         0.995         0.998


UNIVARIATE PROPORTIONS AND COUNTS FOR CATEGORICAL VARIABLES

    ETH1
      Category 1    0.978         2769.327
      Category 2    0.022           61.673
    ETH2
      Category 1    0.962         2721.137
      Category 2    0.038          106.265
    ETH3
      Category 1    0.910         2567.965
      Category 2    0.090          254.419
    ETH4
      Category 1    0.804         2265.118
      Category 2    0.196          552.238
    ETH5
      Category 1    0.948         2677.085
      Category 2    0.052          147.337


RANDOM STARTS RESULTS RANKED FROM THE BEST TO THE WORST LOGLIKELIHOOD VALUES

Final stage loglikelihood values at local maxima, seeds, and initial stage start numbers:

           -3298.089  140611           860
           -3298.089  684094           580
           -3298.089  61593            432
           -3298.089  521345           326
           -3298.089  803294           244
           -3298.089  207159           493
           -3298.089  553464           113
           -3298.089  728622           648
           -3298.089  819229           292
           -3298.089  839088           250
           -3298.089  179221           721
           -3298.089  302729           649
           -3298.089  675795           956
           -3298.089  269127           185
           -3298.089  28265            112
           -3298.089  119272           388
           -3298.089  999536           563
           -3298.089  859326           476
           -3298.089  845484           687
           -3298.089  231734           333
           -3298.089  292986           382
           -3298.089  112959           148
           -3298.089  269627           970
           -3298.089  971300           813
           -3298.089  586412           638
           -3298.089  746482           80
           -3298.089  247466           56
           -3298.089  759317           180
           -3298.089  675509           906
           -3298.089  426024           330
           -3298.089  844715           603
           -3298.089  919611           405
           -3298.089  674652           601
           -3298.089  378526           99
           -3298.089  295469           313
           -3298.089  641878           115
           -3298.089  333225           769
           -3298.089  253296           765
           -3298.089  832928           615
           -3298.089  980669           652
           -3298.089  54334            852
           -3298.089  116127           954
           -3298.089  965429           724
           -3298.089  665179           374
           -3298.089  558819           667
           -3298.089  3314             35
           -3298.089  667357           142
           -3298.089  300562           171
           -3298.089  210174           733
           -3298.089  29396            780
           -3298.089  551927           569
           -3298.089  961659           864
           -3298.089  95624            561
           -3298.089  686460           347
           -3298.089  317406           637
           -3298.089  853945           415
           -3298.089  943173           216
           -3298.089  73755            470
           -3298.089  710314           248
           -3298.089  394905           223
           -3298.089  962924           344
           -3298.089  647619           843
           -3298.089  486428           671
           -3298.089  840324           396
           -3298.089  771889           866
           -3298.089  504895           506
           -3298.089  125641           204
           -3298.089  799519           989
           -3298.089  572149           155
           -3298.089  351401           904
           -3298.089  866578           222
           -3298.089  789068           174
           -3298.089  391260           183
           -3298.089  873183           809
           -3298.089  119252           943
           -3298.089  637266           670
           -3298.089  730563           128
           -3298.089  544442           387
           -3298.089  330482           461
           -3298.089  986227           24
           -3298.089  648136           544
           -3298.089  3693             391
           -3298.089  729170           117
           -3298.089  229344           916
           -3298.089  914220           902
           -3298.089  456200           880
           -3298.089  325994           748
           -3298.089  67434            878
           -3298.089  742884           233
           -3298.089  569703           246
           -3298.089  681430           764
           -3298.089  449753           665
           -3298.089  397629           873
           -3298.089  325774           336
           -3298.089  289940           934
           -3298.089  23083            221
           -3298.089  953866           508
           -3298.089  627003           381
           -3298.089  124010           543
           -3298.089  257000           135
           -3298.089  133726           623
           -3298.089  195287           494
           -3298.089  513056           385
           -3298.089  527001           801
           -3298.089  202454           812
           -3298.089  941180           272
           -3298.089  646105           304
           -3298.089  401359           609
           -3298.089  425653           643
           -3298.089  222182           214
           -3298.089  219014           75
           -3298.089  571411           289
           -3298.089  959921           961
           -3298.089  889701           681
           -3298.089  84384            893
           -3298.089  808818           46
           -3298.089  461967           392
           -3298.089  229006           675
           -3298.089  256863           802
           -3298.089  808317           109
           -3298.089  449017           361
           -3298.089  550421           504
           -3298.089  282015           797
           -3298.089  541841           879
           -3298.089  533600           307
           -3298.089  584076           497
           -3298.089  771482           178
           -3298.089  845314           106
           -3298.089  447449           500
           -3298.089  301247           355
           -3298.089  615741           588
           -3298.089  974013           841
           -3298.089  622880           337
           -3298.089  90128            72
           -3298.089  602610           203
           -3298.089  333457           840
           -3298.089  823689           761
           -3298.089  390827           631
           -3298.089  666759           404
           -3298.089  845817           820
           -3298.089  208289           31
           -3298.089  226263           830
           -3298.089  795921           967
           -3298.089  802116           48
           -3298.089  125680           791
           -3298.089  531681           845
           -3298.089  188329           716
           -3298.089  290638           666
           -3298.089  80124            965
           -3298.089  920957           62
           -3298.089  742602           131
           -3298.089  261715           458
           -3298.089  890198           417
           -3298.089  224744           658
           -3298.089  445012           686
           -3298.089  466571           421
           -3298.089  150234           593
           -3298.089  632351           688
           -3298.089  544679           986
           -3298.089  998022           514
           -3298.089  853915           161
           -3298.089  384930           486
           -3298.089  488534           375
           -3298.089  388346           938
           -3298.089  703404           63
           -3298.089  858588           621
           -3298.089  611763           126
           -3298.089  551884           626
           -3298.089  616518           448
           -3298.089  503835           43
           -3298.089  94439            635
           -3298.089  970403           507
           -3298.089  536406           976
           -3298.089  732743           929
           -3298.089  854348           827
           -3298.089  8288             775
           -3298.089  782637           338
           -3298.089  462497           983
           -3298.089  498139           229
           -3298.089  749139           301
           -3298.089  692137           430
           -3298.089  851486           342
           -3298.089  191045           25
           -3298.089  413797           386
           -3298.089  892206           245
           -3298.089  437999           335
           -3298.089  523738           186
           -3298.089  566431           757
           -3298.089  804806           254
           -3298.089  692130           727
           -3298.089  130856           647
           -3298.089  856808           157
           -3298.089  874199           872
           -3298.089  154351           1000
           -3298.089  491603           479
           -3298.089  52775            318
           -3298.089  27507            988
           -3298.089  619259           958
           -3298.089  396104           352
           -3298.089  270775           315
           -3298.089  884788           184
           -3298.089  61168            83
           -3298.089  754533           722
           -3298.089  920438           409
           -3298.089  328337           524
           -3298.089  766563           249
           -3298.089  217522           559
           -3298.089  943264           132
           -3298.089  452998           804
           -3298.089  723752           528
           -3298.089  307749           656
           -3298.089  26859            531
           -3298.089  792032           871
           -3298.089  233115           441
           -3298.089  701157           146
           -3298.089  619016           279
           -3298.089  536337           134
           -3298.089  375263           863
           -3298.089  241342           73
           -3298.089  618623           684
           -3298.089  583315           957
           -3298.089  302904           999
           -3298.089  756230           734
           -3298.089  215275           485
           -3298.089  85315            639
           -3298.089  752948           849
           -3298.089  993659           141
           -3298.089  446947           422
           -3298.089  563703           259
           -3298.089  649438           103
           -3298.089  975945           406
           -3298.089  14811            759
           -3298.089  827739           606
           -3298.089  440588           517
           -3298.089  566035           586
           -3298.089  148293           258
           -3298.089  687662           201
           -3298.089  782833           282
           -3298.089  711701           888
           -3298.089  773295           110
           -3298.089  390603           192
           -3298.089  773050           996
           -3298.089  16924            513
           -3298.089  983784           118
           -3298.089  256752           574
           -3298.089  831668           932
           -3298.089  533106           641
           -3298.089  102850           449
           -3298.089  55657            553
           -3298.089  589343           317



THE BEST LOGLIKELIHOOD VALUE HAS BEEN REPLICATED.  RERUN WITH AT LEAST TWICE THE
RANDOM STARTS TO CHECK THAT THE BEST LOGLIKELIHOOD IS STILL OBTAINED AND REPLICATED.


     WARNING:  THE VARIANCE CONTRIBUTION FROM A STRATUM WITH A SINGLE CLUSTER
     (PSU) IS BASED ON THE DIFFERENCE BETWEEN THE SINGLE CLUSTER VALUE AND
     THE OVERALL CLUSTER MEAN.


THE MODEL ESTIMATION TERMINATED NORMALLY



MODEL FIT INFORMATION

Number of Free Parameters                       11

Loglikelihood

          H0 Value                       -3298.089
          H0 Scaling Correction Factor      1.2562
            for MLR

Information Criteria

          Akaike (AIC)                    6618.177
          Bayesian (BIC)                  6683.610
          Sample-Size Adjusted BIC        6648.659
            (n* = (n + 2) / 24)

Chi-Square Test of Model Fit for the Binary and Ordered Categorical
(Ordinal) Outcomes

          Pearson Chi-Square

          Value                            132.467
          Degrees of Freedom                    20
          P-Value                           0.0000

          Likelihood Ratio Chi-Square

          Value                             94.500
          Degrees of Freedom                    20
          P-Value                           0.0000

Chi-Square Test for MCAR under the Unrestricted Latent Class Indicator Model

          Pearson Chi-Square

          Value                             91.907
          Degrees of Freedom                    78
          P-Value                           0.1343

          Likelihood Ratio Chi-Square

          Value                             24.927
          Degrees of Freedom                    78
          P-Value                           1.0000



FINAL CLASS COUNTS AND PROPORTIONS FOR THE LATENT CLASSES
BASED ON THE ESTIMATED MODEL

    Latent
   Classes

       1        251.93183          0.08899
       2       2579.06817          0.91101


FINAL CLASS COUNTS AND PROPORTIONS FOR THE LATENT CLASSES
BASED ON ESTIMATED POSTERIOR PROBABILITIES

    Latent
   Classes

       1        251.93183          0.08899
       2       2579.06817          0.91101


FINAL CLASS COUNTS AND PROPORTIONS FOR THE LATENT CLASSES
BASED ON THEIR MOST LIKELY LATENT CLASS MEMBERSHIP

Class Counts and Proportions

    Latent
   Classes

       1              232          0.08203
       2             2599          0.91797


CLASSIFICATION QUALITY

     Entropy                         0.828


Average Latent Class Probabilities for Most Likely Latent Class Membership (Row)
by Latent Class (Column)

           1        2

    1   0.801    0.199
    2   0.025    0.975


Classification Probabilities for the Most Likely Latent Class Membership (Column)
by Latent Class (Row)

           1        2

    1   0.738    0.262
    2   0.018    0.982


Logits for the Classification Probabilities for the Most Likely Latent Class Membership (Column)
by Latent Class (Row)

              1        2

    1      1.037    0.000
    2     -4.004    0.000


MODEL RESULTS

                                                    Two-Tailed
                    Estimate       S.E.  Est./S.E.    P-Value

Latent Class 1

 Thresholds
    ETH1$1             1.367      0.275      4.973      0.000
    ETH2$1             0.702      0.264      2.658      0.008
    ETH3$1            -0.033      0.222     -0.150      0.881
    ETH4$1            -0.910      0.218     -4.168      0.000
    ETH5$1             0.408      0.241      1.695      0.090

Latent Class 2

 Thresholds
    ETH1$1             5.498      0.443     12.407      0.000
    ETH2$1             4.699      0.282     16.635      0.000
    ETH3$1             2.960      0.150     19.729      0.000
    ETH4$1             1.770      0.074     23.764      0.000
    ETH5$1             3.984      0.200     19.934      0.000

Categorical Latent Variables

 Means
    C#1               -2.326      0.201    -11.597      0.000


RESULTS IN PROBABILITY SCALE

Latent Class 1

 ETH1
    Category 1         0.797      0.044     17.913      0.000
    Category 2         0.203      0.044      4.563      0.000
 ETH2
    Category 1         0.669      0.058     11.431      0.000
    Category 2         0.331      0.058      5.667      0.000
 ETH3
    Category 1         0.492      0.055      8.881      0.000
    Category 2         0.508      0.055      9.182      0.000
 ETH4
    Category 1         0.287      0.045      6.426      0.000
    Category 2         0.713      0.045     15.960      0.000
 ETH5
    Category 1         0.601      0.058     10.395      0.000
    Category 2         0.399      0.058      6.910      0.000

Latent Class 2

 ETH1
    Category 1         0.996      0.002    553.146      0.000
    Category 2         0.004      0.002      2.266      0.023
 ETH2
    Category 1         0.991      0.003    392.471      0.000
    Category 2         0.009      0.003      3.572      0.000
 ETH3
    Category 1         0.951      0.007    135.283      0.000
    Category 2         0.049      0.007      7.011      0.000
 ETH4
    Category 1         0.854      0.009     92.254      0.000
    Category 2         0.146      0.009     15.710      0.000
 ETH5
    Category 1         0.982      0.004    273.774      0.000
    Category 2         0.018      0.004      5.097      0.000


LATENT CLASS ODDS RATIO RESULTS

                                                95% C.I.
                    Estimate       S.E.  Lower 2.5% Upper 2.5%

Latent Class 1 Compared to Latent Class 2

 ETH1
    Category > 1      62.189     29.098     24.855    155.597
 ETH2
    Category > 1      54.468     23.100     23.721    125.066
 ETH3
    Category > 1      19.950      4.784     12.468     31.920
 ETH4
    Category > 1      14.584      3.338      9.312     22.840
 ETH5
    Category > 1      35.703      9.651     21.019     60.646


QUALITY OF NUMERICAL RESULTS

     Condition Number for the Information Matrix              0.181E-01
       (ratio of smallest to largest eigenvalue)


MODEL COMMAND WITH FINAL ESTIMATES USED AS STARTING VALUES

     %OVERALL%

     [ c#1*-2.32603 ];

     %C#1%

     [ eth1$1*1.36743 ];
     [ eth2$1*0.70167 ];
     [ eth3$1*-0.03326 ];
     [ eth4$1*-0.90969 ];
     [ eth5$1*0.40840 ];

     %C#2%

     [ eth1$1*5.49761 ];
     [ eth2$1*4.69928 ];
     [ eth3$1*2.95995 ];
     [ eth4$1*1.77023 ];
     [ eth5$1*3.98364 ];



TECHNICAL 10 OUTPUT


     MODEL FIT INFORMATION FOR THE LATENT CLASS INDICATOR MODEL PART


     RESPONSE PATTERNS

     No.  Pattern    No.  Pattern    No.  Pattern    No.  Pattern
       1  00000        2  00001        3  00010        4  00011
       5  00100        6  00101        7  00110        8  00111
       9  01000       10  01001       11  01010       12  01011
      13  01100       14  01101       15  01110       16  01111
      17  10000       18  10001       19  10010       20  10110
      21  10111       22  11000       23  11001       24  11010
      25  11011       26  11100       27  11101       28  11110
      29  11111       30  000**       31  001**       32  00*00
      33  00*10       34  0*010       35  0*011       36  0000*
      37  000*0       38  001*0       39  100*0       40  00***
      41  00**0       42  0****


     RESPONSE PATTERN FREQUENCIES AND CHI-SQUARE CONTRIBUTIONS

    Response          Frequency     Standardized  Chi-square Contribution
     Pattern    Observed  Estimated   Residual    Pearson   Loglikelihood  Deleted
                                     (z-score)
         1      2042.55    2026.16       0.64       0.13        25.50
         2        42.78      45.02      -0.31       0.11        -4.83
         3       355.34     371.17      -0.82       0.67       -27.60
         4        30.73      25.04       1.06       1.25        14.87
         5       102.84     116.09      -1.17       1.51       -23.83
         6        12.01       9.71       0.69       0.55         5.12
         7        76.99      46.78       4.14      19.49        78.41
         8        17.21      19.61      -0.51       0.29        -4.49
         9        24.15      23.94       0.04       0.00         0.08
        10         4.15       4.06       0.04       0.00         0.11
        11        17.81      17.03       0.18       0.03         1.39
        12         5.29       9.30      -1.22       1.72        -5.59
        13         4.95       6.74      -0.64       0.47        -3.12
        14         2.65       3.87      -0.57       0.38        -2.04
        15         4.69      14.54      -2.41       6.68       -10.68
        16         4.37       9.56      -1.56       2.82        -6.90
        17        11.87      11.13       0.21       0.05         1.78
        18         2.04       2.07      -0.02       0.00        -0.08
        19         6.42       8.55      -0.68       0.53        -3.55
        20         1.54       7.46      -2.02       4.70        -4.89
        21         1.26       4.91      -1.53       2.72        -3.45
        22         6.23       1.50       3.58      14.86        17.61
        23         2.11       0.95       1.10       1.41         3.33
        24         3.18       3.56      -0.19       0.04        -0.76
        25         2.90       2.36       0.33       0.13         1.16
        26         2.18       1.48       0.53       0.33         1.65
        27         1.99       0.98       0.95       1.04         2.79
        28         3.36       3.66      -0.15       0.02        -0.63
        29        16.27       2.43       8.24      78.61        61.56
        30         1.27       2.37      -1.91       0.00         0.00
        31         1.43       0.18       2.80       0.95         0.26
        32         1.70       3.43      -1.78       0.00         0.00
        33         2.80       0.67       2.62       0.43         0.22
        34         0.51       0.29       0.41      -0.02        -0.04
        35         1.58       0.03       9.08       7.90         0.27
        36         0.93       0.69       0.54       0.00         0.01
        37         5.81       5.82      -0.01       0.00        -0.01
        38         0.68       0.40       0.43       0.07         0.15
        39         0.34       0.05       1.23      -0.15        -0.04
        40         1.43       1.36       0.26       0.00         0.02
        41         1.17       1.07       0.31       0.00         0.02
        42         1.51       1.48       0.17       0.00         0.00

     THE TOTAL PEARSON CHI-SQUARE CONTRIBUTION FROM EMPTY CELLS IS        10.26


     UNIVARIATE MODEL FIT INFORMATION

                               Estimated Probabilities
                                                  Standardized
     Variable              H1           H0          Residual
                                                   (z-score)
     ETH1
       Category 1        0.978        0.978           0.000
       Category 2        0.022        0.022           0.000
       Univariate Pearson Chi-Square                  0.000
       Univariate Log-Likelihood Chi-Square           0.000
     ETH2
       Category 1        0.962        0.962           0.019
       Category 2        0.038        0.038          -0.019
       Univariate Pearson Chi-Square                  0.000
       Univariate Log-Likelihood Chi-Square           0.000
     ETH3
       Category 1        0.910        0.910          -0.012
       Category 2        0.090        0.090           0.012
       Univariate Pearson Chi-Square                  0.000
       Univariate Log-Likelihood Chi-Square           0.000
     ETH4
       Category 1        0.804        0.804          -0.009
       Category 2        0.196        0.196           0.009
       Univariate Pearson Chi-Square                  0.000
       Univariate Log-Likelihood Chi-Square           0.000
     ETH5
       Category 1        0.948        0.948           0.002
       Category 2        0.052        0.052          -0.002
       Univariate Pearson Chi-Square                  0.000
       Univariate Log-Likelihood Chi-Square           0.000

       Overall Univariate Pearson Chi-Square                         0.001
       Overall Univariate Log-Likelihood Chi-Square                  0.001


     BIVARIATE MODEL FIT INFORMATION

                                              Estimated Probabilities
                                                                 Standardized
     Variable       Variable              H1           H0          Residual
                                                                  (z-score)
     ETH1           ETH2
       Category 1     Category 1        0.954        0.947           1.659
       Category 1     Category 2        0.024        0.032          -2.130
       Category 2     Category 1        0.008        0.016          -2.967
       Category 2     Category 2        0.013        0.006           4.777
       Bivariate Pearson Chi-Square                                 41.550
       Bivariate Log-Likelihood Chi-Square                          37.216
     ETH1           ETH3
       Category 1     Category 1        0.897        0.897          -0.007
       Category 1     Category 2        0.081        0.081           0.007
       Category 2     Category 1        0.012        0.012          -0.013
       Category 2     Category 2        0.009        0.009           0.015
       Bivariate Pearson Chi-Square                                  0.000
       Bivariate Log-Likelihood Chi-Square                           0.000
     ETH1           ETH4
       Category 1     Category 1        0.795        0.796          -0.137
       Category 1     Category 2        0.184        0.183           0.143
       Category 2     Category 1        0.009        0.008           0.567
       Category 2     Category 2        0.012        0.013          -0.449
       Bivariate Pearson Chi-Square                                  0.622
       Bivariate Log-Likelihood Chi-Square                           0.614
     ETH1           ETH5
       Category 1     Category 1        0.935        0.933           0.418
       Category 1     Category 2        0.043        0.045          -0.503
       Category 2     Category 1        0.012        0.015          -0.869
       Category 2     Category 2        0.009        0.007           1.222
       Bivariate Pearson Chi-Square                                  2.873
       Bivariate Log-Likelihood Chi-Square                           2.777
     ETH2           ETH3
       Category 1     Category 1        0.886        0.888          -0.172
       Category 1     Category 2        0.076        0.075           0.220
       Category 2     Category 1        0.023        0.022           0.345
       Category 2     Category 2        0.014        0.015          -0.443
       Bivariate Pearson Chi-Square                                  0.414
       Bivariate Log-Likelihood Chi-Square                           0.417
     ETH2           ETH4
       Category 1     Category 1        0.787        0.789          -0.204
       Category 1     Category 2        0.176        0.174           0.230
       Category 2     Category 1        0.017        0.015           0.647
       Category 2     Category 2        0.021        0.022          -0.566
       Bivariate Pearson Chi-Square                                  0.900
       Bivariate Log-Likelihood Chi-Square                           0.894
     ETH2           ETH5
       Category 1     Category 1        0.924        0.922           0.419
       Category 1     Category 2        0.038        0.040          -0.553
       Category 2     Category 1        0.024        0.026          -0.706
       Category 2     Category 2        0.014        0.012           0.998
       Bivariate Pearson Chi-Square                                  2.057
       Bivariate Log-Likelihood Chi-Square                           2.017
     ETH3           ETH4
       Category 1     Category 1        0.759        0.753           0.692
       Category 1     Category 2        0.151        0.157          -0.829
       Category 2     Category 1        0.045        0.051          -1.368
       Category 2     Category 2        0.045        0.039           1.582
       Bivariate Pearson Chi-Square                                  5.649
       Bivariate Log-Likelihood Chi-Square                           5.607
     ETH3           ETH5
       Category 1     Category 1        0.877        0.877           0.125
       Category 1     Category 2        0.032        0.033          -0.249
       Category 2     Category 1        0.070        0.071          -0.159
       Category 2     Category 2        0.020        0.019           0.326
       Bivariate Pearson Chi-Square                                  0.219
       Bivariate Log-Likelihood Chi-Square                           0.218
     ETH4           ETH5
       Category 1     Category 1        0.780        0.780           0.044
       Category 1     Category 2        0.024        0.024          -0.141
       Category 2     Category 1        0.168        0.168          -0.048
       Category 2     Category 2        0.028        0.028           0.130
       Bivariate Pearson Chi-Square                                  0.044
       Bivariate Log-Likelihood Chi-Square                           0.044

       Overall Bivariate Pearson Chi-Square                         54.329
       Overall Bivariate Log-Likelihood Chi-Square                  49.805


TECHNICAL 11 OUTPUT

     Random Starts Specifications for the k-1 Class Analysis Model
        Number of initial stage random starts                1000
        Number of final stage optimizations                   250



     VUONG-LO-MENDELL-RUBIN LIKELIHOOD RATIO TEST FOR 1 (H0) VERSUS 2 CLASSES

          H0 Loglikelihood Value                        -3577.380
          2 Times the Loglikelihood Difference            558.582
          Difference in the Number of Parameters                6
          Mean                                              6.459
          Standard Deviation                               22.595
          P-Value                                          0.0000

     LO-MENDELL-RUBIN ADJUSTED LRT TEST

          Value                                           547.110
          P-Value                                          0.0000


SAVEDATA INFORMATION


  Save file
    Prob_EST_ETHlca_C3cl2.dat

  Order and format of variables

    ETH1           F10.3
    ETH2           F10.3
    ETH3           F10.3
    ETH4           F10.3
    ETH5           F10.3
    CPROB1         F10.3
    CPROB2         F10.3
    C              F10.3
    WS             F10.3
    IDSTUD         I9
    ID_S           I4
    ID_J           I4

  Save file format
    9F10.3 I9 2I4

  Save file record length    10000

  Save missing symbol        *


     Beginning Time:  22:09:33
        Ending Time:  22:09:35
       Elapsed Time:  00:00:02



MUTHEN & MUTHEN
3463 Stoner Ave.
Los Angeles, CA  90066

Tel: (310) 391-9971
Fax: (310) 391-8971
Web: www.StatModel.com
Support: Support@StatModel.com

Copyright (c) 1998-2020 Muthen & Muthen
