Mplus VERSION 8.5 (Mac)
MUTHEN & MUTHEN
04/07/2021  10:08 PM

INPUT INSTRUCTIONS

  TITLE: BFLETH LCA - C3 with 3 classes;
  DATA:
  FILE = ETHDtaC3.dat;

  VARIABLE:
  NAMES = id_i
  id_j
  id_r
  id_s
  id_k
  wt
  ws
  ETH1
  ETH2
  ETH3
  ETH4
  ETH5
  IDSTUD;
  IDVARIABLE = IDSTUD;
  USEVARIABLES = ETH1
  ETH2
  ETH3
  ETH4
  ETH5;
  USEOBSERVATIONS ARE id_k EQ 1;
  CATEGORICAL = ETH1
  ETH2
  ETH3
  ETH4
  ETH5;
  MISSING = .;
  CLASSES = c(3);
  WEIGHT = ws;
  STRATIFICATION = id_s;
  CLUSTER = id_j;

  ANALYSIS:
  TYPE = COMPLEX MIXTURE;
  PROCESSORS = 4;
  STARTS = 1000 250;
  STITERATIONS = 20;
  STSEED = 288;

  MODEL:
  %OVERALL%

  OUTPUT:
  TECH10
  TECH11
  SVALUES
  ;

  SAVEDATA:
  FILE = Prob_BFL_ETHlca_C3cl3.dat;
  SAVE = CPROBABILITIES;



*** WARNING in VARIABLE command
  When a subpopulation is analyzed with TYPE=COMPLEX, standard errors
  may be incorrect.  Use the SUBPOPULATION option instead of the
  USEOBSERVATIONS option to obtain correct standard errors.
*** WARNING
  Data set contains cases with missing on all variables.
  These cases were not included in the analysis.
  Number of cases with missing on all variables:  33
   2 WARNING(S) FOUND IN THE INPUT INSTRUCTIONS



BFLETH LCA - C3 with 3 classes;

SUMMARY OF ANALYSIS

Number of groups                                                 1
Number of observations                                        2898

Number of dependent variables                                    5
Number of independent variables                                  0
Number of continuous latent variables                            0
Number of categorical latent variables                           1

Observed dependent variables

  Binary and ordered categorical (ordinal)
   ETH1        ETH2        ETH3        ETH4        ETH5

Categorical latent variables
   C

Variables with special functions

  Stratification        ID_S
  Cluster variable      ID_J
  Weight variable       WS
  ID variable           IDSTUD

Estimator                                                      MLR
Information matrix                                        OBSERVED
Optimization Specifications for the Quasi-Newton Algorithm for
Continuous Outcomes
  Maximum number of iterations                                 100
  Convergence criterion                                  0.100D-05
Optimization Specifications for the EM Algorithm
  Maximum number of iterations                                 500
  Convergence criteria
    Loglikelihood change                                 0.100D-06
    Relative loglikelihood change                        0.100D-06
    Derivative                                           0.100D-05
Optimization Specifications for the M step of the EM Algorithm for
Categorical Latent variables
  Number of M step iterations                                    1
  M step convergence criterion                           0.100D-05
  Basis for M step termination                           ITERATION
Optimization Specifications for the M step of the EM Algorithm for
Censored, Binary or Ordered Categorical (Ordinal), Unordered
Categorical (Nominal) and Count Outcomes
  Number of M step iterations                                    1
  M step convergence criterion                           0.100D-05
  Basis for M step termination                           ITERATION
  Maximum value for logit thresholds                            15
  Minimum value for logit thresholds                           -15
  Minimum expected cell size for chi-square              0.100D-01
Maximum number of iterations for H1                           2000
Convergence criterion for H1                             0.100D-03
Optimization algorithm                                         EMA
Random Starts Specifications
  Number of initial stage random starts                       1000
  Number of final stage optimizations                          250
  Number of initial stage iterations                            20
  Initial stage convergence criterion                    0.100D+01
  Random starts scale                                    0.500D+01
  Random seed for generating random starts                     288
Link                                                         LOGIT

Input data file(s)
  ETHDtaC3.dat
Input data format  FREE


SUMMARY OF DATA

     Number of missing data patterns            10
     Number of y missing data patterns           0
     Number of u missing data patterns          10
     Number of strata                           75
     Number of clusters                        162


COVARIANCE COVERAGE OF DATA

Minimum covariance coverage value   0.100


     PROPORTION OF DATA PRESENT FOR U


           Covariance Coverage
              ETH1          ETH2          ETH3          ETH4          ETH5
              ________      ________      ________      ________      ________
 ETH1           0.997
 ETH2           0.996         0.998
 ETH3           0.994         0.996         0.997
 ETH4           0.994         0.994         0.993         0.996
 ETH5           0.996         0.997         0.995         0.994         0.998


UNIVARIATE PROPORTIONS AND COUNTS FOR CATEGORICAL VARIABLES

    ETH1
      Category 1    0.966         2789.778
      Category 2    0.034           97.423
    ETH2
      Category 1    0.958         2771.464
      Category 2    0.042          122.600
    ETH3
      Category 1    0.927         2677.849
      Category 2    0.073          211.246
    ETH4
      Category 1    0.644         1859.030
      Category 2    0.356         1025.922
    ETH5
      Category 1    0.927         2680.610
      Category 2    0.073          210.583


RANDOM STARTS RESULTS RANKED FROM THE BEST TO THE WORST LOGLIKELIHOOD VALUES

Final stage loglikelihood values at local maxima, seeds, and initial stage start numbers:

           -4019.027  859868           243
           -4019.027  825343           518
           -4019.027  119272           388
           -4019.027  339663           951
           -4019.027  596788           987
           -4019.027  149951           571
           -4019.027  866003           788
           -4019.027  910774           698
           -4019.027  112959           148
           -4019.027  529504           13
           -4019.027  445012           686
           -4019.027  223897           799
           -4019.027  620988           762
           -4019.027  513056           385
           -4019.027  839069           885
           -4019.027  325994           748
           -4019.027  52775            318
           -4019.027  957051           194
           -4019.027  125480           300
           -4019.027  756230           734
           -4019.027  289940           934
           -4019.027  216144           158
           -4019.027  811896           275
           -4019.027  394905           223
           -4019.027  674140           758
           -4019.027  532887           942
           -4019.027  155404           966
           -4019.027  695057           773
           -4019.027  496516           316
           -4019.027  782637           338
           -4019.027  718759           582
           -4019.027  846206           744
           -4019.027  790562           348
           -4019.027  596950           160
           -4019.027  551927           569
           -4019.027  201485           44
           -4019.027  58768            795
           -4019.027  622880           337
           -4019.027  452998           804
           -4019.027  665251           907
           -4019.027  425103           69
           -4019.027  494022           377
           -4019.027  749058           704
           -4019.027  480214           256
           -4019.027  799800           828
           -4019.027  845314           106
           -4019.027  937752           88
           -4019.027  533600           307
           -4019.027  210174           733
           -4019.027  124010           543
           -4019.027  332668           993
           -4019.027  860175           23
           -4019.027  518578           819
           -4019.027  552466           865
           -4019.027  308344           678
           -4019.027  3693             391
           -4019.027  29688            817
           -4019.027  474326           104
           -4019.027  706595           749
           -4019.027  215091           876
           -4019.027  298512           527
           -4019.027  920430           230
           -4019.027  856808           157
           -4019.027  789068           174
           -4019.027  425585           792
           -4019.027  400781           719
           -4019.027  747600           691
           -4019.027  90128            72
           -4019.027  704835           650
           -4019.027  678818           832
           -4019.027  684094           580
           -4019.027  323102           100
           -4019.027  997549           220
           -4019.027  856747           327
           -4019.027  241342           73
           -4019.027  889723           471
           -4019.027  914502           897
           -4019.027  126060           290
           -4019.027  649146           614
           -4019.027  719428           129
           -4019.027  926166           281
           -4019.027  210519           217
           -4019.027  481396           619
           -4019.027  529186           368
           -4019.027  660791           846
           -4019.027  965671           140
           -4019.027  117896           87
           -4019.027  714348           218
           -4019.027  748920           238
           -4019.027  170402           703
           -4019.027  378510           397
           -4019.027  723324           90
           -4019.027  4082             445
           -4019.027  451093           729
           -4019.027  890296           636
           -4019.027  871950           369
           -4019.027  425012           825
           -4019.027  377368           224
           -4019.027  905126           723
           -4019.027  443056           709
           -4019.027  647619           843
           -4019.027  191900           994
           -4019.027  133726           623
           -4019.027  658764           618
           -4019.027  712313           535
           -4019.027  514978           7
           -4019.027  811368           379
           -4019.027  704750           1
           -4019.027  821515           756
           -4019.027  59116            680
           -4019.027  648136           544
           -4019.027  491603           479
           -4019.027  534562           413
           -4019.027  916022           434
           -4019.027  890984           102
           -4019.027  691215           349
           -4019.027  982244           714
           -4019.027  256863           802
           -4019.027  196793           573
           -4019.027  231734           333
           -4019.027  523738           186
           -4019.027  45433            720
           -4019.027  883238           52
           -4019.055  173363           310
           -4019.055  555689           32
           -4019.055  53405            28
           -4019.055  55441            599
           -4019.429  419505           205
           -4019.429  894345           834
           -4019.429  519601           283
           -4019.429  736001           460
           -4019.429  412035           70
           -4019.429  237882           526
           -4019.429  795921           967
           -4019.429  609918           195
           -4019.429  508496           206
           -4019.429  552637           324
           -4019.429  40856            480
           -4019.429  601889           782
           -4019.429  971300           813
           -4019.429  798349           778
           -4019.429  808317           109
           -4019.429  722666           152
           -4019.429  466571           421
           -4019.429  403376           842
           -4019.429  683344           265
           -4019.429  767312           600
           -4019.429  437999           335
           -4019.429  397105           163
           -4019.429  617941           168

100 perturbed starting value run(s) did not converge or were rejected in the third stage.



THE BEST LOGLIKELIHOOD VALUE HAS BEEN REPLICATED.  RERUN WITH AT LEAST TWICE THE
RANDOM STARTS TO CHECK THAT THE BEST LOGLIKELIHOOD IS STILL OBTAINED AND REPLICATED.

     IN THE OPTIMIZATION, ONE OR MORE LOGIT THRESHOLDS APPROACHED EXTREME VALUES
     OF -15.000 AND 15.000 AND WERE FIXED TO STABILIZE MODEL ESTIMATION.  THESE
     VALUES IMPLY PROBABILITIES OF 0 AND 1.  IN THE MODEL RESULTS SECTION, THESE
     PARAMETERS HAVE 0 STANDARD ERRORS AND 999 IN THE Z-SCORE AND P-VALUE COLUMNS.




THE MODEL ESTIMATION TERMINATED NORMALLY



MODEL FIT INFORMATION

Number of Free Parameters                       17

Loglikelihood

          H0 Value                       -4019.027
          H0 Scaling Correction Factor      1.2572
            for MLR

Information Criteria

          Akaike (AIC)                    8072.053
          Bayesian (BIC)                  8173.573
          Sample-Size Adjusted BIC        8119.558
            (n* = (n + 2) / 24)

Chi-Square Test of Model Fit for the Binary and Ordered Categorical
(Ordinal) Outcomes

          Pearson Chi-Square

          Value                             13.699
          Degrees of Freedom                    14
          P-Value                           0.4723

          Likelihood Ratio Chi-Square

          Value                             18.328
          Degrees of Freedom                    14
          P-Value                           0.1923

Chi-Square Test for MCAR under the Unrestricted Latent Class Indicator Model

          Pearson Chi-Square

          Value                            107.180
          Degrees of Freedom                    97
          P-Value                           0.2253

          Likelihood Ratio Chi-Square

          Value                             37.701
          Degrees of Freedom                    97
          P-Value                           1.0000



FINAL CLASS COUNTS AND PROPORTIONS FOR THE LATENT CLASSES
BASED ON THE ESTIMATED MODEL

    Latent
   Classes

       1        820.04011          0.28297
       2         57.17316          0.01973
       3       2020.78673          0.69730


FINAL CLASS COUNTS AND PROPORTIONS FOR THE LATENT CLASSES
BASED ON ESTIMATED POSTERIOR PROBABILITIES

    Latent
   Classes

       1        820.04011          0.28297
       2         57.17316          0.01973
       3       2020.78673          0.69730


FINAL CLASS COUNTS AND PROPORTIONS FOR THE LATENT CLASSES
BASED ON THEIR MOST LIKELY LATENT CLASS MEMBERSHIP

Class Counts and Proportions

    Latent
   Classes

       1              350          0.12069
       2               51          0.01756
       3             2497          0.86175


CLASSIFICATION QUALITY

     Entropy                         0.605


Average Latent Class Probabilities for Most Likely Latent Class Membership (Row)
by Latent Class (Column)

           1        2        3

    1   0.858    0.035    0.107
    2   0.119    0.881    0.000
    3   0.206    0.000    0.794


Classification Probabilities for the Most Likely Latent Class Membership (Column)
by Latent Class (Row)

           1        2        3

    1   0.366    0.007    0.627
    2   0.213    0.784    0.003
    3   0.018    0.000    0.982


Logits for the Classification Probabilities for the Most Likely Latent Class Membership (Column)
by Latent Class (Row)

              1        2        3

    1     -0.537   -4.440    0.000
    2      4.256    5.559    0.000
    3     -3.971  -13.797    0.000


MODEL RESULTS

                                                    Two-Tailed
                    Estimate       S.E.  Est./S.E.    P-Value

Latent Class 1

 Thresholds
    ETH1$1             2.774      0.910      3.047      0.002
    ETH2$1             2.328      0.814      2.859      0.004
    ETH3$1             1.673      0.395      4.233      0.000
    ETH4$1            -0.595      0.302     -1.967      0.049
    ETH5$1             1.488      0.463      3.213      0.001

Latent Class 2

 Thresholds
    ETH1$1            -1.759      1.544     -1.139      0.254
    ETH2$1            -2.041      1.506     -1.356      0.175
    ETH3$1            -0.560      0.687     -0.814      0.415
    ETH4$1            -1.540      0.518     -2.970      0.003
    ETH5$1            -0.527      0.671     -0.785      0.433

Latent Class 3

 Thresholds
    ETH1$1             7.086      3.943      1.797      0.072
    ETH2$1            15.000      0.000    999.000    999.000
    ETH3$1             3.761      0.575      6.539      0.000
    ETH4$1             1.235      0.377      3.281      0.001
    ETH5$1             4.420      1.284      3.441      0.001

Categorical Latent Variables

 Means
    C#1               -0.902      0.677     -1.333      0.183
    C#2               -3.565      0.737     -4.834      0.000


RESULTS IN PROBABILITY SCALE

Latent Class 1

 ETH1
    Category 1         0.941      0.050     18.704      0.000
    Category 2         0.059      0.050      1.167      0.243
 ETH2
    Category 1         0.911      0.066     13.823      0.000
    Category 2         0.089      0.066      1.348      0.178
 ETH3
    Category 1         0.842      0.053     16.012      0.000
    Category 2         0.158      0.053      3.005      0.003
 ETH4
    Category 1         0.356      0.069      5.133      0.000
    Category 2         0.644      0.069      9.304      0.000
 ETH5
    Category 1         0.816      0.070     11.722      0.000
    Category 2         0.184      0.070      2.647      0.008

Latent Class 2

 ETH1
    Category 1         0.147      0.193      0.759      0.448
    Category 2         0.853      0.193      4.410      0.000
 ETH2
    Category 1         0.115      0.153      0.750      0.453
    Category 2         0.885      0.153      5.777      0.000
 ETH3
    Category 1         0.364      0.159      2.287      0.022
    Category 2         0.636      0.159      4.003      0.000
 ETH4
    Category 1         0.177      0.075      2.343      0.019
    Category 2         0.823      0.075     10.925      0.000
 ETH5
    Category 1         0.371      0.157      2.371      0.018
    Category 2         0.629      0.157      4.014      0.000

Latent Class 3

 ETH1
    Category 1         0.999      0.003    303.375      0.000
    Category 2         0.001      0.003      0.254      0.800
 ETH2
    Category 1         1.000      0.000      0.000      1.000
    Category 2         0.000      0.000      0.000      1.000
 ETH3
    Category 1         0.977      0.013     76.479      0.000
    Category 2         0.023      0.013      1.779      0.075
 ETH4
    Category 1         0.775      0.066     11.791      0.000
    Category 2         0.225      0.066      3.428      0.001
 ETH5
    Category 1         0.988      0.015     65.451      0.000
    Category 2         0.012      0.015      0.788      0.431


LATENT CLASS ODDS RATIO RESULTS

                                                95% C.I.
                    Estimate       S.E.  Lower 2.5% Upper 2.5%

Latent Class 1 Compared to Latent Class 2

 ETH1
    Category > 1       0.011      0.010      0.002      0.068
 ETH2
    Category > 1       0.013      0.013      0.002      0.097
 ETH3
    Category > 1       0.107      0.046      0.046      0.250
 ETH4
    Category > 1       0.389      0.228      0.123      1.227
 ETH5
    Category > 1       0.133      0.065      0.051      0.346

Latent Class 1 Compared to Latent Class 3

 ETH1
    Category > 1      74.561    320.816      0.016  *********
 ETH2
    Category > 1   *********      0.000  *********  *********
 ETH3
    Category > 1       8.066      3.345      3.579     18.182
 ETH4
    Category > 1       6.234      1.904      3.426     11.342
 ETH5
    Category > 1      18.757     19.850      2.357    149.277

Latent Class 2 Compared to Latent Class 3

 ETH1
    Category > 1    6940.076  30809.479      1.155  *********
 ETH2
    Category > 1   *********      0.000  *********  *********
 ETH3
    Category > 1      75.224     44.513     23.586    239.913
 ETH4
    Category > 1      16.035      9.338      5.121     50.209
 ETH5
    Category > 1     140.640    156.956     15.781   1253.367


QUALITY OF NUMERICAL RESULTS

     Condition Number for the Information Matrix              0.160E-03
       (ratio of smallest to largest eigenvalue)


MODEL COMMAND WITH FINAL ESTIMATES USED AS STARTING VALUES

     %OVERALL%

     [ c#1*-0.90189 ];
     [ c#2*-3.56516 ];

     %C#1%

     [ eth1$1*2.77437 ];
     [ eth2$1*2.32761 ];
     [ eth3$1*1.67315 ];
     [ eth4$1*-0.59475 ];
     [ eth5$1*1.48811 ];

     %C#2%

     [ eth1$1*-1.75908 ];
     [ eth2$1*-2.04113 ];
     [ eth3$1*-0.55960 ];
     [ eth4$1*-1.53952 ];
     [ eth5$1*-0.52652 ];

     %C#3%

     [ eth1$1*7.08599 ];
     [ eth2$1*15 ];
     [ eth3$1*3.76087 ];
     [ eth4$1*1.23528 ];
     [ eth5$1*4.41969 ];



TECHNICAL 10 OUTPUT


     MODEL FIT INFORMATION FOR THE LATENT CLASS INDICATOR MODEL PART


     RESPONSE PATTERNS

     No.  Pattern    No.  Pattern    No.  Pattern    No.  Pattern
       1  00000        2  00001        3  00010        4  00011
       5  00100        6  00101        7  00110        8  00111
       9  01000       10  01001       11  01010       12  01011
      13  01100       14  01101       15  01110       16  01111
      17  10000       18  10001       19  10010       20  10011
      21  10100       22  10110       23  10111       24  11000
      25  11001       26  11010       27  11011       28  11100
      29  11101       30  11110       31  11111       32  000*0
      33  000*1       34  *0000       35  *0010       36  *0110
      37  *1111       38  00**0       39  00*00       40  00*10
      41  0*010       42  0*011       43  1*011       44  0000*
      45  0001*       46  *00*0       47  *01*0       48  **011
      49  ****1


     RESPONSE PATTERN FREQUENCIES AND CHI-SQUARE CONTRIBUTIONS

    Response          Frequency     Standardized  Chi-square Contribution
     Pattern    Observed  Estimated   Residual    Pearson   Loglikelihood  Deleted
                                     (z-score)
         1      1667.14    1661.97       0.18       0.01         3.08
         2        55.57      56.32      -0.09       0.01        -1.28
         3       737.77     741.55      -0.15       0.02        -4.94
         4        77.08      74.85       0.24       0.03         7.72
         5        64.36      66.60      -0.25       0.08        -4.75
         6         7.78       7.68       0.03       0.00         0.08
         7        76.13      68.00       0.91       0.97        18.40
         8         6.43      13.47      -1.75       3.68        -9.61
         9        15.73      16.72      -0.22       0.06        -2.31
        10         6.84       4.03       1.27       1.95         7.12
        11        26.59      30.81      -0.70       0.58        -8.44
        12        10.36       8.16       0.70       0.60         5.12
        13         3.15       3.41      -0.13       0.02        -0.58
        14         1.14       1.22      -0.07       0.01        -0.17
        15         7.03       7.06      -0.01       0.00        -0.23
        16         3.18       3.69      -0.24       0.07        -0.73
        17        12.77      11.97       0.21       0.05         1.42
        18         1.89       2.63      -0.41       0.21        -1.27
        19        16.42      20.17      -0.76       0.70        -7.09
        20         6.18       5.38       0.31       0.09         2.52
        21         2.15       2.25      -0.06       0.00        -0.22
        22         7.02       4.69       0.98       1.16         5.74
        23         2.61       2.64      -0.02       0.00        -0.10
        24         4.21       2.05       1.37       2.27         5.95
        25         1.10       1.95      -0.55       0.37        -1.28
        26        10.58       6.61       1.40       2.38         9.69
        27         4.25       8.45      -1.31       2.07        -5.28
        28         1.77       1.97      -0.13       0.02        -0.42
        29         3.33       3.06       0.14       0.02         0.52
        30         4.69       8.65      -1.22       1.81        -5.85
        31        17.75      14.13       0.88       0.90         9.35
        32         6.24       6.11       0.12       0.00         0.00
        33         1.04       0.33       1.14       0.07         0.05
        34         2.77       3.10      -0.27       0.00         0.01
        35         0.79       1.41      -0.56       0.01        -0.01
        36         0.83       0.13       1.75       0.66         0.24
        37         0.92       0.03       4.44       4.54         0.36
        38         1.04       0.92       0.33       0.00         0.00
        39         4.43       4.17       0.18       0.00         0.00
        40         2.47       1.95       0.40       0.01         0.04
        41         0.79       0.60       0.26       0.00        -0.01
        42         0.71       0.06       2.37       0.54         0.10
        43         0.71       0.01       6.15     -11.38        -0.31
        44         2.91       4.09      -0.83       0.00         0.00
        45         3.89       1.94       1.51       0.01         0.01
        46         2.77       3.20      -0.57       0.00        -0.01
        47         1.00       0.19       1.75       0.29         0.12
        48         0.76       0.03       4.25       0.77         0.05
        49         0.96       0.07       3.18       0.00         0.00

     THE TOTAL PEARSON CHI-SQUARE CONTRIBUTION FROM EMPTY CELLS IS         0.89


     UNIVARIATE MODEL FIT INFORMATION

                               Estimated Probabilities
                                                  Standardized
     Variable              H1           H0          Residual
                                                   (z-score)
     ETH1
       Category 1        0.966        0.966          -0.004
       Category 2        0.034        0.034           0.004
       Univariate Pearson Chi-Square                  0.000
       Univariate Log-Likelihood Chi-Square           0.000
     ETH2
       Category 1        0.957        0.957           0.011
       Category 2        0.043        0.043          -0.011
       Univariate Pearson Chi-Square                  0.000
       Univariate Log-Likelihood Chi-Square           0.000
     ETH3
       Category 1        0.927        0.927           0.000
       Category 2        0.073        0.073           0.000
       Univariate Pearson Chi-Square                  0.000
       Univariate Log-Likelihood Chi-Square           0.000
     ETH4
       Category 1        0.644        0.644          -0.002
       Category 2        0.356        0.356           0.002
       Univariate Pearson Chi-Square                  0.000
       Univariate Log-Likelihood Chi-Square           0.000
     ETH5
       Category 1        0.927        0.927          -0.001
       Category 2        0.073        0.073           0.001
       Univariate Pearson Chi-Square                  0.000
       Univariate Log-Likelihood Chi-Square           0.000

       Overall Univariate Pearson Chi-Square                         0.000
       Overall Univariate Log-Likelihood Chi-Square                  0.000


     BIVARIATE MODEL FIT INFORMATION

                                              Estimated Probabilities
                                                                 Standardized
     Variable       Variable              H1           H0          Residual
                                                                  (z-score)
     ETH1           ETH2
       Category 1     Category 1        0.940        0.940           0.110
       Category 1     Category 2        0.026        0.026          -0.168
       Category 2     Category 1        0.017        0.018          -0.181
       Category 2     Category 2        0.017        0.016           0.194
       Bivariate Pearson Chi-Square                                  0.118
       Bivariate Log-Likelihood Chi-Square                           0.119
     ETH1           ETH3
       Category 1     Category 1        0.907        0.906           0.093
       Category 1     Category 2        0.059        0.060          -0.118
       Category 2     Category 1        0.020        0.021          -0.191
       Category 2     Category 2        0.014        0.013           0.243
       Bivariate Pearson Chi-Square                                  0.131
       Bivariate Log-Likelihood Chi-Square                           0.130
     ETH1           ETH4
       Category 1     Category 1        0.635        0.635          -0.011
       Category 1     Category 2        0.331        0.331           0.009
       Category 2     Category 1        0.009        0.009           0.045
       Category 2     Category 2        0.025        0.025          -0.023
       Bivariate Pearson Chi-Square                                  0.003
       Bivariate Log-Likelihood Chi-Square                           0.003
     ETH1           ETH5
       Category 1     Category 1        0.907        0.907          -0.044
       Category 1     Category 2        0.059        0.059           0.051
       Category 2     Category 1        0.021        0.020           0.089
       Category 2     Category 2        0.013        0.014          -0.102
       Bivariate Pearson Chi-Square                                  0.025
       Bivariate Log-Likelihood Chi-Square                           0.025
     ETH2           ETH3
       Category 1     Category 1        0.899        0.899          -0.029
       Category 1     Category 2        0.058        0.058           0.047
       Category 2     Category 1        0.028        0.028           0.053
       Category 2     Category 2        0.015        0.015          -0.090
       Bivariate Pearson Chi-Square                                  0.016
       Bivariate Log-Likelihood Chi-Square                           0.016
     ETH2           ETH4
       Category 1     Category 1        0.631        0.632          -0.089
       Category 1     Category 2        0.326        0.325           0.096
       Category 2     Category 1        0.013        0.012           0.384
       Category 2     Category 2        0.030        0.031          -0.256
       Bivariate Pearson Chi-Square                                  0.264
       Bivariate Log-Likelihood Chi-Square                           0.261
     ETH2           ETH5
       Category 1     Category 1        0.902        0.900           0.251
       Category 1     Category 2        0.056        0.057          -0.314
       Category 2     Category 1        0.025        0.027          -0.466
       Category 2     Category 2        0.017        0.016           0.591
       Bivariate Pearson Chi-Square                                  0.792
       Bivariate Log-Likelihood Chi-Square                           0.785
     ETH3           ETH4
       Category 1     Category 1        0.615        0.614           0.128
       Category 1     Category 2        0.312        0.313          -0.134
       Category 2     Category 1        0.029        0.030          -0.367
       Category 2     Category 2        0.044        0.043           0.312
       Bivariate Pearson Chi-Square                                  0.294
       Bivariate Log-Likelihood Chi-Square                           0.295
     ETH3           ETH5
       Category 1     Category 1        0.869        0.870          -0.200
       Category 1     Category 2        0.058        0.057           0.291
       Category 2     Category 1        0.058        0.057           0.289
       Category 2     Category 2        0.015        0.016          -0.528
       Bivariate Pearson Chi-Square                                  0.531
       Bivariate Log-Likelihood Chi-Square                           0.540
     ETH4           ETH5
       Category 1     Category 1        0.617        0.617           0.003
       Category 1     Category 2        0.027        0.027          -0.015
       Category 2     Category 1        0.310        0.310          -0.004
       Category 2     Category 2        0.046        0.046           0.013
       Bivariate Pearson Chi-Square                                  0.000
       Bivariate Log-Likelihood Chi-Square                           0.000

       Overall Bivariate Pearson Chi-Square                          2.175
       Overall Bivariate Log-Likelihood Chi-Square                   2.174


TECHNICAL 11 OUTPUT

     Random Starts Specifications for the k-1 Class Analysis Model
        Number of initial stage random starts                1000
        Number of final stage optimizations                   250



     VUONG-LO-MENDELL-RUBIN LIKELIHOOD RATIO TEST FOR 2 (H0) VERSUS 3 CLASSES

          H0 Loglikelihood Value                        -4050.608
          2 Times the Loglikelihood Difference             63.164
          Difference in the Number of Parameters                6
          Mean                                              5.971
          Standard Deviation                               29.180
          P-Value                                          0.0215

     LO-MENDELL-RUBIN ADJUSTED LRT TEST

          Value                                            61.870
          P-Value                                          0.0232


SAVEDATA INFORMATION


  Save file
    Prob_BFL_ETHlca_C3cl3.dat

  Order and format of variables

    ETH1           F10.3
    ETH2           F10.3
    ETH3           F10.3
    ETH4           F10.3
    ETH5           F10.3
    CPROB1         F10.3
    CPROB2         F10.3
    CPROB3         F10.3
    C              F10.3
    WS             F10.3
    IDSTUD         I9
    ID_S           I4
    ID_J           I4

  Save file format
    10F10.3 I9 2I4

  Save file record length    10000

  Save missing symbol        *


     Beginning Time:  22:08:39
        Ending Time:  22:08:41
       Elapsed Time:  00:00:02



MUTHEN & MUTHEN
3463 Stoner Ave.
Los Angeles, CA  90066

Tel: (310) 391-9971
Fax: (310) 391-8971
Web: www.StatModel.com
Support: Support@StatModel.com

Copyright (c) 1998-2020 Muthen & Muthen
