Mplus VERSION 8.5 (Mac)
MUTHEN & MUTHEN
04/07/2021  10:12 PM

INPUT INSTRUCTIONS

  TITLE: NORETH LCA - C3 with 5 classes;
  DATA:
  FILE = ETHDtaC3.dat;

  VARIABLE:
  NAMES = id_i
  id_j
  id_r
  id_s
  id_k
  wt
  ws
  ETH1
  ETH2
  ETH3
  ETH4
  ETH5
  IDSTUD;
  IDVARIABLE = IDSTUD;
  USEVARIABLES = ETH1
  ETH2
  ETH3
  ETH4
  ETH5;
  USEOBSERVATIONS ARE id_k EQ 12;
  CATEGORICAL = ETH1
  ETH2
  ETH3
  ETH4
  ETH5;
  MISSING = .;
  CLASSES = c(5);
  WEIGHT = ws;
  STRATIFICATION = id_s;
  CLUSTER = id_j;

  ANALYSIS:
  TYPE = COMPLEX MIXTURE;
  PROCESSORS = 4;
  STARTS = 1000 250;
  STITERATIONS = 20;
  STSEED = 288;

  MODEL:
  %OVERALL%

  OUTPUT:
  TECH10
  TECH11
  SVALUES
  ;

  SAVEDATA:
  FILE = Prob_NOR_ETHlca_C3cl5.dat;
  SAVE = CPROBABILITIES;



*** WARNING in VARIABLE command
  When a subpopulation is analyzed with TYPE=COMPLEX, standard errors
  may be incorrect.  Use the SUBPOPULATION option instead of the
  USEOBSERVATIONS option to obtain correct standard errors.
*** WARNING
  Data set contains cases with missing on all variables.
  These cases were not included in the analysis.
  Number of cases with missing on all variables:  199
   2 WARNING(S) FOUND IN THE INPUT INSTRUCTIONS



NORETH LCA - C3 with 5 classes;

SUMMARY OF ANALYSIS

Number of groups                                                 1
Number of observations                                        6072

Number of dependent variables                                    5
Number of independent variables                                  0
Number of continuous latent variables                            0
Number of categorical latent variables                           1

Observed dependent variables

  Binary and ordered categorical (ordinal)
   ETH1        ETH2        ETH3        ETH4        ETH5

Categorical latent variables
   C

Variables with special functions

  Stratification        ID_S
  Cluster variable      ID_J
  Weight variable       WS
  ID variable           IDSTUD

Estimator                                                      MLR
Information matrix                                        OBSERVED
Optimization Specifications for the Quasi-Newton Algorithm for
Continuous Outcomes
  Maximum number of iterations                                 100
  Convergence criterion                                  0.100D-05
Optimization Specifications for the EM Algorithm
  Maximum number of iterations                                 500
  Convergence criteria
    Loglikelihood change                                 0.100D-06
    Relative loglikelihood change                        0.100D-06
    Derivative                                           0.100D-05
Optimization Specifications for the M step of the EM Algorithm for
Categorical Latent variables
  Number of M step iterations                                    1
  M step convergence criterion                           0.100D-05
  Basis for M step termination                           ITERATION
Optimization Specifications for the M step of the EM Algorithm for
Censored, Binary or Ordered Categorical (Ordinal), Unordered
Categorical (Nominal) and Count Outcomes
  Number of M step iterations                                    1
  M step convergence criterion                           0.100D-05
  Basis for M step termination                           ITERATION
  Maximum value for logit thresholds                            15
  Minimum value for logit thresholds                           -15
  Minimum expected cell size for chi-square              0.100D-01
Maximum number of iterations for H1                           2000
Convergence criterion for H1                             0.100D-03
Optimization algorithm                                         EMA
Random Starts Specifications
  Number of initial stage random starts                       1000
  Number of final stage optimizations                          250
  Number of initial stage iterations                            20
  Initial stage convergence criterion                    0.100D+01
  Random starts scale                                    0.500D+01
  Random seed for generating random starts                     288
Link                                                         LOGIT

Input data file(s)
  ETHDtaC3.dat
Input data format  FREE


SUMMARY OF DATA

     Number of missing data patterns            27
     Number of y missing data patterns           0
     Number of u missing data patterns          27
     Number of strata                           75
     Number of clusters                        148


COVARIANCE COVERAGE OF DATA

Minimum covariance coverage value   0.100


     PROPORTION OF DATA PRESENT FOR U


           Covariance Coverage
              ETH1          ETH2          ETH3          ETH4          ETH5
              ________      ________      ________      ________      ________
 ETH1           0.994
 ETH2           0.991         0.995
 ETH3           0.987         0.987         0.989
 ETH4           0.986         0.987         0.984         0.990
 ETH5           0.988         0.989         0.986         0.986         0.991


UNIVARIATE PROPORTIONS AND COUNTS FOR CATEGORICAL VARIABLES

    ETH1
      Category 1    0.952         5745.869
      Category 2    0.048          291.472
    ETH2
      Category 1    0.932         5631.763
      Category 2    0.068          408.854
    ETH3
      Category 1    0.952         5721.940
      Category 2    0.048          286.015
    ETH4
      Category 1    0.886         5326.208
      Category 2    0.114          687.481
    ETH5
      Category 1    0.942         5669.836
      Category 2    0.058          351.258


RANDOM STARTS RESULTS RANKED FROM THE BEST TO THE WORST LOGLIKELIHOOD VALUES

Final stage loglikelihood values at local maxima, seeds, and initial stage start numbers:

           -5420.852  154351           1000
           -5420.852  525859           814
           -5420.852  533106           641
           -5420.852  454608           451
           -5420.852  674140           758
           -5420.852  196458           747
           -5420.852  529702           963
           -5420.852  56586            165
           -5420.852  568707           262
           -5420.852  173363           310
           -5420.853  425653           643
           -5420.853  508496           206
           -5420.853  55908            587
           -5420.853  125830           187
           -5420.900  717571           695
           -5420.900  261715           458
           -5420.901  514978           7
           -5420.901  871950           369
           -5420.901  860175           23
           -5420.901  184270           234
           -5420.926  267084           27
           -5420.926  222182           214
           -5420.953  983784           118
           -5420.960  414035           84
           -5420.960  426635           9
           -5420.960  789373           634
           -5421.386  210588           50
           -5421.386  445592           47
           -5421.386  602610           203
           -5421.530  23083            221
           -5422.570  808818           46
           -5423.080  943264           132
           -5423.084  247778           232
           -5423.951  943173           216
           -5423.951  883238           52
           -5424.106  722666           152
           -5424.106  803294           244
           -5424.904  826323           125

212 perturbed starting value run(s) did not converge or were rejected in the third stage.



THE BEST LOGLIKELIHOOD VALUE HAS BEEN REPLICATED.  RERUN WITH AT LEAST TWICE THE
RANDOM STARTS TO CHECK THAT THE BEST LOGLIKELIHOOD IS STILL OBTAINED AND REPLICATED.

     IN THE OPTIMIZATION, ONE OR MORE LOGIT THRESHOLDS APPROACHED EXTREME VALUES
     OF -15.000 AND 15.000 AND WERE FIXED TO STABILIZE MODEL ESTIMATION.  THESE
     VALUES IMPLY PROBABILITIES OF 0 AND 1.  IN THE MODEL RESULTS SECTION, THESE
     PARAMETERS HAVE 0 STANDARD ERRORS AND 999 IN THE Z-SCORE AND P-VALUE COLUMNS.


     WARNING:  THE VARIANCE CONTRIBUTION FROM A STRATUM WITH A SINGLE CLUSTER
     (PSU) IS BASED ON THE DIFFERENCE BETWEEN THE SINGLE CLUSTER VALUE AND
     THE OVERALL CLUSTER MEAN.




THE MODEL ESTIMATION TERMINATED NORMALLY



MODEL FIT INFORMATION

Number of Free Parameters                       29

Loglikelihood

          H0 Value                       -5420.852
          H0 Scaling Correction Factor      1.2827
            for MLR

Information Criteria

          Akaike (AIC)                   10899.704
          Bayesian (BIC)                 11094.336
          Sample-Size Adjusted BIC       11002.182
            (n* = (n + 2) / 24)

Chi-Square Test of Model Fit for the Binary and Ordered Categorical
(Ordinal) Outcomes

          Pearson Chi-Square

          Value                              0.000
          Degrees of Freedom                     2
          P-Value                           1.0000

          Likelihood Ratio Chi-Square

          Value                              5.114
          Degrees of Freedom                     2
          P-Value                           0.0775

Chi-Square Test for MCAR under the Unrestricted Latent Class Indicator Model

          Pearson Chi-Square

          Value                            274.965
          Degrees of Freedom                   160
          P-Value                           0.0000

          Likelihood Ratio Chi-Square

          Value                             91.729
          Degrees of Freedom                   160
          P-Value                           1.0000



FINAL CLASS COUNTS AND PROPORTIONS FOR THE LATENT CLASSES
BASED ON THE ESTIMATED MODEL

    Latent
   Classes

       1        157.10841          0.02587
       2        203.50577          0.03352
       3        169.34095          0.02789
       4       5392.21008          0.88805
       5        149.83478          0.02468


FINAL CLASS COUNTS AND PROPORTIONS FOR THE LATENT CLASSES
BASED ON ESTIMATED POSTERIOR PROBABILITIES

    Latent
   Classes

       1        157.10841          0.02587
       2        203.50577          0.03352
       3        169.34095          0.02789
       4       5392.21008          0.88805
       5        149.83478          0.02468


FINAL CLASS COUNTS AND PROPORTIONS FOR THE LATENT CLASSES
BASED ON THEIR MOST LIKELY LATENT CLASS MEMBERSHIP

Class Counts and Proportions

    Latent
   Classes

       1              130          0.02146
       2               95          0.01572
       3              171          0.02818
       4             5567          0.91682
       5              108          0.01782


CLASSIFICATION QUALITY

     Entropy                         0.912


Average Latent Class Probabilities for Most Likely Latent Class Membership (Row)
by Latent Class (Column)

           1        2        3        4        5

    1   0.733    0.027    0.000    0.081    0.159
    2   0.000    0.888    0.013    0.048    0.052
    3   0.007    0.015    0.933    0.002    0.043
    4   0.011    0.017    0.000    0.965    0.007
    5   0.006    0.154    0.075    0.024    0.742


Classification Probabilities for the Most Likely Latent Class Membership (Column)
by Latent Class (Row)

           1        2        3        4        5

    1   0.608    0.000    0.008    0.381    0.004
    2   0.017    0.416    0.012    0.472    0.082
    3   0.000    0.007    0.943    0.002    0.048
    4   0.002    0.001    0.000    0.997    0.000
    5   0.139    0.033    0.050    0.243    0.536


Logits for the Classification Probabilities for the Most Likely Latent Class Membership (Column)
by Latent Class (Row)

              1        2        3        4        5

    1      5.050   -8.267    0.665    4.582    0.000
    2     -1.565    1.629   -1.887    1.755    0.000
    3     -4.961   -1.900    2.975   -3.361    0.000
    4      1.406    0.572   -2.066    7.644    0.000
    5     -1.352   -2.788   -2.378   -0.790    0.000


MODEL RESULTS

                                                    Two-Tailed
                    Estimate       S.E.  Est./S.E.    P-Value

Latent Class 1

 Thresholds
    ETH1$1             0.467      0.491      0.951      0.342
    ETH2$1            -0.309      0.543     -0.569      0.569
    ETH3$1             1.081      0.715      1.512      0.130
    ETH4$1            14.884      7.958      1.870      0.061
    ETH5$1             0.278      0.802      0.347      0.728

Latent Class 2

 Thresholds
    ETH1$1             4.552     25.886      0.176      0.860
    ETH2$1             2.066      1.545      1.337      0.181
    ETH3$1             0.979      0.341      2.872      0.004
    ETH4$1            -2.107      2.636     -0.800      0.424
    ETH5$1             0.649      0.617      1.053      0.292

Latent Class 3

 Thresholds
    ETH1$1            -2.465      0.494     -4.987      0.000
    ETH2$1            -3.613      1.398     -2.584      0.010
    ETH3$1            -1.207      0.426     -2.834      0.005
    ETH4$1           -15.000      0.000    999.000    999.000
    ETH5$1            -2.085      1.038     -2.008      0.045

Latent Class 4

 Thresholds
    ETH1$1             6.316      1.117      5.654      0.000
    ETH2$1             5.029      0.409     12.293      0.000
    ETH3$1             4.484      0.248     18.092      0.000
    ETH4$1             3.080      0.142     21.668      0.000
    ETH5$1             4.761      0.312     15.271      0.000

Latent Class 5

 Thresholds
    ETH1$1             0.231      0.461      0.501      0.616
    ETH2$1            -0.703      2.080     -0.338      0.735
    ETH3$1             3.072      9.611      0.320      0.749
    ETH4$1            -0.984      2.121     -0.464      0.643
    ETH5$1             1.747      1.387      1.260      0.208

Categorical Latent Variables

 Means
    C#1                0.047      2.089      0.023      0.982
    C#2                0.306      2.456      0.125      0.901
    C#3                0.122      1.710      0.072      0.943
    C#4                3.583      1.620      2.212      0.027


RESULTS IN PROBABILITY SCALE

Latent Class 1

 ETH1
    Category 1         0.615      0.116      5.285      0.000
    Category 2         0.385      0.116      3.314      0.001
 ETH2
    Category 1         0.423      0.133      3.194      0.001
    Category 2         0.577      0.133      4.350      0.000
 ETH3
    Category 1         0.747      0.135      5.523      0.000
    Category 2         0.253      0.135      1.874      0.061
 ETH4
    Category 1         1.000      0.000  *********      0.000
    Category 2         0.000      0.000      0.126      0.900
 ETH5
    Category 1         0.569      0.197      2.894      0.004
    Category 2         0.431      0.197      2.191      0.028

Latent Class 2

 ETH1
    Category 1         0.990      0.267      3.702      0.000
    Category 2         0.010      0.267      0.039      0.969
 ETH2
    Category 1         0.888      0.154      5.755      0.000
    Category 2         0.112      0.154      0.729      0.466
 ETH3
    Category 1         0.727      0.068     10.741      0.000
    Category 2         0.273      0.068      4.034      0.000
 ETH4
    Category 1         0.108      0.255      0.426      0.670
    Category 2         0.892      0.255      3.500      0.000
 ETH5
    Category 1         0.657      0.139      4.725      0.000
    Category 2         0.343      0.139      2.469      0.014

Latent Class 3

 ETH1
    Category 1         0.078      0.036      2.195      0.028
    Category 2         0.922      0.036     25.824      0.000
 ETH2
    Category 1         0.026      0.036      0.734      0.463
    Category 2         0.974      0.036     27.221      0.000
 ETH3
    Category 1         0.230      0.075      3.052      0.002
    Category 2         0.770      0.075     10.198      0.000
 ETH4
    Category 1         0.000      0.000      0.000      1.000
    Category 2         1.000      0.000      0.000      1.000
 ETH5
    Category 1         0.111      0.102      1.083      0.279
    Category 2         0.889      0.102      8.711      0.000

Latent Class 4

 ETH1
    Category 1         0.998      0.002    496.161      0.000
    Category 2         0.002      0.002      0.897      0.370
 ETH2
    Category 1         0.993      0.003    375.791      0.000
    Category 2         0.007      0.003      2.460      0.014
 ETH3
    Category 1         0.989      0.003    361.582      0.000
    Category 2         0.011      0.003      4.080      0.000
 ETH4
    Category 1         0.956      0.006    160.086      0.000
    Category 2         0.044      0.006      7.359      0.000
 ETH5
    Category 1         0.992      0.003    378.042      0.000
    Category 2         0.008      0.003      3.235      0.001

Latent Class 5

 ETH1
    Category 1         0.558      0.114      4.902      0.000
    Category 2         0.442      0.114      3.890      0.000
 ETH2
    Category 1         0.331      0.461      0.719      0.472
    Category 2         0.669      0.461      1.452      0.146
 ETH3
    Category 1         0.956      0.407      2.350      0.019
    Category 2         0.044      0.407      0.109      0.913
 ETH4
    Category 1         0.272      0.420      0.648      0.517
    Category 2         0.728      0.420      1.732      0.083
 ETH5
    Category 1         0.852      0.175      4.857      0.000
    Category 2         0.148      0.175      0.847      0.397


LATENT CLASS ODDS RATIO RESULTS

                                                95% C.I.
                    Estimate       S.E.  Lower 2.5% Upper 2.5%

Latent Class 1 Compared to Latent Class 2

 ETH1
    Category > 1      59.452   1525.068      0.000  *********
 ETH2
    Category > 1      10.746     13.751      0.875    131.973
 ETH3
    Category > 1       0.903      0.702      0.197      4.142
 ETH4
    Category > 1       0.000      0.000      0.000      3.409
 ETH5
    Category > 1       1.449      1.127      0.316      6.650

Latent Class 1 Compared to Latent Class 3

 ETH1
    Category > 1       0.053      0.033      0.016      0.178
 ETH2
    Category > 1       0.037      0.052      0.002      0.579
 ETH3
    Category > 1       0.102      0.062      0.030      0.338
 ETH4
    Category > 1       0.000      0.000      0.000      0.000
 ETH5
    Category > 1       0.094      0.072      0.021      0.421

Latent Class 1 Compared to Latent Class 4

 ETH1
    Category > 1     346.877    374.077     41.900   2871.715
 ETH2
    Category > 1     208.009    134.542     58.547    739.023
 ETH3
    Category > 1      30.070     22.448      6.961    129.890
 ETH4
    Category > 1       0.000      0.000      0.000     43.181
 ETH5
    Category > 1      88.464     74.847     16.849    464.472

Latent Class 1 Compared to Latent Class 5

 ETH1
    Category > 1       0.790      0.465      0.250      2.502
 ETH2
    Category > 1       0.674      1.391      0.012     38.505
 ETH3
    Category > 1       7.324     71.118      0.000  *********
 ETH4
    Category > 1       0.000      0.000      0.000      2.783
 ETH5
    Category > 1       4.342      6.280      0.255     73.921

Latent Class 2 Compared to Latent Class 3

 ETH1
    Category > 1       0.001      0.023      0.000  *********
 ETH2
    Category > 1       0.003      0.006      0.000      0.098
 ETH3
    Category > 1       0.112      0.055      0.043      0.292
 ETH4
    Category > 1       0.000      0.000      0.000      0.000
 ETH5
    Category > 1       0.065      0.050      0.014      0.297

Latent Class 2 Compared to Latent Class 4

 ETH1
    Category > 1       5.835    146.558      0.000  *********
 ETH2
    Category > 1      19.356     31.038      0.835    448.515
 ETH3
    Category > 1      33.283     16.221     12.804     86.513
 ETH4
    Category > 1     178.968    473.331      1.003  31919.539
 ETH5
    Category > 1      61.054     47.390     13.335    279.530

Latent Class 2 Compared to Latent Class 5

 ETH1
    Category > 1       0.013      0.346      0.000  *********
 ETH2
    Category > 1       0.063      0.136      0.001      4.382
 ETH3
    Category > 1       8.107     79.659      0.000  *********
 ETH4
    Category > 1       3.077     13.468      0.001  16382.001
 ETH5
    Category > 1       2.997      5.185      0.101     88.994

Latent Class 3 Compared to Latent Class 4

 ETH1
    Category > 1    6507.932   8282.948    537.105  78854.531
 ETH2
    Category > 1    5660.264   9063.174    245.400  *********
 ETH3
    Category > 1     296.184    152.320    108.094    811.562
 ETH4
    Category > 1   *********      0.000  *********  *********
 ETH5
    Category > 1     939.749   1098.051     95.149   9281.490

Latent Class 3 Compared to Latent Class 5

 ETH1
    Category > 1      14.822      8.253      4.977     44.144
 ETH2
    Category > 1      18.344     20.254      2.107    159.703
 ETH3
    Category > 1      72.144    701.567      0.000  *********
 ETH4
    Category > 1   *********      0.000  *********  *********
 ETH5
    Category > 1      46.124     84.271      1.284   1656.314

Latent Class 4 Compared to Latent Class 5

 ETH1
    Category > 1       0.002      0.003      0.000      0.030
 ETH2
    Category > 1       0.003      0.007      0.000      0.277
 ETH3
    Category > 1       0.244      2.305      0.000  *********
 ETH4
    Category > 1       0.017      0.036      0.000      1.067
 ETH5
    Category > 1       0.049      0.066      0.004      0.687


QUALITY OF NUMERICAL RESULTS

     Condition Number for the Information Matrix              0.241E-09
       (ratio of smallest to largest eigenvalue)


MODEL COMMAND WITH FINAL ESTIMATES USED AS STARTING VALUES

     %OVERALL%

     [ c#1*0.04740 ];
     [ c#2*0.30616 ];
     [ c#3*0.12238 ];
     [ c#4*3.58318 ];

     %C#1%

     [ eth1$1*0.46686 ];
     [ eth2$1*-0.30891 ];
     [ eth3$1*1.08087 ];
     [ eth4$1*14.88425 ];
     [ eth5$1*0.27839 ];

     %C#2%

     [ eth1$1*4.55202 ];
     [ eth2$1*2.06567 ];
     [ eth3$1*0.97937 ];
     [ eth4$1*-2.10738 ];
     [ eth5$1*0.64923 ];

     %C#3%

     [ eth1$1*-2.46495 ];
     [ eth2$1*-3.61255 ];
     [ eth3$1*-1.20658 ];
     [ eth4$1*-15 ];
     [ eth5$1*-2.08462 ];

     %C#4%

     [ eth1$1*6.31583 ];
     [ eth2$1*5.02867 ];
     [ eth3$1*4.48440 ];
     [ eth4$1*3.07983 ];
     [ eth5$1*4.76099 ];

     %C#5%

     [ eth1$1*0.23118 ];
     [ eth2$1*-0.70324 ];
     [ eth3$1*3.07209 ];
     [ eth4$1*-0.98358 ];
     [ eth5$1*1.74671 ];



TECHNICAL 10 OUTPUT


     MODEL FIT INFORMATION FOR THE LATENT CLASS INDICATOR MODEL PART


     RESPONSE PATTERNS

     No.  Pattern    No.  Pattern    No.  Pattern    No.  Pattern
       1  00000        2  00001        3  00010        4  00011
       5  00100        6  00101        7  00110        8  00111
       9  01000       10  01001       11  01010       12  01011
      13  01100       14  01101       15  01110       16  01111
      17  10000       18  10001       19  10010       20  10011
      21  10100       22  10101       23  10110       24  10111
      25  11000       26  11001       27  11010       28  11011
      29  11100       30  11101       31  11110       32  11111
      33  000*0       34  000*1       35  001*0       36  010*0
      37  011*0       38  110*1       39  *0***       40  *1***
      41  00***       42  01***       43  *0*0*       44  00*00
      45  00*10       46  00*11       47  01*00       48  01*10
      49  01*11       50  10*00       51  10*01       52  11*00
      53  11*11       54  0****       55  1****       56  *11**
      57  0000*       58  0001*       59  ***00       60  ***0*
      61  ***1*       62  *0000       63  *1111       64  ****0
      65  ****1       66  0*0**       67  0*000       68  0*010
      69  0*011       70  1*001       71  1*010       72  01*0*
      73  10*0*       74  **0**       75  *00*0       76  *000*
      77  00**0       78  0**0*       79  *0**0       80  **000
      81  *0*00       82  **00*       83  0*00*       84  000**



     RESPONSE PATTERN FREQUENCIES AND CHI-SQUARE CONTRIBUTIONS

    Response          Frequency     Standardized  Chi-square Contribution
     Pattern    Observed  Estimated   Residual    Pearson   Loglikelihood  Deleted
                                     (z-score)
         1      4954.08    4938.77       0.51       0.00        -0.02
         2        60.94      60.64       0.04       0.00         0.10
         3       314.96     316.08      -0.06       0.00        -0.09
         4        41.94      43.71      -0.26       0.04        -1.20
         5        65.02      64.81       0.02       0.00        -0.09
         6         6.87       6.67       0.07       0.00         0.20
         7        32.12      31.29       0.14       0.02         1.55
         8        14.89      15.00      -0.03       0.00        -0.37
         9        65.91      68.55      -0.31      -0.02         0.56
        10        20.90      20.52       0.08       0.01         0.84
        11        41.36      43.64      -0.33       0.08        -1.78
        12        14.92      13.18       0.46       0.20         4.91
        13         6.36       9.21      -0.90       0.82        -3.42
        14         7.59       6.28       0.50       0.27         2.98
        15         4.74       6.14      -0.54       0.28        -1.64
        16        10.09      10.77      -0.20       0.03        -0.70
        17        23.01      24.39      -0.27       0.02        -0.40
        18         5.34       9.03      -1.17       1.32        -3.61
        19        14.93      14.02       0.23       0.06         2.19
        20         1.86       3.46      -0.82       0.73        -2.34
        21         5.60       3.97       0.78       0.66         4.38
        22         2.95       2.80       0.09      -0.03         1.02
        23         1.72       1.23       0.42       0.20         1.12
        24         3.31       3.00       0.17       0.03         0.57
        25        23.42      24.21      -0.15       0.02        -0.57
        26        14.08      12.68       0.38       0.10         4.67
        27        28.97      29.60      -0.11       0.01        -0.44
        28        34.34      35.01      -0.11       0.00        -0.12
        29         5.56       5.38       0.08       0.00         0.66
        30         1.86       3.81      -0.95       1.00        -2.67
        31        14.00      13.89       0.03       0.00         0.15
        32       100.16     102.07      -0.18       0.00         0.02
        33        20.17      21.97      -1.08       0.00         0.00
        34         0.78       0.44       0.51      -0.01        -0.01
        35         0.90       0.40       0.75       0.01         0.01
        36         1.73       0.47       1.77      -0.03        -0.02
        37         0.81       0.06       2.83      -2.64        -0.37
        38         0.46       0.20       0.57       0.04         0.04
        39         4.57       6.07      -2.24       0.00         0.00
        40         1.95       0.44       2.24       0.00         0.00
        41         6.77       7.01      -0.31       0.00         0.00
        42         0.84       0.23       1.23       0.00         0.00
        43         3.44       2.96       0.72       0.00         0.00
        44        14.31      21.04      -3.53       0.00         0.00
        45         1.78       1.46       0.26       0.00         0.01
        46         0.57       0.25       0.62      -0.01        -0.02
        47         1.96       0.33       2.75      -0.28        -0.10
        48         0.91       0.21       1.48      -0.15        -0.07
        49         0.70       0.10       1.81       0.36         0.11
        50         0.99       0.12       2.41       0.45         0.11
        51         0.97       0.05       3.96      -4.01        -0.37
        52         0.84       0.12       1.95       0.01         0.00
        53         1.95       0.58       1.76       0.00         0.00
        54         4.43       6.07      -2.89       0.00         0.00
        55         1.95       0.31       2.89       0.00         0.00
        56         0.82       0.02       5.23      -0.74        -0.04
        57        10.25       9.68       0.44       0.00         0.00
        58         1.26       0.70       0.67       0.00         0.00
        59         1.40       1.21       0.45       0.00         0.00
        60         2.68       3.24      -0.88       0.00         0.00
        61         0.98       0.42       0.88       0.00         0.00
        62         6.66       6.10       0.54       0.00         0.00
        63         0.64       0.14       1.30      -0.01         0.00
        64         2.72       3.24      -1.16       0.00         0.00
        65         0.73       0.20       1.16       0.00         0.00
        66         1.04       0.96       0.27       0.00         0.00
        67         2.83       7.09      -3.85       0.00         0.00
        68         2.20       0.51       2.34      -0.02        -0.01
        69         1.19       0.08       3.75       0.52         0.07
        70         1.22       0.03       6.48      -0.67        -0.03
        71         0.98       0.06       3.54       0.29         0.04
        72         0.96       0.03       4.84      -0.03         0.00
        73         0.97       0.01       8.06      -0.68        -0.02
        74         1.36       1.29       0.25       0.00         0.00
        75         0.88       0.79       0.32       0.00         0.00
        76         0.96       0.82       0.40       0.00         0.00
        77         2.08       1.87       0.46       0.00         0.00
        78         0.97       0.85       0.36       0.00         0.00
        79         1.05       0.95       0.31       0.00         0.00
        80         2.28       1.94       0.60       0.00         0.00
        81         0.57       0.48       0.31       0.00         0.00
        82         0.97       0.84       0.37       0.00         0.00
        83         1.46       1.25       0.47       0.00         0.00
        84         2.29       2.06       0.48       0.00         0.00

     THE TOTAL PEARSON CHI-SQUARE CONTRIBUTION FROM EMPTY CELLS IS        -0.02


     UNIVARIATE MODEL FIT INFORMATION

                               Estimated Probabilities
                                                  Standardized
     Variable              H1           H0          Residual
                                                   (z-score)
     ETH1
       Category 1        0.951        0.951           0.000
       Category 2        0.049        0.049           0.000
       Univariate Pearson Chi-Square                  0.000
       Univariate Log-Likelihood Chi-Square           0.000
     ETH2
       Category 1        0.932        0.932          -0.008
       Category 2        0.068        0.068           0.008
       Univariate Pearson Chi-Square                  0.000
       Univariate Log-Likelihood Chi-Square           0.000
     ETH3
       Category 1        0.952        0.952          -0.006
       Category 2        0.048        0.048           0.006
       Univariate Pearson Chi-Square                  0.000
       Univariate Log-Likelihood Chi-Square           0.000
     ETH4
       Category 1        0.885        0.885           0.000
       Category 2        0.115        0.115           0.000
       Univariate Pearson Chi-Square                  0.000
       Univariate Log-Likelihood Chi-Square           0.000
     ETH5
       Category 1        0.941        0.941           0.001
       Category 2        0.059        0.059          -0.001
       Univariate Pearson Chi-Square                  0.000
       Univariate Log-Likelihood Chi-Square           0.000

       Overall Univariate Pearson Chi-Square                         0.000
       Overall Univariate Log-Likelihood Chi-Square                  0.000


     BIVARIATE MODEL FIT INFORMATION

                                              Estimated Probabilities
                                                                 Standardized
     Variable       Variable              H1           H0          Residual
                                                                  (z-score)
     ETH1           ETH2
       Category 1     Category 1        0.921        0.921           0.000
       Category 1     Category 2        0.030        0.030          -0.001
       Category 2     Category 1        0.010        0.010          -0.021
       Category 2     Category 2        0.038        0.038           0.011
       Bivariate Pearson Chi-Square                                  0.001
       Bivariate Log-Likelihood Chi-Square                           0.001
     ETH1           ETH3
       Category 1     Category 1        0.926        0.926           0.073
       Category 1     Category 2        0.025        0.025          -0.121
       Category 2     Category 1        0.025        0.026          -0.129
       Category 2     Category 2        0.023        0.023           0.137
       Bivariate Pearson Chi-Square                                  0.054
       Bivariate Log-Likelihood Chi-Square                           0.054
     ETH1           ETH4
       Category 1     Category 1        0.871        0.871           0.000
       Category 1     Category 2        0.081        0.081           0.000
       Category 2     Category 1        0.015        0.015           0.000
       Category 2     Category 2        0.034        0.034           0.000
       Bivariate Pearson Chi-Square                                  0.000
       Bivariate Log-Likelihood Chi-Square                           0.000
     ETH1           ETH5
       Category 1     Category 1        0.921        0.922          -0.145
       Category 1     Category 2        0.030        0.030           0.229
       Category 2     Category 1        0.020        0.020           0.282
       Category 2     Category 2        0.028        0.029          -0.233
       Bivariate Pearson Chi-Square                                  0.200
       Bivariate Log-Likelihood Chi-Square                           0.199
     ETH2           ETH3
       Category 1     Category 1        0.910        0.910          -0.174
       Category 1     Category 2        0.022        0.022           0.327
       Category 2     Category 1        0.042        0.042           0.242
       Category 2     Category 2        0.026        0.027          -0.288
       Bivariate Pearson Chi-Square                                  0.267
       Bivariate Log-Likelihood Chi-Square                           0.267
     ETH2           ETH4
       Category 1     Category 1        0.860        0.860          -0.010
       Category 1     Category 2        0.072        0.072           0.006
       Category 2     Category 1        0.025        0.025           0.022
       Category 2     Category 2        0.043        0.043          -0.007
       Bivariate Pearson Chi-Square                                  0.001
       Bivariate Log-Likelihood Chi-Square                           0.001
     ETH2           ETH5
       Category 1     Category 1        0.908        0.908           0.169
       Category 1     Category 2        0.024        0.024          -0.331
       Category 2     Category 1        0.033        0.034          -0.270
       Category 2     Category 2        0.035        0.034           0.279
       Bivariate Pearson Chi-Square                                  0.279
       Bivariate Log-Likelihood Chi-Square                           0.280
     ETH3           ETH4
       Category 1     Category 1        0.868        0.868          -0.002
       Category 1     Category 2        0.084        0.084          -0.003
       Category 2     Category 1        0.017        0.017           0.004
       Category 2     Category 2        0.031        0.031           0.005
       Bivariate Pearson Chi-Square                                  0.000
       Bivariate Log-Likelihood Chi-Square                           0.000
     ETH3           ETH5
       Category 1     Category 1        0.918        0.918          -0.016
       Category 1     Category 2        0.033        0.033           0.016
       Category 2     Category 1        0.023        0.023           0.029
       Category 2     Category 2        0.025        0.025          -0.019
       Bivariate Pearson Chi-Square                                  0.002
       Bivariate Log-Likelihood Chi-Square                           0.002
     ETH4           ETH5
       Category 1     Category 1        0.865        0.865          -0.007
       Category 1     Category 2        0.021        0.021           0.017
       Category 2     Category 1        0.077        0.077           0.010
       Category 2     Category 2        0.038        0.038          -0.013
       Bivariate Pearson Chi-Square                                  0.001
       Bivariate Log-Likelihood Chi-Square                           0.001

       Overall Bivariate Pearson Chi-Square                          0.804
       Overall Bivariate Log-Likelihood Chi-Square                   0.803


TECHNICAL 11 OUTPUT

     Random Starts Specifications for the k-1 Class Analysis Model
        Number of initial stage random starts                1000
        Number of final stage optimizations                   250



     VUONG-LO-MENDELL-RUBIN LIKELIHOOD RATIO TEST FOR 4 (H0) VERSUS 5 CLASSES

          H0 Loglikelihood Value                        -5425.595
          2 Times the Loglikelihood Difference              9.485
          Difference in the Number of Parameters                6
          Mean                                             51.177
          Standard Deviation                               63.766
          P-Value                                          0.7730

     LO-MENDELL-RUBIN ADJUSTED LRT TEST

          Value                                             9.307
          P-Value                                          0.7747


SAVEDATA INFORMATION


  Save file
    Prob_NOR_ETHlca_C3cl5.dat

  Order and format of variables

    ETH1           F10.3
    ETH2           F10.3
    ETH3           F10.3
    ETH4           F10.3
    ETH5           F10.3
    CPROB1         F10.3
    CPROB2         F10.3
    CPROB3         F10.3
    CPROB4         F10.3
    CPROB5         F10.3
    C              F10.3
    WS             F10.3
    IDSTUD         I9
    ID_S           I5
    ID_J           I5

  Save file format
    12F10.3 I9 2I5

  Save file record length    10000

  Save missing symbol        *


     Beginning Time:  22:12:01
        Ending Time:  22:12:05
       Elapsed Time:  00:00:04



MUTHEN & MUTHEN
3463 Stoner Ave.
Los Angeles, CA  90066

Tel: (310) 391-9971
Fax: (310) 391-8971
Web: www.StatModel.com
Support: Support@StatModel.com

Copyright (c) 1998-2020 Muthen & Muthen
