Mplus VERSION 8.5 (Mac)
MUTHEN & MUTHEN
04/07/2021  10:12 PM

INPUT INSTRUCTIONS

  TITLE: SVNETH LCA - C3 with 5 classes;
  DATA:
  FILE = ETHDtaC3.dat;

  VARIABLE:
  NAMES = id_i
  id_j
  id_r
  id_s
  id_k
  wt
  ws
  ETH1
  ETH2
  ETH3
  ETH4
  ETH5
  IDSTUD;
  IDVARIABLE = IDSTUD;
  USEVARIABLES = ETH1
  ETH2
  ETH3
  ETH4
  ETH5;
  USEOBSERVATIONS ARE id_k EQ 13;
  CATEGORICAL = ETH1
  ETH2
  ETH3
  ETH4
  ETH5;
  MISSING = .;
  CLASSES = c(5);
  WEIGHT = ws;
  STRATIFICATION = id_s;
  CLUSTER = id_j;

  ANALYSIS:
  TYPE = COMPLEX MIXTURE;
  PROCESSORS = 4;
  STARTS = 1000 250;
  STITERATIONS = 20;
  STSEED = 288;

  MODEL:
  %OVERALL%

  OUTPUT:
  TECH10
  TECH11
  SVALUES
  ;

  SAVEDATA:
  FILE = Prob_SVN_ETHlca_C3cl5.dat;
  SAVE = CPROBABILITIES;



*** WARNING in VARIABLE command
  When a subpopulation is analyzed with TYPE=COMPLEX, standard errors
  may be incorrect.  Use the SUBPOPULATION option instead of the
  USEOBSERVATIONS option to obtain correct standard errors.
*** WARNING
  Data set contains cases with missing on all variables.
  These cases were not included in the analysis.
  Number of cases with missing on all variables:  24
   2 WARNING(S) FOUND IN THE INPUT INSTRUCTIONS



SVNETH LCA - C3 with 5 classes;

SUMMARY OF ANALYSIS

Number of groups                                                 1
Number of observations                                        2820

Number of dependent variables                                    5
Number of independent variables                                  0
Number of continuous latent variables                            0
Number of categorical latent variables                           1

Observed dependent variables

  Binary and ordered categorical (ordinal)
   ETH1        ETH2        ETH3        ETH4        ETH5

Categorical latent variables
   C

Variables with special functions

  Stratification        ID_S
  Cluster variable      ID_J
  Weight variable       WS
  ID variable           IDSTUD

Estimator                                                      MLR
Information matrix                                        OBSERVED
Optimization Specifications for the Quasi-Newton Algorithm for
Continuous Outcomes
  Maximum number of iterations                                 100
  Convergence criterion                                  0.100D-05
Optimization Specifications for the EM Algorithm
  Maximum number of iterations                                 500
  Convergence criteria
    Loglikelihood change                                 0.100D-06
    Relative loglikelihood change                        0.100D-06
    Derivative                                           0.100D-05
Optimization Specifications for the M step of the EM Algorithm for
Categorical Latent variables
  Number of M step iterations                                    1
  M step convergence criterion                           0.100D-05
  Basis for M step termination                           ITERATION
Optimization Specifications for the M step of the EM Algorithm for
Censored, Binary or Ordered Categorical (Ordinal), Unordered
Categorical (Nominal) and Count Outcomes
  Number of M step iterations                                    1
  M step convergence criterion                           0.100D-05
  Basis for M step termination                           ITERATION
  Maximum value for logit thresholds                            15
  Minimum value for logit thresholds                           -15
  Minimum expected cell size for chi-square              0.100D-01
Maximum number of iterations for H1                           2000
Convergence criterion for H1                             0.100D-03
Optimization algorithm                                         EMA
Random Starts Specifications
  Number of initial stage random starts                       1000
  Number of final stage optimizations                          250
  Number of initial stage iterations                            20
  Initial stage convergence criterion                    0.100D+01
  Random starts scale                                    0.500D+01
  Random seed for generating random starts                     288
Link                                                         LOGIT

Input data file(s)
  ETHDtaC3.dat
Input data format  FREE


SUMMARY OF DATA

     Number of missing data patterns            10
     Number of y missing data patterns           0
     Number of u missing data patterns          10
     Number of strata                           73
     Number of clusters                        145


COVARIANCE COVERAGE OF DATA

Minimum covariance coverage value   0.100


     PROPORTION OF DATA PRESENT FOR U


           Covariance Coverage
              ETH1          ETH2          ETH3          ETH4          ETH5
              ________      ________      ________      ________      ________
 ETH1           0.999
 ETH2           0.997         0.998
 ETH3           0.994         0.993         0.995
 ETH4           0.995         0.994         0.992         0.996
 ETH5           0.998         0.996         0.993         0.995         0.998


UNIVARIATE PROPORTIONS AND COUNTS FOR CATEGORICAL VARIABLES

    ETH1
      Category 1    0.936         2636.798
      Category 2    0.064          181.315
    ETH2
      Category 1    0.906         2548.796
      Category 2    0.094          264.119
    ETH3
      Category 1    0.922         2587.315
      Category 2    0.078          217.702
    ETH4
      Category 1    0.671         1882.717
      Category 2    0.329          924.289
    ETH5
      Category 1    0.914         2573.687
      Category 2    0.086          240.892


RANDOM STARTS RESULTS RANKED FROM THE BEST TO THE WORST LOGLIKELIHOOD VALUES

Final stage loglikelihood values at local maxima, seeds, and initial stage start numbers:

           -4248.439  684094           580
           -4248.439  263678           491
           -4248.439  454608           451
           -4248.439  719116           992
           -4248.439  943264           132
           -4248.439  564698           515
           -4248.439  719428           129
           -4248.439  862516           26
           -4248.439  924010           464
           -4248.439  859868           243
           -4248.439  125830           187
           -4248.439  32588            319
           -4248.439  897732           380
           -4248.439  737206           176
           -4248.439  102664           540
           -4248.439  196458           747
           -4248.439  529702           963
           -4248.439  126060           290
           -4248.439  222182           214
           -4248.439  445592           47
           -4248.439  674652           601
           -4248.439  572536           358
           -4248.439  826323           125
           -4248.439  160604           121
           -4248.439  223610           725
           -4248.439  369474           935
           -4248.439  210588           50
           -4248.456  210983           209
           -4248.456  412669           59
           -4248.456  337946           661
           -4249.377  414035           84
           -4249.377  983784           118
           -4252.585  426635           9
           -4252.602  267084           27
           -4252.602  676549           225
           -4253.152  973788           188
           -4253.457  920957           62
           -4254.178  71590            341
           -4254.187  808818           46

211 perturbed starting value run(s) did not converge or were rejected in the third stage.



THE BEST LOGLIKELIHOOD VALUE HAS BEEN REPLICATED.  RERUN WITH AT LEAST TWICE THE
RANDOM STARTS TO CHECK THAT THE BEST LOGLIKELIHOOD IS STILL OBTAINED AND REPLICATED.

     IN THE OPTIMIZATION, ONE OR MORE LOGIT THRESHOLDS APPROACHED EXTREME VALUES
     OF -15.000 AND 15.000 AND WERE FIXED TO STABILIZE MODEL ESTIMATION.  THESE
     VALUES IMPLY PROBABILITIES OF 0 AND 1.  IN THE MODEL RESULTS SECTION, THESE
     PARAMETERS HAVE 0 STANDARD ERRORS AND 999 IN THE Z-SCORE AND P-VALUE COLUMNS.


     WARNING:  THE VARIANCE CONTRIBUTION FROM A STRATUM WITH A SINGLE CLUSTER
     (PSU) IS BASED ON THE DIFFERENCE BETWEEN THE SINGLE CLUSTER VALUE AND
     THE OVERALL CLUSTER MEAN.




THE MODEL ESTIMATION TERMINATED NORMALLY



MODEL FIT INFORMATION

Number of Free Parameters                       29

Loglikelihood

          H0 Value                       -4248.439
          H0 Scaling Correction Factor      1.1275
            for MLR

Information Criteria

          Akaike (AIC)                    8554.877
          Bayesian (BIC)                  8727.267
          Sample-Size Adjusted BIC        8635.124
            (n* = (n + 2) / 24)

Chi-Square Test of Model Fit for the Binary and Ordered Categorical
(Ordinal) Outcomes

          Pearson Chi-Square

          Value                             10.408
          Degrees of Freedom                     2
          P-Value                           0.0055

          Likelihood Ratio Chi-Square

          Value                              5.007
          Degrees of Freedom                     2
          P-Value                           0.0818

Chi-Square Test for MCAR under the Unrestricted Latent Class Indicator Model

          Pearson Chi-Square

          Value                            254.665
          Degrees of Freedom                    93
          P-Value                           0.0000

          Likelihood Ratio Chi-Square

          Value                             69.252
          Degrees of Freedom                    93
          P-Value                           0.9690



FINAL CLASS COUNTS AND PROPORTIONS FOR THE LATENT CLASSES
BASED ON THE ESTIMATED MODEL

    Latent
   Classes

       1         48.83524          0.01732
       2       2156.80748          0.76483
       3        466.47018          0.16541
       4         53.79978          0.01908
       5         94.08731          0.03336


FINAL CLASS COUNTS AND PROPORTIONS FOR THE LATENT CLASSES
BASED ON ESTIMATED POSTERIOR PROBABILITIES

    Latent
   Classes

       1         48.83524          0.01732
       2       2156.80748          0.76483
       3        466.47018          0.16541
       4         53.79978          0.01908
       5         94.08731          0.03336


FINAL CLASS COUNTS AND PROPORTIONS FOR THE LATENT CLASSES
BASED ON THEIR MOST LIKELY LATENT CLASS MEMBERSHIP

Class Counts and Proportions

    Latent
   Classes

       1               38          0.01360
       2             2322          0.82353
       3              336          0.11907
       4               57          0.02011
       5               67          0.02369


CLASSIFICATION QUALITY

     Entropy                         0.813


Average Latent Class Probabilities for Most Likely Latent Class Membership (Row)
by Latent Class (Column)

           1        2        3        4        5

    1   0.964    0.005    0.000    0.000    0.030
    2   0.002    0.914    0.081    0.000    0.003
    3   0.000    0.087    0.829    0.000    0.083
    4   0.035    0.000    0.000    0.941    0.023
    5   0.083    0.057    0.000    0.006    0.854


Classification Probabilities for the Most Likely Latent Class Membership (Column)
by Latent Class (Row)

           1        2        3        4        5

    1   0.757    0.086    0.002    0.041    0.114
    2   0.000    0.985    0.014    0.000    0.002
    3   0.000    0.403    0.597    0.000    0.000
    4   0.000    0.000    0.000    0.992    0.008
    5   0.012    0.070    0.298    0.014    0.606


Logits for the Classification Probabilities for the Most Likely Latent Class Membership (Column)
by Latent Class (Row)

              1        2        3        4        5

    1      1.895   -0.286   -3.851   -1.026    0.000
    2     -2.897    6.323    2.041   -7.477    0.000
    3      0.000   12.908   13.299    0.000    0.000
    4     -8.947   -8.947   -8.947    4.861    0.000
    5     -3.887   -2.160   -0.711   -3.756    0.000


MODEL RESULTS

                                                    Two-Tailed
                    Estimate       S.E.  Est./S.E.    P-Value

Latent Class 1

 Thresholds
    ETH1$1           -15.000      0.000    999.000    999.000
    ETH2$1             0.691      0.452      1.528      0.127
    ETH3$1            -0.284      0.658     -0.432      0.666
    ETH4$1             1.282      1.018      1.258      0.208
    ETH5$1            -0.575      0.451     -1.277      0.202

Latent Class 2

 Thresholds
    ETH1$1             4.733      0.334     14.187      0.000
    ETH2$1             4.942      1.212      4.077      0.000
    ETH3$1             4.998      0.902      5.539      0.000
    ETH4$1             1.097      0.073     15.102      0.000
    ETH5$1            15.000      0.000    999.000    999.000

Latent Class 3

 Thresholds
    ETH1$1            15.000      0.000    999.000    999.000
    ETH2$1             1.158      0.237      4.889      0.000
    ETH3$1             1.052      0.316      3.334      0.001
    ETH4$1             0.013      0.201      0.067      0.947
    ETH5$1             0.908      0.300      3.027      0.002

Latent Class 4

 Thresholds
    ETH1$1           -15.000      0.000    999.000    999.000
    ETH2$1           -15.000      0.000    999.000    999.000
    ETH3$1           -15.000      0.000    999.000    999.000
    ETH4$1           -15.000      0.000    999.000    999.000
    ETH5$1            -1.814      0.659     -2.755      0.006

Latent Class 5

 Thresholds
    ETH1$1            -0.565      0.794     -0.712      0.476
    ETH2$1            -0.996      0.431     -2.309      0.021
    ETH3$1             3.424      4.930      0.694      0.487
    ETH4$1            -4.210      6.346     -0.663      0.507
    ETH5$1             0.746      0.425      1.754      0.079

Categorical Latent Variables

 Means
    C#1               -0.656      0.663     -0.988      0.323
    C#2                3.132      0.397      7.882      0.000
    C#3                1.601      0.564      2.839      0.005
    C#4               -0.559      0.533     -1.050      0.294


RESULTS IN PROBABILITY SCALE

Latent Class 1

 ETH1
    Category 1         0.000      0.000      0.000      1.000
    Category 2         1.000      0.000      0.000      1.000
 ETH2
    Category 1         0.666      0.101      6.625      0.000
    Category 2         0.334      0.101      3.321      0.001
 ETH3
    Category 1         0.429      0.161      2.662      0.008
    Category 2         0.571      0.161      3.537      0.000
 ETH4
    Category 1         0.783      0.173      4.519      0.000
    Category 2         0.217      0.173      1.255      0.210
 ETH5
    Category 1         0.360      0.104      3.467      0.001
    Category 2         0.640      0.104      6.165      0.000

Latent Class 2

 ETH1
    Category 1         0.991      0.003    343.696      0.000
    Category 2         0.009      0.003      3.024      0.002
 ETH2
    Category 1         0.993      0.009    116.361      0.000
    Category 2         0.007      0.009      0.831      0.406
 ETH3
    Category 1         0.993      0.006    165.271      0.000
    Category 2         0.007      0.006      1.116      0.265
 ETH4
    Category 1         0.750      0.014     55.001      0.000
    Category 2         0.250      0.014     18.365      0.000
 ETH5
    Category 1         1.000      0.000      0.000      1.000
    Category 2         0.000      0.000      0.000      1.000

Latent Class 3

 ETH1
    Category 1         1.000      0.000      0.000      1.000
    Category 2         0.000      0.000      0.000      1.000
 ETH2
    Category 1         0.761      0.043     17.661      0.000
    Category 2         0.239      0.043      5.547      0.000
 ETH3
    Category 1         0.741      0.061     12.244      0.000
    Category 2         0.259      0.061      4.274      0.000
 ETH4
    Category 1         0.503      0.050      9.998      0.000
    Category 2         0.497      0.050      9.865      0.000
 ETH5
    Category 1         0.713      0.061     11.600      0.000
    Category 2         0.287      0.061      4.680      0.000

Latent Class 4

 ETH1
    Category 1         0.000      0.000      0.000      1.000
    Category 2         1.000      0.000      0.000      1.000
 ETH2
    Category 1         0.000      0.000      0.000      1.000
    Category 2         1.000      0.000      0.000      1.000
 ETH3
    Category 1         0.000      0.000      0.000      1.000
    Category 2         1.000      0.000      0.000      1.000
 ETH4
    Category 1         0.000      0.000      0.000      1.000
    Category 2         1.000      0.000      0.000      1.000
 ETH5
    Category 1         0.140      0.079      1.766      0.077
    Category 2         0.860      0.079     10.838      0.000

Latent Class 5

 ETH1
    Category 1         0.362      0.183      1.975      0.048
    Category 2         0.638      0.183      3.477      0.001
 ETH2
    Category 1         0.270      0.085      3.174      0.002
    Category 2         0.730      0.085      8.593      0.000
 ETH3
    Category 1         0.968      0.151      6.428      0.000
    Category 2         0.032      0.151      0.209      0.834
 ETH4
    Category 1         0.015      0.091      0.160      0.873
    Category 2         0.985      0.091     10.775      0.000
 ETH5
    Category 1         0.678      0.093      7.312      0.000
    Category 2         0.322      0.093      3.469      0.001


LATENT CLASS ODDS RATIO RESULTS

                                                95% C.I.
                    Estimate       S.E.  Lower 2.5% Upper 2.5%

Latent Class 1 Compared to Latent Class 2

 ETH1
    Category > 1   *********      0.000  *********  *********
 ETH2
    Category > 1      70.200     91.610      5.439    906.062
 ETH3
    Category > 1     196.819    210.311     24.238   1598.211
 ETH4
    Category > 1       0.831      0.851      0.112      6.181
 ETH5
    Category > 1   *********      0.000  *********  *********

Latent Class 1 Compared to Latent Class 3

 ETH1
    Category > 1   *********      0.000  *********  *********
 ETH2
    Category > 1       1.596      0.808      0.592      4.304
 ETH3
    Category > 1       3.806      2.694      0.950     15.243
 ETH4
    Category > 1       0.281      0.277      0.041      1.936
 ETH5
    Category > 1       4.407      2.326      1.566     12.402

Latent Class 1 Compared to Latent Class 4

 ETH1
    Category > 1       1.000      0.000      1.000      1.000
 ETH2
    Category > 1       0.000      0.000      0.000      0.000
 ETH3
    Category > 1       0.000      0.000      0.000      0.000
 ETH4
    Category > 1       0.000      0.000      0.000      0.000
 ETH5
    Category > 1       0.290      0.190      0.080      1.050

Latent Class 1 Compared to Latent Class 5

 ETH1
    Category > 1   *********      0.000  *********  *********
 ETH2
    Category > 1       0.185      0.111      0.057      0.597
 ETH3
    Category > 1      40.774    194.477      0.004  *********
 ETH4
    Category > 1       0.004      0.024      0.000    470.094
 ETH5
    Category > 1       3.748      1.648      1.583      8.872

Latent Class 2 Compared to Latent Class 3

 ETH1
    Category > 1   28758.107      0.000  28758.105  28758.105
 ETH2
    Category > 1       0.023      0.030      0.002      0.313
 ETH3
    Category > 1       0.019      0.020      0.003      0.142
 ETH4
    Category > 1       0.338      0.079      0.214      0.536
 ETH5
    Category > 1       0.000      0.000      0.000      0.000

Latent Class 2 Compared to Latent Class 4

 ETH1
    Category > 1       0.000      0.000      0.000      0.000
 ETH2
    Category > 1       0.000      0.000      0.000      0.000
 ETH3
    Category > 1       0.000      0.000      0.000      0.000
 ETH4
    Category > 1       0.000      0.000      0.000      0.000
 ETH5
    Category > 1       0.000      0.000      0.000      0.000

Latent Class 2 Compared to Latent Class 5

 ETH1
    Category > 1       0.005      0.004      0.001      0.027
 ETH2
    Category > 1       0.003      0.003      0.000      0.032
 ETH3
    Category > 1       0.207      1.069      0.000   5106.507
 ETH4
    Category > 1       0.005      0.031      0.000   1238.422
 ETH5
    Category > 1       0.000      0.000      0.000      0.000

Latent Class 3 Compared to Latent Class 4

 ETH1
    Category > 1       0.000      0.000      0.000      0.000
 ETH2
    Category > 1       0.000      0.000      0.000      0.000
 ETH3
    Category > 1       0.000      0.000      0.000      0.000
 ETH4
    Category > 1       0.000      0.000      0.000      0.000
 ETH5
    Category > 1       0.066      0.047      0.016      0.269

Latent Class 3 Compared to Latent Class 5

 ETH1
    Category > 1       0.000      0.000      0.000      0.000
 ETH2
    Category > 1       0.116      0.059      0.043      0.313
 ETH3
    Category > 1      10.714     52.722      0.001  *********
 ETH4
    Category > 1       0.015      0.093      0.000   3687.759
 ETH5
    Category > 1       0.850      0.423      0.321      2.255

Latent Class 4 Compared to Latent Class 5

 ETH1
    Category > 1   *********      0.000  *********  *********
 ETH2
    Category > 1   *********      0.000  *********  *********
 ETH3
    Category > 1   *********      0.000  *********  *********
 ETH4
    Category > 1   48519.891      0.000  48519.898  48519.898
 ETH5
    Category > 1      12.937      9.357      3.134     53.393


QUALITY OF NUMERICAL RESULTS

     Condition Number for the Information Matrix              0.544E-04
       (ratio of smallest to largest eigenvalue)


MODEL COMMAND WITH FINAL ESTIMATES USED AS STARTING VALUES

     %OVERALL%

     [ c#1*-0.65577 ];
     [ c#2*3.13216 ];
     [ c#3*1.60097 ];
     [ c#4*-0.55895 ];

     %C#1%

     [ eth1$1*-15 ];
     [ eth2$1*0.69056 ];
     [ eth3$1*-0.28415 ];
     [ eth4$1*1.28161 ];
     [ eth5$1*-0.57546 ];

     %C#2%

     [ eth1$1*4.73333 ];
     [ eth2$1*4.94192 ];
     [ eth3$1*4.99813 ];
     [ eth4$1*1.09692 ];
     [ eth5$1*15 ];

     %C#3%

     [ eth1$1*15 ];
     [ eth2$1*1.15803 ];
     [ eth3$1*1.05237 ];
     [ eth4$1*0.01342 ];
     [ eth5$1*0.90772 ];

     %C#4%

     [ eth1$1*-15 ];
     [ eth2$1*-15 ];
     [ eth3$1*-15 ];
     [ eth4$1*-15 ];
     [ eth5$1*-1.81443 ];

     %C#5%

     [ eth1$1*-0.56544 ];
     [ eth2$1*-0.99605 ];
     [ eth3$1*3.42390 ];
     [ eth4$1*-4.21027 ];
     [ eth5$1*0.74563 ];



TECHNICAL 10 OUTPUT


     MODEL FIT INFORMATION FOR THE LATENT CLASS INDICATOR MODEL PART


     RESPONSE PATTERNS

     No.  Pattern    No.  Pattern    No.  Pattern    No.  Pattern
       1  00000        2  00001        3  00010        4  00011
       5  00100        6  00101        7  00110        8  00111
       9  01000       10  01001       11  01010       12  01011
      13  01100       14  01101       15  01110       16  01111
      17  10000       18  10001       19  10010       20  10011
      21  10100       22  10101       23  10110       24  10111
      25  11000       26  11001       27  11010       28  11011
      29  11100       30  11101       31  11110       32  11111
      33  000*0       34  011*0       35  100*0       36  0***0
      37  0**10       38  00*00       39  00*10       40  00*11
      41  10*11       42  11*10       43  0000*       44  0001*
      45  1101*       46  0*000       47  0*001       48  0*100
      49  1*001       50  *0000       51  *0100       52  00**0
      53  1****


     RESPONSE PATTERN FREQUENCIES AND CHI-SQUARE CONTRIBUTIONS

    Response          Frequency     Standardized  Chi-square Contribution
     Pattern    Observed  Estimated   Residual    Pearson   Loglikelihood  Deleted
                                     (z-score)
         1      1661.62    1653.86       0.28      -0.01        -1.98
         2        35.89      37.63      -0.26       0.08        -2.61
         3       619.55     618.88       0.03       0.00         2.23
         4        37.27      39.87      -0.39       0.10        -1.76
         5        43.23      43.06       0.02      -0.04         2.92
         6        14.07      13.12       0.24       0.07         1.60
         7        32.31      35.80      -0.54       0.34        -6.93
         8        15.82      13.04       0.72       0.57         7.45
         9        40.40      40.64      -0.04       0.00        -1.44
        10        14.00      11.92       0.56       0.36         4.79
        11        51.73      48.50       0.43       0.21         5.54
        12        17.25      19.19      -0.41       0.19        -4.12
        13         9.35      10.30      -0.28       0.05        -0.59
        14         2.26       4.13      -0.85       0.84        -2.78
        15        11.40      10.62       0.22       0.03         2.71
        16         3.31       4.31      -0.45       0.23        -1.84
        17        18.40      17.77       0.14       0.01         2.18
        18         5.23       6.98      -0.61       0.37        -1.81
        19        12.92      16.00      -0.72       0.59        -4.92
        20         8.44       6.82       0.57       0.27         5.56
        21         4.88       5.26      -0.15       0.03        -0.59
        22        10.31       9.18       0.34       0.14         2.20
        23         1.99       1.80       0.13       0.02         0.36
        24         1.69       2.71      -0.57       0.36        -1.20
        25         2.24       2.46      -0.13       0.02        -0.46
        26         3.81       3.66       0.07      -0.04         1.19
        27        27.94      28.57      -0.11      -0.06         1.69
        28        12.96      14.24      -0.31       0.11        -1.78
        29         2.92       2.60       0.18       0.04         0.62
        30         4.09       4.61      -0.22       0.06        -1.05
        31         8.91       9.07      -0.05       0.00        -0.01
        32        47.80      47.38       0.06       0.00         0.00
        33         7.91       8.35      -0.33       0.00         0.00
        34         1.27       0.08       4.02       0.98         0.12
        35         1.04       0.12       2.43      -0.46        -0.11
        36         1.04       0.92       0.34       0.00         0.00
        37         1.11       0.29       1.67       0.01         0.00
        38         2.05       6.77      -2.69       0.00         0.00
        39         3.70       2.61       0.72      -0.01        -0.03
        40         2.99       0.21       5.66       1.92         0.28
        41         1.36       0.04       6.28       7.87         0.48
        42         1.00       0.15       2.06       0.15         0.05
        43         1.87       2.85      -0.86       0.00        -0.01
        44         1.37       1.11       0.26       0.00         0.00
        45         1.46       0.07       4.81      -0.05         0.00
        46         0.90       2.56      -1.54       0.00         0.00
        47         1.14       0.07       3.63       0.30         0.04
        48         0.98       0.08       2.96       0.25         0.04
        49         1.19       0.02       8.61      -4.27        -0.11
        50         0.78       1.13      -0.49       0.00         0.00
        51         1.11       0.03       5.54       0.88         0.05
        52         1.00       0.85       0.40       0.00         0.00
        53         0.72       0.05       3.01       0.00         0.00

     THE TOTAL PEARSON CHI-SQUARE CONTRIBUTION FROM EMPTY CELLS IS         0.01


     UNIVARIATE MODEL FIT INFORMATION

                               Estimated Probabilities
                                                  Standardized
     Variable              H1           H0          Residual
                                                   (z-score)
     ETH1
       Category 1        0.936        0.936           0.001
       Category 2        0.064        0.064          -0.001
       Univariate Pearson Chi-Square                  0.000
       Univariate Log-Likelihood Chi-Square           0.000
     ETH2
       Category 1        0.906        0.906          -0.008
       Category 2        0.094        0.094           0.008
       Univariate Pearson Chi-Square                  0.000
       Univariate Log-Likelihood Chi-Square           0.000
     ETH3
       Category 1        0.922        0.922           0.002
       Category 2        0.078        0.078          -0.002
       Univariate Pearson Chi-Square                  0.000
       Univariate Log-Likelihood Chi-Square           0.000
     ETH4
       Category 1        0.671        0.671           0.001
       Category 2        0.329        0.329          -0.001
       Univariate Pearson Chi-Square                  0.000
       Univariate Log-Likelihood Chi-Square           0.000
     ETH5
       Category 1        0.914        0.914           0.002
       Category 2        0.086        0.086          -0.002
       Univariate Pearson Chi-Square                  0.000
       Univariate Log-Likelihood Chi-Square           0.000

       Overall Univariate Pearson Chi-Square                         0.000
       Overall Univariate Log-Likelihood Chi-Square                  0.000


     BIVARIATE MODEL FIT INFORMATION

                                              Estimated Probabilities
                                                                 Standardized
     Variable       Variable              H1           H0          Residual
                                                                  (z-score)
     ETH1           ETH2
       Category 1     Category 1        0.882        0.882          -0.005
       Category 1     Category 2        0.054        0.054           0.007
       Category 2     Category 1        0.024        0.024          -0.006
       Category 2     Category 2        0.040        0.040           0.004
       Bivariate Pearson Chi-Square                                  0.000
       Bivariate Log-Likelihood Chi-Square                           0.000
     ETH1           ETH3
       Category 1     Category 1        0.887        0.887          -0.008
       Category 1     Category 2        0.048        0.048           0.012
       Category 2     Category 1        0.035        0.035           0.017
       Category 2     Category 2        0.030        0.030          -0.019
       Bivariate Pearson Chi-Square                                  0.001
       Bivariate Log-Likelihood Chi-Square                           0.001
     ETH1           ETH4
       Category 1     Category 1        0.652        0.652          -0.030
       Category 1     Category 2        0.284        0.284           0.032
       Category 2     Category 1        0.019        0.019           0.106
       Category 2     Category 2        0.045        0.045          -0.070
       Bivariate Pearson Chi-Square                                  0.019
       Bivariate Log-Likelihood Chi-Square                           0.019
     ETH1           ETH5
       Category 1     Category 1        0.885        0.884           0.052
       Category 1     Category 2        0.051        0.051          -0.074
       Category 2     Category 1        0.030        0.030          -0.094
       Category 2     Category 2        0.035        0.034           0.087
       Bivariate Pearson Chi-Square                                  0.025
       Bivariate Log-Likelihood Chi-Square                           0.025
     ETH2           ETH3
       Category 1     Category 1        0.860        0.861          -0.117
       Category 1     Category 2        0.045        0.045           0.184
       Category 2     Category 1        0.062        0.061           0.171
       Category 2     Category 2        0.033        0.033          -0.215
       Bivariate Pearson Chi-Square                                  0.124
       Bivariate Log-Likelihood Chi-Square                           0.124
     ETH2           ETH4
       Category 1     Category 1        0.642        0.642           0.022
       Category 1     Category 2        0.264        0.264          -0.030
       Category 2     Category 1        0.029        0.029          -0.063
       Category 2     Category 2        0.066        0.065           0.052
       Bivariate Pearson Chi-Square                                  0.008
       Bivariate Log-Likelihood Chi-Square                           0.008
     ETH2           ETH5
       Category 1     Category 1        0.858        0.859          -0.196
       Category 1     Category 2        0.048        0.046           0.313
       Category 2     Category 1        0.056        0.055           0.302
       Category 2     Category 2        0.038        0.039          -0.342
       Bivariate Pearson Chi-Square                                  0.347
       Bivariate Log-Likelihood Chi-Square                           0.347
     ETH3           ETH4
       Category 1     Category 1        0.637        0.638          -0.018
       Category 1     Category 2        0.285        0.285           0.020
       Category 2     Category 1        0.033        0.033           0.049
       Category 2     Category 2        0.045        0.045          -0.045
       Bivariate Pearson Chi-Square                                  0.005
       Bivariate Log-Likelihood Chi-Square                           0.005
     ETH3           ETH5
       Category 1     Category 1        0.872        0.872           0.054
       Category 1     Category 2        0.050        0.050          -0.080
       Category 2     Category 1        0.042        0.043          -0.087
       Category 2     Category 2        0.036        0.035           0.092
       Bivariate Pearson Chi-Square                                  0.025
       Bivariate Log-Likelihood Chi-Square                           0.025
     ETH4           ETH5
       Category 1     Category 1        0.638        0.638           0.010
       Category 1     Category 2        0.033        0.033          -0.026
       Category 2     Category 1        0.276        0.276          -0.010
       Category 2     Category 2        0.053        0.053           0.018
       Bivariate Pearson Chi-Square                                  0.001
       Bivariate Log-Likelihood Chi-Square                           0.001

       Overall Bivariate Pearson Chi-Square                          0.556
       Overall Bivariate Log-Likelihood Chi-Square                   0.556


TECHNICAL 11 OUTPUT

     Random Starts Specifications for the k-1 Class Analysis Model
        Number of initial stage random starts                1000
        Number of final stage optimizations                   250



     VUONG-LO-MENDELL-RUBIN LIKELIHOOD RATIO TEST FOR 4 (H0) VERSUS 5 CLASSES

          H0 Loglikelihood Value                        -4254.994
          2 Times the Loglikelihood Difference             13.112
          Difference in the Number of Parameters                6
          Mean                                              6.931
          Standard Deviation                               30.193
          P-Value                                          0.3885

     LO-MENDELL-RUBIN ADJUSTED LRT TEST

          Value                                            12.842
          P-Value                                          0.3929


SAVEDATA INFORMATION


  Save file
    Prob_SVN_ETHlca_C3cl5.dat

  Order and format of variables

    ETH1           F10.3
    ETH2           F10.3
    ETH3           F10.3
    ETH4           F10.3
    ETH5           F10.3
    CPROB1         F10.3
    CPROB2         F10.3
    CPROB3         F10.3
    CPROB4         F10.3
    CPROB5         F10.3
    C              F10.3
    WS             F10.3
    IDSTUD         I9
    ID_S           I5
    ID_J           I5

  Save file format
    12F10.3 I9 2I5

  Save file record length    10000

  Save missing symbol        *


     Beginning Time:  22:12:19
        Ending Time:  22:12:22
       Elapsed Time:  00:00:03



MUTHEN & MUTHEN
3463 Stoner Ave.
Los Angeles, CA  90066

Tel: (310) 391-9971
Fax: (310) 391-8971
Web: www.StatModel.com
Support: Support@StatModel.com

Copyright (c) 1998-2020 Muthen & Muthen
