Mplus VERSION 8.5 (Mac)
MUTHEN & MUTHEN
04/07/2021  10:09 PM

INPUT INSTRUCTIONS

  TITLE: ESTETH LCA - C3 with 4 classes;
  DATA:
  FILE = ETHDtaC3.dat;

  VARIABLE:
  NAMES = id_i
  id_j
  id_r
  id_s
  id_k
  wt
  ws
  ETH1
  ETH2
  ETH3
  ETH4
  ETH5
  IDSTUD;
  IDVARIABLE = IDSTUD;
  USEVARIABLES = ETH1
  ETH2
  ETH3
  ETH4
  ETH5;
  USEOBSERVATIONS ARE id_k EQ 4;
  CATEGORICAL = ETH1
  ETH2
  ETH3
  ETH4
  ETH5;
  MISSING = .;
  CLASSES = c(4);
  WEIGHT = ws;
  STRATIFICATION = id_s;
  CLUSTER = id_j;

  ANALYSIS:
  TYPE = COMPLEX MIXTURE;
  PROCESSORS = 4;
  STARTS = 1000 250;
  STITERATIONS = 20;
  STSEED = 288;

  MODEL:
  %OVERALL%

  OUTPUT:
  TECH10
  TECH11
  SVALUES
  ;

  SAVEDATA:
  FILE = Prob_EST_ETHlca_C3cl4.dat;
  SAVE = CPROBABILITIES;



*** WARNING in VARIABLE command
  When a subpopulation is analyzed with TYPE=COMPLEX, standard errors
  may be incorrect.  Use the SUBPOPULATION option instead of the
  USEOBSERVATIONS option to obtain correct standard errors.
*** WARNING
  Data set contains cases with missing on all variables.
  These cases were not included in the analysis.
  Number of cases with missing on all variables:  26
   2 WARNING(S) FOUND IN THE INPUT INSTRUCTIONS



ESTETH LCA - C3 with 4 classes;

SUMMARY OF ANALYSIS

Number of groups                                                 1
Number of observations                                        2831

Number of dependent variables                                    5
Number of independent variables                                  0
Number of continuous latent variables                            0
Number of categorical latent variables                           1

Observed dependent variables

  Binary and ordered categorical (ordinal)
   ETH1        ETH2        ETH3        ETH4        ETH5

Categorical latent variables
   C

Variables with special functions

  Stratification        ID_S
  Cluster variable      ID_J
  Weight variable       WS
  ID variable           IDSTUD

Estimator                                                      MLR
Information matrix                                        OBSERVED
Optimization Specifications for the Quasi-Newton Algorithm for
Continuous Outcomes
  Maximum number of iterations                                 100
  Convergence criterion                                  0.100D-05
Optimization Specifications for the EM Algorithm
  Maximum number of iterations                                 500
  Convergence criteria
    Loglikelihood change                                 0.100D-06
    Relative loglikelihood change                        0.100D-06
    Derivative                                           0.100D-05
Optimization Specifications for the M step of the EM Algorithm for
Categorical Latent variables
  Number of M step iterations                                    1
  M step convergence criterion                           0.100D-05
  Basis for M step termination                           ITERATION
Optimization Specifications for the M step of the EM Algorithm for
Censored, Binary or Ordered Categorical (Ordinal), Unordered
Categorical (Nominal) and Count Outcomes
  Number of M step iterations                                    1
  M step convergence criterion                           0.100D-05
  Basis for M step termination                           ITERATION
  Maximum value for logit thresholds                            15
  Minimum value for logit thresholds                           -15
  Minimum expected cell size for chi-square              0.100D-01
Maximum number of iterations for H1                           2000
Convergence criterion for H1                             0.100D-03
Optimization algorithm                                         EMA
Random Starts Specifications
  Number of initial stage random starts                       1000
  Number of final stage optimizations                          250
  Number of initial stage iterations                            20
  Initial stage convergence criterion                    0.100D+01
  Random starts scale                                    0.500D+01
  Random seed for generating random starts                     288
Link                                                         LOGIT

Input data file(s)
  ETHDtaC3.dat
Input data format  FREE


SUMMARY OF DATA

     Number of missing data patterns             9
     Number of y missing data patterns           0
     Number of u missing data patterns           9
     Number of strata                           75
     Number of clusters                        164


COVARIANCE COVERAGE OF DATA

Minimum covariance coverage value   0.100


     PROPORTION OF DATA PRESENT FOR U


           Covariance Coverage
              ETH1          ETH2          ETH3          ETH4          ETH5
              ________      ________      ________      ________      ________
 ETH1           1.000
 ETH2           0.999         0.999
 ETH3           0.997         0.996         0.997
 ETH4           0.995         0.994         0.993         0.995
 ETH5           0.998         0.997         0.996         0.995         0.998


UNIVARIATE PROPORTIONS AND COUNTS FOR CATEGORICAL VARIABLES

    ETH1
      Category 1    0.978         2769.327
      Category 2    0.022           61.673
    ETH2
      Category 1    0.962         2721.137
      Category 2    0.038          106.265
    ETH3
      Category 1    0.910         2567.965
      Category 2    0.090          254.419
    ETH4
      Category 1    0.804         2265.118
      Category 2    0.196          552.238
    ETH5
      Category 1    0.948         2677.085
      Category 2    0.052          147.337


RANDOM STARTS RESULTS RANKED FROM THE BEST TO THE WORST LOGLIKELIHOOD VALUES

Final stage loglikelihood values at local maxima, seeds, and initial stage start numbers:

           -3245.391  488534           375
           -3245.391  980276           455
           -3245.391  56586            165
           -3245.391  871950           369
           -3245.391  756060           566
           -3245.391  280474           891
           -3245.391  587107           65
           -3245.391  699594           29
           -3245.391  859868           243
           -3245.391  304490           920
           -3245.391  27507            988
           -3245.391  993202           419
           -3245.391  125480           300
           -3245.391  160604           121
           -3245.391  794864           130
           -3245.391  660636           718
           -3245.391  203503           196
           -3245.391  799800           828
           -3245.391  498139           229
           -3245.391  933052           57
           -3245.391  953866           508
           -3245.391  341151           77
           -3245.391  572536           358
           -3245.391  223610           725
           -3245.391  986227           24
           -3245.391  47928            36
           -3245.395  983784           118
           -3245.395  892206           245
           -3245.395  345330           590
           -3245.395  729170           117
           -3245.395  88747            955
           -3245.395  445012           686
           -3245.395  926166           281
           -3245.395  839069           885
           -3245.395  40856            480
           -3245.395  336566           384
           -3245.395  125830           187
           -3245.395  481396           619
           -3245.395  890984           102
           -3245.395  90128            72
           -3245.395  160447           354
           -3245.395  289940           934
           -3245.395  372542           484
           -3245.395  613369           829
           -3245.395  622880           337
           -3245.395  611976           753
           -3245.395  737206           176
           -3245.395  384930           486
           -3245.395  130856           647
           -3245.395  400925           111
           -3245.395  504922           402
           -3245.395  799031           305
           -3245.411  21190            525
           -3245.550  706595           749
           -3245.555  718635           450
           -3246.219  365939           33

194 perturbed starting value run(s) did not converge or were rejected in the third stage.



THE BEST LOGLIKELIHOOD VALUE HAS BEEN REPLICATED.  RERUN WITH AT LEAST TWICE THE
RANDOM STARTS TO CHECK THAT THE BEST LOGLIKELIHOOD IS STILL OBTAINED AND REPLICATED.

     IN THE OPTIMIZATION, ONE OR MORE LOGIT THRESHOLDS APPROACHED EXTREME VALUES
     OF -15.000 AND 15.000 AND WERE FIXED TO STABILIZE MODEL ESTIMATION.  THESE
     VALUES IMPLY PROBABILITIES OF 0 AND 1.  IN THE MODEL RESULTS SECTION, THESE
     PARAMETERS HAVE 0 STANDARD ERRORS AND 999 IN THE Z-SCORE AND P-VALUE COLUMNS.


     WARNING:  THE VARIANCE CONTRIBUTION FROM A STRATUM WITH A SINGLE CLUSTER
     (PSU) IS BASED ON THE DIFFERENCE BETWEEN THE SINGLE CLUSTER VALUE AND
     THE OVERALL CLUSTER MEAN.




THE MODEL ESTIMATION TERMINATED NORMALLY



MODEL FIT INFORMATION

Number of Free Parameters                       23

Loglikelihood

          H0 Value                       -3245.391
          H0 Scaling Correction Factor      1.3505
            for MLR

Information Criteria

          Akaike (AIC)                    6536.783
          Bayesian (BIC)                  6673.596
          Sample-Size Adjusted BIC        6600.517
            (n* = (n + 2) / 24)

Chi-Square Test of Model Fit for the Binary and Ordered Categorical
(Ordinal) Outcomes

          Pearson Chi-Square

          Value                              7.618
          Degrees of Freedom                     8
          P-Value                           0.4717

          Likelihood Ratio Chi-Square

          Value                              7.291
          Degrees of Freedom                     8
          P-Value                           0.5056

Chi-Square Test for MCAR under the Unrestricted Latent Class Indicator Model

          Pearson Chi-Square

          Value                             91.907
          Degrees of Freedom                    78
          P-Value                           0.1343

          Likelihood Ratio Chi-Square

          Value                             24.927
          Degrees of Freedom                    78
          P-Value                           1.0000



FINAL CLASS COUNTS AND PROPORTIONS FOR THE LATENT CLASSES
BASED ON THE ESTIMATED MODEL

    Latent
   Classes

       1         33.27319          0.01175
       2        121.69803          0.04299
       3       2274.98461          0.80360
       4        401.04417          0.14166


FINAL CLASS COUNTS AND PROPORTIONS FOR THE LATENT CLASSES
BASED ON ESTIMATED POSTERIOR PROBABILITIES

    Latent
   Classes

       1         33.27319          0.01175
       2        121.69803          0.04299
       3       2274.98461          0.80360
       4        401.04417          0.14166


FINAL CLASS COUNTS AND PROPORTIONS FOR THE LATENT CLASSES
BASED ON THEIR MOST LIKELY LATENT CLASS MEMBERSHIP

Class Counts and Proportions

    Latent
   Classes

       1               33          0.01159
       2               87          0.03083
       3             2561          0.90450
       4              150          0.05308


CLASSIFICATION QUALITY

     Entropy                         0.749


Average Latent Class Probabilities for Most Likely Latent Class Membership (Row)
by Latent Class (Column)

           1        2        3        4

    1   0.878    0.068    0.000    0.054
    2   0.037    0.749    0.062    0.152
    3   0.000    0.018    0.882    0.100
    4   0.008    0.057    0.066    0.869


Classification Probabilities for the Most Likely Latent Class Membership (Column)
by Latent Class (Row)

           1        2        3        4

    1   0.866    0.098    0.001    0.036
    2   0.018    0.537    0.374    0.070
    3   0.000    0.002    0.993    0.004
    4   0.004    0.033    0.637    0.326


Logits for the Classification Probabilities for the Most Likely Latent Class Membership (Column)
by Latent Class (Row)

              1        2        3        4

    1      3.189    1.007   -3.824    0.000
    2     -1.342    2.033    1.672    0.000
    3     -8.383   -0.606    5.425    0.000
    4     -4.307   -2.287    0.671    0.000


MODEL RESULTS

                                                    Two-Tailed
                    Estimate       S.E.  Est./S.E.    P-Value

Latent Class 1

 Thresholds
    ETH1$1            -1.408      0.761     -1.850      0.064
    ETH2$1            -2.830      1.426     -1.985      0.047
    ETH3$1            -1.943      1.567     -1.240      0.215
    ETH4$1            -1.761      1.660     -1.061      0.289
    ETH5$1            -1.544      1.712     -0.902      0.367

Latent Class 2

 Thresholds
    ETH1$1             1.200      0.847      1.417      0.157
    ETH2$1             0.166      2.429      0.068      0.946
    ETH3$1             2.242      4.907      0.457      0.648
    ETH4$1             0.522      1.252      0.417      0.677
    ETH5$1             1.628      1.405      1.158      0.247

Latent Class 3

 Thresholds
    ETH1$1             6.036      4.373      1.380      0.168
    ETH2$1            15.000      0.000    999.000    999.000
    ETH3$1             3.583      0.534      6.711      0.000
    ETH4$1             2.130      0.270      7.900      0.000
    ETH5$1             4.591      0.923      4.972      0.000

Latent Class 4

 Thresholds
    ETH1$1             5.690      5.974      0.952      0.341
    ETH2$1             2.986      3.221      0.927      0.354
    ETH3$1             0.483      0.497      0.972      0.331
    ETH4$1            -0.395      0.608     -0.650      0.516
    ETH5$1             1.429      0.360      3.971      0.000

Categorical Latent Variables

 Means
    C#1               -2.489      0.447     -5.573      0.000
    C#2               -1.193      1.172     -1.017      0.309
    C#3                1.736      0.795      2.184      0.029


RESULTS IN PROBABILITY SCALE

Latent Class 1

 ETH1
    Category 1         0.197      0.120      1.636      0.102
    Category 2         0.803      0.120      6.684      0.000
 ETH2
    Category 1         0.056      0.075      0.743      0.458
    Category 2         0.944      0.075     12.587      0.000
 ETH3
    Category 1         0.125      0.172      0.730      0.465
    Category 2         0.875      0.172      5.093      0.000
 ETH4
    Category 1         0.147      0.208      0.706      0.480
    Category 2         0.853      0.208      4.109      0.000
 ETH5
    Category 1         0.176      0.248      0.709      0.478
    Category 2         0.824      0.248      3.320      0.001

Latent Class 2

 ETH1
    Category 1         0.769      0.151      5.100      0.000
    Category 2         0.231      0.151      1.536      0.125
 ETH2
    Category 1         0.541      0.603      0.898      0.369
    Category 2         0.459      0.603      0.761      0.447
 ETH3
    Category 1         0.904      0.426      2.122      0.034
    Category 2         0.096      0.426      0.225      0.822
 ETH4
    Category 1         0.628      0.293      2.145      0.032
    Category 2         0.372      0.293      1.272      0.203
 ETH5
    Category 1         0.836      0.193      4.336      0.000
    Category 2         0.164      0.193      0.852      0.394

Latent Class 3

 ETH1
    Category 1         0.998      0.010     95.858      0.000
    Category 2         0.002      0.010      0.229      0.819
 ETH2
    Category 1         1.000      0.000      0.000      1.000
    Category 2         0.000      0.000      0.000      1.000
 ETH3
    Category 1         0.973      0.014     69.283      0.000
    Category 2         0.027      0.014      1.925      0.054
 ETH4
    Category 1         0.894      0.026     34.911      0.000
    Category 2         0.106      0.026      4.151      0.000
 ETH5
    Category 1         0.990      0.009    107.833      0.000
    Category 2         0.010      0.009      1.094      0.274

Latent Class 4

 ETH1
    Category 1         0.997      0.020     49.699      0.000
    Category 2         0.003      0.020      0.168      0.867
 ETH2
    Category 1         0.952      0.147      6.461      0.000
    Category 2         0.048      0.147      0.326      0.744
 ETH3
    Category 1         0.618      0.117      5.276      0.000
    Category 2         0.382      0.117      3.256      0.001
 ETH4
    Category 1         0.402      0.146      2.751      0.006
    Category 2         0.598      0.146      4.084      0.000
 ETH5
    Category 1         0.807      0.056     14.379      0.000
    Category 2         0.193      0.056      3.443      0.001


LATENT CLASS ODDS RATIO RESULTS

                                                95% C.I.
                    Estimate       S.E.  Lower 2.5% Upper 2.5%

Latent Class 1 Compared to Latent Class 2

 ETH1
    Category > 1      13.571     16.228      1.302    141.416
 ETH2
    Category > 1      20.005     48.699      0.169   2361.906
 ETH3
    Category > 1      65.697    247.243      0.041  *********
 ETH4
    Category > 1       9.812      9.484      1.476     65.243
 ETH5
    Category > 1      23.848     22.180      3.853    147.619

Latent Class 1 Compared to Latent Class 3

 ETH1
    Category > 1    1708.932   7257.944      0.415  *********
 ETH2
    Category > 1   *********      0.000  *********  *********
 ETH3
    Category > 1     251.199    385.491     12.409   5085.101
 ETH4
    Category > 1      48.952     75.393      2.392   1001.754
 ETH5
    Category > 1     461.698    539.999     46.642   4570.198

Latent Class 1 Compared to Latent Class 4

 ETH1
    Category > 1    1209.139   7329.369      0.008  *********
 ETH2
    Category > 1     335.826   1264.865      0.209  *********
 ETH3
    Category > 1      11.309     15.865      0.723    176.840
 ETH4
    Category > 1       3.920      5.655      0.232     66.254
 ETH5
    Category > 1      19.561     32.324      0.767    498.851

Latent Class 2 Compared to Latent Class 3

 ETH1
    Category > 1     125.928    635.566      0.006  *********
 ETH2
    Category > 1   *********      0.000  *********  *********
 ETH3
    Category > 1       3.824     18.208      0.000  43244.715
 ETH4
    Category > 1       4.989      5.660      0.540     46.091
 ETH5
    Category > 1      19.360     19.725      2.628    142.614

Latent Class 2 Compared to Latent Class 4

 ETH1
    Category > 1      89.099    516.071      0.001  *********
 ETH2
    Category > 1      16.787     92.361      0.000  *********
 ETH3
    Category > 1       0.172      0.801      0.000   1567.851
 ETH4
    Category > 1       0.400      0.442      0.046      3.487
 ETH5
    Category > 1       0.820      1.148      0.053     12.741

Latent Class 3 Compared to Latent Class 4

 ETH1
    Category > 1       0.708      5.552      0.000  *********
 ETH2
    Category > 1       0.000      0.000      0.000      0.000
 ETH3
    Category > 1       0.045      0.023      0.017      0.122
 ETH4
    Category > 1       0.080      0.040      0.030      0.211
 ETH5
    Category > 1       0.042      0.036      0.008      0.223


QUALITY OF NUMERICAL RESULTS

     Condition Number for the Information Matrix              0.132E-03
       (ratio of smallest to largest eigenvalue)


MODEL COMMAND WITH FINAL ESTIMATES USED AS STARTING VALUES

     %OVERALL%

     [ c#1*-2.48932 ];
     [ c#2*-1.19253 ];
     [ c#3*1.73566 ];

     %C#1%

     [ eth1$1*-1.40764 ];
     [ eth2$1*-2.83033 ];
     [ eth3$1*-1.94281 ];
     [ eth4$1*-1.76132 ];
     [ eth5$1*-1.54408 ];

     %C#2%

     [ eth1$1*1.20027 ];
     [ eth2$1*0.16567 ];
     [ eth3$1*2.24224 ];
     [ eth4$1*0.52224 ];
     [ eth5$1*1.62763 ];

     %C#3%

     [ eth1$1*6.03598 ];
     [ eth2$1*15 ];
     [ eth3$1*3.58344 ];
     [ eth4$1*2.12952 ];
     [ eth5$1*4.59083 ];

     %C#4%

     [ eth1$1*5.69002 ];
     [ eth2$1*2.98626 ];
     [ eth3$1*0.48275 ];
     [ eth4$1*-0.39519 ];
     [ eth5$1*1.42947 ];



TECHNICAL 10 OUTPUT


     MODEL FIT INFORMATION FOR THE LATENT CLASS INDICATOR MODEL PART


     RESPONSE PATTERNS

     No.  Pattern    No.  Pattern    No.  Pattern    No.  Pattern
       1  00000        2  00001        3  00010        4  00011
       5  00100        6  00101        7  00110        8  00111
       9  01000       10  01001       11  01010       12  01011
      13  01100       14  01101       15  01110       16  01111
      17  10000       18  10001       19  10010       20  10110
      21  10111       22  11000       23  11001       24  11010
      25  11011       26  11100       27  11101       28  11110
      29  11111       30  000**       31  001**       32  00*00
      33  00*10       34  0*010       35  0*011       36  0000*
      37  000*0       38  001*0       39  100*0       40  00***
      41  00**0       42  0****


     RESPONSE PATTERN FREQUENCIES AND CHI-SQUARE CONTRIBUTIONS

    Response          Frequency     Standardized  Chi-square Contribution
     Pattern    Observed  Estimated   Residual    Pearson   Loglikelihood  Deleted
                                     (z-score)
         1      2042.55    2038.82       0.15       0.00         0.08
         2        42.78      42.51       0.04       0.00         0.07
         3       355.34     357.28      -0.10       0.00        -0.50
         4        30.73      32.10      -0.23       0.02        -0.42
         5       102.84     103.20      -0.03       0.00         0.37
         6        12.01      12.29      -0.07       0.01        -0.54
         7        76.99      77.43      -0.05      -0.01         0.83
         8        17.21      17.22       0.00       0.00        -0.01
         9        24.15      24.04       0.02       0.00        -0.12
        10         4.15       4.98      -0.34       0.14        -1.57
        11        17.81      17.78       0.01       0.00        -0.14
        12         5.29       4.25       0.47       0.25         2.69
        13         4.95       4.65       0.13       0.02         0.57
        14         2.65       1.63       0.74       0.63         2.53
        15         4.69       5.58      -0.35       0.14        -1.71
        16         4.37       4.86      -0.21       0.05        -0.99
        17        11.87      12.07      -0.05       0.00        -0.15
        18         2.04       1.54       0.37       0.16         1.11
        19         6.42       5.22       0.49       0.28         2.79
        20         1.54       0.90       0.63       0.46         1.65
        21         1.26       1.05       0.19       0.04         0.43
        22         6.23       6.17       0.02       0.00         0.01
        23         2.11       1.58       0.39       0.18         1.19
        24         3.18       4.10      -0.42       0.21        -1.67
        25         2.90       2.92      -0.01       0.00        -0.08
        26         2.18       1.22       0.81       0.75         2.50
        27         1.99       2.78      -0.44       0.22        -1.36
        28         3.36       3.69      -0.16       0.03        -0.67
        29        16.27      15.49       0.19       0.04         1.36
        30         1.27       2.38      -1.92       0.00         0.00
        31         1.43       0.20       2.65       0.02         0.00
        32         1.70       3.43      -1.78       0.00         0.00
        33         2.80       0.70       2.55       0.00         0.00
        34         0.51       0.28       0.44       0.00         0.00
        35         1.58       0.03       8.82       2.49         0.09
        36         0.93       0.69       0.53       0.00         0.00
        37         5.81       5.82      -0.01       0.00         0.00
        38         0.68       0.44       0.35       0.00         0.00
        39         0.34       0.04       1.34       0.17         0.04
        40         1.43       1.37       0.24       0.00         0.00
        41         1.17       1.08       0.30       0.00         0.00
        42         1.51       1.48       0.17       0.00         0.00

     THE TOTAL PEARSON CHI-SQUARE CONTRIBUTION FROM EMPTY CELLS IS         2.50


     UNIVARIATE MODEL FIT INFORMATION

                               Estimated Probabilities
                                                  Standardized
     Variable              H1           H0          Residual
                                                   (z-score)
     ETH1
       Category 1        0.978        0.978           0.000
       Category 2        0.022        0.022           0.000
       Univariate Pearson Chi-Square                  0.000
       Univariate Log-Likelihood Chi-Square           0.000
     ETH2
       Category 1        0.962        0.962          -0.004
       Category 2        0.038        0.038           0.004
       Univariate Pearson Chi-Square                  0.000
       Univariate Log-Likelihood Chi-Square           0.000
     ETH3
       Category 1        0.910        0.910           0.000
       Category 2        0.090        0.090           0.000
       Univariate Pearson Chi-Square                  0.000
       Univariate Log-Likelihood Chi-Square           0.000
     ETH4
       Category 1        0.804        0.804          -0.001
       Category 2        0.196        0.196           0.001
       Univariate Pearson Chi-Square                  0.000
       Univariate Log-Likelihood Chi-Square           0.000
     ETH5
       Category 1        0.948        0.948           0.000
       Category 2        0.052        0.052           0.000
       Univariate Pearson Chi-Square                  0.000
       Univariate Log-Likelihood Chi-Square           0.000

       Overall Univariate Pearson Chi-Square                         0.000
       Overall Univariate Log-Likelihood Chi-Square                  0.000


     BIVARIATE MODEL FIT INFORMATION

                                              Estimated Probabilities
                                                                 Standardized
     Variable       Variable              H1           H0          Residual
                                                                  (z-score)
     ETH1           ETH2
       Category 1     Category 1        0.954        0.954          -0.005
       Category 1     Category 2        0.024        0.024           0.007
       Category 2     Category 1        0.008        0.008           0.004
       Category 2     Category 2        0.013        0.014          -0.003
       Bivariate Pearson Chi-Square                                  0.000
       Bivariate Log-Likelihood Chi-Square                           0.000
     ETH1           ETH3
       Category 1     Category 1        0.897        0.897          -0.009
       Category 1     Category 2        0.081        0.081           0.010
       Category 2     Category 1        0.012        0.012           0.023
       Category 2     Category 2        0.009        0.009          -0.027
       Bivariate Pearson Chi-Square                                  0.002
       Bivariate Log-Likelihood Chi-Square                           0.002
     ETH1           ETH4
       Category 1     Category 1        0.795        0.794           0.015
       Category 1     Category 2        0.184        0.184          -0.015
       Category 2     Category 1        0.009        0.010          -0.065
       Category 2     Category 2        0.012        0.012           0.057
       Bivariate Pearson Chi-Square                                  0.009
       Bivariate Log-Likelihood Chi-Square                           0.009
     ETH1           ETH5
       Category 1     Category 1        0.935        0.936          -0.028
       Category 1     Category 2        0.043        0.043           0.034
       Category 2     Category 1        0.012        0.012           0.064
       Category 2     Category 2        0.009        0.010          -0.072
       Bivariate Pearson Chi-Square                                  0.012
       Bivariate Log-Likelihood Chi-Square                           0.012
     ETH2           ETH3
       Category 1     Category 1        0.886        0.886           0.012
       Category 1     Category 2        0.076        0.076          -0.018
       Category 2     Category 1        0.023        0.023          -0.026
       Category 2     Category 2        0.014        0.014           0.040
       Bivariate Pearson Chi-Square                                  0.003
       Bivariate Log-Likelihood Chi-Square                           0.003
     ETH2           ETH4
       Category 1     Category 1        0.787        0.787          -0.044
       Category 1     Category 2        0.176        0.175           0.046
       Category 2     Category 1        0.017        0.017           0.139
       Category 2     Category 2        0.021        0.021          -0.119
       Bivariate Pearson Chi-Square                                  0.040
       Bivariate Log-Likelihood Chi-Square                           0.040
     ETH2           ETH5
       Category 1     Category 1        0.924        0.924           0.076
       Category 1     Category 2        0.038        0.038          -0.108
       Category 2     Category 1        0.024        0.024          -0.131
       Category 2     Category 2        0.014        0.014           0.179
       Bivariate Pearson Chi-Square                                  0.070
       Bivariate Log-Likelihood Chi-Square                           0.069
     ETH3           ETH4
       Category 1     Category 1        0.759        0.759           0.003
       Category 1     Category 2        0.151        0.151          -0.004
       Category 2     Category 1        0.045        0.045          -0.009
       Category 2     Category 2        0.045        0.045           0.009
       Bivariate Pearson Chi-Square                                  0.000
       Bivariate Log-Likelihood Chi-Square                           0.000
     ETH3           ETH5
       Category 1     Category 1        0.877        0.877          -0.005
       Category 1     Category 2        0.032        0.032           0.008
       Category 2     Category 1        0.070        0.070           0.006
       Category 2     Category 2        0.020        0.020          -0.011
       Bivariate Pearson Chi-Square                                  0.000
       Bivariate Log-Likelihood Chi-Square                           0.000
     ETH4           ETH5
       Category 1     Category 1        0.780        0.780           0.010
       Category 1     Category 2        0.024        0.024          -0.028
       Category 2     Category 1        0.168        0.168          -0.011
       Category 2     Category 2        0.028        0.028           0.026
       Bivariate Pearson Chi-Square                                  0.002
       Bivariate Log-Likelihood Chi-Square                           0.002

       Overall Bivariate Pearson Chi-Square                          0.138
       Overall Bivariate Log-Likelihood Chi-Square                   0.137


TECHNICAL 11 OUTPUT

     Random Starts Specifications for the k-1 Class Analysis Model
        Number of initial stage random starts                1000
        Number of final stage optimizations                   250



     VUONG-LO-MENDELL-RUBIN LIKELIHOOD RATIO TEST FOR 3 (H0) VERSUS 4 CLASSES

          H0 Loglikelihood Value                        -3254.366
          2 Times the Loglikelihood Difference             17.950
          Difference in the Number of Parameters                6
          Mean                                             45.734
          Standard Deviation                               60.030
          P-Value                                          0.6382

     LO-MENDELL-RUBIN ADJUSTED LRT TEST

          Value                                            17.581
          P-Value                                          0.6429


SAVEDATA INFORMATION


  Save file
    Prob_EST_ETHlca_C3cl4.dat

  Order and format of variables

    ETH1           F10.3
    ETH2           F10.3
    ETH3           F10.3
    ETH4           F10.3
    ETH5           F10.3
    CPROB1         F10.3
    CPROB2         F10.3
    CPROB3         F10.3
    CPROB4         F10.3
    C              F10.3
    WS             F10.3
    IDSTUD         I9
    ID_S           I4
    ID_J           I4

  Save file format
    11F10.3 I9 2I4

  Save file record length    10000

  Save missing symbol        *


     Beginning Time:  22:09:38
        Ending Time:  22:09:41
       Elapsed Time:  00:00:03



MUTHEN & MUTHEN
3463 Stoner Ave.
Los Angeles, CA  90066

Tel: (310) 391-9971
Fax: (310) 391-8971
Web: www.StatModel.com
Support: Support@StatModel.com

Copyright (c) 1998-2020 Muthen & Muthen
