Mplus VERSION 8.5 (Mac)
MUTHEN & MUTHEN
04/07/2021  10:10 PM

INPUT INSTRUCTIONS

  TITLE: ITAETH LCA - C3 with 4 classes;
  DATA:
  FILE = ETHDtaC3.dat;

  VARIABLE:
  NAMES = id_i
  id_j
  id_r
  id_s
  id_k
  wt
  ws
  ETH1
  ETH2
  ETH3
  ETH4
  ETH5
  IDSTUD;
  IDVARIABLE = IDSTUD;
  USEVARIABLES = ETH1
  ETH2
  ETH3
  ETH4
  ETH5;
  USEOBSERVATIONS ARE id_k EQ 7;
  CATEGORICAL = ETH1
  ETH2
  ETH3
  ETH4
  ETH5;
  MISSING = .;
  CLASSES = c(4);
  WEIGHT = ws;
  STRATIFICATION = id_s;
  CLUSTER = id_j;

  ANALYSIS:
  TYPE = COMPLEX MIXTURE;
  PROCESSORS = 4;
  STARTS = 1000 250;
  STITERATIONS = 20;
  STSEED = 288;

  MODEL:
  %OVERALL%

  OUTPUT:
  TECH10
  TECH11
  SVALUES
  ;

  SAVEDATA:
  FILE = Prob_ITA_ETHlca_C3cl4.dat;
  SAVE = CPROBABILITIES;



*** WARNING in VARIABLE command
  When a subpopulation is analyzed with TYPE=COMPLEX, standard errors
  may be incorrect.  Use the SUBPOPULATION option instead of the
  USEOBSERVATIONS option to obtain correct standard errors.
*** WARNING
  Data set contains cases with missing on all variables.
  These cases were not included in the analysis.
  Number of cases with missing on all variables:  28
   2 WARNING(S) FOUND IN THE INPUT INSTRUCTIONS



ITAETH LCA - C3 with 4 classes;

SUMMARY OF ANALYSIS

Number of groups                                                 1
Number of observations                                        3422

Number of dependent variables                                    5
Number of independent variables                                  0
Number of continuous latent variables                            0
Number of categorical latent variables                           1

Observed dependent variables

  Binary and ordered categorical (ordinal)
   ETH1        ETH2        ETH3        ETH4        ETH5

Categorical latent variables
   C

Variables with special functions

  Stratification        ID_S
  Cluster variable      ID_J
  Weight variable       WS
  ID variable           IDSTUD

Estimator                                                      MLR
Information matrix                                        OBSERVED
Optimization Specifications for the Quasi-Newton Algorithm for
Continuous Outcomes
  Maximum number of iterations                                 100
  Convergence criterion                                  0.100D-05
Optimization Specifications for the EM Algorithm
  Maximum number of iterations                                 500
  Convergence criteria
    Loglikelihood change                                 0.100D-06
    Relative loglikelihood change                        0.100D-06
    Derivative                                           0.100D-05
Optimization Specifications for the M step of the EM Algorithm for
Categorical Latent variables
  Number of M step iterations                                    1
  M step convergence criterion                           0.100D-05
  Basis for M step termination                           ITERATION
Optimization Specifications for the M step of the EM Algorithm for
Censored, Binary or Ordered Categorical (Ordinal), Unordered
Categorical (Nominal) and Count Outcomes
  Number of M step iterations                                    1
  M step convergence criterion                           0.100D-05
  Basis for M step termination                           ITERATION
  Maximum value for logit thresholds                            15
  Minimum value for logit thresholds                           -15
  Minimum expected cell size for chi-square              0.100D-01
Maximum number of iterations for H1                           2000
Convergence criterion for H1                             0.100D-03
Optimization algorithm                                         EMA
Random Starts Specifications
  Number of initial stage random starts                       1000
  Number of final stage optimizations                          250
  Number of initial stage iterations                            20
  Initial stage convergence criterion                    0.100D+01
  Random starts scale                                    0.500D+01
  Random seed for generating random starts                     288
Link                                                         LOGIT

Input data file(s)
  ETHDtaC3.dat
Input data format  FREE


SUMMARY OF DATA

     Number of missing data patterns            12
     Number of y missing data patterns           0
     Number of u missing data patterns          12
     Number of strata                           75
     Number of clusters                        170


COVARIANCE COVERAGE OF DATA

Minimum covariance coverage value   0.100


     PROPORTION OF DATA PRESENT FOR U


           Covariance Coverage
              ETH1          ETH2          ETH3          ETH4          ETH5
              ________      ________      ________      ________      ________
 ETH1           0.998
 ETH2           0.996         0.997
 ETH3           0.995         0.994         0.996
 ETH4           0.993         0.993         0.992         0.994
 ETH5           0.995         0.995         0.994         0.993         0.996


UNIVARIATE PROPORTIONS AND COUNTS FOR CATEGORICAL VARIABLES

    ETH1
      Category 1    0.960         3280.586
      Category 2    0.040          135.238
    ETH2
      Category 1    0.908         3096.442
      Category 2    0.092          315.392
    ETH3
      Category 1    0.943         3216.121
      Category 2    0.057          194.136
    ETH4
      Category 1    0.735         2501.833
      Category 2    0.265          901.302
    ETH5
      Category 1    0.939         3203.068
      Category 2    0.061          206.804


RANDOM STARTS RESULTS RANKED FROM THE BEST TO THE WORST LOGLIKELIHOOD VALUES

Final stage loglikelihood values at local maxima, seeds, and initial stage start numbers:

           -4329.995  319498           137
           -4329.995  737206           176
           -4329.995  56586            165
           -4329.995  116869           93
           -4329.995  811368           379
           -4329.995  115826           928
           -4329.995  29688            817
           -4329.995  259892           742
           -4329.995  986227           24
           -4329.995  486412           946
           -4329.995  133726           623
           -4329.995  105289           162
           -4329.995  369474           935
           -4329.995  527640           903
           -4329.995  426024           330
           -4329.995  692828           170
           -4329.995  125830           187
           -4329.995  884788           184
           -4329.995  933052           57
           -4329.995  334920           663
           -4329.995  440891           101
           -4329.995  518093           107
           -4329.995  901878           440
           -4329.995  916638           370
           -4329.995  125641           204
           -4329.995  687662           201
           -4329.995  568103           403
           -4329.995  491603           479
           -4329.995  280474           891
           -4329.995  722666           152
           -4329.995  723324           90
           -4329.995  453466           557
           -4329.995  109815           166
           -4329.995  845817           820
           -4330.011  790562           348
           -4330.011  307749           656
           -4330.011  3314             35
           -4330.011  498139           229
           -4330.011  914502           897
           -4330.011  179652           583
           -4330.011  139408           978
           -4330.011  953866           508
           -4330.011  926166           281
           -4330.011  223610           725
           -4330.011  532887           942
           -4330.011  27507            988
           -4330.011  125480           300
           -4330.011  224744           658
           -4330.011  210588           50
           -4330.011  290638           666
           -4330.011  184270           234
           -4330.011  12928            511
           -4330.011  724894           55
           -4330.011  533102           589
           -4330.011  193669           367
           -4330.011  47928            36
           -4330.011  154434           394
           -4330.011  304490           920
           -4330.011  56334            616
           -4330.011  445592           47
           -4330.011  710314           248
           -4330.011  611763           126
           -4330.011  799800           828
           -4330.011  572536           358
           -4330.011  191045           25
           -4330.011  513056           385
           -4350.592  699998           861

183 perturbed starting value run(s) did not converge or were rejected in the third stage.



THE BEST LOGLIKELIHOOD VALUE HAS BEEN REPLICATED.  RERUN WITH AT LEAST TWICE THE
RANDOM STARTS TO CHECK THAT THE BEST LOGLIKELIHOOD IS STILL OBTAINED AND REPLICATED.

     IN THE OPTIMIZATION, ONE OR MORE LOGIT THRESHOLDS APPROACHED EXTREME VALUES
     OF -15.000 AND 15.000 AND WERE FIXED TO STABILIZE MODEL ESTIMATION.  THESE
     VALUES IMPLY PROBABILITIES OF 0 AND 1.  IN THE MODEL RESULTS SECTION, THESE
     PARAMETERS HAVE 0 STANDARD ERRORS AND 999 IN THE Z-SCORE AND P-VALUE COLUMNS.




THE MODEL ESTIMATION TERMINATED NORMALLY



MODEL FIT INFORMATION

Number of Free Parameters                       23

Loglikelihood

          H0 Value                       -4329.995
          H0 Scaling Correction Factor      1.2338
            for MLR

Information Criteria

          Akaike (AIC)                    8705.989
          Bayesian (BIC)                  8847.163
          Sample-Size Adjusted BIC        8774.081
            (n* = (n + 2) / 24)

Chi-Square Test of Model Fit for the Binary and Ordered Categorical
(Ordinal) Outcomes

          Pearson Chi-Square

          Value                             75.696
          Degrees of Freedom                     8
          P-Value                           0.0000

          Likelihood Ratio Chi-Square

          Value                             26.211
          Degrees of Freedom                     8
          P-Value                           0.0010

Chi-Square Test for MCAR under the Unrestricted Latent Class Indicator Model

          Pearson Chi-Square

          Value                            192.279
          Degrees of Freedom                    91
          P-Value                           0.0000

          Likelihood Ratio Chi-Square

          Value                             43.493
          Degrees of Freedom                    91
          P-Value                           1.0000



FINAL CLASS COUNTS AND PROPORTIONS FOR THE LATENT CLASSES
BASED ON THE ESTIMATED MODEL

    Latent
   Classes

       1        146.28041          0.04275
       2         76.69549          0.02241
       3        577.94284          0.16889
       4       2621.08126          0.76595


FINAL CLASS COUNTS AND PROPORTIONS FOR THE LATENT CLASSES
BASED ON ESTIMATED POSTERIOR PROBABILITIES

    Latent
   Classes

       1        146.28041          0.04275
       2         76.69549          0.02241
       3        577.94284          0.16889
       4       2621.08126          0.76595


FINAL CLASS COUNTS AND PROPORTIONS FOR THE LATENT CLASSES
BASED ON THEIR MOST LIKELY LATENT CLASS MEMBERSHIP

Class Counts and Proportions

    Latent
   Classes

       1              144          0.04195
       2               74          0.02166
       3              250          0.07306
       4             2954          0.86333


CLASSIFICATION QUALITY

     Entropy                         0.816


Average Latent Class Probabilities for Most Likely Latent Class Membership (Row)
by Latent Class (Column)

           1        2        3        4

    1   0.997    0.003    0.000    0.000
    2   0.033    0.936    0.031    0.000
    3   0.002    0.027    0.941    0.030
    4   0.000    0.000    0.115    0.885


Classification Probabilities for the Most Likely Latent Class Membership (Column)
by Latent Class (Row)

           1        2        3        4

    1   0.978    0.017    0.003    0.002
    2   0.006    0.905    0.089    0.000
    3   0.000    0.004    0.407    0.589
    4   0.000    0.000    0.003    0.997


Logits for the Classification Probabilities for the Most Likely Latent Class Membership (Column)
by Latent Class (Row)

              1        2        3        4

    1      6.169    2.103    0.369    0.000
    2      3.965    8.993    6.674    0.000
    3    -13.286   -5.010   -0.370    0.000
    4    -13.813  -13.813   -5.844    0.000


MODEL RESULTS

                                                    Two-Tailed
                    Estimate       S.E.  Est./S.E.    P-Value

Latent Class 1

 Thresholds
    ETH1$1             2.496      0.404      6.181      0.000
    ETH2$1             0.370      0.161      2.297      0.022
    ETH3$1             0.707      0.169      4.184      0.000
    ETH4$1             0.105      0.183      0.571      0.568
    ETH5$1           -15.000      0.000    999.000    999.000

Latent Class 2

 Thresholds
    ETH1$1           -15.000      0.000    999.000    999.000
    ETH2$1           -15.000      0.000    999.000    999.000
    ETH3$1            -0.815      0.469     -1.740      0.082
    ETH4$1            -2.807      1.287     -2.181      0.029
    ETH5$1            -1.396      0.972     -1.436      0.151

Latent Class 3

 Thresholds
    ETH1$1             2.434      0.865      2.815      0.005
    ETH2$1             0.797      0.745      1.070      0.284
    ETH3$1             2.211      0.333      6.639      0.000
    ETH4$1            -0.883      0.173     -5.116      0.000
    ETH5$1            15.000      0.000    999.000    999.000

Latent Class 4

 Thresholds
    ETH1$1             7.637      4.325      1.766      0.077
    ETH2$1            15.000      0.000    999.000    999.000
    ETH3$1             4.254      0.392     10.855      0.000
    ETH4$1             1.849      0.485      3.811      0.000
    ETH5$1            15.000      0.000    999.000    999.000

Categorical Latent Variables

 Means
    C#1               -2.886      0.133    -21.633      0.000
    C#2               -3.531      0.281    -12.566      0.000
    C#3               -1.512      0.533     -2.836      0.005


RESULTS IN PROBABILITY SCALE

Latent Class 1

 ETH1
    Category 1         0.924      0.028     32.521      0.000
    Category 2         0.076      0.028      2.680      0.007
 ETH2
    Category 1         0.591      0.039     15.201      0.000
    Category 2         0.409      0.039     10.501      0.000
 ETH3
    Category 1         0.670      0.037     17.915      0.000
    Category 2         0.330      0.037      8.830      0.000
 ETH4
    Category 1         0.526      0.046     11.521      0.000
    Category 2         0.474      0.046     10.378      0.000
 ETH5
    Category 1         0.000      0.000      0.000      1.000
    Category 2         1.000      0.000      0.000      1.000

Latent Class 2

 ETH1
    Category 1         0.000      0.000      0.000      1.000
    Category 2         1.000      0.000      0.000      1.000
 ETH2
    Category 1         0.000      0.000      0.000      1.000
    Category 2         1.000      0.000      0.000      1.000
 ETH3
    Category 1         0.307      0.100      3.079      0.002
    Category 2         0.693      0.100      6.957      0.000
 ETH4
    Category 1         0.057      0.069      0.824      0.410
    Category 2         0.943      0.069     13.644      0.000
 ETH5
    Category 1         0.198      0.155      1.283      0.200
    Category 2         0.802      0.155      5.184      0.000

Latent Class 3

 ETH1
    Category 1         0.919      0.064     14.349      0.000
    Category 2         0.081      0.064      1.258      0.208
 ETH2
    Category 1         0.689      0.160      4.322      0.000
    Category 2         0.311      0.160      1.947      0.052
 ETH3
    Category 1         0.901      0.030     30.396      0.000
    Category 2         0.099      0.030      3.333      0.001
 ETH4
    Category 1         0.293      0.036      8.190      0.000
    Category 2         0.707      0.036     19.804      0.000
 ETH5
    Category 1         1.000      0.000      0.000      1.000
    Category 2         0.000      0.000      0.000      1.000

Latent Class 4

 ETH1
    Category 1         1.000      0.002    479.548      0.000
    Category 2         0.000      0.002      0.231      0.817
 ETH2
    Category 1         1.000      0.000      0.000      1.000
    Category 2         0.000      0.000      0.000      1.000
 ETH3
    Category 1         0.986      0.005    182.218      0.000
    Category 2         0.014      0.005      2.588      0.010
 ETH4
    Category 1         0.864      0.057     15.156      0.000
    Category 2         0.136      0.057      2.385      0.017
 ETH5
    Category 1         1.000      0.000      0.000      1.000
    Category 2         0.000      0.000      0.000      1.000


LATENT CLASS ODDS RATIO RESULTS

                                                95% C.I.
                    Estimate       S.E.  Lower 2.5% Upper 2.5%

Latent Class 1 Compared to Latent Class 2

 ETH1
    Category > 1       0.000      0.000      0.000      0.000
 ETH2
    Category > 1       0.000      0.000      0.000      0.000
 ETH3
    Category > 1       0.218      0.108      0.083      0.576
 ETH4
    Category > 1       0.054      0.072      0.004      0.721
 ETH5
    Category > 1   *********      0.000  *********  *********

Latent Class 1 Compared to Latent Class 3

 ETH1
    Category > 1       0.940      0.856      0.158      5.599
 ETH2
    Category > 1       1.533      1.105      0.374      6.293
 ETH3
    Category > 1       4.496      1.693      2.149      9.404
 ETH4
    Category > 1       0.372      0.091      0.231      0.601
 ETH5
    Category > 1   *********      0.000  *********  *********

Latent Class 1 Compared to Latent Class 4

 ETH1
    Category > 1     170.840    762.777      0.027  *********
 ETH2
    Category > 1   *********      0.000  *********  *********
 ETH3
    Category > 1      34.708     15.018     14.863     81.047
 ETH4
    Category > 1       5.724      3.097      1.982     16.532
 ETH5
    Category > 1   *********      0.000  *********  *********

Latent Class 2 Compared to Latent Class 3

 ETH1
    Category > 1   *********      0.000  *********  *********
 ETH2
    Category > 1   *********      0.000  *********  *********
 ETH3
    Category > 1      20.611      7.529     10.073     42.172
 ETH4
    Category > 1       6.845      8.798      0.551     84.993
 ETH5
    Category > 1   *********      0.000  *********  *********

Latent Class 2 Compared to Latent Class 4

 ETH1
    Category > 1   *********      0.000  *********  *********
 ETH2
    Category > 1   *********      0.000  *********  *********
 ETH3
    Category > 1     159.127     66.396     70.238    360.509
 ETH4
    Category > 1     105.187    103.175     15.382    719.282
 ETH5
    Category > 1   *********      0.000  *********  *********

Latent Class 3 Compared to Latent Class 4

 ETH1
    Category > 1     181.753    853.335      0.018  *********
 ETH2
    Category > 1   *********      0.000  *********  *********
 ETH3
    Category > 1       7.721      3.251      3.383     17.621
 ETH4
    Category > 1      15.366      7.556      5.861     40.286
 ETH5
    Category > 1       1.000      0.000      1.000      1.000


QUALITY OF NUMERICAL RESULTS

     Condition Number for the Information Matrix              0.216E-03
       (ratio of smallest to largest eigenvalue)


MODEL COMMAND WITH FINAL ESTIMATES USED AS STARTING VALUES

     %OVERALL%

     [ c#1*-2.88582 ];
     [ c#2*-3.53150 ];
     [ c#3*-1.51187 ];

     %C#1%

     [ eth1$1*2.49598 ];
     [ eth2$1*0.36989 ];
     [ eth3$1*0.70743 ];
     [ eth4$1*0.10452 ];
     [ eth5$1*-15 ];

     %C#2%

     [ eth1$1*-15 ];
     [ eth2$1*-15 ];
     [ eth3$1*-0.81531 ];
     [ eth4$1*-2.80662 ];
     [ eth5$1*-1.39646 ];

     %C#3%

     [ eth1$1*2.43406 ];
     [ eth2$1*0.79726 ];
     [ eth3$1*2.21051 ];
     [ eth4$1*-0.88304 ];
     [ eth5$1*15 ];

     %C#4%

     [ eth1$1*7.63671 ];
     [ eth2$1*15 ];
     [ eth3$1*4.25440 ];
     [ eth4$1*1.84912 ];
     [ eth5$1*15 ];



TECHNICAL 10 OUTPUT


     MODEL FIT INFORMATION FOR THE LATENT CLASS INDICATOR MODEL PART


     RESPONSE PATTERNS

     No.  Pattern    No.  Pattern    No.  Pattern    No.  Pattern
       1  00000        2  00001        3  00010        4  00011
       5  00100        6  00101        7  00110        8  00111
       9  01000       10  01001       11  01010       12  01011
      13  01100       14  01101       15  01110       16  01111
      17  10000       18  10001       19  10010       20  10011
      21  10100       22  10101       23  10110       24  11000
      25  11001       26  11010       27  11011       28  11100
      29  11101       30  11110       31  11111       32  00*00
      33  00*10       34  01*01       35  11*00       36  0000*
      37  0001*       38  1000*       39  0*000       40  0*010
      41  0****       42  000*0       43  000*1       44  001*0
      45  010*0       46  **0**       47  000**       48  *1***
      49  0*0**       50  *0000       51  *0101       52  ***00



     RESPONSE PATTERN FREQUENCIES AND CHI-SQUARE CONTRIBUTIONS

    Response          Frequency     Standardized  Chi-square Contribution
     Pattern    Observed  Estimated   Residual    Pearson   Loglikelihood  Deleted
                                     (z-score)
         1      2309.57    2302.35       0.25       0.01         2.93
         2        25.32      27.85      -0.45       0.23        -4.13
         3       573.94     578.23      -0.18       0.03        -4.62
         4        22.15      25.09      -0.55       0.34        -4.77
         5        39.47      41.81      -0.34       0.13        -3.93
         6        14.85      13.73       0.29       0.06         3.64
         7        38.69      30.25       1.45       2.35        19.92
         8        14.08      12.37       0.46       0.24         3.36
         9        41.09      43.02      -0.28       0.09        -3.65
        10        20.26      19.24       0.22       0.04         3.22
        11       108.30     104.04       0.40       0.17         9.03
        12        19.08      17.33       0.40       0.18         3.45
        13         2.66       4.72      -0.89       0.90        -3.08
        14         8.33       9.48      -0.35       0.13        -1.71
        15         4.96      11.41      -1.80       3.65        -8.33
        16         7.69       8.54      -0.28       0.09        -1.73
        17         8.98       9.44      -0.14      -0.03         0.50
        18         3.36       2.30       0.66       0.47         3.07
        19        13.42      20.41      -1.46       2.39       -11.55
        20         3.41       2.07       0.88       0.88         3.35
        21         2.13       0.93       1.17       1.54         3.47
        22         0.93       1.13      -0.18       0.04        -0.29
        23         1.87       2.22      -0.22       0.06        -0.69
        24         5.01       4.04       0.46       0.19         3.10
        25         1.13       2.65      -0.88       0.87        -1.94
        26        18.78      13.47       1.37       2.09        12.20
        27        17.88      19.01      -0.25       0.07        -2.46
        28         3.98       1.01       2.79       8.74        11.69
        29         1.41       3.18      -0.94       0.99        -2.32
        30         6.89      10.84      -1.13       1.43        -6.34
        31        43.97      40.45       0.52       0.30         6.66
        32         2.59       5.25      -1.97       0.00         0.00
        33         3.05       1.36       1.50       0.06         0.07
        34         0.99       0.06       3.44       0.34         0.05
        35         0.96       0.01       8.38      39.59         1.28
        36         0.93       2.75      -1.86       0.00         0.00
        37         1.93       0.71       1.51      -0.04        -0.03
        38         1.13       0.01       8.97      11.10         0.29
        39         2.84       2.79       0.05       0.00         0.00
        40         1.19       0.81       0.44       0.00         0.01
        41         2.02       1.94       0.27       0.00         0.00
        42         7.41       9.13      -1.39       0.00         0.00
        43         1.08       0.17       2.11      -0.67        -0.20
        44         1.34       0.23       2.21       0.66         0.24
        45         0.90       0.47       0.61       0.02         0.03
        46         1.13       1.07       0.25       0.00         0.00
        47         1.90       1.65       0.51       0.00        -0.01
        48         1.12       0.10       3.13       0.00         0.00
        49         1.96       1.81       0.39       0.00         0.00
        50         2.01       1.98       0.04       0.00         0.00
        51         0.89       0.01       7.31       6.07         0.18
        52         1.02       0.73       0.61       0.00         0.00

     THE TOTAL PEARSON CHI-SQUARE CONTRIBUTION FROM EMPTY CELLS IS         1.05


     UNIVARIATE MODEL FIT INFORMATION

                               Estimated Probabilities
                                                  Standardized
     Variable              H1           H0          Residual
                                                   (z-score)
     ETH1
       Category 1        0.960        0.960           0.000
       Category 2        0.040        0.040           0.000
       Univariate Pearson Chi-Square                  0.000
       Univariate Log-Likelihood Chi-Square           0.000
     ETH2
       Category 1        0.908        0.908          -0.001
       Category 2        0.092        0.092           0.001
       Univariate Pearson Chi-Square                  0.000
       Univariate Log-Likelihood Chi-Square           0.000
     ETH3
       Category 1        0.943        0.943          -0.014
       Category 2        0.057        0.057           0.014
       Univariate Pearson Chi-Square                  0.000
       Univariate Log-Likelihood Chi-Square           0.000
     ETH4
       Category 1        0.735        0.735          -0.004
       Category 2        0.265        0.265           0.004
       Univariate Pearson Chi-Square                  0.000
       Univariate Log-Likelihood Chi-Square           0.000
     ETH5
       Category 1        0.939        0.939          -0.005
       Category 2        0.061        0.061           0.005
       Univariate Pearson Chi-Square                  0.000
       Univariate Log-Likelihood Chi-Square           0.000

       Overall Univariate Pearson Chi-Square                         0.000
       Overall Univariate Log-Likelihood Chi-Square                  0.000


     BIVARIATE MODEL FIT INFORMATION

                                              Estimated Probabilities
                                                                 Standardized
     Variable       Variable              H1           H0          Residual
                                                                  (z-score)
     ETH1           ETH2
       Category 1     Category 1        0.897        0.896           0.245
       Category 1     Category 2        0.063        0.064          -0.306
       Category 2     Category 1        0.010        0.012          -0.699
       Category 2     Category 2        0.029        0.028           0.456
       Bivariate Pearson Chi-Square                                  0.877
       Bivariate Log-Likelihood Chi-Square                           0.896
     ETH1           ETH3
       Category 1     Category 1        0.921        0.921           0.011
       Category 1     Category 2        0.039        0.039          -0.016
       Category 2     Category 1        0.022        0.022          -0.042
       Category 2     Category 2        0.018        0.018           0.047
       Bivariate Pearson Chi-Square                                  0.005
       Bivariate Log-Likelihood Chi-Square                           0.005
     ETH1           ETH4
       Category 1     Category 1        0.726        0.728          -0.155
       Category 1     Category 2        0.234        0.233           0.163
       Category 2     Category 1        0.009        0.007           0.791
       Category 2     Category 2        0.031        0.032          -0.380
       Bivariate Pearson Chi-Square                                  0.887
       Bivariate Log-Likelihood Chi-Square                           0.853
     ETH1           ETH5
       Category 1     Category 1        0.921        0.921          -0.001
       Category 1     Category 2        0.039        0.039           0.001
       Category 2     Category 1        0.018        0.018          -0.007
       Category 2     Category 2        0.021        0.021           0.007
       Bivariate Pearson Chi-Square                                  0.000
       Bivariate Log-Likelihood Chi-Square                           0.000
     ETH2           ETH3
       Category 1     Category 1        0.874        0.877          -0.488
       Category 1     Category 2        0.033        0.031           0.930
       Category 2     Category 1        0.069        0.066           0.633
       Category 2     Category 2        0.024        0.026          -0.977
       Bivariate Pearson Chi-Square                                  2.445
       Bivariate Log-Likelihood Chi-Square                           2.450
     ETH2           ETH4
       Category 1     Category 1        0.710        0.709           0.059
       Category 1     Category 2        0.198        0.199          -0.068
       Category 2     Category 1        0.025        0.026          -0.180
       Category 2     Category 2        0.067        0.067           0.115
       Bivariate Pearson Chi-Square                                  0.055
       Bivariate Log-Likelihood Chi-Square                           0.055
     ETH2           ETH5
       Category 1     Category 1        0.882        0.882          -0.004
       Category 1     Category 2        0.025        0.025           0.007
       Category 2     Category 1        0.057        0.057           0.000
       Category 2     Category 2        0.035        0.035           0.000
       Bivariate Pearson Chi-Square                                  0.000
       Bivariate Log-Likelihood Chi-Square                           0.000
     ETH3           ETH4
       Category 1     Category 1        0.713        0.713           0.019
       Category 1     Category 2        0.230        0.230          -0.029
       Category 2     Category 1        0.022        0.022          -0.071
       Category 2     Category 2        0.035        0.035           0.076
       Bivariate Pearson Chi-Square                                  0.013
       Bivariate Log-Likelihood Chi-Square                           0.013
     ETH3           ETH5
       Category 1     Category 1        0.909        0.909           0.083
       Category 1     Category 2        0.034        0.034          -0.149
       Category 2     Category 1        0.030        0.030          -0.146
       Category 2     Category 2        0.027        0.027           0.176
       Bivariate Pearson Chi-Square                                  0.082
       Bivariate Log-Likelihood Chi-Square                           0.082
     ETH4           ETH5
       Category 1     Category 1        0.712        0.711           0.063
       Category 1     Category 2        0.023        0.024          -0.201
       Category 2     Category 1        0.227        0.228          -0.071
       Category 2     Category 2        0.038        0.037           0.167
       Bivariate Pearson Chi-Square                                  0.080
       Bivariate Log-Likelihood Chi-Square                           0.081

       Overall Bivariate Pearson Chi-Square                          4.444
       Overall Bivariate Log-Likelihood Chi-Square                   4.435


TECHNICAL 11 OUTPUT

     Random Starts Specifications for the k-1 Class Analysis Model
        Number of initial stage random starts                1000
        Number of final stage optimizations                   250



     VUONG-LO-MENDELL-RUBIN LIKELIHOOD RATIO TEST FOR 3 (H0) VERSUS 4 CLASSES

          H0 Loglikelihood Value                        -4353.998
          2 Times the Loglikelihood Difference             48.007
          Difference in the Number of Parameters                6
          Mean                                             16.998
          Standard Deviation                               28.104
          P-Value                                          0.1142

     LO-MENDELL-RUBIN ADJUSTED LRT TEST

          Value                                            47.043
          P-Value                                          0.1189


SAVEDATA INFORMATION


  Save file
    Prob_ITA_ETHlca_C3cl4.dat

  Order and format of variables

    ETH1           F10.3
    ETH2           F10.3
    ETH3           F10.3
    ETH4           F10.3
    ETH5           F10.3
    CPROB1         F10.3
    CPROB2         F10.3
    CPROB3         F10.3
    CPROB4         F10.3
    C              F10.3
    WS             F10.3
    IDSTUD         I9
    ID_S           I5
    ID_J           I5

  Save file format
    11F10.3 I9 2I5

  Save file record length    10000

  Save missing symbol        *


     Beginning Time:  22:10:29
        Ending Time:  22:10:32
       Elapsed Time:  00:00:03



MUTHEN & MUTHEN
3463 Stoner Ave.
Los Angeles, CA  90066

Tel: (310) 391-9971
Fax: (310) 391-8971
Web: www.StatModel.com
Support: Support@StatModel.com

Copyright (c) 1998-2020 Muthen & Muthen
