Mplus VERSION 8.5 (Mac)
MUTHEN & MUTHEN
04/07/2021  10:09 PM

INPUT INSTRUCTIONS

  TITLE: DNKETH LCA - C3 with 6 classes;
  DATA:
  FILE = ETHDtaC3.dat;

  VARIABLE:
  NAMES = id_i
  id_j
  id_r
  id_s
  id_k
  wt
  ws
  ETH1
  ETH2
  ETH3
  ETH4
  ETH5
  IDSTUD;
  IDVARIABLE = IDSTUD;
  USEVARIABLES = ETH1
  ETH2
  ETH3
  ETH4
  ETH5;
  USEOBSERVATIONS ARE id_k EQ 3;
  CATEGORICAL = ETH1
  ETH2
  ETH3
  ETH4
  ETH5;
  MISSING = .;
  CLASSES = c(6);
  WEIGHT = ws;
  STRATIFICATION = id_s;
  CLUSTER = id_j;

  ANALYSIS:
  TYPE = COMPLEX MIXTURE;
  PROCESSORS = 4;
  STARTS = 1000 250;
  STITERATIONS = 20;
  STSEED = 288;

  MODEL:
  %OVERALL%

  OUTPUT:
  TECH10
  TECH11
  SVALUES
  ;

  SAVEDATA:
  FILE = Prob_DNK_ETHlca_C3cl6.dat;
  SAVE = CPROBABILITIES;



*** WARNING in VARIABLE command
  When a subpopulation is analyzed with TYPE=COMPLEX, standard errors
  may be incorrect.  Use the SUBPOPULATION option instead of the
  USEOBSERVATIONS option to obtain correct standard errors.
*** WARNING
  Data set contains cases with missing on all variables.
  These cases were not included in the analysis.
  Number of cases with missing on all variables:  314
   2 WARNING(S) FOUND IN THE INPUT INSTRUCTIONS



DNKETH LCA - C3 with 6 classes;

SUMMARY OF ANALYSIS

Number of groups                                                 1
Number of observations                                        5940

Number of dependent variables                                    5
Number of independent variables                                  0
Number of continuous latent variables                            0
Number of categorical latent variables                           1

Observed dependent variables

  Binary and ordered categorical (ordinal)
   ETH1        ETH2        ETH3        ETH4        ETH5

Categorical latent variables
   C

Variables with special functions

  Stratification        ID_S
  Cluster variable      ID_J
  Weight variable       WS
  ID variable           IDSTUD

Estimator                                                      MLR
Information matrix                                        OBSERVED
Optimization Specifications for the Quasi-Newton Algorithm for
Continuous Outcomes
  Maximum number of iterations                                 100
  Convergence criterion                                  0.100D-05
Optimization Specifications for the EM Algorithm
  Maximum number of iterations                                 500
  Convergence criteria
    Loglikelihood change                                 0.100D-06
    Relative loglikelihood change                        0.100D-06
    Derivative                                           0.100D-05
Optimization Specifications for the M step of the EM Algorithm for
Categorical Latent variables
  Number of M step iterations                                    1
  M step convergence criterion                           0.100D-05
  Basis for M step termination                           ITERATION
Optimization Specifications for the M step of the EM Algorithm for
Censored, Binary or Ordered Categorical (Ordinal), Unordered
Categorical (Nominal) and Count Outcomes
  Number of M step iterations                                    1
  M step convergence criterion                           0.100D-05
  Basis for M step termination                           ITERATION
  Maximum value for logit thresholds                            15
  Minimum value for logit thresholds                           -15
  Minimum expected cell size for chi-square              0.100D-01
Maximum number of iterations for H1                           2000
Convergence criterion for H1                             0.100D-03
Optimization algorithm                                         EMA
Random Starts Specifications
  Number of initial stage random starts                       1000
  Number of final stage optimizations                          250
  Number of initial stage iterations                            20
  Initial stage convergence criterion                    0.100D+01
  Random starts scale                                    0.500D+01
  Random seed for generating random starts                     288
Link                                                         LOGIT

Input data file(s)
  ETHDtaC3.dat
Input data format  FREE


SUMMARY OF DATA

     Number of missing data patterns            20
     Number of y missing data patterns           0
     Number of u missing data patterns          20
     Number of strata                           75
     Number of clusters                        183


COVARIANCE COVERAGE OF DATA

Minimum covariance coverage value   0.100


     PROPORTION OF DATA PRESENT FOR U


           Covariance Coverage
              ETH1          ETH2          ETH3          ETH4          ETH5
              ________      ________      ________      ________      ________
 ETH1           0.997
 ETH2           0.995         0.996
 ETH3           0.990         0.991         0.993
 ETH4           0.984         0.984         0.981         0.987
 ETH5           0.993         0.993         0.990         0.984         0.996


UNIVARIATE PROPORTIONS AND COUNTS FOR CATEGORICAL VARIABLES

    ETH1
      Category 1    0.953         5650.145
      Category 2    0.047          275.934
    ETH2
      Category 1    0.939         5555.598
      Category 2    0.061          363.474
    ETH3
      Category 1    0.869         5126.407
      Category 2    0.131          770.987
    ETH4
      Category 1    0.714         4188.022
      Category 2    0.286         1680.925
    ETH5
      Category 1    0.930         5502.467
      Category 2    0.070          415.258


RANDOM STARTS RESULTS RANKED FROM THE BEST TO THE WORST LOGLIKELIHOOD VALUES

Final stage loglikelihood values at local maxima, seeds, and initial stage start numbers:

           -8277.612  983784           118
           -8277.722  527640           903
           -8277.722  229006           675
           -8277.858  842046           255
           -8277.859  601798           881
           -8277.859  334920           663
           -8277.859  775133           71
           -8277.859  82268            959
           -8277.890  626683           277
           -8277.890  468408           60
           -8277.890  714348           218
           -8277.890  800324           312
           -8277.891  302904           999
           -8277.894  514978           7
           -8277.908  101419           200
           -8277.947  56586            165
           -8277.954  756060           566
           -8278.014  95624            561
           -8278.019  673475           190
           -8278.033  901878           440
           -8278.041  999536           563
           -8278.041  482364           454
           -8278.051  247466           56
           -8278.063  677398           941
           -8278.075  219014           75
           -8278.081  267084           27
           -8278.088  328890           145
           -8278.248  83824            267
           -8278.248  603925           654
           -8278.254  911649           875
           -8278.607  55441            599
           -8278.633  333699           364
           -8278.805  447449           500
           -8278.955  920430           230
           -8278.994  718445           89
           -8279.159  256224           144
           -8279.640  996880           39
           -8279.643  390603           192
           -8279.732  210588           50
           -8280.031  862527           105

210 perturbed starting value run(s) did not converge or were rejected in the third stage.



     WARNING:  THE BEST LOGLIKELIHOOD VALUE WAS NOT REPLICATED.  THE
     SOLUTION MAY NOT BE TRUSTWORTHY DUE TO LOCAL MAXIMA.  INCREASE THE
     NUMBER OF RANDOM STARTS.

     IN THE OPTIMIZATION, ONE OR MORE LOGIT THRESHOLDS APPROACHED EXTREME VALUES
     OF -15.000 AND 15.000 AND WERE FIXED TO STABILIZE MODEL ESTIMATION.  THESE
     VALUES IMPLY PROBABILITIES OF 0 AND 1.  IN THE MODEL RESULTS SECTION, THESE
     PARAMETERS HAVE 0 STANDARD ERRORS AND 999 IN THE Z-SCORE AND P-VALUE COLUMNS.




THE MODEL ESTIMATION TERMINATED NORMALLY



MODEL FIT INFORMATION

Number of Free Parameters                       35

Loglikelihood

          H0 Value                       -8277.612
          H0 Scaling Correction Factor      1.2787
            for MLR

Information Criteria

          Akaike (AIC)                   16625.224
          Bayesian (BIC)                 16859.355
          Sample-Size Adjusted BIC       16748.135
            (n* = (n + 2) / 24)

Chi-Square Test of Model Fit for the Binary and Ordered Categorical
(Ordinal) Outcomes

          Pearson Chi-Square

          Value                              0.000
          Degrees of freedom cannot be computed for this model part.

          Likelihood Ratio Chi-Square

          Value                              0.000
          Degrees of freedom cannot be computed for this model part.

Chi-Square Test for MCAR under the Unrestricted Latent Class Indicator Model

          Pearson Chi-Square

          Value                            256.930
          Degrees of Freedom                   147
          P-Value                           0.0000

          Likelihood Ratio Chi-Square

          Value                             97.426
          Degrees of Freedom                   147
          P-Value                           0.9994



FINAL CLASS COUNTS AND PROPORTIONS FOR THE LATENT CLASSES
BASED ON THE ESTIMATED MODEL

    Latent
   Classes

       1        897.08063          0.15102
       2        162.62880          0.02738
       3        324.87083          0.05469
       4       4246.31221          0.71487
       5         29.03827          0.00489
       6        280.06926          0.04715


FINAL CLASS COUNTS AND PROPORTIONS FOR THE LATENT CLASSES
BASED ON ESTIMATED POSTERIOR PROBABILITIES

    Latent
   Classes

       1        897.08063          0.15102
       2        162.62880          0.02738
       3        324.87083          0.05469
       4       4246.31221          0.71487
       5         29.03827          0.00489
       6        280.06926          0.04715


FINAL CLASS COUNTS AND PROPORTIONS FOR THE LATENT CLASSES
BASED ON THEIR MOST LIKELY LATENT CLASS MEMBERSHIP

Class Counts and Proportions

    Latent
   Classes

       1             1374          0.23126
       2              168          0.02833
       3              311          0.05236
       4             3872          0.65191
       5               19          0.00315
       6              196          0.03300


CLASSIFICATION QUALITY

     Entropy                         0.848


Average Latent Class Probabilities for Most Likely Latent Class Membership (Row)
by Latent Class (Column)

           1        2        3        4        5        6

    1   0.638    0.000    0.091    0.233    0.000    0.037
    2   0.001    0.877    0.021    0.000    0.064    0.038
    3   0.015    0.006    0.613    0.358    0.009    0.000
    4   0.002    0.000    0.000    0.985    0.000    0.012
    5   0.008    0.000    0.161    0.000    0.831    0.000
    6   0.038    0.067    0.004    0.000    0.000    0.891


Classification Probabilities for the Most Likely Latent Class Membership (Column)
by Latent Class (Row)

           1        2        3        4        5        6

    1   0.977    0.000    0.005    0.009    0.000    0.008
    2   0.001    0.907    0.011    0.000    0.000    0.081
    3   0.386    0.011    0.587    0.004    0.009    0.002
    4   0.075    0.000    0.026    0.898    0.000    0.000
    5   0.000    0.369    0.096    0.000    0.535    0.000
    6   0.184    0.023    0.000    0.171    0.000    0.623


Logits for the Classification Probabilities for the Most Likely Latent Class Membership (Column)
by Latent Class (Row)

              1        2        3        4        5        6

    1      4.767   -3.847   -0.489    0.064   -3.904    0.000
    2     -4.504    2.414   -2.037   -7.370  -11.305    0.000
    3      5.123    1.550    5.542    0.619    1.394    0.000
    4     11.230    0.000   10.173   13.708    0.000    0.000
    5      6.010   12.819   11.469    3.398   13.190    0.000
    6     -1.223   -3.319  -13.343   -1.296  -13.343    0.000


MODEL RESULTS

                                                    Two-Tailed
                    Estimate       S.E.  Est./S.E.    P-Value

Latent Class 1

 Thresholds
    ETH1$1             5.098      2.395      2.128      0.033
    ETH2$1             5.363      6.951      0.772      0.440
    ETH3$1             1.283      0.512      2.505      0.012
    ETH4$1            -9.246     15.555     -0.594      0.552
    ETH5$1             1.900      0.522      3.643      0.000

Latent Class 2

 Thresholds
    ETH1$1            -2.134      0.528     -4.042      0.000
    ETH2$1           -15.000      0.000    999.000    999.000
    ETH3$1            -0.748      0.287     -2.609      0.009
    ETH4$1           -15.000      0.000    999.000    999.000
    ETH5$1            -1.670      0.400     -4.175      0.000

Latent Class 3

 Thresholds
    ETH1$1             2.881      0.996      2.892      0.004
    ETH2$1             2.008      0.709      2.831      0.005
    ETH3$1           -15.000      0.000    999.000    999.000
    ETH4$1             0.123      0.557      0.220      0.826
    ETH5$1             1.909      0.647      2.951      0.003

Latent Class 4

 Thresholds
    ETH1$1            15.000      0.000    999.000    999.000
    ETH2$1            15.000      0.000    999.000    999.000
    ETH3$1             3.531      0.864      4.089      0.000
    ETH4$1             2.495      1.104      2.259      0.024
    ETH5$1             5.018      0.267     18.766      0.000

Latent Class 5

 Thresholds
    ETH1$1           -15.000      0.000    999.000    999.000
    ETH2$1            -0.490      0.894     -0.548      0.583
    ETH3$1           -15.000      0.000    999.000    999.000
    ETH4$1            -0.380      0.823     -0.462      0.644
    ETH5$1            -1.183      1.521     -0.778      0.437

Latent Class 6

 Thresholds
    ETH1$1             0.901      0.305      2.959      0.003
    ETH2$1            -0.025      0.327     -0.077      0.938
    ETH3$1            15.000      0.000    999.000    999.000
    ETH4$1            -0.095      0.385     -0.247      0.805
    ETH5$1             1.047      0.235      4.447      0.000

Categorical Latent Variables

 Means
    C#1                1.164      0.599      1.944      0.052
    C#2               -0.544      0.357     -1.523      0.128
    C#3                0.148      0.533      0.278      0.781
    C#4                2.719      0.284      9.586      0.000
    C#5               -2.266      0.568     -3.991      0.000


RESULTS IN PROBABILITY SCALE

Latent Class 1

 ETH1
    Category 1         0.994      0.014     68.732      0.000
    Category 2         0.006      0.014      0.420      0.674
 ETH2
    Category 1         0.995      0.032     30.839      0.000
    Category 2         0.005      0.032      0.145      0.885
 ETH3
    Category 1         0.783      0.087      8.995      0.000
    Category 2         0.217      0.087      2.494      0.013
 ETH4
    Category 1         0.000      0.002      0.064      0.949
    Category 2         1.000      0.002    666.431      0.000
 ETH5
    Category 1         0.870      0.059     14.737      0.000
    Category 2         0.130      0.059      2.203      0.028

Latent Class 2

 ETH1
    Category 1         0.106      0.050      2.118      0.034
    Category 2         0.894      0.050     17.899      0.000
 ETH2
    Category 1         0.000      0.000      0.000      1.000
    Category 2         1.000      0.000      0.000      1.000
 ETH3
    Category 1         0.321      0.063      5.135      0.000
    Category 2         0.679      0.063     10.854      0.000
 ETH4
    Category 1         0.000      0.000      0.000      1.000
    Category 2         1.000      0.000      0.000      1.000
 ETH5
    Category 1         0.158      0.053      2.971      0.003
    Category 2         0.842      0.053     15.782      0.000

Latent Class 3

 ETH1
    Category 1         0.947      0.050     18.898      0.000
    Category 2         0.053      0.050      1.060      0.289
 ETH2
    Category 1         0.882      0.074     11.910      0.000
    Category 2         0.118      0.074      1.600      0.110
 ETH3
    Category 1         0.000      0.000      0.000      1.000
    Category 2         1.000      0.000      0.000      1.000
 ETH4
    Category 1         0.531      0.139      3.822      0.000
    Category 2         0.469      0.139      3.381      0.001
 ETH5
    Category 1         0.871      0.073     11.976      0.000
    Category 2         0.129      0.073      1.774      0.076

Latent Class 4

 ETH1
    Category 1         1.000      0.000      0.000      1.000
    Category 2         0.000      0.000      0.000      1.000
 ETH2
    Category 1         1.000      0.000      0.000      1.000
    Category 2         0.000      0.000      0.000      1.000
 ETH3
    Category 1         0.972      0.024     40.712      0.000
    Category 2         0.028      0.024      1.192      0.233
 ETH4
    Category 1         0.924      0.078     11.876      0.000
    Category 2         0.076      0.078      0.980      0.327
 ETH5
    Category 1         0.993      0.002    568.984      0.000
    Category 2         0.007      0.002      3.764      0.000

Latent Class 5

 ETH1
    Category 1         0.000      0.000      0.000      1.000
    Category 2         1.000      0.000      0.000      1.000
 ETH2
    Category 1         0.380      0.211      1.803      0.071
    Category 2         0.620      0.211      2.945      0.003
 ETH3
    Category 1         0.000      0.000      0.000      1.000
    Category 2         1.000      0.000      0.000      1.000
 ETH4
    Category 1         0.406      0.198      2.046      0.041
    Category 2         0.594      0.198      2.993      0.003
 ETH5
    Category 1         0.235      0.273      0.859      0.390
    Category 2         0.765      0.273      2.804      0.005

Latent Class 6

 ETH1
    Category 1         0.711      0.063     11.368      0.000
    Category 2         0.289      0.063      4.617      0.000
 ETH2
    Category 1         0.494      0.082      6.033      0.000
    Category 2         0.506      0.082      6.188      0.000
 ETH3
    Category 1         1.000      0.000      0.000      1.000
    Category 2         0.000      0.000      0.000      1.000
 ETH4
    Category 1         0.476      0.096      4.954      0.000
    Category 2         0.524      0.096      5.448      0.000
 ETH5
    Category 1         0.740      0.045     16.351      0.000
    Category 2         0.260      0.045      5.741      0.000


LATENT CLASS ODDS RATIO RESULTS

                                                95% C.I.
                    Estimate       S.E.  Lower 2.5% Upper 2.5%

Latent Class 1 Compared to Latent Class 2

 ETH1
    Category > 1       0.001      0.002      0.000      0.099
 ETH2
    Category > 1       0.000      0.000      0.000      0.000
 ETH3
    Category > 1       0.131      0.086      0.036      0.475
 ETH4
    Category > 1       0.003      0.000      0.003      0.003
 ETH5
    Category > 1       0.028      0.019      0.008      0.105

Latent Class 1 Compared to Latent Class 3

 ETH1
    Category > 1       0.109      0.304      0.000     25.805
 ETH2
    Category > 1       0.035      0.249      0.000  42331.270
 ETH3
    Category > 1       0.000      0.000      0.000      0.000
 ETH4
    Category > 1   11717.785  *********      0.000  *********
 ETH5
    Category > 1       1.009      1.098      0.120      8.519

Latent Class 1 Compared to Latent Class 4

 ETH1
    Category > 1   19976.395      0.000  19976.395  19976.395
 ETH2
    Category > 1   15321.078      0.000  15321.078  15321.078
 ETH3
    Category > 1       9.470      9.636      1.289     69.587
 ETH4
    Category > 1   *********  *********      0.000  *********
 ETH5
    Category > 1      22.600     13.019      7.308     69.895

Latent Class 1 Compared to Latent Class 5

 ETH1
    Category > 1       0.000      0.000      0.000      0.000
 ETH2
    Category > 1       0.003      0.020      0.000   3391.289
 ETH3
    Category > 1       0.000      0.000      0.000      0.000
 ETH4
    Category > 1    7085.472  *********      0.000  *********
 ETH5
    Category > 1       0.046      0.078      0.002      1.317

Latent Class 1 Compared to Latent Class 6

 ETH1
    Category > 1       0.015      0.035      0.000      1.458
 ETH2
    Category > 1       0.005      0.032      0.000   3454.659
 ETH3
    Category > 1   *********      0.000  *********  *********
 ETH4
    Category > 1    9424.013  *********      0.000  *********
 ETH5
    Category > 1       0.426      0.254      0.132      1.372

Latent Class 2 Compared to Latent Class 3

 ETH1
    Category > 1     150.627    157.229     19.470   1165.280
 ETH2
    Category > 1   *********      0.000  *********  *********
 ETH3
    Category > 1       0.000      0.000      0.000      0.000
 ETH4
    Category > 1   *********      0.000  *********  *********
 ETH5
    Category > 1      35.853     27.431      8.003    160.614

Latent Class 2 Compared to Latent Class 4

 ETH1
    Category > 1   *********      0.000  *********  *********
 ETH2
    Category > 1   *********      0.000  *********  *********
 ETH3
    Category > 1      72.205     70.077     10.776    483.834
 ETH4
    Category > 1   *********      0.000  *********  *********
 ETH5
    Category > 1     802.886    372.612    323.304   1993.868

Latent Class 2 Compared to Latent Class 5

 ETH1
    Category > 1       0.000      0.000      0.000      0.000
 ETH2
    Category > 1   *********      0.000  *********  *********
 ETH3
    Category > 1       0.000      0.000      0.000      0.000
 ETH4
    Category > 1   *********      0.000  *********  *********
 ETH5
    Category > 1       1.627      2.876      0.051     51.965

Latent Class 2 Compared to Latent Class 6

 ETH1
    Category > 1      20.806     13.006      6.111     70.840
 ETH2
    Category > 1   *********      0.000  *********  *********
 ETH3
    Category > 1   *********      0.000  *********  *********
 ETH4
    Category > 1   *********      0.000  *********  *********
 ETH5
    Category > 1      15.129      7.497      5.728     39.959

Latent Class 3 Compared to Latent Class 4

 ETH1
    Category > 1   *********      0.000  *********  *********
 ETH2
    Category > 1   *********      0.000  *********  *********
 ETH3
    Category > 1   *********      0.000  *********  *********
 ETH4
    Category > 1      10.718     14.457      0.762    150.761
 ETH5
    Category > 1      22.394     16.191      5.429     92.381

Latent Class 3 Compared to Latent Class 5

 ETH1
    Category > 1       0.000      0.000      0.000      0.000
 ETH2
    Category > 1       0.082      0.087      0.010      0.649
 ETH3
    Category > 1       1.000      0.000      1.000      1.000
 ETH4
    Category > 1       0.605      0.607      0.085      4.325
 ETH5
    Category > 1       0.045      0.067      0.002      0.834

Latent Class 3 Compared to Latent Class 6

 ETH1
    Category > 1       0.138      0.156      0.015      1.266
 ETH2
    Category > 1       0.131      0.106      0.027      0.637
 ETH3
    Category > 1   *********      0.000  *********  *********
 ETH4
    Category > 1       0.804      0.362      0.333      1.943
 ETH5
    Category > 1       0.422      0.286      0.112      1.593

Latent Class 4 Compared to Latent Class 5

 ETH1
    Category > 1       0.000      0.000      0.000      0.000
 ETH2
    Category > 1       0.000      0.000      0.000      0.000
 ETH3
    Category > 1       0.000      0.000      0.000      0.000
 ETH4
    Category > 1       0.056      0.077      0.004      0.816
 ETH5
    Category > 1       0.002      0.003      0.000      0.044

Latent Class 4 Compared to Latent Class 6

 ETH1
    Category > 1       0.000      0.000      0.000      0.000
 ETH2
    Category > 1       0.000      0.000      0.000      0.000
 ETH3
    Category > 1   95700.414      0.000  95700.422  95700.422
 ETH4
    Category > 1       0.075      0.084      0.008      0.679
 ETH5
    Category > 1       0.019      0.008      0.009      0.042

Latent Class 5 Compared to Latent Class 6

 ETH1
    Category > 1   *********      0.000  *********  *********
 ETH2
    Category > 1       1.592      1.567      0.231     10.962
 ETH3
    Category > 1   *********      0.000  *********  *********
 ETH4
    Category > 1       1.330      1.176      0.235      7.525
 ETH5
    Category > 1       9.297     14.214      0.464    186.123


QUALITY OF NUMERICAL RESULTS

     Condition Number for the Information Matrix              0.237E-08
       (ratio of smallest to largest eigenvalue)


MODEL COMMAND WITH FINAL ESTIMATES USED AS STARTING VALUES

     %OVERALL%

     [ c#1*1.16411 ];
     [ c#2*-0.54357 ];
     [ c#3*0.14839 ];
     [ c#4*2.71877 ];
     [ c#5*-2.26642 ];

     %C#1%

     [ eth1$1*5.09769 ];
     [ eth2$1*5.36302 ];
     [ eth3$1*1.28293 ];
     [ eth4$1*-9.24621 ];
     [ eth5$1*1.90032 ];

     %C#2%

     [ eth1$1*-2.13418 ];
     [ eth2$1*-15 ];
     [ eth3$1*-0.74849 ];
     [ eth4$1*-15 ];
     [ eth5$1*-1.66992 ];

     %C#3%

     [ eth1$1*2.88063 ];
     [ eth2$1*2.00754 ];
     [ eth3$1*-15 ];
     [ eth4$1*0.12265 ];
     [ eth5$1*1.90949 ];

     %C#4%

     [ eth1$1*15 ];
     [ eth2$1*15 ];
     [ eth3$1*3.53102 ];
     [ eth4$1*2.49458 ];
     [ eth5$1*5.01829 ];

     %C#5%

     [ eth1$1*-15 ];
     [ eth2$1*-0.49048 ];
     [ eth3$1*-15 ];
     [ eth4$1*-0.38041 ];
     [ eth5$1*-1.18297 ];

     %C#6%

     [ eth1$1*0.90108 ];
     [ eth2$1*-0.02537 ];
     [ eth3$1*15 ];
     [ eth4$1*-0.09520 ];
     [ eth5$1*1.04669 ];



TECHNICAL 10 OUTPUT


     MODEL FIT INFORMATION FOR THE LATENT CLASS INDICATOR MODEL PART


     RESPONSE PATTERNS

     No.  Pattern    No.  Pattern    No.  Pattern    No.  Pattern
       1  00000        2  00001        3  00010        4  00011
       5  00100        6  00101        7  00110        8  00111
       9  01000       10  01001       11  01010       12  01011
      13  01100       14  01101       15  01110       16  01111
      17  10000       18  10001       19  10010       20  10011
      21  10100       22  10101       23  10110       24  10111
      25  11000       26  11001       27  11010       28  11011
      29  11100       30  11101       31  11110       32  11111
      33  000*0       34  001*0       35  011*0       36  100*0
      37  *0000       38  *1001       39  *1011       40  *1110
      41  *00*0       42  0*000       43  0*010       44  0*100
      45  0*110       46  00*0*       47  01*1*       48  **000
      49  **010       50  **101       51  00*00       52  00*10
      53  01*00       54  11*10       55  11*11       56  ***1*
      57  000**       58  001**       59  *001*       60  *101*
      61  00**0       62  00**1       63  ****0       64  0000*
      65  0001*       66  0010*       67  0011*       68  1101*
      69  1111*       70  ***00       71  0*01*       72  0**01
      73  0**10       74  00***       75  0****       76  1****
      77  0*0*0


     RESPONSE PATTERN FREQUENCIES AND CHI-SQUARE CONTRIBUTIONS

    Response          Frequency     Standardized  Chi-square Contribution
     Pattern    Observed  Estimated   Residual    Pearson   Loglikelihood  Deleted
                                     (z-score)
         1      3753.10    3738.70       0.36       0.00        -0.01
         2        35.87      36.43      -0.08       0.00        -0.02
         3       929.04     934.50      -0.18       0.00         0.02
         4       104.67     103.55       0.10       0.00         0.07
         5       230.33     231.11      -0.05       0.00         0.02
         6        18.23      18.89      -0.14       0.00         0.01
         7       277.03     281.40      -0.24       0.00        -0.26
         8        41.16      40.65       0.07       0.00         0.14
         9        33.71      34.78      -0.17       0.03        -1.57
        10        12.23      12.21       0.00      -0.02         0.96
        11        41.75      41.89      -0.02       0.00         0.24
        12        18.33      18.40      -0.01      -0.01         0.61
        13        16.48      16.47       0.00      -0.01         0.67
        14         2.35       2.44      -0.05       0.00        -0.05
        15        16.12      17.15      -0.23       0.03        -0.64
        16        11.88      11.89       0.00       0.00        -0.11
        17        13.56      13.77      -0.05       0.00        -0.45
        18         5.81       4.84       0.40       0.20         1.91
        19        18.89      18.76       0.03       0.00         0.25
        20         5.14       5.86      -0.27       0.09        -1.55
        21         7.70       7.91      -0.07       0.00        -0.72
        22         4.44       4.37       0.03       0.00         0.12
        23         9.23       8.59       0.20       0.04         0.97
        24         5.98       5.96       0.01       0.00        -0.20
        25        14.87      14.13       0.18       0.03         0.95
        26         4.13       4.96      -0.33       0.14        -1.43
        27        22.94      22.80       0.03       0.00         1.04
        28        42.34      43.92      -0.22       0.02        -0.56
        29         2.63       2.60       0.02       0.00        -0.04
        30         5.64       5.61       0.01       0.00         0.03
        31        17.79      18.58      -0.17       0.01        -0.31
        32        89.18      89.43      -0.02       0.00         0.46
        33        45.65      44.06       0.49       0.00         0.00
        34         8.19       4.83       1.45       0.00         0.00
        35         0.38       0.32       0.10       0.00         0.00
        36         0.57       0.31       0.44       0.00         0.00
        37         2.01       2.91      -0.80       0.00         0.00
        38         0.50       0.01       3.82      -0.33        -0.02
        39         1.04       0.05       4.08       0.01         0.00
        40         0.96       0.03       5.05      -0.47        -0.03
        41         0.89       0.72       0.41       0.00         0.00
        42         2.78       3.58      -0.65       0.00         0.00
        43         0.56       0.93      -0.37       0.00         0.00
        44         0.48       0.24       0.47       0.00         0.00
        45         1.70       0.28       2.46      -0.02        -0.01
        46         1.18       1.91      -0.87       0.00         0.00
        47         1.58       0.04       6.81       0.03         0.00
        48         3.52       3.52       0.01       0.00         0.00
        49         1.28       0.94       0.35       0.00         0.00
        50         0.57       0.03       2.90       0.02         0.00
        51         9.76      17.36      -2.92       0.00         0.00
        52        10.77       5.32       2.40       0.00         0.00
        53         1.40       0.22       2.26      -0.08        -0.03
        54         0.88       0.18       1.50       0.04         0.02
        55         2.60       0.58       2.42       0.00         0.00
        56         1.17       0.33       1.54       0.00         0.00
        57         3.99       3.62       0.42       0.00         0.00
        58         0.38       0.43      -0.07       0.00         0.00
        59         0.55       0.20       0.75       0.00         0.00
        60         0.57       0.02       3.20       0.07         0.01
        61         3.61       4.22      -0.82       0.00         0.00
        62         1.12       0.16       2.19       0.00         0.00
        63         0.51       0.47       0.18       0.00         0.00
        64         1.76       3.31      -1.30       0.00         0.00
        65         0.62       0.91      -0.31       0.00         0.00
        66         0.56       0.22       0.68       0.00         0.00
        67         0.98       0.28       1.23       0.00         0.00
        68         0.57       0.06       1.93       0.02         0.00
        69         0.60       0.09       1.50       0.00         0.00
        70         0.36       0.25       0.35       0.00         0.00
        71         2.58       0.49       3.01       0.01         0.00
        72         2.04       0.03       9.08       0.00         0.03
        73         0.45       0.55      -0.14       0.00         0.00
        74         2.83       2.62       0.43       0.00         0.00
        75         1.92       2.24      -0.88       0.00         0.00
        76         0.43       0.11       0.88       0.00         0.00
        77         0.58       0.47       0.32       0.00         0.00

     THE TOTAL PEARSON CHI-SQUARE CONTRIBUTION FROM EMPTY CELLS IS         0.00


     UNIVARIATE MODEL FIT INFORMATION

                               Estimated Probabilities
                                                  Standardized
     Variable              H1           H0          Residual
                                                   (z-score)
     ETH1
       Category 1        0.953        0.953           0.001
       Category 2        0.047        0.047          -0.001
       Univariate Pearson Chi-Square                  0.000
       Univariate Log-Likelihood Chi-Square           0.000
     ETH2
       Category 1        0.939        0.939          -0.001
       Category 2        0.061        0.061           0.001
       Univariate Pearson Chi-Square                  0.000
       Univariate Log-Likelihood Chi-Square           0.000
     ETH3
       Category 1        0.869        0.869           0.000
       Category 2        0.131        0.131           0.000
       Univariate Pearson Chi-Square                  0.000
       Univariate Log-Likelihood Chi-Square           0.000
     ETH4
       Category 1        0.714        0.714           0.000
       Category 2        0.286        0.286           0.000
       Univariate Pearson Chi-Square                  0.000
       Univariate Log-Likelihood Chi-Square           0.000
     ETH5
       Category 1        0.930        0.930           0.000
       Category 2        0.070        0.070           0.000
       Univariate Pearson Chi-Square                  0.000
       Univariate Log-Likelihood Chi-Square           0.000

       Overall Univariate Pearson Chi-Square                         0.000
       Overall Univariate Log-Likelihood Chi-Square                  0.000


     BIVARIATE MODEL FIT INFORMATION

                                              Estimated Probabilities
                                                                 Standardized
     Variable       Variable              H1           H0          Residual
                                                                  (z-score)
     ETH1           ETH2
       Category 1     Category 1        0.926        0.926          -0.001
       Category 1     Category 2        0.027        0.027           0.003
       Category 2     Category 1        0.012        0.012           0.001
       Category 2     Category 2        0.035        0.035          -0.002
       Bivariate Pearson Chi-Square                                  0.000
       Bivariate Log-Likelihood Chi-Square                           0.000
     ETH1           ETH3
       Category 1     Category 1        0.847        0.847           0.005
       Category 1     Category 2        0.107        0.107          -0.005
       Category 2     Category 1        0.022        0.022          -0.012
       Category 2     Category 2        0.025        0.025           0.010
       Bivariate Pearson Chi-Square                                  0.000
       Bivariate Log-Likelihood Chi-Square                           0.000
     ETH1           ETH4
       Category 1     Category 1        0.704        0.704           0.000
       Category 1     Category 2        0.249        0.249           0.001
       Category 2     Category 1        0.010        0.010           0.000
       Category 2     Category 2        0.037        0.037          -0.002
       Bivariate Pearson Chi-Square                                  0.000
       Bivariate Log-Likelihood Chi-Square                           0.000
     ETH1           ETH5
       Category 1     Category 1        0.911        0.911          -0.034
       Category 1     Category 2        0.042        0.042           0.049
       Category 2     Category 1        0.019        0.018           0.071
       Category 2     Category 2        0.028        0.028          -0.059
       Bivariate Pearson Chi-Square                                  0.013
       Bivariate Log-Likelihood Chi-Square                           0.013
     ETH2           ETH3
       Category 1     Category 1        0.835        0.836          -0.001
       Category 1     Category 2        0.103        0.103           0.000
       Category 2     Category 1        0.033        0.033           0.002
       Category 2     Category 2        0.028        0.028          -0.001
       Bivariate Pearson Chi-Square                                  0.000
       Bivariate Log-Likelihood Chi-Square                           0.000
     ETH2           ETH4
       Category 1     Category 1        0.698        0.698           0.009
       Category 1     Category 2        0.241        0.241          -0.010
       Category 2     Category 1        0.016        0.016          -0.032
       Category 2     Category 2        0.045        0.045           0.020
       Bivariate Pearson Chi-Square                                  0.002
       Bivariate Log-Likelihood Chi-Square                           0.002
     ETH2           ETH5
       Category 1     Category 1        0.901        0.901          -0.005
       Category 1     Category 2        0.038        0.038           0.007
       Category 2     Category 1        0.029        0.029           0.008
       Category 2     Category 2        0.032        0.032          -0.007
       Bivariate Pearson Chi-Square                                  0.000
       Bivariate Log-Likelihood Chi-Square                           0.000
     ETH3           ETH4
       Category 1     Category 1        0.664        0.664           0.000
       Category 1     Category 2        0.205        0.205           0.000
       Category 2     Category 1        0.050        0.050           0.001
       Category 2     Category 2        0.081        0.081          -0.001
       Bivariate Pearson Chi-Square                                  0.000
       Bivariate Log-Likelihood Chi-Square                           0.000
     ETH3           ETH5
       Category 1     Category 1        0.829        0.829           0.006
       Category 1     Category 2        0.040        0.040          -0.012
       Category 2     Category 1        0.100        0.100          -0.008
       Category 2     Category 2        0.031        0.031           0.014
       Bivariate Pearson Chi-Square                                  0.000
       Bivariate Log-Likelihood Chi-Square                           0.000
     ETH4           ETH5
       Category 1     Category 1        0.698        0.698          -0.016
       Category 1     Category 2        0.016        0.015           0.059
       Category 2     Category 1        0.231        0.231           0.017
       Category 2     Category 2        0.055        0.055          -0.032
       Bivariate Pearson Chi-Square                                  0.006
       Bivariate Log-Likelihood Chi-Square                           0.006

       Overall Bivariate Pearson Chi-Square                          0.022
       Overall Bivariate Log-Likelihood Chi-Square                   0.022


TECHNICAL 11 OUTPUT

     Random Starts Specifications for the k-1 Class Analysis Model
        Number of initial stage random starts                1000
        Number of final stage optimizations                   250



     VUONG-LO-MENDELL-RUBIN LIKELIHOOD RATIO TEST FOR 5 (H0) VERSUS 6 CLASSES

          H0 Loglikelihood Value                        -8279.727
          2 Times the Loglikelihood Difference              4.231
          Difference in the Number of Parameters                6
          Mean                                              8.598
          Standard Deviation                               38.193
          P-Value                                          0.5454

     LO-MENDELL-RUBIN ADJUSTED LRT TEST

          Value                                             4.151
          P-Value                                          0.5464


SAVEDATA INFORMATION


  Save file
    Prob_DNK_ETHlca_C3cl6.dat

  Order and format of variables

    ETH1           F10.3
    ETH2           F10.3
    ETH3           F10.3
    ETH4           F10.3
    ETH5           F10.3
    CPROB1         F10.3
    CPROB2         F10.3
    CPROB3         F10.3
    CPROB4         F10.3
    CPROB5         F10.3
    CPROB6         F10.3
    C              F10.3
    WS             F10.3
    IDSTUD         I9
    ID_S           I4
    ID_J           I4

  Save file format
    13F10.3 I9 2I4

  Save file record length    10000

  Save missing symbol        *


     Beginning Time:  22:09:26
        Ending Time:  22:09:31
       Elapsed Time:  00:00:05



MUTHEN & MUTHEN
3463 Stoner Ave.
Los Angeles, CA  90066

Tel: (310) 391-9971
Fax: (310) 391-8971
Web: www.StatModel.com
Support: Support@StatModel.com

Copyright (c) 1998-2020 Muthen & Muthen
