Mplus VERSION 8.5 (Mac)
MUTHEN & MUTHEN
04/07/2021  10:08 PM

INPUT INSTRUCTIONS

  TITLE: BFLETH LCA - C3 with 6 classes;
  DATA:
  FILE = ETHDtaC3.dat;

  VARIABLE:
  NAMES = id_i
  id_j
  id_r
  id_s
  id_k
  wt
  ws
  ETH1
  ETH2
  ETH3
  ETH4
  ETH5
  IDSTUD;
  IDVARIABLE = IDSTUD;
  USEVARIABLES = ETH1
  ETH2
  ETH3
  ETH4
  ETH5;
  USEOBSERVATIONS ARE id_k EQ 1;
  CATEGORICAL = ETH1
  ETH2
  ETH3
  ETH4
  ETH5;
  MISSING = .;
  CLASSES = c(6);
  WEIGHT = ws;
  STRATIFICATION = id_s;
  CLUSTER = id_j;

  ANALYSIS:
  TYPE = COMPLEX MIXTURE;
  PROCESSORS = 4;
  STARTS = 1000 250;
  STITERATIONS = 20;
  STSEED = 288;

  MODEL:
  %OVERALL%

  OUTPUT:
  TECH10
  TECH11
  SVALUES
  ;

  SAVEDATA:
  FILE = Prob_BFL_ETHlca_C3cl6.dat;
  SAVE = CPROBABILITIES;



*** WARNING in VARIABLE command
  When a subpopulation is analyzed with TYPE=COMPLEX, standard errors
  may be incorrect.  Use the SUBPOPULATION option instead of the
  USEOBSERVATIONS option to obtain correct standard errors.
*** WARNING
  Data set contains cases with missing on all variables.
  These cases were not included in the analysis.
  Number of cases with missing on all variables:  33
   2 WARNING(S) FOUND IN THE INPUT INSTRUCTIONS



BFLETH LCA - C3 with 6 classes;

SUMMARY OF ANALYSIS

Number of groups                                                 1
Number of observations                                        2898

Number of dependent variables                                    5
Number of independent variables                                  0
Number of continuous latent variables                            0
Number of categorical latent variables                           1

Observed dependent variables

  Binary and ordered categorical (ordinal)
   ETH1        ETH2        ETH3        ETH4        ETH5

Categorical latent variables
   C

Variables with special functions

  Stratification        ID_S
  Cluster variable      ID_J
  Weight variable       WS
  ID variable           IDSTUD

Estimator                                                      MLR
Information matrix                                        OBSERVED
Optimization Specifications for the Quasi-Newton Algorithm for
Continuous Outcomes
  Maximum number of iterations                                 100
  Convergence criterion                                  0.100D-05
Optimization Specifications for the EM Algorithm
  Maximum number of iterations                                 500
  Convergence criteria
    Loglikelihood change                                 0.100D-06
    Relative loglikelihood change                        0.100D-06
    Derivative                                           0.100D-05
Optimization Specifications for the M step of the EM Algorithm for
Categorical Latent variables
  Number of M step iterations                                    1
  M step convergence criterion                           0.100D-05
  Basis for M step termination                           ITERATION
Optimization Specifications for the M step of the EM Algorithm for
Censored, Binary or Ordered Categorical (Ordinal), Unordered
Categorical (Nominal) and Count Outcomes
  Number of M step iterations                                    1
  M step convergence criterion                           0.100D-05
  Basis for M step termination                           ITERATION
  Maximum value for logit thresholds                            15
  Minimum value for logit thresholds                           -15
  Minimum expected cell size for chi-square              0.100D-01
Maximum number of iterations for H1                           2000
Convergence criterion for H1                             0.100D-03
Optimization algorithm                                         EMA
Random Starts Specifications
  Number of initial stage random starts                       1000
  Number of final stage optimizations                          250
  Number of initial stage iterations                            20
  Initial stage convergence criterion                    0.100D+01
  Random starts scale                                    0.500D+01
  Random seed for generating random starts                     288
Link                                                         LOGIT

Input data file(s)
  ETHDtaC3.dat
Input data format  FREE


SUMMARY OF DATA

     Number of missing data patterns            10
     Number of y missing data patterns           0
     Number of u missing data patterns          10
     Number of strata                           75
     Number of clusters                        162


COVARIANCE COVERAGE OF DATA

Minimum covariance coverage value   0.100


     PROPORTION OF DATA PRESENT FOR U


           Covariance Coverage
              ETH1          ETH2          ETH3          ETH4          ETH5
              ________      ________      ________      ________      ________
 ETH1           0.997
 ETH2           0.996         0.998
 ETH3           0.994         0.996         0.997
 ETH4           0.994         0.994         0.993         0.996
 ETH5           0.996         0.997         0.995         0.994         0.998


UNIVARIATE PROPORTIONS AND COUNTS FOR CATEGORICAL VARIABLES

    ETH1
      Category 1    0.966         2789.778
      Category 2    0.034           97.423
    ETH2
      Category 1    0.958         2771.464
      Category 2    0.042          122.600
    ETH3
      Category 1    0.927         2677.849
      Category 2    0.073          211.246
    ETH4
      Category 1    0.644         1859.030
      Category 2    0.356         1025.922
    ETH5
      Category 1    0.927         2680.610
      Category 2    0.073          210.583


RANDOM STARTS RESULTS RANKED FROM THE BEST TO THE WORST LOGLIKELIHOOD VALUES

Final stage loglikelihood values at local maxima, seeds, and initial stage start numbers:

           -4008.046  229006           675
           -4008.046  256224           144
           -4008.046  529702           963
           -4008.046  334920           663
           -4008.046  391260           183
           -4008.046  856808           157
           -4008.053  527640           903
           -4008.055  997549           220
           -4008.079  920430           230
           -4008.079  542138           924
           -4008.106  684094           580
           -4008.106  983784           118
           -4008.106  447197           683
           -4008.111  719116           992
           -4008.114  438247           564
           -4008.116  18598            257
           -4008.117  845314           106
           -4008.122  748920           238
           -4008.122  571411           289
           -4008.122  710314           248
           -4008.123  468884           58
           -4008.125  323102           100
           -4008.125  88747            955
           -4008.125  901878           440
           -4008.175  722666           152
           -4008.178  82268            959
           -4008.192  724894           55
           -4008.195  101419           200
           -4008.227  808818           46
           -4008.227  641878           115
           -4008.234  762858           815
           -4008.412  653521           202
           -4008.525  516638           179
           -4008.645  673475           190
           -4008.722  587107           65
           -4008.762  993659           141
           -4008.989  425159           122
           -4009.010  110391           114

212 perturbed starting value run(s) did not converge or were rejected in the third stage.



THE BEST LOGLIKELIHOOD VALUE HAS BEEN REPLICATED.  RERUN WITH AT LEAST TWICE THE
RANDOM STARTS TO CHECK THAT THE BEST LOGLIKELIHOOD IS STILL OBTAINED AND REPLICATED.

     IN THE OPTIMIZATION, ONE OR MORE LOGIT THRESHOLDS APPROACHED EXTREME VALUES
     OF -15.000 AND 15.000 AND WERE FIXED TO STABILIZE MODEL ESTIMATION.  THESE
     VALUES IMPLY PROBABILITIES OF 0 AND 1.  IN THE MODEL RESULTS SECTION, THESE
     PARAMETERS HAVE 0 STANDARD ERRORS AND 999 IN THE Z-SCORE AND P-VALUE COLUMNS.

     ONE OR MORE PARAMETERS WERE FIXED TO AVOID SINGULARITY OF THE
     INFORMATION MATRIX. THE SINGULARITY IS MOST LIKELY BECAUSE THE
     MODEL IS NOT IDENTIFIED, OR BECAUSE OF EMPTY CELLS IN THE JOINT
     DISTRIBUTION OF THE CATEGORICAL VARIABLES IN THE MODEL.
     THE FOLLOWING PARAMETERS WERE FIXED:
     Parameter 4, %C#1%: [ ETH4$1 ]




THE MODEL ESTIMATION TERMINATED NORMALLY



MODEL FIT INFORMATION

Number of Free Parameters                       35

Loglikelihood

          H0 Value                       -4008.046
          H0 Scaling Correction Factor      1.0556
            for MLR

Information Criteria

          Akaike (AIC)                    8086.092
          Bayesian (BIC)                  8295.104
          Sample-Size Adjusted BIC        8183.896
            (n* = (n + 2) / 24)

Chi-Square Test of Model Fit for the Binary and Ordered Categorical
(Ordinal) Outcomes**

          Pearson Chi-Square

          Value                              0.000
          Degrees of freedom cannot be computed for this model part.

          Likelihood Ratio Chi-Square

          Value                              0.119
          Degrees of freedom cannot be computed for this model part.

** Of the 138 cells in the latent class indicator table, 1
   were deleted in the calculation of chi-square due to extreme values.

Chi-Square Test for MCAR under the Unrestricted Latent Class Indicator Model

          Pearson Chi-Square

          Value                             64.835
          Degrees of Freedom                    97
          P-Value                           0.9951

          Likelihood Ratio Chi-Square

          Value                             33.056
          Degrees of Freedom                    97
          P-Value                           1.0000



FINAL CLASS COUNTS AND PROPORTIONS FOR THE LATENT CLASSES
BASED ON THE ESTIMATED MODEL

    Latent
   Classes

       1         54.92095          0.01895
       2         44.03898          0.01520
       3        110.79496          0.03823
       4         35.91642          0.01239
       5        198.91065          0.06864
       6       2453.41803          0.84659


FINAL CLASS COUNTS AND PROPORTIONS FOR THE LATENT CLASSES
BASED ON ESTIMATED POSTERIOR PROBABILITIES

    Latent
   Classes

       1         54.92095          0.01895
       2         44.03898          0.01520
       3        110.79496          0.03823
       4         35.91642          0.01239
       5        198.91065          0.06864
       6       2453.41803          0.84659


FINAL CLASS COUNTS AND PROPORTIONS FOR THE LATENT CLASSES
BASED ON THEIR MOST LIKELY LATENT CLASS MEMBERSHIP

Class Counts and Proportions

    Latent
   Classes

       1               83          0.02878
       2               71          0.02461
       3               99          0.03427
       4               33          0.01143
       5              100          0.03440
       6             2511          0.86650


CLASSIFICATION QUALITY

     Entropy                         0.882


Average Latent Class Probabilities for Most Likely Latent Class Membership (Row)
by Latent Class (Column)

           1        2        3        4        5        6

    1   0.608    0.000    0.084    0.004    0.000    0.304
    2   0.000    0.610    0.000    0.009    0.381    0.000
    3   0.032    0.000    0.705    0.017    0.118    0.128
    4   0.016    0.000    0.000    0.954    0.030    0.000
    5   0.000    0.004    0.000    0.016    0.979    0.000
    6   0.000    0.000    0.013    0.000    0.024    0.962


Classification Probabilities for the Most Likely Latent Class Membership (Column)
by Latent Class (Row)

           1        2        3        4        5        6

    1   0.924    0.000    0.057    0.010    0.001    0.009
    2   0.000    0.989    0.000    0.000    0.010    0.001
    3   0.063    0.000    0.632    0.000    0.000    0.305
    4   0.009    0.018    0.048    0.880    0.045    0.000
    5   0.000    0.137    0.059    0.005    0.491    0.309
    6   0.010    0.000    0.005    0.000    0.000    0.985


Logits for the Classification Probabilities for the Most Likely Latent Class Membership (Column)
by Latent Class (Row)

              1        2        3        4        5        6

    1      4.683   -9.053    1.905    0.118   -2.734    0.000
    2     -7.109    6.695   -7.109   -7.109    2.116    0.000
    3     -1.571  -12.627    0.729  -12.627  -12.627    0.000
    4      3.362    4.044    5.056    7.958    4.982    0.000
    5    -12.640   -0.816   -1.653   -4.123    0.464    0.000
    6     -4.558  -13.800   -5.250  -13.800  -13.800    0.000


MODEL RESULTS

                                                    Two-Tailed
                    Estimate       S.E.  Est./S.E.    P-Value

Latent Class 1

 Thresholds
    ETH1$1             2.617      1.183      2.212      0.027
    ETH2$1            15.000      0.000    999.000    999.000
    ETH3$1           -15.000      0.000    999.000    999.000
    ETH4$1           -12.890      0.000    999.000    999.000
    ETH5$1             1.976      0.627      3.153      0.002

Latent Class 2

 Thresholds
    ETH1$1            15.000      0.000    999.000    999.000
    ETH2$1             2.240      0.766      2.923      0.003
    ETH3$1             1.438      0.832      1.729      0.084
    ETH4$1            15.000      0.000    999.000    999.000
    ETH5$1           -15.000      0.000    999.000    999.000

Latent Class 3

 Thresholds
    ETH1$1             0.611      2.004      0.305      0.760
    ETH2$1             0.026      2.007      0.013      0.989
    ETH3$1             0.963      2.229      0.432      0.666
    ETH4$1            -0.849      0.504     -1.684      0.092
    ETH5$1            15.000      0.000    999.000    999.000

Latent Class 4

 Thresholds
    ETH1$1            -1.764      0.541     -3.260      0.001
    ETH2$1            -2.352      1.012     -2.325      0.020
    ETH3$1            -1.552      0.455     -3.414      0.001
    ETH4$1            -1.798      0.606     -2.968      0.003
    ETH5$1            -2.964      8.988     -0.330      0.742

Latent Class 5

 Thresholds
    ETH1$1             2.550      0.468      5.444      0.000
    ETH2$1             2.064      0.311      6.632      0.000
    ETH3$1            15.000      0.000    999.000    999.000
    ETH4$1            -1.181      0.889     -1.328      0.184
    ETH5$1            -0.551      6.067     -0.091      0.928

Latent Class 6

 Thresholds
    ETH1$1             5.413      0.760      7.120      0.000
    ETH2$1             5.576      1.520      3.669      0.000
    ETH3$1             3.288      0.184     17.900      0.000
    ETH4$1             0.888      0.271      3.282      0.001
    ETH5$1            15.000      0.000    999.000    999.000

Categorical Latent Variables

 Means
    C#1               -3.799      0.456     -8.340      0.000
    C#2               -4.020      0.608     -6.609      0.000
    C#3               -3.098      1.747     -1.773      0.076
    C#4               -4.224      0.423     -9.976      0.000
    C#5               -2.512      2.320     -1.083      0.279


RESULTS IN PROBABILITY SCALE

Latent Class 1

 ETH1
    Category 1         0.932      0.075     12.420      0.000
    Category 2         0.068      0.075      0.907      0.365
 ETH2
    Category 1         1.000      0.000      0.000      1.000
    Category 2         0.000      0.000      0.000      1.000
 ETH3
    Category 1         0.000      0.000      0.000      1.000
    Category 2         1.000      0.000      0.000      1.000
 ETH4
    Category 1         0.000      0.000      0.000      1.000
    Category 2         1.000      0.000      0.000      1.000
 ETH5
    Category 1         0.878      0.067     13.107      0.000
    Category 2         0.122      0.067      1.817      0.069

Latent Class 2

 ETH1
    Category 1         1.000      0.000      0.000      1.000
    Category 2         0.000      0.000      0.000      1.000
 ETH2
    Category 1         0.904      0.067     13.562      0.000
    Category 2         0.096      0.067      1.444      0.149
 ETH3
    Category 1         0.808      0.129      6.267      0.000
    Category 2         0.192      0.129      1.488      0.137
 ETH4
    Category 1         1.000      0.000      0.000      1.000
    Category 2         0.000      0.000      0.000      1.000
 ETH5
    Category 1         0.000      0.000      0.000      1.000
    Category 2         1.000      0.000      0.000      1.000

Latent Class 3

 ETH1
    Category 1         0.648      0.457      1.418      0.156
    Category 2         0.352      0.457      0.770      0.441
 ETH2
    Category 1         0.507      0.502      1.010      0.312
    Category 2         0.493      0.502      0.984      0.325
 ETH3
    Category 1         0.724      0.446      1.624      0.104
    Category 2         0.276      0.446      0.620      0.535
 ETH4
    Category 1         0.300      0.106      2.831      0.005
    Category 2         0.700      0.106      6.619      0.000
 ETH5
    Category 1         1.000      0.000      0.000      1.000
    Category 2         0.000      0.000      0.000      1.000

Latent Class 4

 ETH1
    Category 1         0.146      0.068      2.165      0.030
    Category 2         0.854      0.068     12.631      0.000
 ETH2
    Category 1         0.087      0.080      1.082      0.279
    Category 2         0.913      0.080     11.375      0.000
 ETH3
    Category 1         0.175      0.066      2.666      0.008
    Category 2         0.825      0.066     12.582      0.000
 ETH4
    Category 1         0.142      0.074      1.924      0.054
    Category 2         0.858      0.074     11.619      0.000
 ETH5
    Category 1         0.049      0.419      0.117      0.907
    Category 2         0.951      0.419      2.267      0.023

Latent Class 5

 ETH1
    Category 1         0.928      0.031     29.483      0.000
    Category 2         0.072      0.031      2.301      0.021
 ETH2
    Category 1         0.887      0.031     28.529      0.000
    Category 2         0.113      0.031      3.620      0.000
 ETH3
    Category 1         1.000      0.000      0.000      1.000
    Category 2         0.000      0.000      0.000      1.000
 ETH4
    Category 1         0.235      0.160      1.470      0.142
    Category 2         0.765      0.160      4.789      0.000
 ETH5
    Category 1         0.366      1.407      0.260      0.795
    Category 2         0.634      1.407      0.451      0.652

Latent Class 6

 ETH1
    Category 1         0.996      0.003    296.245      0.000
    Category 2         0.004      0.003      1.321      0.186
 ETH2
    Category 1         0.996      0.006    174.419      0.000
    Category 2         0.004      0.006      0.661      0.509
 ETH3
    Category 1         0.964      0.006    151.294      0.000
    Category 2         0.036      0.006      5.647      0.000
 ETH4
    Category 1         0.708      0.056     12.680      0.000
    Category 2         0.292      0.056      5.218      0.000
 ETH5
    Category 1         1.000      0.000      0.000      1.000
    Category 2         0.000      0.000      0.000      1.000


LATENT CLASS ODDS RATIO RESULTS

                                                95% C.I.
                    Estimate       S.E.  Lower 2.5% Upper 2.5%

Latent Class 1 Compared to Latent Class 2

 ETH1
    Category > 1   *********      0.000  *********  *********
 ETH2
    Category > 1       0.000      0.000      0.000      0.000
 ETH3
    Category > 1   *********      0.000  *********  *********
 ETH4
    Category > 1   *********      0.000  *********  *********
 ETH5
    Category > 1       0.000      0.000      0.000      0.000

Latent Class 1 Compared to Latent Class 3

 ETH1
    Category > 1       0.135      0.350      0.001     22.065
 ETH2
    Category > 1       0.000      0.000      0.000      0.000
 ETH3
    Category > 1   *********      0.000  *********  *********
 ETH4
    Category > 1   *********  85499.234  63091.148  *********
 ETH5
    Category > 1   *********      0.000  *********  *********

Latent Class 1 Compared to Latent Class 4

 ETH1
    Category > 1       0.013      0.016      0.001      0.161
 ETH2
    Category > 1       0.000      0.000      0.000      0.000
 ETH3
    Category > 1   *********      0.000  *********  *********
 ETH4
    Category > 1   65660.930  39770.113  20032.445  *********
 ETH5
    Category > 1       0.007      0.067      0.000  *********

Latent Class 1 Compared to Latent Class 5

 ETH1
    Category > 1       0.935      1.105      0.092      9.469
 ETH2
    Category > 1       0.000      0.000      0.000      0.000
 ETH3
    Category > 1   *********      0.000  *********  *********
 ETH4
    Category > 1   *********  *********  21306.418  *********
 ETH5
    Category > 1       0.080      0.455      0.000   5608.508

Latent Class 1 Compared to Latent Class 6

 ETH1
    Category > 1      16.368     25.124      0.808    331.542
 ETH2
    Category > 1       0.000      0.000      0.000      0.000
 ETH3
    Category > 1   *********      0.000  *********  *********
 ETH4
    Category > 1   *********  *********  *********  *********
 ETH5
    Category > 1   *********      0.000  *********  *********

Latent Class 2 Compared to Latent Class 3

 ETH1
    Category > 1       0.000      0.000      0.000      0.000
 ETH2
    Category > 1       0.109      0.234      0.002      7.306
 ETH3
    Category > 1       0.622      1.461      0.006     62.113
 ETH4
    Category > 1       0.000      0.000      0.000      0.000
 ETH5
    Category > 1   *********      0.000  *********  *********

Latent Class 2 Compared to Latent Class 4

 ETH1
    Category > 1       0.000      0.000      0.000      0.000
 ETH2
    Category > 1       0.010      0.013      0.001      0.129
 ETH3
    Category > 1       0.050      0.047      0.008      0.309
 ETH4
    Category > 1       0.000      0.000      0.000      0.000
 ETH5
    Category > 1   *********      0.000  *********  *********

Latent Class 2 Compared to Latent Class 5

 ETH1
    Category > 1       0.000      0.000      0.000      0.000
 ETH2
    Category > 1       0.839      0.755      0.144      4.896
 ETH3
    Category > 1   *********      0.000  *********  *********
 ETH4
    Category > 1       0.000      0.000      0.000      0.000
 ETH5
    Category > 1   *********      0.000  *********  *********

Latent Class 2 Compared to Latent Class 6

 ETH1
    Category > 1       0.000      0.000      0.000      0.000
 ETH2
    Category > 1      28.112     45.792      1.154    684.650
 ETH3
    Category > 1       6.360      5.550      1.150     35.181
 ETH4
    Category > 1       0.000      0.000      0.000      0.000
 ETH5
    Category > 1   *********      0.000  *********  *********

Latent Class 3 Compared to Latent Class 4

 ETH1
    Category > 1       0.093      0.193      0.002      5.386
 ETH2
    Category > 1       0.093      0.213      0.001      8.404
 ETH3
    Category > 1       0.081      0.181      0.001      6.576
 ETH4
    Category > 1       0.387      0.300      0.085      1.768
 ETH5
    Category > 1       0.000      0.000      0.000      0.000

Latent Class 3 Compared to Latent Class 5

 ETH1
    Category > 1       6.954     14.617      0.113    427.899
 ETH2
    Category > 1       7.675     15.521      0.146    404.128
 ETH3
    Category > 1   *********      0.000  *********  *********
 ETH4
    Category > 1       0.718      0.734      0.097      5.320
 ETH5
    Category > 1       0.000      0.000      0.000      0.000

Latent Class 3 Compared to Latent Class 6

 ETH1
    Category > 1     121.691    204.711      4.501   3289.955
 ETH2
    Category > 1     257.163    391.647     12.997   5088.268
 ETH3
    Category > 1      10.226     21.740      0.159    659.644
 ETH4
    Category > 1       5.682      3.574      1.656     19.493
 ETH5
    Category > 1       1.000      0.000      1.000      1.000

Latent Class 4 Compared to Latent Class 5

 ETH1
    Category > 1      74.754     58.014     16.332    342.163
 ETH2
    Category > 1      82.817     91.648      9.465    724.614
 ETH3
    Category > 1   *********      0.000  *********  *********
 ETH4
    Category > 1       1.853      2.209      0.179     19.169
 ETH5
    Category > 1      11.173    163.690      0.000  *********

Latent Class 4 Compared to Latent Class 6

 ETH1
    Category > 1    1308.069   1305.975    184.832   9257.313
 ETH2
    Category > 1    2774.970   5130.726     74.032  *********
 ETH3
    Category > 1     126.462     61.992     48.383    330.543
 ETH4
    Category > 1      14.671     10.058      3.827     56.241
 ETH5
    Category > 1   *********      0.000  *********  *********

Latent Class 5 Compared to Latent Class 6

 ETH1
    Category > 1      17.498     15.300      3.153     97.107
 ETH2
    Category > 1      33.507     50.309      1.766    635.597
 ETH3
    Category > 1       0.000      0.000      0.000      0.000
 ETH4
    Category > 1       7.916      7.155      1.347     46.540
 ETH5
    Category > 1   *********      0.000  *********  *********


QUALITY OF NUMERICAL RESULTS

     Condition Number for the Information Matrix              0.241E-04
       (ratio of smallest to largest eigenvalue)


MODEL COMMAND WITH FINAL ESTIMATES USED AS STARTING VALUES

     %OVERALL%

     [ c#1*-3.79934 ];
     [ c#2*-4.02016 ];
     [ c#3*-3.09756 ];
     [ c#4*-4.22404 ];
     [ c#5*-2.51238 ];

     %C#1%

     [ eth1$1*2.61720 ];
     [ eth2$1*15 ];
     [ eth3$1*-15 ];
     [ eth4$1*-12.89023 ];
     [ eth5$1*1.97597 ];

     %C#2%

     [ eth1$1*15 ];
     [ eth2$1*2.23996 ];
     [ eth3$1*1.43800 ];
     [ eth4$1*15 ];
     [ eth5$1*-15 ];

     %C#3%

     [ eth1$1*0.61105 ];
     [ eth2$1*0.02644 ];
     [ eth3$1*0.96309 ];
     [ eth4$1*-0.84942 ];
     [ eth5$1*15 ];

     %C#4%

     [ eth1$1*-1.76377 ];
     [ eth2$1*-2.35225 ];
     [ eth3$1*-1.55189 ];
     [ eth4$1*-1.79797 ];
     [ eth5$1*-2.96425 ];

     %C#5%

     [ eth1$1*2.55044 ];
     [ eth2$1*2.06438 ];
     [ eth3$1*15 ];
     [ eth4$1*-1.18102 ];
     [ eth5$1*-0.55076 ];

     %C#6%

     [ eth1$1*5.41254 ];
     [ eth2$1*5.57615 ];
     [ eth3$1*3.28805 ];
     [ eth4$1*0.88791 ];
     [ eth5$1*15 ];



TECHNICAL 10 OUTPUT


     MODEL FIT INFORMATION FOR THE LATENT CLASS INDICATOR MODEL PART


     RESPONSE PATTERNS

     No.  Pattern    No.  Pattern    No.  Pattern    No.  Pattern
       1  00000        2  00001        3  00010        4  00011
       5  00100        6  00101        7  00110        8  00111
       9  01000       10  01001       11  01010       12  01011
      13  01100       14  01101       15  01110       16  01111
      17  10000       18  10001       19  10010       20  10011
      21  10100       22  10110       23  10111       24  11000
      25  11001       26  11010       27  11011       28  11100
      29  11101       30  11110       31  11111       32  000*0
      33  000*1       34  *0000       35  *0010       36  *0110
      37  *1111       38  00**0       39  00*00       40  00*10
      41  0*010       42  0*011       43  1*011       44  0000*
      45  0001*       46  *00*0       47  *01*0       48  **011
      49  ****1


     RESPONSE PATTERN FREQUENCIES AND CHI-SQUARE CONTRIBUTIONS

    Response          Frequency     Standardized  Chi-square Contribution
     Pattern    Observed  Estimated   Residual    Pearson   Loglikelihood  Deleted
                                     (z-score)
         1      1667.14    1663.46       0.13       0.00         0.10
         2        55.57      55.89      -0.04       0.00        -0.43
         3       737.77     739.10      -0.05       0.00        -0.05
         4        77.08      78.57      -0.15       0.00         0.25
         5        64.36      64.26       0.01       0.00        -0.15
         6         7.78       7.59       0.06       0.00         0.25
         7        76.13      76.60      -0.05       0.00         0.26
         8         6.43       6.46      -0.01       0.00        -0.16
         9        15.73      15.58       0.04       0.00        -0.08
        10         6.84       6.55       0.10       0.01         0.48
        11        26.59      26.08       0.09       0.01         0.42
        12        10.36      10.64      -0.08       0.01        -0.38
        13         3.15       3.16       0.00       0.00        -0.09
        14         1.14       1.33      -0.15       0.03        -0.37
        15         7.03       7.03       0.00       0.00        -0.19
        16         3.18       3.19      -0.01       0.00         0.19
        17        12.77      12.64       0.03       0.00         0.03
        18         1.89       1.94      -0.03       0.00        -0.13
        19        16.42      16.45      -0.01       0.00        -0.41
        20         6.18       6.50      -0.12      -0.01         0.18
        21         2.15       1.90       0.16       0.03         0.50
        22         7.02       7.22      -0.07       0.01        -0.33
        23         2.61       2.22       0.24       0.07         0.80
        24         4.21       4.32      -0.05       0.00        -0.32
        25         1.10       0.89       0.20       0.05         0.45
        26        10.58      10.29       0.08       0.01         0.32
        27         4.25       4.72      -0.20       0.03        -0.34
        28         1.77       1.73       0.03       0.00         0.04
        29         3.33       3.08       0.13       0.02         0.46
        30         4.69       4.64       0.02       0.00        -0.01
        31        17.75      18.62      -0.18       0.02        -0.45
        32         6.24       6.11       0.12       0.00         0.00
        33         1.04       0.34       1.11       0.00         0.00
        34         2.77       3.11      -0.27       0.00         0.00
        35         0.79       1.40      -0.55       0.00         0.00
        36         0.83       0.16       1.58       0.00         0.00
        37         0.92       0.04       3.98      -0.13        -0.01
        38         1.04       0.93       0.33       0.00         0.00
        39         4.43       4.17       0.19       0.00         0.00
        40         2.47       1.97       0.39       0.00         0.00
        41         0.79       0.59       0.27       0.00         0.00
        42         0.71       0.07       2.27      -0.01         0.00
        43         0.71       0.01       6.84      -0.47        -0.01      DELETED
        44         2.91       4.09      -0.83       0.00         0.00
        45         3.89       1.94       1.50       0.00         0.00
        46         2.77       3.20      -0.56       0.00         0.00
        47         1.00       0.20       1.68       0.00         0.00
        48         0.76       0.03       4.17      -0.03         0.00
        49         0.96       0.07       3.18       0.00         0.00

     THE TOTAL PEARSON CHI-SQUARE CONTRIBUTION FROM EMPTY CELLS IS         0.29


     UNIVARIATE MODEL FIT INFORMATION

                               Estimated Probabilities
                                                  Standardized
     Variable              H1           H0          Residual
                                                   (z-score)
     ETH1
       Category 1        0.966        0.966           0.001
       Category 2        0.034        0.034          -0.001
       Univariate Pearson Chi-Square                  0.000
       Univariate Log-Likelihood Chi-Square           0.000
     ETH2
       Category 1        0.957        0.957           0.001
       Category 2        0.043        0.043          -0.001
       Univariate Pearson Chi-Square                  0.000
       Univariate Log-Likelihood Chi-Square           0.000
     ETH3
       Category 1        0.927        0.927           0.000
       Category 2        0.073        0.073           0.000
       Univariate Pearson Chi-Square                  0.000
       Univariate Log-Likelihood Chi-Square           0.000
     ETH4
       Category 1        0.644        0.644           0.000
       Category 2        0.356        0.356           0.000
       Univariate Pearson Chi-Square                  0.000
       Univariate Log-Likelihood Chi-Square           0.000
     ETH5
       Category 1        0.927        0.927           0.000
       Category 2        0.073        0.073           0.000
       Univariate Pearson Chi-Square                  0.000
       Univariate Log-Likelihood Chi-Square           0.000

       Overall Univariate Pearson Chi-Square                         0.000
       Overall Univariate Log-Likelihood Chi-Square                  0.000


     BIVARIATE MODEL FIT INFORMATION

                                              Estimated Probabilities
                                                                 Standardized
     Variable       Variable              H1           H0          Residual
                                                                  (z-score)
     ETH1           ETH2
       Category 1     Category 1        0.940        0.940           0.003
       Category 1     Category 2        0.026        0.026          -0.003
       Category 2     Category 1        0.017        0.017          -0.003
       Category 2     Category 2        0.017        0.017           0.002
       Bivariate Pearson Chi-Square                                  0.000
       Bivariate Log-Likelihood Chi-Square                           0.000
     ETH1           ETH3
       Category 1     Category 1        0.907        0.907           0.009
       Category 1     Category 2        0.059        0.059          -0.010
       Category 2     Category 1        0.020        0.020          -0.018
       Category 2     Category 2        0.014        0.014           0.021
       Bivariate Pearson Chi-Square                                  0.001
       Bivariate Log-Likelihood Chi-Square                           0.001
     ETH1           ETH4
       Category 1     Category 1        0.635        0.635          -0.006
       Category 1     Category 2        0.331        0.331           0.006
       Category 2     Category 1        0.009        0.009           0.030
       Category 2     Category 2        0.025        0.025          -0.019
       Bivariate Pearson Chi-Square                                  0.002
       Bivariate Log-Likelihood Chi-Square                           0.002
     ETH1           ETH5
       Category 1     Category 1        0.907        0.906           0.007
       Category 1     Category 2        0.059        0.059          -0.008
       Category 2     Category 1        0.021        0.021          -0.014
       Category 2     Category 2        0.013        0.013           0.016
       Bivariate Pearson Chi-Square                                  0.001
       Bivariate Log-Likelihood Chi-Square                           0.001
     ETH2           ETH3
       Category 1     Category 1        0.899        0.899          -0.013
       Category 1     Category 2        0.058        0.058           0.018
       Category 2     Category 1        0.028        0.028           0.024
       Category 2     Category 2        0.015        0.015          -0.034
       Bivariate Pearson Chi-Square                                  0.002
       Bivariate Log-Likelihood Chi-Square                           0.002
     ETH2           ETH4
       Category 1     Category 1        0.631        0.632          -0.008
       Category 1     Category 2        0.326        0.326           0.009
       Category 2     Category 1        0.013        0.013           0.035
       Category 2     Category 2        0.030        0.030          -0.025
       Bivariate Pearson Chi-Square                                  0.002
       Bivariate Log-Likelihood Chi-Square                           0.002
     ETH2           ETH5
       Category 1     Category 1        0.902        0.902          -0.003
       Category 1     Category 2        0.056        0.056           0.004
       Category 2     Category 1        0.025        0.025           0.005
       Category 2     Category 2        0.017        0.017          -0.008
       Bivariate Pearson Chi-Square                                  0.000
       Bivariate Log-Likelihood Chi-Square                           0.000
     ETH3           ETH4
       Category 1     Category 1        0.615        0.615           0.001
       Category 1     Category 2        0.312        0.312          -0.001
       Category 2     Category 1        0.029        0.029          -0.002
       Category 2     Category 2        0.044        0.044           0.002
       Bivariate Pearson Chi-Square                                  0.000
       Bivariate Log-Likelihood Chi-Square                           0.000
     ETH3           ETH5
       Category 1     Category 1        0.869        0.869           0.000
       Category 1     Category 2        0.058        0.058           0.000
       Category 2     Category 1        0.058        0.058           0.000
       Category 2     Category 2        0.015        0.015           0.000
       Bivariate Pearson Chi-Square                                  0.000
       Bivariate Log-Likelihood Chi-Square                           0.000
     ETH4           ETH5
       Category 1     Category 1        0.617        0.617           0.000
       Category 1     Category 2        0.027        0.027           0.001
       Category 2     Category 1        0.310        0.310           0.000
       Category 2     Category 2        0.046        0.046           0.000
       Bivariate Pearson Chi-Square                                  0.000
       Bivariate Log-Likelihood Chi-Square                           0.000

       Overall Bivariate Pearson Chi-Square                          0.008
       Overall Bivariate Log-Likelihood Chi-Square                   0.008


TECHNICAL 11 OUTPUT

     Random Starts Specifications for the k-1 Class Analysis Model
        Number of initial stage random starts                1000
        Number of final stage optimizations                   250



     VUONG-LO-MENDELL-RUBIN LIKELIHOOD RATIO TEST FOR 5 (H0) VERSUS 6 CLASSES

          H0 Loglikelihood Value                        -4008.764
          2 Times the Loglikelihood Difference              1.436
          Difference in the Number of Parameters                7
          Mean                                              8.949
          Standard Deviation                               24.235
          P-Value                                          0.6269

     LO-MENDELL-RUBIN ADJUSTED LRT TEST

          Value                                             1.410
          P-Value                                          0.6273


SAVEDATA INFORMATION


  Save file
    Prob_BFL_ETHlca_C3cl6.dat

  Order and format of variables

    ETH1           F10.3
    ETH2           F10.3
    ETH3           F10.3
    ETH4           F10.3
    ETH5           F10.3
    CPROB1         F10.3
    CPROB2         F10.3
    CPROB3         F10.3
    CPROB4         F10.3
    CPROB5         F10.3
    CPROB6         F10.3
    C              F10.3
    WS             F10.3
    IDSTUD         I9
    ID_S           I4
    ID_J           I4

  Save file format
    13F10.3 I9 2I4

  Save file record length    10000

  Save missing symbol        *


     Beginning Time:  22:08:48
        Ending Time:  22:08:52
       Elapsed Time:  00:00:04



MUTHEN & MUTHEN
3463 Stoner Ave.
Los Angeles, CA  90066

Tel: (310) 391-9971
Fax: (310) 391-8971
Web: www.StatModel.com
Support: Support@StatModel.com

Copyright (c) 1998-2020 Muthen & Muthen
