Mplus VERSION 8.5 (Mac)
MUTHEN & MUTHEN
04/07/2021  10:10 PM

INPUT INSTRUCTIONS

  TITLE: LTUETH LCA - C3 with 2 classes;
  DATA:
  FILE = ETHDtaC3.dat;

  VARIABLE:
  NAMES = id_i
  id_j
  id_r
  id_s
  id_k
  wt
  ws
  ETH1
  ETH2
  ETH3
  ETH4
  ETH5
  IDSTUD;
  IDVARIABLE = IDSTUD;
  USEVARIABLES = ETH1
  ETH2
  ETH3
  ETH4
  ETH5;
  USEOBSERVATIONS ARE id_k EQ 8;
  CATEGORICAL = ETH1
  ETH2
  ETH3
  ETH4
  ETH5;
  MISSING = .;
  CLASSES = c(2);
  WEIGHT = ws;
  STRATIFICATION = id_s;
  CLUSTER = id_j;

  ANALYSIS:
  TYPE = COMPLEX MIXTURE;
  PROCESSORS = 4;
  STARTS = 1000 250;
  STITERATIONS = 20;
  STSEED = 288;

  MODEL:
  %OVERALL%

  OUTPUT:
  TECH10
  TECH11
  SVALUES
  ;

  SAVEDATA:
  FILE = Prob_LTU_ETHlca_C3cl2.dat;
  SAVE = CPROBABILITIES;



*** WARNING in VARIABLE command
  When a subpopulation is analyzed with TYPE=COMPLEX, standard errors
  may be incorrect.  Use the SUBPOPULATION option instead of the
  USEOBSERVATIONS option to obtain correct standard errors.
*** WARNING
  Data set contains cases with missing on all variables.
  These cases were not included in the analysis.
  Number of cases with missing on all variables:  45
   2 WARNING(S) FOUND IN THE INPUT INSTRUCTIONS



LTUETH LCA - C3 with 2 classes;

SUMMARY OF ANALYSIS

Number of groups                                                 1
Number of observations                                        3586

Number of dependent variables                                    5
Number of independent variables                                  0
Number of continuous latent variables                            0
Number of categorical latent variables                           1

Observed dependent variables

  Binary and ordered categorical (ordinal)
   ETH1        ETH2        ETH3        ETH4        ETH5

Categorical latent variables
   C

Variables with special functions

  Stratification        ID_S
  Cluster variable      ID_J
  Weight variable       WS
  ID variable           IDSTUD

Estimator                                                      MLR
Information matrix                                        OBSERVED
Optimization Specifications for the Quasi-Newton Algorithm for
Continuous Outcomes
  Maximum number of iterations                                 100
  Convergence criterion                                  0.100D-05
Optimization Specifications for the EM Algorithm
  Maximum number of iterations                                 500
  Convergence criteria
    Loglikelihood change                                 0.100D-06
    Relative loglikelihood change                        0.100D-06
    Derivative                                           0.100D-05
Optimization Specifications for the M step of the EM Algorithm for
Categorical Latent variables
  Number of M step iterations                                    1
  M step convergence criterion                           0.100D-05
  Basis for M step termination                           ITERATION
Optimization Specifications for the M step of the EM Algorithm for
Censored, Binary or Ordered Categorical (Ordinal), Unordered
Categorical (Nominal) and Count Outcomes
  Number of M step iterations                                    1
  M step convergence criterion                           0.100D-05
  Basis for M step termination                           ITERATION
  Maximum value for logit thresholds                            15
  Minimum value for logit thresholds                           -15
  Minimum expected cell size for chi-square              0.100D-01
Maximum number of iterations for H1                           2000
Convergence criterion for H1                             0.100D-03
Optimization algorithm                                         EMA
Random Starts Specifications
  Number of initial stage random starts                       1000
  Number of final stage optimizations                          250
  Number of initial stage iterations                            20
  Initial stage convergence criterion                    0.100D+01
  Random starts scale                                    0.500D+01
  Random seed for generating random starts                     288
Link                                                         LOGIT

Input data file(s)
  ETHDtaC3.dat
Input data format  FREE


SUMMARY OF DATA

     Number of missing data patterns            14
     Number of y missing data patterns           0
     Number of u missing data patterns          14
     Number of strata                           75
     Number of clusters                        220


COVARIANCE COVERAGE OF DATA

Minimum covariance coverage value   0.100


     PROPORTION OF DATA PRESENT FOR U


           Covariance Coverage
              ETH1          ETH2          ETH3          ETH4          ETH5
              ________      ________      ________      ________      ________
 ETH1           0.998
 ETH2           0.996         0.996
 ETH3           0.992         0.991         0.993
 ETH4           0.992         0.991         0.990         0.994
 ETH5           0.995         0.994         0.992         0.993         0.997


UNIVARIATE PROPORTIONS AND COUNTS FOR CATEGORICAL VARIABLES

    ETH1
      Category 1    0.965         3457.398
      Category 2    0.035          123.994
    ETH2
      Category 1    0.949         3393.353
      Category 2    0.051          183.083
    ETH3
      Category 1    0.949         3384.922
      Category 2    0.051          180.270
    ETH4
      Category 1    0.758         2704.716
      Category 2    0.242          861.611
    ETH5
      Category 1    0.933         3340.414
      Category 2    0.067          237.990


RANDOM STARTS RESULTS RANKED FROM THE BEST TO THE WORST LOGLIKELIHOOD VALUES

Final stage loglikelihood values at local maxima, seeds, and initial stage start numbers:

           -4231.959  85315            639
           -4231.959  920438           409
           -4231.959  351401           904
           -4231.959  687662           201
           -4231.959  333457           840
           -4231.959  627003           381
           -4231.959  301247           355
           -4231.959  584076           497
           -4231.959  317406           637
           -4231.959  789068           174
           -4231.959  95624            561
           -4231.959  110391           114
           -4231.959  905126           723
           -4231.959  958676           745
           -4231.959  963387           400
           -4231.959  341151           77
           -4231.959  892206           245
           -4231.959  889701           681
           -4231.959  3693             391
           -4231.959  119252           943
           -4231.959  566035           586
           -4231.959  754533           722
           -4231.959  222182           214
           -4231.959  673475           190
           -4231.959  730563           128
           -4231.959  618623           684
           -4231.959  94439            635
           -4231.959  449753           665
           -4231.959  295469           313
           -4231.959  986227           24
           -4231.959  775133           71
           -4231.959  873183           809
           -4231.959  692130           727
           -4231.959  426024           330
           -4231.959  710213           362
           -4231.959  188329           716
           -4231.959  845314           106
           -4231.959  325635           438
           -4231.959  80124            965
           -4231.959  462497           983
           -4231.959  677398           941
           -4231.959  527001           801
           -4231.959  401359           609
           -4231.959  73755            470
           -4231.959  854381           910
           -4231.959  503835           43
           -4231.959  112959           148
           -4231.959  421387           414
           -4231.959  518093           107
           -4231.959  217522           559
           -4231.959  983906           53
           -4231.959  45433            720
           -4231.959  553464           113
           -4231.959  611976           753
           -4231.959  516899           331
           -4231.959  486428           671
           -4231.959  116127           954
           -4231.959  425103           69
           -4231.959  844715           603
           -4231.959  756230           734
           -4231.959  163252           280
           -4231.959  544679           986
           -4231.959  325774           336
           -4231.959  983900           706
           -4231.959  125480           300
           -4231.959  28265            112
           -4231.959  666759           404
           -4231.959  943173           216
           -4231.959  773050           996
           -4231.959  363296           937
           -4231.959  4082             445
           -4231.959  832928           615
           -4231.959  586412           638
           -4231.959  647619           843
           -4231.959  773295           110
           -4231.959  569703           246
           -4231.959  333225           769
           -4231.959  851486           342
           -4231.959  884788           184
           -4231.959  752948           849
           -4231.959  799519           989
           -4231.959  41136            529
           -4231.959  957051           194
           -4231.959  229344           916
           -4231.959  437999           335
           -4231.959  533106           641
           -4231.959  572149           155
           -4231.959  847136           357
           -4231.959  61593            432
           -4231.959  845817           820
           -4231.959  375263           863
           -4231.959  300562           171
           -4231.959  302729           649
           -4231.959  571411           289
           -4231.959  619016           279
           -4231.959  823689           761
           -4231.959  637266           670
           -4231.959  563703           259
           -4231.959  808317           109
           -4231.959  831668           932
           -4231.959  390827           631
           -4231.959  965429           724
           -4231.959  730687           611
           -4231.959  998022           514
           -4231.959  125830           187
           -4231.959  859326           476
           -4231.959  207595           252
           -4231.959  229006           675
           -4231.959  204389           952
           -4231.959  761359           784
           -4231.959  615741           588
           -4231.959  150234           593
           -4231.959  802116           48
           -4231.959  889723           471
           -4231.959  718759           582
           -4231.959  755901           766
           -4231.959  466571           421
           -4231.959  414035           84
           -4231.959  56334            616
           -4231.959  257000           135
           -4231.959  866578           222
           -4231.959  589343           317
           -4231.959  641878           115
           -4231.959  546573           760
           -4231.959  854348           827
           -4231.959  413332           92
           -4231.959  84384            893
           -4231.959  901878           440
           -4231.959  307749           656
           -4231.959  550421           504
           -4231.959  759317           180
           -4231.959  292986           382
           -4231.959  302904           999
           -4231.959  413797           386
           -4231.959  804806           254
           -4231.959  224744           658
           -4231.959  943264           132
           -4231.959  425653           643
           -4231.959  513056           385
           -4231.959  461967           392
           -4231.959  999536           563
           -4231.959  488534           375
           -4231.959  254673           443
           -4231.959  819229           292
           -4231.959  195287           494
           -4231.959  392359           926
           -4231.959  983784           118
           -4231.959  241342           73
           -4231.959  596950           160
           -4231.959  874199           872
           -4231.959  953866           508
           -4231.959  710314           248
           -4231.959  56586            165
           -4231.959  657384           974
           -4231.959  690031           922
           -4231.959  494022           377
           -4231.959  231734           333
           -4231.959  986698           642
           -4231.959  170402           703
           -4231.959  396104           352
           -4231.959  706025           816
           -4231.959  425159           122
           -4231.959  619259           958
           -4231.959  536337           134
           -4231.959  839088           250
           -4231.959  301105           859
           -4231.959  943837           646
           -4231.959  67434            878
           -4231.959  58768            795
           -4231.959  193669           367
           -4231.959  589094           383
           -4231.959  771889           866
           -4231.959  980276           455
           -4231.959  890198           417
           -4231.959  942839           447
           -4231.959  26859            531
           -4231.959  498139           229
           -4231.959  226263           830
           -4231.959  858588           621
           -4231.959  551927           569
           -4231.959  816924           905
           -4231.959  728622           648
           -4231.959  970403           507
           -4231.959  632351           688
           -4231.959  795921           967
           -4231.959  971300           813
           -4231.959  14811            759
           -4231.959  701157           146
           -4231.959  445012           686
           -4231.959  133726           623
           -4231.959  541841           879
           -4231.959  394905           223
           -4231.959  853915           161
           -4231.959  703404           63
           -4231.959  290638           666
           -4231.959  920957           62
           -4231.959  521345           326
           -4231.959  558819           667
           -4231.959  124010           543
           -4231.959  27507            988
           -4231.959  446947           422
           -4231.959  974013           841
           -4231.959  54334            852
           -4231.959  536406           976
           -4231.959  742602           131
           -4231.959  660518           172
           -4231.959  328337           524
           -4231.959  678818           832
           -4231.959  883395           472
           -4231.959  675509           906
           -4231.959  90128            72
           -4231.959  55657            553
           -4231.959  131908           837
           -4231.959  384930           486
           -4231.959  83824            267
           -4231.959  972138           488
           -4231.959  180147           948
           -4231.959  762858           815
           -4231.959  160604           121
           -4231.959  771482           178
           -4231.959  713307           426
           -4231.959  269627           970
           -4231.959  247466           56
           -4231.959  782637           338
           -4231.959  674652           601
           -4231.959  504895           506
           -4231.959  684094           580
           -4231.959  746482           80
           -4231.959  208289           31
           -4231.959  119272           388
           -4231.959  792032           871
           -4231.959  665179           374
           -4231.959  675795           956
           -4231.959  269127           185
           -4231.959  390603           192
           -4231.959  179221           721
           -4231.959  523738           186
           -4231.959  102850           449
           -4231.959  803294           244
           -4231.959  853945           415
           -4231.959  611763           126
           -4231.959  959921           961
           -4231.959  919611           405
           -4231.959  233115           441
           -4231.959  125680           791
           -4231.959  256752           574
           -4231.959  974671           900
           -4231.959  207159           493
           -4231.959  29396            780
           -4231.959  729170           117



THE BEST LOGLIKELIHOOD VALUE HAS BEEN REPLICATED.  RERUN WITH AT LEAST TWICE THE
RANDOM STARTS TO CHECK THAT THE BEST LOGLIKELIHOOD IS STILL OBTAINED AND REPLICATED.


     WARNING:  THE VARIANCE CONTRIBUTION FROM A STRATUM WITH A SINGLE CLUSTER
     (PSU) IS BASED ON THE DIFFERENCE BETWEEN THE SINGLE CLUSTER VALUE AND
     THE OVERALL CLUSTER MEAN.


THE MODEL ESTIMATION TERMINATED NORMALLY



MODEL FIT INFORMATION

Number of Free Parameters                       11

Loglikelihood

          H0 Value                       -4231.959
          H0 Scaling Correction Factor      1.5737
            for MLR

Information Criteria

          Akaike (AIC)                    8485.917
          Bayesian (BIC)                  8553.950
          Sample-Size Adjusted BIC        8518.997
            (n* = (n + 2) / 24)

Chi-Square Test of Model Fit for the Binary and Ordered Categorical
(Ordinal) Outcomes

          Pearson Chi-Square

          Value                             64.009
          Degrees of Freedom                    20
          P-Value                           0.0000

          Likelihood Ratio Chi-Square

          Value                             57.611
          Degrees of Freedom                    20
          P-Value                           0.0000

Chi-Square Test for MCAR under the Unrestricted Latent Class Indicator Model

          Pearson Chi-Square

          Value                            131.207
          Degrees of Freedom                   105
          P-Value                           0.0425

          Likelihood Ratio Chi-Square

          Value                             63.082
          Degrees of Freedom                   105
          P-Value                           0.9996



FINAL CLASS COUNTS AND PROPORTIONS FOR THE LATENT CLASSES
BASED ON THE ESTIMATED MODEL

    Latent
   Classes

       1        338.26812          0.09433
       2       3247.73188          0.90567


FINAL CLASS COUNTS AND PROPORTIONS FOR THE LATENT CLASSES
BASED ON ESTIMATED POSTERIOR PROBABILITIES

    Latent
   Classes

       1        338.26812          0.09433
       2       3247.73188          0.90567


FINAL CLASS COUNTS AND PROPORTIONS FOR THE LATENT CLASSES
BASED ON THEIR MOST LIKELY LATENT CLASS MEMBERSHIP

Class Counts and Proportions

    Latent
   Classes

       1              317          0.08851
       2             3269          0.91149


CLASSIFICATION QUALITY

     Entropy                         0.879


Average Latent Class Probabilities for Most Likely Latent Class Membership (Row)
by Latent Class (Column)

           1        2

    1   0.886    0.114
    2   0.017    0.983


Classification Probabilities for the Most Likely Latent Class Membership (Column)
by Latent Class (Row)

           1        2

    1   0.831    0.169
    2   0.011    0.989


Logits for the Classification Probabilities for the Most Likely Latent Class Membership (Column)
by Latent Class (Row)

              1        2

    1      1.595    0.000
    2     -4.487    0.000


MODEL RESULTS

                                                    Two-Tailed
                    Estimate       S.E.  Est./S.E.    P-Value

Latent Class 1

 Thresholds
    ETH1$1             0.873      0.192      4.537      0.000
    ETH2$1             0.136      0.210      0.650      0.516
    ETH3$1             0.389      0.195      1.993      0.046
    ETH4$1            -1.029      0.201     -5.121      0.000
    ETH5$1            -0.363      0.201     -1.809      0.070

Latent Class 2

 Thresholds
    ETH1$1             4.882      0.282     17.291      0.000
    ETH2$1             4.798      0.297     16.174      0.000
    ETH3$1             4.245      0.221     19.173      0.000
    ETH4$1             1.447      0.071     20.467      0.000
    ETH5$1             4.362      0.274     15.896      0.000

Categorical Latent Variables

 Means
    C#1               -2.262      0.151    -15.022      0.000


RESULTS IN PROBABILITY SCALE

Latent Class 1

 ETH1
    Category 1         0.705      0.040     17.642      0.000
    Category 2         0.295      0.040      7.371      0.000
 ETH2
    Category 1         0.534      0.052     10.240      0.000
    Category 2         0.466      0.052      8.935      0.000
 ETH3
    Category 1         0.596      0.047     12.684      0.000
    Category 2         0.404      0.047      8.596      0.000
 ETH4
    Category 1         0.263      0.039      6.757      0.000
    Category 2         0.737      0.039     18.904      0.000
 ETH5
    Category 1         0.410      0.049      8.456      0.000
    Category 2         0.590      0.049     12.154      0.000

Latent Class 2

 ETH1
    Category 1         0.992      0.002    470.671      0.000
    Category 2         0.008      0.002      3.569      0.000
 ETH2
    Category 1         0.992      0.002    412.083      0.000
    Category 2         0.008      0.002      3.399      0.001
 ETH3
    Category 1         0.986      0.003    319.465      0.000
    Category 2         0.014      0.003      4.582      0.000
 ETH4
    Category 1         0.809      0.011     74.261      0.000
    Category 2         0.191      0.011     17.478      0.000
 ETH5
    Category 1         0.987      0.003    289.488      0.000
    Category 2         0.013      0.003      3.690      0.000


LATENT CLASS ODDS RATIO RESULTS

                                                95% C.I.
                    Estimate       S.E.  Lower 2.5% Upper 2.5%

Latent Class 1 Compared to Latent Class 2

 ETH1
    Category > 1      55.106     17.828     29.229    103.893
 ETH2
    Category > 1     105.796     33.951     56.403    198.443
 ETH3
    Category > 1      47.252     13.634     26.842     83.181
 ETH4
    Category > 1      11.886      2.374      8.036     17.581
 ETH5
    Category > 1     112.741     33.616     62.845    202.252


QUALITY OF NUMERICAL RESULTS

     Condition Number for the Information Matrix              0.199E-01
       (ratio of smallest to largest eigenvalue)


MODEL COMMAND WITH FINAL ESTIMATES USED AS STARTING VALUES

     %OVERALL%

     [ c#1*-2.26187 ];

     %C#1%

     [ eth1$1*0.87268 ];
     [ eth2$1*0.13625 ];
     [ eth3$1*0.38905 ];
     [ eth4$1*-1.02876 ];
     [ eth5$1*-0.36272 ];

     %C#2%

     [ eth1$1*4.88194 ];
     [ eth2$1*4.79776 ];
     [ eth3$1*4.24454 ];
     [ eth4$1*1.44664 ];
     [ eth5$1*4.36237 ];



TECHNICAL 10 OUTPUT


     MODEL FIT INFORMATION FOR THE LATENT CLASS INDICATOR MODEL PART


     RESPONSE PATTERNS

     No.  Pattern    No.  Pattern    No.  Pattern    No.  Pattern
       1  00000        2  00001        3  00010        4  00011
       5  00100        6  00101        7  00110        8  00111
       9  01000       10  01001       11  01010       12  01011
      13  01100       14  01101       15  01110       16  01111
      17  10000       18  10001       19  10010       20  10011
      21  10100       22  10101       23  10110       24  10111
      25  11000       26  11001       27  11010       28  11011
      29  11100       30  11101       31  11110       32  11111
      33  00*00       34  00*01       35  01*00       36  10*01
      37  *0001       38  *0011       39  000*0       40  000*1
      41  010*0       42  0*000       43  0*001       44  0*010
      45  0*011       46  0*100       47  1*000       48  0****
      49  1****       50  00***       51  11***       52  ***00
      53  00**0       54  00*0*       55  0000*       56  0001*
      57  **000       58  *0***       59  ****0


     RESPONSE PATTERN FREQUENCIES AND CHI-SQUARE CONTRIBUTIONS

    Response          Frequency     Standardized  Chi-square Contribution
     Pattern    Observed  Estimated   Residual    Pearson   Loglikelihood  Deleted
                                     (z-score)
         1      2510.47    2498.60       0.37       0.05        15.93
         2        37.04      43.41      -0.83       0.83        -7.77
         3       603.60     608.85      -0.20       0.03       -16.38
         4        54.49      40.09       1.95       5.14        36.09
         5        36.09      41.22      -0.69       0.63        -8.55
         6        11.40       8.36       0.90       1.10         7.68
         7        35.41      23.79       2.04       5.67        27.46
         8        22.28      22.21       0.01       0.00        -0.34
         9        24.31      27.62      -0.54       0.40        -6.00
        10        10.48      10.43       0.01       0.00         0.07
        11        37.64      24.64       2.25       6.87        31.35
        12        17.20      28.52      -1.82       4.49       -17.16
        13         2.96       5.09      -0.81       0.89        -3.08
        14         9.87       6.90       0.97       1.28         6.85
        15         3.41      13.49      -2.35       7.53        -9.45
        16         9.41      19.29      -1.93       5.06       -13.72
        17        23.40      22.27       0.20       0.05         3.08
        18         4.86       5.11      -0.09       0.01        -0.19
        19         9.75      13.93      -0.96       1.25        -7.09
        20         5.05      13.68      -2.00       5.44       -10.10
        21         2.98       2.57       0.22       0.07         0.85
        22         3.50       3.30       0.09       0.01         0.58
        23         3.23       6.49      -1.09       1.63        -4.55
        24         2.47       9.24      -1.90       4.96        -6.55
        25         4.32       3.11       0.59       0.45         3.45
        26         3.38       4.25      -0.36       0.17        -1.25
        27         9.30       8.31       0.29       0.10         2.94
        28        10.44      11.89      -0.36       0.16        -1.79
        29         0.14       2.01      -1.13       1.73        -0.74
        30         1.25       2.88      -0.82       0.92        -1.98
        31         5.74       5.61       0.05      -0.01         0.78
        32        29.31       8.06       6.40      56.00        78.34
        33         8.10       7.58       0.30       0.00         0.02
        34         1.87       0.15       3.76      -0.43        -0.07
        35         0.32       0.10       0.60      -0.18        -0.11
        36         0.29       0.03       1.42       0.07         0.01
        37         0.14       0.01       1.61      -0.38        -0.03
        38         0.25       0.01       2.69       1.19         0.06
        39         9.55       9.50       0.04       0.00         0.00
        40         1.15       0.26       1.53       0.59         0.29
        41         0.14       0.16      -0.04      -0.01         0.05
        42         0.80       3.59      -2.35      -0.01         0.00
        43         0.52       0.08       1.37      -0.30        -0.09
        44         0.93       0.90       0.03       0.00         0.01
        45         1.34       0.10       3.42       1.13         0.17
        46         0.82       0.07       2.51      -1.69        -0.25
        47         0.64       0.04       2.74       1.22         0.15
        48         0.14       0.60      -2.71       0.00         0.00
        49         0.48       0.02       2.71       0.00         0.00
        50         1.26       4.36      -4.70      -0.03         0.02
        51         3.45       0.06       8.60       0.00         2.57
        52         1.22       0.90       0.57       0.00         0.00
        53         2.45       2.19       0.46       0.00         0.01
        54         0.17       0.12       0.21       0.00         0.00
        55         1.42       1.28       0.20       0.00         0.00
        56         0.36       0.33       0.06       0.00         0.01
        57         1.94       1.39       0.74       0.00         0.01
        58         0.32       0.30       0.11       0.00         0.00
        59         0.75       0.70       0.20       0.00         0.00

     THE TOTAL PEARSON CHI-SQUARE CONTRIBUTION FROM EMPTY CELLS IS         0.13


     UNIVARIATE MODEL FIT INFORMATION

                               Estimated Probabilities
                                                  Standardized
     Variable              H1           H0          Residual
                                                   (z-score)
     ETH1
       Category 1        0.965        0.965           0.003
       Category 2        0.035        0.035          -0.003
       Univariate Pearson Chi-Square                  0.000
       Univariate Log-Likelihood Chi-Square           0.000
     ETH2
       Category 1        0.949        0.949           0.009
       Category 2        0.051        0.051          -0.009
       Univariate Pearson Chi-Square                  0.000
       Univariate Log-Likelihood Chi-Square           0.000
     ETH3
       Category 1        0.949        0.949          -0.047
       Category 2        0.051        0.051           0.047
       Univariate Pearson Chi-Square                  0.003
       Univariate Log-Likelihood Chi-Square           0.003
     ETH4
       Category 1        0.758        0.758          -0.018
       Category 2        0.242        0.242           0.018
       Univariate Pearson Chi-Square                  0.000
       Univariate Log-Likelihood Chi-Square           0.000
     ETH5
       Category 1        0.933        0.933          -0.022
       Category 2        0.067        0.067           0.022
       Univariate Pearson Chi-Square                  0.001
       Univariate Log-Likelihood Chi-Square           0.001

       Overall Univariate Pearson Chi-Square                         0.004
       Overall Univariate Log-Likelihood Chi-Square                  0.004


     BIVARIATE MODEL FIT INFORMATION

                                              Estimated Probabilities
                                                                 Standardized
     Variable       Variable              H1           H0          Residual
                                                                  (z-score)
     ETH1           ETH2
       Category 1     Category 1        0.933        0.927           1.165
       Category 1     Category 2        0.032        0.038          -1.574
       Category 2     Category 1        0.016        0.022          -2.070
       Category 2     Category 2        0.019        0.013           2.651
       Bivariate Pearson Chi-Square                                 18.656
       Bivariate Log-Likelihood Chi-Square                          18.270
     ETH1           ETH3
       Category 1     Category 1        0.928        0.926           0.523
       Category 1     Category 2        0.037        0.040          -0.700
       Category 2     Category 1        0.020        0.023          -0.978
       Category 2     Category 2        0.014        0.011           1.388
       Bivariate Pearson Chi-Square                                  4.564
       Bivariate Log-Likelihood Chi-Square                           4.439
     ETH1           ETH4
       Category 1     Category 1        0.745        0.745           0.000
       Category 1     Category 2        0.220        0.220           0.002
       Category 2     Category 1        0.013        0.013          -0.067
       Category 2     Category 2        0.022        0.022           0.048
       Bivariate Pearson Chi-Square                                  0.009
       Bivariate Log-Likelihood Chi-Square                           0.009
     ETH1           ETH5
       Category 1     Category 1        0.916        0.915           0.193
       Category 1     Category 2        0.050        0.051          -0.243
       Category 2     Category 1        0.017        0.018          -0.446
       Category 2     Category 2        0.018        0.016           0.463
       Bivariate Pearson Chi-Square                                  0.638
       Bivariate Log-Likelihood Chi-Square                           0.638
     ETH2           ETH3
       Category 1     Category 1        0.915        0.916          -0.017
       Category 1     Category 2        0.033        0.033           0.037
       Category 2     Category 1        0.033        0.034          -0.031
       Category 2     Category 2        0.018        0.018           0.028
       Bivariate Pearson Chi-Square                                  0.004
       Bivariate Log-Likelihood Chi-Square                           0.004
     ETH2           ETH4
       Category 1     Category 1        0.742        0.740           0.147
       Category 1     Category 2        0.207        0.208          -0.154
       Category 2     Category 1        0.016        0.018          -0.549
       Category 2     Category 2        0.035        0.034           0.388
       Bivariate Pearson Chi-Square                                  0.639
       Bivariate Log-Likelihood Chi-Square                           0.648
     ETH2           ETH5
       Category 1     Category 1        0.908        0.908           0.039
       Category 1     Category 2        0.041        0.041          -0.048
       Category 2     Category 1        0.025        0.025          -0.108
       Category 2     Category 2        0.026        0.026           0.094
       Bivariate Pearson Chi-Square                                  0.031
       Bivariate Log-Likelihood Chi-Square                           0.031
     ETH3           ETH4
       Category 1     Category 1        0.738        0.738           0.088
       Category 1     Category 2        0.211        0.212          -0.120
       Category 2     Category 1        0.019        0.020          -0.328
       Category 2     Category 2        0.032        0.031           0.330
       Bivariate Pearson Chi-Square                                  0.307
       Bivariate Log-Likelihood Chi-Square                           0.307
     ETH3           ETH5
       Category 1     Category 1        0.907        0.905           0.466
       Category 1     Category 2        0.042        0.044          -0.714
       Category 2     Category 1        0.025        0.028          -0.859
       Category 2     Category 2        0.026        0.023           1.027
       Bivariate Pearson Chi-Square                                  3.090
       Bivariate Log-Likelihood Chi-Square                           3.081
     ETH4           ETH5
       Category 1     Category 1        0.734        0.734          -0.012
       Category 1     Category 2        0.024        0.024          -0.017
       Category 2     Category 1        0.199        0.199          -0.001
       Category 2     Category 2        0.043        0.043           0.041
       Bivariate Pearson Chi-Square                                  0.003
       Bivariate Log-Likelihood Chi-Square                           0.003

       Overall Bivariate Pearson Chi-Square                         27.942
       Overall Bivariate Log-Likelihood Chi-Square                  27.430


TECHNICAL 11 OUTPUT

     Random Starts Specifications for the k-1 Class Analysis Model
        Number of initial stage random starts                1000
        Number of final stage optimizations                   250



     VUONG-LO-MENDELL-RUBIN LIKELIHOOD RATIO TEST FOR 1 (H0) VERSUS 2 CLASSES

          H0 Loglikelihood Value                        -4821.794
          2 Times the Loglikelihood Difference           1179.670
          Difference in the Number of Parameters                6
          Mean                                              8.807
          Standard Deviation                               31.840
          P-Value                                          0.0000

     LO-MENDELL-RUBIN ADJUSTED LRT TEST

          Value                                          1156.128
          P-Value                                          0.0000


SAVEDATA INFORMATION


  Save file
    Prob_LTU_ETHlca_C3cl2.dat

  Order and format of variables

    ETH1           F10.3
    ETH2           F10.3
    ETH3           F10.3
    ETH4           F10.3
    ETH5           F10.3
    CPROB1         F10.3
    CPROB2         F10.3
    C              F10.3
    WS             F10.3
    IDSTUD         I9
    ID_S           I5
    ID_J           I5

  Save file format
    9F10.3 I9 2I5

  Save file record length    10000

  Save missing symbol        *


     Beginning Time:  22:10:41
        Ending Time:  22:10:43
       Elapsed Time:  00:00:02



MUTHEN & MUTHEN
3463 Stoner Ave.
Los Angeles, CA  90066

Tel: (310) 391-9971
Fax: (310) 391-8971
Web: www.StatModel.com
Support: Support@StatModel.com

Copyright (c) 1998-2020 Muthen & Muthen
