Mplus VERSION 8.5 (Mac)
MUTHEN & MUTHEN
04/07/2021  10:12 PM

INPUT INSTRUCTIONS

  TITLE: SVNETH LCA - C3 with 4 classes;
  DATA:
  FILE = ETHDtaC3.dat;

  VARIABLE:
  NAMES = id_i
  id_j
  id_r
  id_s
  id_k
  wt
  ws
  ETH1
  ETH2
  ETH3
  ETH4
  ETH5
  IDSTUD;
  IDVARIABLE = IDSTUD;
  USEVARIABLES = ETH1
  ETH2
  ETH3
  ETH4
  ETH5;
  USEOBSERVATIONS ARE id_k EQ 13;
  CATEGORICAL = ETH1
  ETH2
  ETH3
  ETH4
  ETH5;
  MISSING = .;
  CLASSES = c(4);
  WEIGHT = ws;
  STRATIFICATION = id_s;
  CLUSTER = id_j;

  ANALYSIS:
  TYPE = COMPLEX MIXTURE;
  PROCESSORS = 4;
  STARTS = 1000 250;
  STITERATIONS = 20;
  STSEED = 288;

  MODEL:
  %OVERALL%

  OUTPUT:
  TECH10
  TECH11
  SVALUES
  ;

  SAVEDATA:
  FILE = Prob_SVN_ETHlca_C3cl4.dat;
  SAVE = CPROBABILITIES;



*** WARNING in VARIABLE command
  When a subpopulation is analyzed with TYPE=COMPLEX, standard errors
  may be incorrect.  Use the SUBPOPULATION option instead of the
  USEOBSERVATIONS option to obtain correct standard errors.
*** WARNING
  Data set contains cases with missing on all variables.
  These cases were not included in the analysis.
  Number of cases with missing on all variables:  24
   2 WARNING(S) FOUND IN THE INPUT INSTRUCTIONS



SVNETH LCA - C3 with 4 classes;

SUMMARY OF ANALYSIS

Number of groups                                                 1
Number of observations                                        2820

Number of dependent variables                                    5
Number of independent variables                                  0
Number of continuous latent variables                            0
Number of categorical latent variables                           1

Observed dependent variables

  Binary and ordered categorical (ordinal)
   ETH1        ETH2        ETH3        ETH4        ETH5

Categorical latent variables
   C

Variables with special functions

  Stratification        ID_S
  Cluster variable      ID_J
  Weight variable       WS
  ID variable           IDSTUD

Estimator                                                      MLR
Information matrix                                        OBSERVED
Optimization Specifications for the Quasi-Newton Algorithm for
Continuous Outcomes
  Maximum number of iterations                                 100
  Convergence criterion                                  0.100D-05
Optimization Specifications for the EM Algorithm
  Maximum number of iterations                                 500
  Convergence criteria
    Loglikelihood change                                 0.100D-06
    Relative loglikelihood change                        0.100D-06
    Derivative                                           0.100D-05
Optimization Specifications for the M step of the EM Algorithm for
Categorical Latent variables
  Number of M step iterations                                    1
  M step convergence criterion                           0.100D-05
  Basis for M step termination                           ITERATION
Optimization Specifications for the M step of the EM Algorithm for
Censored, Binary or Ordered Categorical (Ordinal), Unordered
Categorical (Nominal) and Count Outcomes
  Number of M step iterations                                    1
  M step convergence criterion                           0.100D-05
  Basis for M step termination                           ITERATION
  Maximum value for logit thresholds                            15
  Minimum value for logit thresholds                           -15
  Minimum expected cell size for chi-square              0.100D-01
Maximum number of iterations for H1                           2000
Convergence criterion for H1                             0.100D-03
Optimization algorithm                                         EMA
Random Starts Specifications
  Number of initial stage random starts                       1000
  Number of final stage optimizations                          250
  Number of initial stage iterations                            20
  Initial stage convergence criterion                    0.100D+01
  Random starts scale                                    0.500D+01
  Random seed for generating random starts                     288
Link                                                         LOGIT

Input data file(s)
  ETHDtaC3.dat
Input data format  FREE


SUMMARY OF DATA

     Number of missing data patterns            10
     Number of y missing data patterns           0
     Number of u missing data patterns          10
     Number of strata                           73
     Number of clusters                        145


COVARIANCE COVERAGE OF DATA

Minimum covariance coverage value   0.100


     PROPORTION OF DATA PRESENT FOR U


           Covariance Coverage
              ETH1          ETH2          ETH3          ETH4          ETH5
              ________      ________      ________      ________      ________
 ETH1           0.999
 ETH2           0.997         0.998
 ETH3           0.994         0.993         0.995
 ETH4           0.995         0.994         0.992         0.996
 ETH5           0.998         0.996         0.993         0.995         0.998


UNIVARIATE PROPORTIONS AND COUNTS FOR CATEGORICAL VARIABLES

    ETH1
      Category 1    0.936         2636.798
      Category 2    0.064          181.315
    ETH2
      Category 1    0.906         2548.796
      Category 2    0.094          264.119
    ETH3
      Category 1    0.922         2587.315
      Category 2    0.078          217.702
    ETH4
      Category 1    0.671         1882.717
      Category 2    0.329          924.289
    ETH5
      Category 1    0.914         2573.687
      Category 2    0.086          240.892


RANDOM STARTS RESULTS RANKED FROM THE BEST TO THE WORST LOGLIKELIHOOD VALUES

Final stage loglikelihood values at local maxima, seeds, and initial stage start numbers:

           -4254.994  445592           47
           -4254.994  719428           129
           -4254.994  699594           29
           -4254.994  3314             35
           -4254.994  723324           90
           -4254.994  737206           176
           -4254.994  884788           184
           -4254.994  160604           121
           -4254.994  794864           130
           -4254.994  2423             651
           -4254.994  724894           55
           -4254.994  613369           829
           -4254.994  498139           229
           -4254.994  336566           384
           -4254.994  911649           875
           -4254.994  191045           25
           -4254.994  290638           666
           -4254.994  533102           589
           -4254.994  611763           126
           -4254.994  859868           243
           -4254.994  653521           202
           -4254.994  307749           656
           -4254.994  445012           686
           -4254.994  710314           248
           -4254.994  421387           414
           -4254.994  125480           300
           -4254.994  224744           658
           -4254.994  27507            988
           -4254.994  953866           508
           -4254.994  532887           942
           -4254.994  210588           50
           -4254.994  222182           214
           -4254.994  56586            165
           -4254.994  121590           424
           -4254.994  154434           394
           -4258.777  883395           472
           -4259.883  692828           170
           -4259.883  468408           60
           -4259.883  319498           137
           -4259.883  109815           166
           -4259.883  721959           45
           -4259.883  125830           187
           -4268.682  107224           444
           -4268.682  494022           377
           -4268.682  84384            893
           -4268.682  157076           915

204 perturbed starting value run(s) did not converge or were rejected in the third stage.



THE BEST LOGLIKELIHOOD VALUE HAS BEEN REPLICATED.  RERUN WITH AT LEAST TWICE THE
RANDOM STARTS TO CHECK THAT THE BEST LOGLIKELIHOOD IS STILL OBTAINED AND REPLICATED.

     IN THE OPTIMIZATION, ONE OR MORE LOGIT THRESHOLDS APPROACHED EXTREME VALUES
     OF -15.000 AND 15.000 AND WERE FIXED TO STABILIZE MODEL ESTIMATION.  THESE
     VALUES IMPLY PROBABILITIES OF 0 AND 1.  IN THE MODEL RESULTS SECTION, THESE
     PARAMETERS HAVE 0 STANDARD ERRORS AND 999 IN THE Z-SCORE AND P-VALUE COLUMNS.


     WARNING:  THE VARIANCE CONTRIBUTION FROM A STRATUM WITH A SINGLE CLUSTER
     (PSU) IS BASED ON THE DIFFERENCE BETWEEN THE SINGLE CLUSTER VALUE AND
     THE OVERALL CLUSTER MEAN.




THE MODEL ESTIMATION TERMINATED NORMALLY



MODEL FIT INFORMATION

Number of Free Parameters                       23

Loglikelihood

          H0 Value                       -4254.994
          H0 Scaling Correction Factor      1.1460
            for MLR

Information Criteria

          Akaike (AIC)                    8555.989
          Bayesian (BIC)                  8692.712
          Sample-Size Adjusted BIC        8619.633
            (n* = (n + 2) / 24)

Chi-Square Test of Model Fit for the Binary and Ordered Categorical
(Ordinal) Outcomes

          Pearson Chi-Square

          Value                              8.349
          Degrees of Freedom                     8
          P-Value                           0.4001

          Likelihood Ratio Chi-Square

          Value                             16.069
          Degrees of Freedom                     8
          P-Value                           0.0414

Chi-Square Test for MCAR under the Unrestricted Latent Class Indicator Model

          Pearson Chi-Square

          Value                            254.665
          Degrees of Freedom                    93
          P-Value                           0.0000

          Likelihood Ratio Chi-Square

          Value                             69.252
          Degrees of Freedom                    93
          P-Value                           0.9690



FINAL CLASS COUNTS AND PROPORTIONS FOR THE LATENT CLASSES
BASED ON THE ESTIMATED MODEL

    Latent
   Classes

       1         62.31047          0.02210
       2       2277.68593          0.80769
       3        409.95885          0.14538
       4         70.04476          0.02484


FINAL CLASS COUNTS AND PROPORTIONS FOR THE LATENT CLASSES
BASED ON ESTIMATED POSTERIOR PROBABILITIES

    Latent
   Classes

       1         62.31047          0.02210
       2       2277.68593          0.80769
       3        409.95885          0.14538
       4         70.04476          0.02484


FINAL CLASS COUNTS AND PROPORTIONS FOR THE LATENT CLASSES
BASED ON THEIR MOST LIKELY LATENT CLASS MEMBERSHIP

Class Counts and Proportions

    Latent
   Classes

       1               74          0.02616
       2             2387          0.84629
       3              278          0.09843
       4               82          0.02912


CLASSIFICATION QUALITY

     Entropy                         0.839


Average Latent Class Probabilities for Most Likely Latent Class Membership (Row)
by Latent Class (Column)

           1        2        3        4

    1   0.812    0.000    0.086    0.101
    2   0.000    0.942    0.058    0.000
    3   0.005    0.075    0.886    0.034
    4   0.012    0.102    0.238    0.647


Classification Probabilities for the Most Likely Latent Class Membership (Column)
by Latent Class (Row)

           1        2        3        4

    1   0.962    0.000    0.022    0.016
    2   0.000    0.987    0.009    0.004
    3   0.016    0.337    0.600    0.048
    4   0.107    0.001    0.133    0.759


Logits for the Classification Probabilities for the Most Likely Latent Class Membership (Column)
by Latent Class (Row)

              1        2        3        4

    1      4.072   -9.705    0.286    0.000
    2     -8.210    5.592    0.914    0.000
    3     -1.122    1.955    2.532    0.000
    4     -1.963   -6.732   -1.739    0.000


MODEL RESULTS

                                                    Two-Tailed
                    Estimate       S.E.  Est./S.E.    P-Value

Latent Class 1

 Thresholds
    ETH1$1           -15.000      0.000    999.000    999.000
    ETH2$1           -15.000      0.000    999.000    999.000
    ETH3$1            -1.835      0.749     -2.451      0.014
    ETH4$1            -2.654      0.709     -3.741      0.000
    ETH5$1            -2.402      1.163     -2.065      0.039

Latent Class 2

 Thresholds
    ETH1$1             5.446      0.704      7.736      0.000
    ETH2$1             4.223      0.311     13.595      0.000
    ETH3$1             4.178      0.346     12.082      0.000
    ETH4$1             1.030      0.054     19.006      0.000
    ETH5$1            15.000      0.000    999.000    999.000

Latent Class 3

 Thresholds
    ETH1$1             1.477      0.239      6.191      0.000
    ETH2$1             1.128      0.212      5.333      0.000
    ETH3$1             0.851      0.199      4.275      0.000
    ETH4$1             0.036      0.146      0.243      0.808
    ETH5$1             0.284      0.241      1.181      0.238

Latent Class 4

 Thresholds
    ETH1$1             0.108      0.393      0.274      0.784
    ETH2$1           -15.000      0.000    999.000    999.000
    ETH3$1             1.898      0.895      2.120      0.034
    ETH4$1           -15.000      0.000    999.000    999.000
    ETH5$1             1.955      1.484      1.317      0.188

Categorical Latent Variables

 Means
    C#1               -0.117      0.374     -0.313      0.754
    C#2                3.482      0.273     12.741      0.000
    C#3                1.767      0.333      5.301      0.000


RESULTS IN PROBABILITY SCALE

Latent Class 1

 ETH1
    Category 1         0.000      0.000      0.000      1.000
    Category 2         1.000      0.000      0.000      1.000
 ETH2
    Category 1         0.000      0.000      0.000      1.000
    Category 2         1.000      0.000      0.000      1.000
 ETH3
    Category 1         0.138      0.089      1.549      0.121
    Category 2         0.862      0.089      9.703      0.000
 ETH4
    Category 1         0.066      0.044      1.509      0.131
    Category 2         0.934      0.044     21.437      0.000
 ETH5
    Category 1         0.083      0.089      0.938      0.348
    Category 2         0.917      0.089     10.356      0.000

Latent Class 2

 ETH1
    Category 1         0.996      0.003    330.777      0.000
    Category 2         0.004      0.003      1.427      0.154
 ETH2
    Category 1         0.986      0.004    222.884      0.000
    Category 2         0.014      0.004      3.266      0.001
 ETH3
    Category 1         0.985      0.005    191.522      0.000
    Category 2         0.015      0.005      2.936      0.003
 ETH4
    Category 1         0.737      0.011     70.137      0.000
    Category 2         0.263      0.011     25.036      0.000
 ETH5
    Category 1         1.000      0.000      0.000      1.000
    Category 2         0.000      0.000      0.000      1.000

Latent Class 3

 ETH1
    Category 1         0.814      0.036     22.551      0.000
    Category 2         0.186      0.036      5.149      0.000
 ETH2
    Category 1         0.756      0.039     19.332      0.000
    Category 2         0.244      0.039      6.256      0.000
 ETH3
    Category 1         0.701      0.042     16.790      0.000
    Category 2         0.299      0.042      7.170      0.000
 ETH4
    Category 1         0.509      0.037     13.911      0.000
    Category 2         0.491      0.037     13.425      0.000
 ETH5
    Category 1         0.571      0.059      9.666      0.000
    Category 2         0.429      0.059      7.273      0.000

Latent Class 4

 ETH1
    Category 1         0.527      0.098      5.384      0.000
    Category 2         0.473      0.098      4.834      0.000
 ETH2
    Category 1         0.000      0.000      0.000      1.000
    Category 2         1.000      0.000      0.000      1.000
 ETH3
    Category 1         0.870      0.101      8.570      0.000
    Category 2         0.130      0.101      1.284      0.199
 ETH4
    Category 1         0.000      0.000      0.000      1.000
    Category 2         1.000      0.000      0.000      1.000
 ETH5
    Category 1         0.876      0.161      5.430      0.000
    Category 2         0.124      0.161      0.769      0.442


LATENT CLASS ODDS RATIO RESULTS

                                                95% C.I.
                    Estimate       S.E.  Lower 2.5% Upper 2.5%

Latent Class 1 Compared to Latent Class 2

 ETH1
    Category > 1   *********      0.000  *********  *********
 ETH2
    Category > 1   *********      0.000  *********  *********
 ETH3
    Category > 1     408.663    360.809     72.414   2306.250
 ETH4
    Category > 1      39.794     28.774      9.645    164.179
 ETH5
    Category > 1   *********      0.000  *********  *********

Latent Class 1 Compared to Latent Class 3

 ETH1
    Category > 1   *********      0.000  *********  *********
 ETH2
    Category > 1   *********      0.000  *********  *********
 ETH3
    Category > 1      14.672     10.857      3.440     62.576
 ETH4
    Category > 1      14.719     10.618      3.580     60.523
 ETH5
    Category > 1      14.679     16.578      1.604    134.291

Latent Class 1 Compared to Latent Class 4

 ETH1
    Category > 1   *********      0.000  *********  *********
 ETH2
    Category > 1       1.000      0.000      1.000      1.000
 ETH3
    Category > 1      41.816     56.793      2.919    599.013
 ETH4
    Category > 1       0.000      0.000      0.000      0.000
 ETH5
    Category > 1      77.986    151.902      1.714   3548.364

Latent Class 2 Compared to Latent Class 3

 ETH1
    Category > 1       0.019      0.015      0.004      0.094
 ETH2
    Category > 1       0.045      0.019      0.020      0.102
 ETH3
    Category > 1       0.036      0.016      0.015      0.086
 ETH4
    Category > 1       0.370      0.060      0.270      0.507
 ETH5
    Category > 1       0.000      0.000      0.000      0.000

Latent Class 2 Compared to Latent Class 4

 ETH1
    Category > 1       0.005      0.004      0.001      0.026
 ETH2
    Category > 1       0.000      0.000      0.000      0.000
 ETH3
    Category > 1       0.102      0.090      0.018      0.579
 ETH4
    Category > 1       0.000      0.000      0.000      0.000
 ETH5
    Category > 1       0.000      0.000      0.000      0.000

Latent Class 3 Compared to Latent Class 4

 ETH1
    Category > 1       0.254      0.107      0.111      0.581
 ETH2
    Category > 1       0.000      0.000      0.000      0.000
 ETH3
    Category > 1       2.850      2.691      0.448     18.135
 ETH4
    Category > 1       0.000      0.000      0.000      0.000
 ETH5
    Category > 1       5.313      7.815      0.297     94.944


QUALITY OF NUMERICAL RESULTS

     Condition Number for the Information Matrix              0.109E-02
       (ratio of smallest to largest eigenvalue)


MODEL COMMAND WITH FINAL ESTIMATES USED AS STARTING VALUES

     %OVERALL%

     [ c#1*-0.11700 ];
     [ c#2*3.48178 ];
     [ c#3*1.76692 ];

     %C#1%

     [ eth1$1*-15 ];
     [ eth2$1*-15 ];
     [ eth3$1*-1.83501 ];
     [ eth4$1*-2.65358 ];
     [ eth5$1*-2.40193 ];

     %C#2%

     [ eth1$1*5.44621 ];
     [ eth2$1*4.22296 ];
     [ eth3$1*4.17788 ];
     [ eth4$1*1.03013 ];
     [ eth5$1*15 ];

     %C#3%

     [ eth1$1*1.47699 ];
     [ eth2$1*1.12823 ];
     [ eth3$1*0.85090 ];
     [ eth4$1*0.03555 ];
     [ eth5$1*0.28447 ];

     %C#4%

     [ eth1$1*0.10775 ];
     [ eth2$1*-15 ];
     [ eth3$1*1.89827 ];
     [ eth4$1*-15 ];
     [ eth5$1*1.95460 ];



TECHNICAL 10 OUTPUT


     MODEL FIT INFORMATION FOR THE LATENT CLASS INDICATOR MODEL PART


     RESPONSE PATTERNS

     No.  Pattern    No.  Pattern    No.  Pattern    No.  Pattern
       1  00000        2  00001        3  00010        4  00011
       5  00100        6  00101        7  00110        8  00111
       9  01000       10  01001       11  01010       12  01011
      13  01100       14  01101       15  01110       16  01111
      17  10000       18  10001       19  10010       20  10011
      21  10100       22  10101       23  10110       24  10111
      25  11000       26  11001       27  11010       28  11011
      29  11100       30  11101       31  11110       32  11111
      33  000*0       34  011*0       35  100*0       36  0***0
      37  0**10       38  00*00       39  00*10       40  00*11
      41  10*11       42  11*10       43  0000*       44  0001*
      45  1101*       46  0*000       47  0*001       48  0*100
      49  1*001       50  *0000       51  *0100       52  00**0
      53  1****


     RESPONSE PATTERN FREQUENCIES AND CHI-SQUARE CONTRIBUTIONS

    Response          Frequency     Standardized  Chi-square Contribution
     Pattern    Observed  Estimated   Residual    Pearson   Loglikelihood  Deleted
                                     (z-score)
         1      1661.62    1652.25       0.33       0.01         1.25
         2        35.89      38.12      -0.34       0.13        -3.54
         3       619.55     620.59      -0.04       0.00        -1.20
         4        37.27      36.78       0.07      -0.07         4.25
         5        43.23      46.19      -0.41       0.15        -3.14
         6        14.07      16.28      -0.51       0.30        -4.46
         7        32.31      29.64       0.46       0.24         5.27
         8        15.82      15.71       0.03      -0.03         1.55
         9        40.40      39.86       0.08       0.00         0.12
        10        14.00      12.33       0.44       0.22         3.82
        11        51.73      51.96      -0.03      -0.01        -1.58
        12        17.25      15.83       0.33       0.12         2.52
        13         9.35       7.36       0.68       0.50         5.69
        14         2.26       5.27      -1.21       1.71        -3.88
        15        11.40      11.04       0.10      -0.01         1.83
        16         3.31       5.67      -0.92       0.98        -3.65
        17        18.40      18.47      -0.02      -0.01         0.74
        18         5.23       8.70      -1.09       1.31        -4.12
        19        12.92      13.63      -0.18       0.03        -0.76
        20         8.44       8.40       0.01      -0.12         2.05
        21         4.88       5.05      -0.07       0.00        -0.19
        22        10.31       3.72       3.17      11.69        20.84
        23         1.99       4.80      -1.19       1.65        -3.54
        24         1.69       3.59      -0.93       0.98        -2.15
        25         2.24       3.89      -0.77       0.70        -2.51
        26         3.81       3.33       0.25       0.02         1.92
        27        27.94      29.23      -0.22      -0.02         0.42
        28        12.96      13.50      -0.14       0.01        -0.39
        29         2.92       1.89       0.70       0.56         2.49
        30         4.09       4.40      -0.14       0.02        -0.68
        31         8.91       9.39      -0.15       0.02        -0.63
        32        47.80      47.13       0.09       0.01         0.50
        33         7.91       8.35      -0.33       0.00         0.00
        34         1.27       0.07       4.32       3.87         0.45
        35         1.04       0.12       2.51      -0.01         0.00
        36         1.04       0.92       0.34       0.00         0.00
        37         1.11       0.29       1.67       0.01         0.01
        38         2.05       6.77      -2.69       0.00         0.00
        39         3.70       2.59       0.73       0.01         0.02
        40         2.99       0.21       5.68       2.26         0.33
        41         1.36       0.05       5.56      -2.03        -0.14
        42         1.00       0.15       2.02      -0.02        -0.01
        43         1.87       2.85      -0.86       0.00         0.00
        44         1.37       1.11       0.26       0.00         0.01
        45         1.46       0.07       4.81       0.01         0.00
        46         0.90       2.56      -1.53       0.00         0.00
        47         1.14       0.08       3.59      -0.01         0.00
        48         0.98       0.08       2.95       0.21         0.04
        49         1.19       0.02       8.09     -14.47        -0.40
        50         0.78       1.13      -0.48       0.00         0.00
        51         1.11       0.03       5.38      -1.24        -0.08
        52         1.00       0.85       0.40       0.00         0.00
        53         0.72       0.05       3.01       0.00         0.00

     THE TOTAL PEARSON CHI-SQUARE CONTRIBUTION FROM EMPTY CELLS IS         0.03


     UNIVARIATE MODEL FIT INFORMATION

                               Estimated Probabilities
                                                  Standardized
     Variable              H1           H0          Residual
                                                   (z-score)
     ETH1
       Category 1        0.936        0.936           0.000
       Category 2        0.064        0.064           0.000
       Univariate Pearson Chi-Square                  0.000
       Univariate Log-Likelihood Chi-Square           0.000
     ETH2
       Category 1        0.906        0.906          -0.015
       Category 2        0.094        0.094           0.015
       Univariate Pearson Chi-Square                  0.000
       Univariate Log-Likelihood Chi-Square           0.000
     ETH3
       Category 1        0.922        0.922           0.011
       Category 2        0.078        0.078          -0.011
       Univariate Pearson Chi-Square                  0.000
       Univariate Log-Likelihood Chi-Square           0.000
     ETH4
       Category 1        0.671        0.671           0.004
       Category 2        0.329        0.329          -0.004
       Univariate Pearson Chi-Square                  0.000
       Univariate Log-Likelihood Chi-Square           0.000
     ETH5
       Category 1        0.914        0.914          -0.001
       Category 2        0.086        0.086           0.001
       Univariate Pearson Chi-Square                  0.000
       Univariate Log-Likelihood Chi-Square           0.000

       Overall Univariate Pearson Chi-Square                         0.000
       Overall Univariate Log-Likelihood Chi-Square                  0.000


     BIVARIATE MODEL FIT INFORMATION

                                              Estimated Probabilities
                                                                 Standardized
     Variable       Variable              H1           H0          Residual
                                                                  (z-score)
     ETH1           ETH2
       Category 1     Category 1        0.882        0.882          -0.021
       Category 1     Category 2        0.054        0.054           0.029
       Category 2     Category 1        0.024        0.024           0.014
       Category 2     Category 2        0.040        0.041          -0.011
       Bivariate Pearson Chi-Square                                  0.001
       Bivariate Log-Likelihood Chi-Square                           0.001
     ETH1           ETH3
       Category 1     Category 1        0.887        0.886           0.146
       Category 1     Category 2        0.048        0.049          -0.214
       Category 2     Category 1        0.035        0.036          -0.235
       Category 2     Category 2        0.030        0.029           0.261
       Bivariate Pearson Chi-Square                                  0.193
       Bivariate Log-Likelihood Chi-Square                           0.193
     ETH1           ETH4
       Category 1     Category 1        0.652        0.653          -0.141
       Category 1     Category 2        0.284        0.283           0.149
       Category 2     Category 1        0.019        0.018           0.520
       Category 2     Category 2        0.045        0.047          -0.326
       Bivariate Pearson Chi-Square                                  0.455
       Bivariate Log-Likelihood Chi-Square                           0.448
     ETH1           ETH5
       Category 1     Category 1        0.885        0.883           0.204
       Category 1     Category 2        0.051        0.052          -0.294
       Category 2     Category 1        0.030        0.031          -0.379
       Category 2     Category 2        0.035        0.033           0.366
       Bivariate Pearson Chi-Square                                  0.414
       Bivariate Log-Likelihood Chi-Square                           0.415
     ETH2           ETH3
       Category 1     Category 1        0.860        0.861          -0.072
       Category 1     Category 2        0.045        0.045           0.099
       Category 2     Category 1        0.062        0.061           0.116
       Category 2     Category 2        0.033        0.033          -0.130
       Bivariate Pearson Chi-Square                                  0.046
       Bivariate Log-Likelihood Chi-Square                           0.046
     ETH2           ETH4
       Category 1     Category 1        0.642        0.643          -0.048
       Category 1     Category 2        0.264        0.263           0.042
       Category 2     Category 1        0.029        0.028           0.148
       Category 2     Category 2        0.066        0.066          -0.081
       Bivariate Pearson Chi-Square                                  0.034
       Bivariate Log-Likelihood Chi-Square                           0.034
     ETH2           ETH5
       Category 1     Category 1        0.858        0.859          -0.104
       Category 1     Category 2        0.048        0.047           0.150
       Category 2     Category 1        0.056        0.056           0.158
       Category 2     Category 2        0.038        0.039          -0.164
       Bivariate Pearson Chi-Square                                  0.084
       Bivariate Log-Likelihood Chi-Square                           0.084
     ETH3           ETH4
       Category 1     Category 1        0.637        0.638          -0.092
       Category 1     Category 2        0.285        0.284           0.105
       Category 2     Category 1        0.033        0.032           0.261
       Category 2     Category 2        0.045        0.046          -0.235
       Bivariate Pearson Chi-Square                                  0.151
       Bivariate Log-Likelihood Chi-Square                           0.150
     ETH3           ETH5
       Category 1     Category 1        0.872        0.873          -0.115
       Category 1     Category 2        0.050        0.049           0.191
       Category 2     Category 1        0.042        0.041           0.192
       Category 2     Category 2        0.036        0.037          -0.219
       Bivariate Pearson Chi-Square                                  0.138
       Bivariate Log-Likelihood Chi-Square                           0.137
     ETH4           ETH5
       Category 1     Category 1        0.638        0.638           0.047
       Category 1     Category 2        0.033        0.033          -0.116
       Category 2     Category 1        0.276        0.277          -0.051
       Category 2     Category 2        0.053        0.053           0.094
       Bivariate Pearson Chi-Square                                  0.028
       Bivariate Log-Likelihood Chi-Square                           0.028

       Overall Bivariate Pearson Chi-Square                          1.543
       Overall Bivariate Log-Likelihood Chi-Square                   1.537


TECHNICAL 11 OUTPUT

     Random Starts Specifications for the k-1 Class Analysis Model
        Number of initial stage random starts                1000
        Number of final stage optimizations                   250



     VUONG-LO-MENDELL-RUBIN LIKELIHOOD RATIO TEST FOR 3 (H0) VERSUS 4 CLASSES

          H0 Loglikelihood Value                        -4271.910
          2 Times the Loglikelihood Difference             33.832
          Difference in the Number of Parameters                6
          Mean                                             -1.748
          Standard Deviation                               33.858
          P-Value                                          0.1010

     LO-MENDELL-RUBIN ADJUSTED LRT TEST

          Value                                            33.137
          P-Value                                          0.1046


SAVEDATA INFORMATION


  Save file
    Prob_SVN_ETHlca_C3cl4.dat

  Order and format of variables

    ETH1           F10.3
    ETH2           F10.3
    ETH3           F10.3
    ETH4           F10.3
    ETH5           F10.3
    CPROB1         F10.3
    CPROB2         F10.3
    CPROB3         F10.3
    CPROB4         F10.3
    C              F10.3
    WS             F10.3
    IDSTUD         I9
    ID_S           I5
    ID_J           I5

  Save file format
    11F10.3 I9 2I5

  Save file record length    10000

  Save missing symbol        *


     Beginning Time:  22:12:16
        Ending Time:  22:12:19
       Elapsed Time:  00:00:03



MUTHEN & MUTHEN
3463 Stoner Ave.
Los Angeles, CA  90066

Tel: (310) 391-9971
Fax: (310) 391-8971
Web: www.StatModel.com
Support: Support@StatModel.com

Copyright (c) 1998-2020 Muthen & Muthen
