Mplus VERSION 8.5 (Mac)
MUTHEN & MUTHEN
04/07/2021  10:12 PM

INPUT INSTRUCTIONS

  TITLE: SVNETH LCA - C3 with 3 classes;
  DATA:
  FILE = ETHDtaC3.dat;

  VARIABLE:
  NAMES = id_i
  id_j
  id_r
  id_s
  id_k
  wt
  ws
  ETH1
  ETH2
  ETH3
  ETH4
  ETH5
  IDSTUD;
  IDVARIABLE = IDSTUD;
  USEVARIABLES = ETH1
  ETH2
  ETH3
  ETH4
  ETH5;
  USEOBSERVATIONS ARE id_k EQ 13;
  CATEGORICAL = ETH1
  ETH2
  ETH3
  ETH4
  ETH5;
  MISSING = .;
  CLASSES = c(3);
  WEIGHT = ws;
  STRATIFICATION = id_s;
  CLUSTER = id_j;

  ANALYSIS:
  TYPE = COMPLEX MIXTURE;
  PROCESSORS = 4;
  STARTS = 1000 250;
  STITERATIONS = 20;
  STSEED = 288;

  MODEL:
  %OVERALL%

  OUTPUT:
  TECH10
  TECH11
  SVALUES
  ;

  SAVEDATA:
  FILE = Prob_SVN_ETHlca_C3cl3.dat;
  SAVE = CPROBABILITIES;



*** WARNING in VARIABLE command
  When a subpopulation is analyzed with TYPE=COMPLEX, standard errors
  may be incorrect.  Use the SUBPOPULATION option instead of the
  USEOBSERVATIONS option to obtain correct standard errors.
*** WARNING
  Data set contains cases with missing on all variables.
  These cases were not included in the analysis.
  Number of cases with missing on all variables:  24
   2 WARNING(S) FOUND IN THE INPUT INSTRUCTIONS



SVNETH LCA - C3 with 3 classes;

SUMMARY OF ANALYSIS

Number of groups                                                 1
Number of observations                                        2820

Number of dependent variables                                    5
Number of independent variables                                  0
Number of continuous latent variables                            0
Number of categorical latent variables                           1

Observed dependent variables

  Binary and ordered categorical (ordinal)
   ETH1        ETH2        ETH3        ETH4        ETH5

Categorical latent variables
   C

Variables with special functions

  Stratification        ID_S
  Cluster variable      ID_J
  Weight variable       WS
  ID variable           IDSTUD

Estimator                                                      MLR
Information matrix                                        OBSERVED
Optimization Specifications for the Quasi-Newton Algorithm for
Continuous Outcomes
  Maximum number of iterations                                 100
  Convergence criterion                                  0.100D-05
Optimization Specifications for the EM Algorithm
  Maximum number of iterations                                 500
  Convergence criteria
    Loglikelihood change                                 0.100D-06
    Relative loglikelihood change                        0.100D-06
    Derivative                                           0.100D-05
Optimization Specifications for the M step of the EM Algorithm for
Categorical Latent variables
  Number of M step iterations                                    1
  M step convergence criterion                           0.100D-05
  Basis for M step termination                           ITERATION
Optimization Specifications for the M step of the EM Algorithm for
Censored, Binary or Ordered Categorical (Ordinal), Unordered
Categorical (Nominal) and Count Outcomes
  Number of M step iterations                                    1
  M step convergence criterion                           0.100D-05
  Basis for M step termination                           ITERATION
  Maximum value for logit thresholds                            15
  Minimum value for logit thresholds                           -15
  Minimum expected cell size for chi-square              0.100D-01
Maximum number of iterations for H1                           2000
Convergence criterion for H1                             0.100D-03
Optimization algorithm                                         EMA
Random Starts Specifications
  Number of initial stage random starts                       1000
  Number of final stage optimizations                          250
  Number of initial stage iterations                            20
  Initial stage convergence criterion                    0.100D+01
  Random starts scale                                    0.500D+01
  Random seed for generating random starts                     288
Link                                                         LOGIT

Input data file(s)
  ETHDtaC3.dat
Input data format  FREE


SUMMARY OF DATA

     Number of missing data patterns            10
     Number of y missing data patterns           0
     Number of u missing data patterns          10
     Number of strata                           73
     Number of clusters                        145


COVARIANCE COVERAGE OF DATA

Minimum covariance coverage value   0.100


     PROPORTION OF DATA PRESENT FOR U


           Covariance Coverage
              ETH1          ETH2          ETH3          ETH4          ETH5
              ________      ________      ________      ________      ________
 ETH1           0.999
 ETH2           0.997         0.998
 ETH3           0.994         0.993         0.995
 ETH4           0.995         0.994         0.992         0.996
 ETH5           0.998         0.996         0.993         0.995         0.998


UNIVARIATE PROPORTIONS AND COUNTS FOR CATEGORICAL VARIABLES

    ETH1
      Category 1    0.936         2636.798
      Category 2    0.064          181.315
    ETH2
      Category 1    0.906         2548.796
      Category 2    0.094          264.119
    ETH3
      Category 1    0.922         2587.315
      Category 2    0.078          217.702
    ETH4
      Category 1    0.671         1882.717
      Category 2    0.329          924.289
    ETH5
      Category 1    0.914         2573.687
      Category 2    0.086          240.892


RANDOM STARTS RESULTS RANKED FROM THE BEST TO THE WORST LOGLIKELIHOOD VALUES

Final stage loglikelihood values at local maxima, seeds, and initial stage start numbers:

           -4271.910  718759           582
           -4271.910  819256           294
           -4271.910  856808           157
           -4271.910  107961           962
           -4271.910  859868           243
           -4271.910  94439            635
           -4271.910  253296           765
           -4271.910  445012           686
           -4271.910  905126           723
           -4271.910  4082             445
           -4271.910  871950           369
           -4271.910  897732           380
           -4271.910  390827           631
           -4271.910  811413           685
           -4271.910  706595           749
           -4271.910  920430           230
           -4271.910  724894           55
           -4271.910  256863           802
           -4271.910  702720           550
           -4271.910  219014           75
           -4271.910  163922           30
           -4271.910  437887           645
           -4271.910  712313           535
           -4271.910  957051           194
           -4271.910  223610           725
           -4271.910  684094           580
           -4271.910  889723           471
           -4271.910  986285           495
           -4271.910  675509           906
           -4271.910  975945           406
           -4271.910  425012           825
           -4271.910  488534           375
           -4271.910  846206           744
           -4271.910  126060           290
           -4271.910  3693             391
           -4271.910  476644           343
           -4271.910  251296           435
           -4271.910  692037           314
           -4271.910  608683           867
           -4271.910  856747           327
           -4271.910  718635           450
           -4271.910  678818           832
           -4271.910  615741           588
           -4271.910  480214           256
           -4271.910  782637           338
           -4271.910  171198           696
           -4271.910  790562           348
           -4271.910  125480           300
           -4271.910  289940           934
           -4271.910  73135            288
           -4271.910  986698           642
           -4271.910  130856           647
           -4271.910  21724            20
           -4271.910  162423           420
           -4271.910  45433            720
           -4271.910  254673           443
           -4271.910  914502           897
           -4271.910  620988           762
           -4271.910  972138           488
           -4271.910  447449           500
           -4271.910  533600           307
           -4271.910  749058           704
           -4271.910  660791           846
           -4271.910  445592           47
           -4271.910  845314           106
           -4271.910  58768            795
           -4271.910  737206           176
           -4271.910  425103           69
           -4271.910  596950           160
           -4271.910  649146           614
           -4271.910  179652           583
           -4271.910  452998           804
           -4271.910  939960           395
           -4271.910  170402           703
           -4271.910  386412           896
           -4271.910  574266           509
           -4271.910  747600           691
           -4271.910  313816           213
           -4271.910  451093           729
           -4271.910  719428           129
           -4271.910  704835           650
           -4271.910  201485           44
           -4271.910  413332           92
           -4271.910  524752           594
           -4271.910  532887           942
           -4271.910  491603           479
           -4271.910  500310           899
           -4271.910  919611           405
           -4271.910  247466           56
           -4271.910  916022           434
           -4271.910  676245           240
           -4271.910  369583           701
           -4271.910  231734           333
           -4271.910  289707           789
           -4271.910  529504           13
           -4271.910  233115           441
           -4271.910  21190            525
           -4271.910  56586            165
           -4271.910  155404           966
           -4271.910  332668           993
           -4271.910  117896           87
           -4271.910  596788           987
           -4271.910  125680           791
           -4271.910  648136           544
           -4271.910  768581           657
           -4271.910  910774           698
           -4271.910  997549           220
           -4271.910  353096           154
           -4271.910  290638           666
           -4271.910  241342           73
           -4271.910  95515            800
           -4271.910  516899           331
           -4271.910  690280           877
           -4271.910  494022           377
           -4271.910  514978           7
           -4271.910  513056           385
           -4271.910  632977           781
           -4271.910  256261           263
           -4271.910  890296           636
           -4271.910  578472           477
           -4271.910  798276           536
           -4271.910  845817           820
           -4271.910  900011           215
           -4271.910  518578           819
           -4271.910  692137           430
           -4271.910  125830           187
           -4271.910  16924            513
           -4271.910  378510           397
           -4271.910  679290           585
           -4271.910  825343           518
           -4271.910  590928           964
           -4271.910  210174           733
           -4271.910  425159           122
           -4271.910  866003           788
           -4271.910  965671           140
           -4271.910  334920           663
           -4271.910  75864            534
           -4271.910  344304           737
           -4271.910  454330           14
           -4271.910  764334           694
           -4271.910  312601           848
           -4271.910  699998           861
           -4271.910  723324           90
           -4271.910  536406           976
           -4271.910  175002           169
           -4271.910  743865           980
           -4271.910  884788           184
           -4271.910  962924           344
           -4271.910  229344           916
           -4271.910  87282            366
           -4271.910  799800           828
           -4271.971  55441            599
           -4271.971  686460           347
           -4272.590  736001           460
           -4272.590  216144           158
           -4299.553  503835           43
           -4299.553  263678           491
           -4299.553  223897           799
           -4299.553  503362           971
           -4299.553  88747            955
           -4299.553  586992           949

89 perturbed starting value run(s) did not converge or were rejected in the third stage.



THE BEST LOGLIKELIHOOD VALUE HAS BEEN REPLICATED.  RERUN WITH AT LEAST TWICE THE
RANDOM STARTS TO CHECK THAT THE BEST LOGLIKELIHOOD IS STILL OBTAINED AND REPLICATED.

     IN THE OPTIMIZATION, ONE OR MORE LOGIT THRESHOLDS APPROACHED EXTREME VALUES
     OF -15.000 AND 15.000 AND WERE FIXED TO STABILIZE MODEL ESTIMATION.  THESE
     VALUES IMPLY PROBABILITIES OF 0 AND 1.  IN THE MODEL RESULTS SECTION, THESE
     PARAMETERS HAVE 0 STANDARD ERRORS AND 999 IN THE Z-SCORE AND P-VALUE COLUMNS.


     WARNING:  THE VARIANCE CONTRIBUTION FROM A STRATUM WITH A SINGLE CLUSTER
     (PSU) IS BASED ON THE DIFFERENCE BETWEEN THE SINGLE CLUSTER VALUE AND
     THE OVERALL CLUSTER MEAN.




THE MODEL ESTIMATION TERMINATED NORMALLY



MODEL FIT INFORMATION

Number of Free Parameters                       17

Loglikelihood

          H0 Value                       -4271.910
          H0 Scaling Correction Factor      1.2700
            for MLR

Information Criteria

          Akaike (AIC)                    8577.821
          Bayesian (BIC)                  8678.877
          Sample-Size Adjusted BIC        8624.862
            (n* = (n + 2) / 24)

Chi-Square Test of Model Fit for the Binary and Ordered Categorical
(Ordinal) Outcomes

          Pearson Chi-Square

          Value                             47.249
          Degrees of Freedom                    14
          P-Value                           0.0000

          Likelihood Ratio Chi-Square

          Value                             44.270
          Degrees of Freedom                    14
          P-Value                           0.0001

Chi-Square Test for MCAR under the Unrestricted Latent Class Indicator Model

          Pearson Chi-Square

          Value                            254.665
          Degrees of Freedom                    93
          P-Value                           0.0000

          Likelihood Ratio Chi-Square

          Value                             69.252
          Degrees of Freedom                    93
          P-Value                           0.9690



FINAL CLASS COUNTS AND PROPORTIONS FOR THE LATENT CLASSES
BASED ON THE ESTIMATED MODEL

    Latent
   Classes

       1        545.75190          0.19353
       2         84.23718          0.02987
       3       2190.01091          0.77660


FINAL CLASS COUNTS AND PROPORTIONS FOR THE LATENT CLASSES
BASED ON ESTIMATED POSTERIOR PROBABILITIES

    Latent
   Classes

       1        545.75190          0.19353
       2         84.23718          0.02987
       3       2190.01091          0.77660


FINAL CLASS COUNTS AND PROPORTIONS FOR THE LATENT CLASSES
BASED ON THEIR MOST LIKELY LATENT CLASS MEMBERSHIP

Class Counts and Proportions

    Latent
   Classes

       1              441          0.15634
       2               76          0.02703
       3             2303          0.81663


CLASSIFICATION QUALITY

     Entropy                         0.775


Average Latent Class Probabilities for Most Likely Latent Class Membership (Row)
by Latent Class (Column)

           1        2        3

    1   0.860    0.034    0.106
    2   0.092    0.907    0.000
    3   0.069    0.000    0.931


Classification Probabilities for the Most Likely Latent Class Membership (Column)
by Latent Class (Row)

           1        2        3

    1   0.694    0.013    0.293
    2   0.179    0.821    0.000
    3   0.021    0.000    0.979


Logits for the Classification Probabilities for the Most Likely Latent Class Membership (Column)
by Latent Class (Row)

              1        2        3

    1      0.864   -3.121    0.000
    2     12.094   13.619    0.000
    3     -3.823  -13.794    0.000


MODEL RESULTS

                                                    Two-Tailed
                    Estimate       S.E.  Est./S.E.    P-Value

Latent Class 1

 Thresholds
    ETH1$1             1.563      0.253      6.189      0.000
    ETH2$1             0.843      0.183      4.614      0.000
    ETH3$1             1.119      0.232      4.822      0.000
    ETH4$1            -0.165      0.116     -1.423      0.155
    ETH5$1             0.707      0.265      2.663      0.008

Latent Class 2

 Thresholds
    ETH1$1           -15.000      0.000    999.000    999.000
    ETH2$1           -15.000      0.000    999.000    999.000
    ETH3$1            -0.816      0.552     -1.479      0.139
    ETH4$1            -2.761      0.660     -4.181      0.000
    ETH5$1            -1.026      0.581     -1.764      0.078

Latent Class 3

 Thresholds
    ETH1$1             6.710      3.078      2.180      0.029
    ETH2$1             4.834      0.988      4.893      0.000
    ETH3$1             4.373      0.369     11.845      0.000
    ETH4$1             1.082      0.058     18.795      0.000
    ETH5$1            15.000      0.000    999.000    999.000

Categorical Latent Variables

 Means
    C#1               -1.389      0.177     -7.868      0.000
    C#2               -3.258      0.228    -14.319      0.000


RESULTS IN PROBABILITY SCALE

Latent Class 1

 ETH1
    Category 1         0.827      0.036     22.858      0.000
    Category 2         0.173      0.036      4.789      0.000
 ETH2
    Category 1         0.699      0.038     18.184      0.000
    Category 2         0.301      0.038      7.823      0.000
 ETH3
    Category 1         0.754      0.043     17.502      0.000
    Category 2         0.246      0.043      5.715      0.000
 ETH4
    Category 1         0.459      0.029     15.926      0.000
    Category 2         0.541      0.029     18.785      0.000
 ETH5
    Category 1         0.670      0.059     11.406      0.000
    Category 2         0.330      0.059      5.626      0.000

Latent Class 2

 ETH1
    Category 1         0.000      0.000      0.000      1.000
    Category 2         1.000      0.000      0.000      1.000
 ETH2
    Category 1         0.000      0.000      0.000      1.000
    Category 2         1.000      0.000      0.000      1.000
 ETH3
    Category 1         0.307      0.117      2.613      0.009
    Category 2         0.693      0.117      5.911      0.000
 ETH4
    Category 1         0.059      0.037      1.610      0.107
    Category 2         0.941      0.037     25.461      0.000
 ETH5
    Category 1         0.264      0.113      2.337      0.019
    Category 2         0.736      0.113      6.518      0.000

Latent Class 3

 ETH1
    Category 1         0.999      0.004    266.940      0.000
    Category 2         0.001      0.004      0.325      0.745
 ETH2
    Category 1         0.992      0.008    128.248      0.000
    Category 2         0.008      0.008      1.020      0.308
 ETH3
    Category 1         0.988      0.005    217.405      0.000
    Category 2         0.012      0.005      2.743      0.006
 ETH4
    Category 1         0.747      0.011     68.619      0.000
    Category 2         0.253      0.011     23.247      0.000
 ETH5
    Category 1         1.000      0.000      0.000      1.000
    Category 2         0.000      0.000      0.000      1.000


LATENT CLASS ODDS RATIO RESULTS

                                                95% C.I.
                    Estimate       S.E.  Lower 2.5% Upper 2.5%

Latent Class 1 Compared to Latent Class 2

 ETH1
    Category > 1       0.000      0.000      0.000      0.000
 ETH2
    Category > 1       0.000      0.000      0.000      0.000
 ETH3
    Category > 1       0.144      0.100      0.037      0.564
 ETH4
    Category > 1       0.075      0.050      0.020      0.279
 ETH5
    Category > 1       0.177      0.125      0.044      0.704

Latent Class 1 Compared to Latent Class 3

 ETH1
    Category > 1     171.909    545.998      0.340  86862.766
 ETH2
    Category > 1      54.073     56.940      6.865    425.923
 ETH3
    Category > 1      25.881     11.695     10.674     62.750
 ETH4
    Category > 1       3.482      0.440      2.718      4.461
 ETH5
    Category > 1   *********      0.000  *********  *********

Latent Class 2 Compared to Latent Class 3

 ETH1
    Category > 1   *********      0.000  *********  *********
 ETH2
    Category > 1   *********      0.000  *********  *********
 ETH3
    Category > 1     179.292    121.658     47.421    677.880
 ETH4
    Category > 1      46.679     31.222     12.582    173.170
 ETH5
    Category > 1   *********      0.000  *********  *********


QUALITY OF NUMERICAL RESULTS

     Condition Number for the Information Matrix              0.316E-03
       (ratio of smallest to largest eigenvalue)


MODEL COMMAND WITH FINAL ESTIMATES USED AS STARTING VALUES

     %OVERALL%

     [ c#1*-1.38950 ];
     [ c#2*-3.25803 ];

     %C#1%

     [ eth1$1*1.56300 ];
     [ eth2$1*0.84348 ];
     [ eth3$1*1.11920 ];
     [ eth4$1*-0.16514 ];
     [ eth5$1*0.70679 ];

     %C#2%

     [ eth1$1*-15 ];
     [ eth2$1*-15 ];
     [ eth3$1*-0.81631 ];
     [ eth4$1*-2.76091 ];
     [ eth5$1*-1.02559 ];

     %C#3%

     [ eth1$1*6.70996 ];
     [ eth2$1*4.83381 ];
     [ eth3$1*4.37271 ];
     [ eth4$1*1.08238 ];
     [ eth5$1*15 ];



TECHNICAL 10 OUTPUT


     MODEL FIT INFORMATION FOR THE LATENT CLASS INDICATOR MODEL PART


     RESPONSE PATTERNS

     No.  Pattern    No.  Pattern    No.  Pattern    No.  Pattern
       1  00000        2  00001        3  00010        4  00011
       5  00100        6  00101        7  00110        8  00111
       9  01000       10  01001       11  01010       12  01011
      13  01100       14  01101       15  01110       16  01111
      17  10000       18  10001       19  10010       20  10011
      21  10100       22  10101       23  10110       24  10111
      25  11000       26  11001       27  11010       28  11011
      29  11100       30  11101       31  11110       32  11111
      33  000*0       34  011*0       35  100*0       36  0***0
      37  0**10       38  00*00       39  00*10       40  00*11
      41  10*11       42  11*10       43  0000*       44  0001*
      45  1101*       46  0*000       47  0*001       48  0*100
      49  1*001       50  *0000       51  *0100       52  00**0
      53  1****


     RESPONSE PATTERN FREQUENCIES AND CHI-SQUARE CONTRIBUTIONS

    Response          Frequency     Standardized  Chi-square Contribution
     Pattern    Observed  Estimated   Residual    Pearson   Loglikelihood  Deleted
                                     (z-score)
         1      1661.62    1652.44       0.33       0.00         0.87
         2        35.89      35.58       0.05       0.00         1.40
         3       619.55     620.48      -0.04       0.00        -0.98
         4        37.27      41.97      -0.68       0.46        -5.58
         5        43.23      43.50      -0.04      -0.04         2.05
         6        14.07      11.62       0.67       0.51         5.02
         7        32.31      34.54      -0.35       0.14        -4.62
         8        15.82      13.71       0.53       0.30         5.87
         9        40.40      43.61      -0.45       0.23        -7.13
        10        14.00      15.31      -0.31       0.11        -2.23
        11        51.73      40.87       1.59       2.88        23.25
        12        17.25      18.06      -0.18       0.03        -2.01
        13         9.35      10.29      -0.27       0.05        -0.58
        14         2.26       5.00      -1.14       1.50        -3.65
        15        11.40      12.01      -0.16       0.00        -0.08
        16         3.31       5.90      -0.99       1.14        -3.91
        17        18.40      17.04       0.31       0.10         3.71
        18         5.23       7.45      -0.75       0.59        -2.50
        19        12.92      18.48      -1.20       1.67        -8.63
        20         8.44       8.79      -0.11      -0.10         1.28
        21         4.88       4.96      -0.03       0.00        -0.02
        22        10.31       2.43       4.68      25.46        29.56
        23         1.99       5.83      -1.47       2.53        -4.31
        24         1.69       2.87      -0.65       0.46        -1.40
        25         2.24       6.92      -1.65       3.16        -5.09
        26         3.81       4.32      -0.23       0.01        -0.08
        27        27.94      14.00       3.46      13.79        41.53
        28        12.96      21.43      -1.70       3.34       -12.37
        29         2.92       3.03      -0.06       0.00        -0.26
        30         4.09       3.57       0.25       0.07         1.03
        31         8.91      16.82      -1.79       3.72       -11.01
        32        47.80      41.16       0.97       1.07        13.46
        33         7.91       8.35      -0.33       0.00         0.00
        34         1.27       0.08       3.88      -0.32        -0.04
        35         1.04       0.13       2.35      -0.88        -0.21
        36         1.04       0.92       0.34       0.00         0.00
        37         1.11       0.28       1.68       0.04         0.02
        38         2.05       6.76      -2.69      -0.01         0.00
        39         3.70       2.61       0.72      -0.01        -0.03
        40         2.99       0.22       5.50      -0.17        -0.03
        41         1.36       0.05       5.64      -0.97        -0.07
        42         1.00       0.12       2.34       1.61         0.45
        43         1.87       2.85      -0.86       0.00         0.00
        44         1.37       1.12       0.26       0.00        -0.01
        45         1.46       0.06       5.32       6.05         0.55
        46         0.90       2.56      -1.54       0.00         0.00
        47         1.14       0.08       3.57      -0.16        -0.02
        48         0.98       0.08       2.94       0.16         0.03
        49         1.19       0.02       8.17     -12.80        -0.35
        50         0.78       1.13      -0.48       0.00         0.00
        51         1.11       0.03       5.54       0.78         0.05
        52         1.00       0.85       0.40       0.00         0.00
        53         0.72       0.05       3.01       0.00         0.00

     THE TOTAL PEARSON CHI-SQUARE CONTRIBUTION FROM EMPTY CELLS IS         0.02


     UNIVARIATE MODEL FIT INFORMATION

                               Estimated Probabilities
                                                  Standardized
     Variable              H1           H0          Residual
                                                   (z-score)
     ETH1
       Category 1        0.936        0.936           0.000
       Category 2        0.064        0.064           0.000
       Univariate Pearson Chi-Square                  0.000
       Univariate Log-Likelihood Chi-Square           0.000
     ETH2
       Category 1        0.906        0.906          -0.003
       Category 2        0.094        0.094           0.003
       Univariate Pearson Chi-Square                  0.000
       Univariate Log-Likelihood Chi-Square           0.000
     ETH3
       Category 1        0.922        0.922           0.018
       Category 2        0.078        0.078          -0.018
       Univariate Pearson Chi-Square                  0.000
       Univariate Log-Likelihood Chi-Square           0.000
     ETH4
       Category 1        0.671        0.671           0.004
       Category 2        0.329        0.329          -0.004
       Univariate Pearson Chi-Square                  0.000
       Univariate Log-Likelihood Chi-Square           0.000
     ETH5
       Category 1        0.914        0.914           0.026
       Category 2        0.086        0.086          -0.026
       Univariate Pearson Chi-Square                  0.001
       Univariate Log-Likelihood Chi-Square           0.001

       Overall Univariate Pearson Chi-Square                         0.001
       Overall Univariate Log-Likelihood Chi-Square                  0.001


     BIVARIATE MODEL FIT INFORMATION

                                              Estimated Probabilities
                                                                 Standardized
     Variable       Variable              H1           H0          Residual
                                                                  (z-score)
     ETH1           ETH2
       Category 1     Category 1        0.882        0.881           0.073
       Category 1     Category 2        0.054        0.054          -0.104
       Category 2     Category 1        0.024        0.024          -0.159
       Category 2     Category 2        0.040        0.040           0.125
       Bivariate Pearson Chi-Square                                  0.059
       Bivariate Log-Likelihood Chi-Square                           0.059
     ETH1           ETH3
       Category 1     Category 1        0.887        0.887           0.113
       Category 1     Category 2        0.048        0.049          -0.166
       Category 2     Category 1        0.035        0.035          -0.168
       Category 2     Category 2        0.030        0.029           0.185
       Bivariate Pearson Chi-Square                                  0.103
       Bivariate Log-Likelihood Chi-Square                           0.103
     ETH1           ETH4
       Category 1     Category 1        0.652        0.653          -0.129
       Category 1     Category 2        0.284        0.283           0.137
       Category 2     Category 1        0.019        0.018           0.481
       Category 2     Category 2        0.045        0.046          -0.303
       Bivariate Pearson Chi-Square                                  0.389
       Bivariate Log-Likelihood Chi-Square                           0.384
     ETH1           ETH5
       Category 1     Category 1        0.885        0.883           0.267
       Category 1     Category 2        0.051        0.053          -0.383
       Category 2     Category 1        0.030        0.031          -0.451
       Category 2     Category 2        0.035        0.033           0.439
       Bivariate Pearson Chi-Square                                  0.619
       Bivariate Log-Likelihood Chi-Square                           0.622
     ETH2           ETH3
       Category 1     Category 1        0.860        0.863          -0.345
       Category 1     Category 2        0.045        0.043           0.581
       Category 2     Category 1        0.062        0.059           0.524
       Category 2     Category 2        0.033        0.035          -0.666
       Bivariate Pearson Chi-Square                                  1.195
       Bivariate Log-Likelihood Chi-Square                           1.196
     ETH2           ETH4
       Category 1     Category 1        0.642        0.638           0.457
       Category 1     Category 2        0.264        0.268          -0.499
       Category 2     Category 1        0.029        0.033          -1.218
       Category 2     Category 2        0.066        0.061           0.913
       Bivariate Pearson Chi-Square                                  2.885
       Bivariate Log-Likelihood Chi-Square                           2.945
     ETH2           ETH5
       Category 1     Category 1        0.858        0.861          -0.445
       Category 1     Category 2        0.048        0.045           0.740
       Category 2     Category 1        0.056        0.053           0.719
       Category 2     Category 2        0.038        0.041          -0.805
       Bivariate Pearson Chi-Square                                  1.937
       Bivariate Log-Likelihood Chi-Square                           1.932
     ETH3           ETH4
       Category 1     Category 1        0.637        0.640          -0.303
       Category 1     Category 2        0.285        0.282           0.334
       Category 2     Category 1        0.033        0.030           0.861
       Category 2     Category 2        0.045        0.048          -0.715
       Bivariate Pearson Chi-Square                                  1.536
       Bivariate Log-Likelihood Chi-Square                           1.523
     ETH3           ETH5
       Category 1     Category 1        0.872        0.867           0.721
       Category 1     Category 2        0.050        0.055          -1.054
       Category 2     Category 1        0.042        0.047          -1.122
       Category 2     Category 2        0.036        0.031           1.344
       Bivariate Pearson Chi-Square                                  4.742
       Bivariate Log-Likelihood Chi-Square                           4.734
     ETH4           ETH5
       Category 1     Category 1        0.638        0.640          -0.204
       Category 1     Category 2        0.033        0.031           0.581
       Category 2     Category 1        0.276        0.274           0.236
       Category 2     Category 2        0.053        0.055          -0.470
       Bivariate Pearson Chi-Square                                  0.690
       Bivariate Log-Likelihood Chi-Square                           0.685

       Overall Bivariate Pearson Chi-Square                         14.155
       Overall Bivariate Log-Likelihood Chi-Square                  14.181


TECHNICAL 11 OUTPUT

     Random Starts Specifications for the k-1 Class Analysis Model
        Number of initial stage random starts                1000
        Number of final stage optimizations                   250



     VUONG-LO-MENDELL-RUBIN LIKELIHOOD RATIO TEST FOR 2 (H0) VERSUS 3 CLASSES

          H0 Loglikelihood Value                        -4315.190
          2 Times the Loglikelihood Difference             86.559
          Difference in the Number of Parameters                6
          Mean                                              9.008
          Standard Deviation                               34.065
          P-Value                                          0.0270

     LO-MENDELL-RUBIN ADJUSTED LRT TEST

          Value                                            84.780
          P-Value                                          0.0287


SAVEDATA INFORMATION


  Save file
    Prob_SVN_ETHlca_C3cl3.dat

  Order and format of variables

    ETH1           F10.3
    ETH2           F10.3
    ETH3           F10.3
    ETH4           F10.3
    ETH5           F10.3
    CPROB1         F10.3
    CPROB2         F10.3
    CPROB3         F10.3
    C              F10.3
    WS             F10.3
    IDSTUD         I9
    ID_S           I5
    ID_J           I5

  Save file format
    10F10.3 I9 2I5

  Save file record length    10000

  Save missing symbol        *


     Beginning Time:  22:12:14
        Ending Time:  22:12:16
       Elapsed Time:  00:00:02



MUTHEN & MUTHEN
3463 Stoner Ave.
Los Angeles, CA  90066

Tel: (310) 391-9971
Fax: (310) 391-8971
Web: www.StatModel.com
Support: Support@StatModel.com

Copyright (c) 1998-2020 Muthen & Muthen
