Mplus VERSION 8.5 (Mac)
MUTHEN & MUTHEN
04/07/2021  10:11 PM

INPUT INSTRUCTIONS

  TITLE: NLDETH LCA - C3 with 3 classes;
  DATA:
  FILE = ETHDtaC3.dat;

  VARIABLE:
  NAMES = id_i
  id_j
  id_r
  id_s
  id_k
  wt
  ws
  ETH1
  ETH2
  ETH3
  ETH4
  ETH5
  IDSTUD;
  IDVARIABLE = IDSTUD;
  USEVARIABLES = ETH1
  ETH2
  ETH3
  ETH4
  ETH5;
  USEOBSERVATIONS ARE id_k EQ 11;
  CATEGORICAL = ETH1
  ETH2
  ETH3
  ETH4
  ETH5;
  MISSING = .;
  CLASSES = c(3);
  WEIGHT = ws;
  STRATIFICATION = id_s;
  CLUSTER = id_j;

  ANALYSIS:
  TYPE = COMPLEX MIXTURE;
  PROCESSORS = 4;
  STARTS = 1000 250;
  STITERATIONS = 20;
  STSEED = 288;

  MODEL:
  %OVERALL%

  OUTPUT:
  TECH10
  TECH11
  SVALUES
  ;

  SAVEDATA:
  FILE = Prob_NLD_ETHlca_C3cl3.dat;
  SAVE = CPROBABILITIES;



*** WARNING in VARIABLE command
  When a subpopulation is analyzed with TYPE=COMPLEX, standard errors
  may be incorrect.  Use the SUBPOPULATION option instead of the
  USEOBSERVATIONS option to obtain correct standard errors.
*** WARNING
  Data set contains cases with missing on all variables.
  These cases were not included in the analysis.
  Number of cases with missing on all variables:  45
   2 WARNING(S) FOUND IN THE INPUT INSTRUCTIONS



NLDETH LCA - C3 with 3 classes;

SUMMARY OF ANALYSIS

Number of groups                                                 1
Number of observations                                        2767

Number of dependent variables                                    5
Number of independent variables                                  0
Number of continuous latent variables                            0
Number of categorical latent variables                           1

Observed dependent variables

  Binary and ordered categorical (ordinal)
   ETH1        ETH2        ETH3        ETH4        ETH5

Categorical latent variables
   C

Variables with special functions

  Stratification        ID_S
  Cluster variable      ID_J
  Weight variable       WS
  ID variable           IDSTUD

Estimator                                                      MLR
Information matrix                                        OBSERVED
Optimization Specifications for the Quasi-Newton Algorithm for
Continuous Outcomes
  Maximum number of iterations                                 100
  Convergence criterion                                  0.100D-05
Optimization Specifications for the EM Algorithm
  Maximum number of iterations                                 500
  Convergence criteria
    Loglikelihood change                                 0.100D-06
    Relative loglikelihood change                        0.100D-06
    Derivative                                           0.100D-05
Optimization Specifications for the M step of the EM Algorithm for
Categorical Latent variables
  Number of M step iterations                                    1
  M step convergence criterion                           0.100D-05
  Basis for M step termination                           ITERATION
Optimization Specifications for the M step of the EM Algorithm for
Censored, Binary or Ordered Categorical (Ordinal), Unordered
Categorical (Nominal) and Count Outcomes
  Number of M step iterations                                    1
  M step convergence criterion                           0.100D-05
  Basis for M step termination                           ITERATION
  Maximum value for logit thresholds                            15
  Minimum value for logit thresholds                           -15
  Minimum expected cell size for chi-square              0.100D-01
Maximum number of iterations for H1                           2000
Convergence criterion for H1                             0.100D-03
Optimization algorithm                                         EMA
Random Starts Specifications
  Number of initial stage random starts                       1000
  Number of final stage optimizations                          250
  Number of initial stage iterations                            20
  Initial stage convergence criterion                    0.100D+01
  Random starts scale                                    0.500D+01
  Random seed for generating random starts                     288
Link                                                         LOGIT

Input data file(s)
  ETHDtaC3.dat
Input data format  FREE


SUMMARY OF DATA

     Number of missing data patterns             8
     Number of y missing data patterns           0
     Number of u missing data patterns           8
     Number of strata                           62
     Number of clusters                        123


COVARIANCE COVERAGE OF DATA

Minimum covariance coverage value   0.100


     PROPORTION OF DATA PRESENT FOR U


           Covariance Coverage
              ETH1          ETH2          ETH3          ETH4          ETH5
              ________      ________      ________      ________      ________
 ETH1           0.999
 ETH2           0.998         0.999
 ETH3           0.997         0.997         0.998
 ETH4           0.995         0.996         0.995         0.996
 ETH5           0.997         0.997         0.996         0.996         0.998


UNIVARIATE PROPORTIONS AND COUNTS FOR CATEGORICAL VARIABLES

    ETH1
      Category 1    0.931         2572.687
      Category 2    0.069          192.065
    ETH2
      Category 1    0.900         2487.334
      Category 2    0.100          276.034
    ETH3
      Category 1    0.871         2403.176
      Category 2    0.129          357.304
    ETH4
      Category 1    0.642         1770.611
      Category 2    0.358          987.293
    ETH5
      Category 1    0.899         2483.813
      Category 2    0.101          277.632


RANDOM STARTS RESULTS RANKED FROM THE BEST TO THE WORST LOGLIKELIHOOD VALUES

Final stage loglikelihood values at local maxima, seeds, and initial stage start numbers:

           -4729.296  94439            635
           -4729.296  452998           804
           -4729.296  957051           194
           -4729.296  125680           791
           -4729.296  706025           816
           -4729.296  746534           463
           -4729.296  199816           11
           -4729.296  977786           68
           -4729.296  341151           77
           -4729.296  684094           580
           -4729.296  241342           73
           -4729.296  216144           158
           -4729.296  749058           704
           -4729.296  763016           159
           -4729.296  196793           573
           -4729.296  400781           719
           -4729.296  702720           550
           -4729.296  704750           1
           -4729.296  983906           53
           -4729.296  298512           527
           -4729.296  856747           327
           -4729.296  500310           899
           -4729.296  965671           140
           -4729.296  674140           758
           -4729.296  289940           934
           -4729.296  325994           748
           -4729.296  125480           300
           -4729.296  649146           614
           -4729.296  445012           686
           -4729.296  170402           703
           -4729.296  217522           559
           -4729.296  377368           224
           -4729.296  476644           343
           -4729.296  491603           479
           -4729.296  648136           544
           -4729.296  678818           832
           -4729.296  256261           263
           -4729.296  832928           615
           -4729.296  21190            525
           -4729.296  901878           440
           -4729.296  865322           360
           -4729.296  231734           333
           -4729.296  714348           218
           -4729.296  890296           636
           -4729.296  622880           337
           -4729.296  307749           656
           -4729.296  746482           80
           -4729.296  901188           847
           -4729.296  847900           498
           -4729.296  75864            534
           -4729.296  223610           725
           -4729.296  7955             173
           -4729.296  890984           102
           -4729.296  369583           701
           -4729.296  596950           160
           -4729.296  523738           186
           -4729.296  860175           23
           -4729.296  55657            553
           -4729.296  895954           86
           -4729.296  90128            72
           -4729.296  997549           220
           -4729.296  653521           202
           -4729.296  126060           290
           -4729.296  253296           765
           -4729.296  532887           942
           -4729.296  425103           69
           -4729.296  124010           543
           -4729.296  157076           915
           -4729.296  155404           966
           -4729.296  937752           88
           -4729.296  468408           60
           -4729.296  533600           307
           -4729.296  712313           535
           -4729.296  378029           660
           -4729.296  691215           349
           -4729.296  890198           417
           -4729.296  444492           595
           -4729.296  125641           204
           -4729.296  552185           768
           -4729.296  846206           744
           -4729.296  926238           991
           -4729.296  412035           70
           -4729.296  290638           666
           -4729.296  742602           131
           -4729.296  910774           698
           -4729.296  179652           583
           -4729.296  219014           75
           -4729.296  845314           106
           -4729.296  103347           181
           -4729.296  529186           368
           -4729.296  718635           450
           -4729.296  914502           897
           -4729.296  509661           191
           -4729.296  4082             445
           -4729.296  117896           87
           -4729.296  131908           837
           -4729.296  941180           272
           -4729.296  529504           13
           -4729.296  596788           987
           -4729.296  574266           509
           -4729.296  454330           14
           -4729.296  27507            988
           -4729.296  344304           737
           -4729.296  666759           404
           -4729.296  860811           322
           -4729.296  647619           843
           -4729.296  171198           696
           -4729.296  82268            959
           -4729.296  29688            817
           -4729.296  58768            795
           -4729.296  313816           213
           -4729.296  723324           90
           -4729.296  873183           809
           -4729.296  963387           400
           -4729.296  426024           330
           -4729.296  658764           618
           -4729.296  926166           281
           -4729.296  871950           369
           -4729.296  660791           846
           -4729.296  883238           52
           -4729.296  704835           650
           -4729.296  986698           642
           -4729.296  538895           296
           -4729.296  247466           56
           -4729.296  620988           762
           -4729.296  894345           834
           -4729.296  426635           9
           -4729.296  445592           47
           -4729.296  719428           129
           -4729.296  101419           200
           -4729.296  496516           316
           -4729.296  215275           485
           -4729.296  437887           645
           -4729.296  825343           518
           -4729.296  308344           678
           -4729.296  782637           338
           -4729.296  552466           865
           -4729.296  821515           756
           -4729.296  95515            800
           -4729.296  920430           230
           -4729.296  330467           411
           -4729.296  40856            480
           -4729.296  916022           434
           -4729.296  632351           688
           -4729.296  939960           395
           -4729.296  982244           714
           -4729.296  747600           691
           -4729.296  18598            257
           -4729.296  756230           734
           -4729.296  139726           519
           -4729.296  752749           806
           -4729.296  256863           802
           -4729.296  59116            680
           -4729.296  378510           397
           -4729.296  586412           638
           -4729.296  201485           44
           -4729.296  54334            852
           -4729.296  789068           174
           -4729.296  53405            28
           -4729.296  897732           380
           -4729.296  514978           7
           -4729.296  9922             884
           -4729.296  314847           917
           -4729.296  133726           623
           -4729.296  578472           477
           -4729.296  900011           215
           -4729.296  706595           749
           -4729.296  986285           495
           -4729.296  509819           156
           -4729.296  251296           435
           -4729.296  798349           778
           -4729.296  972138           488
           -4729.296  748920           238
           -4729.296  509856           549
           -4729.296  323102           100
           -4729.296  332668           993
           -4729.296  333225           769
           -4729.296  790562           348
           -4729.296  112959           148
           -4729.296  601889           782
           -4729.296  130856           647
           -4729.296  676245           240
           -4729.296  254673           443
           -4729.296  3693             391
           -4729.296  480214           256
           -4729.296  334920           663
           -4729.309  970442           856
           -4729.309  435790           936
           -4729.309  269849           945
           -4729.309  456200           880
           -4729.309  92047            416
           -4729.309  678354           772
           -4729.309  590928           964
           -4729.309  728765           824
           -4731.500  449017           361

55 perturbed starting value run(s) did not converge or were rejected in the third stage.



THE BEST LOGLIKELIHOOD VALUE HAS BEEN REPLICATED.  RERUN WITH AT LEAST TWICE THE
RANDOM STARTS TO CHECK THAT THE BEST LOGLIKELIHOOD IS STILL OBTAINED AND REPLICATED.

     IN THE OPTIMIZATION, ONE OR MORE LOGIT THRESHOLDS APPROACHED EXTREME VALUES
     OF -15.000 AND 15.000 AND WERE FIXED TO STABILIZE MODEL ESTIMATION.  THESE
     VALUES IMPLY PROBABILITIES OF 0 AND 1.  IN THE MODEL RESULTS SECTION, THESE
     PARAMETERS HAVE 0 STANDARD ERRORS AND 999 IN THE Z-SCORE AND P-VALUE COLUMNS.


     WARNING:  THE VARIANCE CONTRIBUTION FROM A STRATUM WITH A SINGLE CLUSTER
     (PSU) IS BASED ON THE DIFFERENCE BETWEEN THE SINGLE CLUSTER VALUE AND
     THE OVERALL CLUSTER MEAN.




THE MODEL ESTIMATION TERMINATED NORMALLY



MODEL FIT INFORMATION

Number of Free Parameters                       17

Loglikelihood

          H0 Value                       -4729.296
          H0 Scaling Correction Factor      1.2376
            for MLR

Information Criteria

          Akaike (AIC)                    9492.591
          Bayesian (BIC)                  9593.325
          Sample-Size Adjusted BIC        9539.311
            (n* = (n + 2) / 24)

Chi-Square Test of Model Fit for the Binary and Ordered Categorical
(Ordinal) Outcomes

          Pearson Chi-Square

          Value                             33.708
          Degrees of Freedom                    14
          P-Value                           0.0023

          Likelihood Ratio Chi-Square

          Value                             32.789
          Degrees of Freedom                    14
          P-Value                           0.0031

Chi-Square Test for MCAR under the Unrestricted Latent Class Indicator Model

          Pearson Chi-Square

          Value                             83.439
          Degrees of Freedom                    85
          P-Value                           0.5276

          Likelihood Ratio Chi-Square

          Value                             29.725
          Degrees of Freedom                    85
          P-Value                           1.0000



FINAL CLASS COUNTS AND PROPORTIONS FOR THE LATENT CLASSES
BASED ON THE ESTIMATED MODEL

    Latent
   Classes

       1        109.42277          0.03955
       2       1816.24930          0.65640
       3        841.32792          0.30406


FINAL CLASS COUNTS AND PROPORTIONS FOR THE LATENT CLASSES
BASED ON ESTIMATED POSTERIOR PROBABILITIES

    Latent
   Classes

       1        109.42277          0.03955
       2       1816.24930          0.65640
       3        841.32792          0.30406


FINAL CLASS COUNTS AND PROPORTIONS FOR THE LATENT CLASSES
BASED ON THEIR MOST LIKELY LATENT CLASS MEMBERSHIP

Class Counts and Proportions

    Latent
   Classes

       1              120          0.04326
       2             2112          0.76325
       3              535          0.19349


CLASSIFICATION QUALITY

     Entropy                         0.697


Average Latent Class Probabilities for Most Likely Latent Class Membership (Row)
by Latent Class (Column)

           1        2        3

    1   0.878    0.000    0.122
    2   0.000    0.851    0.149
    3   0.008    0.036    0.956


Classification Probabilities for the Most Likely Latent Class Membership (Column)
by Latent Class (Row)

           1        2        3

    1   0.961    0.000    0.039
    2   0.000    0.989    0.011
    3   0.017    0.374    0.608


Logits for the Classification Probabilities for the Most Likely Latent Class Membership (Column)
by Latent Class (Row)

              1        2        3

    1      3.201   -8.235    0.000
    2     -9.274    4.531    0.000
    3     -3.559   -0.485    0.000


MODEL RESULTS

                                                    Two-Tailed
                    Estimate       S.E.  Est./S.E.    P-Value

Latent Class 1

 Thresholds
    ETH1$1           -15.000      0.000    999.000    999.000
    ETH2$1            -2.626      0.730     -3.595      0.000
    ETH3$1            -0.908      0.294     -3.085      0.002
    ETH4$1            -2.333      0.620     -3.765      0.000
    ETH5$1            -0.909      0.249     -3.653      0.000

Latent Class 2

 Thresholds
    ETH1$1             4.727      0.493      9.579      0.000
    ETH2$1            15.000      0.000    999.000    999.000
    ETH3$1             6.266      6.886      0.910      0.363
    ETH4$1             1.166      0.113     10.297      0.000
    ETH5$1            15.000      0.000    999.000    999.000

Latent Class 3

 Thresholds
    ETH1$1             2.450      0.279      8.788      0.000
    ETH2$1             1.343      0.149      9.041      0.000
    ETH3$1             0.715      0.121      5.894      0.000
    ETH4$1            -0.182      0.100     -1.827      0.068
    ETH5$1             1.166      0.148      7.882      0.000

Categorical Latent Variables

 Means
    C#1               -2.040      0.162    -12.562      0.000
    C#2                0.770      0.145      5.312      0.000


RESULTS IN PROBABILITY SCALE

Latent Class 1

 ETH1
    Category 1         0.000      0.000      0.000      1.000
    Category 2         1.000      0.000      0.000      1.000
 ETH2
    Category 1         0.067      0.046      1.468      0.142
    Category 2         0.933      0.046     20.284      0.000
 ETH3
    Category 1         0.287      0.060      4.770      0.000
    Category 2         0.713      0.060     11.824      0.000
 ETH4
    Category 1         0.088      0.050      1.770      0.077
    Category 2         0.912      0.050     18.248      0.000
 ETH5
    Category 1         0.287      0.051      5.634      0.000
    Category 2         0.713      0.051     13.990      0.000

Latent Class 2

 ETH1
    Category 1         0.991      0.004    230.848      0.000
    Category 2         0.009      0.004      2.044      0.041
 ETH2
    Category 1         1.000      0.000      0.000      1.000
    Category 2         0.000      0.000      0.000      1.000
 ETH3
    Category 1         0.998      0.013     76.618      0.000
    Category 2         0.002      0.013      0.146      0.884
 ETH4
    Category 1         0.762      0.021     37.170      0.000
    Category 2         0.238      0.021     11.584      0.000
 ETH5
    Category 1         1.000      0.000      0.000      1.000
    Category 2         0.000      0.000      0.000      1.000

Latent Class 3

 ETH1
    Category 1         0.921      0.020     45.156      0.000
    Category 2         0.079      0.020      3.896      0.000
 ETH2
    Category 1         0.793      0.024     32.521      0.000
    Category 2         0.207      0.024      8.488      0.000
 ETH3
    Category 1         0.671      0.027     25.097      0.000
    Category 2         0.329      0.027     12.278      0.000
 ETH4
    Category 1         0.455      0.025     18.359      0.000
    Category 2         0.545      0.025     22.033      0.000
 ETH5
    Category 1         0.762      0.027     28.452      0.000
    Category 2         0.238      0.027      8.863      0.000


LATENT CLASS ODDS RATIO RESULTS

                                                95% C.I.
                    Estimate       S.E.  Lower 2.5% Upper 2.5%

Latent Class 1 Compared to Latent Class 2

 ETH1
    Category > 1   *********      0.000  *********  *********
 ETH2
    Category > 1   *********      0.000  *********  *********
 ETH3
    Category > 1    1305.241   8928.217      0.002  *********
 ETH4
    Category > 1      33.074     20.874      9.599    113.952
 ETH5
    Category > 1   *********      0.000  *********  *********

Latent Class 1 Compared to Latent Class 3

 ETH1
    Category > 1   *********      0.000  *********  *********
 ETH2
    Category > 1      52.931     40.358     11.876    235.901
 ETH3
    Category > 1       5.067      1.774      2.551     10.064
 ETH4
    Category > 1       8.588      5.456      2.473     29.829
 ETH5
    Category > 1       7.970      2.265      4.567     13.911

Latent Class 2 Compared to Latent Class 3

 ETH1
    Category > 1       0.103      0.071      0.027      0.397
 ETH2
    Category > 1       0.000      0.000      0.000      0.000
 ETH3
    Category > 1       0.004      0.027      0.000   3032.823
 ETH4
    Category > 1       0.260      0.034      0.201      0.335
 ETH5
    Category > 1       0.000      0.000      0.000      0.000


QUALITY OF NUMERICAL RESULTS

     Condition Number for the Information Matrix              0.613E-04
       (ratio of smallest to largest eigenvalue)


MODEL COMMAND WITH FINAL ESTIMATES USED AS STARTING VALUES

     %OVERALL%

     [ c#1*-2.03976 ];
     [ c#2*0.76955 ];

     %C#1%

     [ eth1$1*-15 ];
     [ eth2$1*-2.62579 ];
     [ eth3$1*-0.90778 ];
     [ eth4$1*-2.33283 ];
     [ eth5$1*-0.90946 ];

     %C#2%

     [ eth1$1*4.72663 ];
     [ eth2$1*15 ];
     [ eth3$1*6.26636 ];
     [ eth4$1*1.16590 ];
     [ eth5$1*15 ];

     %C#3%

     [ eth1$1*2.45009 ];
     [ eth2$1*1.34319 ];
     [ eth3$1*0.71494 ];
     [ eth4$1*-0.18243 ];
     [ eth5$1*1.16626 ];



TECHNICAL 10 OUTPUT


     MODEL FIT INFORMATION FOR THE LATENT CLASS INDICATOR MODEL PART


     RESPONSE PATTERNS

     No.  Pattern    No.  Pattern    No.  Pattern    No.  Pattern
       1  00000        2  00001        3  00010        4  00011
       5  00100        6  00101        7  00110        8  00111
       9  01000       10  01001       11  01010       12  01011
      13  01100       14  01101       15  01110       16  01111
      17  10000       18  10001       19  10010       20  10011
      21  10100       22  10101       23  10110       24  10111
      25  11000       26  11001       27  11010       28  11011
      29  11100       30  11101       31  11110       32  11111
      33  0*000       34  0*010       35  000*0       36  101*0
      37  00*00       38  10*00       39  000**       40  0000*
      41  *0010       42  *0101       43  0*0**


     RESPONSE PATTERN FREQUENCIES AND CHI-SQUARE CONTRIBUTIONS

    Response          Frequency     Standardized  Chi-square Contribution
     Pattern    Observed  Estimated   Residual    Pearson   Loglikelihood  Deleted
                                     (z-score)
         1      1498.19    1500.37      -0.07       0.00         0.55
         2        33.05      44.16      -1.50       2.79       -19.50
         3       594.02     593.51       0.02       0.00        -0.62
         4        49.69      52.99      -0.41       0.20        -7.10
         5        69.16      71.93      -0.29       0.10        -6.11
         6        34.83      21.60       2.55       8.09        34.41
         7        97.13      84.03       1.29       2.04        26.54
         8        21.11      25.93      -0.85       0.89        -9.03
         9        32.79      37.00      -0.62       0.48        -8.35
        10        21.09      11.53       2.52       7.93        25.16
        11        54.71      44.40       1.39       2.39        22.11
        12        11.33      13.83      -0.60       0.45        -4.70
        13        10.70      18.10      -1.56       3.02       -11.42
        14         4.19       5.64      -0.54       0.37        -2.55
        15        16.73      21.72      -0.96       1.15        -9.01
        16         5.51       6.77      -0.43       0.23        -2.35
        17        23.33      24.32      -0.18       0.01        -0.36
        18         4.32       3.94       0.17       0.04         0.72
        19        19.62      18.98       0.13       0.02         1.07
        20         4.24       5.94      -0.62       0.49        -2.93
        21         5.01       6.14      -0.41       0.08        -0.46
        22         4.78       2.19       1.56       3.04         7.59
        23         2.44       8.55      -1.87       4.34        -5.58
        24         7.15       5.63       0.57       0.41         3.30
        25         6.41       3.93       1.11       1.56         6.15
        26         4.54       2.83       0.91       1.04         4.23
        27        14.50      11.44       0.81       0.81         6.61
        28        16.92      20.10      -0.63       0.50        -6.10
        29         3.56       3.39       0.08       0.01         0.29
        30         2.83       5.03      -0.88       0.97        -3.31
        31        19.15      20.75      -0.31       0.12        -3.38
        32        51.06      47.44       0.47       0.27         6.66
        33         1.73       1.37       0.41       0.00        -0.01
        34         0.72       0.57       0.20       0.00         0.02
        35         5.16       4.68       0.41       0.00         0.00
        36         0.97       0.03       4.61     -20.27        -1.04
        37         5.28       3.74       1.09      -0.01        -0.02
        38         1.24       0.07       3.89      -0.33        -0.04
        39         1.78       1.42       0.60      -0.01        -0.02
        40         2.59       1.46       1.26      -0.02        -0.04
        41         1.26       0.50       1.08       0.00         0.00
        42         0.99       0.02       6.20      20.42         1.04
        43         1.19       1.00       0.43       0.00         0.00

     THE TOTAL PEARSON CHI-SQUARE CONTRIBUTION FROM EMPTY CELLS IS        -0.02


     UNIVARIATE MODEL FIT INFORMATION

                               Estimated Probabilities
                                                  Standardized
     Variable              H1           H0          Residual
                                                   (z-score)
     ETH1
       Category 1        0.931        0.931          -0.002
       Category 2        0.069        0.069           0.002
       Univariate Pearson Chi-Square                  0.000
       Univariate Log-Likelihood Chi-Square           0.000
     ETH2
       Category 1        0.900        0.900          -0.001
       Category 2        0.100        0.100           0.001
       Univariate Pearson Chi-Square                  0.000
       Univariate Log-Likelihood Chi-Square           0.000
     ETH3
       Category 1        0.871        0.871           0.001
       Category 2        0.129        0.129          -0.001
       Univariate Pearson Chi-Square                  0.000
       Univariate Log-Likelihood Chi-Square           0.000
     ETH4
       Category 1        0.642        0.642           0.009
       Category 2        0.358        0.358          -0.009
       Univariate Pearson Chi-Square                  0.000
       Univariate Log-Likelihood Chi-Square           0.000
     ETH5
       Category 1        0.900        0.900           0.002
       Category 2        0.100        0.100          -0.002
       Univariate Pearson Chi-Square                  0.000
       Univariate Log-Likelihood Chi-Square           0.000

       Overall Univariate Pearson Chi-Square                         0.000
       Overall Univariate Log-Likelihood Chi-Square                  0.000


     BIVARIATE MODEL FIT INFORMATION

                                              Estimated Probabilities
                                                                 Standardized
     Variable       Variable              H1           H0          Residual
                                                                  (z-score)
     ETH1           ETH2
       Category 1     Category 1        0.874        0.873           0.155
       Category 1     Category 2        0.057        0.058          -0.224
       Category 2     Category 1        0.026        0.028          -0.317
       Category 2     Category 2        0.043        0.042           0.262
       Bivariate Pearson Chi-Square                                  0.269
       Bivariate Log-Likelihood Chi-Square                           0.271
     ETH1           ETH3
       Category 1     Category 1        0.836        0.837          -0.122
       Category 1     Category 2        0.094        0.093           0.153
       Category 2     Category 1        0.034        0.033           0.253
       Category 2     Category 2        0.035        0.036          -0.241
       Bivariate Pearson Chi-Square                                  0.178
       Bivariate Log-Likelihood Chi-Square                           0.178
     ETH1           ETH4
       Category 1     Category 1        0.622        0.623          -0.152
       Category 1     Category 2        0.309        0.307           0.158
       Category 2     Category 1        0.021        0.019           0.572
       Category 2     Category 2        0.049        0.051          -0.353
       Bivariate Pearson Chi-Square                                  0.585
       Bivariate Log-Likelihood Chi-Square                           0.576
     ETH1           ETH5
       Category 1     Category 1        0.865        0.864           0.103
       Category 1     Category 2        0.066        0.066          -0.144
       Category 2     Category 1        0.035        0.036          -0.187
       Category 2     Category 2        0.035        0.034           0.194
       Bivariate Pearson Chi-Square                                  0.115
       Bivariate Log-Likelihood Chi-Square                           0.115
     ETH2           ETH3
       Category 1     Category 1        0.812        0.818          -0.710
       Category 1     Category 2        0.088        0.082           0.996
       Category 2     Category 1        0.059        0.053           1.226
       Category 2     Category 2        0.041        0.047          -1.296
       Bivariate Pearson Chi-Square                                  5.064
       Bivariate Log-Likelihood Chi-Square                           5.065
     ETH2           ETH4
       Category 1     Category 1        0.611        0.610           0.078
       Category 1     Category 2        0.289        0.290          -0.084
       Category 2     Category 1        0.031        0.032          -0.192
       Category 2     Category 2        0.069        0.068           0.135
       Bivariate Pearson Chi-Square                                  0.076
       Bivariate Log-Likelihood Chi-Square                           0.076
     ETH2           ETH5
       Category 1     Category 1        0.842        0.841           0.158
       Category 1     Category 2        0.058        0.059          -0.246
       Category 2     Category 1        0.057        0.059          -0.244
       Category 2     Category 2        0.042        0.041           0.289
       Bivariate Pearson Chi-Square                                  0.248
       Bivariate Log-Likelihood Chi-Square                           0.248
     ETH3           ETH4
       Category 1     Category 1        0.593        0.593          -0.062
       Category 1     Category 2        0.278        0.277           0.068
       Category 2     Category 1        0.050        0.049           0.161
       Category 2     Category 2        0.080        0.080          -0.128
       Bivariate Pearson Chi-Square                                  0.056
       Bivariate Log-Likelihood Chi-Square                           0.056
     ETH3           ETH5
       Category 1     Category 1        0.818        0.814           0.491
       Category 1     Category 2        0.053        0.057          -0.825
       Category 2     Category 1        0.081        0.085          -0.681
       Category 2     Category 2        0.048        0.044           0.929
       Bivariate Pearson Chi-Square                                  2.436
       Bivariate Log-Likelihood Chi-Square                           2.434
     ETH4           ETH5
       Category 1     Category 1        0.602        0.607          -0.442
       Category 1     Category 2        0.040        0.035           1.194
       Category 2     Category 1        0.297        0.293           0.476
       Category 2     Category 2        0.060        0.065          -0.895
       Bivariate Pearson Chi-Square                                  2.971
       Bivariate Log-Likelihood Chi-Square                           2.922

       Overall Bivariate Pearson Chi-Square                         11.999
       Overall Bivariate Log-Likelihood Chi-Square                  11.940


TECHNICAL 11 OUTPUT

     Random Starts Specifications for the k-1 Class Analysis Model
        Number of initial stage random starts                1000
        Number of final stage optimizations                   250



     VUONG-LO-MENDELL-RUBIN LIKELIHOOD RATIO TEST FOR 2 (H0) VERSUS 3 CLASSES

          H0 Loglikelihood Value                        -4814.091
          2 Times the Loglikelihood Difference            169.590
          Difference in the Number of Parameters                6
          Mean                                             -2.108
          Standard Deviation                               26.732
          P-Value                                          0.0000

     LO-MENDELL-RUBIN ADJUSTED LRT TEST

          Value                                           166.097
          P-Value                                          0.0000


SAVEDATA INFORMATION


  Save file
    Prob_NLD_ETHlca_C3cl3.dat

  Order and format of variables

    ETH1           F10.3
    ETH2           F10.3
    ETH3           F10.3
    ETH4           F10.3
    ETH5           F10.3
    CPROB1         F10.3
    CPROB2         F10.3
    CPROB3         F10.3
    C              F10.3
    WS             F10.3
    IDSTUD         I9
    ID_S           I5
    ID_J           I5

  Save file format
    10F10.3 I9 2I5

  Save file record length    10000

  Save missing symbol        *


     Beginning Time:  22:11:38
        Ending Time:  22:11:40
       Elapsed Time:  00:00:02



MUTHEN & MUTHEN
3463 Stoner Ave.
Los Angeles, CA  90066

Tel: (310) 391-9971
Fax: (310) 391-8971
Web: www.StatModel.com
Support: Support@StatModel.com

Copyright (c) 1998-2020 Muthen & Muthen
