Mplus VERSION 8.5 (Mac)
MUTHEN & MUTHEN
04/07/2021  10:24 PM

INPUT INSTRUCTIONS

  TITLE: NLDGNDETH LCA - C3 with 3 classes;
  DATA:
  FILE = GNDETHDtaC3.dat;

  VARIABLE:
  NAMES = id_i
  id_j
  id_r
  id_s
  id_k
  wt
  ws
  GND1
  GND2
  GND3
  GND4
  GND5
  GND6
  ETH1
  ETH2
  ETH3
  ETH4
  ETH5
  IDSTUD;
  IDVARIABLE = IDSTUD;
  USEVARIABLES = GND1
  GND2
  GND3
  GND4
  GND5
  GND6
  ETH1
  ETH2
  ETH3
  ETH4
  ETH5;
  USEOBSERVATIONS ARE id_k EQ 11;
  CATEGORICAL = GND1
  GND2
  GND3
  GND4
  GND5
  GND6
  ETH1
  ETH2
  ETH3
  ETH4
  ETH5;
  MISSING = .;
  CLASSES = c(3);
  WEIGHT = ws;
  STRATIFICATION = id_s;
  CLUSTER = id_j;

  ANALYSIS:
  TYPE = COMPLEX MIXTURE;
  PROCESSORS = 4;
  STARTS = 1000 250;
  STITERATIONS = 20;
  STSEED = 288;

  MODEL:
  %OVERALL%

  OUTPUT:
  TECH10
  TECH11
  SVALUES
  ;

  SAVEDATA:
  FILE = Prob_NLD_GNDETHlca_C3cl3.dat;
  SAVE = CPROBABILITIES;



*** WARNING in VARIABLE command
  When a subpopulation is analyzed with TYPE=COMPLEX, standard errors
  may be incorrect.  Use the SUBPOPULATION option instead of the
  USEOBSERVATIONS option to obtain correct standard errors.
*** WARNING
  Data set contains cases with missing on all variables.
  These cases were not included in the analysis.
  Number of cases with missing on all variables:  30
   2 WARNING(S) FOUND IN THE INPUT INSTRUCTIONS



NLDGNDETH LCA - C3 with 3 classes;

SUMMARY OF ANALYSIS

Number of groups                                                 1
Number of observations                                        2782

Number of dependent variables                                   11
Number of independent variables                                  0
Number of continuous latent variables                            0
Number of categorical latent variables                           1

Observed dependent variables

  Binary and ordered categorical (ordinal)
   GND1        GND2        GND3        GND4        GND5        GND6
   ETH1        ETH2        ETH3        ETH4        ETH5

Categorical latent variables
   C

Variables with special functions

  Stratification        ID_S
  Cluster variable      ID_J
  Weight variable       WS
  ID variable           IDSTUD

Estimator                                                      MLR
Information matrix                                        OBSERVED
Optimization Specifications for the Quasi-Newton Algorithm for
Continuous Outcomes
  Maximum number of iterations                                 100
  Convergence criterion                                  0.100D-05
Optimization Specifications for the EM Algorithm
  Maximum number of iterations                                 500
  Convergence criteria
    Loglikelihood change                                 0.100D-06
    Relative loglikelihood change                        0.100D-06
    Derivative                                           0.100D-05
Optimization Specifications for the M step of the EM Algorithm for
Categorical Latent variables
  Number of M step iterations                                    1
  M step convergence criterion                           0.100D-05
  Basis for M step termination                           ITERATION
Optimization Specifications for the M step of the EM Algorithm for
Censored, Binary or Ordered Categorical (Ordinal), Unordered
Categorical (Nominal) and Count Outcomes
  Number of M step iterations                                    1
  M step convergence criterion                           0.100D-05
  Basis for M step termination                           ITERATION
  Maximum value for logit thresholds                            15
  Minimum value for logit thresholds                           -15
  Minimum expected cell size for chi-square              0.100D-01
Maximum number of iterations for H1                           2000
Convergence criterion for H1                             0.100D-03
Optimization algorithm                                         EMA
Random Starts Specifications
  Number of initial stage random starts                       1000
  Number of final stage optimizations                          250
  Number of initial stage iterations                            20
  Initial stage convergence criterion                    0.100D+01
  Random starts scale                                    0.500D+01
  Random seed for generating random starts                     288
Link                                                         LOGIT

Input data file(s)
  GNDETHDtaC3.dat
Input data format  FREE


SUMMARY OF DATA

     Number of missing data patterns            15
     Number of y missing data patterns           0
     Number of u missing data patterns          15
     Number of strata                           62
     Number of clusters                        123


COVARIANCE COVERAGE OF DATA

Minimum covariance coverage value   0.100


     PROPORTION OF DATA PRESENT FOR U


           Covariance Coverage
              GND1          GND2          GND3          GND4          GND5
              ________      ________      ________      ________      ________
 GND1           0.999
 GND2           0.999         0.999
 GND3           0.997         0.997         0.997
 GND4           0.996         0.995         0.994         0.996
 GND5           0.996         0.996         0.994         0.993         0.996
 GND6           0.997         0.997         0.995         0.994         0.994
 ETH1           0.993         0.992         0.991         0.989         0.990
 ETH2           0.993         0.992         0.991         0.989         0.990
 ETH3           0.992         0.992         0.990         0.988         0.989
 ETH4           0.990         0.990         0.988         0.987         0.987
 ETH5           0.992         0.992         0.990         0.988         0.989


           Covariance Coverage
              GND6          ETH1          ETH2          ETH3          ETH4
              ________      ________      ________      ________      ________
 GND6           0.997
 ETH1           0.991         0.994
 ETH2           0.991         0.992         0.994
 ETH3           0.990         0.992         0.992         0.993
 ETH4           0.988         0.990         0.990         0.989         0.991
 ETH5           0.990         0.992         0.992         0.991         0.990


           Covariance Coverage
              ETH5
              ________
 ETH5           0.993


UNIVARIATE PROPORTIONS AND COUNTS FOR CATEGORICAL VARIABLES

    GND1
      Category 1    0.964         2681.273
      Category 2    0.036          100.000
    GND2
      Category 1    0.943         2621.232
      Category 2    0.057          159.587
    GND3
      Category 1    0.904         2506.229
      Category 2    0.096          267.210
    GND4
      Category 1    0.816         2260.975
      Category 2    0.184          510.281
    GND5
      Category 1    0.928         2574.034
      Category 2    0.072          198.655
    GND6
      Category 1    0.793         2201.345
      Category 2    0.207          574.582
    ETH1
      Category 1    0.931         2570.987
      Category 2    0.069          191.938
    ETH2
      Category 1    0.900         2485.690
      Category 2    0.100          275.852
    ETH3
      Category 1    0.871         2401.587
      Category 2    0.129          357.068
    ETH4
      Category 1    0.642         1769.441
      Category 2    0.358          986.641
    ETH5
      Category 1    0.899         2482.171
      Category 2    0.101          277.449


RANDOM STARTS RESULTS RANKED FROM THE BEST TO THE WORST LOGLIKELIHOOD VALUES

Final stage loglikelihood values at local maxima, seeds, and initial stage start numbers:

           -9520.901  764334           694
           -9520.901  88747            955
           -9520.901  589511           247
           -9520.901  185850           427
           -9520.901  939662           870
           -9520.901  533102           589
           -9520.901  441247           939
           -9520.901  900011           215
           -9520.901  854348           827
           -9520.901  736001           460
           -9520.901  763930           393
           -9520.901  391260           183
           -9520.901  527640           903
           -9520.901  771482           178
           -9520.901  649146           614
           -9520.901  28045            325
           -9520.901  914220           902
           -9520.901  742884           233
           -9520.901  214082           552
           -9520.901  295517           437
           -9520.901  773295           110
           -9520.901  678354           772
           -9520.901  591324           212
           -9520.901  555689           32
           -9520.901  723959           712
           -9520.901  226263           830
           -9520.901  85315            639
           -9520.901  910164           821
           -9520.901  896494           228
           -9520.901  846206           744
           -9520.901  14596            96
           -9520.901  90324            334
           -9520.901  850201           541
           -9520.901  542138           924
           -9520.901  224744           658
           -9520.901  308344           678
           -9520.901  778405           389
           -9520.901  233656           510
           -9520.901  9922             884
           -9520.901  560264           496
           -9520.901  659661           805
           -9520.901  379997           570
           -9520.901  312601           848
           -9520.901  401359           609
           -9520.901  393038           231
           -9520.901  452998           804
           -9520.901  531874           340
           -9520.901  943593           858
           -9520.901  767001           147
           -9520.901  125680           791
           -9520.901  125480           300
           -9520.901  557173           353
           -9520.901  566431           757
           -9520.901  799031           305
           -9520.901  267084           27
           -9520.901  488534           375
           -9520.901  72800            522
           -9520.901  741061           291
           -9520.901  808818           46
           -9520.901  244981           851
           -9520.901  723324           90
           -9520.901  29367            914
           -9520.901  982761           960
           -9520.901  926166           281
           -9520.901  142080           363
           -9520.901  451093           729
           -9520.901  679290           585
           -9520.901  325994           748
           -9520.901  264995           786
           -9520.901  584076           497
           -9520.901  739223           151
           -9520.901  256398           918
           -9520.901  384138           530
           -9520.901  811413           685
           -9520.901  647619           843
           -9520.901  438785           293
           -9520.901  578065           8
           -9520.901  215275           485
           -9520.901  702720           550
           -9520.901  14535            40
           -9520.901  847900           498
           -9520.901  654018           210
           -9520.901  901188           847
           -9520.901  983784           118
           -9520.901  299711           97
           -9520.901  468884           58
           -9520.901  552432           839
           -9520.901  256224           144
           -9520.901  513056           385
           -9520.901  986285           495
           -9520.901  463919           735
           -9520.901  676245           240
           -9520.901  104144           78
           -9520.901  406429           359
           -9520.901  67434            878
           -9520.901  112959           148
           -9520.901  481396           619
           -9520.901  924843           617
           -9520.901  890296           636
           -9520.901  269627           970
           -9520.901  874244           979
           -9520.901  859326           476
           -9520.901  957358           679
           -9520.901  56932            607
           -9520.901  962924           344
           -9520.901  775133           71
           -9520.901  871873           475
           -9520.901  551927           569
           -9520.901  212295           523
           -9520.901  677398           941
           -9520.901  710314           248
           -9520.901  920957           62
           -9520.901  657384           974
           -9520.901  721959           45
           -9520.901  263678           491
           -9520.901  859868           243
           -9520.901  718635           450
           -9520.901  84384            893
           -9520.901  413332           92
           -9520.901  345991           581
           -9520.901  687662           201
           -9520.901  627003           381
           -9520.901  704750           1
           -9520.901  870330           822
           -9520.901  972138           488
           -9520.901  56586            165
           -9520.901  99291            862
           -9520.901  862527           105
           -9520.901  193150           894
           -9520.901  821522           793
           -9520.901  933052           57
           -9520.901  609918           195
           -9520.901  544679           986
           -9520.901  390827           631
           -9520.901  442068           743
           -9520.901  902664           49
           -9520.901  509819           156
           -9520.901  819256           294
           -9520.901  398843           807
           -9520.901  363296           937
           -9520.901  691572           297
           -9520.901  367698           453
           -9520.901  596921           632
           -9520.901  518578           819
           -9520.901  911649           875
           -9520.901  619259           958
           -9520.901  179652           583
           -9520.901  400781           719
           -9520.901  843369           378
           -9520.901  768581           657
           -9520.901  453466           557
           -9520.901  553464           113
           -9520.901  572149           155
           -9520.901  426635           9
           -9520.901  660791           846
           -9520.901  901878           440
           -9520.901  847136           357
           -9520.901  675607           984
           -9520.901  425653           643
           -9520.901  756060           566
           -9520.901  440829           431
           -9520.901  155380           731
           -9520.901  570510           227
           -9520.901  292986           382
           -9520.901  58407            356
           -9520.901  721582           836
           -9520.901  341151           77
           -9520.901  468408           60
           -9520.901  858588           621
           -9520.901  80124            965
           -9520.901  40856            480
           -9520.901  386412           896
           -9520.901  718759           582
           -9520.901  95624            561
           -9520.901  269127           185
           -9520.901  776988           459
           -9520.901  237882           526
           -9520.901  529186           368
           -9520.901  573283           740
           -9520.901  454330           14
           -9520.901  776360           516
           -9520.901  201485           44
           -9520.901  702932           669
           -9520.901  619016           279
           -9520.901  160604           121
           -9520.901  798349           778
           -9520.901  116618           575
           -9520.901  414035           84
           -9520.901  529702           963
           -9520.901  811368           379
           -9520.901  974013           841
           -9520.901  332221           542
           -9520.901  699594           29
           -9520.901  413797           386
           -9520.901  390603           192
           -9520.901  227373           467
           -9520.901  912118           560
           -9520.901  256863           802
           -9520.901  314847           917
           -9520.901  320296           22
           -9520.901  154351           1000
           -9520.901  713307           426
           -9520.901  920430           230
           -9520.901  323102           100
           -9520.901  328337           524
           -9520.901  76460            219
           -9520.901  728622           648
           -9520.901  737206           176
           -9520.901  692130           727
           -9520.901  447197           683
           -9520.901  514978           7
           -9520.901  435790           936
           -9520.901  732345           551
           -9520.901  766563           249
           -9520.901  154434           394

35 perturbed starting value run(s) did not converge or were rejected in the third stage.



THE BEST LOGLIKELIHOOD VALUE HAS BEEN REPLICATED.  RERUN WITH AT LEAST TWICE THE
RANDOM STARTS TO CHECK THAT THE BEST LOGLIKELIHOOD IS STILL OBTAINED AND REPLICATED.


     WARNING:  THE VARIANCE CONTRIBUTION FROM A STRATUM WITH A SINGLE CLUSTER
     (PSU) IS BASED ON THE DIFFERENCE BETWEEN THE SINGLE CLUSTER VALUE AND
     THE OVERALL CLUSTER MEAN.


THE MODEL ESTIMATION TERMINATED NORMALLY



MODEL FIT INFORMATION

Number of Free Parameters                       35

Loglikelihood

          H0 Value                       -9520.901
          H0 Scaling Correction Factor      1.4968
            for MLR

Information Criteria

          Akaike (AIC)                   19111.801
          Bayesian (BIC)                 19319.384
          Sample-Size Adjusted BIC       19208.177
            (n* = (n + 2) / 24)

Chi-Square Test of Model Fit for the Binary and Ordered Categorical
(Ordinal) Outcomes**

          Pearson Chi-Square

          Value                           2634.926
          Degrees of Freedom                  1997
          P-Value                           0.0000

          Likelihood Ratio Chi-Square

          Value                           1278.514
          Degrees of Freedom                  1997
          P-Value                           1.0000

** Of the 12960 cells in the latent class indicator table, 15
   were deleted in the calculation of chi-square due to extreme values.

Chi-Square Test for MCAR under the Unrestricted Latent Class Indicator Model

          Pearson Chi-Square

          Value                           1379.624
          Degrees of Freedom                 10898
          P-Value                           1.0000

          Likelihood Ratio Chi-Square

          Value                            920.712
          Degrees of Freedom                 10898
          P-Value                           1.0000



FINAL CLASS COUNTS AND PROPORTIONS FOR THE LATENT CLASSES
BASED ON THE ESTIMATED MODEL

    Latent
   Classes

       1        291.82176          0.10490
       2        426.28700          0.15323
       3       2063.89124          0.74187


FINAL CLASS COUNTS AND PROPORTIONS FOR THE LATENT CLASSES
BASED ON ESTIMATED POSTERIOR PROBABILITIES

    Latent
   Classes

       1        291.82176          0.10490
       2        426.28700          0.15323
       3       2063.89124          0.74187


FINAL CLASS COUNTS AND PROPORTIONS FOR THE LATENT CLASSES
BASED ON THEIR MOST LIKELY LATENT CLASS MEMBERSHIP

Class Counts and Proportions

    Latent
   Classes

       1              269          0.09653
       2              394          0.14149
       3             2120          0.76198


CLASSIFICATION QUALITY

     Entropy                         0.825


Average Latent Class Probabilities for Most Likely Latent Class Membership (Row)
by Latent Class (Column)

           1        2        3

    1   0.880    0.051    0.069
    2   0.055    0.870    0.076
    3   0.016    0.033    0.951


Classification Probabilities for the Most Likely Latent Class Membership (Column)
by Latent Class (Row)

           1        2        3

    1   0.810    0.074    0.117
    2   0.032    0.803    0.165
    3   0.009    0.014    0.977


Logits for the Classification Probabilities for the Most Likely Latent Class Membership (Column)
by Latent Class (Row)

              1        2        3

    1      1.939   -0.455    0.000
    2     -1.635    1.584    0.000
    3     -4.686   -4.216    0.000


MODEL RESULTS

                                                    Two-Tailed
                    Estimate       S.E.  Est./S.E.    P-Value

Latent Class 1

 Thresholds
    GND1$1             2.028      0.287      7.069      0.000
    GND2$1             1.678      0.295      5.681      0.000
    GND3$1            -0.364      0.270     -1.349      0.177
    GND4$1            -1.658      0.461     -3.599      0.000
    GND5$1             1.768      0.268      6.603      0.000
    GND6$1            -1.495      0.369     -4.052      0.000
    ETH1$1             2.772      0.335      8.266      0.000
    ETH2$1             2.551      0.348      7.322      0.000
    ETH3$1             2.391      0.394      6.071      0.000
    ETH4$1             1.340      0.281      4.766      0.000
    ETH5$1             2.487      0.453      5.486      0.000

Latent Class 2

 Thresholds
    GND1$1             1.866      0.228      8.197      0.000
    GND2$1             1.497      0.219      6.839      0.000
    GND3$1             1.624      0.204      7.945      0.000
    GND4$1             0.862      0.141      6.119      0.000
    GND5$1             1.234      0.173      7.118      0.000
    GND6$1             0.692      0.157      4.402      0.000
    ETH1$1             0.537      0.214      2.503      0.012
    ETH2$1            -0.080      0.211     -0.380      0.704
    ETH3$1            -0.043      0.173     -0.246      0.805
    ETH4$1            -0.898      0.180     -4.988      0.000
    ETH5$1            -0.055      0.166     -0.328      0.743

Latent Class 3

 Thresholds
    GND1$1             5.429      0.478     11.350      0.000
    GND2$1             4.034      0.277     14.546      0.000
    GND3$1             4.364      0.283     15.410      0.000
    GND4$1             2.622      0.152     17.278      0.000
    GND5$1             3.496      0.171     20.461      0.000
    GND6$1             2.251      0.096     23.516      0.000
    ETH1$1             4.674      0.276     16.932      0.000
    ETH2$1             4.059      0.280     14.494      0.000
    ETH3$1             2.805      0.175     15.996      0.000
    ETH4$1             0.817      0.076     10.783      0.000
    ETH5$1             3.971      0.344     11.558      0.000

Categorical Latent Variables

 Means
    C#1               -1.956      0.139    -14.034      0.000
    C#2               -1.577      0.157    -10.025      0.000


RESULTS IN PROBABILITY SCALE

Latent Class 1

 GND1
    Category 1         0.884      0.029     29.970      0.000
    Category 2         0.116      0.029      3.945      0.000
 GND2
    Category 1         0.843      0.039     21.515      0.000
    Category 2         0.157      0.039      4.017      0.000
 GND3
    Category 1         0.410      0.065      6.278      0.000
    Category 2         0.590      0.065      9.037      0.000
 GND4
    Category 1         0.160      0.062      2.583      0.010
    Category 2         0.840      0.062     13.565      0.000
 GND5
    Category 1         0.854      0.033     25.616      0.000
    Category 2         0.146      0.033      4.373      0.000
 GND6
    Category 1         0.183      0.055      3.318      0.001
    Category 2         0.817      0.055     14.799      0.000
 ETH1
    Category 1         0.941      0.019     50.658      0.000
    Category 2         0.059      0.019      3.169      0.002
 ETH2
    Category 1         0.928      0.023     39.666      0.000
    Category 2         0.072      0.023      3.094      0.002
 ETH3
    Category 1         0.916      0.030     30.275      0.000
    Category 2         0.084      0.030      2.772      0.006
 ETH4
    Category 1         0.793      0.046     17.139      0.000
    Category 2         0.207      0.046      4.486      0.000
 ETH5
    Category 1         0.923      0.032     28.731      0.000
    Category 2         0.077      0.032      2.389      0.017

Latent Class 2

 GND1
    Category 1         0.866      0.026     32.783      0.000
    Category 2         0.134      0.026      5.071      0.000
 GND2
    Category 1         0.817      0.033     24.984      0.000
    Category 2         0.183      0.033      5.590      0.000
 GND3
    Category 1         0.835      0.028     29.714      0.000
    Category 2         0.165      0.028      5.855      0.000
 GND4
    Category 1         0.703      0.029     23.911      0.000
    Category 2         0.297      0.029     10.101      0.000
 GND5
    Category 1         0.774      0.030     25.581      0.000
    Category 2         0.226      0.030      7.449      0.000
 GND6
    Category 1         0.666      0.035     19.072      0.000
    Category 2         0.334      0.035      9.548      0.000
 ETH1
    Category 1         0.631      0.050     12.638      0.000
    Category 2         0.369      0.050      7.390      0.000
 ETH2
    Category 1         0.480      0.053      9.130      0.000
    Category 2         0.520      0.053      9.891      0.000
 ETH3
    Category 1         0.489      0.043     11.343      0.000
    Category 2         0.511      0.043     11.836      0.000
 ETH4
    Category 1         0.289      0.037      7.816      0.000
    Category 2         0.711      0.037     19.188      0.000
 ETH5
    Category 1         0.486      0.042     11.693      0.000
    Category 2         0.514      0.042     12.349      0.000

Latent Class 3

 GND1
    Category 1         0.996      0.002    478.704      0.000
    Category 2         0.004      0.002      2.100      0.036
 GND2
    Category 1         0.983      0.005    207.257      0.000
    Category 2         0.017      0.005      3.670      0.000
 GND3
    Category 1         0.987      0.004    281.000      0.000
    Category 2         0.013      0.004      3.576      0.000
 GND4
    Category 1         0.932      0.010     97.296      0.000
    Category 2         0.068      0.010      7.068      0.000
 GND5
    Category 1         0.971      0.005    198.828      0.000
    Category 2         0.029      0.005      6.031      0.000
 GND6
    Category 1         0.905      0.008    109.661      0.000
    Category 2         0.095      0.008     11.547      0.000
 ETH1
    Category 1         0.991      0.003    391.596      0.000
    Category 2         0.009      0.003      3.657      0.000
 ETH2
    Category 1         0.983      0.005    210.325      0.000
    Category 2         0.017      0.005      3.633      0.000
 ETH3
    Category 1         0.943      0.009     99.948      0.000
    Category 2         0.057      0.009      6.048      0.000
 ETH4
    Category 1         0.694      0.016     43.085      0.000
    Category 2         0.306      0.016     19.040      0.000
 ETH5
    Category 1         0.982      0.006    157.319      0.000
    Category 2         0.018      0.006      2.965      0.003


LATENT CLASS ODDS RATIO RESULTS

                                                95% C.I.
                    Estimate       S.E.  Lower 2.5% Upper 2.5%

Latent Class 1 Compared to Latent Class 2

 GND1
    Category > 1       0.851      0.391      0.345      2.097
 GND2
    Category > 1       0.834      0.395      0.330      2.108
 GND3
    Category > 1       7.304      1.845      4.452     11.984
 GND4
    Category > 1      12.429      5.595      5.143     30.036
 GND5
    Category > 1       0.586      0.186      0.315      1.091
 GND6
    Category > 1       8.910      3.442      4.179     18.997
 ETH1
    Category > 1       0.107      0.040      0.051      0.224
 ETH2
    Category > 1       0.072      0.028      0.034      0.153
 ETH3
    Category > 1       0.088      0.034      0.041      0.187
 ETH4
    Category > 1       0.107      0.032      0.059      0.192
 ETH5
    Category > 1       0.079      0.036      0.032      0.195

Latent Class 1 Compared to Latent Class 3

 GND1
    Category > 1      30.008     16.272     10.367     86.860
 GND2
    Category > 1      10.544      4.692      4.408     25.222
 GND3
    Category > 1     113.102     41.119     55.463    230.641
 GND4
    Category > 1      72.282     33.376     29.240    178.680
 GND5
    Category > 1       5.629      1.936      2.868     11.045
 GND6
    Category > 1      42.362     15.902     20.298     88.410
 ETH1
    Category > 1       6.699      2.594      3.135     14.310
 ETH2
    Category > 1       4.516      2.197      1.741     11.716
 ETH3
    Category > 1       1.513      0.653      0.649      3.526
 ETH4
    Category > 1       0.592      0.161      0.347      1.010
 ETH5
    Category > 1       4.412      2.352      1.552     12.543

Latent Class 2 Compared to Latent Class 3

 GND1
    Category > 1      35.267     19.396     12.001    103.638
 GND2
    Category > 1      12.637      3.963      6.834     23.366
 GND3
    Category > 1      15.485      4.370      8.906     26.922
 GND4
    Category > 1       5.816      1.107      4.005      8.445
 GND5
    Category > 1       9.600      2.271      6.038     15.264
 GND6
    Category > 1       4.754      0.808      3.407      6.634
 ETH1
    Category > 1      62.613     18.047     35.589    110.157
 ETH2
    Category > 1      62.725     16.897     36.995    106.350
 ETH3
    Category > 1      17.244      4.052     10.880     27.332
 ETH4
    Category > 1       5.555      0.967      3.950      7.812
 ETH5
    Category > 1      56.031     18.188     29.656    105.863


QUALITY OF NUMERICAL RESULTS

     Condition Number for the Information Matrix              0.123E-01
       (ratio of smallest to largest eigenvalue)


MODEL COMMAND WITH FINAL ESTIMATES USED AS STARTING VALUES

     %OVERALL%

     [ c#1*-1.95621 ];
     [ c#2*-1.57724 ];

     %C#1%

     [ gnd1$1*2.02780 ];
     [ gnd2$1*1.67830 ];
     [ gnd3$1*-0.36417 ];
     [ gnd4$1*-1.65837 ];
     [ gnd5$1*1.76768 ];
     [ gnd6$1*-1.49529 ];
     [ eth1$1*2.77176 ];
     [ eth2$1*2.55097 ];
     [ eth3$1*2.39086 ];
     [ eth4$1*1.34039 ];
     [ eth5$1*2.48699 ];

     %C#2%

     [ gnd1$1*1.86633 ];
     [ gnd2$1*1.49722 ];
     [ gnd3$1*1.62428 ];
     [ gnd4$1*0.86165 ];
     [ gnd5$1*1.23376 ];
     [ gnd6$1*0.69188 ];
     [ eth1$1*0.53667 ];
     [ eth2$1*-0.08008 ];
     [ eth3$1*-0.04254 ];
     [ eth4$1*-0.89806 ];
     [ eth5$1*-0.05457 ];

     %C#3%

     [ gnd1$1*5.42927 ];
     [ gnd2$1*4.03383 ];
     [ gnd3$1*4.36412 ];
     [ gnd4$1*2.62220 ];
     [ gnd5$1*3.49553 ];
     [ gnd6$1*2.25095 ];
     [ eth1$1*4.67365 ];
     [ eth2$1*4.05868 ];
     [ eth3$1*2.80493 ];
     [ eth4$1*0.81661 ];
     [ eth5$1*3.97134 ];



TECHNICAL 10 OUTPUT


     MODEL FIT INFORMATION FOR THE LATENT CLASS INDICATOR MODEL PART


     RESPONSE PATTERNS

     No.  Pattern        No.  Pattern        No.  Pattern
       1  00000000000      2  00000000001      3  00000000010
       4  00000000011      5  00000000100      6  00000000101
       7  00000000110      8  00000000111      9  00000001000
      10  00000001001     11  00000001010     12  00000001011
      13  00000001100     14  00000001101     15  00000001110
      16  00000001111     17  00000010000     18  00000010010
      19  00000010011     20  00000010100     21  00000010101
      22  00000010111     23  00000011000     24  00000011001
      25  00000011010     26  00000011011     27  00000011110
      28  00000011111     29  00000100000     30  00000100001
      31  00000100010     32  00000100011     33  00000100100
      34  00000100101     35  00000100110     36  00000100111
      37  00000101000     38  00000101001     39  00000101010
      40  00000101011     41  00000101110     42  00000110000
      43  00000110010     44  00000110011     45  00000110111
      46  00000111010     47  00000111101     48  00000111110
      49  00001000000     50  00001000001     51  00001000010
      52  00001000100     53  00001000110     54  00001000111
      55  00001001001     56  00001001010     57  00001011111
      58  00001100000     59  00001100001     60  00001100010
      61  00001100011     62  00001100100     63  00001100110
      64  00001101001     65  00001101010     66  00001111110
      67  00001111111     68  00010000000     69  00010000001
      70  00010000010     71  00010000011     72  00010000100
      73  00010000101     74  00010000110     75  00010001000
      76  00010001001     77  00010001010     78  00010001011
      79  00010001110     80  00010001111     81  00010010001
      82  00010010010     83  00010010101     84  00010010111
      85  00010011011     86  00010011110     87  00010011111
      88  00010100000     89  00010100001     90  00010100010
      91  00010100011     92  00010100100     93  00010100101
      94  00010100110     95  00010100111     96  00010101000
      97  00010101001     98  00010101010     99  00010110000
     100  00010110110    101  00010111010    102  00010111100
     103  00010111111    104  00011000000    105  00011000010
     106  00011001010    107  00011001100    108  00011001101
     109  00011010010    110  00011011111    111  00011100000
     112  00011100001    113  00011100010    114  00011100100
     115  00011100110    116  00011100111    117  00011101001
     118  00011101010    119  00011101100    120  00011110000
     121  00011110001    122  00011111010    123  00011111011
     124  00011111101    125  00011111111    126  00100000000
     127  00100000001    128  00100000010    129  00100000011
     130  00100000100    131  00100000101    132  00100000110
     133  00100001000    134  00100001010    135  00100010000
     136  00100011000    137  00100100000    138  00100100001
     139  00100100010    140  00100100011    141  00100100100
     142  00100100101    143  00100100110    144  00100100111
     145  00100101010    146  00100101110    147  00101000001
     148  00101000010    149  00101000011    150  00101000110
     151  00101001010    152  00101100011    153  00101100101
     154  00101101001    155  00110000000    156  00110000010
     157  00110000100    158  00110000101    159  00110000110
     160  00110001000    161  00110001011    162  00110011010
     163  00110011100    164  00110011111    165  00110100000
     166  00110100001    167  00110100010    168  00110100011
     169  00110100100    170  00110100110    171  00110101000
     172  00110101001    173  00110101100    174  00110110000
     175  00110110010    176  00110110110    177  00110111000
     178  00110111111    179  00111000010    180  00111000111
     181  00111011111    182  00111100000    183  00111100001
     184  00111100010    185  00111101000    186  00111101010
     187  00111110000    188  00111111001    189  00111111111
     190  01000000000    191  01000000001    192  01000000010
     193  01000000011    194  01000000110    195  01000001000
     196  01000001010    197  01000001100    198  01000001101
     199  01000010000    200  01000011001    201  01000011011
     202  01000011110    203  01000100000    204  01000100010
     205  01000100100    206  01000101000    207  01000101100
     208  01000110001    209  01000110010    210  01001000010
     211  01001000101    212  01001011000    213  01001011010
     214  01001100000    215  01001101000    216  01010000000
     217  01010000010    218  01010000011    219  01010100000
     220  01010100001    221  01010100010    222  01010100100
     223  01010100110    224  01010111110    225  01011000000
     226  01011001010    227  01011011110    228  01011100011
     229  01011110000    230  01100011011    231  01100011111
     232  01100100000    233  01100100010    234  01100100110
     235  01100101010    236  01100110100    237  01101000010
     238  01101101010    239  01101110001    240  01110000000
     241  01110001001    242  01110100000    243  01110100010
     244  01110110011    245  01111001010    246  01111011010
     247  01111101010    248  01111110000    249  01111110100
     250  01111111110    251  10000000000    252  10000000010
     253  10000000011    254  10000000110    255  10000011111
     256  10000100010    257  10000100011    258  10001000000
     259  10001000010    260  10001001100    261  10001101010
     262  10001110110    263  10010000010    264  10010010010
     265  10010011011    266  10010100000    267  10010100011
     268  10010100100    269  10010101110    270  10010111111
     271  10011100000    272  10011100010    273  10011101010
     274  10011110111    275  10100000101    276  10100001010
     277  10100100000    278  10100100010    279  10100110111
     280  10110000000    281  10110100000    282  10110100001
     283  10110100110    284  10110111110    285  10110111111
     286  10111100000    287  10111100001    288  11000000000
     289  11000000010    290  11000000011    291  11000011111
     292  11000100000    293  11001000000    294  11001000111
     295  11001001111    296  11001011111    297  11001100011
     298  11001101010    299  11010001010    300  11010010010
     301  11010100000    302  11010100010    303  11010100100
     304  11011000000    305  11011010010    306  11011011011
     307  11100100000    308  11100101001    309  11110100000
     310  11110100010    311  11110100011    312  11110110010
     313  11111100000    314  11111100011    315  11111100111
     316  11111101000    317  11111101111    318  00*00000010
     319  00*00010011    320  00*00101000    321  00*11101011
     322  10*10111111    323  0000000*000    324  0001000*010
     325  000000*****    326  000001*****    327  000010*****
     328  000100*****    329  000101*****    330  010001*****
     331  ******00000    332  ******11000    333  000*0000000
     334  000*0000001    335  000*0000010    336  000*1001000
     337  010*0000000    338  000000000*0    339  000000101*0
     340  000010000*0    341  001101000*0    342  00000000*00
     343  00000010*00    344  00010000*00    345  0000*000000
     346  0000*000010    347  0000*100000    348  0000*100001
     349  0001*000000    350  0001*000110    351  0011*111111
     352  000000000**    353  000001000**    354  00000*00010
     355  00110*00000    356  00111*01000    357  10000*00000
     358  0*000011100    359  0000000000*    360  1111010000*
     361  000000*0010    362  001001*0101    363  00*00*0*0**



     RESPONSE PATTERN FREQUENCIES AND CHI-SQUARE CONTRIBUTIONS

    Response          Frequency     Standardized  Chi-square Contribution
     Pattern    Observed  Estimated   Residual    Pearson   Loglikelihood  Deleted
                                     (z-score)
         1      1068.37     997.63       2.65       4.97       131.58
         2         8.83      20.81      -2.48       6.81       -13.34
         3       406.34     444.39      -1.86       3.26       -74.21
         4        20.15      13.13       1.83       3.74        16.46
         5        26.87      62.24      -4.27      20.09       -46.06
         6        12.40       3.19       4.85      26.51        33.10
         7        55.90      31.39       4.15      19.12        62.19
         8         6.79       5.53       0.50       0.28         2.49
         9        12.65      19.29      -1.43       2.28       -11.15
        10         3.77       2.46       0.79       0.70         3.07
        11        23.62      12.56       2.94       9.71        28.85
        12         6.04       5.37       0.27       0.08         1.18
        13         3.41       3.15       0.14       0.02         0.39
        14         2.06       2.24      -0.11       0.01        -0.42
        15        11.11       5.62       2.18       5.35        14.67
        16         2.36       5.46      -1.25       1.76        -4.06
        17         9.60      10.45      -0.25       0.03        -0.36
        18         8.78       6.79       0.72       0.58         4.20
        19         1.59       2.90      -0.72       0.38        -0.76
        20         2.94       1.70       0.89       0.53         5.26
        21         2.92       1.21       1.47       2.43         5.03
        22         3.33       2.95       0.21       0.05         0.67
        23         1.08       1.34      -0.21       0.05        -0.35
        24         2.35       1.25       0.93       0.98         2.89
        25         8.34       2.96       2.94       9.73        16.89
        26         8.07       3.06       2.70       8.23        15.35
        27         9.60       3.02       3.57      14.31        21.79
        28        11.87       3.19       4.58      23.63        30.70
        29        94.64     111.32      -1.52       2.49       -29.18
        30         2.11       3.43      -0.67       0.16        -0.34
        31        53.67      50.05       0.49       0.26         7.47
        32         4.19       3.41       0.40       0.18         1.70
        33        11.04       7.83       1.08       1.32         7.40
        34         6.83       1.19       4.87      26.74        23.74
        35         8.87       5.32       1.45       2.37         8.90
        36         5.14       2.58       1.50       2.53         6.98
        37         0.99       3.26      -1.18       0.66        -0.52
        38         1.42       1.14       0.25       0.07         0.61
        39         6.12       3.39       1.40       2.19         7.12
        40         1.19       2.64      -0.84       0.79        -1.91
        41         1.35       2.64      -0.75       0.64        -1.84
        42         1.66       1.88      -0.15       0.02        -0.43
        43         1.09       1.86      -0.53       0.32        -1.19
        44         0.94       1.43      -0.39       0.17        -0.80
        45         1.03       1.47      -0.35       0.13        -0.76
        46         1.71       1.46       0.20       0.04         0.51
        47         1.75       0.65       1.28       1.85         3.42
        48         1.32       1.51      -0.15       0.03        -0.39
        49        26.04      30.92      -0.83       0.76        -7.99
        50         1.11       1.16      -0.04       0.00        -0.14
        51         9.46      14.72      -1.30       1.88        -8.00
        52         4.62       2.41       1.34       2.03         5.85
        53         6.23       2.20       2.56       7.37        12.74
        54         0.62       1.48      -0.67       0.50        -1.10
        55         2.33       0.63       2.01       4.57         6.00
        56         1.64       1.67      -0.02       0.00        -0.13
        57         1.94       0.93       0.99       1.11         2.80
        58        14.13       4.42       4.36      21.35        32.43
        59         1.03       0.43       0.87       0.71         2.57
        60         2.85       2.32       0.32       0.12         1.01
        61         1.22       0.75       0.51       0.29         1.11
        62         1.03       0.56       0.58       0.38         1.18
        63         2.15       0.80       1.41       2.25         4.11
        64         1.26       0.32       1.57       2.77         3.39
        65         0.92       0.77       0.17       0.03         0.30
        66         1.78       0.44       1.91       4.10         4.90
        67         1.77       0.46       1.81       3.69         4.66
        68        66.13      79.71      -1.45       2.20       -19.34
        69         4.23       2.75       0.84       0.75         4.59
        70        38.33      35.60       0.43       0.20         6.47
        71         4.72       2.78       1.09       1.35         4.88
        72        10.78       5.80       1.95       4.27        13.43
        73         1.22       1.00       0.21       0.05         0.46
        74         2.56       4.10      -0.72       0.27        -0.63
        75         1.37       2.62      -0.73       0.60        -1.81
        76         2.43       0.97       1.41       2.23         4.44
        77         3.33       2.78       0.31       0.11         1.25
        78         1.40       2.23      -0.52       0.31        -1.33
        79         1.78       2.23      -0.28       0.09        -0.83
        80         0.97       2.30      -0.83       0.78        -1.70
        81         2.02       0.53       1.92       4.15         5.34
        82         2.03       1.54       0.38       0.16         1.09
        83         1.85       0.51       1.77       3.52         4.73
        84         0.68       1.24      -0.47       0.25        -0.83
        85         2.40       1.29       0.92       0.96         2.93
        86         1.32       1.28       0.04       0.00         0.06
        87         2.64       1.35       1.05       1.24         3.49
        88        38.20      37.79       0.06       0.00        -0.32
        89         3.78       3.04       0.40       0.18         1.55
        90        17.28      12.12       1.40       2.19        11.73
        91         1.93       1.73       0.14       0.02         0.36
        92         1.89       3.60      -0.85       0.81        -2.49
        93         2.63       0.67       2.25       5.72         7.10
        94         3.45       1.92       1.03       1.21         3.92
        95         2.65       1.13       1.35       2.07         4.46
        96         2.53       2.88      -0.20       0.04        -0.74
        97         5.40       0.65       5.57      34.96        22.76
        98         0.49       1.71      -0.88       0.88        -1.24
        99         1.28       2.16      -0.57       0.36        -1.39
       100         1.03       0.64       0.46       0.24         0.96
       101         1.09       0.65       0.52       0.30         1.11
       102         1.41       0.27       2.05       4.76         4.60
       103         3.44       0.67       3.17      11.34        11.10
       104         3.33       3.56      -0.11       0.01        -0.39
       105         2.04       1.83       0.15       0.02         0.35
       106         2.06       0.65       1.65       3.07         4.65
       107         1.69       0.27       2.59       7.54         6.14
       108         1.64       0.27       2.46       6.82         5.79
       109         1.37       0.36       1.60       2.89         3.62
       110         0.86       0.39       0.70       0.55         1.30
       111         3.68       5.43      -0.71       0.56        -3.05
       112         0.63       0.55       0.10       0.01         0.13
       113         0.43       1.71      -0.93       0.97        -1.21
       114         1.72       0.60       1.37       2.10         3.54
       115         0.88       0.42       0.66       0.49         1.24
       116         1.40       0.32       1.80       3.63         4.05
       117         0.15       0.16      -0.04       0.00        -0.04
       118         0.61       0.41       0.29       0.09         0.44
       119         1.10       0.17       2.17       5.30         4.13
       120         0.93       0.39       0.82       0.75         1.57
       121         1.42       0.10       4.00      18.05         7.56
       122         1.14       0.18       2.09       4.94         4.09
       123         0.95       0.19       1.65       3.06         3.02
       124         1.08       0.08       3.32      12.44         5.55
       125         3.41       0.20       6.83      52.52        19.27
       126        18.93      14.85       1.00       1.11         8.24
       127         1.24       0.78       0.49       0.27         1.09
       128         2.16       6.97      -1.72       3.32        -5.15
       129         0.88       1.10      -0.20       0.04        -0.44
       130         2.20       1.32       0.73       0.59         2.15
       131         5.37       0.43       7.07      56.35        26.77
       132         0.92       1.32      -0.33       0.12        -0.71
       133         0.49       0.76      -0.30       0.10        -0.46
       134         1.04       1.11      -0.06       0.00        -0.18
       135         1.68       0.45       1.74       3.41         4.37
       136         1.10       0.24       1.65       3.05         3.45
       137        10.86       9.68       0.36       0.14         1.96
       138         0.45       0.90      -0.44       0.22        -0.64
       139         2.76       3.18      -0.22       0.05        -0.91
       140         0.98       0.66       0.36       0.15         0.70
       141         1.06       1.02       0.04       0.00         0.03
       142         1.08       0.27       1.48       2.05         4.37
       143         1.19       0.70       0.56       0.35         1.21
       144         1.26       0.51       0.98       1.07         2.18
       145         1.82       0.66       1.33       1.99         3.56
       146         1.22       0.53       0.91       0.93         2.01
       147         0.66       0.15       1.26       1.78         1.94
       148         0.81       0.51       0.39       0.17         0.70
       149         0.26       0.29      -0.05       0.00        -0.07
       150         1.44       0.29       2.01       4.55         4.54
       151         0.66       0.29       0.63       0.45         1.02
       152         0.94       0.17       1.76       3.49         3.16
       153         0.66       0.07       2.10       4.95         2.91
       154         1.37       0.07       4.61      23.98         8.05
       155        16.28      10.69       1.62       2.93        13.45
       156         4.57       3.30       0.66       0.49         2.75
       157         3.19       1.10       1.89       4.01         6.67
       158         1.22       0.24       1.87       3.92         3.88
       159         2.06       0.65       1.65       3.06         4.66
       160         0.45       0.93      -0.47       0.25        -0.68
       161         1.14       0.45       0.97       1.05         2.05
       162         0.74       0.25       0.92       0.94         1.56
       163         1.69       0.11       4.58      23.61         9.28
       164         1.26       0.27       1.81       3.69         3.84
       165        61.73      43.04       2.70       8.11        45.07
       166         0.97       3.65      -1.32       1.97        -2.62
       167         6.29      11.45      -1.44       2.33        -7.71
       168         1.22       1.13       0.08       0.01         0.12
       169         1.37       4.01      -1.24       1.74        -3.01
       170         1.69       1.23       0.40       0.17         1.00
       171         3.75       3.43       0.17       0.03         0.49
       172         0.74       0.37       0.58       0.38         1.01
       173         1.19       0.39       1.20       1.63         2.59
       174         2.89       2.73       0.09       0.01         0.18
       175         1.37       0.81       0.58       0.38         1.36
       176         0.98       0.18       1.77       3.52         3.25
       177         2.56       0.26       4.27      20.50        12.00
       178         4.84       0.13       9.42      99.96        35.69
       179         0.28       0.55      -0.34       0.13        -0.39
       180         0.83       0.13       1.88       3.97         3.10
       181         0.49       0.08       1.41       2.24         1.80
       182         5.89       7.34      -0.51       0.29        -2.91
       183         0.49       0.63      -0.17       0.03        -0.28
       184         0.72       1.97      -0.84       0.79        -1.49
       185         1.19       0.60       0.72       0.01         3.27
       186         0.28       0.21       0.15       0.02         0.15
       187         1.20       0.47       1.00       1.12         2.18
       188         1.33       0.02       9.20      95.49        11.38
       189         1.08       0.04       4.98      27.91         7.38
       190        13.96      18.26      -0.95       0.94        -5.51
       191         1.07       0.79       0.30       0.10         0.60
       192        10.64       8.87       0.56       0.35         3.34
       193         2.43       1.23       1.02       1.17         3.19
       194         2.89       1.54       1.02       1.17         3.48
       195         1.18       0.77       0.43       0.21         0.93
       196         1.29       1.25       0.04       0.00         0.03
       197         1.58       0.49       1.46       2.40         3.60
       198         0.49       0.50      -0.02       0.00        -0.05
       199         0.98       0.42       0.80       0.73         1.59
       200         0.85       0.28       1.03       1.19         1.87
       201         1.09       0.68       0.47       0.25         0.97
       202         2.32       0.68       1.88       3.99         5.60
       203         0.92       3.12      -1.17       1.53        -1.96
       204         1.09       1.61      -0.38       0.14        -0.50
       205         0.62       0.43       0.29       0.08         0.67
       206         2.56       0.34       3.58      14.42        11.12
       207         0.46       0.25       0.42       0.18         0.74
       208         0.62       0.13       1.25       1.74         2.09
       209         1.03       0.32       1.17       1.52         2.70
       210         0.93       0.54       0.50       0.28         0.96
       211         2.22       0.13       5.36      32.38        12.34
       212         1.19       0.08       3.77      16.00         6.62
       213         0.85       0.19       1.44       2.35         2.54
       214         0.72       0.30       0.73       0.59         1.23
       215         1.45       0.08       4.55      23.31         8.32
       216         3.93       2.70       0.71       0.54         3.51
       217         5.70       1.32       3.58      14.45        16.34
       218         0.62       0.49       0.17       0.03         0.25
       219         2.98       5.78      -1.10       1.35        -4.10
       220         1.15       0.56       0.75       0.63         1.61
       221         2.45       1.73       0.52       0.30         1.58
       222         1.28       0.61       0.81       0.73         1.83
       223         1.58       0.36       1.90       4.06         4.55
       224         0.15       0.14       0.03       0.00         0.02
       225         1.64       0.30       2.29       5.91         5.46
       226         0.47       0.14       0.82       0.76         1.10
       227         0.49       0.08       1.31       1.95         1.69
       228         1.37       0.09       4.09      18.88         7.48
       229         1.68       0.07       5.56      34.84        10.42
       230         1.40       0.13       3.24      11.85         6.47
       231         3.29       0.14       7.92      70.78        20.61
       232         1.24       1.59      -0.26       0.08        -0.68
       233         0.61       0.51       0.13       0.02         0.18
       234         0.47       0.14       0.81       0.75         1.09
       235         0.94       0.14       2.00       4.53         3.51
       236         0.96       0.03       4.77      25.61         6.41
       237         2.33       0.08       7.65      65.99        15.77
       238         1.64       0.04       7.83      69.18        12.34
       239         0.26       0.01       2.52       7.16         1.74
       240         1.14       1.85      -0.49       0.27        -1.16
       241         1.28       0.05       5.10      29.36         8.16
       242         2.19       8.02      -1.94       4.24        -5.80
       243         2.92       2.14       0.50       0.28         1.67
       244         0.96       0.04       4.53      23.10         6.23
       245         0.56       0.03       2.72       8.34         3.13
       246         0.61       0.02       4.39      21.71         4.38
       247         0.46       0.04       1.96       4.32         2.22
       248         1.42       0.09       4.22      20.11         7.83
       249         1.10       0.01       9.42     100.00        10.14
       250         0.95       0.01       9.42     100.00         8.89      DELETED
       251         5.09       4.82       0.12       0.00         1.17
       252         1.24       2.68      -0.83       0.77        -1.97
       253         1.64       0.79       0.91       0.93         2.33
       254         2.45       0.86       1.62       2.95         5.01
       255         2.74       0.49       3.01      10.20         9.23
       256         1.22       0.75       0.51       0.30         1.13
       257         0.46       0.39       0.11       0.01         0.13
       258         1.01       0.24       1.45       2.38         2.80
       259         0.28       0.27       0.02       0.00         0.01
       260         1.26       0.10       3.54      14.16         6.41
       261         1.58       0.11       4.07      18.68         8.19
       262         0.43       0.06       1.38       2.14         1.63
       263         0.95       0.67       0.33       0.12         0.63
       264         0.74       0.19       1.19       1.60         1.98
       265         1.44       0.20       2.62       7.72         5.63
       266         0.68       4.01      -1.57       2.77        -2.45
       267         1.69       0.24       2.77       8.64         6.48
       268         0.74       0.42       0.46       0.24         0.79
       269         1.26       0.18       2.42       6.62         4.87
       270         0.15       0.10       0.15      -0.06         0.34
       271         0.73       0.69       0.05       0.00         0.06
       272         0.63       0.22       0.82       0.75         1.28
       273         0.72       0.06       2.54       7.25         3.56
       274         1.42       0.03       7.83      69.11        11.08
       275         1.19       0.06       4.20      19.85         6.92
       276         2.56       0.16       5.73      37.02        14.19
       277         1.44       1.11       0.30       0.10         0.68
       278         1.26       0.35       1.43       2.30         3.12
       279         0.68       0.05       2.83       9.03         3.68
       280         1.24       1.29      -0.05       0.00        -0.17
       281         3.67       5.66      -0.79       0.69        -3.36
       282         0.66       0.48       0.24       0.06         0.37
       283         1.23       0.17       2.46       6.81         4.86
       284         1.22       0.02       7.94      71.09         9.91
       285         0.85       0.02       5.47      33.32         7.56
       286         1.85       0.97       0.85       0.81         2.31
       287         1.40       0.08       4.28      20.62         7.80
       288         1.23       0.17       2.39       6.45         4.76
       289         3.78       0.20       7.52      63.82        21.98
       290         2.56       0.17       5.49      34.01        13.81
       291         1.24       0.11       3.20      11.52         5.92
       292         2.16       0.18       4.39      21.76        10.61
       293         2.78       0.03       9.42     100.00        25.77
       294         1.68       0.05       6.82      52.49        11.70
       295         1.23       0.05       4.72      25.10         7.58
       296         7.34       0.03       9.42     100.00        79.30
       297         0.72       0.02       4.13      19.27         4.78
       298         1.26       0.03       7.26      59.43         9.72
       299         0.62       0.08       1.88       3.97         2.60
       300         1.10       0.04       4.90      27.05         7.18
       301         1.40       0.75       0.71       0.57         1.69
       302         2.72       0.23       4.95      27.67        13.42
       303         0.70       0.08       2.03       4.66         2.96
       304         0.92       0.04       4.37      21.52         5.89
       305         1.14       0.01       9.42     100.00        10.36
       306         1.55       0.01       9.42     100.00        14.75
       307         0.45       0.21       0.51       0.29         0.69
       308         0.94       0.01       9.42     100.00         8.76      DELETED
       309         0.72       1.06      -0.30      -0.75         0.96
       310         1.26       0.28       1.74       3.41         3.72
       311         0.72       0.03       3.79      16.16         4.59
       312         0.95       0.02       6.05      41.28         7.23
       313         2.70       0.18       5.59      35.26        14.50
       314         0.95       0.01       9.42     100.00         9.65      DELETED
       315         0.72       0.00       9.42     100.00         8.20      DELETED
       316         0.74       0.01       5.62      35.56         5.77
       317         0.95       0.00       9.42     100.00        11.44      DELETED
       318         1.72       1.11       0.61      -0.18        -0.35
       319         0.74       0.01       7.51     -33.37        -0.62      DELETED
       320         1.55       0.01       9.43       0.00        -1.52
       321         1.55       0.00       9.42       0.00         4.07      DELETED
       322         1.08       0.00       9.42       0.00         6.02      DELETED
       323         1.72       0.92       1.01       0.12         0.19
       324         0.72       0.03       3.48       1.31         0.13
       325         8.22      10.44      -1.05      -0.12         0.48
       326         3.51       1.38       1.79      -0.43        -0.39
       327         0.43       0.46      -0.05      -0.02        -0.27
       328         2.31       1.02       1.24      -0.22        -0.23
       329         0.92       0.51       0.55       0.07         0.11
       330         1.44       0.09       4.21     -16.51        -1.58
       331         0.26       0.38      -0.28      -0.01         0.02
       332         0.47       0.00       9.43       0.00        -0.04      DELETED
       333         3.84       3.98      -0.08      -0.02         0.37
       334         1.68       0.09       5.12     -20.28        -1.63
       335         2.05       1.77       0.22      -0.06        -0.32
       336         0.63       0.01       7.96     -28.68        -1.12      DELETED
       337         1.81       0.08       5.89      -3.86        -0.32
       338         3.03       3.26      -0.18      -0.01         0.10
       339         0.97       0.01       8.71     -11.84        -0.25
       340         1.28       0.10       3.48      -4.13        -0.59
       341         0.85       0.12       1.98       1.16         0.38
       342         4.10       2.55       1.18       0.10         0.21
       343         1.24       0.03       6.67       8.26         0.42
       344         1.18       0.21       2.05      -0.48        -0.17
       345         0.92       3.26      -1.55      -0.17         0.10
       346         0.75       1.45      -0.60       0.10        -0.15
       347         1.16       0.37       1.27      -0.20        -0.13
       348         1.55       0.01       9.43       0.00         0.58
       349         2.35       0.26       3.88      -3.17        -0.67
       350         1.10       0.02       8.35     -21.55        -0.61
       351         0.74       0.00       9.42      74.67         5.39      DELETED
       352         0.86       0.97      -0.15       0.00         0.02
       353         0.92       0.11       2.37      -0.57        -0.13
       354         1.08       0.76       0.38      -0.06        -0.16
       355         1.39       0.08       4.33       7.28         1.04
       356         1.24       0.00       9.42       0.00         2.77      DELETED
       357         0.45       0.01       4.31      -3.08        -0.12
       358         0.45       0.00       9.42       0.00        -1.11      DELETED
       359         1.18       0.97       0.25       0.02         0.12
       360         1.41       0.00       9.42       0.00         1.67      DELETED
       361         1.26       0.37       1.50      -0.35        -0.22
       362         0.99       0.00       9.42       0.00         3.25      DELETED
       363         1.19       0.76       0.77       0.01         0.02

     THE TOTAL PEARSON CHI-SQUARE CONTRIBUTION FROM EMPTY CELLS IS       257.64


     UNIVARIATE MODEL FIT INFORMATION

                               Estimated Probabilities
                                                  Standardized
     Variable              H1           H0          Residual
                                                   (z-score)
     GND1
       Category 1        0.964        0.964           0.006
       Category 2        0.036        0.036          -0.006
       Univariate Pearson Chi-Square                  0.000
       Univariate Log-Likelihood Chi-Square           0.000
     GND2
       Category 1        0.943        0.943          -0.011
       Category 2        0.057        0.057           0.011
       Univariate Pearson Chi-Square                  0.000
       Univariate Log-Likelihood Chi-Square           0.000
     GND3
       Category 1        0.903        0.904          -0.058
       Category 2        0.097        0.096           0.058
       Univariate Pearson Chi-Square                  0.004
       Univariate Log-Likelihood Chi-Square           0.004
     GND4
       Category 1        0.816        0.816          -0.031
       Category 2        0.184        0.184           0.031
       Univariate Pearson Chi-Square                  0.001
       Univariate Log-Likelihood Chi-Square           0.001
     GND5
       Category 1        0.928        0.928          -0.016
       Category 2        0.072        0.072           0.016
       Univariate Pearson Chi-Square                  0.000
       Univariate Log-Likelihood Chi-Square           0.000
     GND6
       Category 1        0.792        0.793          -0.009
       Category 2        0.208        0.207           0.009
       Univariate Pearson Chi-Square                  0.000
       Univariate Log-Likelihood Chi-Square           0.000
     ETH1
       Category 1        0.931        0.930           0.033
       Category 2        0.069        0.070          -0.033
       Univariate Pearson Chi-Square                  0.001
       Univariate Log-Likelihood Chi-Square           0.001
     ETH2
       Category 1        0.900        0.900           0.002
       Category 2        0.100        0.100          -0.002
       Univariate Pearson Chi-Square                  0.000
       Univariate Log-Likelihood Chi-Square           0.000
     ETH3
       Category 1        0.871        0.871           0.002
       Category 2        0.129        0.129          -0.002
       Univariate Pearson Chi-Square                  0.000
       Univariate Log-Likelihood Chi-Square           0.000
     ETH4
       Category 1        0.642        0.642           0.041
       Category 2        0.358        0.358          -0.041
       Univariate Pearson Chi-Square                  0.002
       Univariate Log-Likelihood Chi-Square           0.002
     ETH5
       Category 1        0.900        0.900           0.021
       Category 2        0.100        0.100          -0.021
       Univariate Pearson Chi-Square                  0.000
       Univariate Log-Likelihood Chi-Square           0.000

       Overall Univariate Pearson Chi-Square                         0.009
       Overall Univariate Log-Likelihood Chi-Square                  0.009


     BIVARIATE MODEL FIT INFORMATION

                                              Estimated Probabilities
                                                                 Standardized
     Variable       Variable              H1           H0          Residual
                                                                  (z-score)
     GND1           GND2
       Category 1     Category 1        0.924        0.912           2.061
       Category 1     Category 2        0.040        0.052          -2.627
       Category 2     Category 1        0.018        0.030          -3.419
       Category 2     Category 2        0.017        0.006           7.743
       Bivariate Pearson Chi-Square                                 87.762
       Bivariate Log-Likelihood Chi-Square                          66.472
     GND1           GND3
       Category 1     Category 1        0.879        0.878           0.124
       Category 1     Category 2        0.085        0.086          -0.140
       Category 2     Category 1        0.024        0.025          -0.366
       Category 2     Category 2        0.012        0.011           0.551
       Bivariate Pearson Chi-Square                                  0.509
       Bivariate Log-Likelihood Chi-Square                           0.500
     GND1           GND4
       Category 1     Category 1        0.796        0.797          -0.045
       Category 1     Category 2        0.168        0.167           0.052
       Category 2     Category 1        0.020        0.019           0.045
       Category 2     Category 2        0.016        0.017          -0.057
       Bivariate Pearson Chi-Square                                  0.009
       Bivariate Log-Likelihood Chi-Square                           0.009
     GND1           GND5
       Category 1     Category 1        0.905        0.899           1.050
       Category 1     Category 2        0.059        0.065          -1.278
       Category 2     Category 1        0.023        0.029          -1.897
       Category 2     Category 2        0.013        0.007           3.977
       Bivariate Pearson Chi-Square                                 23.489
       Bivariate Log-Likelihood Chi-Square                          19.875
     GND1           GND6
       Category 1     Category 1        0.774        0.774           0.033
       Category 1     Category 2        0.190        0.190          -0.033
       Category 2     Category 1        0.018        0.019          -0.128
       Category 2     Category 2        0.017        0.017           0.126
       Bivariate Pearson Chi-Square                                  0.037
       Bivariate Log-Likelihood Chi-Square                           0.037
     GND1           ETH1
       Category 1     Category 1        0.903        0.903           0.088
       Category 1     Category 2        0.061        0.061          -0.105
       Category 2     Category 1        0.027        0.028          -0.107
       Category 2     Category 2        0.009        0.008           0.182
       Bivariate Pearson Chi-Square                                  0.062
       Bivariate Log-Likelihood Chi-Square                           0.062
     GND1           ETH2
       Category 1     Category 1        0.875        0.876          -0.081
       Category 1     Category 2        0.089        0.088           0.098
       Category 2     Category 1        0.025        0.024           0.177
       Category 2     Category 2        0.011        0.012          -0.265
       Bivariate Pearson Chi-Square                                  0.123
       Bivariate Log-Likelihood Chi-Square                           0.124
     GND1           ETH3
       Category 1     Category 1        0.846        0.846          -0.092
       Category 1     Category 2        0.118        0.118           0.106
       Category 2     Category 1        0.025        0.024           0.221
       Category 2     Category 2        0.011        0.012          -0.326
       Bivariate Pearson Chi-Square                                  0.185
       Bivariate Log-Likelihood Chi-Square                           0.187
     GND1           ETH4
       Category 1     Category 1        0.629        0.624           0.488
       Category 1     Category 2        0.335        0.340          -0.496
       Category 2     Category 1        0.014        0.018          -1.634
       Category 2     Category 2        0.022        0.018           1.614
       Bivariate Pearson Chi-Square                                  6.123
       Bivariate Log-Likelihood Chi-Square                           6.192
     GND1           ETH5
       Category 1     Category 1        0.877        0.875           0.235
       Category 1     Category 2        0.087        0.089          -0.270
       Category 2     Category 1        0.023        0.024          -0.463
       Category 2     Category 2        0.013        0.012           0.660
       Bivariate Pearson Chi-Square                                  0.804
       Bivariate Log-Likelihood Chi-Square                           0.790
     GND2           GND3
       Category 1     Category 1        0.860        0.861          -0.113
       Category 1     Category 2        0.083        0.082           0.134
       Category 2     Category 1        0.043        0.043           0.109
       Category 2     Category 2        0.014        0.015          -0.163
       Bivariate Pearson Chi-Square                                  0.063
       Bivariate Log-Likelihood Chi-Square                           0.063
     GND2           GND4
       Category 1     Category 1        0.780        0.782          -0.180
       Category 1     Category 2        0.162        0.161           0.196
       Category 2     Category 1        0.036        0.034           0.343
       Category 2     Category 2        0.022        0.023          -0.399
       Bivariate Pearson Chi-Square                                  0.347
       Bivariate Log-Likelihood Chi-Square                           0.349
     GND2           GND5
       Category 1     Category 1        0.888        0.880           1.177
       Category 1     Category 2        0.055        0.063          -1.590
       Category 2     Category 1        0.041        0.048          -1.803
       Category 2     Category 2        0.017        0.009           4.098
       Bivariate Pearson Chi-Square                                 25.103
       Bivariate Log-Likelihood Chi-Square                          21.591
     GND2           GND6
       Category 1     Category 1        0.757        0.759          -0.254
       Category 1     Category 2        0.186        0.183           0.274
       Category 2     Category 1        0.035        0.033           0.585
       Category 2     Category 2        0.022        0.024          -0.668
       Bivariate Pearson Chi-Square                                  0.949
       Bivariate Log-Likelihood Chi-Square                           0.956
     GND2           ETH1
       Category 1     Category 1        0.886        0.884           0.263
       Category 1     Category 2        0.056        0.058          -0.371
       Category 2     Category 1        0.044        0.046          -0.361
       Category 2     Category 2        0.013        0.011           0.737
       Bivariate Pearson Chi-Square                                  0.902
       Bivariate Log-Likelihood Chi-Square                           0.879
     GND2           ETH2
       Category 1     Category 1        0.859        0.859          -0.013
       Category 1     Category 2        0.084        0.084           0.007
       Category 2     Category 1        0.042        0.041           0.026
       Category 2     Category 2        0.016        0.016          -0.019
       Bivariate Pearson Chi-Square                                  0.001
       Bivariate Log-Likelihood Chi-Square                           0.001
     GND2           ETH3
       Category 1     Category 1        0.826        0.830          -0.506
       Category 1     Category 2        0.117        0.113           0.593
       Category 2     Category 1        0.045        0.041           0.964
       Category 2     Category 2        0.013        0.016          -1.483
       Bivariate Pearson Chi-Square                                  3.844
       Bivariate Log-Likelihood Chi-Square                           4.024
     GND2           ETH4
       Category 1     Category 1        0.616        0.612           0.459
       Category 1     Category 2        0.326        0.331          -0.481
       Category 2     Category 1        0.026        0.030          -1.191
       Category 2     Category 2        0.031        0.027           1.266
       Bivariate Pearson Chi-Square                                  3.574
       Bivariate Log-Likelihood Chi-Square                           3.568
     GND2           ETH5
       Category 1     Category 1        0.856        0.858          -0.212
       Category 1     Category 2        0.086        0.085           0.256
       Category 2     Category 1        0.043        0.042           0.403
       Category 2     Category 2        0.014        0.016          -0.621
       Bivariate Pearson Chi-Square                                  0.678
       Bivariate Log-Likelihood Chi-Square                           0.690
     GND3           GND4
       Category 1     Category 1        0.784        0.780           0.522
       Category 1     Category 2        0.119        0.124          -0.709
       Category 2     Category 1        0.032        0.036          -1.221
       Category 2     Category 2        0.065        0.060           1.033
       Bivariate Pearson Chi-Square                                  3.313
       Bivariate Log-Likelihood Chi-Square                           3.363
     GND3           GND5
       Category 1     Category 1        0.846        0.847          -0.076
       Category 1     Category 2        0.057        0.057           0.043
       Category 2     Category 1        0.082        0.081           0.084
       Category 2     Category 2        0.015        0.015          -0.048
       Bivariate Pearson Chi-Square                                  0.013
       Bivariate Log-Likelihood Chi-Square                           0.013
     GND3           GND6
       Category 1     Category 1        0.760        0.756           0.478
       Category 1     Category 2        0.143        0.148          -0.627
       Category 2     Category 1        0.032        0.037          -1.112
       Category 2     Category 2        0.064        0.060           0.953
       Bivariate Pearson Chi-Square                                  2.746
       Bivariate Log-Likelihood Chi-Square                           2.781
     GND3           ETH1
       Category 1     Category 1        0.848        0.847           0.152
       Category 1     Category 2        0.055        0.057          -0.312
       Category 2     Category 1        0.082        0.083          -0.168
       Category 2     Category 2        0.014        0.013           0.560
       Bivariate Pearson Chi-Square                                  0.486
       Bivariate Log-Likelihood Chi-Square                           0.476
     GND3           ETH2
       Category 1     Category 1        0.822        0.821           0.116
       Category 1     Category 2        0.081        0.082          -0.224
       Category 2     Category 1        0.078        0.079          -0.163
       Category 2     Category 2        0.019        0.018           0.462
       Bivariate Pearson Chi-Square                                  0.318
       Bivariate Log-Likelihood Chi-Square                           0.313
     GND3           ETH3
       Category 1     Category 1        0.793        0.793           0.084
       Category 1     Category 2        0.110        0.111          -0.163
       Category 2     Category 1        0.077        0.078          -0.124
       Category 2     Category 2        0.020        0.019           0.374
       Bivariate Pearson Chi-Square                                  0.199
       Bivariate Log-Likelihood Chi-Square                           0.196
     GND3           ETH4
       Category 1     Category 1        0.575        0.579          -0.439
       Category 1     Category 2        0.328        0.324           0.427
       Category 2     Category 1        0.068        0.063           0.976
       Category 2     Category 2        0.029        0.034          -1.219
       Bivariate Pearson Chi-Square                                  2.854
       Bivariate Log-Likelihood Chi-Square                           2.905
     GND3           ETH5
       Category 1     Category 1        0.821        0.821           0.005
       Category 1     Category 2        0.082        0.083          -0.069
       Category 2     Category 1        0.079        0.079           0.016
       Category 2     Category 2        0.018        0.018           0.096
       Bivariate Pearson Chi-Square                                  0.016
       Bivariate Log-Likelihood Chi-Square                           0.015
     GND4           GND5
       Category 1     Category 1        0.772        0.769           0.318
       Category 1     Category 2        0.044        0.047          -0.689
       Category 2     Category 1        0.156        0.159          -0.377
       Category 2     Category 2        0.028        0.025           0.969
       Bivariate Pearson Chi-Square                                  1.704
       Bivariate Log-Likelihood Chi-Square                           1.676
     GND4           GND6
       Category 1     Category 1        0.708        0.701           0.793
       Category 1     Category 2        0.108        0.116          -1.174
       Category 2     Category 1        0.085        0.092          -1.269
       Category 2     Category 2        0.100        0.092           1.310
       Bivariate Pearson Chi-Square                                  4.991
       Bivariate Log-Likelihood Chi-Square                           5.020
     GND4           ETH1
       Category 1     Category 1        0.773        0.769           0.440
       Category 1     Category 2        0.043        0.047          -0.932
       Category 2     Category 1        0.158        0.161          -0.481
       Category 2     Category 2        0.026        0.022           1.276
       Bivariate Pearson Chi-Square                                  2.998
       Bivariate Log-Likelihood Chi-Square                           2.933
     GND4           ETH2
       Category 1     Category 1        0.748        0.747           0.119
       Category 1     Category 2        0.068        0.069          -0.252
       Category 2     Category 1        0.152        0.153          -0.143
       Category 2     Category 2        0.032        0.031           0.366
       Bivariate Pearson Chi-Square                                  0.236
       Bivariate Log-Likelihood Chi-Square                           0.235
     GND4           ETH3
       Category 1     Category 1        0.720        0.720           0.024
       Category 1     Category 2        0.095        0.096          -0.077
       Category 2     Category 1        0.150        0.150          -0.027
       Category 2     Category 2        0.034        0.033           0.121
       Bivariate Pearson Chi-Square                                  0.023
       Bivariate Log-Likelihood Chi-Square                           0.023
     GND4           ETH4
       Category 1     Category 1        0.526        0.524           0.226
       Category 1     Category 2        0.289        0.292          -0.275
       Category 2     Category 1        0.116        0.118          -0.289
       Category 2     Category 2        0.068        0.066           0.424
       Bivariate Pearson Chi-Square                                  0.360
       Bivariate Log-Likelihood Chi-Square                           0.359
     GND4           ETH5
       Category 1     Category 1        0.749        0.747           0.296
       Category 1     Category 2        0.067        0.069          -0.554
       Category 2     Category 1        0.150        0.153          -0.340
       Category 2     Category 2        0.034        0.031           0.775
       Bivariate Pearson Chi-Square                                  1.112
       Bivariate Log-Likelihood Chi-Square                           1.099
     GND5           GND6
       Category 1     Category 1        0.755        0.747           0.869
       Category 1     Category 2        0.174        0.181          -0.991
       Category 2     Category 1        0.038        0.046          -1.828
       Category 2     Category 2        0.034        0.026           2.418
       Bivariate Pearson Chi-Square                                 11.136
       Bivariate Log-Likelihood Chi-Square                          10.814
     GND5           ETH1
       Category 1     Category 1        0.874        0.873           0.168
       Category 1     Category 2        0.055        0.056          -0.262
       Category 2     Category 1        0.057        0.058          -0.203
       Category 2     Category 2        0.015        0.014           0.441
       Bivariate Pearson Chi-Square                                  0.337
       Bivariate Log-Likelihood Chi-Square                           0.332
     GND5           ETH2
       Category 1     Category 1        0.851        0.848           0.368
       Category 1     Category 2        0.078        0.080          -0.501
       Category 2     Category 1        0.050        0.052          -0.592
       Category 2     Category 2        0.022        0.019           0.984
       Bivariate Pearson Chi-Square                                  1.727
       Bivariate Log-Likelihood Chi-Square                           1.690
     GND5           ETH3
       Category 1     Category 1        0.820        0.819           0.099
       Category 1     Category 2        0.108        0.109          -0.136
       Category 2     Category 1        0.051        0.052          -0.169
       Category 2     Category 2        0.021        0.020           0.295
       Bivariate Pearson Chi-Square                                  0.147
       Bivariate Log-Likelihood Chi-Square                           0.146
     GND5           ETH4
       Category 1     Category 1        0.603        0.605          -0.216
       Category 1     Category 2        0.326        0.324           0.217
       Category 2     Category 1        0.040        0.037           0.663
       Category 2     Category 2        0.032        0.034          -0.666
       Bivariate Pearson Chi-Square                                  1.016
       Bivariate Log-Likelihood Chi-Square                           1.018
     GND5           ETH5
       Category 1     Category 1        0.848        0.847           0.064
       Category 1     Category 2        0.081        0.081          -0.100
       Category 2     Category 1        0.052        0.052          -0.075
       Category 2     Category 2        0.020        0.019           0.152
       Bivariate Pearson Chi-Square                                  0.043
       Bivariate Log-Likelihood Chi-Square                           0.042
     GND6           ETH1
       Category 1     Category 1        0.746        0.748          -0.169
       Category 1     Category 2        0.046        0.045           0.337
       Category 2     Category 1        0.185        0.183           0.212
       Category 2     Category 2        0.023        0.025          -0.507
       Bivariate Pearson Chi-Square                                  0.455
       Bivariate Log-Likelihood Chi-Square                           0.459
     GND6           ETH2
       Category 1     Category 1        0.725        0.727          -0.131
       Category 1     Category 2        0.067        0.066           0.221
       Category 2     Category 1        0.175        0.173           0.156
       Category 2     Category 2        0.033        0.034          -0.306
       Bivariate Pearson Chi-Square                                  0.181
       Bivariate Log-Likelihood Chi-Square                           0.182
     GND6           ETH3
       Category 1     Category 1        0.702        0.700           0.215
       Category 1     Category 2        0.090        0.092          -0.353
       Category 2     Category 1        0.168        0.170          -0.260
       Category 2     Category 2        0.039        0.037           0.535
       Bivariate Pearson Chi-Square                                  0.517
       Bivariate Log-Likelihood Chi-Square                           0.513
     GND6           ETH4
       Category 1     Category 1        0.512        0.510           0.147
       Category 1     Category 2        0.281        0.282          -0.171
       Category 2     Category 1        0.131        0.132          -0.159
       Category 2     Category 2        0.077        0.076           0.216
       Bivariate Pearson Chi-Square                                  0.109
       Bivariate Log-Likelihood Chi-Square                           0.109
     GND6           ETH5
       Category 1     Category 1        0.728        0.726           0.190
       Category 1     Category 2        0.065        0.066          -0.354
       Category 2     Category 1        0.172        0.173          -0.207
       Category 2     Category 2        0.036        0.034           0.450
       Bivariate Pearson Chi-Square                                  0.404
       Bivariate Log-Likelihood Chi-Square                           0.401
     ETH1           ETH2
       Category 1     Category 1        0.874        0.861           1.880
       Category 1     Category 2        0.057        0.070          -2.521
       Category 2     Category 1        0.027        0.040          -3.337
       Category 2     Category 2        0.043        0.030           3.768
       Bivariate Pearson Chi-Square                                 34.803
       Bivariate Log-Likelihood Chi-Square                          35.011
     ETH1           ETH3
       Category 1     Category 1        0.836        0.831           0.729
       Category 1     Category 2        0.094        0.100          -0.884
       Category 2     Category 1        0.034        0.040          -1.394
       Category 2     Category 2        0.035        0.030           1.553
       Bivariate Pearson Chi-Square                                  5.635
       Bivariate Log-Likelihood Chi-Square                           5.609
     ETH1           ETH4
       Category 1     Category 1        0.622        0.616           0.594
       Category 1     Category 2        0.309        0.314          -0.604
       Category 2     Category 1        0.021        0.026          -1.690
       Category 2     Category 2        0.049        0.044           1.277
       Bivariate Pearson Chi-Square                                  5.329
       Bivariate Log-Likelihood Chi-Square                           5.508
     ETH1           ETH5
       Category 1     Category 1        0.865        0.860           0.754
       Category 1     Category 2        0.066        0.071          -0.988
       Category 2     Category 1        0.035        0.040          -1.305
       Category 2     Category 2        0.035        0.030           1.457
       Bivariate Pearson Chi-Square                                  5.276
       Bivariate Log-Likelihood Chi-Square                           5.266
     ETH2           ETH3
       Category 1     Category 1        0.812        0.813          -0.124
       Category 1     Category 2        0.088        0.087           0.173
       Category 2     Category 1        0.059        0.058           0.211
       Category 2     Category 2        0.041        0.042          -0.247
       Bivariate Pearson Chi-Square                                  0.147
       Bivariate Log-Likelihood Chi-Square                           0.147
     ETH2           ETH4
       Category 1     Category 1        0.611        0.604           0.702
       Category 1     Category 2        0.289        0.296          -0.751
       Category 2     Category 1        0.031        0.038          -1.697
       Category 2     Category 2        0.069        0.062           1.340
       Bivariate Pearson Chi-Square                                  5.687
       Bivariate Log-Likelihood Chi-Square                           5.824
     ETH2           ETH5
       Category 1     Category 1        0.842        0.841           0.106
       Category 1     Category 2        0.058        0.059          -0.163
       Category 2     Category 1        0.057        0.058          -0.139
       Category 2     Category 2        0.042        0.042           0.160
       Bivariate Pearson Chi-Square                                  0.078
       Bivariate Log-Likelihood Chi-Square                           0.078
     ETH3           ETH4
       Category 1     Category 1        0.593        0.583           0.962
       Category 1     Category 2        0.278        0.288          -1.046
       Category 2     Category 1        0.050        0.059          -1.929
       Category 2     Category 2        0.080        0.070           1.773
       Bivariate Pearson Chi-Square                                  8.555
       Bivariate Log-Likelihood Chi-Square                           8.650
     ETH3           ETH5
       Category 1     Category 1        0.818        0.812           0.802
       Category 1     Category 2        0.053        0.059          -1.329
       Category 2     Category 1        0.082        0.088          -1.086
       Category 2     Category 2        0.048        0.042           1.533
       Bivariate Pearson Chi-Square                                  5.761
       Bivariate Log-Likelihood Chi-Square                           5.744
     ETH4           ETH5
       Category 1     Category 1        0.602        0.603          -0.099
       Category 1     Category 2        0.040        0.039           0.355
       Category 2     Category 1        0.297        0.296           0.120
       Category 2     Category 2        0.060        0.062          -0.311
       Bivariate Pearson Chi-Square                                  0.255
       Bivariate Log-Likelihood Chi-Square                           0.254

       Overall Bivariate Pearson Chi-Square                        263.534
       Overall Bivariate Log-Likelihood Chi-Square                 235.574


TECHNICAL 11 OUTPUT

     Random Starts Specifications for the k-1 Class Analysis Model
        Number of initial stage random starts                1000
        Number of final stage optimizations                   250



     VUONG-LO-MENDELL-RUBIN LIKELIHOOD RATIO TEST FOR 2 (H0) VERSUS 3 CLASSES

          H0 Loglikelihood Value                        -9804.836
          2 Times the Loglikelihood Difference            567.870
          Difference in the Number of Parameters               12
          Mean                                             92.653
          Standard Deviation                              160.164
          P-Value                                          0.0149

     LO-MENDELL-RUBIN ADJUSTED LRT TEST

          Value                                           561.965
          P-Value                                          0.0154


SAVEDATA INFORMATION


  Save file
    Prob_NLD_GNDETHlca_C3cl3.dat

  Order and format of variables

    GND1           F10.3
    GND2           F10.3
    GND3           F10.3
    GND4           F10.3
    GND5           F10.3
    GND6           F10.3
    ETH1           F10.3
    ETH2           F10.3
    ETH3           F10.3
    ETH4           F10.3
    ETH5           F10.3
    CPROB1         F10.3
    CPROB2         F10.3
    CPROB3         F10.3
    C              F10.3
    WS             F10.3
    IDSTUD         I9
    ID_S           I5
    ID_J           I5

  Save file format
    16F10.3 I9 2I5

  Save file record length    10000

  Save missing symbol        *


     Beginning Time:  22:24:20
        Ending Time:  22:24:29
       Elapsed Time:  00:00:09



MUTHEN & MUTHEN
3463 Stoner Ave.
Los Angeles, CA  90066

Tel: (310) 391-9971
Fax: (310) 391-8971
Web: www.StatModel.com
Support: Support@StatModel.com

Copyright (c) 1998-2020 Muthen & Muthen
