Mplus VERSION 8.5 (Mac)
MUTHEN & MUTHEN
04/07/2021  10:12 PM

INPUT INSTRUCTIONS

  TITLE: BFLGNDETH LCA - C3 with 1 classes;
  DATA:
  FILE = GNDETHDtaC3.dat;

  VARIABLE:
  NAMES = id_i
  id_j
  id_r
  id_s
  id_k
  wt
  ws
  GND1
  GND2
  GND3
  GND4
  GND5
  GND6
  ETH1
  ETH2
  ETH3
  ETH4
  ETH5
  IDSTUD;
  IDVARIABLE = IDSTUD;
  USEVARIABLES = GND1
  GND2
  GND3
  GND4
  GND5
  GND6
  ETH1
  ETH2
  ETH3
  ETH4
  ETH5;
  USEOBSERVATIONS ARE id_k EQ 1;
  CATEGORICAL = GND1
  GND2
  GND3
  GND4
  GND5
  GND6
  ETH1
  ETH2
  ETH3
  ETH4
  ETH5;
  MISSING = .;
  CLASSES = c(1);
  WEIGHT = ws;
  STRATIFICATION = id_s;
  CLUSTER = id_j;

  ANALYSIS:
  TYPE = COMPLEX MIXTURE;
  PROCESSORS = 4;
  STARTS = 1000 250;
  STITERATIONS = 20;
  STSEED = 288;

  MODEL:
  %OVERALL%

  OUTPUT:
  TECH10
  TECH11
  SVALUES
  ;

  SAVEDATA:
  FILE = Prob_BFL_GNDETHlca_C3cl1.dat;
  SAVE = CPROBABILITIES;



*** WARNING in VARIABLE command
  When a subpopulation is analyzed with TYPE=COMPLEX, standard errors
  may be incorrect.  Use the SUBPOPULATION option instead of the
  USEOBSERVATIONS option to obtain correct standard errors.
*** WARNING in OUTPUT command
  TECH11 option is not available for TYPE=MIXTURE with only one class.
  Request for TECH11 is ignored.
*** WARNING
  Data set contains cases with missing on all variables.
  These cases were not included in the analysis.
  Number of cases with missing on all variables:  13
   3 WARNING(S) FOUND IN THE INPUT INSTRUCTIONS



BFLGNDETH LCA - C3 with 1 classes;

SUMMARY OF ANALYSIS

Number of groups                                                 1
Number of observations                                        2918

Number of dependent variables                                   11
Number of independent variables                                  0
Number of continuous latent variables                            0
Number of categorical latent variables                           1

Observed dependent variables

  Binary and ordered categorical (ordinal)
   GND1        GND2        GND3        GND4        GND5        GND6
   ETH1        ETH2        ETH3        ETH4        ETH5

Categorical latent variables
   C

Variables with special functions

  Stratification        ID_S
  Cluster variable      ID_J
  Weight variable       WS
  ID variable           IDSTUD

Estimator                                                      MLR
Information matrix                                        OBSERVED
Optimization Specifications for the Quasi-Newton Algorithm for
Continuous Outcomes
  Maximum number of iterations                                 100
  Convergence criterion                                  0.100D-05
Optimization Specifications for the EM Algorithm
  Maximum number of iterations                                 500
  Convergence criteria
    Loglikelihood change                                 0.100D-06
    Relative loglikelihood change                        0.100D-06
    Derivative                                           0.100D-05
Optimization Specifications for the M step of the EM Algorithm for
Categorical Latent variables
  Number of M step iterations                                    1
  M step convergence criterion                           0.100D-05
  Basis for M step termination                           ITERATION
Optimization Specifications for the M step of the EM Algorithm for
Censored, Binary or Ordered Categorical (Ordinal), Unordered
Categorical (Nominal) and Count Outcomes
  Number of M step iterations                                    1
  M step convergence criterion                           0.100D-05
  Basis for M step termination                           ITERATION
  Maximum value for logit thresholds                            15
  Minimum value for logit thresholds                           -15
  Minimum expected cell size for chi-square              0.100D-01
Maximum number of iterations for H1                           2000
Convergence criterion for H1                             0.100D-03
Optimization algorithm                                         EMA
Random Starts Specifications
  Number of initial stage random starts                       1000
  Number of final stage optimizations                          250
  Number of initial stage iterations                            20
  Initial stage convergence criterion                    0.100D+01
  Random starts scale                                    0.500D+01
  Random seed for generating random starts                     288
Link                                                         LOGIT

Input data file(s)
  GNDETHDtaC3.dat
Input data format  FREE


SUMMARY OF DATA

     Number of missing data patterns            27
     Number of y missing data patterns           0
     Number of u missing data patterns          27
     Number of strata                           75
     Number of clusters                        162


COVARIANCE COVERAGE OF DATA

Minimum covariance coverage value   0.100


     PROPORTION OF DATA PRESENT FOR U


           Covariance Coverage
              GND1          GND2          GND3          GND4          GND5
              ________      ________      ________      ________      ________
 GND1           1.000
 GND2           0.998         0.998
 GND3           0.995         0.993         0.995
 GND4           0.992         0.991         0.989         0.992
 GND5           0.996         0.995         0.992         0.990         0.997
 GND6           0.993         0.992         0.990         0.988         0.992
 ETH1           0.990         0.989         0.986         0.983         0.988
 ETH2           0.991         0.990         0.987         0.984         0.988
 ETH3           0.990         0.988         0.985         0.983         0.987
 ETH4           0.989         0.987         0.985         0.982         0.986
 ETH5           0.991         0.990         0.987         0.984         0.988


           Covariance Coverage
              GND6          ETH1          ETH2          ETH3          ETH4
              ________      ________      ________      ________      ________
 GND6           0.994
 ETH1           0.985         0.990
 ETH2           0.986         0.989         0.991
 ETH3           0.985         0.988         0.989         0.990
 ETH4           0.984         0.987         0.988         0.987         0.989
 ETH5           0.986         0.989         0.990         0.988         0.987


           Covariance Coverage
              ETH5
              ________
 ETH5           0.991


UNIVARIATE PROPORTIONS AND COUNTS FOR CATEGORICAL VARIABLES

    GND1
      Category 1    0.991         2891.320
      Category 2    0.009           25.915
    GND2
      Category 1    0.961         2798.967
      Category 2    0.039          114.619
    GND3
      Category 1    0.934         2712.831
      Category 2    0.066          192.262
    GND4
      Category 1    0.877         2541.869
      Category 2    0.123          356.316
    GND5
      Category 1    0.951         2766.427
      Category 2    0.049          142.333
    GND6
      Category 1    0.843         2442.833
      Category 2    0.157          454.311
    ETH1
      Category 1    0.966         2789.093
      Category 2    0.034           97.399
    ETH2
      Category 1    0.958         2770.784
      Category 2    0.042          122.570
    ETH3
      Category 1    0.927         2677.191
      Category 2    0.073          211.194
    ETH4
      Category 1    0.644         1858.574
      Category 2    0.356         1025.670
    ETH5
      Category 1    0.927         2679.952
      Category 2    0.073          210.531


RANDOM STARTS RESULTS RANKED FROM THE BEST TO THE WORST LOGLIKELIHOOD VALUES

Final stage loglikelihood values at local maxima, seeds, and initial stage start numbers:

           -8566.478  255481           751
           -8566.478  729705           501
           -8566.478  158964           251
           -8566.478  761649           512
           -8566.478  480214           256
           -8566.478  16924            513
           -8566.478  998022           514
           -8566.478  18598            257
           -8566.478  564698           515
           -8566.478  776360           516
           -8566.478  148293           258
           -8566.478  440588           517
           -8566.478  825343           518
           -8566.478  563703           259
           -8566.478  139726           519
           -8566.478  690502           520
           -8566.478  949814           260
           -8566.478  642399           521
           -8566.478  72800            522
           -8566.478  424344           261
           -8566.478  212295           523
           -8566.478  328337           524
           -8566.478  568707           262
           -8566.478  21190            525
           -8566.478  237882           526
           -8566.478  256261           263
           -8566.478  298512           527
           -8566.478  723752           528
           -8566.478  369771           264
           -8566.478  41136            529
           -8566.478  384138           530
           -8566.478  683344           265
           -8566.478  26859            531
           -8566.478  838073           532
           -8566.478  499903           266
           -8566.478  289713           533
           -8566.478  75864            534
           -8566.478  83824            267
           -8566.478  712313           535
           -8566.478  798276           536
           -8566.478  372786           268
           -8566.478  449914           537
           -8566.478  746499           538
           -8566.478  755225           269
           -8566.478  442141           539
           -8566.478  102664           540
           -8566.478  508005           270
           -8566.478  850201           541
           -8566.478  332221           542
           -8566.478  655232           271
           -8566.478  124010           543
           -8566.478  648136           544
           -8566.478  941180           272
           -8566.478  985923           545
           -8566.478  488184           546
           -8566.478  385729           273
           -8566.478  637758           547
           -8566.478  986007           548
           -8566.478  863129           274
           -8566.478  509856           549
           -8566.478  702720           550
           -8566.478  811896           275
           -8566.478  732345           551
           -8566.478  214082           552
           -8566.478  566609           276
           -8566.478  55657            553
           -8566.478  141596           554
           -8566.478  626683           277
           -8566.478  835969           555
           -8566.478  699749           556
           -8566.478  183675           278
           -8566.478  453466           557
           -8566.478  18935            558
           -8566.478  619016           279
           -8566.478  217522           559
           -8566.478  912118           560
           -8566.478  163252           280
           -8566.478  95624            561
           -8566.478  607682           562
           -8566.478  926166           281
           -8566.478  999536           563
           -8566.478  438247           564
           -8566.478  782833           282
           -8566.478  947186           565
           -8566.478  756060           566
           -8566.478  519601           283
           -8566.478  566415           567
           -8566.478  812961           568
           -8566.478  16555            284
           -8566.478  551927           569
           -8566.478  379997           570
           -8566.478  634855           285
           -8566.478  149951           571
           -8566.478  499068           572
           -8566.478  74848            286
           -8566.478  988355           287
           -8566.478  73135            288
           -8566.478  571411           289
           -8566.478  126060           290
           -8566.478  741061           291
           -8566.478  819229           292
           -8566.478  438785           293
           -8566.478  819256           294
           -8566.478  967159           295
           -8566.478  538895           296
           -8566.478  691572           297
           -8566.478  250285           298
           -8566.478  792123           299
           -8566.478  125480           300
           -8566.478  749139           301
           -8566.478  499805           302
           -8566.478  624641           303
           -8566.478  646105           304
           -8566.478  799031           305
           -8566.478  315906           306
           -8566.478  533600           307
           -8566.478  829106           308
           -8566.478  730821           309
           -8566.478  173363           310
           -8566.478  230316           311
           -8566.478  800324           312
           -8566.478  295469           313
           -8566.478  692037           314
           -8566.478  270775           315
           -8566.478  496516           316
           -8566.478  589343           317
           -8566.478  918761           752
           -8566.478  611976           753
           -8566.478  122886           754
           -8566.478  881525           755
           -8566.478  821515           756
           -8566.478  566431           757
           -8566.478  674140           758
           -8566.478  14811            759
           -8566.478  546573           760
           -8566.478  823689           761
           -8566.478  620988           762
           -8566.478  247529           763
           -8566.478  681430           764
           -8566.478  253296           765
           -8566.478  755901           766
           -8566.478  981654           767
           -8566.478  552185           768
           -8566.478  333225           769
           -8566.478  562941           770
           -8566.478  589517           771
           -8566.478  678354           772
           -8566.478  695057           773
           -8566.478  846815           774
           -8566.478  8288             775
           -8566.478  441498           776
           -8566.478  468128           777
           -8566.478  798349           778
           -8566.478  550795           779
           -8566.478  29396            780
           -8566.478  632977           781
           -8566.478  601889           782
           -8566.478  649711           783
           -8566.478  761359           784
           -8566.478  227359           785
           -8566.478  264995           786
           -8566.478  757210           787
           -8566.478  866003           788
           -8566.478  289707           789
           -8566.478  100746           790
           -8566.478  125680           791
           -8566.478  425585           792
           -8566.478  821522           793
           -8566.478  547800           794
           -8566.478  58768            795
           -8566.478  293837           796
           -8566.478  282015           797
           -8566.478  321542           798
           -8566.478  223897           799
           -8566.478  95515            800
           -8566.478  527001           801
           -8566.478  532887           942
           -8566.478  520022           950
           -8566.478  116127           954
           -8566.478  619259           958
           -8566.478  155404           966
           -8566.478  269627           970
           -8566.478  657384           974
           -8566.478  807691           982
           -8566.478  544679           986
           -8566.478  805589           990
           -8566.478  395024           998
           -8566.478  514978           7
           -8566.478  267441           127
           -8566.478  829916           15
           -8566.478  703404           63
           -8566.478  208289           31
           -8566.478  unperturbed      0
           -8566.478  730563           128
           -8566.478  609201           3
           -8566.478  719428           129
           -8566.478  38078            64
           -8566.478  794864           130
           -8566.478  555689           32
           -8566.478  742602           131
           -8566.478  587107           65
           -8566.478  943264           132
           -8566.478  106293           133
           -8566.478  654184           66
           -8566.478  536337           134
           -8566.478  365939           33
           -8566.478  257000           135
           -8566.478  15050            67
           -8566.478  615751           16
           -8566.478  363526           136
           -8566.478  319498           137
           -8566.478  977786           68
           -8566.478  462004           138
           -8566.478  901673           34
           -8566.478  710841           139
           -8566.478  425103           69
           -8566.478  965671           140
           -8566.478  993659           141
           -8566.478  412035           70
           -8566.478  667357           142
           -8566.478  3314             35
           -8566.478  699343           143
           -8566.478  775133           71
           -8566.478  578065           8
           -8566.478  256224           144
           -8566.478  867952           17
           -8566.478  328890           145
           -8566.478  90128            72
           -8566.478  701157           146
           -8566.478  47928            36
           -8566.478  767001           147
           -8566.478  241342           73
           -8566.478  112959           148
           -8566.478  545226           149
           -8566.478  960487           74
           -8566.478  751299           150
           -8566.478  316890           37
           -8566.478  739223           151
           -8566.478  219014           75
           -8566.478  722666           152
           -8566.478  339904           18
           -8566.478  107578           153
           -8566.478  613990           76
           -8566.478  353096           154
           -8566.478  126667           38
           -8566.478  572149           155
           -8566.478  341151           77
           -8566.478  509819           156
           -8566.478  104144           78
           -8566.478  704750           1



THE MODEL ESTIMATION TERMINATED NORMALLY



MODEL FIT INFORMATION

Number of Free Parameters                       11

Loglikelihood

          H0 Value                       -8566.478
          H0 Scaling Correction Factor      1.4432
            for MLR

Information Criteria

          Akaike (AIC)                   17154.957
          Bayesian (BIC)                 17220.722
          Sample-Size Adjusted BIC       17185.771
            (n* = (n + 2) / 24)

Chi-Square Test of Model Fit for the Binary and Ordered Categorical
(Ordinal) Outcomes**

          Pearson Chi-Square

          Value                           2301.594
          Degrees of Freedom                  1980
          P-Value                           0.0000

          Likelihood Ratio Chi-Square

          Value                            755.321
          Degrees of Freedom                  1980
          P-Value                           1.0000

** Of the 18136 cells in the latent class indicator table, 56
   were deleted in the calculation of chi-square due to extreme values.

Chi-Square Test for MCAR under the Unrestricted Latent Class Indicator Model

          Pearson Chi-Square

          Value                           2728.755
          Degrees of Freedom                 16062
          P-Value                           1.0000

          Likelihood Ratio Chi-Square

          Value                           2306.963
          Degrees of Freedom                 16062
          P-Value                           1.0000



FINAL CLASS COUNTS AND PROPORTIONS FOR THE LATENT CLASSES
BASED ON THE ESTIMATED MODEL

    Latent
   Classes

       1       2918.00000          1.00000


FINAL CLASS COUNTS AND PROPORTIONS FOR THE LATENT CLASSES
BASED ON ESTIMATED POSTERIOR PROBABILITIES

    Latent
   Classes

       1       2918.00000          1.00000


FINAL CLASS COUNTS AND PROPORTIONS FOR THE LATENT CLASSES
BASED ON THEIR MOST LIKELY LATENT CLASS MEMBERSHIP

Class Counts and Proportions

    Latent
   Classes

       1             2918          1.00000


Average Latent Class Probabilities for Most Likely Latent Class Membership (Row)
by Latent Class (Column)

           1

    1   1.000


Classification Probabilities for the Most Likely Latent Class Membership (Column)
by Latent Class (Row)

           1

    1   1.000


Logits for the Classification Probabilities for the Most Likely Latent Class Membership (Column)
by Latent Class (Row)

              1

    1      0.000


MODEL RESULTS

                                                    Two-Tailed
                    Estimate       S.E.  Est./S.E.    P-Value

Latent Class 1

 Thresholds
    GND1$1             4.715      0.190     24.787      0.000
    GND2$1             3.195      0.135     23.708      0.000
    GND3$1             2.647      0.101     26.193      0.000
    GND4$1             1.965      0.072     27.451      0.000
    GND5$1             2.967      0.087     34.021      0.000
    GND6$1             1.682      0.066     25.472      0.000
    ETH1$1             3.355      0.108     31.012      0.000
    ETH2$1             3.118      0.112     27.765      0.000
    ETH3$1             2.540      0.080     31.553      0.000
    ETH4$1             0.594      0.047     12.621      0.000
    ETH5$1             2.544      0.087     29.074      0.000


RESULTS IN PROBABILITY SCALE

Latent Class 1

 GND1
    Category 1         0.991      0.002    591.831      0.000
    Category 2         0.009      0.002      5.305      0.000
 GND2
    Category 1         0.961      0.005    188.601      0.000
    Category 2         0.039      0.005      7.723      0.000
 GND3
    Category 1         0.934      0.006    149.525      0.000
    Category 2         0.066      0.006     10.597      0.000
 GND4
    Category 1         0.877      0.008    113.637      0.000
    Category 2         0.123      0.008     15.930      0.000
 GND5
    Category 1         0.951      0.004    234.321      0.000
    Category 2         0.049      0.004     12.056      0.000
 GND6
    Category 1         0.843      0.009     96.566      0.000
    Category 2         0.157      0.009     17.959      0.000
 ETH1
    Category 1         0.966      0.004    273.966      0.000
    Category 2         0.034      0.004      9.567      0.000
 ETH2
    Category 1         0.958      0.005    210.188      0.000
    Category 2         0.042      0.005      9.298      0.000
 ETH3
    Category 1         0.927      0.005    169.914      0.000
    Category 2         0.073      0.005     13.404      0.000
 ETH4
    Category 1         0.644      0.011     59.702      0.000
    Category 2         0.356      0.011     32.947      0.000
 ETH5
    Category 1         0.927      0.006    156.913      0.000
    Category 2         0.073      0.006     12.327      0.000


QUALITY OF NUMERICAL RESULTS

     Condition Number for the Information Matrix              0.389E-01
       (ratio of smallest to largest eigenvalue)


MODEL COMMAND WITH FINAL ESTIMATES USED AS STARTING VALUES

     %OVERALL%

     %C#1%

     [ gnd1$1*4.71463 ];
     [ gnd2$1*3.19539 ];
     [ gnd3$1*2.64689 ];
     [ gnd4$1*1.96484 ];
     [ gnd5$1*2.96714 ];
     [ gnd6$1*1.68213 ];
     [ eth1$1*3.35465 ];
     [ eth2$1*3.11820 ];
     [ eth3$1*2.53975 ];
     [ eth4$1*0.59446 ];
     [ eth5$1*2.54392 ];



TECHNICAL 10 OUTPUT


     MODEL FIT INFORMATION FOR THE LATENT CLASS INDICATOR MODEL PART


     RESPONSE PATTERNS

     No.  Pattern        No.  Pattern        No.  Pattern
       1  00000000000      2  00000000001      3  00000000010
       4  00000000011      5  00000000100      6  00000000101
       7  00000000110      8  00000000111      9  00000001000
      10  00000001001     11  00000001010     12  00000001011
      13  00000001100     14  00000001110     15  00000001111
      16  00000010000     17  00000010001     18  00000010010
      19  00000010011     20  00000010100     21  00000010110
      22  00000010111     23  00000011000     24  00000011010
      25  00000011011     26  00000011100     27  00000011101
      28  00000011110     29  00000011111     30  00000100000
      31  00000100001     32  00000100010     33  00000100011
      34  00000100100     35  00000100110     36  00000101000
      37  00000101001     38  00000101010     39  00000101110
      40  00000101111     41  00000110010     42  00000110100
      43  00000110110     44  00000111010     45  00000111101
      46  00000111110     47  00000111111     48  00001000000
      49  00001000001     50  00001000010     51  00001000011
      52  00001000100     53  00001000101     54  00001000110
      55  00001001000     56  00001010110     57  00001011010
      58  00001100000     59  00001100001     60  00001100010
      61  00001100110     62  00001100111     63  00001101000
      64  00001101010     65  00001110000     66  00010000000
      67  00010000001     68  00010000010     69  00010000011
      70  00010000100     71  00010000110     72  00010000111
      73  00010001010     74  00010010001     75  00010010010
      76  00010010011     77  00010011010     78  00010011011
      79  00010100000     80  00010100001     81  00010100010
      82  00010100011     83  00010100100     84  00010100101
      85  00010100110     86  00010100111     87  00010101001
      88  00010101010     89  00010101011     90  00010110010
      91  00010111111     92  00011000000     93  00011000001
      94  00011000010     95  00011000011     96  00011000110
      97  00011000111     98  00011001001     99  00011001010
     100  00011100000    101  00011100001    102  00011100010
     103  00011100100    104  00011100110    105  00011101001
     106  00011110100    107  00011111111    108  00100000000
     109  00100000001    110  00100000010    111  00100000011
     112  00100000100    113  00100000110    114  00100000111
     115  00100100000    116  00100100001    117  00100100010
     118  00100101001    119  00100101010    120  00100110010
     121  00100111000    122  00100111110    123  00101000000
     124  00101100000    125  00101101011    126  00110000000
     127  00110000001    128  00110000010    129  00110000011
     130  00110001000    131  00110001011    132  00110100000
     133  00110100001    134  00110100010    135  00110100011
     136  00110100100    137  00110100110    138  00110101000
     139  00110101011    140  00110101100    141  00110110010
     142  00111000001    143  00111000010    144  00111011010
     145  00111100000    146  00111100001    147  00111100011
     148  01000000000    149  01000000001    150  01000000010
     151  01000000011    152  01000000100    153  01000000110
     154  01000001010    155  01000001011    156  01000010011
     157  01000011110    158  01000100000    159  01000100010
     160  01000111111    161  01001000000    162  01001000011
     163  01001001010    164  01001010010    165  01001100000
     166  01010000000    167  01010000001    168  01010000010
     169  01010000100    170  01010001001    171  01010100000
     172  01010100011    173  01010101000    174  01010101010
     175  01010110000    176  01011000000    177  01011111000
     178  01011111011    179  01100100010    180  01110000001
     181  01110001010    182  01110100000    183  01110100010
     184  01110100011    185  01110101100    186  01111011001
     187  01111100000    188  01111110010    189  10000000010
     190  10000001011    191  10000001100    192  10000110010
     193  10010001101    194  10010100000    195  10010111111
     196  10100100000    197  10110100010    198  11001011101
     199  11001011111    200  11010001110    201  11010010111
     202  11010100000    203  11010100001    204  11011000110
     205  11011100000    206  11011100110    207  11100100010
     208  11110100111    209  11111100101    210  11111101111
     211  11111111111    212  00*00000000    213  00*00000010
     214  00*00011110    215  00*00100010    216  00*00100100
     217  00*10000000    218  00*11000000    219  000*0000000
     220  000*0000010    221  000*0100000    222  000*1010111
     223  001*0100010    224  010*0000011    225  010*0010110
     226  000000000*0    227  000001000*1    228  000010000*0
     229  00000*00000    230  00001*00110    231  00010*00000
     232  00010*00100    233  00010*00101    234  00110*00000
     235  01001*00000    236  000000*0000    237  000000*0010
     238  000010*1111    239  110010*0110    240  00000000**0
     241  00000000*00    242  00000000*10    243  00111100*10
     244  000000*****    245  000001*****    246  001010*****
     247  010001*****    248  100010*****    249  0000001*011
     250  0010100*011    251  0000**00000    252  0000000001*
     253  0000010000*    254  0001010000*    255  1101000000*
     256  000000*00*0    257  *0000000100    258  01****00000
     259  0000*0*01*0    260  01000*0*010    261  0000*000001
     262  0000*000010    263  0000*100000    264  0001*100000
     265  0**00000000    266  00*00******    267  000000**011
     268  0*000100000    269  0*100000010    270  0*101011111
     271  0*110011111    272  00**1*000*0    273  00**0000000
     274  000*0*00010    275  000000****1    276  000********



     RESPONSE PATTERN FREQUENCIES AND CHI-SQUARE CONTRIBUTIONS

    Response          Frequency     Standardized  Chi-square Contribution
     Pattern    Observed  Estimated   Residual    Pearson   Loglikelihood  Deleted
                                     (z-score)
         1      1238.22     901.46      11.77      99.92       180.42
         2        18.04      70.82      -6.17      39.33       -48.73
         3       563.93     497.48       3.19       8.87       136.95
         4        50.81      39.08       1.83       3.52        26.38
         5        32.19      71.11      -4.54      21.30       -50.53
         6         3.92       5.59      -0.69       0.50        -2.95
         7        51.18      39.24       1.86       3.62        25.46
         8         1.91       3.08      -0.65       0.45        -1.91
         9         8.33      39.88      -4.88      24.95       -26.59
        10         0.67       3.13      -1.35       1.94        -2.09
        11        16.64      22.01      -1.11       1.29       -10.31
        12         5.04       1.73       2.44       6.33        10.68
        13         1.10       3.15      -1.12       1.33        -2.38
        14         4.92       1.74       2.35       5.84         9.96
        15         1.64       0.14       3.95      16.55         8.08
        16        11.87      31.48      -3.41      12.21       -23.79
        17         0.93       2.47      -0.95       0.96        -1.86
        18         8.20      17.37      -2.14       4.84       -12.76
        19         4.17       1.36       2.33       5.74        10.04
        20         0.93       2.48      -0.96       0.97        -1.86
        21         2.48       1.37       0.92       0.90         2.84
        22         1.27       0.11       3.45      12.62         6.24
        23         1.86       1.39       0.39       0.16         0.97
        24         5.16       0.77       4.86      25.09        19.34
        25         2.88       0.06       9.71      99.98        22.80
        26         1.77       0.11       4.87      25.15         9.75
        27         1.03       0.01       9.71     100.00         9.76      DELETED
        28         0.67       0.06       2.39       5.48         4.40
        29         7.97       0.00       9.71     100.00       117.93      DELETED
        30       127.52     167.65      -3.10       9.59       -66.71
        31         6.09      13.17      -1.90       3.75        -8.26
        32        50.25      92.52      -4.34      19.32       -61.14
        33         3.11       7.27      -1.50       2.35        -4.74
        34         7.57      13.23      -1.51       2.31        -6.67
        35         6.48       7.30      -0.30       0.09        -1.80
        36         0.85       7.42      -2.34       5.81        -3.73
        37         0.75       0.58       0.21       0.05         0.35
        38         2.05       4.09      -0.98       1.02        -2.92
        39         1.28       0.32       1.63       2.83         3.47
        40         0.83       0.03       4.89      25.36         5.73
        41         0.69       3.23      -1.37       2.00        -2.16
        42         0.51       0.46       0.07       0.01         0.09
        43         2.88       0.25       5.05      27.03        13.85
        44         0.57       0.14       1.11       1.30         1.57
        45         1.45       0.00       9.71     100.00        19.66      DELETED
        46         0.64       0.01       5.76      35.17         5.15
        47         1.62       0.00       9.71     100.00        24.24      DELETED
        48        27.85      46.38      -2.66       7.41       -28.28
        49         1.30       3.64      -1.19       1.50        -2.68
        50        15.27      25.60      -1.99       4.16       -15.74
        51         1.66       2.01      -0.24       0.06        -0.75
        52         0.75       3.66      -1.48       2.31        -2.42
        53         0.92       0.29       1.14       1.37         2.06
        54         2.38       2.02       0.24      -0.04         1.79
        55         1.46       2.05      -0.40       0.17        -1.09
        56         0.92       0.07       3.10      10.20         4.67
        57         0.73       0.04       3.38      12.15         4.22
        58         2.49       8.63      -2.03       4.36        -6.25
        59         2.31       0.68       1.93       3.94         5.51
        60         4.46       4.76      -0.13       0.02        -0.76
        61         0.35       0.38      -0.05      -0.01         0.08
        62         0.26       0.03       1.28       1.74         1.09
        63         1.69       0.38       2.05       4.47         4.90
        64         0.75       0.21       1.14       1.37         1.85
        65         0.35       0.30       0.08       0.01         0.07
        66        60.60     126.37      -5.81      34.23       -89.61
        67         2.87       9.93      -2.18       5.01        -7.33
        68        26.13      69.74      -5.13      27.25       -52.79
        69         2.56       5.48      -1.21       1.55        -4.08
        70         5.83       9.97      -1.27       1.71        -5.93
        71         0.35       5.50      -2.14       4.83        -1.94
        72         1.97       0.43       2.27       5.49         5.85
        73         0.95       3.08      -1.18       1.48        -2.31
        74         0.96       0.35       1.01       1.09         1.89
        75         0.82       2.44      -1.00       1.07        -1.85
        76         0.98       0.19       1.75       3.25         3.13
        77         3.39       0.11       9.71     100.00        23.15
        78         0.60       0.01       6.24      41.31         5.07
        79        35.39      23.50       2.39       5.98        31.18
        80         0.83       1.85      -0.73       0.56        -1.34
        81        11.18      12.97      -0.48       0.24        -4.09
        82         1.08       1.02       0.06       0.00         0.05
        83         8.78       1.85       4.94      25.85        27.79
        84         0.75       0.15       1.53       1.87         3.76
        85         5.47       1.02       4.26      19.30        17.93
        86         0.43       0.08       1.20       1.54         1.42
        87         0.96       0.08       2.99       9.48         4.67
        88         1.32       0.57       0.95       0.96         2.09
        89         1.37       0.05       6.06      38.94         9.25
        90         0.82       0.45       0.53       0.29         0.90
        91         0.93       0.00       9.71     100.00        16.51      DELETED
        92         4.77       6.50      -0.66       0.42        -2.10
        93         6.06       0.51       7.54      60.30        29.54
        94         2.98       3.59      -0.31       0.10        -1.23
        95         0.69       0.28       0.74       0.59         1.18
        96         1.13       0.28       1.54       2.52         3.04
        97         0.76       0.02       4.83      24.78         5.35
        98         0.92       0.02       5.82      35.99         6.79
        99         0.61       0.16       1.09       1.26         1.58
       100         2.37       1.21       1.03       1.12         3.18
       101         0.58       0.09       1.52       2.46         2.05
       102         0.73       0.67       0.08       0.01         0.11
       103         0.98       0.10       2.78       8.21         4.50
       104         1.43       0.05       5.84      36.18         9.36
       105         1.20       0.00       9.71     100.00        13.48      DELETED
       106         0.70       0.00       9.71     100.00         7.50      DELETED
       107         1.30       0.00       9.71     100.00        31.59      DELETED
       108        28.40      63.89      -4.36      19.68       -47.95
       109         1.92       5.02      -1.34       1.91        -3.83
       110        19.02      35.26      -2.67       7.44       -21.83
       111         0.79       2.77      -1.16       1.42        -2.04
       112         1.91       5.04      -1.35       1.94        -3.84
       113         2.01       2.78      -0.45       0.21        -1.46
       114         0.43       0.22       0.44       0.21         0.56
       115         8.90      11.88      -0.84       0.73        -5.78
       116         0.68       0.93      -0.25       0.07        -0.48
       117         2.11       6.56      -1.69       3.00        -4.37
       118         1.03       0.04       4.75      23.91         6.59
       119         0.78       0.29       0.89       0.83         1.49
       120         1.05       0.23       1.66       2.91         3.10
       121         1.34       0.02       9.47      95.31        11.41
       122         1.08       0.00       9.71     100.00        15.56      DELETED
       123         0.56       3.29      -1.46       2.19        -1.56
       124         0.93       0.61       0.39       0.17         0.74
       125         0.79       0.00       9.71     100.00        10.18      DELETED
       126         5.73       8.96      -1.05       1.16        -5.16
       127         1.92       0.70       1.41       2.10         3.71
       128         4.79       4.94      -0.07       0.00        -0.66
       129         0.79       0.39       0.62       0.41         1.05
       130         1.07       0.40       1.03       1.13         2.03
       131         0.57       0.02       4.13      18.10         3.99
       132        47.25       1.67       9.71      99.98       198.00
       133         0.83       0.13       1.87       3.70         2.99
       134         6.55       0.92       5.70      34.44        26.72
       135         3.01       0.07       9.71     100.00        22.21
       136         1.87       0.13       4.64      22.89         9.76
       137         0.43       0.07       1.30       1.78         1.51
       138         1.12       0.07       3.75      14.93         6.03
       139         0.63       0.00       9.71     100.00         6.65      DELETED
       140         0.43       0.01       5.43      31.25         3.69
       141         2.25       0.03       9.71     100.00        18.96
       142         0.57       0.04       2.74       7.98         3.13
       143         2.13       0.25       3.61      13.84         8.97
       144         0.72       0.00       9.71     100.00        10.78      DELETED
       145         3.15       0.09       9.71     100.00        22.57
       146         0.58       0.01       6.76      48.52         5.11
       147         3.54       0.00       9.71     100.00        48.37      DELETED
       148        17.72      36.92      -3.09       9.97       -26.62
       149         7.33       2.90       2.53       6.76        13.06
       150         6.11      20.37      -3.08       9.98       -14.22
       151         2.33       1.60       0.56       0.04         3.36
       152         0.57       2.91      -1.33       1.88        -1.91
       153         1.76       1.61       0.11       0.01         0.18
       154         0.56       0.90      -0.35       0.13        -0.49
       155         1.13       0.07       3.86      15.80         6.17
       156         1.02       0.06       3.98      16.78         5.88
       157         1.27       0.00       9.71     100.00        15.80      DELETED
       158         1.08       6.87      -2.15       4.84        -3.59
       159         2.53       3.79      -0.63       0.25        -0.75
       160         1.30       0.00       9.71      99.97        27.73      DELETED
       161         3.81       1.90       1.35       1.13         8.73
       162         1.12       0.08       3.52      13.14         5.78
       163         0.87       0.05       3.72      14.67         5.05
       164         0.96       0.04       4.69      23.37         6.22
       165         0.83       0.35       0.78       0.47         2.16
       166         7.75       5.17       1.10       1.28         5.98
       167         1.27       0.41       1.32       1.85         2.82
       168         1.43       2.86      -0.82       0.71        -2.08
       169         1.04       0.41       0.95       0.97         1.86
       170         1.30       0.02       9.29      91.69        11.06
       171         2.38       0.96       1.40       2.09         4.23
       172         3.78       0.04       9.71      99.99        33.76
       173         1.20       0.04       5.44      31.46         7.93
       174         0.99       0.02       6.13      39.93         7.35
       175         0.56       0.03       2.76       8.11         3.08
       176         0.56       0.27       0.54       0.31         0.80
       177         1.00       0.00       9.71     100.00        18.94      DELETED
       178         0.76       0.00       9.71     100.00        18.82      DELETED
       179         2.74       0.27       4.62      22.65        12.50
       180         0.71       0.03       3.88      16.01         4.48
       181         1.07       0.01       9.71     100.00        10.12      DELETED
       182         4.48       0.07       9.71     100.00        37.35
       183         1.48       0.04       7.19      54.94        10.72
       184         0.71       0.00       9.71     100.00         7.71      DELETED
       185         0.83       0.00       9.71     100.00        13.51      DELETED
       186         1.10       0.00       9.71     100.00        28.77      DELETED
       187         0.99       0.00       9.71     100.00        11.16      DELETED
       188         1.37       0.00       9.71     100.00        27.07      DELETED
       189         1.74       4.46      -1.25       1.66        -3.40
       190         0.83       0.02       6.34      42.62         6.53
       191         0.78       0.03       4.35      20.11         5.13
       192         0.26       0.03       1.29       1.78         1.10
       193         1.14       0.00       9.71     100.00        18.61      DELETED
       194         1.20       0.21       2.09       4.64         4.08
       195         0.75       0.00       9.71     100.00        20.12      DELETED
       196         1.20       0.11       3.25      11.23         5.72
       197         0.84       0.01       8.85      83.22         7.67      DELETED
       198         0.85       0.00       9.71     100.00        25.31      DELETED
       199         1.61       0.00       9.71     100.00        49.59      DELETED
       200         0.82       0.00       9.71     100.00        14.97      DELETED
       201         0.67       0.00       9.71     100.00        15.60      DELETED
       202         1.29       0.01       9.71     100.00        12.85      DELETED
       203         0.92       0.00       9.71     100.00        13.18      DELETED
       204         1.13       0.00       9.71     100.00        20.89      DELETED
       205         1.82       0.00       9.71     100.00        30.11      DELETED
       206         1.30       0.00       9.71     100.00        28.86      DELETED
       207         0.26       0.00       5.01      26.69         2.37
       208         0.67       0.00       9.71     100.00        16.85      DELETED
       209         1.07       0.00       9.71     100.00        32.21      DELETED
       210         0.71       0.00       9.71     100.00        20.70      DELETED
       211         0.67       0.00       9.71     100.00        19.41      DELETED
       212         1.33       2.71      -1.01      -0.67         0.70
       213         1.77       1.50       0.24       0.04         0.31
       214         1.02       0.00       9.71       0.00         6.62      DELETED
       215         1.05       0.28       1.44      -3.33        -1.32
       216         1.11       0.04       5.23     -20.60        -1.13
       217         1.07       0.38       1.11      -2.97        -1.54
       218         0.56       0.02       3.72      -5.26        -0.32
       219         5.66       5.09       0.31      -0.02         2.56
       220         3.29       2.81       0.31       0.03         0.23
       221         1.43       0.95       0.50      -0.21        -0.41
       222         0.67       0.00       9.71       0.00         6.16      DELETED
       223         1.04       0.04       5.08       5.97         0.48
       224         1.09       0.01       9.71      28.99         1.29      DELETED
       225         0.74       0.00       9.71       0.00         3.59      DELETED
       226         4.24       3.07       0.92       0.42         2.09
       227         1.04       0.04       4.59     -24.87        -1.47
       228         0.89       0.16       1.80      -3.25        -0.90
       229         3.93       4.32      -0.23      -0.41         1.88
       230         0.73       0.01       7.13      15.97         0.50      DELETED
       231         1.02       0.61       0.53      -0.73        -0.89
       232         0.97       0.05       4.11       4.20         0.47
       233         1.12       0.00       9.71       0.00         1.49      DELETED
       234         0.83       0.04       3.68      12.50         2.63
       235         2.77       0.01       9.71       0.00         6.50      DELETED
       236         2.77       1.76       0.90       0.50         1.58
       237         0.79       0.97      -0.20      -0.04         0.16
       238         0.92       0.00       9.71       0.00         8.83      DELETED
       239         0.83       0.00       9.71       0.00        11.56      DELETED
       240         1.04       0.56       0.92       0.24         0.45
       241         4.43       2.39       1.59       1.17         2.30
       242         1.43       1.32       0.10       0.01         0.37
       243         1.05       0.00       9.71       0.00         6.26      DELETED
       244        11.73      11.95      -0.10      -0.32         3.43
       245         3.59       2.22       0.95      -2.16        -2.91
       246         0.97       0.04       4.32     -25.60        -1.52
       247         1.12       0.09       3.33     -16.55        -1.77
       248         1.69       0.01       9.71       0.00         2.35      DELETED
       249         0.71       0.00       9.71       0.00         2.39      DELETED
       250         0.71       0.00       9.71       0.00         2.74      DELETED
       251         3.64       1.46       2.27       1.39         1.54
       252         3.89       1.30       2.46       1.26         1.03
       253         0.83       0.44       0.59      -0.41        -0.47
       254         1.20       0.06       4.48       7.51         0.93
       255         0.89       0.00       9.71       0.00         5.03      DELETED
       256         2.77       1.43       1.57       0.72         1.24
       257         0.76       0.02       5.25     -36.31        -1.21
       258         0.82       0.02       6.14     -13.98        -0.48
       259         1.00       0.04       4.58      -7.55        -0.56
       260         0.79       0.01       9.05     -13.90        -1.42      DELETED
       261         0.74       0.08       2.32     -19.34        -1.98
       262         0.79       0.56       0.33       0.05         0.15
       263         0.84       0.19       1.50      -1.22        -0.49
       264         0.64       0.03       3.67       5.59         0.58
       265         0.57       0.21       0.99       0.28         0.27
       266         0.83       0.66       0.45       0.01         0.07
       267         0.76       0.01       6.87      16.96         0.62
       268         0.72       0.24       0.99      -0.68        -0.42
       269         1.52       0.05       6.40     -38.83        -1.86
       270         0.82       0.00       9.71       0.00        14.06      DELETED
       271         0.78       0.00       9.71       0.00        12.69      DELETED
       272         1.11       0.04       5.22     -15.50        -0.93
       273         1.67       0.65       1.56       0.58         0.61
       274         1.52       0.36       2.13      -0.23        -0.11
       275         0.96       0.04       4.36      -5.77        -0.47
       276         0.78       0.69       0.30       0.00         0.02

     THE TOTAL PEARSON CHI-SQUARE CONTRIBUTION FROM EMPTY CELLS IS        89.43


     UNIVARIATE MODEL FIT INFORMATION

                               Estimated Probabilities
                                                  Standardized
     Variable              H1           H0          Residual
                                                   (z-score)
     GND1
       Category 1        0.991        0.991           0.001
       Category 2        0.009        0.009          -0.001
       Univariate Pearson Chi-Square                  0.000
       Univariate Log-Likelihood Chi-Square           0.000
     GND2
       Category 1        0.961        0.961          -0.024
       Category 2        0.039        0.039           0.024
       Univariate Pearson Chi-Square                  0.001
       Univariate Log-Likelihood Chi-Square           0.001
     GND3
       Category 1        0.934        0.934           0.023
       Category 2        0.066        0.066          -0.023
       Univariate Pearson Chi-Square                  0.001
       Univariate Log-Likelihood Chi-Square           0.001
     GND4
       Category 1        0.877        0.877          -0.032
       Category 2        0.123        0.123           0.032
       Univariate Pearson Chi-Square                  0.001
       Univariate Log-Likelihood Chi-Square           0.001
     GND5
       Category 1        0.951        0.951           0.000
       Category 2        0.049        0.049           0.000
       Univariate Pearson Chi-Square                  0.000
       Univariate Log-Likelihood Chi-Square           0.000
     GND6
       Category 1        0.843        0.843          -0.092
       Category 2        0.157        0.157           0.092
       Univariate Pearson Chi-Square                  0.009
       Univariate Log-Likelihood Chi-Square           0.009
     ETH1
       Category 1        0.966        0.966          -0.215
       Category 2        0.034        0.034           0.215
       Univariate Pearson Chi-Square                  0.049
       Univariate Log-Likelihood Chi-Square           0.049
     ETH2
       Category 1        0.957        0.958          -0.191
       Category 2        0.043        0.042           0.191
       Univariate Pearson Chi-Square                  0.039
       Univariate Log-Likelihood Chi-Square           0.039
     ETH3
       Category 1        0.926        0.927          -0.096
       Category 2        0.074        0.073           0.096
       Univariate Pearson Chi-Square                  0.010
       Univariate Log-Likelihood Chi-Square           0.010
     ETH4
       Category 1        0.644        0.644          -0.049
       Category 2        0.356        0.356           0.049
       Univariate Pearson Chi-Square                  0.003
       Univariate Log-Likelihood Chi-Square           0.003
     ETH5
       Category 1        0.927        0.927          -0.108
       Category 2        0.073        0.073           0.108
       Univariate Pearson Chi-Square                  0.012
       Univariate Log-Likelihood Chi-Square           0.012

       Overall Univariate Pearson Chi-Square                         0.124
       Overall Univariate Log-Likelihood Chi-Square                  0.124


     BIVARIATE MODEL FIT INFORMATION

                                              Estimated Probabilities
                                                                 Standardized
     Variable       Variable              H1           H0          Residual
                                                                  (z-score)
     GND1           GND2
       Category 1     Category 1        0.957        0.952           1.197
       Category 1     Category 2        0.034        0.039          -1.320
       Category 2     Category 1        0.004        0.009          -2.829
       Category 2     Category 2        0.005        0.000          13.918
       Bivariate Pearson Chi-Square                                215.842
       Bivariate Log-Likelihood Chi-Square                          68.132
     GND1           GND3
       Category 1     Category 1        0.927        0.926           0.275
       Category 1     Category 2        0.064        0.066          -0.291
       Category 2     Category 1        0.007        0.008          -0.732
       Category 2     Category 2        0.002        0.001           2.735
       Bivariate Pearson Chi-Square                                  8.588
       Bivariate Log-Likelihood Chi-Square                           5.712
     GND1           GND4
       Category 1     Category 1        0.873        0.869           0.645
       Category 1     Category 2        0.118        0.122          -0.665
       Category 2     Category 1        0.003        0.008          -2.594
       Category 2     Category 2        0.005        0.001           6.902
       Bivariate Pearson Chi-Square                                 58.076
       Bivariate Log-Likelihood Chi-Square                          35.058
     GND1           GND5
       Category 1     Category 1        0.946        0.943           0.804
       Category 1     Category 2        0.045        0.048          -0.870
       Category 2     Category 1        0.005        0.008          -2.044
       Category 2     Category 2        0.004        0.000           8.969
       Bivariate Pearson Chi-Square                                 90.575
       Bivariate Log-Likelihood Chi-Square                          37.033
     GND1           GND6
       Category 1     Category 1        0.838        0.836           0.340
       Category 1     Category 2        0.153        0.155          -0.347
       Category 2     Category 1        0.004        0.007          -1.851
       Category 2     Category 2        0.004        0.001           4.276
       Bivariate Pearson Chi-Square                                 23.124
       Bivariate Log-Likelihood Chi-Square                          16.583
     GND1           ETH1
       Category 1     Category 1        0.959        0.958           0.270
       Category 1     Category 2        0.032        0.033          -0.302
       Category 2     Category 1        0.007        0.009          -1.012
       Category 2     Category 2        0.002        0.000           5.385
       Bivariate Pearson Chi-Square                                 31.951
       Bivariate Log-Likelihood Chi-Square                          14.360
     GND1           ETH2
       Category 1     Category 1        0.951        0.949           0.471
       Category 1     Category 2        0.040        0.042          -0.516
       Category 2     Category 1        0.006        0.009          -1.548
       Category 2     Category 2        0.003        0.000           7.322
       Bivariate Pearson Chi-Square                                 59.691
       Bivariate Log-Likelihood Chi-Square                          25.198
     GND1           ETH3
       Category 1     Category 1        0.922        0.919           0.694
       Category 1     Category 2        0.069        0.072          -0.731
       Category 2     Category 1        0.004        0.008          -2.377
       Category 2     Category 2        0.005        0.001           8.425
       Bivariate Pearson Chi-Square                                 81.823
       Bivariate Log-Likelihood Chi-Square                          39.020
     GND1           ETH4
       Category 1     Category 1        0.640        0.639           0.127
       Category 1     Category 2        0.351        0.352          -0.127
       Category 2     Category 1        0.004        0.006          -1.119
       Category 2     Category 2        0.005        0.003           1.503
       Bivariate Pearson Chi-Square                                  3.729
       Bivariate Log-Likelihood Chi-Square                           3.548
     GND1           ETH5
       Category 1     Category 1        0.922        0.919           0.508
       Category 1     Category 2        0.070        0.072          -0.535
       Category 2     Category 1        0.005        0.008          -1.846
       Category 2     Category 2        0.004        0.001           6.556
       Bivariate Pearson Chi-Square                                 49.488
       Bivariate Log-Likelihood Chi-Square                          25.611
     GND2           GND3
       Category 1     Category 1        0.901        0.897           0.699
       Category 1     Category 2        0.059        0.064          -0.890
       Category 2     Category 1        0.033        0.037          -1.099
       Category 2     Category 2        0.007        0.003           4.148
       Bivariate Pearson Chi-Square                                 20.294
       Bivariate Log-Likelihood Chi-Square                          14.838
     GND2           GND4
       Category 1     Category 1        0.854        0.843           1.717
       Category 1     Category 2        0.106        0.118          -1.952
       Category 2     Category 1        0.022        0.035          -3.485
       Category 2     Category 2        0.017        0.005           9.234
       Bivariate Pearson Chi-Square                                106.598
       Bivariate Log-Likelihood Chi-Square                          72.558
     GND2           GND5
       Category 1     Category 1        0.921        0.914           1.309
       Category 1     Category 2        0.040        0.047          -1.759
       Category 2     Category 1        0.030        0.037          -1.937
       Category 2     Category 2        0.009        0.002           8.493
       Bivariate Pearson Chi-Square                                 83.547
       Bivariate Log-Likelihood Chi-Square                          47.504
     GND2           GND6
       Category 1     Category 1        0.817        0.810           0.900
       Category 1     Category 2        0.144        0.151          -1.000
       Category 2     Category 1        0.026        0.033          -2.160
       Category 2     Category 2        0.014        0.006           4.999
       Bivariate Pearson Chi-Square                                 32.218
       Bivariate Log-Likelihood Chi-Square                          25.805
     GND2           ETH1
       Category 1     Category 1        0.931        0.928           0.607
       Category 1     Category 2        0.029        0.032          -0.910
       Category 2     Category 1        0.034        0.038          -1.022
       Category 2     Category 2        0.005        0.001           5.496
       Bivariate Pearson Chi-Square                                 33.968
       Bivariate Log-Likelihood Chi-Square                          20.404
     GND2           ETH2
       Category 1     Category 1        0.924        0.920           0.763
       Category 1     Category 2        0.037        0.041          -1.072
       Category 2     Category 1        0.033        0.038          -1.290
       Category 2     Category 2        0.006        0.002           6.137
       Bivariate Pearson Chi-Square                                 42.833
       Bivariate Log-Likelihood Chi-Square                          25.991
     GND2           ETH3
       Category 1     Category 1        0.893        0.890           0.489
       Category 1     Category 2        0.067        0.070          -0.616
       Category 2     Category 1        0.033        0.036          -0.948
       Category 2     Category 2        0.006        0.003           3.405
       Bivariate Pearson Chi-Square                                 13.597
       Bivariate Log-Likelihood Chi-Square                          10.455
     GND2           ETH4
       Category 1     Category 1        0.621        0.619           0.202
       Category 1     Category 2        0.340        0.342          -0.217
       Category 2     Category 1        0.023        0.025          -0.774
       Category 2     Category 2        0.016        0.014           1.076
       Bivariate Pearson Chi-Square                                  1.881
       Bivariate Log-Likelihood Chi-Square                           1.837
     GND2           ETH5
       Category 1     Category 1        0.899        0.891           1.329
       Category 1     Category 2        0.062        0.070          -1.644
       Category 2     Category 1        0.028        0.036          -2.362
       Category 2     Category 2        0.011        0.003           8.371
       Bivariate Pearson Chi-Square                                 82.757
       Bivariate Log-Likelihood Chi-Square                          51.251
     GND3           GND4
       Category 1     Category 1        0.849        0.819           4.029
       Category 1     Category 2        0.085        0.115          -4.848
       Category 2     Category 1        0.028        0.058          -6.680
       Category 2     Category 2        0.038        0.008          17.322
       Bivariate Pearson Chi-Square                                385.781
       Bivariate Log-Likelihood Chi-Square                         248.372
     GND3           GND5
       Category 1     Category 1        0.893        0.888           0.766
       Category 1     Category 2        0.041        0.046          -1.129
       Category 2     Category 1        0.058        0.063          -0.994
       Category 2     Category 2        0.008        0.003           4.150
       Bivariate Pearson Chi-Square                                 20.568
       Bivariate Log-Likelihood Chi-Square                          15.478
     GND3           GND6
       Category 1     Category 1        0.815        0.787           3.493
       Category 1     Category 2        0.119        0.146          -4.027
       Category 2     Category 1        0.028        0.056          -6.373
       Category 2     Category 2        0.038        0.010          14.378
       Bivariate Pearson Chi-Square                                275.365
       Bivariate Log-Likelihood Chi-Square                         196.326
     GND3           ETH1
       Category 1     Category 1        0.903        0.902           0.193
       Category 1     Category 2        0.031        0.032          -0.296
       Category 2     Category 1        0.062        0.064          -0.393
       Category 2     Category 2        0.004        0.002           1.918
       Bivariate Pearson Chi-Square                                  4.143
       Bivariate Log-Likelihood Chi-Square                           3.410
     GND3           ETH2
       Category 1     Category 1        0.896        0.894           0.376
       Category 1     Category 2        0.037        0.040          -0.565
       Category 2     Category 1        0.060        0.063          -0.633
       Category 2     Category 2        0.006        0.003           2.810
       Bivariate Pearson Chi-Square                                  9.101
       Bivariate Log-Likelihood Chi-Square                           7.197
     GND3           ETH3
       Category 1     Category 1        0.865        0.866          -0.033
       Category 1     Category 2        0.069        0.068           0.068
       Category 2     Category 1        0.061        0.061          -0.057
       Category 2     Category 2        0.005        0.005           0.115
       Bivariate Pearson Chi-Square                                  0.022
       Bivariate Log-Likelihood Chi-Square                           0.022
     GND3           ETH4
       Category 1     Category 1        0.602        0.602           0.039
       Category 1     Category 2        0.332        0.332          -0.029
       Category 2     Category 1        0.042        0.043          -0.212
       Category 2     Category 2        0.024        0.024           0.244
       Bivariate Pearson Chi-Square                                  0.109
       Bivariate Log-Likelihood Chi-Square                           0.108
     GND3           ETH5
       Category 1     Category 1        0.870        0.866           0.602
       Category 1     Category 2        0.064        0.068          -0.793
       Category 2     Category 1        0.057        0.061          -0.973
       Category 2     Category 2        0.009        0.005           3.288
       Bivariate Pearson Chi-Square                                 13.037
       Bivariate Log-Likelihood Chi-Square                          10.660
     GND4           GND5
       Category 1     Category 1        0.846        0.834           1.668
       Category 1     Category 2        0.031        0.043          -3.114
       Category 2     Category 1        0.105        0.117          -1.931
       Category 2     Category 2        0.018        0.006           8.162
       Bivariate Pearson Chi-Square                                 84.136
       Bivariate Log-Likelihood Chi-Square                          60.577
     GND4           GND6
       Category 1     Category 1        0.784        0.740           5.338
       Category 1     Category 2        0.093        0.138          -6.833
       Category 2     Category 1        0.058        0.104          -7.795
       Category 2     Category 2        0.065        0.019          17.358
       Bivariate Pearson Chi-Square                                422.166
       Bivariate Log-Likelihood Chi-Square                         317.694
     GND4           ETH1
       Category 1     Category 1        0.850        0.847           0.349
       Category 1     Category 2        0.027        0.030          -0.803
       Category 2     Category 1        0.116        0.119          -0.508
       Category 2     Category 2        0.007        0.004           2.723
       Bivariate Pearson Chi-Square                                  8.762
       Bivariate Log-Likelihood Chi-Square                           7.260
     GND4           ETH2
       Category 1     Category 1        0.844        0.840           0.651
       Category 1     Category 2        0.032        0.037          -1.319
       Category 2     Category 1        0.112        0.118          -0.861
       Category 2     Category 2        0.011        0.005           4.001
       Bivariate Pearson Chi-Square                                 19.452
       Bivariate Log-Likelihood Chi-Square                          15.554
     GND4           ETH3
       Category 1     Category 1        0.820        0.813           0.930
       Category 1     Category 2        0.057        0.064          -1.524
       Category 2     Category 1        0.107        0.114          -1.220
       Category 2     Category 2        0.017        0.009           4.221
       Bivariate Pearson Chi-Square                                 22.621
       Bivariate Log-Likelihood Chi-Square                          18.962
     GND4           ETH4
       Category 1     Category 1        0.561        0.565          -0.409
       Category 1     Category 2        0.316        0.312           0.415
       Category 2     Category 1        0.083        0.079           0.665
       Category 2     Category 2        0.040        0.044          -0.826
       Bivariate Pearson Chi-Square                                  1.328
       Bivariate Log-Likelihood Chi-Square                           1.339
     GND4           ETH5
       Category 1     Category 1        0.824        0.813           1.425
       Category 1     Category 2        0.053        0.064          -2.314
       Category 2     Category 1        0.103        0.114          -1.836
       Category 2     Category 2        0.020        0.009           6.306
       Bivariate Pearson Chi-Square                                 50.736
       Bivariate Log-Likelihood Chi-Square                          40.014
     GND5           GND6
       Category 1     Category 1        0.808        0.802           0.865
       Category 1     Category 2        0.143        0.149          -0.967
       Category 2     Category 1        0.034        0.041          -1.901
       Category 2     Category 2        0.015        0.008           4.334
       Bivariate Pearson Chi-Square                                 24.473
       Bivariate Log-Likelihood Chi-Square                          20.411
     GND5           ETH1
       Category 1     Category 1        0.922        0.919           0.635
       Category 1     Category 2        0.029        0.032          -0.984
       Category 2     Category 1        0.043        0.047          -1.000
       Category 2     Category 2        0.006        0.002           5.229
       Bivariate Pearson Chi-Square                                 31.018
       Bivariate Log-Likelihood Chi-Square                          19.696
     GND5           ETH2
       Category 1     Category 1        0.915        0.911           0.821
       Category 1     Category 2        0.036        0.040          -1.190
       Category 2     Category 1        0.042        0.047          -1.290
       Category 2     Category 2        0.007        0.002           5.994
       Bivariate Pearson Chi-Square                                 41.260
       Bivariate Log-Likelihood Chi-Square                          26.245
     GND5           ETH3
       Category 1     Category 1        0.886        0.882           0.728
       Category 1     Category 2        0.065        0.070          -0.925
       Category 2     Category 1        0.040        0.045          -1.250
       Category 2     Category 2        0.009        0.004           4.359
       Bivariate Pearson Chi-Square                                 22.595
       Bivariate Log-Likelihood Chi-Square                          16.987
     GND5           ETH4
       Category 1     Category 1        0.616        0.613           0.372
       Category 1     Category 2        0.335        0.338          -0.383
       Category 2     Category 1        0.028        0.032          -1.172
       Category 2     Category 2        0.021        0.017           1.566
       Bivariate Pearson Chi-Square                                  4.130
       Bivariate Log-Likelihood Chi-Square                           4.020
     GND5           ETH5
       Category 1     Category 1        0.890        0.882           1.341
       Category 1     Category 2        0.061        0.069          -1.705
       Category 2     Category 1        0.037        0.045          -2.216
       Category 2     Category 2        0.012        0.004           7.738
       Bivariate Pearson Chi-Square                                 71.417
       Bivariate Log-Likelihood Chi-Square                          46.920
     GND6           ETH1
       Category 1     Category 1        0.817        0.815           0.268
       Category 1     Category 2        0.026        0.028          -0.828
       Category 2     Category 1        0.149        0.152          -0.399
       Category 2     Category 2        0.009        0.005           2.435
       Bivariate Pearson Chi-Square                                  7.125
       Bivariate Log-Likelihood Chi-Square                           6.129
     GND6           ETH2
       Category 1     Category 1        0.812        0.807           0.549
       Category 1     Category 2        0.031        0.036          -1.346
       Category 2     Category 1        0.145        0.150          -0.713
       Category 2     Category 2        0.012        0.007           3.551
       Bivariate Pearson Chi-Square                                 15.671
       Bivariate Log-Likelihood Chi-Square                          13.123
     GND6           ETH3
       Category 1     Category 1        0.789        0.782           1.005
       Category 1     Category 2        0.053        0.062          -1.866
       Category 2     Category 1        0.137        0.145          -1.249
       Category 2     Category 2        0.021        0.011           4.450
       Bivariate Pearson Chi-Square                                 25.899
       Bivariate Log-Likelihood Chi-Square                          22.118
     GND6           ETH4
       Category 1     Category 1        0.538        0.543          -0.511
       Category 1     Category 2        0.304        0.300           0.482
       Category 2     Category 1        0.105        0.101           0.766
       Category 2     Category 2        0.052        0.056          -0.860
       Bivariate Pearson Chi-Square                                  1.601
       Bivariate Log-Likelihood Chi-Square                           1.610
     GND6           ETH5
       Category 1     Category 1        0.787        0.782           0.620
       Category 1     Category 2        0.056        0.061          -1.207
       Category 2     Category 1        0.140        0.145          -0.807
       Category 2     Category 2        0.017        0.011           2.992
       Bivariate Pearson Chi-Square                                 11.526
       Bivariate Log-Likelihood Chi-Square                          10.254
     ETH1           ETH2
       Category 1     Category 1        0.940        0.925           2.828
       Category 1     Category 2        0.026        0.041          -3.948
       Category 2     Category 1        0.017        0.032          -4.422
       Category 2     Category 2        0.017        0.001          21.725
       Bivariate Pearson Chi-Square                                536.933
       Bivariate Log-Likelihood Chi-Square                         199.066
     ETH1           ETH3
       Category 1     Category 1        0.906        0.896           1.814
       Category 1     Category 2        0.059        0.071          -2.316
       Category 2     Category 1        0.020        0.031          -3.330
       Category 2     Category 2        0.014        0.002          12.467
       Bivariate Pearson Chi-Square                                181.663
       Bivariate Log-Likelihood Chi-Square                          96.237
     ETH1           ETH4
       Category 1     Category 1        0.634        0.623           1.271
       Category 1     Category 2        0.331        0.344          -1.379
       Category 2     Category 1        0.010        0.022          -4.384
       Category 2     Category 2        0.025        0.012           6.230
       Bivariate Pearson Chi-Square                                 62.636
       Bivariate Log-Likelihood Chi-Square                          58.253
     ETH1           ETH5
       Category 1     Category 1        0.906        0.896           1.699
       Category 1     Category 2        0.060        0.070          -2.180
       Category 2     Category 1        0.021        0.031          -3.142
       Category 2     Category 2        0.014        0.002          11.831
       Bivariate Pearson Chi-Square                                163.398
       Bivariate Log-Likelihood Chi-Square                          87.858
     ETH2           ETH3
       Category 1     Category 1        0.898        0.888           1.806
       Category 1     Category 2        0.058        0.070          -2.386
       Category 2     Category 1        0.028        0.039          -3.066
       Category 2     Category 2        0.015        0.003          11.410
       Bivariate Pearson Chi-Square                                153.384
       Bivariate Log-Likelihood Chi-Square                          87.420
     ETH2           ETH4
       Category 1     Category 1        0.631        0.617           1.497
       Category 1     Category 2        0.326        0.341          -1.617
       Category 2     Category 1        0.013        0.027          -4.610
       Category 2     Category 2        0.030        0.015           6.484
       Bivariate Pearson Chi-Square                                 68.650
       Bivariate Log-Likelihood Chi-Square                          64.019
     ETH2           ETH5
       Category 1     Category 1        0.901        0.888           2.193
       Category 1     Category 2        0.056        0.070          -2.867
       Category 2     Category 1        0.026        0.039          -3.706
       Category 2     Category 2        0.018        0.003          13.676
       Bivariate Pearson Chi-Square                                220.636
       Bivariate Log-Likelihood Chi-Square                         118.952
     ETH3           ETH4
       Category 1     Category 1        0.615        0.597           1.872
       Category 1     Category 2        0.312        0.330          -2.007
       Category 2     Category 1        0.029        0.047          -4.445
       Category 2     Category 2        0.044        0.026           6.075
       Bivariate Pearson Chi-Square                                 62.514
       Bivariate Log-Likelihood Chi-Square                          58.972
     ETH3           ETH5
       Category 1     Category 1        0.868        0.859           1.345
       Category 1     Category 2        0.058        0.068          -1.964
       Category 2     Category 1        0.058        0.068          -1.972
       Category 2     Category 2        0.015        0.005           7.156
       Bivariate Pearson Chi-Square                                 62.007
       Bivariate Log-Likelihood Chi-Square                          44.090
     ETH4           ETH5
       Category 1     Category 1        0.617        0.597           2.046
       Category 1     Category 2        0.027        0.047          -4.855
       Category 2     Category 1        0.310        0.330          -2.194
       Category 2     Category 2        0.046        0.026           6.641
       Bivariate Pearson Chi-Square                                 74.677
       Bivariate Log-Likelihood Chi-Square                          70.335

       Overall Bivariate Pearson Chi-Square                       4201.118
       Overall Bivariate Log-Likelihood Chi-Square                2556.586


SAVEDATA INFORMATION


  Save file
    Prob_BFL_GNDETHlca_C3cl1.dat

  Order and format of variables

    GND1           F10.3
    GND2           F10.3
    GND3           F10.3
    GND4           F10.3
    GND5           F10.3
    GND6           F10.3
    ETH1           F10.3
    ETH2           F10.3
    ETH3           F10.3
    ETH4           F10.3
    ETH5           F10.3
    CPROB1         F10.3
    C              F10.3
    WS             F10.3
    IDSTUD         I9
    ID_S           I4
    ID_J           I4

  Save file format
    14F10.3 I9 2I4

  Save file record length    10000

  Save missing symbol        *


     Beginning Time:  22:12:44
        Ending Time:  22:12:46
       Elapsed Time:  00:00:02



MUTHEN & MUTHEN
3463 Stoner Ave.
Los Angeles, CA  90066

Tel: (310) 391-9971
Fax: (310) 391-8971
Web: www.StatModel.com
Support: Support@StatModel.com

Copyright (c) 1998-2020 Muthen & Muthen
