Mplus VERSION 8.5 (Mac)
MUTHEN & MUTHEN
04/07/2021  10:12 PM

INPUT INSTRUCTIONS

  TITLE: BFLGNDETH LCA - C3 with 4 classes;
  DATA:
  FILE = GNDETHDtaC3.dat;

  VARIABLE:
  NAMES = id_i
  id_j
  id_r
  id_s
  id_k
  wt
  ws
  GND1
  GND2
  GND3
  GND4
  GND5
  GND6
  ETH1
  ETH2
  ETH3
  ETH4
  ETH5
  IDSTUD;
  IDVARIABLE = IDSTUD;
  USEVARIABLES = GND1
  GND2
  GND3
  GND4
  GND5
  GND6
  ETH1
  ETH2
  ETH3
  ETH4
  ETH5;
  USEOBSERVATIONS ARE id_k EQ 1;
  CATEGORICAL = GND1
  GND2
  GND3
  GND4
  GND5
  GND6
  ETH1
  ETH2
  ETH3
  ETH4
  ETH5;
  MISSING = .;
  CLASSES = c(4);
  WEIGHT = ws;
  STRATIFICATION = id_s;
  CLUSTER = id_j;

  ANALYSIS:
  TYPE = COMPLEX MIXTURE;
  PROCESSORS = 4;
  STARTS = 1000 250;
  STITERATIONS = 20;
  STSEED = 288;

  MODEL:
  %OVERALL%

  OUTPUT:
  TECH10
  TECH11
  SVALUES
  ;

  SAVEDATA:
  FILE = Prob_BFL_GNDETHlca_C3cl4.dat;
  SAVE = CPROBABILITIES;



*** WARNING in VARIABLE command
  When a subpopulation is analyzed with TYPE=COMPLEX, standard errors
  may be incorrect.  Use the SUBPOPULATION option instead of the
  USEOBSERVATIONS option to obtain correct standard errors.
*** WARNING
  Data set contains cases with missing on all variables.
  These cases were not included in the analysis.
  Number of cases with missing on all variables:  13
   2 WARNING(S) FOUND IN THE INPUT INSTRUCTIONS



BFLGNDETH LCA - C3 with 4 classes;

SUMMARY OF ANALYSIS

Number of groups                                                 1
Number of observations                                        2918

Number of dependent variables                                   11
Number of independent variables                                  0
Number of continuous latent variables                            0
Number of categorical latent variables                           1

Observed dependent variables

  Binary and ordered categorical (ordinal)
   GND1        GND2        GND3        GND4        GND5        GND6
   ETH1        ETH2        ETH3        ETH4        ETH5

Categorical latent variables
   C

Variables with special functions

  Stratification        ID_S
  Cluster variable      ID_J
  Weight variable       WS
  ID variable           IDSTUD

Estimator                                                      MLR
Information matrix                                        OBSERVED
Optimization Specifications for the Quasi-Newton Algorithm for
Continuous Outcomes
  Maximum number of iterations                                 100
  Convergence criterion                                  0.100D-05
Optimization Specifications for the EM Algorithm
  Maximum number of iterations                                 500
  Convergence criteria
    Loglikelihood change                                 0.100D-06
    Relative loglikelihood change                        0.100D-06
    Derivative                                           0.100D-05
Optimization Specifications for the M step of the EM Algorithm for
Categorical Latent variables
  Number of M step iterations                                    1
  M step convergence criterion                           0.100D-05
  Basis for M step termination                           ITERATION
Optimization Specifications for the M step of the EM Algorithm for
Censored, Binary or Ordered Categorical (Ordinal), Unordered
Categorical (Nominal) and Count Outcomes
  Number of M step iterations                                    1
  M step convergence criterion                           0.100D-05
  Basis for M step termination                           ITERATION
  Maximum value for logit thresholds                            15
  Minimum value for logit thresholds                           -15
  Minimum expected cell size for chi-square              0.100D-01
Maximum number of iterations for H1                           2000
Convergence criterion for H1                             0.100D-03
Optimization algorithm                                         EMA
Random Starts Specifications
  Number of initial stage random starts                       1000
  Number of final stage optimizations                          250
  Number of initial stage iterations                            20
  Initial stage convergence criterion                    0.100D+01
  Random starts scale                                    0.500D+01
  Random seed for generating random starts                     288
Link                                                         LOGIT

Input data file(s)
  GNDETHDtaC3.dat
Input data format  FREE


SUMMARY OF DATA

     Number of missing data patterns            27
     Number of y missing data patterns           0
     Number of u missing data patterns          27
     Number of strata                           75
     Number of clusters                        162


COVARIANCE COVERAGE OF DATA

Minimum covariance coverage value   0.100


     PROPORTION OF DATA PRESENT FOR U


           Covariance Coverage
              GND1          GND2          GND3          GND4          GND5
              ________      ________      ________      ________      ________
 GND1           1.000
 GND2           0.998         0.998
 GND3           0.995         0.993         0.995
 GND4           0.992         0.991         0.989         0.992
 GND5           0.996         0.995         0.992         0.990         0.997
 GND6           0.993         0.992         0.990         0.988         0.992
 ETH1           0.990         0.989         0.986         0.983         0.988
 ETH2           0.991         0.990         0.987         0.984         0.988
 ETH3           0.990         0.988         0.985         0.983         0.987
 ETH4           0.989         0.987         0.985         0.982         0.986
 ETH5           0.991         0.990         0.987         0.984         0.988


           Covariance Coverage
              GND6          ETH1          ETH2          ETH3          ETH4
              ________      ________      ________      ________      ________
 GND6           0.994
 ETH1           0.985         0.990
 ETH2           0.986         0.989         0.991
 ETH3           0.985         0.988         0.989         0.990
 ETH4           0.984         0.987         0.988         0.987         0.989
 ETH5           0.986         0.989         0.990         0.988         0.987


           Covariance Coverage
              ETH5
              ________
 ETH5           0.991


UNIVARIATE PROPORTIONS AND COUNTS FOR CATEGORICAL VARIABLES

    GND1
      Category 1    0.991         2891.320
      Category 2    0.009           25.915
    GND2
      Category 1    0.961         2798.967
      Category 2    0.039          114.619
    GND3
      Category 1    0.934         2712.831
      Category 2    0.066          192.262
    GND4
      Category 1    0.877         2541.869
      Category 2    0.123          356.316
    GND5
      Category 1    0.951         2766.427
      Category 2    0.049          142.333
    GND6
      Category 1    0.843         2442.833
      Category 2    0.157          454.311
    ETH1
      Category 1    0.966         2789.093
      Category 2    0.034           97.399
    ETH2
      Category 1    0.958         2770.784
      Category 2    0.042          122.570
    ETH3
      Category 1    0.927         2677.191
      Category 2    0.073          211.194
    ETH4
      Category 1    0.644         1858.574
      Category 2    0.356         1025.670
    ETH5
      Category 1    0.927         2679.952
      Category 2    0.073          210.531


RANDOM STARTS RESULTS RANKED FROM THE BEST TO THE WORST LOGLIKELIHOOD VALUES

Final stage loglikelihood values at local maxima, seeds, and initial stage start numbers:

           -7787.735  458910           697
           -7787.735  834166           930
           -7787.735  856808           157
           -7787.735  601889           782
           -7787.735  54334            852
           -7787.735  601798           881
           -7787.735  462004           138
           -7787.735  901188           847
           -7787.735  488184           546
           -7787.735  704750           1
           -7787.735  542138           924
           -7787.735  719428           129
           -7787.735  812961           568
           -7787.735  396104           352
           -7787.735  270280           838
           -7787.735  883238           52
           -7787.735  568707           262
           -7787.735  107224           444
           -7787.735  397629           873
           -7787.735  795921           967
           -7787.735  45433            720
           -7787.735  973788           188
           -7787.735  863918           833
           -7787.735  59116            680
           -7787.735  184270           234
           -7787.735  996459           673
           -7787.735  503381           975
           -7787.735  692828           170
           -7787.735  193150           894
           -7787.735  970442           856
           -7787.735  922392           119
           -7787.735  896139           940
           -7787.735  677398           941
           -7787.735  4082             445
           -7787.735  456200           880
           -7787.735  385729           273
           -7787.735  553464           113
           -7787.735  823689           761
           -7787.735  163252           280
           -7787.735  572536           358
           -7787.735  829106           308
           -7787.735  269627           970
           -7787.735  289713           533
           -7787.735  90128            72
           -7787.735  280474           891
           -7787.735  742602           131
           -7787.735  836620           612
           -7787.735  446947           422
           -7787.735  16924            513
           -7787.735  782452           608
           -7787.735  690502           520
           -7787.735  224744           658
           -7787.735  678354           772
           -7787.735  789373           634
           -7787.735  761359           784
           -7787.735  706025           816
           -7787.735  104144           78
           -7787.735  394905           223
           -7787.735  627003           381
           -7787.735  979482           372
           -7787.735  748920           238
           -7787.735  563703           259
           -7787.735  980276           455
           -7787.735  308659           10
           -7787.735  303586           738
           -7787.735  911649           875
           -7787.735  440829           431
           -7787.735  653521           202
           -7787.735  655232           271
           -7787.735  884966           981
           -7787.735  859462           371
           -7787.735  325635           438
           -7787.735  710314           248
           -7787.735  665251           907
           -7787.735  443056           709
           -7787.735  983906           53
           -7787.735  29396            780
           -7787.735  8288             775
           -7787.735  870330           822
           -7787.735  160604           121
           -7787.735  771889           866
           -7787.735  332221           542
           -7787.735  215091           876
           -7787.735  263678           491
           -7787.735  775133           71
           -7787.735  980799           699
           -7787.735  821515           756
           -7787.735  543660           700
           -7787.735  116618           575
           -7787.735  749139           301
           -7787.735  580187           702
           -7787.735  301247           355
           -7787.735  441498           776
           -7787.735  210174           733
           -7787.735  699594           29
           -7787.735  325774           336
           -7787.735  463919           735
           -7787.735  690280           877
           -7787.735  185850           427
           -7787.735  544442           387
           -7787.735  692130           727
           -7787.735  259892           742
           -7787.735  264052           889
           -7787.735  551927           569
           -7787.735  521345           326
           -7787.735  92047            416
           -7787.735  519178           622
           -7787.735  551884           626
           -7787.735  388346           938
           -7787.735  871873           475
           -7787.735  591912           901
           -7787.735  839088           250
           -7787.735  686460           347
           -7787.735  164997           919
           -7787.735  649146           614
           -7787.735  560264           496
           -7787.735  737206           176
           -7787.735  24566            624
           -7787.735  378526           99
           -7787.735  367698           453
           -7787.735  217522           559
           -7787.735  894345           834
           -7787.735  487744           668
           -7787.735  568103           403
           -7787.735  792032           871
           -7787.735  747600           691
           -7787.735  890296           636
           -7787.735  295469           313
           -7787.735  980669           652
           -7787.735  741179           79
           -7787.735  713307           426
           -7787.735  554174           85
           -7787.735  290894           235
           -7791.489  95507            189
           -7791.489  119272           388
           -7791.489  457166           428
           -7791.489  859868           243
           -7791.489  52624            677
           -7791.489  881525           755
           -7791.489  207595           252
           -7791.489  133726           623
           -7791.489  247778           232
           -7791.518  805669           208
           -7794.451  996880           39
           -7794.451  533600           307
           -7794.451  920438           409
           -7794.451  842046           255

103 perturbed starting value run(s) did not converge or were rejected in the third stage.



THE BEST LOGLIKELIHOOD VALUE HAS BEEN REPLICATED.  RERUN WITH AT LEAST TWICE THE
RANDOM STARTS TO CHECK THAT THE BEST LOGLIKELIHOOD IS STILL OBTAINED AND REPLICATED.

     IN THE OPTIMIZATION, ONE OR MORE LOGIT THRESHOLDS APPROACHED EXTREME VALUES
     OF -15.000 AND 15.000 AND WERE FIXED TO STABILIZE MODEL ESTIMATION.  THESE
     VALUES IMPLY PROBABILITIES OF 0 AND 1.  IN THE MODEL RESULTS SECTION, THESE
     PARAMETERS HAVE 0 STANDARD ERRORS AND 999 IN THE Z-SCORE AND P-VALUE COLUMNS.




THE MODEL ESTIMATION TERMINATED NORMALLY



MODEL FIT INFORMATION

Number of Free Parameters                       47

Loglikelihood

          H0 Value                       -7787.735
          H0 Scaling Correction Factor      1.4155
            for MLR

Information Criteria

          Akaike (AIC)                   15669.469
          Bayesian (BIC)                 15950.466
          Sample-Size Adjusted BIC       15801.129
            (n* = (n + 2) / 24)

Chi-Square Test of Model Fit for the Binary and Ordered Categorical
(Ordinal) Outcomes**

          Pearson Chi-Square

          Value                           1407.185
          Degrees of Freedom                  1977
          P-Value                           1.0000

          Likelihood Ratio Chi-Square

          Value                            752.892
          Degrees of Freedom                  1977
          P-Value                           1.0000

** Of the 18136 cells in the latent class indicator table, 23
   were deleted in the calculation of chi-square due to extreme values.

Chi-Square Test for MCAR under the Unrestricted Latent Class Indicator Model

          Pearson Chi-Square

          Value                           2817.729
          Degrees of Freedom                 16062
          P-Value                           1.0000

          Likelihood Ratio Chi-Square

          Value                           2320.962
          Degrees of Freedom                 16062
          P-Value                           1.0000



FINAL CLASS COUNTS AND PROPORTIONS FOR THE LATENT CLASSES
BASED ON THE ESTIMATED MODEL

    Latent
   Classes

       1        289.79007          0.09931
       2         72.36515          0.02480
       3       1885.78747          0.64626
       4        670.05732          0.22963


FINAL CLASS COUNTS AND PROPORTIONS FOR THE LATENT CLASSES
BASED ON ESTIMATED POSTERIOR PROBABILITIES

    Latent
   Classes

       1        289.79007          0.09931
       2         72.36515          0.02480
       3       1885.78747          0.64626
       4        670.05732          0.22963


FINAL CLASS COUNTS AND PROPORTIONS FOR THE LATENT CLASSES
BASED ON THEIR MOST LIKELY LATENT CLASS MEMBERSHIP

Class Counts and Proportions

    Latent
   Classes

       1              270          0.09267
       2               67          0.02298
       3             2279          0.78106
       4              301          0.10329


CLASSIFICATION QUALITY

     Entropy                         0.676


Average Latent Class Probabilities for Most Likely Latent Class Membership (Row)
by Latent Class (Column)

           1        2        3        4

    1   0.871    0.014    0.058    0.056
    2   0.040    0.849    0.000    0.112
    3   0.017    0.000    0.809    0.174
    4   0.046    0.037    0.088    0.830


Classification Probabilities for the Most Likely Latent Class Membership (Column)
by Latent Class (Row)

           1        2        3        4

    1   0.813    0.009    0.130    0.047
    2   0.054    0.786    0.007    0.153
    3   0.008    0.000    0.978    0.014
    4   0.023    0.011    0.593    0.373


Logits for the Classification Probabilities for the Most Likely Latent Class Membership (Column)
by Latent Class (Row)

              1        2        3        4

    1      2.843   -1.644    1.012    0.000
    2     -1.040    1.640   -3.048    0.000
    3     -0.529   -7.289    4.240    0.000
    4     -2.800   -3.510    0.463    0.000


MODEL RESULTS

                                                    Two-Tailed
                    Estimate       S.E.  Est./S.E.    P-Value

Latent Class 1

 Thresholds
    GND1$1             3.134      0.345      9.080      0.000
    GND2$1             1.637      0.170      9.630      0.000
    GND3$1             0.281      0.387      0.726      0.468
    GND4$1            -1.518      0.447     -3.397      0.001
    GND5$1             1.592      0.238      6.686      0.000
    GND6$1            -0.984      0.566     -1.740      0.082
    ETH1$1             3.536      0.457      7.744      0.000
    ETH2$1             2.690      0.379      7.094      0.000
    ETH3$1             1.981      0.300      6.595      0.000
    ETH4$1             0.918      0.228      4.027      0.000
    ETH5$1             1.615      0.223      7.254      0.000

Latent Class 2

 Thresholds
    GND1$1             1.627      0.514      3.167      0.002
    GND2$1             1.273      0.436      2.918      0.004
    GND3$1             2.007      0.544      3.689      0.000
    GND4$1             0.954      0.406      2.348      0.019
    GND5$1             1.066      0.431      2.474      0.013
    GND6$1             0.975      0.428      2.280      0.023
    ETH1$1            -1.111      0.460     -2.418      0.016
    ETH2$1            -1.432      0.783     -1.829      0.067
    ETH3$1            -0.471      0.424     -1.111      0.267
    ETH4$1            -1.532      0.463     -3.311      0.001
    ETH5$1            -0.331      0.422     -0.784      0.433

Latent Class 3

 Thresholds
    GND1$1            15.000      0.000    999.000    999.000
    GND2$1             4.700      0.777      6.047      0.000
    GND3$1             3.776      0.294     12.847      0.000
    GND4$1             3.246      0.235     13.824      0.000
    GND5$1             4.041      0.367     11.002      0.000
    GND6$1             2.351      0.109     21.636      0.000
    ETH1$1             5.743      1.018      5.639      0.000
    ETH2$1            15.000      0.000    999.000    999.000
    ETH3$1             3.952      0.566      6.984      0.000
    ETH4$1             1.139      0.270      4.219      0.000
    ETH5$1            15.000      0.000    999.000    999.000

Latent Class 4

 Thresholds
    GND1$1             5.841      0.929      6.288      0.000
    GND2$1             2.898      0.606      4.781      0.000
    GND3$1             3.591      0.652      5.505      0.000
    GND4$1             3.037      1.191      2.551      0.011
    GND5$1             2.689      0.646      4.159      0.000
    GND6$1             2.240      0.405      5.525      0.000
    ETH1$1             2.986      0.791      3.775      0.000
    ETH2$1             2.548      0.540      4.721      0.000
    ETH3$1             1.753      0.257      6.831      0.000
    ETH4$1            -0.644      0.301     -2.142      0.032
    ETH5$1             1.490      0.488      3.055      0.002

Categorical Latent Variables

 Means
    C#1               -0.838      0.367     -2.281      0.023
    C#2               -2.226      0.269     -8.260      0.000
    C#3                1.035      0.396      2.610      0.009


RESULTS IN PROBABILITY SCALE

Latent Class 1

 GND1
    Category 1         0.958      0.014     69.432      0.000
    Category 2         0.042      0.014      3.023      0.002
 GND2
    Category 1         0.837      0.023     36.114      0.000
    Category 2         0.163      0.023      7.029      0.000
 GND3
    Category 1         0.570      0.095      6.000      0.000
    Category 2         0.430      0.095      4.529      0.000
 GND4
    Category 1         0.180      0.066      2.727      0.006
    Category 2         0.820      0.066     12.450      0.000
 GND5
    Category 1         0.831      0.033     24.835      0.000
    Category 2         0.169      0.033      5.054      0.000
 GND6
    Category 1         0.272      0.112      2.427      0.015
    Category 2         0.728      0.112      6.496      0.000
 ETH1
    Category 1         0.972      0.013     77.370      0.000
    Category 2         0.028      0.013      2.254      0.024
 ETH2
    Category 1         0.936      0.023     41.490      0.000
    Category 2         0.064      0.023      2.816      0.005
 ETH3
    Category 1         0.879      0.032     27.467      0.000
    Category 2         0.121      0.032      3.788      0.000
 ETH4
    Category 1         0.715      0.046     15.372      0.000
    Category 2         0.285      0.046      6.136      0.000
 ETH5
    Category 1         0.834      0.031     27.072      0.000
    Category 2         0.166      0.031      5.387      0.000

Latent Class 2

 GND1
    Category 1         0.836      0.071     11.851      0.000
    Category 2         0.164      0.071      2.328      0.020
 GND2
    Category 1         0.781      0.075     10.481      0.000
    Category 2         0.219      0.075      2.934      0.003
 GND3
    Category 1         0.882      0.057     15.515      0.000
    Category 2         0.118      0.057      2.085      0.037
 GND4
    Category 1         0.722      0.082      8.850      0.000
    Category 2         0.278      0.082      3.411      0.001
 GND5
    Category 1         0.744      0.082      9.061      0.000
    Category 2         0.256      0.082      3.121      0.002
 GND6
    Category 1         0.726      0.085      8.538      0.000
    Category 2         0.274      0.085      3.221      0.001
 ETH1
    Category 1         0.248      0.086      2.893      0.004
    Category 2         0.752      0.086      8.787      0.000
 ETH2
    Category 1         0.193      0.122      1.582      0.114
    Category 2         0.807      0.122      6.624      0.000
 ETH3
    Category 1         0.384      0.100      3.830      0.000
    Category 2         0.616      0.100      6.135      0.000
 ETH4
    Category 1         0.178      0.068      2.628      0.009
    Category 2         0.822      0.068     12.161      0.000
 ETH5
    Category 1         0.418      0.103      4.069      0.000
    Category 2         0.582      0.103      5.666      0.000

Latent Class 3

 GND1
    Category 1         1.000      0.000      0.000      1.000
    Category 2         0.000      0.000      0.000      1.000
 GND2
    Category 1         0.991      0.007    142.721      0.000
    Category 2         0.009      0.007      1.298      0.194
 GND3
    Category 1         0.978      0.006    151.841      0.000
    Category 2         0.022      0.006      3.481      0.001
 GND4
    Category 1         0.963      0.008    113.646      0.000
    Category 2         0.037      0.008      4.425      0.000
 GND5
    Category 1         0.983      0.006    157.547      0.000
    Category 2         0.017      0.006      2.771      0.006
 GND6
    Category 1         0.913      0.009    105.775      0.000
    Category 2         0.087      0.009     10.082      0.000
 ETH1
    Category 1         0.997      0.003    307.260      0.000
    Category 2         0.003      0.003      0.985      0.325
 ETH2
    Category 1         1.000      0.000      0.000      1.000
    Category 2         0.000      0.000      0.000      1.000
 ETH3
    Category 1         0.981      0.010     93.747      0.000
    Category 2         0.019      0.010      1.801      0.072
 ETH4
    Category 1         0.757      0.050     15.275      0.000
    Category 2         0.243      0.050      4.892      0.000
 ETH5
    Category 1         1.000      0.000      0.000      1.000
    Category 2         0.000      0.000      0.000      1.000

Latent Class 4

 GND1
    Category 1         0.997      0.003    371.572      0.000
    Category 2         0.003      0.003      1.080      0.280
 GND2
    Category 1         0.948      0.030     31.573      0.000
    Category 2         0.052      0.030      1.740      0.082
 GND3
    Category 1         0.973      0.017     57.147      0.000
    Category 2         0.027      0.017      1.575      0.115
 GND4
    Category 1         0.954      0.052     18.345      0.000
    Category 2         0.046      0.052      0.880      0.379
 GND5
    Category 1         0.936      0.039     24.306      0.000
    Category 2         0.064      0.039      1.652      0.098
 GND6
    Category 1         0.904      0.035     25.641      0.000
    Category 2         0.096      0.035      2.729      0.006
 ETH1
    Category 1         0.952      0.036     26.306      0.000
    Category 2         0.048      0.036      1.328      0.184
 ETH2
    Category 1         0.927      0.036     25.531      0.000
    Category 2         0.073      0.036      1.998      0.046
 ETH3
    Category 1         0.852      0.032     26.387      0.000
    Category 2         0.148      0.032      4.572      0.000
 ETH4
    Category 1         0.344      0.068      5.068      0.000
    Category 2         0.656      0.068      9.654      0.000
 ETH5
    Category 1         0.816      0.073     11.149      0.000
    Category 2         0.184      0.073      2.513      0.012


LATENT CLASS ODDS RATIO RESULTS

                                                95% C.I.
                    Estimate       S.E.  Lower 2.5% Upper 2.5%

Latent Class 1 Compared to Latent Class 2

 GND1
    Category > 1       0.222      0.131      0.069      0.708
 GND2
    Category > 1       0.695      0.326      0.277      1.744
 GND3
    Category > 1       5.617      3.372      1.732     18.219
 GND4
    Category > 1      11.847      6.629      3.956     35.473
 GND5
    Category > 1       0.591      0.325      0.201      1.736
 GND6
    Category > 1       7.095      4.345      2.136     23.563
 ETH1
    Category > 1       0.010      0.006      0.003      0.032
 ETH2
    Category > 1       0.016      0.014      0.003      0.086
 ETH3
    Category > 1       0.086      0.048      0.029      0.256
 ETH4
    Category > 1       0.086      0.045      0.031      0.242
 ETH5
    Category > 1       0.143      0.071      0.054      0.380

Latent Class 1 Compared to Latent Class 3

 GND1
    Category > 1   *********      0.000  *********  *********
 GND2
    Category > 1      21.396     17.619      4.260    107.467
 GND3
    Category > 1      32.929     11.030     17.079     63.488
 GND4
    Category > 1     117.254     62.119     41.512    331.197
 GND5
    Category > 1      11.571      4.096      5.782     23.157
 GND6
    Category > 1      28.080     15.948      9.225     85.474
 ETH1
    Category > 1       9.085      9.570      1.153     71.614
 ETH2
    Category > 1   *********      0.000  *********  *********
 ETH3
    Category > 1       7.179      4.979      1.844     27.955
 ETH4
    Category > 1       1.246      0.408      0.657      2.366
 ETH5
    Category > 1   *********      0.000  *********  *********

Latent Class 1 Compared to Latent Class 4

 GND1
    Category > 1      14.988     14.748      2.178    103.118
 GND2
    Category > 1       3.531      2.174      1.056     11.803
 GND3
    Category > 1      27.389     21.541      5.863    127.949
 GND4
    Category > 1      95.152     96.201     13.116    690.275
 GND5
    Category > 1       2.994      2.396      0.624     14.369
 GND6
    Category > 1      25.148     10.401     11.180     56.568
 ETH1
    Category > 1       0.577      0.506      0.104      3.215
 ETH2
    Category > 1       0.867      0.515      0.271      2.777
 ETH3
    Category > 1       0.796      0.341      0.344      1.842
 ETH4
    Category > 1       0.210      0.076      0.103      0.426
 ETH5
    Category > 1       0.883      0.523      0.276      2.822

Latent Class 2 Compared to Latent Class 3

 GND1
    Category > 1   *********      0.000  *********  *********
 GND2
    Category > 1      30.775     27.545      5.325    177.855
 GND3
    Category > 1       5.862      3.219      1.998     17.198
 GND4
    Category > 1       9.898      5.096      3.608     27.151
 GND5
    Category > 1      19.586     11.500      6.197     61.905
 GND6
    Category > 1       3.958      1.662      1.738      9.012
 ETH1
    Category > 1     947.455   1117.179     93.942   9555.637
 ETH2
    Category > 1   *********      0.000  *********  *********
 ETH3
    Category > 1      83.370     46.455     27.970    248.497
 ETH4
    Category > 1      14.450      8.587      4.508     46.315
 ETH5
    Category > 1   *********      0.000  *********  *********

Latent Class 2 Compared to Latent Class 4

 GND1
    Category > 1      67.622     59.103     12.193    375.030
 GND2
    Category > 1       5.078      3.551      1.290     19.996
 GND3
    Category > 1       4.876      4.706      0.735     32.329
 GND4
    Category > 1       8.032      8.903      0.915     70.523
 GND5
    Category > 1       5.067      3.558      1.279     20.068
 GND6
    Category > 1       3.544      1.811      1.302      9.648
 ETH1
    Category > 1      60.183     47.286     12.903    280.720
 ETH2
    Category > 1      53.508     33.842     15.490    184.834
 ETH3
    Category > 1       9.244      3.597      4.311     19.818
 ETH4
    Category > 1       2.429      1.283      0.863      6.838
 ETH5
    Category > 1       6.177      2.873      2.482     15.373

Latent Class 3 Compared to Latent Class 4

 GND1
    Category > 1       0.000      0.000      0.000      0.000
 GND2
    Category > 1       0.165      0.205      0.014      1.879
 GND3
    Category > 1       0.832      0.707      0.157      4.404
 GND4
    Category > 1       0.812      1.031      0.067      9.783
 GND5
    Category > 1       0.259      0.243      0.041      1.625
 GND6
    Category > 1       0.896      0.406      0.369      2.176
 ETH1
    Category > 1       0.064      0.104      0.003      1.560
 ETH2
    Category > 1       0.000      0.000      0.000      0.000
 ETH3
    Category > 1       0.111      0.062      0.037      0.332
 ETH4
    Category > 1       0.168      0.078      0.067      0.420
 ETH5
    Category > 1       0.000      0.000      0.000      0.000


QUALITY OF NUMERICAL RESULTS

     Condition Number for the Information Matrix              0.177E-02
       (ratio of smallest to largest eigenvalue)


MODEL COMMAND WITH FINAL ESTIMATES USED AS STARTING VALUES

     %OVERALL%

     [ c#1*-0.83821 ];
     [ c#2*-2.22564 ];
     [ c#3*1.03474 ];

     %C#1%

     [ gnd1$1*3.13396 ];
     [ gnd2$1*1.63665 ];
     [ gnd3$1*0.28124 ];
     [ gnd4$1*-1.51846 ];
     [ gnd5$1*1.59209 ];
     [ gnd6$1*-0.98444 ];
     [ eth1$1*3.53603 ];
     [ eth2$1*2.69021 ];
     [ eth3$1*1.98105 ];
     [ eth4$1*0.91837 ];
     [ eth5$1*1.61460 ];

     %C#2%

     [ gnd1$1*1.62725 ];
     [ gnd2$1*1.27317 ];
     [ gnd3$1*2.00708 ];
     [ gnd4$1*0.95358 ];
     [ gnd5$1*1.06581 ];
     [ gnd6$1*0.97497 ];
     [ eth1$1*-1.11108 ];
     [ eth2$1*-1.43192 ];
     [ eth3$1*-0.47106 ];
     [ eth4$1*-1.53211 ];
     [ eth5$1*-0.33104 ];

     %C#3%

     [ gnd1$1*15 ];
     [ gnd2$1*4.69987 ];
     [ gnd3$1*3.77559 ];
     [ gnd4$1*3.24588 ];
     [ gnd5$1*4.04062 ];
     [ gnd6$1*2.35060 ];
     [ eth1$1*5.74270 ];
     [ eth2$1*15 ];
     [ eth3$1*3.95223 ];
     [ eth4$1*1.13856 ];
     [ eth5$1*15 ];

     %C#4%

     [ gnd1$1*5.84119 ];
     [ gnd2$1*2.89815 ];
     [ gnd3$1*3.59138 ];
     [ gnd4$1*3.03702 ];
     [ gnd5$1*2.68859 ];
     [ gnd6$1*2.24032 ];
     [ eth1$1*2.98631 ];
     [ eth2$1*2.54792 ];
     [ eth3$1*1.75286 ];
     [ eth4$1*-0.64449 ];
     [ eth5$1*1.48976 ];



TECHNICAL 10 OUTPUT


     MODEL FIT INFORMATION FOR THE LATENT CLASS INDICATOR MODEL PART


     RESPONSE PATTERNS

     No.  Pattern        No.  Pattern        No.  Pattern
       1  00000000000      2  00000000001      3  00000000010
       4  00000000011      5  00000000100      6  00000000101
       7  00000000110      8  00000000111      9  00000001000
      10  00000001001     11  00000001010     12  00000001011
      13  00000001100     14  00000001110     15  00000001111
      16  00000010000     17  00000010001     18  00000010010
      19  00000010011     20  00000010100     21  00000010110
      22  00000010111     23  00000011000     24  00000011010
      25  00000011011     26  00000011100     27  00000011101
      28  00000011110     29  00000011111     30  00000100000
      31  00000100001     32  00000100010     33  00000100011
      34  00000100100     35  00000100110     36  00000101000
      37  00000101001     38  00000101010     39  00000101110
      40  00000101111     41  00000110010     42  00000110100
      43  00000110110     44  00000111010     45  00000111101
      46  00000111110     47  00000111111     48  00001000000
      49  00001000001     50  00001000010     51  00001000011
      52  00001000100     53  00001000101     54  00001000110
      55  00001001000     56  00001010110     57  00001011010
      58  00001100000     59  00001100001     60  00001100010
      61  00001100110     62  00001100111     63  00001101000
      64  00001101010     65  00001110000     66  00010000000
      67  00010000001     68  00010000010     69  00010000011
      70  00010000100     71  00010000110     72  00010000111
      73  00010001010     74  00010010001     75  00010010010
      76  00010010011     77  00010011010     78  00010011011
      79  00010100000     80  00010100001     81  00010100010
      82  00010100011     83  00010100100     84  00010100101
      85  00010100110     86  00010100111     87  00010101001
      88  00010101010     89  00010101011     90  00010110010
      91  00010111111     92  00011000000     93  00011000001
      94  00011000010     95  00011000011     96  00011000110
      97  00011000111     98  00011001001     99  00011001010
     100  00011100000    101  00011100001    102  00011100010
     103  00011100100    104  00011100110    105  00011101001
     106  00011110100    107  00011111111    108  00100000000
     109  00100000001    110  00100000010    111  00100000011
     112  00100000100    113  00100000110    114  00100000111
     115  00100100000    116  00100100001    117  00100100010
     118  00100101001    119  00100101010    120  00100110010
     121  00100111000    122  00100111110    123  00101000000
     124  00101100000    125  00101101011    126  00110000000
     127  00110000001    128  00110000010    129  00110000011
     130  00110001000    131  00110001011    132  00110100000
     133  00110100001    134  00110100010    135  00110100011
     136  00110100100    137  00110100110    138  00110101000
     139  00110101011    140  00110101100    141  00110110010
     142  00111000001    143  00111000010    144  00111011010
     145  00111100000    146  00111100001    147  00111100011
     148  01000000000    149  01000000001    150  01000000010
     151  01000000011    152  01000000100    153  01000000110
     154  01000001010    155  01000001011    156  01000010011
     157  01000011110    158  01000100000    159  01000100010
     160  01000111111    161  01001000000    162  01001000011
     163  01001001010    164  01001010010    165  01001100000
     166  01010000000    167  01010000001    168  01010000010
     169  01010000100    170  01010001001    171  01010100000
     172  01010100011    173  01010101000    174  01010101010
     175  01010110000    176  01011000000    177  01011111000
     178  01011111011    179  01100100010    180  01110000001
     181  01110001010    182  01110100000    183  01110100010
     184  01110100011    185  01110101100    186  01111011001
     187  01111100000    188  01111110010    189  10000000010
     190  10000001011    191  10000001100    192  10000110010
     193  10010001101    194  10010100000    195  10010111111
     196  10100100000    197  10110100010    198  11001011101
     199  11001011111    200  11010001110    201  11010010111
     202  11010100000    203  11010100001    204  11011000110
     205  11011100000    206  11011100110    207  11100100010
     208  11110100111    209  11111100101    210  11111101111
     211  11111111111    212  00*00000000    213  00*00000010
     214  00*00011110    215  00*00100010    216  00*00100100
     217  00*10000000    218  00*11000000    219  000*0000000
     220  000*0000010    221  000*0100000    222  000*1010111
     223  001*0100010    224  010*0000011    225  010*0010110
     226  000000000*0    227  000001000*1    228  000010000*0
     229  00000*00000    230  00001*00110    231  00010*00000
     232  00010*00100    233  00010*00101    234  00110*00000
     235  01001*00000    236  000000*0000    237  000000*0010
     238  000010*1111    239  110010*0110    240  00000000**0
     241  00000000*00    242  00000000*10    243  00111100*10
     244  000000*****    245  000001*****    246  001010*****
     247  010001*****    248  100010*****    249  0000001*011
     250  0010100*011    251  0000**00000    252  0000000001*
     253  0000010000*    254  0001010000*    255  1101000000*
     256  000000*00*0    257  *0000000100    258  01****00000
     259  0000*0*01*0    260  01000*0*010    261  0000*000001
     262  0000*000010    263  0000*100000    264  0001*100000
     265  0**00000000    266  00*00******    267  000000**011
     268  0*000100000    269  0*100000010    270  0*101011111
     271  0*110011111    272  00**1*000*0    273  00**0000000
     274  000*0*00010    275  000000****1    276  000********



     RESPONSE PATTERN FREQUENCIES AND CHI-SQUARE CONTRIBUTIONS

    Response          Frequency     Standardized  Chi-square Contribution
     Pattern    Observed  Estimated   Residual    Pearson   Loglikelihood  Deleted
                                     (z-score)
         1      1238.22    1230.63       0.28      -0.03        -4.35
         2        18.04      23.38      -1.08       1.22        -8.76
         3       563.93     555.14       0.40       0.13        13.26
         4        50.81      43.88       1.02       1.09        14.60
         5        32.19      39.59      -1.15       1.38       -12.83
         6         3.92       4.08      -0.08       0.00        -0.48
         7        51.18      40.70       1.61       2.68        21.73
         8         1.91       7.79      -2.05       4.45        -5.45
         9         8.33       8.19       0.05      -0.01        -0.23
        10         0.67       1.95      -0.89       0.84        -1.46
        11        16.64      15.60       0.26       0.05         1.15
        12         5.04       4.00       0.51       0.27         2.24
        13         1.10       1.54      -0.34       0.12        -0.81
        14         4.92       3.29       0.87       0.80         3.67
        15         1.64       1.51       0.10       0.01         0.19
        16        11.87       8.87       0.98       1.01         6.28
        17         0.93       1.26      -0.28       0.09        -0.60
        18         8.20      11.24      -0.88       0.82        -5.62
        19         4.17       2.62       0.93       0.88         4.59
        20         0.93       1.07      -0.13       0.02        -0.30
        21         2.48       2.20       0.19       0.04         0.50
        22         1.27       1.05       0.21       0.05         0.44
        23         1.86       0.68       1.40       2.08         3.66
        24         5.16       2.02       2.14       4.87         9.36
        25         2.88       1.92       0.67       0.46         2.84
        26         1.77       0.50       1.73       3.18         4.34
        27         1.03       0.62       0.50       0.26         0.99
        28         0.67       2.14      -0.98       0.44        -0.36
        29         7.97       2.83       2.96       9.31        16.15
        30       127.52     124.81       0.24       0.04         8.56
        31         6.09       3.76       1.17       1.39         7.01
        32        50.25      57.63      -0.95       0.95       -13.57
        33         3.11       5.21      -0.89       0.82        -2.67
        34         7.57       4.86       1.20       1.41         8.49
        35         6.48       4.65       0.82       0.72         4.05
        36         0.85       1.33      -0.40       0.17        -0.79
        37         0.75       0.33       0.72       0.55         1.21
        38         2.05       1.94       0.07       0.00         0.13
        39         1.28       0.55       0.95       0.95         2.09
        40         0.83       0.42       0.62       0.41         1.11
        41         0.69       1.34      -0.54       0.31        -0.94
        42         0.51       0.17       0.82       0.72         1.13
        43         2.88       0.37       3.98      16.80        11.64
        44         0.57       0.56       0.02       0.00         0.00
        45         1.45       0.23       2.46       6.44         5.27
        46         0.64       0.77      -0.15       0.02        -0.27
        47         1.62       1.06       0.53       0.29         1.30
        48        27.85      27.22       0.12       0.01         1.40
        49         1.30       1.66      -0.27       0.08        -0.64
        50        15.27      19.71      -0.97       1.00        -7.77
        51         1.66       3.05      -0.77       0.63        -2.13
        52         0.75       1.66      -0.68       0.49        -1.23
        53         0.92       0.30       1.09       1.27         1.98
        54         2.38       2.48      -0.06      -0.10         0.81
        55         1.46       0.60       1.07       1.22         2.49
        56         0.92       0.28       1.17       1.44         2.13
        57         0.73       0.48       0.35       0.13         0.55
        58         2.49       3.97      -0.72       0.55        -2.38
        59         2.31       0.44       2.75       8.04         7.53
        60         4.46       2.55       1.16       1.43         4.80
        61         0.35       0.35       0.00      -0.01         0.13
        62         0.26       0.10       0.49       0.25         0.47
        63         1.69       0.16       3.70      14.54         7.82
        64         0.75       0.20       1.19       1.51         1.93
        65         0.35       0.09       0.82       0.72         0.90
        66        60.60      60.03       0.07       0.00         0.60
        67         2.87       3.35      -0.26       0.07        -1.10
        68        26.13      27.86      -0.32       0.09        -4.85
        69         2.56       3.04      -0.27       0.07        -1.06
        70         5.83       3.26       1.39       2.03         7.12
        71         0.35       2.56      -1.34       1.91        -1.41
        72         1.97       0.57       1.80       3.44         4.75
        73         0.95       1.19      -0.22       0.05        -0.50
        74         0.96       0.16       1.98       4.17         3.43
        75         0.82       0.76       0.07       0.00         0.07
        76         0.98       0.29       1.23       1.62         2.30
        77         3.39       0.53       3.82      15.46        12.35
        78         0.60       0.68      -0.10       0.01        -0.20
        79        35.39      34.91       0.08      -0.03         3.17
        80         0.83       6.13      -2.08       4.58        -3.33
        81        11.18      14.40      -0.83       0.71        -6.42
        82         1.08       2.64      -0.93       0.92        -2.01
        83         8.78       4.34       2.07       4.53        12.86
        84         0.75       0.86      -0.11      -0.60         1.11
        85         5.47       1.88       2.54       6.82        11.26
        86         0.43       0.40       0.05       0.00         0.03
        87         0.96       0.44       0.77       0.64         1.46
        88         1.32       0.96       0.36       0.14         0.75
        89         1.37       0.26       2.09       4.63         4.41
        90         0.82       0.45       0.53       0.30         0.92
        91         0.93       0.41       0.79       0.66         1.46
        92         4.77       3.40       0.72       0.51         4.08
        93         6.06       0.54       7.33      57.00        28.97
        94         2.98       1.81       0.85       0.76         2.85
        95         0.69       0.34       0.57       0.35         0.91
        96         1.13       0.26       1.65       2.88         3.22
        97         0.76       0.08       2.37       5.95         3.41
        98         0.92       0.05       3.66      14.22         5.21
        99         0.61       0.17       1.05       1.16         1.52
       100         2.37       6.26      -1.51       2.41        -4.62
       101         0.58       1.23      -0.57       0.35        -0.92
       102         0.73       2.55      -1.10       1.29        -1.86
       103         0.98       0.86       0.13       0.02         0.19
       104         1.43       0.36       1.74       3.22         3.87
       105         1.20       0.09       3.59      13.71         6.13
       106         0.70       0.03       3.77      15.07         4.39
       107         1.30       0.14       2.99       9.51         5.67
       108        28.40      30.49      -0.37       0.11        -5.94
       109         1.92       1.01       0.89       0.83         2.35
       110        19.02      14.35       1.20       1.48        12.36
       111         0.79       1.37      -0.48       0.25        -0.93
       112         1.91       1.24       0.59       0.36         1.52
       113         2.01       1.21       0.71       0.53         1.90
       114         0.43       0.26       0.33       0.12         0.41
       115         8.90       7.75       0.40       0.16         1.82
       116         0.68       1.06      -0.36       0.14        -0.66
       117         2.11       3.35      -0.66       0.44        -1.55
       118         1.03       0.08       3.30      11.56         5.25
       119         0.78       0.20       1.26       1.68         2.07
       120         1.05       0.10       2.83       8.49         4.75
       121         1.34       0.02       8.11      69.83        10.60
       122         1.08       0.10       2.97       9.35         5.03
       123         0.56       1.02      -0.45       0.14        -0.27
       124         0.93       1.08      -0.14       0.02        -0.32
       125         0.79       0.02       5.87      36.57         6.05
       126         5.73       9.66      -1.23       1.60        -6.03
       127         1.92       1.73       0.14       0.02         0.27
       128         4.79       3.98       0.39       0.16         1.41
       129         0.79       0.74       0.05       0.00         0.03
       130         1.07       0.59       0.60       0.38         1.17
       131         0.57       0.08       1.69       3.05         2.22
       132        47.25      22.91       4.96      25.84        66.41
       133         0.83       4.54      -1.69       3.04        -2.88
       134         6.55       9.16      -0.84       0.71        -3.40
       135         3.01       1.82       0.85       0.77         2.80
       136         1.87       3.15      -0.70       0.52        -2.09
       137         0.43       1.26      -0.72       0.55        -0.96
       138         1.12       1.55      -0.33       0.12        -0.81
       139         0.63       0.13       1.32       1.84         1.91
       140         0.43       0.22       0.45       0.21         0.57
       141         2.25       0.27       3.68      14.36         9.34
       142         0.57       0.35       0.37       0.15         0.53
       143         2.13       0.72       1.62       2.79         4.55
       144         0.72       0.02       4.38      20.37         4.86
       145         3.15       4.64      -0.67       0.48        -2.58
       146         0.58       0.92      -0.35       0.13        -0.58
       147         3.54       0.37       5.07      27.24        15.76
       148        17.72      16.33       0.34       0.11         2.30
       149         7.33       1.36       4.96      26.09        24.12
       150         6.11      14.15      -2.08       4.56        -9.77
       151         2.33       2.48      -0.09      -0.28         1.33
       152         0.57       1.24      -0.58       0.36        -0.93
       153         1.76       1.98      -0.15       0.02        -0.55
       154         0.56       0.96      -0.40       0.17        -0.56
       155         1.13       0.35       1.27       1.71         2.55
       156         1.02       0.24       1.56       2.57         2.90
       157         1.27       0.57       0.90       0.86         1.95
       158         1.08       2.86      -1.02       1.07        -1.70
       159         2.53       1.97       0.39       0.00         2.56
       160         1.30       0.30       1.79       3.39         4.27
       161         3.81       0.66       3.76      14.23        16.78
       162         1.12       0.18       2.12       4.78         3.97
       163         0.87       0.10       2.38       6.01         3.72
       164         0.96       0.07       3.36      11.98         5.06
       165         0.83       0.32       0.87       0.64         2.33
       166         7.75       2.87       2.80       8.31        15.14
       167         1.27       0.50       1.06       1.19         2.28
       168         1.43       1.53      -0.08       0.00        -0.30
       169         1.04       0.36       1.09       1.26         2.11
       170         1.30       0.05       5.57      32.90         8.51
       171         2.38       5.95      -1.42       2.14        -4.44
       172         3.78       0.48       4.59      22.35        15.23
       173         1.20       0.40       1.21       1.56         2.52
       174         0.99       0.18       1.86       3.65         3.31
       175         0.56       0.18       0.88       0.82         1.24
       176         0.56       0.47       0.12       0.01         0.16
       177         1.00       0.01       9.71     100.00        10.13      DELETED
       178         0.76       0.02       4.57      22.15         5.19
       179         2.74       0.43       3.42      12.44         9.95
       180         0.71       0.33       0.63       0.42         1.02
       181         1.07       0.05       4.32      19.79         6.37
       182         4.48       4.44       0.02       0.00        -0.07
       183         1.48       1.77      -0.22       0.05        -0.65
       184         0.71       0.35       0.58       0.35         0.93
       185         0.83       0.04       3.72      14.71         4.89
       186         1.10       0.00       9.71     100.00        13.81      DELETED
       187         0.99       0.90       0.09       0.01         0.15
       188         1.37       0.01       9.71     100.00        13.10
       189         1.74       0.62       1.37       1.99         3.44
       190         0.83       0.12       1.94       4.01         3.09
       191         0.78       0.03       3.99      16.90         4.88
       192         0.26       0.03       1.30       1.81         1.10
       193         1.14       0.02       8.60      78.55         9.62
       194         1.20       1.32      -0.10       0.01        -0.31
       195         0.75       0.08       2.30       5.63         3.31
       196         1.20       0.22       2.04       4.41         4.00
       197         0.84       0.40       0.68       0.49         1.19
       198         0.85       0.01       7.64      62.00         7.31
       199         1.61       0.05       6.54      45.45        10.84
       200         0.82       0.01       6.54      45.36         6.60
       201         0.67       0.01       5.33      30.13         5.10
       202         1.29       0.26       1.99       4.18         4.09
       203         0.92       0.05       3.72      14.70         5.24
       204         1.13       0.00       9.71     100.00        13.96      DELETED
       205         1.82       0.05       7.50      59.77        12.78
       206         1.30       0.00       9.71     100.00        15.47      DELETED
       207         0.26       0.02       1.76       3.30         1.36
       208         0.67       0.00       9.71     100.00         7.48      DELETED
       209         1.07       0.00       9.71     100.00        14.67      DELETED
       210         0.71       0.00       9.71     100.00        10.65      DELETED
       211         0.67       0.00       9.71     100.00         8.57      DELETED
       212         1.33       3.55      -1.54       0.01        -0.01
       213         1.77       1.60       0.14       0.01         0.07
       214         1.02       0.01       9.71       0.00        -0.80      DELETED
       215         1.05       0.17       2.07      -0.98        -0.31
       216         1.11       0.02       8.45      26.20         0.91
       217         1.07       0.20       1.94      -0.31        -0.12
       218         0.56       0.01       4.36       0.23         0.01
       219         5.66       6.39      -0.38       0.00        -0.02
       220         3.29       2.89       0.26       0.01         0.05
       221         1.43       0.79       0.72       0.06         0.10
       222         0.67       0.00       9.71       0.00         0.82      DELETED
       223         1.04       0.06       3.83      -5.81        -0.60
       224         1.09       0.01       8.93      13.49         0.37
       225         0.74       0.00       9.71       0.00         1.35      DELETED
       226         4.24       3.91       0.26       0.00         0.02
       227         1.04       0.02       7.08       6.05         0.24
       228         0.89       0.10       2.39      -0.65        -0.15
       229         3.93       5.48      -0.89       0.00         0.01
       230         0.73       0.01       6.55       7.47         0.25
       231         1.02       0.38       1.01       0.05         0.04
       232         0.97       0.03       5.22      15.18         1.33
       233         1.12       0.01       9.71       0.00         0.61      DELETED
       234         0.83       0.13       1.87       1.86         0.77
       235         2.77       0.00       9.71       0.00        11.10      DELETED
       236         2.77       2.34       0.37       0.00         0.00
       237         0.79       1.07      -0.30       0.00         0.01
       238         0.92       0.00       9.71       0.00        -0.74      DELETED
       239         0.83       0.00       9.71       0.00         6.89      DELETED
       240         1.04       0.69       0.71       0.00         0.01
       241         4.43       3.12       0.97      -0.02        -0.07
       242         1.43       1.46      -0.03       0.00         0.08
       243         1.05       0.01       9.71       0.00        -1.53      DELETED
       244        11.73      13.73      -0.99      -0.03         0.17
       245         3.59       1.47       1.78       0.08         0.08
       246         0.97       0.02       6.44      -1.44        -0.06
       247         1.12       0.06       4.31      -8.57        -0.74
       248         1.69       0.01       9.71       0.00         1.03      DELETED
       249         0.71       0.00       9.71       0.00         0.75      DELETED
       250         0.71       0.00       9.71       0.00         2.70      DELETED
       251         3.64       1.80       1.88       0.01         0.01
       252         3.89       1.45       2.22       0.20         0.17
       253         0.83       0.31       0.92       0.10         0.09
       254         1.20       0.10       3.42      -1.43        -0.23
       255         0.89       0.00       9.71       0.00         3.53      DELETED
       256         2.77       1.78       1.21       0.01         0.01
       257         0.76       0.01       7.10     -12.08        -0.31
       258         0.82       0.01       7.30       2.49         0.07
       259         1.00       0.03       5.38       0.91         0.06
       260         0.79       0.00       9.74       0.00        -0.83      DELETED
       261         0.74       0.03       4.27      -5.68        -0.36
       262         0.79       0.61       0.24       0.00         0.01
       263         0.84       0.14       1.87       0.10         0.04
       264         0.64       0.04       2.77      -0.54        -0.07
       265         0.57       0.26       0.81       0.00         0.00
       266         0.83       0.68       0.41       0.00         0.01
       267         0.76       0.01       6.16       7.07         0.29
       268         0.72       0.17       1.30       0.06         0.03
       269         1.52       0.02       9.73      18.32         0.88
       270         0.82       0.00       9.71       0.00         3.18      DELETED
       271         0.78       0.00       9.71       0.00         2.19      DELETED
       272         1.11       0.03       5.99      -6.27        -0.33
       273         1.67       0.79       1.32      -0.02        -0.02
       274         1.52       0.35       2.17      -0.06        -0.03
       275         0.96       0.03       5.00       0.65         0.05
       276         0.78       0.70       0.29       0.00         0.00

     THE TOTAL PEARSON CHI-SQUARE CONTRIBUTION FROM EMPTY CELLS IS       113.66


     UNIVARIATE MODEL FIT INFORMATION

                               Estimated Probabilities
                                                  Standardized
     Variable              H1           H0          Residual
                                                   (z-score)
     GND1
       Category 1        0.991        0.991           0.000
       Category 2        0.009        0.009           0.000
       Univariate Pearson Chi-Square                  0.000
       Univariate Log-Likelihood Chi-Square           0.000
     GND2
       Category 1        0.961        0.961          -0.001
       Category 2        0.039        0.039           0.001
       Univariate Pearson Chi-Square                  0.000
       Univariate Log-Likelihood Chi-Square           0.000
     GND3
       Category 1        0.934        0.934           0.048
       Category 2        0.066        0.066          -0.048
       Univariate Pearson Chi-Square                  0.002
       Univariate Log-Likelihood Chi-Square           0.002
     GND4
       Category 1        0.877        0.877          -0.008
       Category 2        0.123        0.123           0.008
       Univariate Pearson Chi-Square                  0.000
       Univariate Log-Likelihood Chi-Square           0.000
     GND5
       Category 1        0.951        0.951          -0.001
       Category 2        0.049        0.049           0.001
       Univariate Pearson Chi-Square                  0.000
       Univariate Log-Likelihood Chi-Square           0.000
     GND6
       Category 1        0.843        0.843          -0.006
       Category 2        0.157        0.157           0.006
       Univariate Pearson Chi-Square                  0.000
       Univariate Log-Likelihood Chi-Square           0.000
     ETH1
       Category 1        0.966        0.965           0.024
       Category 2        0.034        0.035          -0.024
       Univariate Pearson Chi-Square                  0.001
       Univariate Log-Likelihood Chi-Square           0.001
     ETH2
       Category 1        0.957        0.957          -0.027
       Category 2        0.043        0.043           0.027
       Univariate Pearson Chi-Square                  0.001
       Univariate Log-Likelihood Chi-Square           0.001
     ETH3
       Category 1        0.926        0.927          -0.040
       Category 2        0.074        0.073           0.040
       Univariate Pearson Chi-Square                  0.002
       Univariate Log-Likelihood Chi-Square           0.002
     ETH4
       Category 1        0.644        0.644           0.002
       Category 2        0.356        0.356          -0.002
       Univariate Pearson Chi-Square                  0.000
       Univariate Log-Likelihood Chi-Square           0.000
     ETH5
       Category 1        0.927        0.927          -0.044
       Category 2        0.073        0.073           0.044
       Univariate Pearson Chi-Square                  0.002
       Univariate Log-Likelihood Chi-Square           0.002

       Overall Univariate Pearson Chi-Square                         0.008
       Overall Univariate Log-Likelihood Chi-Square                  0.008


     BIVARIATE MODEL FIT INFORMATION

                                              Estimated Probabilities
                                                                 Standardized
     Variable       Variable              H1           H0          Residual
                                                                  (z-score)
     GND1           GND2
       Category 1     Category 1        0.957        0.953           0.922
       Category 1     Category 2        0.034        0.038          -1.019
       Category 2     Category 1        0.004        0.007          -2.288
       Category 2     Category 2        0.005        0.002           4.867
       Bivariate Pearson Chi-Square                                 31.725
       Bivariate Log-Likelihood Chi-Square                          23.472
     GND1           GND3
       Category 1     Category 1        0.927        0.927          -0.041
       Category 1     Category 2        0.064        0.064           0.044
       Category 2     Category 1        0.007        0.007           0.279
       Category 2     Category 2        0.002        0.002          -0.473
       Bivariate Pearson Chi-Square                                  0.321
       Bivariate Log-Likelihood Chi-Square                           0.336
     GND1           GND4
       Category 1     Category 1        0.873        0.873           0.130
       Category 1     Category 2        0.118        0.119          -0.134
       Category 2     Category 1        0.003        0.004          -0.702
       Category 2     Category 2        0.005        0.005           0.683
       Bivariate Pearson Chi-Square                                  1.033
       Bivariate Log-Likelihood Chi-Square                           1.044
     GND1           GND5
       Category 1     Category 1        0.946        0.944           0.504
       Category 1     Category 2        0.045        0.047          -0.547
       Category 2     Category 1        0.005        0.007          -1.383
       Category 2     Category 2        0.004        0.002           2.749
       Bivariate Pearson Chi-Square                                 10.346
       Bivariate Log-Likelihood Chi-Square                           8.494
     GND1           GND6
       Category 1     Category 1        0.838        0.838           0.028
       Category 1     Category 2        0.153        0.153          -0.029
       Category 2     Category 1        0.004        0.005          -0.184
       Category 2     Category 2        0.004        0.004           0.194
       Bivariate Pearson Chi-Square                                  0.076
       Bivariate Log-Likelihood Chi-Square                           0.076
     GND1           ETH1
       Category 1     Category 1        0.959        0.960          -0.281
       Category 1     Category 2        0.032        0.031           0.317
       Category 2     Category 1        0.007        0.006           0.792
       Category 2     Category 2        0.002        0.003          -1.052
       Bivariate Pearson Chi-Square                                  1.940
       Bivariate Log-Likelihood Chi-Square                           2.067
     GND1           ETH2
       Category 1     Category 1        0.951        0.952          -0.151
       Category 1     Category 2        0.040        0.039           0.167
       Category 2     Category 1        0.006        0.005           0.371
       Category 2     Category 2        0.003        0.004          -0.450
       Bivariate Pearson Chi-Square                                  0.389
       Bivariate Log-Likelihood Chi-Square                           0.396
     GND1           ETH3
       Category 1     Category 1        0.922        0.921           0.280
       Category 1     Category 2        0.069        0.070          -0.295
       Category 2     Category 1        0.004        0.006          -1.132
       Category 2     Category 2        0.005        0.003           1.541
       Bivariate Pearson Chi-Square                                  3.960
       Bivariate Log-Likelihood Chi-Square                           3.758
     GND1           ETH4
       Category 1     Category 1        0.640        0.640          -0.019
       Category 1     Category 2        0.351        0.351           0.019
       Category 2     Category 1        0.004        0.004           0.167
       Category 2     Category 2        0.005        0.005          -0.149
       Bivariate Pearson Chi-Square                                  0.053
       Bivariate Log-Likelihood Chi-Square                           0.053
     GND1           ETH5
       Category 1     Category 1        0.922        0.921           0.084
       Category 1     Category 2        0.070        0.070          -0.088
       Category 2     Category 1        0.005        0.006          -0.450
       Category 2     Category 2        0.004        0.003           0.602
       Bivariate Pearson Chi-Square                                  0.606
       Bivariate Log-Likelihood Chi-Square                           0.591
     GND2           GND3
       Category 1     Category 1        0.901        0.902          -0.211
       Category 1     Category 2        0.059        0.058           0.267
       Category 2     Category 1        0.033        0.031           0.427
       Category 2     Category 2        0.007        0.008          -0.832
       Bivariate Pearson Chi-Square                                  0.994
       Bivariate Log-Likelihood Chi-Square                           1.037
     GND2           GND4
       Category 1     Category 1        0.854        0.853           0.215
       Category 1     Category 2        0.106        0.108          -0.247
       Category 2     Category 1        0.022        0.024          -0.517
       Category 2     Category 2        0.017        0.016           0.639
       Bivariate Pearson Chi-Square                                  0.768
       Bivariate Log-Likelihood Chi-Square                           0.762
     GND2           GND5
       Category 1     Category 1        0.921        0.917           0.765
       Category 1     Category 2        0.040        0.044          -1.032
       Category 2     Category 1        0.030        0.034          -1.160
       Category 2     Category 2        0.009        0.005           3.003
       Bivariate Pearson Chi-Square                                 12.036
       Bivariate Log-Likelihood Chi-Square                          10.267
     GND2           GND6
       Category 1     Category 1        0.817        0.818          -0.181
       Category 1     Category 2        0.144        0.142           0.200
       Category 2     Category 1        0.026        0.025           0.438
       Category 2     Category 2        0.014        0.015          -0.558
       Bivariate Pearson Chi-Square                                  0.567
       Bivariate Log-Likelihood Chi-Square                           0.573
     GND2           ETH1
       Category 1     Category 1        0.931        0.931           0.019
       Category 1     Category 2        0.029        0.029          -0.029
       Category 2     Category 1        0.034        0.034          -0.002
       Category 2     Category 2        0.005        0.005           0.008
       Bivariate Pearson Chi-Square                                  0.001
       Bivariate Log-Likelihood Chi-Square                           0.001
     GND2           ETH2
       Category 1     Category 1        0.924        0.924           0.011
       Category 1     Category 2        0.037        0.037          -0.016
       Category 2     Category 1        0.033        0.033          -0.047
       Category 2     Category 2        0.006        0.006           0.109
       Bivariate Pearson Chi-Square                                  0.015
       Bivariate Log-Likelihood Chi-Square                           0.015
     GND2           ETH3
       Category 1     Category 1        0.893        0.894          -0.175
       Category 1     Category 2        0.067        0.066           0.216
       Category 2     Category 1        0.033        0.032           0.246
       Category 2     Category 2        0.006        0.007          -0.513
       Bivariate Pearson Chi-Square                                  0.390
       Bivariate Log-Likelihood Chi-Square                           0.400
     GND2           ETH4
       Category 1     Category 1        0.621        0.623          -0.209
       Category 1     Category 2        0.340        0.338           0.214
       Category 2     Category 1        0.023        0.021           0.715
       Category 2     Category 2        0.016        0.018          -0.764
       Bivariate Pearson Chi-Square                                  1.190
       Bivariate Log-Likelihood Chi-Square                           1.197
     GND2           ETH5
       Category 1     Category 1        0.899        0.895           0.537
       Category 1     Category 2        0.062        0.065          -0.666
       Category 2     Category 1        0.028        0.031          -1.007
       Category 2     Category 2        0.011        0.008           1.966
       Bivariate Pearson Chi-Square                                  5.587
       Bivariate Log-Likelihood Chi-Square                           5.163
     GND3           GND4
       Category 1     Category 1        0.849        0.847           0.191
       Category 1     Category 2        0.085        0.086          -0.202
       Category 2     Category 1        0.028        0.030          -0.421
       Category 2     Category 2        0.038        0.037           0.316
       Bivariate Pearson Chi-Square                                  0.330
       Bivariate Log-Likelihood Chi-Square                           0.332
     GND3           GND5
       Category 1     Category 1        0.893        0.893          -0.112
       Category 1     Category 2        0.041        0.040           0.236
       Category 2     Category 1        0.058        0.058           0.148
       Category 2     Category 2        0.008        0.009          -0.501
       Bivariate Pearson Chi-Square                                  0.344
       Bivariate Log-Likelihood Chi-Square                           0.353
     GND3           GND6
       Category 1     Category 1        0.815        0.810           0.615
       Category 1     Category 2        0.119        0.124          -0.697
       Category 2     Category 1        0.028        0.033          -1.372
       Category 2     Category 2        0.038        0.034           1.282
       Bivariate Pearson Chi-Square                                  4.146
       Bivariate Log-Likelihood Chi-Square                           4.181
     GND3           ETH1
       Category 1     Category 1        0.903        0.903           0.090
       Category 1     Category 2        0.031        0.031          -0.085
       Category 2     Category 1        0.062        0.063          -0.092
       Category 2     Category 2        0.004        0.004           0.170
       Bivariate Pearson Chi-Square                                  0.047
       Bivariate Log-Likelihood Chi-Square                           0.047
     GND3           ETH2
       Category 1     Category 1        0.896        0.896           0.039
       Category 1     Category 2        0.037        0.037           0.000
       Category 2     Category 1        0.060        0.061          -0.073
       Category 2     Category 2        0.006        0.006           0.074
       Bivariate Pearson Chi-Square                                  0.011
       Bivariate Log-Likelihood Chi-Square                           0.011
     GND3           ETH3
       Category 1     Category 1        0.865        0.868          -0.488
       Category 1     Category 2        0.069        0.065           0.717
       Category 2     Category 1        0.061        0.058           0.661
       Category 2     Category 2        0.005        0.008          -1.851
       Bivariate Pearson Chi-Square                                  4.588
       Bivariate Log-Likelihood Chi-Square                           5.160
     GND3           ETH4
       Category 1     Category 1        0.602        0.600           0.250
       Category 1     Category 2        0.332        0.334          -0.234
       Category 2     Category 1        0.042        0.044          -0.590
       Category 2     Category 2        0.024        0.022           0.743
       Bivariate Pearson Chi-Square                                  0.992
       Bivariate Log-Likelihood Chi-Square                           0.981
     GND3           ETH5
       Category 1     Category 1        0.870        0.870          -0.118
       Category 1     Category 2        0.064        0.063           0.212
       Category 2     Category 1        0.057        0.056           0.123
       Category 2     Category 2        0.009        0.010          -0.406
       Bivariate Pearson Chi-Square                                  0.235
       Bivariate Log-Likelihood Chi-Square                           0.240
     GND4           GND5
       Category 1     Category 1        0.846        0.845           0.198
       Category 1     Category 2        0.031        0.032          -0.422
       Category 2     Category 1        0.105        0.106          -0.233
       Category 2     Category 2        0.018        0.017           0.584
       Bivariate Pearson Chi-Square                                  0.597
       Bivariate Log-Likelihood Chi-Square                           0.590
     GND4           GND6
       Category 1     Category 1        0.784        0.784           0.051
       Category 1     Category 2        0.093        0.093          -0.081
       Category 2     Category 1        0.058        0.059          -0.098
       Category 2     Category 2        0.065        0.064           0.105
       Bivariate Pearson Chi-Square                                  0.028
       Bivariate Log-Likelihood Chi-Square                           0.028
     GND4           ETH1
       Category 1     Category 1        0.850        0.850          -0.082
       Category 1     Category 2        0.027        0.026           0.166
       Category 2     Category 1        0.116        0.115           0.106
       Category 2     Category 2        0.007        0.008          -0.347
       Bivariate Pearson Chi-Square                                  0.167
       Bivariate Log-Likelihood Chi-Square                           0.170
     GND4           ETH2
       Category 1     Category 1        0.844        0.845          -0.140
       Category 1     Category 2        0.032        0.031           0.274
       Category 2     Category 1        0.112        0.112           0.143
       Category 2     Category 2        0.011        0.012          -0.397
       Bivariate Pearson Chi-Square                                  0.265
       Bivariate Log-Likelihood Chi-Square                           0.268
     GND4           ETH3
       Category 1     Category 1        0.820        0.820           0.029
       Category 1     Category 2        0.057        0.057          -0.059
       Category 2     Category 1        0.107        0.107          -0.069
       Category 2     Category 2        0.017        0.016           0.191
       Bivariate Pearson Chi-Square                                  0.046
       Bivariate Log-Likelihood Chi-Square                           0.046
     GND4           ETH4
       Category 1     Category 1        0.561        0.563          -0.128
       Category 1     Category 2        0.316        0.314           0.131
       Category 2     Category 1        0.083        0.081           0.237
       Category 2     Category 2        0.040        0.042          -0.311
       Bivariate Pearson Chi-Square                                  0.173
       Bivariate Log-Likelihood Chi-Square                           0.174
     GND4           ETH5
       Category 1     Category 1        0.824        0.823           0.076
       Category 1     Category 2        0.053        0.054          -0.140
       Category 2     Category 1        0.103        0.104          -0.132
       Category 2     Category 2        0.020        0.019           0.310
       Bivariate Pearson Chi-Square                                  0.138
       Bivariate Log-Likelihood Chi-Square                           0.136
     GND5           GND6
       Category 1     Category 1        0.808        0.810          -0.200
       Category 1     Category 2        0.143        0.141           0.225
       Category 2     Category 1        0.034        0.033           0.430
       Category 2     Category 2        0.015        0.016          -0.602
       Bivariate Pearson Chi-Square                                  0.623
       Bivariate Log-Likelihood Chi-Square                           0.632
     GND5           ETH1
       Category 1     Category 1        0.922        0.922          -0.042
       Category 1     Category 2        0.029        0.029           0.066
       Category 2     Category 1        0.043        0.043           0.076
       Category 2     Category 2        0.006        0.006          -0.199
       Bivariate Pearson Chi-Square                                  0.052
       Bivariate Log-Likelihood Chi-Square                           0.053
     GND5           ETH2
       Category 1     Category 1        0.915        0.915          -0.017
       Category 1     Category 2        0.036        0.036           0.025
       Category 2     Category 1        0.042        0.042          -0.004
       Category 2     Category 2        0.007        0.007           0.010
       Bivariate Pearson Chi-Square                                  0.001
       Bivariate Log-Likelihood Chi-Square                           0.001
     GND5           ETH3
       Category 1     Category 1        0.886        0.886           0.004
       Category 1     Category 2        0.065        0.065          -0.006
       Category 2     Category 1        0.040        0.041          -0.059
       Category 2     Category 2        0.009        0.008           0.131
       Bivariate Pearson Chi-Square                                  0.022
       Bivariate Log-Likelihood Chi-Square                           0.021
     GND5           ETH4
       Category 1     Category 1        0.616        0.617          -0.106
       Category 1     Category 2        0.335        0.334           0.109
       Category 2     Category 1        0.028        0.027           0.327
       Category 2     Category 2        0.021        0.022          -0.356
       Bivariate Pearson Chi-Square                                  0.255
       Bivariate Log-Likelihood Chi-Square                           0.256
     GND5           ETH5
       Category 1     Category 1        0.890        0.887           0.492
       Category 1     Category 2        0.061        0.064          -0.636
       Category 2     Category 1        0.037        0.040          -0.854
       Category 2     Category 2        0.012        0.009           1.752
       Bivariate Pearson Chi-Square                                  4.405
       Bivariate Log-Likelihood Chi-Square                           4.112
     GND6           ETH1
       Category 1     Category 1        0.817        0.816           0.041
       Category 1     Category 2        0.026        0.026          -0.113
       Category 2     Category 1        0.149        0.149          -0.033
       Category 2     Category 2        0.009        0.008           0.151
       Bivariate Pearson Chi-Square                                  0.039
       Bivariate Log-Likelihood Chi-Square                           0.038
     GND6           ETH2
       Category 1     Category 1        0.812        0.811           0.043
       Category 1     Category 2        0.031        0.031          -0.108
       Category 2     Category 1        0.145        0.146          -0.063
       Category 2     Category 2        0.012        0.012           0.226
       Bivariate Pearson Chi-Square                                  0.070
       Bivariate Log-Likelihood Chi-Square                           0.069
     GND6           ETH3
       Category 1     Category 1        0.789        0.786           0.384
       Category 1     Category 2        0.053        0.056          -0.692
       Category 2     Category 1        0.137        0.140          -0.483
       Category 2     Category 2        0.021        0.017           1.302
       Bivariate Pearson Chi-Square                                  2.496
       Bivariate Log-Likelihood Chi-Square                           2.405
     GND6           ETH4
       Category 1     Category 1        0.538        0.541          -0.248
       Category 1     Category 2        0.304        0.302           0.264
       Category 2     Category 1        0.105        0.103           0.410
       Category 2     Category 2        0.052        0.054          -0.541
       Bivariate Pearson Chi-Square                                  0.535
       Bivariate Log-Likelihood Chi-Square                           0.538
     GND6           ETH5
       Category 1     Category 1        0.787        0.789          -0.358
       Category 1     Category 2        0.056        0.053           0.641
       Category 2     Category 1        0.140        0.137           0.391
       Category 2     Category 2        0.017        0.020          -0.946
       Bivariate Pearson Chi-Square                                  1.514
       Bivariate Log-Likelihood Chi-Square                           1.549
     ETH1           ETH2
       Category 1     Category 1        0.940        0.938           0.223
       Category 1     Category 2        0.026        0.027          -0.305
       Category 2     Category 1        0.017        0.019          -0.438
       Category 2     Category 2        0.017        0.016           0.436
       Bivariate Pearson Chi-Square                                  0.498
       Bivariate Log-Likelihood Chi-Square                           0.499
     ETH1           ETH3
       Category 1     Category 1        0.906        0.906           0.117
       Category 1     Category 2        0.059        0.060          -0.126
       Category 2     Category 1        0.020        0.021          -0.311
       Category 2     Category 2        0.014        0.013           0.350
       Bivariate Pearson Chi-Square                                  0.246
       Bivariate Log-Likelihood Chi-Square                           0.245
     ETH1           ETH4
       Category 1     Category 1        0.634        0.633           0.126
       Category 1     Category 2        0.331        0.332          -0.120
       Category 2     Category 1        0.010        0.011          -0.581
       Category 2     Category 2        0.025        0.024           0.363
       Bivariate Pearson Chi-Square                                  0.507
       Bivariate Log-Likelihood Chi-Square                           0.518
     ETH1           ETH5
       Category 1     Category 1        0.906        0.906           0.026
       Category 1     Category 2        0.060        0.060          -0.013
       Category 2     Category 1        0.021        0.021          -0.130
       Category 2     Category 2        0.014        0.013           0.126
       Bivariate Pearson Chi-Square                                  0.035
       Bivariate Log-Likelihood Chi-Square                           0.035
     ETH2           ETH3
       Category 1     Category 1        0.898        0.899          -0.115
       Category 1     Category 2        0.058        0.058           0.125
       Category 2     Category 1        0.028        0.027           0.149
       Category 2     Category 2        0.015        0.016          -0.152
       Bivariate Pearson Chi-Square                                  0.064
       Bivariate Log-Likelihood Chi-Square                           0.064
     ETH2           ETH4
       Category 1     Category 1        0.631        0.630           0.093
       Category 1     Category 2        0.326        0.327          -0.108
       Category 2     Category 1        0.013        0.014          -0.375
       Category 2     Category 2        0.030        0.029           0.293
       Bivariate Pearson Chi-Square                                  0.248
       Bivariate Log-Likelihood Chi-Square                           0.250
     ETH2           ETH5
       Category 1     Category 1        0.901        0.900           0.256
       Category 1     Category 2        0.056        0.057          -0.355
       Category 2     Category 1        0.026        0.027          -0.543
       Category 2     Category 2        0.018        0.016           0.753
       Bivariate Pearson Chi-Square                                  1.029
       Bivariate Log-Likelihood Chi-Square                           1.016
     ETH3           ETH4
       Category 1     Category 1        0.615        0.612           0.332
       Category 1     Category 2        0.312        0.315          -0.371
       Category 2     Category 1        0.029        0.032          -0.909
       Category 2     Category 2        0.044        0.041           0.860
       Bivariate Pearson Chi-Square                                  1.748
       Bivariate Log-Likelihood Chi-Square                           1.758
     ETH3           ETH5
       Category 1     Category 1        0.868        0.871          -0.355
       Category 1     Category 2        0.058        0.056           0.474
       Category 2     Category 1        0.058        0.056           0.468
       Category 2     Category 2        0.015        0.017          -0.753
       Bivariate Pearson Chi-Square                                  1.053
       Bivariate Log-Likelihood Chi-Square                           1.071
     ETH4           ETH5
       Category 1     Category 1        0.617        0.615           0.168
       Category 1     Category 2        0.027        0.029          -0.481
       Category 2     Category 1        0.310        0.312          -0.201
       Category 2     Category 2        0.046        0.044           0.446
       Bivariate Pearson Chi-Square                                  0.481
       Bivariate Log-Likelihood Chi-Square                           0.483

       Overall Bivariate Pearson Chi-Square                        100.025
       Overall Bivariate Log-Likelihood Chi-Square                  88.031


TECHNICAL 11 OUTPUT

     Random Starts Specifications for the k-1 Class Analysis Model
        Number of initial stage random starts                1000
        Number of final stage optimizations                   250



     VUONG-LO-MENDELL-RUBIN LIKELIHOOD RATIO TEST FOR 3 (H0) VERSUS 4 CLASSES

          H0 Loglikelihood Value                        -7829.313
          2 Times the Loglikelihood Difference             83.158
          Difference in the Number of Parameters               12
          Mean                                             94.575
          Standard Deviation                              269.801
          P-Value                                          0.5169

     LO-MENDELL-RUBIN ADJUSTED LRT TEST

          Value                                            82.298
          P-Value                                          0.5181


SAVEDATA INFORMATION


  Save file
    Prob_BFL_GNDETHlca_C3cl4.dat

  Order and format of variables

    GND1           F10.3
    GND2           F10.3
    GND3           F10.3
    GND4           F10.3
    GND5           F10.3
    GND6           F10.3
    ETH1           F10.3
    ETH2           F10.3
    ETH3           F10.3
    ETH4           F10.3
    ETH5           F10.3
    CPROB1         F10.3
    CPROB2         F10.3
    CPROB3         F10.3
    CPROB4         F10.3
    C              F10.3
    WS             F10.3
    IDSTUD         I9
    ID_S           I4
    ID_J           I4

  Save file format
    17F10.3 I9 2I4

  Save file record length    10000

  Save missing symbol        *


     Beginning Time:  22:12:58
        Ending Time:  22:13:09
       Elapsed Time:  00:00:11



MUTHEN & MUTHEN
3463 Stoner Ave.
Los Angeles, CA  90066

Tel: (310) 391-9971
Fax: (310) 391-8971
Web: www.StatModel.com
Support: Support@StatModel.com

Copyright (c) 1998-2020 Muthen & Muthen
