Mplus VERSION 8.5 (Mac)
MUTHEN & MUTHEN
04/07/2021  10:19 PM

INPUT INSTRUCTIONS

  TITLE: ITAGNDETH LCA - C3 with 5 classes;
  DATA:
  FILE = GNDETHDtaC3.dat;

  VARIABLE:
  NAMES = id_i
  id_j
  id_r
  id_s
  id_k
  wt
  ws
  GND1
  GND2
  GND3
  GND4
  GND5
  GND6
  ETH1
  ETH2
  ETH3
  ETH4
  ETH5
  IDSTUD;
  IDVARIABLE = IDSTUD;
  USEVARIABLES = GND1
  GND2
  GND3
  GND4
  GND5
  GND6
  ETH1
  ETH2
  ETH3
  ETH4
  ETH5;
  USEOBSERVATIONS ARE id_k EQ 7;
  CATEGORICAL = GND1
  GND2
  GND3
  GND4
  GND5
  GND6
  ETH1
  ETH2
  ETH3
  ETH4
  ETH5;
  MISSING = .;
  CLASSES = c(5);
  WEIGHT = ws;
  STRATIFICATION = id_s;
  CLUSTER = id_j;

  ANALYSIS:
  TYPE = COMPLEX MIXTURE;
  PROCESSORS = 4;
  STARTS = 1000 250;
  STITERATIONS = 20;
  STSEED = 288;

  MODEL:
  %OVERALL%

  OUTPUT:
  TECH10
  TECH11
  SVALUES
  ;

  SAVEDATA:
  FILE = Prob_ITA_GNDETHlca_C3cl5.dat;
  SAVE = CPROBABILITIES;



*** WARNING in VARIABLE command
  When a subpopulation is analyzed with TYPE=COMPLEX, standard errors
  may be incorrect.  Use the SUBPOPULATION option instead of the
  USEOBSERVATIONS option to obtain correct standard errors.
*** WARNING
  Data set contains cases with missing on all variables.
  These cases were not included in the analysis.
  Number of cases with missing on all variables:  15
   2 WARNING(S) FOUND IN THE INPUT INSTRUCTIONS



ITAGNDETH LCA - C3 with 5 classes;

SUMMARY OF ANALYSIS

Number of groups                                                 1
Number of observations                                        3435

Number of dependent variables                                   11
Number of independent variables                                  0
Number of continuous latent variables                            0
Number of categorical latent variables                           1

Observed dependent variables

  Binary and ordered categorical (ordinal)
   GND1        GND2        GND3        GND4        GND5        GND6
   ETH1        ETH2        ETH3        ETH4        ETH5

Categorical latent variables
   C

Variables with special functions

  Stratification        ID_S
  Cluster variable      ID_J
  Weight variable       WS
  ID variable           IDSTUD

Estimator                                                      MLR
Information matrix                                        OBSERVED
Optimization Specifications for the Quasi-Newton Algorithm for
Continuous Outcomes
  Maximum number of iterations                                 100
  Convergence criterion                                  0.100D-05
Optimization Specifications for the EM Algorithm
  Maximum number of iterations                                 500
  Convergence criteria
    Loglikelihood change                                 0.100D-06
    Relative loglikelihood change                        0.100D-06
    Derivative                                           0.100D-05
Optimization Specifications for the M step of the EM Algorithm for
Categorical Latent variables
  Number of M step iterations                                    1
  M step convergence criterion                           0.100D-05
  Basis for M step termination                           ITERATION
Optimization Specifications for the M step of the EM Algorithm for
Censored, Binary or Ordered Categorical (Ordinal), Unordered
Categorical (Nominal) and Count Outcomes
  Number of M step iterations                                    1
  M step convergence criterion                           0.100D-05
  Basis for M step termination                           ITERATION
  Maximum value for logit thresholds                            15
  Minimum value for logit thresholds                           -15
  Minimum expected cell size for chi-square              0.100D-01
Maximum number of iterations for H1                           2000
Convergence criterion for H1                             0.100D-03
Optimization algorithm                                         EMA
Random Starts Specifications
  Number of initial stage random starts                       1000
  Number of final stage optimizations                          250
  Number of initial stage iterations                            20
  Initial stage convergence criterion                    0.100D+01
  Random starts scale                                    0.500D+01
  Random seed for generating random starts                     288
Link                                                         LOGIT

Input data file(s)
  GNDETHDtaC3.dat
Input data format  FREE


SUMMARY OF DATA

     Number of missing data patterns            32
     Number of y missing data patterns           0
     Number of u missing data patterns          32
     Number of strata                           75
     Number of clusters                        170


COVARIANCE COVERAGE OF DATA

Minimum covariance coverage value   0.100


     PROPORTION OF DATA PRESENT FOR U


           Covariance Coverage
              GND1          GND2          GND3          GND4          GND5
              ________      ________      ________      ________      ________
 GND1           0.998
 GND2           0.996         0.997
 GND3           0.993         0.993         0.994
 GND4           0.995         0.994         0.991         0.996
 GND5           0.994         0.994         0.991         0.993         0.996
 GND6           0.995         0.994         0.991         0.993         0.993
 ETH1           0.993         0.993         0.989         0.991         0.992
 ETH2           0.992         0.992         0.989         0.990         0.990
 ETH3           0.991         0.991         0.988         0.990         0.990
 ETH4           0.990         0.989         0.986         0.988         0.987
 ETH5           0.991         0.991         0.988         0.990         0.990


           Covariance Coverage
              GND6          ETH1          ETH2          ETH3          ETH4
              ________      ________      ________      ________      ________
 GND6           0.996
 ETH1           0.992         0.994
 ETH2           0.991         0.992         0.993
 ETH3           0.990         0.992         0.991         0.993
 ETH4           0.988         0.990         0.989         0.988         0.991
 ETH5           0.990         0.992         0.991         0.990         0.990


           Covariance Coverage
              ETH5
              ________
 ETH5           0.993


UNIVARIATE PROPORTIONS AND COUNTS FOR CATEGORICAL VARIABLES

    GND1
      Category 1    0.978         3350.979
      Category 2    0.022           75.639
    GND2
      Category 1    0.964         3303.900
      Category 2    0.036          122.527
    GND3
      Category 1    0.926         3161.644
      Category 2    0.074          254.446
    GND4
      Category 1    0.808         2764.495
      Category 2    0.192          656.534
    GND5
      Category 1    0.957         3274.710
      Category 2    0.043          145.830
    GND6
      Category 1    0.833         2848.924
      Category 2    0.167          570.773
    ETH1
      Category 1    0.960         3280.325
      Category 2    0.040          135.228
    ETH2
      Category 1    0.908         3096.196
      Category 2    0.092          315.367
    ETH3
      Category 1    0.943         3215.865
      Category 2    0.057          194.120
    ETH4
      Category 1    0.735         2501.634
      Category 2    0.265          901.231
    ETH5
      Category 1    0.939         3202.813
      Category 2    0.061          206.788


RANDOM STARTS RESULTS RANKED FROM THE BEST TO THE WORST LOGLIKELIHOOD VALUES

Final stage loglikelihood values at local maxima, seeds, and initial stage start numbers:

           -9022.809  746482           80
           -9022.809  7955             173
           -9022.809  363526           136
           -9022.809  911649           875
           -9022.809  782833           282
           -9022.809  905126           723
           -9022.809  919611           405
           -9022.809  550421           504
           -9022.809  215091           876
           -9022.809  755704           579
           -9022.809  536337           134
           -9022.809  257154           710
           -9022.809  55908            587
           -9022.809  933052           57
           -9022.809  982761           960
           -9022.809  690502           520
           -9022.809  752948           849
           -9022.809  842046           255
           -9022.809  552466           865
           -9022.809  241342           73
           -9022.809  804806           254
           -9022.809  566415           567
           -9022.809  699749           556
           -9022.809  88747            955
           -9022.809  449914           537
           -9022.809  613990           76
           -9022.809  314847           917
           -9022.809  971300           813
           -9022.809  454330           14
           -9022.809  117896           87
           -9022.809  845314           106
           -9022.809  654184           66
           -9022.809  488184           546
           -9022.809  547800           794
           -9022.809  216144           158
           -9022.809  300853           177
           -9022.809  456200           880
           -9022.809  530679           478
           -9022.809  510010           197
           -9022.809  890984           102
           -9022.809  747907           664
           -9022.809  851486           342
           -9022.809  341640           728
           -9022.809  860811           322
           -9022.809  378029           660
           -9022.809  344304           737
           -9022.809  196458           747
           -9022.826  503362           971
           -9022.947  394891           167
           -9022.947  227359           785
           -9022.947  370680           94
           -9022.947  188329           716
           -9023.911  341151           77
           -9030.267  752749           806
           -9030.267  676245           240
           -9030.267  101419           200

194 perturbed starting value run(s) did not converge or were rejected in the third stage.



THE BEST LOGLIKELIHOOD VALUE HAS BEEN REPLICATED.  RERUN WITH AT LEAST TWICE THE
RANDOM STARTS TO CHECK THAT THE BEST LOGLIKELIHOOD IS STILL OBTAINED AND REPLICATED.

     IN THE OPTIMIZATION, ONE OR MORE LOGIT THRESHOLDS APPROACHED EXTREME VALUES
     OF -15.000 AND 15.000 AND WERE FIXED TO STABILIZE MODEL ESTIMATION.  THESE
     VALUES IMPLY PROBABILITIES OF 0 AND 1.  IN THE MODEL RESULTS SECTION, THESE
     PARAMETERS HAVE 0 STANDARD ERRORS AND 999 IN THE Z-SCORE AND P-VALUE COLUMNS.




THE MODEL ESTIMATION TERMINATED NORMALLY



MODEL FIT INFORMATION

Number of Free Parameters                       59

Loglikelihood

          H0 Value                       -9022.809
          H0 Scaling Correction Factor      1.2554
            for MLR

Information Criteria

          Akaike (AIC)                   18163.618
          Bayesian (BIC)                 18525.982
          Sample-Size Adjusted BIC       18338.511
            (n* = (n + 2) / 24)

Chi-Square Test of Model Fit for the Binary and Ordered Categorical
(Ordinal) Outcomes**

          Pearson Chi-Square

          Value                           1878.045
          Degrees of Freedom                  1960
          P-Value                           0.9061

          Likelihood Ratio Chi-Square

          Value                            866.901
          Degrees of Freedom                  1960
          P-Value                           1.0000

** Of the 17334 cells in the latent class indicator table, 28
   were deleted in the calculation of chi-square due to extreme values.

Chi-Square Test for MCAR under the Unrestricted Latent Class Indicator Model

          Pearson Chi-Square

          Value                            778.285
          Degrees of Freedom                 15255
          P-Value                           1.0000

          Likelihood Ratio Chi-Square

          Value                            427.081
          Degrees of Freedom                 15255
          P-Value                           1.0000



FINAL CLASS COUNTS AND PROPORTIONS FOR THE LATENT CLASSES
BASED ON THE ESTIMATED MODEL

    Latent
   Classes

       1        334.01555          0.09724
       2        271.15023          0.07894
       3        229.93917          0.06694
       4       2539.43029          0.73928
       5         60.46477          0.01760


FINAL CLASS COUNTS AND PROPORTIONS FOR THE LATENT CLASSES
BASED ON ESTIMATED POSTERIOR PROBABILITIES

    Latent
   Classes

       1        334.01555          0.09724
       2        271.15023          0.07894
       3        229.93917          0.06694
       4       2539.43029          0.73928
       5         60.46477          0.01760


FINAL CLASS COUNTS AND PROPORTIONS FOR THE LATENT CLASSES
BASED ON THEIR MOST LIKELY LATENT CLASS MEMBERSHIP

Class Counts and Proportions

    Latent
   Classes

       1              239          0.06961
       2              251          0.07318
       3              204          0.05938
       4             2677          0.77946
       5               63          0.01837


CLASSIFICATION QUALITY

     Entropy                         0.836


Average Latent Class Probabilities for Most Likely Latent Class Membership (Row)
by Latent Class (Column)

           1        2        3        4        5

    1   0.846    0.006    0.078    0.063    0.008
    2   0.018    0.836    0.087    0.060    0.000
    3   0.068    0.055    0.839    0.028    0.011
    4   0.040    0.018    0.006    0.935    0.000
    5   0.082    0.000    0.029    0.000    0.890


Classification Probabilities for the Most Likely Latent Class Membership (Column)
by Latent Class (Row)

           1        2        3        4        5

    1   0.605    0.013    0.042    0.324    0.015
    2   0.005    0.775    0.041    0.179    0.000
    3   0.082    0.095    0.744    0.072    0.008
    4   0.006    0.006    0.002    0.986    0.000
    5   0.030    0.000    0.037    0.003    0.929


Logits for the Classification Probabilities for the Most Likely Latent Class Membership (Column)
by Latent Class (Row)

              1        2        3        4        5

    1      3.668   -0.145    0.990    3.044    0.000
    2      8.293   13.339   10.403   11.876    0.000
    3      2.341    2.494    4.551    2.212    0.000
    4      8.681    8.684    7.710   13.801    0.000
    5     -3.416   -7.683   -3.223   -5.602    0.000


MODEL RESULTS

                                                    Two-Tailed
                    Estimate       S.E.  Est./S.E.    P-Value

Latent Class 1

 Thresholds
    GND1$1             5.695      1.351      4.216      0.000
    GND2$1             3.968      1.002      3.961      0.000
    GND3$1             3.789      1.049      3.614      0.000
    GND4$1             1.513      0.351      4.307      0.000
    GND5$1             3.163      0.548      5.775      0.000
    GND6$1             1.969      0.447      4.404      0.000
    ETH1$1             1.785      0.635      2.812      0.005
    ETH2$1            -0.074      0.664     -0.111      0.912
    ETH3$1             2.103      0.433      4.857      0.000
    ETH4$1            -1.204      0.430     -2.803      0.005
    ETH5$1             1.784      0.426      4.193      0.000

Latent Class 2

 Thresholds
    GND1$1             4.214      0.931      4.525      0.000
    GND2$1             3.366      0.718      4.690      0.000
    GND3$1             0.469      0.186      2.520      0.012
    GND4$1            -1.604      0.388     -4.133      0.000
    GND5$1             2.779      0.579      4.797      0.000
    GND6$1            -1.749      0.706     -2.478      0.013
    ETH1$1             3.942      0.778      5.068      0.000
    ETH2$1             4.238      1.903      2.227      0.026
    ETH3$1             5.692      7.033      0.809      0.418
    ETH4$1             1.438      0.291      4.942      0.000
    ETH5$1             4.382      2.288      1.915      0.055

Latent Class 3

 Thresholds
    GND1$1             1.139      0.413      2.759      0.006
    GND2$1             0.567      0.409      1.387      0.165
    GND3$1             0.347      0.304      1.141      0.254
    GND4$1            -0.780      0.195     -4.004      0.000
    GND5$1             0.848      0.254      3.333      0.001
    GND6$1            -0.483      0.228     -2.118      0.034
    ETH1$1             2.178      0.420      5.190      0.000
    ETH2$1             0.738      0.262      2.821      0.005
    ETH3$1             0.555      0.213      2.611      0.009
    ETH4$1             0.203      0.220      0.922      0.356
    ETH5$1             0.366      0.285      1.286      0.199

Latent Class 4

 Thresholds
    GND1$1             6.407      0.573     11.188      0.000
    GND2$1             5.502      0.648      8.495      0.000
    GND3$1             4.221      0.209     20.151      0.000
    GND4$1             2.511      0.162     15.485      0.000
    GND5$1             4.352      0.293     14.864      0.000
    GND6$1             2.845      0.125     22.682      0.000
    ETH1$1            15.000      0.000    999.000    999.000
    ETH2$1             5.936      2.366      2.509      0.012
    ETH3$1             4.437      0.371     11.954      0.000
    ETH4$1             1.563      0.147     10.637      0.000
    ETH5$1             5.771      0.653      8.844      0.000

Latent Class 5

 Thresholds
    GND1$1             1.501      0.493      3.043      0.002
    GND2$1             1.166      0.387      3.016      0.003
    GND3$1             1.129      0.420      2.687      0.007
    GND4$1             0.330      0.405      0.815      0.415
    GND5$1             0.988      0.523      1.888      0.059
    GND6$1             0.594      0.338      1.756      0.079
    ETH1$1           -15.000      0.000    999.000    999.000
    ETH2$1           -15.000      0.000    999.000    999.000
    ETH3$1            -1.186      0.593     -2.001      0.045
    ETH4$1            -4.354      3.076     -1.415      0.157
    ETH5$1            -2.735      1.887     -1.449      0.147

Categorical Latent Variables

 Means
    C#1                1.709      0.327      5.235      0.000
    C#2                1.501      0.330      4.554      0.000
    C#3                1.336      0.395      3.383      0.001
    C#4                3.738      0.262     14.262      0.000


RESULTS IN PROBABILITY SCALE

Latent Class 1

 GND1
    Category 1         0.997      0.005    220.830      0.000
    Category 2         0.003      0.005      0.743      0.458
 GND2
    Category 1         0.981      0.018     53.788      0.000
    Category 2         0.019      0.018      1.017      0.309
 GND3
    Category 1         0.978      0.023     43.134      0.000
    Category 2         0.022      0.023      0.975      0.329
 GND4
    Category 1         0.819      0.052     15.770      0.000
    Category 2         0.181      0.052      3.475      0.001
 GND5
    Category 1         0.959      0.021     45.002      0.000
    Category 2         0.041      0.021      1.903      0.057
 GND6
    Category 1         0.878      0.048     18.260      0.000
    Category 2         0.122      0.048      2.549      0.011
 ETH1
    Category 1         0.856      0.078     10.962      0.000
    Category 2         0.144      0.078      1.839      0.066
 ETH2
    Category 1         0.482      0.166      2.903      0.004
    Category 2         0.518      0.166      3.125      0.002
 ETH3
    Category 1         0.891      0.042     21.229      0.000
    Category 2         0.109      0.042      2.592      0.010
 ETH4
    Category 1         0.231      0.076      3.026      0.002
    Category 2         0.769      0.076     10.090      0.000
 ETH5
    Category 1         0.856      0.052     16.344      0.000
    Category 2         0.144      0.052      2.745      0.006

Latent Class 2

 GND1
    Category 1         0.985      0.013     73.686      0.000
    Category 2         0.015      0.013      1.090      0.276
 GND2
    Category 1         0.967      0.023     41.742      0.000
    Category 2         0.033      0.023      1.442      0.149
 GND3
    Category 1         0.615      0.044     13.950      0.000
    Category 2         0.385      0.044      8.724      0.000
 GND4
    Category 1         0.167      0.054      3.095      0.002
    Category 2         0.833      0.054     15.390      0.000
 GND5
    Category 1         0.942      0.032     29.530      0.000
    Category 2         0.058      0.032      1.833      0.067
 GND6
    Category 1         0.148      0.089      1.664      0.096
    Category 2         0.852      0.089      9.562      0.000
 ETH1
    Category 1         0.981      0.015     67.548      0.000
    Category 2         0.019      0.015      1.310      0.190
 ETH2
    Category 1         0.986      0.027     36.919      0.000
    Category 2         0.014      0.027      0.533      0.594
 ETH3
    Category 1         0.997      0.024     42.313      0.000
    Category 2         0.003      0.024      0.143      0.887
 ETH4
    Category 1         0.808      0.045     17.912      0.000
    Category 2         0.192      0.045      4.252      0.000
 ETH5
    Category 1         0.988      0.028     35.398      0.000
    Category 2         0.012      0.028      0.443      0.658

Latent Class 3

 GND1
    Category 1         0.758      0.076      9.988      0.000
    Category 2         0.242      0.076      3.197      0.001
 GND2
    Category 1         0.638      0.094      6.759      0.000
    Category 2         0.362      0.094      3.833      0.000
 GND3
    Category 1         0.586      0.074      7.948      0.000
    Category 2         0.414      0.074      5.619      0.000
 GND4
    Category 1         0.314      0.042      7.490      0.000
    Category 2         0.686      0.042     16.335      0.000
 GND5
    Category 1         0.700      0.053     13.106      0.000
    Category 2         0.300      0.053      5.612      0.000
 GND6
    Category 1         0.382      0.054      7.095      0.000
    Category 2         0.618      0.054     11.497      0.000
 ETH1
    Category 1         0.898      0.038     23.417      0.000
    Category 2         0.102      0.038      2.654      0.008
 ETH2
    Category 1         0.677      0.057     11.817      0.000
    Category 2         0.323      0.057      5.649      0.000
 ETH3
    Category 1         0.635      0.049     12.900      0.000
    Category 2         0.365      0.049      7.404      0.000
 ETH4
    Category 1         0.551      0.055     10.094      0.000
    Category 2         0.449      0.055      8.238      0.000
 ETH5
    Category 1         0.590      0.069      8.579      0.000
    Category 2         0.410      0.069      5.950      0.000

Latent Class 4

 GND1
    Category 1         0.998      0.001   1060.458      0.000
    Category 2         0.002      0.001      1.749      0.080
 GND2
    Category 1         0.996      0.003    379.969      0.000
    Category 2         0.004      0.003      1.550      0.121
 GND3
    Category 1         0.986      0.003    329.936      0.000
    Category 2         0.014      0.003      4.844      0.000
 GND4
    Category 1         0.925      0.011     82.106      0.000
    Category 2         0.075      0.011      6.669      0.000
 GND5
    Category 1         0.987      0.004    268.617      0.000
    Category 2         0.013      0.004      3.459      0.001
 GND6
    Category 1         0.945      0.007    145.145      0.000
    Category 2         0.055      0.007      8.435      0.000
 ETH1
    Category 1         1.000      0.000      0.000      1.000
    Category 2         0.000      0.000      0.000      1.000
 ETH2
    Category 1         0.997      0.006    160.331      0.000
    Category 2         0.003      0.006      0.424      0.672
 ETH3
    Category 1         0.988      0.004    230.442      0.000
    Category 2         0.012      0.004      2.726      0.006
 ETH4
    Category 1         0.827      0.021     39.294      0.000
    Category 2         0.173      0.021      8.229      0.000
 ETH5
    Category 1         0.997      0.002    493.230      0.000
    Category 2         0.003      0.002      1.537      0.124

Latent Class 5

 GND1
    Category 1         0.818      0.074     11.122      0.000
    Category 2         0.182      0.074      2.479      0.013
 GND2
    Category 1         0.762      0.070     10.887      0.000
    Category 2         0.238      0.070      3.391      0.001
 GND3
    Category 1         0.756      0.078      9.741      0.000
    Category 2         0.244      0.078      3.151      0.002
 GND4
    Category 1         0.582      0.098      5.909      0.000
    Category 2         0.418      0.098      4.249      0.000
 GND5
    Category 1         0.729      0.103      7.043      0.000
    Category 2         0.271      0.103      2.623      0.009
 GND6
    Category 1         0.644      0.077      8.314      0.000
    Category 2         0.356      0.077      4.592      0.000
 ETH1
    Category 1         0.000      0.000      0.000      1.000
    Category 2         1.000      0.000      0.000      1.000
 ETH2
    Category 1         0.000      0.000      0.000      1.000
    Category 2         1.000      0.000      0.000      1.000
 ETH3
    Category 1         0.234      0.106      2.203      0.028
    Category 2         0.766      0.106      7.210      0.000
 ETH4
    Category 1         0.013      0.039      0.329      0.742
    Category 2         0.987      0.039     25.613      0.000
 ETH5
    Category 1         0.061      0.108      0.564      0.573
    Category 2         0.939      0.108      8.695      0.000


LATENT CLASS ODDS RATIO RESULTS

                                                95% C.I.
                    Estimate       S.E.  Lower 2.5% Upper 2.5%

Latent Class 1 Compared to Latent Class 2

 GND1
    Category > 1       0.227      0.394      0.008      6.772
 GND2
    Category > 1       0.547      0.618      0.060      4.998
 GND3
    Category > 1       0.036      0.039      0.004      0.299
 GND4
    Category > 1       0.044      0.023      0.016      0.125
 GND5
    Category > 1       0.681      0.473      0.175      2.658
 GND6
    Category > 1       0.024      0.024      0.004      0.163
 ETH1
    Category > 1       8.648      8.376      1.296     57.715
 ETH2
    Category > 1      74.571    155.282      1.259   4416.701
 ETH3
    Category > 1      36.209    247.722      0.000  *********
 ETH4
    Category > 1      14.046      7.132      5.192     37.998
 ETH5
    Category > 1      13.432     31.203      0.142   1275.018

Latent Class 1 Compared to Latent Class 3

 GND1
    Category > 1       0.011      0.014      0.001      0.144
 GND2
    Category > 1       0.033      0.031      0.005      0.208
 GND3
    Category > 1       0.032      0.034      0.004      0.253
 GND4
    Category > 1       0.101      0.044      0.043      0.236
 GND5
    Category > 1       0.099      0.054      0.034      0.286
 GND6
    Category > 1       0.086      0.040      0.035      0.213
 ETH1
    Category > 1       1.481      1.228      0.291      7.523
 ETH2
    Category > 1       2.252      1.791      0.474     10.706
 ETH3
    Category > 1       0.213      0.093      0.090      0.501
 ETH4
    Category > 1       4.085      2.142      1.462     11.416
 ETH5
    Category > 1       0.242      0.142      0.077      0.763

Latent Class 1 Compared to Latent Class 4

 GND1
    Category > 1       2.040      3.072      0.107     39.050
 GND2
    Category > 1       4.634      6.778      0.263     81.492
 GND3
    Category > 1       1.540      1.753      0.166     14.329
 GND4
    Category > 1       2.713      1.197      1.143      6.440
 GND5
    Category > 1       3.283      2.430      0.770     14.006
 GND6
    Category > 1       2.402      1.201      0.902      6.398
 ETH1
    Category > 1   *********      0.000  *********  *********
 ETH2
    Category > 1     407.243    865.654      6.316  26256.646
 ETH3
    Category > 1      10.320      6.947      2.759     38.609
 ETH4
    Category > 1      15.920      5.757      7.836     32.343
 ETH5
    Category > 1      53.877     34.276     15.484    187.474

Latent Class 1 Compared to Latent Class 5

 GND1
    Category > 1       0.015      0.023      0.001      0.304
 GND2
    Category > 1       0.061      0.071      0.006      0.593
 GND3
    Category > 1       0.070      0.087      0.006      0.810
 GND4
    Category > 1       0.306      0.180      0.097      0.971
 GND5
    Category > 1       0.114      0.100      0.020      0.640
 GND6
    Category > 1       0.253      0.155      0.076      0.838
 ETH1
    Category > 1       0.000      0.000      0.000      0.000
 ETH2
    Category > 1       0.000      0.000      0.000      0.000
 ETH3
    Category > 1       0.037      0.026      0.009      0.148
 ETH4
    Category > 1       0.043      0.128      0.000     14.819
 ETH5
    Category > 1       0.011      0.019      0.000      0.328

Latent Class 2 Compared to Latent Class 3

 GND1
    Category > 1       0.046      0.047      0.006      0.340
 GND2
    Category > 1       0.061      0.043      0.015      0.243
 GND3
    Category > 1       0.884      0.357      0.401      1.949
 GND4
    Category > 1       2.280      1.103      0.883      5.885
 GND5
    Category > 1       0.145      0.082      0.048      0.437
 GND6
    Category > 1       3.547      2.883      0.721     17.448
 ETH1
    Category > 1       0.171      0.173      0.023      1.248
 ETH2
    Category > 1       0.030      0.058      0.001      1.296
 ETH3
    Category > 1       0.006      0.041      0.000   4835.647
 ETH4
    Category > 1       0.291      0.117      0.132      0.642
 ETH5
    Category > 1       0.018      0.039      0.000      1.235

Latent Class 2 Compared to Latent Class 4

 GND1
    Category > 1       8.967      8.024      1.552     51.797
 GND2
    Category > 1       8.465      8.733      1.121     63.939
 GND3
    Category > 1      42.596     11.028     25.644     70.755
 GND4
    Category > 1      61.219     25.133     27.380    136.880
 GND5
    Category > 1       4.820      3.543      1.141     20.362
 GND6
    Category > 1      98.884     66.916     26.248    372.525
 ETH1
    Category > 1   63421.250      0.000  63421.250  63421.250
 ETH2
    Category > 1       5.461     16.821      0.013   2286.006
 ETH3
    Category > 1       0.285      2.036      0.000  *********
 ETH4
    Category > 1       1.133      0.365      0.603      2.130
 ETH5
    Category > 1       4.011     10.213      0.027    589.803

Latent Class 2 Compared to Latent Class 5

 GND1
    Category > 1       0.066      0.071      0.008      0.540
 GND2
    Category > 1       0.111      0.095      0.021      0.591
 GND3
    Category > 1       1.933      0.866      0.804      4.650
 GND4
    Category > 1       6.914      3.939      2.263     21.120
 GND5
    Category > 1       0.167      0.132      0.035      0.790
 GND6
    Category > 1      10.405      7.317      2.622     41.291
 ETH1
    Category > 1       0.000      0.000      0.000      0.000
 ETH2
    Category > 1       0.000      0.000      0.000      0.000
 ETH3
    Category > 1       0.001      0.007      0.000   1200.481
 ETH4
    Category > 1       0.003      0.010      0.000      1.417
 ETH5
    Category > 1       0.001      0.002      0.000      0.233

Latent Class 3 Compared to Latent Class 4

 GND1
    Category > 1     194.058    129.636     52.396    718.734
 GND2
    Category > 1     138.993    113.937     27.875    693.050
 GND3
    Category > 1      48.159     18.336     22.835    101.569
 GND4
    Category > 1      26.852      6.488     16.724     43.116
 GND5
    Category > 1      33.251     13.461     15.038     73.522
 GND6
    Category > 1      27.882      7.890     16.012     48.550
 ETH1
    Category > 1   *********      0.000  *********  *********
 ETH2
    Category > 1     180.838    438.840      1.555  21034.707
 ETH3
    Category > 1      48.524     22.676     19.416    121.268
 ETH4
    Category > 1       3.897      1.001      2.355      6.447
 ETH5
    Category > 1     222.502    175.822     47.283   1047.051

Latent Class 3 Compared to Latent Class 5

 GND1
    Category > 1       1.436      1.017      0.358      5.752
 GND2
    Category > 1       1.821      1.138      0.535      6.199
 GND3
    Category > 1       2.186      1.291      0.687      6.955
 GND4
    Category > 1       3.033      1.263      1.341      6.861
 GND5
    Category > 1       1.150      0.722      0.336      3.935
 GND6
    Category > 1       2.934      1.368      1.177      7.315
 ETH1
    Category > 1       0.000      0.000      0.000      0.000
 ETH2
    Category > 1       0.000      0.000      0.000      0.000
 ETH3
    Category > 1       0.175      0.119      0.046      0.664
 ETH4
    Category > 1       0.010      0.032      0.000      4.330
 ETH5
    Category > 1       0.045      0.088      0.001      2.072

Latent Class 4 Compared to Latent Class 5

 GND1
    Category > 1       0.007      0.006      0.002      0.033
 GND2
    Category > 1       0.013      0.008      0.004      0.046
 GND3
    Category > 1       0.045      0.020      0.019      0.108
 GND4
    Category > 1       0.113      0.046      0.050      0.253
 GND5
    Category > 1       0.035      0.018      0.013      0.094
 GND6
    Category > 1       0.105      0.035      0.055      0.201
 ETH1
    Category > 1       0.000      0.000      0.000      0.000
 ETH2
    Category > 1       0.000      0.000      0.000      0.000
 ETH3
    Category > 1       0.004      0.002      0.001      0.010
 ETH4
    Category > 1       0.003      0.008      0.000      1.066
 ETH5
    Category > 1       0.000      0.000      0.000      0.007


QUALITY OF NUMERICAL RESULTS

     Condition Number for the Information Matrix              0.492E-04
       (ratio of smallest to largest eigenvalue)


MODEL COMMAND WITH FINAL ESTIMATES USED AS STARTING VALUES

     %OVERALL%

     [ c#1*1.70913 ];
     [ c#2*1.50061 ];
     [ c#3*1.33575 ];
     [ c#4*3.73763 ];

     %C#1%

     [ gnd1$1*5.69456 ];
     [ gnd2$1*3.96827 ];
     [ gnd3$1*3.78937 ];
     [ gnd4$1*1.51259 ];
     [ gnd5$1*3.16341 ];
     [ gnd6$1*1.96908 ];
     [ eth1$1*1.78506 ];
     [ eth2$1*-0.07375 ];
     [ eth3$1*2.10309 ];
     [ eth4$1*-1.20415 ];
     [ eth5$1*1.78422 ];

     %C#2%

     [ gnd1$1*4.21387 ];
     [ gnd2$1*3.36564 ];
     [ gnd3$1*0.46945 ];
     [ gnd4$1*-1.60384 ];
     [ gnd5$1*2.77944 ];
     [ gnd6$1*-1.74861 ];
     [ eth1$1*3.94245 ];
     [ eth2$1*4.23800 ];
     [ eth3$1*5.69241 ];
     [ eth4$1*1.43819 ];
     [ eth5$1*4.38189 ];

     %C#3%

     [ gnd1$1*1.13926 ];
     [ gnd2$1*0.56720 ];
     [ gnd3$1*0.34670 ];
     [ gnd4$1*-0.77975 ];
     [ gnd5$1*0.84815 ];
     [ gnd6$1*-0.48264 ];
     [ eth1$1*2.17751 ];
     [ eth2$1*0.73805 ];
     [ eth3$1*0.55514 ];
     [ eth4$1*0.20329 ];
     [ eth5$1*0.36600 ];

     %C#4%

     [ gnd1$1*6.40741 ];
     [ gnd2$1*5.50162 ];
     [ gnd3$1*4.22121 ];
     [ gnd4$1*2.51061 ];
     [ gnd5$1*4.35224 ];
     [ gnd6$1*2.84534 ];
     [ eth1$1*15 ];
     [ eth2$1*5.93566 ];
     [ eth3$1*4.43720 ];
     [ eth4$1*1.56340 ];
     [ eth5$1*5.77093 ];

     %C#5%

     [ gnd1$1*1.50106 ];
     [ gnd2$1*1.16633 ];
     [ gnd3$1*1.12856 ];
     [ gnd4$1*0.32971 ];
     [ gnd5$1*0.98755 ];
     [ gnd6$1*0.59370 ];
     [ eth1$1*-15 ];
     [ eth2$1*-15 ];
     [ eth3$1*-1.18580 ];
     [ eth4$1*-4.35403 ];
     [ eth5$1*-2.73504 ];



TECHNICAL 10 OUTPUT


     MODEL FIT INFORMATION FOR THE LATENT CLASS INDICATOR MODEL PART


     RESPONSE PATTERNS

     No.  Pattern        No.  Pattern        No.  Pattern
       1  00000000000      2  00000000001      3  00000000010
       4  00000000011      5  00000000100      6  00000000101
       7  00000000110      8  00000000111      9  00000001000
      10  00000001001     11  00000001010     12  00000001011
      13  00000001100     14  00000001101     15  00000001110
      16  00000001111     17  00000010000     18  00000010010
      19  00000010011     20  00000011000     21  00000011001
      22  00000011010     23  00000011011     24  00000011100
      25  00000011110     26  00000011111     27  00000100000
      28  00000100001     29  00000100010     30  00000100100
      31  00000100101     32  00000100110     33  00000101000
      34  00000101010     35  00000101011     36  00000110010
      37  00000111010     38  00000111011     39  00000111111
      40  00001000000     41  00001000010     42  00001001000
      43  00001001001     44  00001001010     45  00001010000
      46  00001011100     47  00001011111     48  00001100000
      49  00001100010     50  00001100110     51  00001100111
      52  00001111000     53  00010000000     54  00010000001
      55  00010000010     56  00010000011     57  00010000100
      58  00010000101     59  00010000110     60  00010000111
      61  00010001000     62  00010001001     63  00010001010
      64  00010001011     65  00010001100     66  00010001101
      67  00010001110     68  00010001111     69  00010010001
      70  00010010011     71  00010011010     72  00010011011
      73  00010011111     74  00010100000     75  00010100001
      76  00010100010     77  00010100011     78  00010100100
      79  00010100101     80  00010100110     81  00010101000
      82  00010101010     83  00010101110     84  00010110000
      85  00010110010     86  00010110101     87  00010110110
      88  00010111010     89  00010111011     90  00010111100
      91  00010111111     92  00011000000     93  00011000010
      94  00011000110     95  00011100000     96  00011100001
      97  00011100010     98  00011100100     99  00011100101
     100  00011101000    101  00011101001    102  00011101010
     103  00011101101    104  00011110001    105  00011111111
     106  00100000000    107  00100000010    108  00100000100
     109  00100000110    110  00100001011    111  00100001101
     112  00100010010    113  00100010011    114  00100011111
     115  00100100000    116  00100100001    117  00100100010
     118  00100100011    119  00100100100    120  00100100110
     121  00100101000    122  00100101001    123  00100111010
     124  00100111011    125  00100111110    126  00100111111
     127  00101000000    128  00101000001    129  00101000101
     130  00110000000    131  00110000001    132  00110000010
     133  00110000011    134  00110000100    135  00110000110
     136  00110000111    137  00110001010    138  00110011101
     139  00110100000    140  00110100001    141  00110100010
     142  00110100011    143  00110100100    144  00110101000
     145  00110101001    146  00110101010    147  00110101111
     148  00110110000    149  00110111011    150  00110111100
     151  00110111111    152  00111000001    153  00111000010
     154  00111001011    155  00111011111    156  00111100000
     157  00111100010    158  00111100101    159  00111101010
     160  00111110001    161  01000000000    162  01000000010
     163  01000001000    164  01000001010    165  01000011011
     166  01000011111    167  01000100000    168  01000100001
     169  01000100010    170  01001000000    171  01001001000
     172  01010000000    173  01010000010    174  01010000011
     175  01010000101    176  01010000110    177  01010001000
     178  01010011010    179  01010100000    180  01010100001
     181  01010100100    182  01010101010    183  01010111111
     184  01011000000    185  01011011111    186  01011100000
     187  01011101001    188  01011101010    189  01100000110
     190  01100001011    191  01100011111    192  01100100010
     193  01100100011    194  01100100111    195  01100111010
     196  01101100010    197  01101101001    198  01101101101
     199  01110000010    200  01110001001    201  01110100000
     202  01110100010    203  01110101010    204  01111100000
     205  01111100100    206  01111101101    207  01111110000
     208  10000000000    209  10000000100    210  10000000110
     211  10000001010    212  10000101001    213  10001111111
     214  10010000010    215  10010000011    216  10010000100
     217  10010001001    218  10010100000    219  10010101011
     220  10011100110    221  10011101001    222  10100001010
     223  10100011011    224  10100100000    225  10110000010
     226  10110000111    227  10110100000    228  10111100000
     229  11000000000    230  11000100010    231  11000101100
     232  11001000110    233  11001001110    234  11001011111
     235  11001101001    236  11010000100    237  11010010010
     238  11010100000    239  11010100010    240  11010101001
     241  11010111000    242  11011000000    243  11011011011
     244  11011100111    245  11011101001    246  11011111111
     247  11100100011    248  11100100110    249  11100101000
     250  11100101010    251  11101101111    252  11110000000
     253  11110000111    254  11110100000    255  11110100010
     256  11110101011    257  11110101111    258  11110110000
     259  11110110100    260  11110111111    261  11111000000
     262  11111011111    263  11111100000    264  11111100110
     265  11111110010    266  11111111110    267  11111111111
     268  00*00100000    269  00*10000000    270  00*10000010
     271  00*10100000    272  00*10100010    273  00*10101001
     274  00*10110110    275  00*11100101    276  01*00101011
     277  01*11101101    278  11*00000000    279  00000*00000
     280  00001*00000    281  00010*00000    282  00010*00110
     283  00011*00010    284  11001*01111    285  00000000*00
     286  00000000*10    287  00000001*01    288  00010000*00
     289  00010000*10    290  00010100*00    291  00010111*00
     292  00011000*10    293  000000*****    294  000011*****
     295  000100*****    296  001101*****    297  011111*****
     298  110000*****    299  001***00000    300  0000*000000
     301  0000*000010    302  0001*001000    303  0010*000000
     304  0000000000*    305  0000000001*    306  0001011000*
     307  0**00000000    308  0**00000010    309  0**01000000
     310  0000000*000    311  0000000*010    312  0000010*000
     313  100**100101    314  00*1000****    315  000000000*0
     316  000000010*0    317  000100000*0    318  000110000*1
     319  000000**0**    320  *0110100000    321  *1110001101
     322  000000000**    323  011110000**    324  **01*******
     325  0*0********    326  *00*0*001*0    327  ******0****
     328  00*1*100001    329  01000******    330  *00*0000000
     331  000000*1***    332  000*0000000    333  000*0000010
     334  000*0010100    335  000*0100000    336  0011000*0**
     337  0*010000110    338  1*10*1*0101    339  000000*0000
     340  001111*0000    341  *********00    342  000********
     343  *0*00*000*0


     RESPONSE PATTERN FREQUENCIES AND CHI-SQUARE CONTRIBUTIONS

    Response          Frequency     Standardized  Chi-square Contribution
     Pattern    Observed  Estimated   Residual    Pearson   Loglikelihood  Deleted
                                     (z-score)
         1      1754.21    1717.73       1.24       0.48        28.27
         2         8.81       8.41       0.13       0.01         0.41
         3       404.15     408.90      -0.25       0.05       -12.88
         4         9.56      10.22      -0.20       0.04        -1.64
         5        16.64      22.39      -1.20       1.48        -9.87
         6         2.06       0.65       1.72       3.08         4.67
         7        14.49      10.87       1.08       1.21         8.39
         8         1.15       1.30      -0.12       0.01        -0.32
         9        21.88      21.62       0.05       0.00         0.29
        10         2.75       3.05      -0.17      -0.12         0.70
        11        68.81      57.13       1.53       2.39        25.03
        12         5.84       9.58      -1.19       1.46        -5.97
        13         0.76       2.28      -0.99       1.02        -1.70
        14         0.74       0.47       0.38       0.11         1.00
        15         1.07       6.99      -2.20       5.02        -4.04
        16         1.71       1.25       0.40       0.17         1.00
        17         2.89       2.74       0.09       0.01         0.17
        18         6.52       8.79      -0.75       0.58        -4.21
        19         1.28       1.51      -0.18       0.03        -0.49
        20         2.96       2.85       0.06       0.00         0.12
        21         1.13       0.52       0.84       0.73         1.73
        22        10.41       9.52       0.28       0.08         1.50
        23         6.98       3.24       2.04       4.31        10.47
        24         0.92       0.37       0.89       0.83         1.65
        25         4.62       1.51       2.48       6.37        10.15
        26        14.08       5.58       3.53      12.93        25.56
        27       116.09     117.96      -0.17       0.03        -4.89
        28         0.77       1.62      -0.66       0.45        -1.19
        29        34.81      32.60       0.38       0.13         2.79
        30         3.51       2.11       0.95       0.93         3.55
        31         1.09       0.48       0.86       0.76         1.72
        32         6.19       1.65       3.47      12.50        16.35
        33         1.63       3.35      -0.92       0.88        -2.40
        34         6.77       8.34      -0.53       0.29        -3.16
        35         1.89       1.60       0.22       0.05         0.53
        36         1.97       1.39       0.48       0.24         1.27
        37         2.03       1.42       0.51       0.27         1.36
        38         2.02       1.16       0.79       0.64         2.14
        39         1.01       3.02      -1.13       1.33        -2.26
        40        14.97      22.99      -1.65       2.69       -10.36
        41        10.00       7.05       1.09       1.23         6.52
        42         2.85       0.91       2.00       4.17         6.39
        43         1.07       0.21       1.82       3.43         3.39
        44         1.74       2.49      -0.47       0.23        -1.34
        45         0.91       0.15       1.97       4.03         3.30
        46         0.89       0.03       5.34      29.63         6.28
        47         1.13       2.02      -0.61       0.39        -1.37
        48         2.88       2.82       0.04      -0.05         0.88
        49         0.94       1.19      -0.22       0.05        -0.30
        50         0.72       0.26       0.90       0.83         1.59
        51         3.63       0.16       8.61      76.91        23.34
        52         0.98       0.04       4.50      20.99         6.34
        53       150.80     156.69      -0.47       0.21        -9.35
        54         3.93       2.19       1.15       1.38         4.46
        55        41.12      44.81      -0.55       0.26        -4.32
        56         0.89       2.88      -1.15       1.38        -2.12
        57         4.41       2.93       0.84       0.74         3.71
        58         1.06       0.66       0.49       0.25         0.98
        59         3.05       2.43       0.39      -0.46         4.10
        60         3.15       0.71       2.85       8.43         9.31
        61         2.97       4.96      -0.88       0.42        -0.93
        62         1.71       1.11       0.56       0.33         1.44
        63         9.15      13.01      -1.05       1.14        -6.73
        64         4.99       2.46       1.58       2.59         6.89
        65         0.98       0.86       0.14       0.02         0.24
        66         1.69       0.35       2.21       5.08         5.25
        67         0.89       1.83      -0.68       0.48        -1.31
        68         1.68       0.48       1.70       3.00         4.16
        69         1.52       0.21       2.78       8.00         5.92
        70         1.27       0.42       1.30       1.76         2.80
        71         1.61       2.21      -0.40       0.16        -1.09
        72         2.95       1.57       1.08       1.20         3.58
        73         3.91       3.94      -0.01       0.00        -0.21
        74        88.27      90.33      -0.22       0.05        -3.90
        75         0.96       2.74      -1.06       1.12        -1.66
        76        27.26      24.07       0.64       0.42         7.27
        77         3.01       1.85       0.84       0.73         2.80
        78         1.17       1.78      -0.45       0.21        -0.95
        79         4.53       0.95       3.59      13.40        13.90
        80         1.08       1.39      -0.25       0.01        -0.06
        81         1.93       2.81      -0.51       0.27        -1.54
        82         6.30       2.92       1.94       3.91         9.39
        83         2.00       0.74       1.44       2.14         3.88
        84         1.13       1.89      -0.54      -0.22         0.35
        85         2.15       0.85       1.37       1.96         3.86
        86         0.93       0.11       2.44       6.17         3.93
        87         0.94       0.16       1.93       3.44         4.60
        88         0.82       0.44       0.57       0.33         0.99
        89         0.96       0.77       0.21       0.05         0.38
        90         1.17       0.09       3.63      13.32         7.46
        91         1.77       2.18      -0.27       0.08        -0.83
        92        10.30       3.40       3.67      13.95        22.31
        93         3.06       1.57       1.17       1.08         6.16
        94         1.25       0.36       1.47       2.22         3.57
        95         2.86       6.07      -1.28       1.70        -4.44
        96         0.94       0.77       0.20       0.01         0.74
        97         4.76       2.09       1.82       3.38         8.94
        98         0.96       0.60       0.45       0.21         0.84
        99         0.89       0.40       0.75       0.42         2.17
       100         1.15       0.58       0.75       0.58         1.54
       101         2.40       0.34       3.46      12.45         9.25
       102         1.98       0.48       2.11       4.62         5.48
       103         0.98       0.19       1.77       3.25         3.16
       104         1.09       0.08       3.46      12.41         5.57
       105         4.14       0.81       3.62      13.62        13.29
       106        25.69      27.50      -0.34       0.11        -2.69
       107         7.59       7.20       0.15       0.02         0.46
       108         2.89       0.62       2.84       8.39         8.77
       109         1.13       0.43       1.05       1.15         2.14
       110         1.26       0.34       1.55       2.49         3.24
       111         0.92       0.10       2.57       6.87         4.06
       112         0.90       0.25       1.28       1.71         2.27
       113         0.86       0.06       3.11      10.06         4.46
       114         1.03       1.75      -0.53       0.30        -1.15
       115        14.95      12.26       0.76       0.59         5.58
       116         1.48       0.67       0.97       0.97         2.26
       117         3.72       3.46       0.14       0.02         0.34
       118         1.28       0.49       1.10       1.25         2.37
       119         1.04       0.50       0.76       0.60         1.49
       120         0.99       0.39       0.94       0.91         1.77
       121         0.98       0.57       0.53       0.30         1.01
       122         1.09       0.26       1.58       2.60         3.05
       123         1.88       0.08       6.11      38.75        11.61
       124         1.27       0.32       1.65       2.82         3.44
       125         1.27       0.09       3.99      16.56         6.82
       126         0.94       0.97      -0.03       0.00        -0.11
       127         0.99       0.65       0.41       0.17         0.97
       128         0.88       0.15       1.89       3.71         3.12
       129         0.96       0.08       3.03       9.55         4.70
       130        10.20      11.78      -0.45       0.12        -1.01
       131         1.92       0.84       1.15       1.36         3.46
       132         2.81       3.58      -0.40       0.14        -0.78
       133         0.83       0.65       0.21       0.04         0.52
       134         0.88       0.65       0.28       0.08         0.49
       135         1.02       0.53       0.67       0.47         1.31
       136         1.89       0.34       2.61       7.09         6.41
       137         2.05       0.71       1.56       2.52         4.69
       138         1.41       0.04       6.84      48.59        10.05
       139        52.96      51.49       0.20      -0.02         6.68
       140         1.87       1.78       0.07      -0.08         0.99
       141         7.26      13.22      -1.61       2.67        -8.23
       142         1.71       1.10       0.57       0.34         1.50
       143         0.79       1.13      -0.31       0.10        -0.57
       144         0.77       1.53      -0.60       0.38        -1.06
       145         1.79       0.56       1.61       2.37         5.63
       146         4.09       0.86       3.42      12.12        12.74
       147         0.83       0.26       1.09       1.24         1.91
       148         2.36       1.16       1.10       1.26         3.38
       149         0.89       0.26       1.19       1.47         2.15
       150         1.00       0.05       4.05      17.04         5.89
       151         2.12       0.72       1.62       2.73         4.58
       152         0.94       0.31       1.10       1.25         2.01
       153         1.48       0.50       1.34       1.87         3.09
       154         1.00       0.12       2.48       6.38         4.17
       155         1.12       0.47       0.92       0.88         1.87
       156         2.85       3.80      -0.48      -0.04         0.14
       157         0.89       1.32      -0.36       0.14        -0.74
       158         1.09       0.28       1.49       2.10         3.87
       159         1.09       0.29       1.45       2.17         2.81
       160         0.75       0.06       2.84       8.38         3.81
       161         4.75       7.70      -1.05       1.13        -4.44
       162         6.00       2.77       1.91       3.78         9.52
       163         1.41       0.52       1.21       1.53         2.86
       164         0.77       1.21      -0.39       0.16        -0.67
       165         0.75       0.55       0.26       0.07         0.47
       166         1.09       1.69      -0.45       0.21        -0.91
       167         0.89       1.61      -0.56       0.33        -1.03
       168         1.04       0.44       0.88       0.80         1.80
       169         2.28       0.85       1.51       2.37         4.54
       170         1.89       0.27       3.07       9.77         7.48
       171         0.96       0.09       2.82       8.25         4.46
       172         3.87       1.93       1.37       1.94         5.19
       173         0.79       1.12      -0.31       0.10        -0.59
       174         1.23       0.51       1.00       1.04         2.14
       175         1.05       0.33       1.22       1.55         2.36
       176         0.99       0.42       0.87       0.78         1.94
       177         2.09       0.47       2.31       5.53         6.12
       178         1.07       0.10       3.02       9.48         5.04
       179         4.54       4.13       0.20       0.04         0.65
       180         0.89       0.97      -0.08       0.01        -0.19
       181         2.04       0.78       1.40       2.03         3.82
       182         1.05       0.56       0.63       0.41         1.24
       183         0.75       0.69       0.07       0.00         0.09
       184         1.26       0.39       1.36       1.91         2.88
       185         1.17       0.45       1.04       1.13         2.16
       186         0.91       0.74       0.19       0.04         0.32
       187         1.02       0.19       1.88       3.65         3.40
       188         0.89       0.23       1.37       1.95         2.40
       189         0.89       0.13       2.08       4.51         3.40
       190         1.13       0.08       3.74      14.49         6.02
       191         0.90       0.55       0.47       0.23         0.85
       192         0.87       0.44       0.63       0.41         1.12
       193         0.92       0.25       1.33       1.83         2.37
       194         1.25       0.14       2.90       8.75         5.40
       195         0.96       0.03       5.74      34.24         6.94
       196         0.89       0.16       1.81       3.42         3.04
       197         0.79       0.06       2.88       8.60         3.99
       198         1.06       0.04       5.36      29.82         7.18
       199         1.06       0.55       0.67       0.46         1.32
       200         0.77       0.19       1.28       1.70         2.08
       201         3.38       2.66       0.43       0.19         1.43
       202         1.13       1.18      -0.04       0.00        -0.15
       203         0.96       0.38       0.93       0.90         1.75
       204         1.19       0.51       0.94       0.89         2.29
       205         2.12       0.23       3.83      15.19         9.82
       206         1.04       0.08       3.41      11.36         7.07
       207         0.74       0.05       3.08       9.82         4.18
       208         4.02       3.11       0.51       0.26         1.86
       209         1.02       0.16       2.10       4.57         3.76
       210         0.92       0.13       2.16       4.84         3.60
       211         0.88       0.27       1.15       1.36         2.03
       212         0.96       0.12       2.42       6.06         3.98
       213         1.02       0.25       1.51       2.36         2.80
       214         0.96       0.52       0.60       0.38         1.13
       215         1.30       0.27       1.93       3.87         3.99
       216         1.12       0.27       1.59       2.64         3.17
       217         1.03       0.16       2.17       4.88         3.84
       218         2.37       1.95       0.30       0.09         0.81
       219         0.94       0.21       1.59       2.63         2.81
       220         1.13       0.15       2.47       6.34         4.50
       221         0.96       0.11       2.55       6.77         4.16
       222         1.02       0.06       3.72      14.34         5.59
       223         0.87       0.12       2.08       4.47         3.33
       224         0.85       0.40       0.70       0.51         1.24
       225         0.92       0.30       1.10       1.26         1.99
       226         0.88       0.11       2.33       5.63         3.68
       227         2.26       1.27       0.87       0.78         2.60
       228         1.05       0.27       1.45       2.17         2.75
       229         1.13       0.14       2.65       5.71         7.35
       230         0.89       0.16       1.76       3.23         2.97
       231         0.92       0.05       3.65      13.80         5.15
       232         0.93       0.02       5.67      33.34         6.68
       233         1.00       0.01       9.02      84.39         8.89
       234         2.93       0.14       7.31      55.49        17.64
       235         0.99       0.03       5.66      33.23         7.02
       236         0.89       0.15       1.86       3.57         3.10
       237         0.94       0.02       5.75      34.34         6.84
       238         1.07       0.47       0.86       0.76         1.70
       239         0.98       0.36       1.01       1.06         1.90
       240         1.05       0.14       2.35       5.75         4.13
       241         1.06       0.02       6.69      46.41         8.07
       242         0.99       0.11       2.54       6.68         4.21
       243         1.19       0.03       6.17      39.56         8.44
       244         0.98       0.06       3.71      14.26         5.45
       245         0.96       0.06       3.56      13.17         5.22
       246         0.89       0.06       3.38      11.88         4.82
       247         1.44       0.08       4.76      23.48         8.28
       248         0.96       0.07       3.46      12.41         5.15
       249         1.13       0.07       4.04      16.99         6.34
       250         0.74       0.05       2.87       8.55         3.79
       251         1.34       0.01       9.81     100.00        13.21      DELETED
       252         0.72       0.19       1.19       1.47         1.88
       253         1.13       0.06       4.26      18.85         6.55
       254         2.88       0.33       4.37      19.85        12.37
       255         0.95       0.25       1.36       1.92         2.47
       256         0.89       0.08       2.78       8.04         4.22
       257         1.19       0.05       5.19      27.95         7.66
       258         0.94       0.03       4.76      23.50         6.14
       259         1.12       0.02       7.70      61.51         9.00
       260         1.09       0.05       4.39      19.99         6.49
       261         0.86       0.08       2.71       7.61         4.05
       262         1.04       0.03       5.38      30.06         7.08
       263         0.94       0.13       2.20       5.03         3.68
       264         0.96       0.06       3.58      13.28         5.24
       265         0.94       0.01       8.35      72.34         8.19
       266         1.00       0.00       9.81     100.00        10.79      DELETED
       267         1.83       0.02       9.81     100.00        16.36
       268         0.89       0.43       0.72       0.00         0.00
       269         0.95       0.55       0.54      -0.04        -0.06
       270         0.90       0.16       1.84      -0.30        -0.11
       271         0.88       0.46       0.61       0.01         0.02
       272         1.15       0.12       2.90      -0.70        -0.15
       273         0.92       0.00       9.82       6.70         1.15      DELETED
       274         0.93       0.00       9.81       0.00         3.68      DELETED
       275         1.13       0.00       9.81       0.00         3.37      DELETED
       276         1.13       0.00       9.81       0.00         2.94      DELETED
       277         1.02       0.00       9.81       0.00         5.11      DELETED
       278         1.03       0.00       9.81       8.94         5.69      DELETED
       279         0.96       3.57      -2.01      -0.02         0.01
       280         1.03       0.05       4.32      -6.77        -0.57
       281         1.12       0.48       0.94      -0.06        -0.06
       282         1.19       0.01       9.82       0.00         1.11      DELETED
       283         1.25       0.01       9.82      18.39         2.43      DELETED
       284         0.94       0.00       9.81       0.00         7.12      DELETED
       285         0.88       3.94      -2.19      -0.02         0.01
       286         0.94       0.95      -0.01       0.00        -0.01
       287         0.99       0.01       9.82       4.41         0.44      DELETED
       288         0.89       0.36       0.88      -0.04        -0.04
       289         1.07       0.11       2.91       0.01         0.00
       290         0.82       0.21       1.34      -0.09        -0.05
       291         0.96       0.00       9.81       0.00         3.56      DELETED
       292         1.03       0.00       9.82      20.64         2.26      DELETED
       293         3.10       6.61      -2.43      -0.04         0.05
       294         0.96       0.03       5.62       2.28         0.13
       295         1.01       0.72       0.35      -0.01        -0.02
       296         2.10       0.23       3.93       0.65         0.14
       297         0.91       0.01       8.91      41.29         1.23      DELETED
       298         1.44       0.00       9.82       0.00         2.40      DELETED
       299         0.77       0.03       4.68       0.51         0.03
       300         2.72       3.12      -0.33       0.00         0.02
       301         1.02       0.75       0.34      -0.01        -0.02
       302         1.34       0.01       9.82       0.00        -0.66      DELETED
       303         0.93       0.05       3.84      -0.62        -0.07
       304         0.93       2.06      -1.11      -0.01         0.02
       305         1.93       0.50       2.13      -0.12        -0.07
       306         1.13       0.00       9.82       0.00         0.11      DELETED
       307         1.08       1.63      -0.62       0.00         0.01
       308         1.05       0.39       1.10      -0.02        -0.02
       309         0.99       0.02       6.36     -10.77        -0.44
       310         1.89       2.10      -0.21       0.00         0.03
       311         1.19       0.56       0.88       0.02         0.02
       312         0.96       0.15       2.12      -0.22        -0.07
       313         0.99       0.00       9.81       0.00         0.86      DELETED
       314         1.04       0.08       3.44       0.03         0.00
       315         5.55       5.37       0.13       0.00         0.04
       316         0.90       0.20       1.56       0.49         0.25
       317         0.92       0.51       0.58      -0.04        -0.07
       318         1.08       0.00       9.82       0.00         0.31      DELETED
       319         1.13       0.77       0.72       0.01         0.02
       320         1.26       0.03       6.61       3.57         0.20
       321         0.88       0.00       9.81       0.00         3.10      DELETED
       322         0.94       1.22      -0.41       0.00         0.01
       323         0.96       0.00       9.81       0.00         0.31      DELETED
       324         0.95       0.14       2.33       0.00         0.00
       325         0.83       0.75       0.28       0.00         0.00
       326         1.34       0.02       9.45      13.78         0.42
       327         0.98       0.94       0.20       0.00         0.00
       328         0.89       0.00       9.82       0.00        -0.42      DELETED
       329         0.84       0.01       9.85       0.00        -0.45      DELETED
       330         1.00       0.56       0.87       0.01         0.01
       331         1.12       0.04       5.25       3.74         0.30
       332         2.99       3.31      -0.26       0.00         0.03
       333         0.96       0.80       0.18      -0.01        -0.04
       334         1.01       0.00       9.81       0.00         1.26      DELETED
       335         0.95       0.37       0.97      -0.05        -0.04
       336         1.96       0.01       9.84       0.00         0.12
       337         0.79       0.00       9.82       0.00         1.14      DELETED
       338         0.89       0.00       9.81       0.00         2.24      DELETED
       339         0.89       1.03      -0.20       0.00         0.01
       340         1.12       0.00       9.82       0.00        -0.03      DELETED
       341         1.02       0.73       0.63       0.00         0.00
       342         1.13       1.01       0.36       0.00         0.02
       343         0.94       0.66       0.63       0.00         0.01

     THE TOTAL PEARSON CHI-SQUARE CONTRIBUTION FROM EMPTY CELLS IS       186.83


     UNIVARIATE MODEL FIT INFORMATION

                               Estimated Probabilities
                                                  Standardized
     Variable              H1           H0          Residual
                                                   (z-score)
     GND1
       Category 1        0.978        0.978          -0.029
       Category 2        0.022        0.022           0.029
       Univariate Pearson Chi-Square                  0.001
       Univariate Log-Likelihood Chi-Square           0.001
     GND2
       Category 1        0.964        0.964          -0.021
       Category 2        0.036        0.036           0.021
       Univariate Pearson Chi-Square                  0.000
       Univariate Log-Likelihood Chi-Square           0.000
     GND3
       Category 1        0.925        0.925          -0.040
       Category 2        0.075        0.075           0.040
       Univariate Pearson Chi-Square                  0.002
       Univariate Log-Likelihood Chi-Square           0.002
     GND4
       Category 1        0.808        0.808          -0.002
       Category 2        0.192        0.192           0.002
       Univariate Pearson Chi-Square                  0.000
       Univariate Log-Likelihood Chi-Square           0.000
     GND5
       Category 1        0.957        0.957          -0.024
       Category 2        0.043        0.043           0.024
       Univariate Pearson Chi-Square                  0.001
       Univariate Log-Likelihood Chi-Square           0.001
     GND6
       Category 1        0.833        0.833           0.009
       Category 2        0.167        0.167          -0.009
       Univariate Pearson Chi-Square                  0.000
       Univariate Log-Likelihood Chi-Square           0.000
     ETH1
       Category 1        0.960        0.960           0.026
       Category 2        0.040        0.040          -0.026
       Univariate Pearson Chi-Square                  0.001
       Univariate Log-Likelihood Chi-Square           0.001
     ETH2
       Category 1        0.908        0.907           0.055
       Category 2        0.092        0.093          -0.055
       Univariate Pearson Chi-Square                  0.003
       Univariate Log-Likelihood Chi-Square           0.003
     ETH3
       Category 1        0.942        0.943          -0.041
       Category 2        0.058        0.057           0.041
       Univariate Pearson Chi-Square                  0.002
       Univariate Log-Likelihood Chi-Square           0.002
     ETH4
       Category 1        0.735        0.735           0.033
       Category 2        0.265        0.265          -0.033
       Univariate Pearson Chi-Square                  0.001
       Univariate Log-Likelihood Chi-Square           0.001
     ETH5
       Category 1        0.939        0.939           0.046
       Category 2        0.061        0.061          -0.046
       Univariate Pearson Chi-Square                  0.002
       Univariate Log-Likelihood Chi-Square           0.002

       Overall Univariate Pearson Chi-Square                         0.013
       Overall Univariate Log-Likelihood Chi-Square                  0.013


     BIVARIATE MODEL FIT INFORMATION

                                              Estimated Probabilities
                                                                 Standardized
     Variable       Variable              H1           H0          Residual
                                                                  (z-score)
     GND1           GND2
       Category 1     Category 1        0.956        0.949           1.881
       Category 1     Category 2        0.022        0.029          -2.491
       Category 2     Category 1        0.008        0.015          -3.395
       Category 2     Category 2        0.014        0.007           5.190
       Bivariate Pearson Chi-Square                                 46.006
       Bivariate Log-Likelihood Chi-Square                          42.325
     GND1           GND3
       Category 1     Category 1        0.912        0.911           0.297
       Category 1     Category 2        0.066        0.067          -0.355
       Category 2     Category 1        0.013        0.014          -0.807
       Category 2     Category 2        0.010        0.008           1.119
       Bivariate Pearson Chi-Square                                  2.085
       Bivariate Log-Likelihood Chi-Square                           2.030
     GND1           GND4
       Category 1     Category 1        0.799        0.799          -0.060
       Category 1     Category 2        0.179        0.178           0.052
       Category 2     Category 1        0.009        0.009           0.255
       Category 2     Category 2        0.013        0.014          -0.166
       Bivariate Pearson Chi-Square                                  0.098
       Bivariate Log-Likelihood Chi-Square                           0.097
     GND1           GND5
       Category 1     Category 1        0.942        0.941           0.373
       Category 1     Category 2        0.035        0.037          -0.488
       Category 2     Category 1        0.015        0.016          -0.733
       Category 2     Category 2        0.008        0.006           1.274
       Bivariate Pearson Chi-Square                                  2.471
       Bivariate Log-Likelihood Chi-Square                           2.352
     GND1           GND6
       Category 1     Category 1        0.823        0.823           0.084
       Category 1     Category 2        0.155        0.155          -0.100
       Category 2     Category 1        0.009        0.010          -0.291
       Category 2     Category 2        0.013        0.012           0.300
       Bivariate Pearson Chi-Square                                  0.189
       Bivariate Log-Likelihood Chi-Square                           0.190
     GND1           ETH1
       Category 1     Category 1        0.943        0.943           0.032
       Category 1     Category 2        0.035        0.035          -0.063
       Category 2     Category 1        0.017        0.017          -0.017
       Category 2     Category 2        0.005        0.005           0.092
       Bivariate Pearson Chi-Square                                  0.013
       Bivariate Log-Likelihood Chi-Square                           0.013
     GND1           ETH2
       Category 1     Category 1        0.894        0.894           0.071
       Category 1     Category 2        0.084        0.084          -0.094
       Category 2     Category 1        0.013        0.013          -0.052
       Category 2     Category 2        0.009        0.009           0.111
       Bivariate Pearson Chi-Square                                  0.024
       Bivariate Log-Likelihood Chi-Square                           0.024
     GND1           ETH3
       Category 1     Category 1        0.929        0.929          -0.009
       Category 1     Category 2        0.049        0.049          -0.009
       Category 2     Category 1        0.014        0.014          -0.063
       Category 2     Category 2        0.009        0.008           0.126
       Bivariate Pearson Chi-Square                                  0.021
       Bivariate Log-Likelihood Chi-Square                           0.020
     GND1           ETH4
       Category 1     Category 1        0.724        0.724           0.015
       Category 1     Category 2        0.254        0.254          -0.025
       Category 2     Category 1        0.011        0.011           0.076
       Category 2     Category 2        0.011        0.011          -0.035
       Bivariate Pearson Chi-Square                                  0.008
       Bivariate Log-Likelihood Chi-Square                           0.008
     GND1           ETH5
       Category 1     Category 1        0.926        0.926          -0.181
       Category 1     Category 2        0.052        0.051           0.195
       Category 2     Category 1        0.013        0.012           0.527
       Category 2     Category 2        0.009        0.010          -0.551
       Bivariate Pearson Chi-Square                                  0.637
       Bivariate Log-Likelihood Chi-Square                           0.640
     GND2           GND3
       Category 1     Category 1        0.903        0.901           0.465
       Category 1     Category 2        0.061        0.063          -0.586
       Category 2     Category 1        0.021        0.024          -0.982
       Category 2     Category 2        0.015        0.012           1.398
       Bivariate Pearson Chi-Square                                  3.339
       Bivariate Log-Likelihood Chi-Square                           3.249
     GND2           GND4
       Category 1     Category 1        0.793        0.793          -0.051
       Category 1     Category 2        0.171        0.171           0.045
       Category 2     Category 1        0.015        0.015           0.165
       Category 2     Category 2        0.021        0.021          -0.112
       Bivariate Pearson Chi-Square                                  0.043
       Bivariate Log-Likelihood Chi-Square                           0.043
     GND2           GND5
       Category 1     Category 1        0.933        0.930           0.631
       Category 1     Category 2        0.031        0.034          -0.908
       Category 2     Category 1        0.024        0.027          -1.021
       Category 2     Category 2        0.012        0.009           1.833
       Bivariate Pearson Chi-Square                                  5.367
       Bivariate Log-Likelihood Chi-Square                           5.093
     GND2           GND6
       Category 1     Category 1        0.817        0.816           0.101
       Category 1     Category 2        0.148        0.148          -0.121
       Category 2     Category 1        0.016        0.017          -0.280
       Category 2     Category 2        0.020        0.019           0.290
       Bivariate Pearson Chi-Square                                  0.181
       Bivariate Log-Likelihood Chi-Square                           0.181
     GND2           ETH1
       Category 1     Category 1        0.931        0.931          -0.065
       Category 1     Category 2        0.033        0.033           0.070
       Category 2     Category 1        0.029        0.029           0.128
       Category 2     Category 2        0.007        0.007          -0.212
       Bivariate Pearson Chi-Square                                  0.068
       Bivariate Log-Likelihood Chi-Square                           0.069
     GND2           ETH2
       Category 1     Category 1        0.885        0.884           0.129
       Category 1     Category 2        0.079        0.080          -0.167
       Category 2     Category 1        0.022        0.023          -0.171
       Category 2     Category 2        0.014        0.013           0.259
       Bivariate Pearson Chi-Square                                  0.127
       Bivariate Log-Likelihood Chi-Square                           0.126
     GND2           ETH3
       Category 1     Category 1        0.918        0.919          -0.263
       Category 1     Category 2        0.046        0.045           0.328
       Category 2     Category 1        0.025        0.024           0.410
       Category 2     Category 2        0.011        0.012          -0.530
       Bivariate Pearson Chi-Square                                  0.571
       Bivariate Log-Likelihood Chi-Square                           0.576
     GND2           ETH4
       Category 1     Category 1        0.716        0.716           0.003
       Category 1     Category 2        0.248        0.248          -0.012
       Category 2     Category 1        0.019        0.018           0.100
       Category 2     Category 2        0.017        0.017          -0.073
       Bivariate Pearson Chi-Square                                  0.016
       Bivariate Log-Likelihood Chi-Square                           0.016
     GND2           ETH5
       Category 1     Category 1        0.915        0.917          -0.425
       Category 1     Category 2        0.049        0.047           0.535
       Category 2     Category 1        0.024        0.022           0.879
       Category 2     Category 2        0.012        0.014          -1.052
       Bivariate Pearson Chi-Square                                  2.216
       Bivariate Log-Likelihood Chi-Square                           2.249
     GND3           GND4
       Category 1     Category 1        0.780        0.780          -0.035
       Category 1     Category 2        0.145        0.145           0.010
       Category 2     Category 1        0.028        0.028           0.083
       Category 2     Category 2        0.047        0.047          -0.014
       Bivariate Pearson Chi-Square                                  0.007
       Bivariate Log-Likelihood Chi-Square                           0.007
     GND3           GND5
       Category 1     Category 1        0.892        0.893          -0.180
       Category 1     Category 2        0.032        0.031           0.258
       Category 2     Category 1        0.065        0.064           0.207
       Category 2     Category 2        0.011        0.011          -0.376
       Bivariate Pearson Chi-Square                                  0.257
       Bivariate Log-Likelihood Chi-Square                           0.260
     GND3           GND6
       Category 1     Category 1        0.806        0.803           0.528
       Category 1     Category 2        0.118        0.122          -0.674
       Category 2     Category 1        0.026        0.030          -1.215
       Category 2     Category 2        0.049        0.045           1.044
       Bivariate Pearson Chi-Square                                  3.037
       Bivariate Log-Likelihood Chi-Square                           3.076
     GND3           ETH1
       Category 1     Category 1        0.893        0.893           0.115
       Category 1     Category 2        0.031        0.032          -0.263
       Category 2     Category 1        0.067        0.067          -0.121
       Category 2     Category 2        0.009        0.008           0.460
       Bivariate Pearson Chi-Square                                  0.302
       Bivariate Log-Likelihood Chi-Square                           0.297
     GND3           ETH2
       Category 1     Category 1        0.847        0.847           0.096
       Category 1     Category 2        0.077        0.078          -0.168
       Category 2     Category 1        0.060        0.060          -0.078
       Category 2     Category 2        0.015        0.015           0.242
       Bivariate Pearson Chi-Square                                  0.095
       Bivariate Log-Likelihood Chi-Square                           0.094
     GND3           ETH3
       Category 1     Category 1        0.881        0.881          -0.078
       Category 1     Category 2        0.044        0.044           0.072
       Category 2     Category 1        0.062        0.061           0.066
       Category 2     Category 2        0.014        0.014          -0.044
       Bivariate Pearson Chi-Square                                  0.012
       Bivariate Log-Likelihood Chi-Square                           0.012
     GND3           ETH4
       Category 1     Category 1        0.685        0.685          -0.050
       Category 1     Category 2        0.240        0.239           0.030
       Category 2     Category 1        0.050        0.049           0.176
       Category 2     Category 2        0.026        0.026          -0.172
       Bivariate Pearson Chi-Square                                  0.062
       Bivariate Log-Likelihood Chi-Square                           0.062
     GND3           ETH5
       Category 1     Category 1        0.881        0.880           0.156
       Category 1     Category 2        0.044        0.045          -0.296
       Category 2     Category 1        0.058        0.059          -0.169
       Category 2     Category 2        0.017        0.016           0.401
       Bivariate Pearson Chi-Square                                  0.282
       Bivariate Log-Likelihood Chi-Square                           0.280
     GND4           GND5
       Category 1     Category 1        0.789        0.786           0.436
       Category 1     Category 2        0.019        0.022          -1.230
       Category 2     Category 1        0.168        0.171          -0.488
       Category 2     Category 2        0.024        0.021           1.286
       Bivariate Pearson Chi-Square                                  3.467
       Bivariate Log-Likelihood Chi-Square                           3.467
     GND4           GND6
       Category 1     Category 1        0.735        0.733           0.338
       Category 1     Category 2        0.073        0.075          -0.569
       Category 2     Category 1        0.097        0.100          -0.487
       Category 2     Category 2        0.095        0.092           0.507
       Bivariate Pearson Chi-Square                                  0.807
       Bivariate Log-Likelihood Chi-Square                           0.811
     GND4           ETH1
       Category 1     Category 1        0.784        0.784           0.069
       Category 1     Category 2        0.024        0.024          -0.191
       Category 2     Category 1        0.176        0.176          -0.061
       Category 2     Category 2        0.016        0.016           0.193
       Bivariate Pearson Chi-Square                                  0.079
       Bivariate Log-Likelihood Chi-Square                           0.079
     GND4           ETH2
       Category 1     Category 1        0.747        0.748          -0.065
       Category 1     Category 2        0.061        0.060           0.115
       Category 2     Category 1        0.160        0.160           0.120
       Category 2     Category 2        0.032        0.032          -0.244
       Bivariate Pearson Chi-Square                                  0.087
       Bivariate Log-Likelihood Chi-Square                           0.087
     GND4           ETH3
       Category 1     Category 1        0.776        0.776           0.077
       Category 1     Category 2        0.032        0.032          -0.185
       Category 2     Category 1        0.166        0.167          -0.112
       Category 2     Category 2        0.026        0.025           0.270
       Bivariate Pearson Chi-Square                                  0.121
       Bivariate Log-Likelihood Chi-Square                           0.120
     GND4           ETH4
       Category 1     Category 1        0.605        0.606          -0.182
       Category 1     Category 2        0.203        0.202           0.220
       Category 2     Category 1        0.130        0.128           0.310
       Category 2     Category 2        0.062        0.064          -0.422
       Bivariate Pearson Chi-Square                                  0.313
       Bivariate Log-Likelihood Chi-Square                           0.315
     GND4           ETH5
       Category 1     Category 1        0.777        0.776           0.210
       Category 1     Category 2        0.030        0.032          -0.502
       Category 2     Category 1        0.162        0.163          -0.208
       Category 2     Category 2        0.031        0.029           0.459
       Bivariate Pearson Chi-Square                                  0.514
       Bivariate Log-Likelihood Chi-Square                           0.515
     GND5           GND6
       Category 1     Category 1        0.811        0.809           0.252
       Category 1     Category 2        0.147        0.148          -0.293
       Category 2     Category 1        0.022        0.024          -0.628
       Category 2     Category 2        0.021        0.019           0.736
       Bivariate Pearson Chi-Square                                  1.041
       Bivariate Log-Likelihood Chi-Square                           1.034
     GND5           ETH1
       Category 1     Category 1        0.924        0.925          -0.092
       Category 1     Category 2        0.033        0.032           0.108
       Category 2     Category 1        0.036        0.035           0.159
       Category 2     Category 2        0.007        0.007          -0.283
       Bivariate Pearson Chi-Square                                  0.120
       Bivariate Log-Likelihood Chi-Square                           0.122
     GND5           ETH2
       Category 1     Category 1        0.878        0.878           0.084
       Category 1     Category 2        0.079        0.079          -0.121
       Category 2     Category 1        0.029        0.029          -0.070
       Category 2     Category 2        0.014        0.013           0.146
       Bivariate Pearson Chi-Square                                  0.042
       Bivariate Log-Likelihood Chi-Square                           0.041
     GND5           ETH3
       Category 1     Category 1        0.912        0.911           0.185
       Category 1     Category 2        0.045        0.046          -0.275
       Category 2     Category 1        0.030        0.031          -0.358
       Category 2     Category 2        0.013        0.012           0.629
       Bivariate Pearson Chi-Square                                  0.613
       Bivariate Log-Likelihood Chi-Square                           0.602
     GND5           ETH4
       Category 1     Category 1        0.711        0.711          -0.062
       Category 1     Category 2        0.247        0.246           0.054
       Category 2     Category 1        0.024        0.024           0.282
       Category 2     Category 2        0.019        0.019          -0.274
       Bivariate Pearson Chi-Square                                  0.160
       Bivariate Log-Likelihood Chi-Square                           0.161
     GND5           ETH5
       Category 1     Category 1        0.910        0.909           0.190
       Category 1     Category 2        0.047        0.048          -0.279
       Category 2     Category 1        0.029        0.029          -0.258
       Category 2     Category 2        0.014        0.013           0.422
       Bivariate Pearson Chi-Square                                  0.330
       Bivariate Log-Likelihood Chi-Square                           0.327
     GND6           ETH1
       Category 1     Category 1        0.808        0.806           0.258
       Category 1     Category 2        0.025        0.026          -0.615
       Category 2     Category 1        0.152        0.154          -0.269
       Category 2     Category 2        0.015        0.013           0.812
       Bivariate Pearson Chi-Square                                  1.134
       Bivariate Log-Likelihood Chi-Square                           1.118
     GND6           ETH2
       Category 1     Category 1        0.768        0.767           0.144
       Category 1     Category 2        0.065        0.066          -0.231
       Category 2     Category 1        0.140        0.141          -0.129
       Category 2     Category 2        0.028        0.027           0.257
       Bivariate Pearson Chi-Square                                  0.138
       Bivariate Log-Likelihood Chi-Square                           0.138
     GND6           ETH3
       Category 1     Category 1        0.798        0.797           0.090
       Category 1     Category 2        0.035        0.035          -0.179
       Category 2     Category 1        0.145        0.146          -0.130
       Category 2     Category 2        0.023        0.022           0.291
       Bivariate Pearson Chi-Square                                  0.135
       Bivariate Log-Likelihood Chi-Square                           0.134
     GND6           ETH4
       Category 1     Category 1        0.622        0.621           0.129
       Category 1     Category 2        0.211        0.212          -0.145
       Category 2     Category 1        0.113        0.114          -0.151
       Category 2     Category 2        0.055        0.054           0.197
       Bivariate Pearson Chi-Square                                  0.083
       Bivariate Log-Likelihood Chi-Square                           0.083
     GND6           ETH5
       Category 1     Category 1        0.796        0.797          -0.114
       Category 1     Category 2        0.037        0.036           0.266
       Category 2     Category 1        0.143        0.142           0.163
       Category 2     Category 2        0.024        0.026          -0.383
       Bivariate Pearson Chi-Square                                  0.246
       Bivariate Log-Likelihood Chi-Square                           0.247
     ETH1           ETH2
       Category 1     Category 1        0.897        0.894           0.493
       Category 1     Category 2        0.063        0.066          -0.591
       Category 2     Category 1        0.010        0.013          -1.207
       Category 2     Category 2        0.029        0.027           0.805
       Bivariate Pearson Chi-Square                                  2.515
       Bivariate Log-Likelihood Chi-Square                           2.603
     ETH1           ETH3
       Category 1     Category 1        0.921        0.920           0.160
       Category 1     Category 2        0.039        0.040          -0.196
       Category 2     Category 1        0.021        0.022          -0.359
       Category 2     Category 2        0.018        0.017           0.365
       Bivariate Pearson Chi-Square                                  0.307
       Bivariate Log-Likelihood Chi-Square                           0.307
     ETH1           ETH4
       Category 1     Category 1        0.726        0.726          -0.003
       Category 1     Category 2        0.234        0.234           0.015
       Category 2     Category 1        0.009        0.008           0.174
       Category 2     Category 2        0.031        0.031          -0.121
       Bivariate Pearson Chi-Square                                  0.046
       Bivariate Log-Likelihood Chi-Square                           0.046
     ETH1           ETH5
       Category 1     Category 1        0.920        0.920           0.039
       Category 1     Category 2        0.040        0.040          -0.028
       Category 2     Category 1        0.019        0.019           0.002
       Category 2     Category 2        0.021        0.021          -0.038
       Bivariate Pearson Chi-Square                                  0.002
       Bivariate Log-Likelihood Chi-Square                           0.002
     ETH2           ETH3
       Category 1     Category 1        0.874        0.877          -0.516
       Category 1     Category 2        0.034        0.030           1.079
       Category 2     Category 1        0.069        0.066           0.646
       Category 2     Category 2        0.024        0.027          -1.088
       Bivariate Pearson Chi-Square                                  2.808
       Bivariate Log-Likelihood Chi-Square                           2.811
     ETH2           ETH4
       Category 1     Category 1        0.709        0.708           0.149
       Category 1     Category 2        0.198        0.199          -0.130
       Category 2     Category 1        0.025        0.026          -0.332
       Category 2     Category 2        0.067        0.066           0.150
       Bivariate Pearson Chi-Square                                  0.154
       Bivariate Log-Likelihood Chi-Square                           0.155
     ETH2           ETH5
       Category 1     Category 1        0.882        0.879           0.578
       Category 1     Category 2        0.026        0.029          -1.038
       Category 2     Category 1        0.057        0.060          -0.748
       Category 2     Category 2        0.035        0.033           0.910
       Bivariate Pearson Chi-Square                                  2.506
       Bivariate Log-Likelihood Chi-Square                           2.533
     ETH3           ETH4
       Category 1     Category 1        0.712        0.711           0.143
       Category 1     Category 2        0.230        0.231          -0.176
       Category 2     Category 1        0.023        0.023          -0.332
       Category 2     Category 2        0.035        0.034           0.330
       Bivariate Pearson Chi-Square                                  0.251
       Bivariate Log-Likelihood Chi-Square                           0.252
     ETH3           ETH5
       Category 1     Category 1        0.909        0.906           0.596
       Category 1     Category 2        0.034        0.037          -0.974
       Category 2     Category 1        0.030        0.033          -0.912
       Category 2     Category 2        0.027        0.024           1.125
       Bivariate Pearson Chi-Square                                  3.102
       Bivariate Log-Likelihood Chi-Square                           3.105
     ETH4           ETH5
       Category 1     Category 1        0.712        0.713          -0.202
       Category 1     Category 2        0.023        0.021           0.734
       Category 2     Category 1        0.227        0.225           0.244
       Category 2     Category 2        0.038        0.040          -0.596
       Bivariate Pearson Chi-Square                                  0.961
       Bivariate Log-Likelihood Chi-Square                           0.952

       Overall Bivariate Pearson Chi-Square                         89.619
       Overall Bivariate Log-Likelihood Chi-Square                  85.559


TECHNICAL 11 OUTPUT

     Random Starts Specifications for the k-1 Class Analysis Model
        Number of initial stage random starts                1000
        Number of final stage optimizations                   250



     VUONG-LO-MENDELL-RUBIN LIKELIHOOD RATIO TEST FOR 4 (H0) VERSUS 5 CLASSES

          H0 Loglikelihood Value                        -9085.000
          2 Times the Loglikelihood Difference            124.383
          Difference in the Number of Parameters               12
          Mean                                             34.426
          Standard Deviation                               93.211
          P-Value                                          0.1672

     LO-MENDELL-RUBIN ADJUSTED LRT TEST

          Value                                           123.122
          P-Value                                          0.1707


SAVEDATA INFORMATION


  Save file
    Prob_ITA_GNDETHlca_C3cl5.dat

  Order and format of variables

    GND1           F10.3
    GND2           F10.3
    GND3           F10.3
    GND4           F10.3
    GND5           F10.3
    GND6           F10.3
    ETH1           F10.3
    ETH2           F10.3
    ETH3           F10.3
    ETH4           F10.3
    ETH5           F10.3
    CPROB1         F10.3
    CPROB2         F10.3
    CPROB3         F10.3
    CPROB4         F10.3
    CPROB5         F10.3
    C              F10.3
    WS             F10.3
    IDSTUD         I9
    ID_S           I5
    ID_J           I5

  Save file format
    18F10.3 I9 2I5

  Save file record length    10000

  Save missing symbol        *


     Beginning Time:  22:19:29
        Ending Time:  22:19:44
       Elapsed Time:  00:00:15



MUTHEN & MUTHEN
3463 Stoner Ave.
Los Angeles, CA  90066

Tel: (310) 391-9971
Fax: (310) 391-8971
Web: www.StatModel.com
Support: Support@StatModel.com

Copyright (c) 1998-2020 Muthen & Muthen
