Mplus VERSION 8.5 (Mac)
MUTHEN & MUTHEN
04/07/2021  10:19 PM

INPUT INSTRUCTIONS

  TITLE: ITAGNDETH LCA - C3 with 4 classes;
  DATA:
  FILE = GNDETHDtaC3.dat;

  VARIABLE:
  NAMES = id_i
  id_j
  id_r
  id_s
  id_k
  wt
  ws
  GND1
  GND2
  GND3
  GND4
  GND5
  GND6
  ETH1
  ETH2
  ETH3
  ETH4
  ETH5
  IDSTUD;
  IDVARIABLE = IDSTUD;
  USEVARIABLES = GND1
  GND2
  GND3
  GND4
  GND5
  GND6
  ETH1
  ETH2
  ETH3
  ETH4
  ETH5;
  USEOBSERVATIONS ARE id_k EQ 7;
  CATEGORICAL = GND1
  GND2
  GND3
  GND4
  GND5
  GND6
  ETH1
  ETH2
  ETH3
  ETH4
  ETH5;
  MISSING = .;
  CLASSES = c(4);
  WEIGHT = ws;
  STRATIFICATION = id_s;
  CLUSTER = id_j;

  ANALYSIS:
  TYPE = COMPLEX MIXTURE;
  PROCESSORS = 4;
  STARTS = 1000 250;
  STITERATIONS = 20;
  STSEED = 288;

  MODEL:
  %OVERALL%

  OUTPUT:
  TECH10
  TECH11
  SVALUES
  ;

  SAVEDATA:
  FILE = Prob_ITA_GNDETHlca_C3cl4.dat;
  SAVE = CPROBABILITIES;



*** WARNING in VARIABLE command
  When a subpopulation is analyzed with TYPE=COMPLEX, standard errors
  may be incorrect.  Use the SUBPOPULATION option instead of the
  USEOBSERVATIONS option to obtain correct standard errors.
*** WARNING
  Data set contains cases with missing on all variables.
  These cases were not included in the analysis.
  Number of cases with missing on all variables:  15
   2 WARNING(S) FOUND IN THE INPUT INSTRUCTIONS



ITAGNDETH LCA - C3 with 4 classes;

SUMMARY OF ANALYSIS

Number of groups                                                 1
Number of observations                                        3435

Number of dependent variables                                   11
Number of independent variables                                  0
Number of continuous latent variables                            0
Number of categorical latent variables                           1

Observed dependent variables

  Binary and ordered categorical (ordinal)
   GND1        GND2        GND3        GND4        GND5        GND6
   ETH1        ETH2        ETH3        ETH4        ETH5

Categorical latent variables
   C

Variables with special functions

  Stratification        ID_S
  Cluster variable      ID_J
  Weight variable       WS
  ID variable           IDSTUD

Estimator                                                      MLR
Information matrix                                        OBSERVED
Optimization Specifications for the Quasi-Newton Algorithm for
Continuous Outcomes
  Maximum number of iterations                                 100
  Convergence criterion                                  0.100D-05
Optimization Specifications for the EM Algorithm
  Maximum number of iterations                                 500
  Convergence criteria
    Loglikelihood change                                 0.100D-06
    Relative loglikelihood change                        0.100D-06
    Derivative                                           0.100D-05
Optimization Specifications for the M step of the EM Algorithm for
Categorical Latent variables
  Number of M step iterations                                    1
  M step convergence criterion                           0.100D-05
  Basis for M step termination                           ITERATION
Optimization Specifications for the M step of the EM Algorithm for
Censored, Binary or Ordered Categorical (Ordinal), Unordered
Categorical (Nominal) and Count Outcomes
  Number of M step iterations                                    1
  M step convergence criterion                           0.100D-05
  Basis for M step termination                           ITERATION
  Maximum value for logit thresholds                            15
  Minimum value for logit thresholds                           -15
  Minimum expected cell size for chi-square              0.100D-01
Maximum number of iterations for H1                           2000
Convergence criterion for H1                             0.100D-03
Optimization algorithm                                         EMA
Random Starts Specifications
  Number of initial stage random starts                       1000
  Number of final stage optimizations                          250
  Number of initial stage iterations                            20
  Initial stage convergence criterion                    0.100D+01
  Random starts scale                                    0.500D+01
  Random seed for generating random starts                     288
Link                                                         LOGIT

Input data file(s)
  GNDETHDtaC3.dat
Input data format  FREE


SUMMARY OF DATA

     Number of missing data patterns            32
     Number of y missing data patterns           0
     Number of u missing data patterns          32
     Number of strata                           75
     Number of clusters                        170


COVARIANCE COVERAGE OF DATA

Minimum covariance coverage value   0.100


     PROPORTION OF DATA PRESENT FOR U


           Covariance Coverage
              GND1          GND2          GND3          GND4          GND5
              ________      ________      ________      ________      ________
 GND1           0.998
 GND2           0.996         0.997
 GND3           0.993         0.993         0.994
 GND4           0.995         0.994         0.991         0.996
 GND5           0.994         0.994         0.991         0.993         0.996
 GND6           0.995         0.994         0.991         0.993         0.993
 ETH1           0.993         0.993         0.989         0.991         0.992
 ETH2           0.992         0.992         0.989         0.990         0.990
 ETH3           0.991         0.991         0.988         0.990         0.990
 ETH4           0.990         0.989         0.986         0.988         0.987
 ETH5           0.991         0.991         0.988         0.990         0.990


           Covariance Coverage
              GND6          ETH1          ETH2          ETH3          ETH4
              ________      ________      ________      ________      ________
 GND6           0.996
 ETH1           0.992         0.994
 ETH2           0.991         0.992         0.993
 ETH3           0.990         0.992         0.991         0.993
 ETH4           0.988         0.990         0.989         0.988         0.991
 ETH5           0.990         0.992         0.991         0.990         0.990


           Covariance Coverage
              ETH5
              ________
 ETH5           0.993


UNIVARIATE PROPORTIONS AND COUNTS FOR CATEGORICAL VARIABLES

    GND1
      Category 1    0.978         3350.979
      Category 2    0.022           75.639
    GND2
      Category 1    0.964         3303.900
      Category 2    0.036          122.527
    GND3
      Category 1    0.926         3161.644
      Category 2    0.074          254.446
    GND4
      Category 1    0.808         2764.495
      Category 2    0.192          656.534
    GND5
      Category 1    0.957         3274.710
      Category 2    0.043          145.830
    GND6
      Category 1    0.833         2848.924
      Category 2    0.167          570.773
    ETH1
      Category 1    0.960         3280.325
      Category 2    0.040          135.228
    ETH2
      Category 1    0.908         3096.196
      Category 2    0.092          315.367
    ETH3
      Category 1    0.943         3215.865
      Category 2    0.057          194.120
    ETH4
      Category 1    0.735         2501.634
      Category 2    0.265          901.231
    ETH5
      Category 1    0.939         3202.813
      Category 2    0.061          206.788


RANDOM STARTS RESULTS RANKED FROM THE BEST TO THE WORST LOGLIKELIHOOD VALUES

Final stage loglikelihood values at local maxima, seeds, and initial stage start numbers:

           -9085.000  394891           167
           -9085.000  454330           14
           -9085.000  210588           50
           -9085.000  997549           220
           -9085.000  719428           129
           -9085.000  524281           659
           -9085.000  557173           353
           -9085.000  811368           379
           -9085.000  263346           482
           -9085.000  674481           242
           -9085.000  52624            677
           -9085.000  943593           858
           -9085.000  264052           889
           -9085.000  996459           673
           -9085.000  116127           954
           -9085.000  972482           465
           -9085.000  589511           247
           -9085.000  115024           736
           -9085.000  687662           201
           -9085.000  80124            965
           -9085.000  81666            810
           -9085.000  568707           262
           -9085.000  608683           867
           -9085.000  56586            165
           -9085.000  390603           192
           -9085.000  150234           593
           -9085.000  129931           410
           -9085.000  339904           18
           -9085.000  654018           210
           -9085.000  634855           285
           -9085.000  504083           19
           -9085.000  185850           427
           -9085.000  462497           983
           -9085.000  529504           13
           -9085.000  889723           471
           -9085.000  996880           39
           -9085.000  591324           212
           -9085.000  829916           15
           -9085.000  442021           630
           -9085.000  59116            680
           -9085.000  615741           588
           -9085.000  897732           380
           -9085.000  851486           342
           -9085.000  412035           70
           -9085.000  247778           232
           -9085.000  222182           214
           -9085.000  101419           200
           -9085.000  859868           243
           -9085.000  566415           567
           -9085.000  865322           360
           -9085.000  615751           16
           -9085.000  175002           169
           -9085.000  56334            616
           -9085.000  829106           308
           -9085.000  896494           228
           -9085.000  710213           362
           -9085.000  926166           281
           -9085.000  597361           198
           -9085.000  247466           56
           -9085.000  958376           175
           -9085.000  48983            401
           -9085.000  722666           152
           -9085.000  502372           226
           -9085.000  426024           330
           -9085.000  270280           838
           -9085.000  363296           937
           -9085.000  55750            898
           -9085.000  802116           48
           -9085.000  219813           730
           -9085.000  125680           791
           -9085.000  534026           499
           -9085.000  332668           993
           -9085.000  384930           486
           -9085.000  9922             884
           -9085.000  446947           422
           -9085.000  971300           813
           -9085.000  711701           888
           -9085.000  308659           10
           -9085.000  367698           453
           -9085.000  504895           506
           -9085.000  353558           662
           -9085.000  858862           857
           -9085.000  440588           517
           -9085.000  703404           63
           -9085.000  500310           899
           -9085.000  308344           678
           -9085.000  251296           435
           -9085.000  859326           476
           -9085.648  619016           279
           -9085.648  269127           185
           -9085.648  704750           1
           -9085.648  401359           609
           -9085.648  396104           352
           -9085.648  890296           636
           -9085.648  560264           496
           -9085.648  4082             445
           -9087.005  826323           125

153 perturbed starting value run(s) did not converge or were rejected in the third stage.



THE BEST LOGLIKELIHOOD VALUE HAS BEEN REPLICATED.  RERUN WITH AT LEAST TWICE THE
RANDOM STARTS TO CHECK THAT THE BEST LOGLIKELIHOOD IS STILL OBTAINED AND REPLICATED.


THE MODEL ESTIMATION TERMINATED NORMALLY



MODEL FIT INFORMATION

Number of Free Parameters                       47

Loglikelihood

          H0 Value                       -9085.000
          H0 Scaling Correction Factor      1.2691
            for MLR

Information Criteria

          Akaike (AIC)                   18264.000
          Bayesian (BIC)                 18552.663
          Sample-Size Adjusted BIC       18403.322
            (n* = (n + 2) / 24)

Chi-Square Test of Model Fit for the Binary and Ordered Categorical
(Ordinal) Outcomes**

          Pearson Chi-Square

          Value                           2155.446
          Degrees of Freedom                  1975
          P-Value                           0.0026

          Likelihood Ratio Chi-Square

          Value                           1010.142
          Degrees of Freedom                  1975
          P-Value                           1.0000

** Of the 17334 cells in the latent class indicator table, 25
   were deleted in the calculation of chi-square due to extreme values.

Chi-Square Test for MCAR under the Unrestricted Latent Class Indicator Model

          Pearson Chi-Square

          Value                            817.134
          Degrees of Freedom                 15255
          P-Value                           1.0000

          Likelihood Ratio Chi-Square

          Value                            433.848
          Degrees of Freedom                 15255
          P-Value                           1.0000



FINAL CLASS COUNTS AND PROPORTIONS FOR THE LATENT CLASSES
BASED ON THE ESTIMATED MODEL

    Latent
   Classes

       1        145.24645          0.04228
       2       2607.53357          0.75911
       3        251.75505          0.07329
       4        430.46492          0.12532


FINAL CLASS COUNTS AND PROPORTIONS FOR THE LATENT CLASSES
BASED ON ESTIMATED POSTERIOR PROBABILITIES

    Latent
   Classes

       1        145.24645          0.04228
       2       2607.53357          0.75911
       3        251.75505          0.07329
       4        430.46492          0.12532


FINAL CLASS COUNTS AND PROPORTIONS FOR THE LATENT CLASSES
BASED ON THEIR MOST LIKELY LATENT CLASS MEMBERSHIP

Class Counts and Proportions

    Latent
   Classes

       1              133          0.03866
       2             2698          0.78550
       3              227          0.06614
       4              377          0.10970


CLASSIFICATION QUALITY

     Entropy                         0.846


Average Latent Class Probabilities for Most Likely Latent Class Membership (Row)
by Latent Class (Column)

           1        2        3        4

    1   0.851    0.002    0.055    0.092
    2   0.001    0.950    0.016    0.033
    3   0.056    0.063    0.841    0.039
    4   0.046    0.078    0.026    0.850


Classification Probabilities for the Most Likely Latent Class Membership (Column)
by Latent Class (Row)

           1        2        3        4

    1   0.778    0.013    0.088    0.120
    2   0.000    0.983    0.006    0.011
    3   0.029    0.173    0.759    0.039
    4   0.028    0.207    0.020    0.744


Logits for the Classification Probabilities for the Most Likely Latent Class Membership (Column)
by Latent Class (Row)

              1        2        3        4

    1      1.866   -2.207   -0.310    0.000
    2     -4.770    4.471   -0.712    0.000
    3     -0.279    1.498    2.979    0.000
    4     -3.268   -1.278   -3.593    0.000


MODEL RESULTS

                                                    Two-Tailed
                    Estimate       S.E.  Est./S.E.    P-Value

Latent Class 1

 Thresholds
    GND1$1             0.605      0.330      1.835      0.067
    GND2$1             0.150      0.314      0.479      0.632
    GND3$1             0.205      0.271      0.756      0.450
    GND4$1            -0.501      0.292     -1.716      0.086
    GND5$1             0.327      0.261      1.253      0.210
    GND6$1            -0.560      0.221     -2.533      0.011
    ETH1$1             0.567      0.463      1.224      0.221
    ETH2$1            -0.406      0.476     -0.852      0.394
    ETH3$1            -0.244      0.360     -0.677      0.498
    ETH4$1            -0.407      0.368     -1.105      0.269
    ETH5$1            -0.641      0.463     -1.384      0.166

Latent Class 2

 Thresholds
    GND1$1             6.303      0.553     11.390      0.000
    GND2$1             5.324      0.456     11.688      0.000
    GND3$1             4.342      0.228     19.075      0.000
    GND4$1             2.605      0.140     18.660      0.000
    GND5$1             4.315      0.247     17.503      0.000
    GND6$1             2.852      0.113     25.312      0.000
    ETH1$1             6.979      1.087      6.419      0.000
    ETH2$1             4.460      0.373     11.951      0.000
    ETH3$1             4.378      0.268     16.312      0.000
    ETH4$1             1.453      0.080     18.249      0.000
    ETH5$1             5.509      0.458     12.030      0.000

Latent Class 3

 Thresholds
    GND1$1             5.050      0.919      5.493      0.000
    GND2$1             3.982      0.833      4.782      0.000
    GND3$1             3.383      0.730      4.635      0.000
    GND4$1             1.371      0.243      5.638      0.000
    GND5$1             3.704      0.883      4.193      0.000
    GND6$1             1.954      0.394      4.961      0.000
    ETH1$1             0.880      0.302      2.915      0.004
    ETH2$1            -0.898      0.375     -2.392      0.017
    ETH3$1             1.311      0.290      4.523      0.000
    ETH4$1            -1.863      0.433     -4.305      0.000
    ETH5$1             0.855      0.285      2.996      0.003

Latent Class 4

 Thresholds
    GND1$1             3.107      0.477      6.512      0.000
    GND2$1             2.314      0.400      5.783      0.000
    GND3$1             0.611      0.159      3.853      0.000
    GND4$1            -1.309      0.280     -4.669      0.000
    GND5$1             2.127      0.277      7.669      0.000
    GND6$1            -0.938      0.269     -3.484      0.000
    ETH1$1             3.919      0.629      6.229      0.000
    ETH2$1             2.890      0.539      5.366      0.000
    ETH3$1             2.586      0.520      4.971      0.000
    ETH4$1             1.045      0.200      5.220      0.000
    ETH5$1             2.611      0.421      6.197      0.000

Categorical Latent Variables

 Means
    C#1               -1.086      0.385     -2.825      0.005
    C#2                1.801      0.172     10.455      0.000
    C#3               -0.536      0.245     -2.192      0.028


RESULTS IN PROBABILITY SCALE

Latent Class 1

 GND1
    Category 1         0.647      0.075      8.589      0.000
    Category 2         0.353      0.075      4.692      0.000
 GND2
    Category 1         0.538      0.078      6.889      0.000
    Category 2         0.462      0.078      5.927      0.000
 GND3
    Category 1         0.551      0.067      8.206      0.000
    Category 2         0.449      0.067      6.684      0.000
 GND4
    Category 1         0.377      0.069      5.507      0.000
    Category 2         0.623      0.069      9.085      0.000
 GND5
    Category 1         0.581      0.064      9.142      0.000
    Category 2         0.419      0.064      6.590      0.000
 GND6
    Category 1         0.363      0.051      7.103      0.000
    Category 2         0.637      0.051     12.438      0.000
 ETH1
    Category 1         0.638      0.107      5.962      0.000
    Category 2         0.362      0.107      3.382      0.001
 ETH2
    Category 1         0.400      0.114      3.498      0.000
    Category 2         0.600      0.114      5.250      0.000
 ETH3
    Category 1         0.439      0.089      4.960      0.000
    Category 2         0.561      0.089      6.328      0.000
 ETH4
    Category 1         0.400      0.088      4.525      0.000
    Category 2         0.600      0.088      6.797      0.000
 ETH5
    Category 1         0.345      0.105      3.297      0.001
    Category 2         0.655      0.105      6.257      0.000

Latent Class 2

 GND1
    Category 1         0.998      0.001    988.972      0.000
    Category 2         0.002      0.001      1.810      0.070
 GND2
    Category 1         0.995      0.002    452.717      0.000
    Category 2         0.005      0.002      2.206      0.027
 GND3
    Category 1         0.987      0.003    341.992      0.000
    Category 2         0.013      0.003      4.451      0.000
 GND4
    Category 1         0.931      0.009    104.092      0.000
    Category 2         0.069      0.009      7.693      0.000
 GND5
    Category 1         0.987      0.003    307.441      0.000
    Category 2         0.013      0.003      4.111      0.000
 GND6
    Category 1         0.945      0.006    162.601      0.000
    Category 2         0.055      0.006      9.388      0.000
 ETH1
    Category 1         0.999      0.001    988.970      0.000
    Category 2         0.001      0.001      0.921      0.357
 ETH2
    Category 1         0.989      0.004    234.522      0.000
    Category 2         0.011      0.004      2.710      0.007
 ETH3
    Category 1         0.988      0.003    300.677      0.000
    Category 2         0.012      0.003      3.772      0.000
 ETH4
    Category 1         0.810      0.012     66.265      0.000
    Category 2         0.190      0.012     15.496      0.000
 ETH5
    Category 1         0.996      0.002    541.232      0.000
    Category 2         0.004      0.002      2.193      0.028

Latent Class 3

 GND1
    Category 1         0.994      0.006    170.800      0.000
    Category 2         0.006      0.006      1.095      0.274
 GND2
    Category 1         0.982      0.015     65.589      0.000
    Category 2         0.018      0.015      1.223      0.221
 GND3
    Category 1         0.967      0.023     41.731      0.000
    Category 2         0.033      0.023      1.417      0.157
 GND4
    Category 1         0.798      0.039     20.313      0.000
    Category 2         0.202      0.039      5.155      0.000
 GND5
    Category 1         0.976      0.021     47.088      0.000
    Category 2         0.024      0.021      1.160      0.246
 GND6
    Category 1         0.876      0.043     20.455      0.000
    Category 2         0.124      0.043      2.898      0.004
 ETH1
    Category 1         0.707      0.063     11.300      0.000
    Category 2         0.293      0.063      4.689      0.000
 ETH2
    Category 1         0.289      0.077      3.748      0.000
    Category 2         0.711      0.077      9.202      0.000
 ETH3
    Category 1         0.788      0.048     16.250      0.000
    Category 2         0.212      0.048      4.382      0.000
 ETH4
    Category 1         0.134      0.050      2.669      0.008
    Category 2         0.866      0.050     17.203      0.000
 ETH5
    Category 1         0.702      0.060     11.745      0.000
    Category 2         0.298      0.060      4.997      0.000

Latent Class 4

 GND1
    Category 1         0.957      0.020     48.940      0.000
    Category 2         0.043      0.020      2.190      0.029
 GND2
    Category 1         0.910      0.033     27.772      0.000
    Category 2         0.090      0.033      2.747      0.006
 GND3
    Category 1         0.648      0.036     17.928      0.000
    Category 2         0.352      0.036      9.735      0.000
 GND4
    Category 1         0.213      0.047      4.530      0.000
    Category 2         0.787      0.047     16.774      0.000
 GND5
    Category 1         0.894      0.026     33.856      0.000
    Category 2         0.106      0.026      4.035      0.000
 GND6
    Category 1         0.281      0.054      5.170      0.000
    Category 2         0.719      0.054     13.204      0.000
 ETH1
    Category 1         0.981      0.012     81.596      0.000
    Category 2         0.019      0.012      1.621      0.105
 ETH2
    Category 1         0.947      0.027     35.273      0.000
    Category 2         0.053      0.027      1.960      0.050
 ETH3
    Category 1         0.930      0.034     27.441      0.000
    Category 2         0.070      0.034      2.067      0.039
 ETH4
    Category 1         0.740      0.039     19.199      0.000
    Category 2         0.260      0.039      6.756      0.000
 ETH5
    Category 1         0.932      0.027     34.687      0.000
    Category 2         0.068      0.027      2.547      0.011


LATENT CLASS ODDS RATIO RESULTS

                                                95% C.I.
                    Estimate       S.E.  Lower 2.5% Upper 2.5%

Latent Class 1 Compared to Latent Class 2

 GND1
    Category > 1     298.422    186.859     87.466   1018.181
 GND2
    Category > 1     176.568     95.390     61.242    509.071
 GND3
    Category > 1      62.594     21.747     31.681    123.670
 GND4
    Category > 1      22.321      7.152     11.912     41.826
 GND5
    Category > 1      53.912     19.335     26.694    108.883
 GND6
    Category > 1      30.327      7.488     18.692     49.204
 ETH1
    Category > 1     609.324    746.105     55.278   6716.552
 ETH2
    Category > 1     129.848     85.128     35.924    469.341
 ETH3
    Category > 1     101.681     48.320     40.062    258.075
 ETH4
    Category > 1       6.423      2.580      2.924     14.112
 ETH5
    Category > 1     468.483    338.546    113.650   1931.170

Latent Class 1 Compared to Latent Class 3

 GND1
    Category > 1      85.226     83.762     12.416    585.016
 GND2
    Category > 1      46.133     41.539      7.899    269.440
 GND3
    Category > 1      23.994     19.707      4.797    120.016
 GND4
    Category > 1       6.501      2.475      3.082     13.710
 GND5
    Category > 1      29.261     27.645      4.593    186.423
 GND6
    Category > 1      12.358      5.972      4.793     31.865
 ETH1
    Category > 1       1.367      0.843      0.408      4.580
 ETH2
    Category > 1       0.611      0.370      0.186      2.005
 ETH3
    Category > 1       4.731      2.437      1.724     12.984
 ETH4
    Category > 1       0.233      0.159      0.061      0.885
 ETH5
    Category > 1       4.461      2.535      1.465     13.585

Latent Class 1 Compared to Latent Class 4

 GND1
    Category > 1      12.209      6.707      4.160     35.834
 GND2
    Category > 1       8.699      4.622      3.071     24.644
 GND3
    Category > 1       1.500      0.496      0.785      2.867
 GND4
    Category > 1       0.445      0.196      0.188      1.054
 GND5
    Category > 1       6.049      1.909      3.259     11.227
 GND6
    Category > 1       0.686      0.267      0.319      1.472
 ETH1
    Category > 1      28.548     19.287      7.594    107.317
 ETH2
    Category > 1      27.009     13.548     10.105     72.192
 ETH3
    Category > 1      16.937      7.788      6.878     41.709
 ETH4
    Category > 1       4.269      1.454      2.190      8.322
 ETH5
    Category > 1      25.847     10.736     11.450     58.343

Latent Class 2 Compared to Latent Class 3

 GND1
    Category > 1       0.286      0.315      0.033      2.473
 GND2
    Category > 1       0.261      0.268      0.035      1.945
 GND3
    Category > 1       0.383      0.298      0.083      1.764
 GND4
    Category > 1       0.291      0.079      0.171      0.496
 GND5
    Category > 1       0.543      0.533      0.079      3.716
 GND6
    Category > 1       0.407      0.168      0.182      0.912
 ETH1
    Category > 1       0.002      0.002      0.000      0.017
 ETH2
    Category > 1       0.005      0.002      0.002      0.011
 ETH3
    Category > 1       0.047      0.019      0.021      0.104
 ETH4
    Category > 1       0.036      0.015      0.016      0.081
 ETH5
    Category > 1       0.010      0.005      0.004      0.024

Latent Class 2 Compared to Latent Class 4

 GND1
    Category > 1       0.041      0.030      0.010      0.169
 GND2
    Category > 1       0.049      0.033      0.013      0.181
 GND3
    Category > 1       0.024      0.006      0.015      0.039
 GND4
    Category > 1       0.020      0.006      0.011      0.036
 GND5
    Category > 1       0.112      0.044      0.052      0.242
 GND6
    Category > 1       0.023      0.006      0.013      0.038
 ETH1
    Category > 1       0.047      0.060      0.004      0.572
 ETH2
    Category > 1       0.208      0.144      0.053      0.811
 ETH3
    Category > 1       0.167      0.107      0.047      0.586
 ETH4
    Category > 1       0.665      0.144      0.435      1.015
 ETH5
    Category > 1       0.055      0.039      0.014      0.221

Latent Class 3 Compared to Latent Class 4

 GND1
    Category > 1       0.143      0.148      0.019      1.090
 GND2
    Category > 1       0.189      0.176      0.030      1.173
 GND3
    Category > 1       0.063      0.047      0.014      0.273
 GND4
    Category > 1       0.069      0.022      0.037      0.129
 GND5
    Category > 1       0.207      0.188      0.035      1.235
 GND6
    Category > 1       0.055      0.025      0.023      0.134
 ETH1
    Category > 1      20.884     14.760      5.226     83.452
 ETH2
    Category > 1      44.184     29.927     11.714    166.652
 ETH3
    Category > 1       3.580      2.235      1.053     12.172
 ETH4
    Category > 1      18.318      8.791      7.151     46.921
 ETH5
    Category > 1       5.794      2.685      2.336     14.371


QUALITY OF NUMERICAL RESULTS

     Condition Number for the Information Matrix              0.113E-02
       (ratio of smallest to largest eigenvalue)


MODEL COMMAND WITH FINAL ESTIMATES USED AS STARTING VALUES

     %OVERALL%

     [ c#1*-1.08643 ];
     [ c#2*1.80129 ];
     [ c#3*-0.53641 ];

     %C#1%

     [ gnd1$1*0.60462 ];
     [ gnd2$1*0.15040 ];
     [ gnd3$1*0.20510 ];
     [ gnd4$1*-0.50053 ];
     [ gnd5$1*0.32732 ];
     [ gnd6$1*-0.56022 ];
     [ eth1$1*0.56701 ];
     [ eth2$1*-0.40588 ];
     [ eth3$1*-0.24353 ];
     [ eth4$1*-0.40682 ];
     [ eth5$1*-0.64077 ];

     %C#2%

     [ gnd1$1*6.30313 ];
     [ gnd2$1*5.32410 ];
     [ gnd3$1*4.34177 ];
     [ gnd4$1*2.60501 ];
     [ gnd5$1*4.31467 ];
     [ gnd6$1*2.85182 ];
     [ eth1$1*6.97936 ];
     [ eth2$1*4.46049 ];
     [ eth3$1*4.37831 ];
     [ eth4$1*1.45310 ];
     [ eth5$1*5.50873 ];

     %C#3%

     [ gnd1$1*5.04993 ];
     [ gnd2$1*3.98192 ];
     [ gnd3$1*3.38292 ];
     [ gnd4$1*1.37136 ];
     [ gnd5$1*3.70359 ];
     [ gnd6$1*1.95408 ];
     [ eth1$1*0.87961 ];
     [ eth2$1*-0.89807 ];
     [ eth3$1*1.31051 ];
     [ eth4$1*-1.86339 ];
     [ eth5$1*0.85451 ];

     %C#4%

     [ gnd1$1*3.10680 ];
     [ gnd2$1*2.31362 ];
     [ gnd3$1*0.61065 ];
     [ gnd4$1*-1.30919 ];
     [ gnd5$1*2.12715 ];
     [ gnd6$1*-0.93760 ];
     [ eth1$1*3.91861 ];
     [ eth2$1*2.89029 ];
     [ eth3$1*2.58596 ];
     [ eth4$1*1.04450 ];
     [ eth5$1*2.61141 ];



TECHNICAL 10 OUTPUT


     MODEL FIT INFORMATION FOR THE LATENT CLASS INDICATOR MODEL PART


     RESPONSE PATTERNS

     No.  Pattern        No.  Pattern        No.  Pattern
       1  00000000000      2  00000000001      3  00000000010
       4  00000000011      5  00000000100      6  00000000101
       7  00000000110      8  00000000111      9  00000001000
      10  00000001001     11  00000001010     12  00000001011
      13  00000001100     14  00000001101     15  00000001110
      16  00000001111     17  00000010000     18  00000010010
      19  00000010011     20  00000011000     21  00000011001
      22  00000011010     23  00000011011     24  00000011100
      25  00000011110     26  00000011111     27  00000100000
      28  00000100001     29  00000100010     30  00000100100
      31  00000100101     32  00000100110     33  00000101000
      34  00000101010     35  00000101011     36  00000110010
      37  00000111010     38  00000111011     39  00000111111
      40  00001000000     41  00001000010     42  00001001000
      43  00001001001     44  00001001010     45  00001010000
      46  00001011100     47  00001011111     48  00001100000
      49  00001100010     50  00001100110     51  00001100111
      52  00001111000     53  00010000000     54  00010000001
      55  00010000010     56  00010000011     57  00010000100
      58  00010000101     59  00010000110     60  00010000111
      61  00010001000     62  00010001001     63  00010001010
      64  00010001011     65  00010001100     66  00010001101
      67  00010001110     68  00010001111     69  00010010001
      70  00010010011     71  00010011010     72  00010011011
      73  00010011111     74  00010100000     75  00010100001
      76  00010100010     77  00010100011     78  00010100100
      79  00010100101     80  00010100110     81  00010101000
      82  00010101010     83  00010101110     84  00010110000
      85  00010110010     86  00010110101     87  00010110110
      88  00010111010     89  00010111011     90  00010111100
      91  00010111111     92  00011000000     93  00011000010
      94  00011000110     95  00011100000     96  00011100001
      97  00011100010     98  00011100100     99  00011100101
     100  00011101000    101  00011101001    102  00011101010
     103  00011101101    104  00011110001    105  00011111111
     106  00100000000    107  00100000010    108  00100000100
     109  00100000110    110  00100001011    111  00100001101
     112  00100010010    113  00100010011    114  00100011111
     115  00100100000    116  00100100001    117  00100100010
     118  00100100011    119  00100100100    120  00100100110
     121  00100101000    122  00100101001    123  00100111010
     124  00100111011    125  00100111110    126  00100111111
     127  00101000000    128  00101000001    129  00101000101
     130  00110000000    131  00110000001    132  00110000010
     133  00110000011    134  00110000100    135  00110000110
     136  00110000111    137  00110001010    138  00110011101
     139  00110100000    140  00110100001    141  00110100010
     142  00110100011    143  00110100100    144  00110101000
     145  00110101001    146  00110101010    147  00110101111
     148  00110110000    149  00110111011    150  00110111100
     151  00110111111    152  00111000001    153  00111000010
     154  00111001011    155  00111011111    156  00111100000
     157  00111100010    158  00111100101    159  00111101010
     160  00111110001    161  01000000000    162  01000000010
     163  01000001000    164  01000001010    165  01000011011
     166  01000011111    167  01000100000    168  01000100001
     169  01000100010    170  01001000000    171  01001001000
     172  01010000000    173  01010000010    174  01010000011
     175  01010000101    176  01010000110    177  01010001000
     178  01010011010    179  01010100000    180  01010100001
     181  01010100100    182  01010101010    183  01010111111
     184  01011000000    185  01011011111    186  01011100000
     187  01011101001    188  01011101010    189  01100000110
     190  01100001011    191  01100011111    192  01100100010
     193  01100100011    194  01100100111    195  01100111010
     196  01101100010    197  01101101001    198  01101101101
     199  01110000010    200  01110001001    201  01110100000
     202  01110100010    203  01110101010    204  01111100000
     205  01111100100    206  01111101101    207  01111110000
     208  10000000000    209  10000000100    210  10000000110
     211  10000001010    212  10000101001    213  10001111111
     214  10010000010    215  10010000011    216  10010000100
     217  10010001001    218  10010100000    219  10010101011
     220  10011100110    221  10011101001    222  10100001010
     223  10100011011    224  10100100000    225  10110000010
     226  10110000111    227  10110100000    228  10111100000
     229  11000000000    230  11000100010    231  11000101100
     232  11001000110    233  11001001110    234  11001011111
     235  11001101001    236  11010000100    237  11010010010
     238  11010100000    239  11010100010    240  11010101001
     241  11010111000    242  11011000000    243  11011011011
     244  11011100111    245  11011101001    246  11011111111
     247  11100100011    248  11100100110    249  11100101000
     250  11100101010    251  11101101111    252  11110000000
     253  11110000111    254  11110100000    255  11110100010
     256  11110101011    257  11110101111    258  11110110000
     259  11110110100    260  11110111111    261  11111000000
     262  11111011111    263  11111100000    264  11111100110
     265  11111110010    266  11111111110    267  11111111111
     268  00*00100000    269  00*10000000    270  00*10000010
     271  00*10100000    272  00*10100010    273  00*10101001
     274  00*10110110    275  00*11100101    276  01*00101011
     277  01*11101101    278  11*00000000    279  00000*00000
     280  00001*00000    281  00010*00000    282  00010*00110
     283  00011*00010    284  11001*01111    285  00000000*00
     286  00000000*10    287  00000001*01    288  00010000*00
     289  00010000*10    290  00010100*00    291  00010111*00
     292  00011000*10    293  000000*****    294  000011*****
     295  000100*****    296  001101*****    297  011111*****
     298  110000*****    299  001***00000    300  0000*000000
     301  0000*000010    302  0001*001000    303  0010*000000
     304  0000000000*    305  0000000001*    306  0001011000*
     307  0**00000000    308  0**00000010    309  0**01000000
     310  0000000*000    311  0000000*010    312  0000010*000
     313  100**100101    314  00*1000****    315  000000000*0
     316  000000010*0    317  000100000*0    318  000110000*1
     319  000000**0**    320  *0110100000    321  *1110001101
     322  000000000**    323  011110000**    324  **01*******
     325  0*0********    326  *00*0*001*0    327  ******0****
     328  00*1*100001    329  01000******    330  *00*0000000
     331  000000*1***    332  000*0000000    333  000*0000010
     334  000*0010100    335  000*0100000    336  0011000*0**
     337  0*010000110    338  1*10*1*0101    339  000000*0000
     340  001111*0000    341  *********00    342  000********
     343  *0*00*000*0


     RESPONSE PATTERN FREQUENCIES AND CHI-SQUARE CONTRIBUTIONS

    Response          Frequency     Standardized  Chi-square Contribution
     Pattern    Observed  Estimated   Residual    Pearson   Loglikelihood  Deleted
                                     (z-score)
         1      1754.21    1712.71       1.41       0.71        38.53
         2         8.81       8.53       0.09       0.00         0.15
         3       404.15     416.30      -0.62       0.35       -27.39
         4         9.56       8.47       0.37       0.14         1.95
         5        16.64      22.62      -1.24       1.58       -10.21
         6         2.06       0.48       2.23       5.14         5.88
         7        14.49       9.42       1.62       2.73        12.53
         8         1.15       1.93      -0.55       0.31        -1.24
         9        21.88      26.02      -0.80       0.66        -7.81
        10         2.75       2.71       0.03      -0.15         1.37
        11        68.81      42.69       3.95      15.98        65.13
        12         5.84      16.29      -2.55       6.70       -12.17
        13         0.76       1.93      -0.83       0.71        -1.44
        14         0.74       0.80      -0.07      -0.03         0.22
        15         1.07      10.38      -2.84       8.36        -4.89
        16         1.71       4.53      -1.30       1.76        -3.39
        17         2.89       2.75       0.09       0.01         0.16
        18         6.52       6.85      -0.12       0.01        -0.97
        19         1.28       2.78      -0.89       0.82        -2.05
        20         2.96       2.49       0.29       0.09         0.91
        21         1.13       1.09       0.04       0.00         0.05
        22        10.41      15.76      -1.33       1.82        -8.99
        23         6.98       6.77       0.08       0.00         0.19
        24         0.92       0.69       0.27       0.07         0.49
        25         4.62       4.29       0.15       0.02         0.51
        26        14.08       1.91       8.65      77.69        55.80
        27       116.09     117.94      -0.17       0.03        -4.85
        28         0.77       2.07      -0.88       0.81        -1.56
        29        34.81      32.03       0.48       0.22         4.02
        30         3.51       2.85       0.38       0.15         1.45
        31         1.09       0.29       1.44       2.16         2.80
        32         6.19       1.50       3.76      14.68        17.53
        33         1.63       3.12      -0.83       0.71        -2.18
        34         6.77       6.14       0.25       0.06         0.98
        35         1.89       2.56      -0.41       0.17        -1.24
        36         1.97       1.11       0.80       0.66         2.15
        37         2.03       2.31      -0.18       0.03        -0.62
        38         2.02       1.09       0.88       0.80         2.39
        39         1.01       0.44       0.85       0.75         1.64
        40        14.97      23.75      -1.77       3.14       -11.32
        41        10.00       6.06       1.57       2.56         9.57
        42         2.85       0.49       3.29      11.24         9.85
        43         1.07       0.13       2.50       6.50         4.38
        44         1.74       1.07       0.64       0.42         1.61
        45         0.91       0.08       2.96       9.08         4.47
        46         0.89       0.04       4.03      16.84         5.35
        47         1.13       0.12       2.88       8.61         5.04
        48         2.88       3.66      -0.40       0.11        -0.62
        49         0.94       1.23      -0.26       0.06        -0.37
        50         0.72       0.16       1.38       1.98         2.29
        51         3.63       0.16       8.41      73.33        23.03
        52         0.98       0.05       4.25      18.73         6.14
        53       150.80     154.38      -0.29       0.08        -4.88
        54         3.93       2.92       0.58       0.35         2.20
        55        41.12      43.23      -0.32       0.06        -1.37
        56         0.89       2.66      -1.07       1.18        -1.98
        57         4.41       3.91       0.25       0.06         1.17
        58         1.06       0.36       1.13       1.33         2.23
        59         3.05       2.27       0.51      -0.35         4.52
        60         3.15       0.71       2.86       8.50         9.35
        61         2.97       4.58      -0.74       0.19        -0.46
        62         1.71       0.91       0.82       0.70         2.11
        63         9.15      10.62      -0.44       0.20        -3.01
        64         4.99       4.37       0.29       0.09         1.18
        65         0.98       0.64       0.42       0.18         0.81
        66         1.69       0.38       2.09       4.54         5.01
        67         0.89       2.80      -1.12       1.30        -2.07
        68         1.68       1.41       0.23       0.05         0.54
        69         1.52       0.21       2.84       8.35         6.02
        70         1.27       0.79       0.53       0.29         1.15
        71         1.61       4.07      -1.20       1.49        -3.05
        72         2.95       1.83       0.81       0.68         2.69
        73         3.91       0.63       4.06      17.14        14.14
        74        88.27      78.65       1.08       1.18        20.53
        75         0.96       5.48      -1.90       3.69        -2.99
        76        27.26      27.45      -0.04       0.00         0.09
        77         3.01       2.36       0.42       0.18         1.33
        78         1.17       5.60      -1.84       3.50        -3.64
        79         4.53       0.64       4.78      23.75        17.55
        80         1.08       2.24      -0.76       0.55        -1.11
        81         1.93       4.40      -1.15       1.38        -3.27
        82         6.30       2.99       1.88       3.65         9.08
        83         2.00       0.75       1.42       2.08         3.83
        84         1.13       1.51      -0.30      -0.43         0.85
        85         2.15       0.81       1.45       2.19         4.07
        86         0.93       0.14       2.02       4.22         3.39
        87         0.94       0.20       1.61       2.26         4.13
        88         0.82       0.72       0.13       0.02         0.19
        89         0.96       0.48       0.69       0.50         1.31
        90         1.17       0.13       2.78       7.61         6.41
        91         1.77       0.36       2.29       5.45         5.53
        92        10.30       5.06       2.29       5.42        14.15
        93         3.06       1.72       1.01       0.70         5.60
        94         1.25       0.20       2.35       5.71         5.09
        95         2.86       8.65      -1.94       3.88        -6.47
        96         0.94       0.76       0.21       0.01         0.77
        97         4.76       3.13       0.91       0.80         5.08
        98         0.96       0.73       0.26       0.07         0.47
        99         0.89       0.22       1.43       1.95         3.29
       100         1.15       0.58       0.74       0.56         1.52
       101         2.40       0.23       4.38      19.91        11.02
       102         1.98       0.36       2.67       7.39         6.70
       103         0.98       0.26       1.41       2.07         2.61
       104         1.09       0.09       3.31      11.37         5.41
       105         4.14       0.22       8.27      71.08        24.24
       106        25.69      26.36      -0.13       0.01        -0.50
       107         7.59       7.18       0.15       0.02         0.48
       108         2.89       0.64       2.75       7.84         8.52
       109         1.13       0.37       1.24       1.59         2.49
       110         1.26       0.67       0.71       0.52         1.53
       111         0.92       0.12       2.22       5.13         3.64
       112         0.90       0.27       1.17       1.43         2.09
       113         0.86       0.14       1.91       3.78         3.11
       114         1.03       0.15       2.28       5.40         3.99
       115        14.95      11.78       0.91       0.85         6.78
       116         1.48       0.87       0.64       0.43         1.49
       117         3.72       4.12      -0.19       0.04        -0.95
       118         1.28       0.44       1.24       1.60         2.66
       119         1.04       0.87       0.18       0.03         0.33
       120         0.99       0.39       0.93       0.90         1.77
       121         0.98       0.69       0.33       0.11         0.62
       122         1.09       0.19       2.03       4.28         3.77
       123         1.88       0.14       4.55      21.49         9.64
       124         1.27       0.15       2.87       8.57         5.42
       125         1.27       0.10       3.68      14.06         6.46
       126         0.94       0.16       1.96       3.97         3.35
       127         0.99       0.81       0.20       0.04         0.53
       128         0.88       0.08       2.88       8.62         4.28
       129         0.96       0.05       3.97      16.40         5.60
       130        10.20      16.84      -1.59       2.53        -8.30
       131         1.92       1.21       0.63       0.40         2.07
       132         2.81       5.91      -1.25       1.60        -3.60
       133         0.83       0.58       0.32       0.10         0.73
       134         0.88       1.22      -0.30       0.10        -0.62
       135         1.02       0.53       0.67       0.46         1.31
       136         1.89       0.21       3.63      13.66         8.28
       137         2.05       0.73       1.53       2.40         4.59
       138         1.41       0.09       4.18      18.15         7.52
       139        52.96      38.84       2.24       5.07        36.55
       140         1.87       2.99      -0.63       0.33        -0.95
       141         7.26      13.76      -1.72       3.06        -8.82
       142         1.71       1.23       0.42       0.18         1.11
       143         0.79       3.01      -1.26       1.64        -2.12
       144         0.77       2.27      -0.98       0.99        -1.67
       145         1.79       0.38       2.23       4.86         7.01
       146         4.09       0.98       3.09       9.88        11.69
       147         0.83       0.44       0.58       0.35         1.05
       148         2.36       0.81       1.69       2.95         5.03
       149         0.89       0.20       1.51       2.35         2.64
       150         1.00       0.09       2.99       9.31         4.84
       151         2.12       0.25       3.72      14.34         9.15
       152         0.94       0.19       1.66       2.86         2.91
       153         1.48       0.69       0.93       0.89         2.16
       154         1.00       0.14       2.21       5.09         3.83
       155         1.12       0.10       3.16      10.36         5.35
       156         2.85       4.67      -0.83       0.43        -1.03
       157         0.89       1.71      -0.61       0.39        -1.21
       158         1.09       0.16       2.27       5.13         5.10
       159         1.09       0.22       1.82       3.44         3.43
       160         0.75       0.07       2.57       6.83         3.55
       161         4.75       9.12      -1.42       2.09        -6.04
       162         6.00       2.53       2.14       4.75        10.57
       163         1.41       0.29       2.04       4.31         4.50
       164         0.77       0.81      -0.04       0.00        -0.05
       165         0.75       0.19       1.23       1.58         2.04
       166         1.09       0.12       2.72       7.69         4.82
       167         0.89       2.44      -0.98       0.99        -1.76
       168         1.04       0.24       1.60       2.65         3.07
       169         2.28       0.90       1.43       2.12         4.31
       170         1.89       0.22       3.49      12.63         8.23
       171         0.96       0.04       4.51      21.15         6.05
       172         3.87       3.43       0.23       0.05         0.75
       173         0.79       1.26      -0.41       0.17        -0.77
       174         1.23       0.24       2.00       4.16         4.00
       175         1.05       0.13       2.48       6.38         4.29
       176         0.99       0.19       1.83       3.47         3.54
       177         2.09       0.26       3.53      12.97         8.64
       178         1.07       0.14       2.49       6.43         4.37
       179         4.54       7.16      -0.96       0.96        -4.35
       180         0.89       0.68       0.25       0.07         0.44
       181         2.04       0.64       1.72       3.08         4.65
       182         1.05       0.35       1.15       1.38         2.24
       183         0.75       0.26       0.95       0.93         1.55
       184         1.26       0.37       1.43       2.13         3.02
       185         1.17       0.11       3.21      10.70         5.57
       186         0.91       0.90       0.01       0.00        -0.02
       187         1.02       0.17       2.00       4.16         3.58
       188         0.89       0.15       1.86       3.59         3.11
       189         0.89       0.06       3.37      11.82         4.80
       190         1.13       0.11       3.00       9.36         5.18
       191         0.90       0.07       2.99       9.28         4.46
       192         0.87       0.43       0.66       0.45         1.17
       193         0.92       0.14       2.01       4.19         3.37
       194         1.25       0.15       2.78       8.02         5.23
       195         0.96       0.05       3.84      15.27         5.50
       196         0.89       0.09       2.66       7.33         4.07
       197         0.79       0.08       2.38       5.88         3.49
       198         1.06       0.11       2.86       8.50         4.82
       199         1.06       0.59       0.60       0.38         1.19
       200         0.77       0.12       1.88       3.66         2.86
       201         3.38       3.89      -0.25       0.06        -1.13
       202         1.13       1.45      -0.26       0.07        -0.62
       203         0.96       0.23       1.50       2.35         2.71
       204         1.19       0.50       0.95       0.93         2.33
       205         2.12       0.10       6.38      42.28        13.56
       206         1.04       0.18       2.02       3.53         5.34
       207         0.74       0.04       3.58      13.29         4.57
       208         4.02       3.49       0.28       0.08         0.94
       209         1.02       0.09       3.02       9.45         4.93
       210         0.92       0.08       2.91       8.80         4.48
       211         0.88       0.30       1.05       1.14         1.87
       212         0.96       0.10       2.71       7.63         4.33
       213         1.02       0.07       3.47      12.53         5.35
       214         0.96       0.56       0.51       0.27         0.97
       215         1.30       0.13       3.19      10.56         5.92
       216         1.12       0.14       2.62       7.12         4.72
       217         1.03       0.09       2.98       9.25         4.87
       218         2.37       3.25      -0.48       0.24        -1.62
       219         0.94       0.23       1.43       2.14         2.57
       220         1.13       0.08       3.58      13.30         5.87
       221         0.96       0.11       2.52       6.58         4.12
       222         1.02       0.05       4.47      20.76         6.27
       223         0.87       0.04       4.19      18.27         5.39
       224         0.85       0.50       0.49       0.25         0.86
       225         0.92       0.28       1.19       1.48         2.15
       226         0.88       0.09       2.59       6.95         3.98
       227         2.26       1.77       0.36       0.14         1.09
       228         1.05       0.24       1.63       2.76         3.05
       229         1.13       0.06       4.12      16.00         9.03
       230         0.89       0.07       3.00       9.31         4.43
       231         0.92       0.05       3.68      14.08         5.18
       232         0.93       0.02       6.01      37.46         6.89
       233         1.00       0.03       5.28      28.93         6.83
       234         2.93       0.04       9.81     100.00        25.75
       235         0.99       0.06       3.86      15.47         5.63
       236         0.89       0.04       4.04      16.92         5.37
       237         0.94       0.02       5.95      36.70         6.96
       238         1.07       0.36       1.16       1.39         2.27
       239         0.98       0.18       1.85       3.56         3.27
       240         1.05       0.13       2.49       6.43         4.31
       241         1.06       0.04       5.09      26.91         6.98
       242         0.99       0.03       5.12      27.17         6.63
       243         1.19       0.05       5.30      29.14         7.76
       244         0.98       0.12       2.46       6.26         4.10
       245         0.96       0.09       2.77       7.99         4.41
       246         0.89       0.10       2.44       6.18         3.84
       247         1.44       0.07       5.28      28.98         8.83
       248         0.96       0.04       4.30      19.18         5.90
       249         1.13       0.04       5.64      33.06         7.72
       250         0.74       0.05       2.96       9.10         3.87
       251         1.34       0.09       4.12      17.66         7.19
       252         0.72       0.09       2.10       4.57         3.01
       253         1.13       0.08       3.73      14.46         6.02
       254         2.88       0.21       5.76      34.39        15.01
       255         0.95       0.12       2.41       6.04         3.96
       256         0.89       0.16       1.82       3.42         3.05
       257         1.19       0.20       2.17       4.89         4.19
       258         0.94       0.02       5.76      34.42         6.82
       259         1.12       0.03       6.54      44.37         8.30
       260         1.09       0.11       2.82       8.25         4.83
       261         0.86       0.02       5.41      30.40         6.20
       262         1.04       0.05       4.50      21.00         6.39
       263         0.94       0.05       4.06      17.12         5.62
       264         0.96       0.05       3.92      15.99         5.56
       265         0.94       0.02       5.99      37.20         6.98
       266         1.00       0.04       4.51      21.14         6.23
       267         1.83       0.08       5.96      36.90        11.22
       268         0.89       0.42       0.72       0.01         0.01
       269         0.95       0.56       0.52      -0.05        -0.09
       270         0.90       0.16       1.81      -0.37        -0.13
       271         0.88       0.38       0.80       0.28         0.35
       272         1.15       0.13       2.73      -1.72        -0.37
       273         0.92       0.00       9.82       6.70         1.76      DELETED
       274         0.93       0.00       9.81       0.00         3.27      DELETED
       275         1.13       0.00       9.81       0.00         4.72      DELETED
       276         1.13       0.00       9.81       0.00         2.14      DELETED
       277         1.02       0.00       9.81       0.00         3.59      DELETED
       278         1.03       0.00       9.81       8.94         7.43      DELETED
       279         0.96       3.56      -2.01      -0.03         0.02
       280         1.03       0.05       4.18      -8.00        -0.70
       281         1.12       0.45       1.01       0.07         0.07
       282         1.19       0.01       9.82       0.00         0.72      DELETED
       283         1.25       0.01       9.82      18.39         1.72      DELETED
       284         0.94       0.00       9.81       0.00         3.19      DELETED
       285         0.88       3.93      -2.18      -0.03         0.01
       286         0.94       0.96      -0.02       0.00        -0.04
       287         0.99       0.01       9.82       4.41         0.45      DELETED
       288         0.89       0.36       0.89      -0.02        -0.02
       289         1.07       0.10       2.98       0.41         0.08
       290         0.82       0.19       1.44       0.20         0.10
       291         0.96       0.00       9.81       0.00         3.23      DELETED
       292         1.03       0.00       9.82      20.64         2.28      DELETED
       293         3.10       6.65      -2.46      -0.01         0.02
       294         0.96       0.03       5.82       4.56         0.25
       295         1.01       0.71       0.36       0.00        -0.01
       296         2.10       0.20       4.22       3.09         0.64
       297         0.91       0.01       8.39      31.95         1.02
       298         1.44       0.00       9.82       0.00         3.31      DELETED
       299         0.77       0.02       4.84       2.12         0.14
       300         2.72       3.12      -0.32      -0.01         0.04
       301         1.02       0.76       0.32      -0.02        -0.05
       302         1.34       0.01       9.82       0.00        -0.38      DELETED
       303         0.93       0.05       3.91       0.00         0.00
       304         0.93       2.05      -1.11      -0.02         0.02
       305         1.93       0.51       2.10      -0.22        -0.12
       306         1.13       0.00       9.82       0.00         0.55      DELETED
       307         1.08       1.63      -0.61      -0.01         0.02
       308         1.05       0.40       1.08      -0.06        -0.05
       309         0.99       0.02       6.25     -12.20        -0.50
       310         1.89       2.09      -0.20       0.00         0.03
       311         1.19       0.55       0.90       0.05         0.06
       312         0.96       0.15       2.12      -0.21        -0.06
       313         0.99       0.00       9.81       0.00         1.86      DELETED
       314         1.04       0.08       3.40      -0.26        -0.04
       315         5.55       5.38       0.12       0.00         0.03
       316         0.90       0.17       1.73       1.06         0.49
       317         0.92       0.50       0.60      -0.02        -0.03
       318         1.08       0.00       9.81       0.00         1.30      DELETED
       319         1.13       0.77       0.72       0.00         0.01
       320         1.26       0.03       7.56      17.65         0.86
       321         0.88       0.00       9.81       0.00         2.41      DELETED
       322         0.94       1.22      -0.41       0.00         0.01
       323         0.96       0.00       9.81       0.00         1.36      DELETED
       324         0.95       0.14       2.33       0.02         0.01
       325         0.83       0.75       0.28       0.00         0.00
       326         1.34       0.02       9.07       6.45         0.21
       327         0.98       0.94       0.20       0.00         0.00
       328         0.89       0.00       9.83       0.00        -1.32      DELETED
       329         0.84       0.01       9.85       0.00        -0.32      DELETED
       330         1.00       0.56       0.87       0.01         0.02
       331         1.12       0.05       5.00       1.05         0.09
       332         2.99       3.30      -0.25      -0.01         0.05
       333         0.96       0.81       0.17      -0.01        -0.06
       334         1.01       0.00       9.81       0.00         1.48      DELETED
       335         0.95       0.35       1.04       0.08         0.07
       336         1.96       0.02       9.85       0.00        -1.24
       337         0.79       0.00       9.82       0.00         1.38      DELETED
       338         0.89       0.00       9.81       0.00         1.76      DELETED
       339         0.89       1.03      -0.20       0.00         0.02
       340         1.12       0.00       9.82       0.00        -0.46      DELETED
       341         1.02       0.73       0.63       0.00         0.00
       342         1.13       1.01       0.36       0.00         0.01
       343         0.94       0.66       0.63       0.00         0.00

     THE TOTAL PEARSON CHI-SQUARE CONTRIBUTION FROM EMPTY CELLS IS       180.76


     UNIVARIATE MODEL FIT INFORMATION

                               Estimated Probabilities
                                                  Standardized
     Variable              H1           H0          Residual
                                                   (z-score)
     GND1
       Category 1        0.978        0.978          -0.018
       Category 2        0.022        0.022           0.018
       Univariate Pearson Chi-Square                  0.000
       Univariate Log-Likelihood Chi-Square           0.000
     GND2
       Category 1        0.964        0.964          -0.018
       Category 2        0.036        0.036           0.018
       Univariate Pearson Chi-Square                  0.000
       Univariate Log-Likelihood Chi-Square           0.000
     GND3
       Category 1        0.925        0.925          -0.041
       Category 2        0.075        0.075           0.041
       Univariate Pearson Chi-Square                  0.002
       Univariate Log-Likelihood Chi-Square           0.002
     GND4
       Category 1        0.808        0.808          -0.001
       Category 2        0.192        0.192           0.001
       Univariate Pearson Chi-Square                  0.000
       Univariate Log-Likelihood Chi-Square           0.000
     GND5
       Category 1        0.957        0.957          -0.016
       Category 2        0.043        0.043           0.016
       Univariate Pearson Chi-Square                  0.000
       Univariate Log-Likelihood Chi-Square           0.000
     GND6
       Category 1        0.833        0.832           0.024
       Category 2        0.167        0.168          -0.024
       Univariate Pearson Chi-Square                  0.001
       Univariate Log-Likelihood Chi-Square           0.001
     ETH1
       Category 1        0.960        0.960           0.042
       Category 2        0.040        0.040          -0.042
       Univariate Pearson Chi-Square                  0.002
       Univariate Log-Likelihood Chi-Square           0.002
     ETH2
       Category 1        0.908        0.907           0.051
       Category 2        0.092        0.093          -0.051
       Univariate Pearson Chi-Square                  0.003
       Univariate Log-Likelihood Chi-Square           0.003
     ETH3
       Category 1        0.942        0.943          -0.023
       Category 2        0.058        0.057           0.023
       Univariate Pearson Chi-Square                  0.001
       Univariate Log-Likelihood Chi-Square           0.001
     ETH4
       Category 1        0.735        0.735           0.020
       Category 2        0.265        0.265          -0.020
       Univariate Pearson Chi-Square                  0.000
       Univariate Log-Likelihood Chi-Square           0.000
     ETH5
       Category 1        0.939        0.939           0.048
       Category 2        0.061        0.061          -0.048
       Univariate Pearson Chi-Square                  0.002
       Univariate Log-Likelihood Chi-Square           0.002

       Overall Univariate Pearson Chi-Square                         0.011
       Overall Univariate Log-Likelihood Chi-Square                  0.011


     BIVARIATE MODEL FIT INFORMATION

                                              Estimated Probabilities
                                                                 Standardized
     Variable       Variable              H1           H0          Residual
                                                                  (z-score)
     GND1           GND2
       Category 1     Category 1        0.956        0.949           1.712
       Category 1     Category 2        0.022        0.028          -2.273
       Category 2     Category 1        0.008        0.015          -3.141
       Category 2     Category 2        0.014        0.007           4.448
       Bivariate Pearson Chi-Square                                 35.854
       Bivariate Log-Likelihood Chi-Square                          33.988
     GND1           GND3
       Category 1     Category 1        0.912        0.911           0.170
       Category 1     Category 2        0.066        0.067          -0.205
       Category 2     Category 1        0.013        0.014          -0.513
       Category 2     Category 2        0.010        0.009           0.669
       Bivariate Pearson Chi-Square                                  0.774
       Bivariate Log-Likelihood Chi-Square                           0.763
     GND1           GND4
       Category 1     Category 1        0.799        0.799          -0.076
       Category 1     Category 2        0.179        0.178           0.073
       Category 2     Category 1        0.009        0.008           0.326
       Category 2     Category 2        0.013        0.014          -0.234
       Bivariate Pearson Chi-Square                                  0.171
       Bivariate Log-Likelihood Chi-Square                           0.170
     GND1           GND5
       Category 1     Category 1        0.942        0.942           0.137
       Category 1     Category 2        0.035        0.036          -0.187
       Category 2     Category 1        0.015        0.015          -0.288
       Category 2     Category 2        0.008        0.007           0.461
       Bivariate Pearson Chi-Square                                  0.340
       Bivariate Log-Likelihood Chi-Square                           0.335
     GND1           GND6
       Category 1     Category 1        0.823        0.824          -0.084
       Category 1     Category 2        0.155        0.154           0.081
       Category 2     Category 1        0.009        0.009           0.439
       Category 2     Category 2        0.013        0.013          -0.329
       Bivariate Pearson Chi-Square                                  0.316
       Bivariate Log-Likelihood Chi-Square                           0.313
     GND1           ETH1
       Category 1     Category 1        0.943        0.944          -0.127
       Category 1     Category 2        0.035        0.034           0.147
       Category 2     Category 1        0.017        0.017           0.295
       Category 2     Category 2        0.005        0.006          -0.467
       Bivariate Pearson Chi-Square                                  0.336
       Bivariate Log-Likelihood Chi-Square                           0.344
     GND1           ETH2
       Category 1     Category 1        0.894        0.895          -0.104
       Category 1     Category 2        0.084        0.083           0.107
       Category 2     Category 1        0.013        0.013           0.421
       Category 2     Category 2        0.009        0.010          -0.454
       Bivariate Pearson Chi-Square                                  0.406
       Bivariate Log-Likelihood Chi-Square                           0.408
     GND1           ETH3
       Category 1     Category 1        0.929        0.929          -0.084
       Category 1     Category 2        0.049        0.049           0.088
       Category 2     Category 1        0.014        0.013           0.142
       Category 2     Category 2        0.009        0.009          -0.145
       Bivariate Pearson Chi-Square                                  0.050
       Bivariate Log-Likelihood Chi-Square                           0.050
     GND1           ETH4
       Category 1     Category 1        0.724        0.724           0.020
       Category 1     Category 2        0.254        0.254          -0.027
       Category 2     Category 1        0.011        0.011          -0.001
       Category 2     Category 2        0.011        0.011           0.026
       Bivariate Pearson Chi-Square                                  0.001
       Bivariate Log-Likelihood Chi-Square                           0.001
     GND1           ETH5
       Category 1     Category 1        0.926        0.927          -0.300
       Category 1     Category 2        0.052        0.051           0.343
       Category 2     Category 1        0.013        0.012           0.828
       Category 2     Category 2        0.009        0.010          -0.861
       Bivariate Pearson Chi-Square                                  1.588
       Bivariate Log-Likelihood Chi-Square                           1.599
     GND2           GND3
       Category 1     Category 1        0.903        0.902           0.334
       Category 1     Category 2        0.061        0.062          -0.425
       Category 2     Category 1        0.021        0.023          -0.736
       Category 2     Category 2        0.015        0.013           1.010
       Bivariate Pearson Chi-Square                                  1.782
       Bivariate Log-Likelihood Chi-Square                           1.750
     GND2           GND4
       Category 1     Category 1        0.793        0.794          -0.117
       Category 1     Category 2        0.171        0.170           0.117
       Category 2     Category 1        0.015        0.014           0.396
       Category 2     Category 2        0.021        0.022          -0.299
       Bivariate Pearson Chi-Square                                  0.266
       Bivariate Log-Likelihood Chi-Square                           0.264
     GND2           GND5
       Category 1     Category 1        0.933        0.931           0.460
       Category 1     Category 2        0.031        0.033          -0.669
       Category 2     Category 1        0.024        0.026          -0.748
       Category 2     Category 2        0.012        0.009           1.272
       Bivariate Pearson Chi-Square                                  2.694
       Bivariate Log-Likelihood Chi-Square                           2.606
     GND2           GND6
       Category 1     Category 1        0.817        0.818          -0.154
       Category 1     Category 2        0.148        0.147           0.159
       Category 2     Category 1        0.016        0.015           0.564
       Category 2     Category 2        0.020        0.021          -0.454
       Bivariate Pearson Chi-Square                                  0.562
       Bivariate Log-Likelihood Chi-Square                           0.558
     GND2           ETH1
       Category 1     Category 1        0.931        0.932          -0.219
       Category 1     Category 2        0.033        0.032           0.293
       Category 2     Category 1        0.029        0.028           0.384
       Category 2     Category 2        0.007        0.008          -0.688
       Bivariate Pearson Chi-Square                                  0.726
       Bivariate Log-Likelihood Chi-Square                           0.747
     GND2           ETH2
       Category 1     Category 1        0.885        0.885           0.069
       Category 1     Category 2        0.079        0.079          -0.094
       Category 2     Category 1        0.022        0.023          -0.048
       Category 2     Category 2        0.014        0.013           0.092
       Bivariate Pearson Chi-Square                                  0.020
       Bivariate Log-Likelihood Chi-Square                           0.020
     GND2           ETH3
       Category 1     Category 1        0.918        0.919          -0.205
       Category 1     Category 2        0.046        0.045           0.253
       Category 2     Category 1        0.025        0.024           0.333
       Category 2     Category 2        0.011        0.012          -0.433
       Bivariate Pearson Chi-Square                                  0.371
       Bivariate Log-Likelihood Chi-Square                           0.374
     GND2           ETH4
       Category 1     Category 1        0.716        0.715           0.105
       Category 1     Category 2        0.248        0.249          -0.117
       Category 2     Category 1        0.019        0.019          -0.279
       Category 2     Category 2        0.017        0.017           0.327
       Bivariate Pearson Chi-Square                                  0.202
       Bivariate Log-Likelihood Chi-Square                           0.202
     GND2           ETH5
       Category 1     Category 1        0.915        0.917          -0.389
       Category 1     Category 2        0.049        0.047           0.490
       Category 2     Category 1        0.024        0.022           0.813
       Category 2     Category 2        0.012        0.014          -0.982
       Bivariate Pearson Chi-Square                                  1.909
       Bivariate Log-Likelihood Chi-Square                           1.937
     GND3           GND4
       Category 1     Category 1        0.780        0.780          -0.092
       Category 1     Category 2        0.145        0.144           0.078
       Category 2     Category 1        0.028        0.028           0.230
       Category 2     Category 2        0.047        0.048          -0.126
       Bivariate Pearson Chi-Square                                  0.076
       Bivariate Log-Likelihood Chi-Square                           0.076
     GND3           GND5
       Category 1     Category 1        0.892        0.895          -0.430
       Category 1     Category 2        0.032        0.030           0.710
       Category 2     Category 1        0.065        0.062           0.533
       Category 2     Category 2        0.011        0.013          -1.048
       Bivariate Pearson Chi-Square                                  1.931
       Bivariate Log-Likelihood Chi-Square                           1.981
     GND3           GND6
       Category 1     Category 1        0.806        0.802           0.654
       Category 1     Category 2        0.118        0.123          -0.827
       Category 2     Category 1        0.026        0.031          -1.462
       Category 2     Category 2        0.049        0.045           1.273
       Bivariate Pearson Chi-Square                                  4.470
       Bivariate Log-Likelihood Chi-Square                           4.536
     GND3           ETH1
       Category 1     Category 1        0.893        0.893           0.044
       Category 1     Category 2        0.031        0.032          -0.140
       Category 2     Category 1        0.067        0.067          -0.021
       Category 2     Category 2        0.009        0.008           0.176
       Bivariate Pearson Chi-Square                                  0.052
       Bivariate Log-Likelihood Chi-Square                           0.052
     GND3           ETH2
       Category 1     Category 1        0.847        0.848          -0.018
       Category 1     Category 2        0.077        0.077          -0.017
       Category 2     Category 1        0.060        0.060           0.089
       Category 2     Category 2        0.015        0.016          -0.083
       Bivariate Pearson Chi-Square                                  0.015
       Bivariate Log-Likelihood Chi-Square                           0.015
     GND3           ETH3
       Category 1     Category 1        0.881        0.882          -0.154
       Category 1     Category 2        0.044        0.043           0.192
       Category 2     Category 1        0.062        0.061           0.186
       Category 2     Category 2        0.014        0.014          -0.283
       Bivariate Pearson Chi-Square                                  0.155
       Bivariate Log-Likelihood Chi-Square                           0.156
     GND3           ETH4
       Category 1     Category 1        0.685        0.686          -0.158
       Category 1     Category 2        0.240        0.239           0.147
       Category 2     Category 1        0.050        0.048           0.384
       Category 2     Category 2        0.026        0.027          -0.443
       Bivariate Pearson Chi-Square                                  0.368
       Bivariate Log-Likelihood Chi-Square                           0.370
     GND3           ETH5
       Category 1     Category 1        0.881        0.880           0.141
       Category 1     Category 2        0.044        0.045          -0.273
       Category 2     Category 1        0.058        0.059          -0.145
       Category 2     Category 2        0.017        0.016           0.357
       Bivariate Pearson Chi-Square                                  0.227
       Bivariate Log-Likelihood Chi-Square                           0.226
     GND4           GND5
       Category 1     Category 1        0.789        0.788           0.222
       Category 1     Category 2        0.019        0.020          -0.649
       Category 2     Category 1        0.168        0.169          -0.251
       Category 2     Category 2        0.024        0.023           0.637
       Bivariate Pearson Chi-Square                                  0.906
       Bivariate Log-Likelihood Chi-Square                           0.908
     GND4           GND6
       Category 1     Category 1        0.735        0.733           0.327
       Category 1     Category 2        0.073        0.075          -0.552
       Category 2     Category 1        0.097        0.100          -0.454
       Category 2     Category 2        0.095        0.092           0.472
       Bivariate Pearson Chi-Square                                  0.725
       Bivariate Log-Likelihood Chi-Square                           0.728
     GND4           ETH1
       Category 1     Category 1        0.784        0.784           0.072
       Category 1     Category 2        0.024        0.024          -0.196
       Category 2     Category 1        0.176        0.176          -0.056
       Category 2     Category 2        0.016        0.016           0.174
       Bivariate Pearson Chi-Square                                  0.074
       Bivariate Log-Likelihood Chi-Square                           0.074
     GND4           ETH2
       Category 1     Category 1        0.747        0.747          -0.032
       Category 1     Category 2        0.061        0.061           0.056
       Category 2     Category 1        0.160        0.160           0.078
       Category 2     Category 2        0.032        0.032          -0.160
       Bivariate Pearson Chi-Square                                  0.034
       Bivariate Log-Likelihood Chi-Square                           0.034
     GND4           ETH3
       Category 1     Category 1        0.776        0.776           0.044
       Category 1     Category 2        0.032        0.032          -0.109
       Category 2     Category 1        0.166        0.167          -0.064
       Category 2     Category 2        0.026        0.025           0.155
       Bivariate Pearson Chi-Square                                  0.040
       Bivariate Log-Likelihood Chi-Square                           0.040
     GND4           ETH4
       Category 1     Category 1        0.605        0.607          -0.265
       Category 1     Category 2        0.203        0.201           0.321
       Category 2     Category 1        0.130        0.128           0.415
       Category 2     Category 2        0.062        0.064          -0.562
       Bivariate Pearson Chi-Square                                  0.577
       Bivariate Log-Likelihood Chi-Square                           0.580
     GND4           ETH5
       Category 1     Category 1        0.777        0.775           0.293
       Category 1     Category 2        0.030        0.033          -0.691
       Category 2     Category 1        0.162        0.163          -0.299
       Category 2     Category 2        0.031        0.029           0.667
       Bivariate Pearson Chi-Square                                  1.026
       Bivariate Log-Likelihood Chi-Square                           1.028
     GND5           GND6
       Category 1     Category 1        0.811        0.811          -0.109
       Category 1     Category 2        0.147        0.146           0.112
       Category 2     Category 1        0.022        0.021           0.358
       Category 2     Category 2        0.021        0.022          -0.332
       Bivariate Pearson Chi-Square                                  0.255
       Bivariate Log-Likelihood Chi-Square                           0.255
     GND5           ETH1
       Category 1     Category 1        0.924        0.924          -0.012
       Category 1     Category 2        0.033        0.033           0.000
       Category 2     Category 1        0.036        0.036           0.062
       Category 2     Category 2        0.007        0.007          -0.099
       Bivariate Pearson Chi-Square                                  0.014
       Bivariate Log-Likelihood Chi-Square                           0.014
     GND5           ETH2
       Category 1     Category 1        0.878        0.877           0.210
       Category 1     Category 2        0.079        0.080          -0.266
       Category 2     Category 1        0.029        0.030          -0.317
       Category 2     Category 2        0.014        0.013           0.512
       Bivariate Pearson Chi-Square                                  0.444
       Bivariate Log-Likelihood Chi-Square                           0.438
     GND5           ETH3
       Category 1     Category 1        0.912        0.911           0.240
       Category 1     Category 2        0.045        0.046          -0.342
       Category 2     Category 1        0.030        0.031          -0.423
       Category 2     Category 2        0.013        0.011           0.726
       Bivariate Pearson Chi-Square                                  0.842
       Bivariate Log-Likelihood Chi-Square                           0.826
     GND5           ETH4
       Category 1     Category 1        0.711        0.709           0.152
       Category 1     Category 2        0.247        0.248          -0.167
       Category 2     Category 1        0.024        0.025          -0.381
       Category 2     Category 2        0.019        0.018           0.480
       Bivariate Pearson Chi-Square                                  0.411
       Bivariate Log-Likelihood Chi-Square                           0.408
     GND5           ETH5
       Category 1     Category 1        0.910        0.909           0.253
       Category 1     Category 2        0.047        0.048          -0.355
       Category 2     Category 1        0.029        0.030          -0.361
       Category 2     Category 2        0.014        0.013           0.568
       Bivariate Pearson Chi-Square                                  0.593
       Bivariate Log-Likelihood Chi-Square                           0.586
     GND6           ETH1
       Category 1     Category 1        0.808        0.807           0.173
       Category 1     Category 2        0.025        0.026          -0.376
       Category 2     Category 1        0.152        0.153          -0.167
       Category 2     Category 2        0.015        0.014           0.434
       Bivariate Pearson Chi-Square                                  0.366
       Bivariate Log-Likelihood Chi-Square                           0.365
     GND6           ETH2
       Category 1     Category 1        0.768        0.768           0.027
       Category 1     Category 2        0.065        0.065          -0.010
       Category 2     Category 1        0.140        0.140           0.010
       Category 2     Category 2        0.028        0.028          -0.076
       Bivariate Pearson Chi-Square                                  0.006
       Bivariate Log-Likelihood Chi-Square                           0.006
     GND6           ETH3
       Category 1     Category 1        0.798        0.799          -0.165
       Category 1     Category 2        0.035        0.034           0.416
       Category 2     Category 1        0.145        0.144           0.174
       Category 2     Category 2        0.023        0.024          -0.457
       Bivariate Pearson Chi-Square                                  0.418
       Bivariate Log-Likelihood Chi-Square                           0.419
     GND6           ETH4
       Category 1     Category 1        0.622        0.623          -0.043
       Category 1     Category 2        0.211        0.210           0.073
       Category 2     Category 1        0.113        0.112           0.095
       Category 2     Category 2        0.055        0.055          -0.170
       Bivariate Pearson Chi-Square                                  0.042
       Bivariate Log-Likelihood Chi-Square                           0.042
     GND6           ETH5
       Category 1     Category 1        0.796        0.798          -0.267
       Category 1     Category 2        0.037        0.035           0.635
       Category 2     Category 1        0.143        0.141           0.341
       Category 2     Category 2        0.024        0.027          -0.792
       Bivariate Pearson Chi-Square                                  1.157
       Bivariate Log-Likelihood Chi-Square                           1.167
     ETH1           ETH2
       Category 1     Category 1        0.897        0.892           0.955
       Category 1     Category 2        0.063        0.068          -1.143
       Category 2     Category 1        0.010        0.015          -2.290
       Category 2     Category 2        0.029        0.025           1.764
       Bivariate Pearson Chi-Square                                  9.878
       Bivariate Log-Likelihood Chi-Square                          10.407
     ETH1           ETH3
       Category 1     Category 1        0.921        0.916           1.047
       Category 1     Category 2        0.039        0.044          -1.375
       Category 2     Category 1        0.021        0.027          -1.839
       Category 2     Category 2        0.018        0.013           2.509
       Bivariate Pearson Chi-Square                                 11.840
       Bivariate Log-Likelihood Chi-Square                          11.474
     ETH1           ETH4
       Category 1     Category 1        0.726        0.723           0.366
       Category 1     Category 2        0.234        0.237          -0.366
       Category 2     Category 1        0.009        0.011          -1.460
       Category 2     Category 2        0.031        0.029           0.880
       Bivariate Pearson Chi-Square                                  3.112
       Bivariate Log-Likelihood Chi-Square                           3.286
     ETH1           ETH5
       Category 1     Category 1        0.920        0.915           1.032
       Category 1     Category 2        0.040        0.045          -1.350
       Category 2     Category 1        0.019        0.023          -1.824
       Category 2     Category 2        0.021        0.017           2.090
       Bivariate Pearson Chi-Square                                  9.738
       Bivariate Log-Likelihood Chi-Square                           9.699
     ETH2           ETH3
       Category 1     Category 1        0.874        0.876          -0.324
       Category 1     Category 2        0.034        0.032           0.697
       Category 2     Category 1        0.069        0.067           0.407
       Category 2     Category 2        0.024        0.026          -0.734
       Bivariate Pearson Chi-Square                                  1.207
       Bivariate Log-Likelihood Chi-Square                           1.210
     ETH2           ETH4
       Category 1     Category 1        0.709        0.706           0.483
       Category 1     Category 2        0.198        0.202          -0.512
       Category 2     Category 1        0.025        0.029          -1.258
       Category 2     Category 2        0.067        0.064           0.804
       Bivariate Pearson Chi-Square                                  2.512
       Bivariate Log-Likelihood Chi-Square                           2.574
     ETH2           ETH5
       Category 1     Category 1        0.882        0.879           0.579
       Category 1     Category 2        0.026        0.029          -1.046
       Category 2     Category 1        0.057        0.060          -0.747
       Category 2     Category 2        0.035        0.033           0.915
       Bivariate Pearson Chi-Square                                  2.532
       Bivariate Log-Likelihood Chi-Square                           2.560
     ETH3           ETH4
       Category 1     Category 1        0.712        0.709           0.417
       Category 1     Category 2        0.230        0.234          -0.461
       Category 2     Category 1        0.023        0.026          -1.141
       Category 2     Category 2        0.035        0.032           1.060
       Bivariate Pearson Chi-Square                                  2.668
       Bivariate Log-Likelihood Chi-Square                           2.690
     ETH3           ETH5
       Category 1     Category 1        0.909        0.902           1.261
       Category 1     Category 2        0.034        0.040          -1.930
       Category 2     Category 1        0.030        0.037          -1.933
       Category 2     Category 2        0.027        0.021           2.581
       Bivariate Pearson Chi-Square                                 14.386
       Bivariate Log-Likelihood Chi-Square                          14.236
     ETH4           ETH5
       Category 1     Category 1        0.712        0.712          -0.009
       Category 1     Category 2        0.023        0.023           0.087
       Category 2     Category 1        0.227        0.227           0.037
       Category 2     Category 2        0.038        0.038          -0.128
       Bivariate Pearson Chi-Square                                  0.025
       Bivariate Log-Likelihood Chi-Square                           0.025

       Overall Bivariate Pearson Chi-Square                        121.492
       Overall Bivariate Log-Likelihood Chi-Square                 119.919


TECHNICAL 11 OUTPUT

     Random Starts Specifications for the k-1 Class Analysis Model
        Number of initial stage random starts                1000
        Number of final stage optimizations                   250



     VUONG-LO-MENDELL-RUBIN LIKELIHOOD RATIO TEST FOR 3 (H0) VERSUS 4 CLASSES

          H0 Loglikelihood Value                        -9201.846
          2 Times the Loglikelihood Difference            233.692
          Difference in the Number of Parameters               12
          Mean                                             50.473
          Standard Deviation                               75.855
          P-Value                                          0.0079

     LO-MENDELL-RUBIN ADJUSTED LRT TEST

          Value                                           231.325
          P-Value                                          0.0086


SAVEDATA INFORMATION


  Save file
    Prob_ITA_GNDETHlca_C3cl4.dat

  Order and format of variables

    GND1           F10.3
    GND2           F10.3
    GND3           F10.3
    GND4           F10.3
    GND5           F10.3
    GND6           F10.3
    ETH1           F10.3
    ETH2           F10.3
    ETH3           F10.3
    ETH4           F10.3
    ETH5           F10.3
    CPROB1         F10.3
    CPROB2         F10.3
    CPROB3         F10.3
    CPROB4         F10.3
    C              F10.3
    WS             F10.3
    IDSTUD         I9
    ID_S           I5
    ID_J           I5

  Save file format
    17F10.3 I9 2I5

  Save file record length    10000

  Save missing symbol        *


     Beginning Time:  22:19:16
        Ending Time:  22:19:29
       Elapsed Time:  00:00:13



MUTHEN & MUTHEN
3463 Stoner Ave.
Los Angeles, CA  90066

Tel: (310) 391-9971
Fax: (310) 391-8971
Web: www.StatModel.com
Support: Support@StatModel.com

Copyright (c) 1998-2020 Muthen & Muthen
