Mplus VERSION 8.5 (Mac)
MUTHEN & MUTHEN
04/07/2021  10:19 PM

INPUT INSTRUCTIONS

  TITLE: ITAGNDETH LCA - C3 with 2 classes;
  DATA:
  FILE = GNDETHDtaC3.dat;

  VARIABLE:
  NAMES = id_i
  id_j
  id_r
  id_s
  id_k
  wt
  ws
  GND1
  GND2
  GND3
  GND4
  GND5
  GND6
  ETH1
  ETH2
  ETH3
  ETH4
  ETH5
  IDSTUD;
  IDVARIABLE = IDSTUD;
  USEVARIABLES = GND1
  GND2
  GND3
  GND4
  GND5
  GND6
  ETH1
  ETH2
  ETH3
  ETH4
  ETH5;
  USEOBSERVATIONS ARE id_k EQ 7;
  CATEGORICAL = GND1
  GND2
  GND3
  GND4
  GND5
  GND6
  ETH1
  ETH2
  ETH3
  ETH4
  ETH5;
  MISSING = .;
  CLASSES = c(2);
  WEIGHT = ws;
  STRATIFICATION = id_s;
  CLUSTER = id_j;

  ANALYSIS:
  TYPE = COMPLEX MIXTURE;
  PROCESSORS = 4;
  STARTS = 1000 250;
  STITERATIONS = 20;
  STSEED = 288;

  MODEL:
  %OVERALL%

  OUTPUT:
  TECH10
  TECH11
  SVALUES
  ;

  SAVEDATA:
  FILE = Prob_ITA_GNDETHlca_C3cl2.dat;
  SAVE = CPROBABILITIES;



*** WARNING in VARIABLE command
  When a subpopulation is analyzed with TYPE=COMPLEX, standard errors
  may be incorrect.  Use the SUBPOPULATION option instead of the
  USEOBSERVATIONS option to obtain correct standard errors.
*** WARNING
  Data set contains cases with missing on all variables.
  These cases were not included in the analysis.
  Number of cases with missing on all variables:  15
   2 WARNING(S) FOUND IN THE INPUT INSTRUCTIONS



ITAGNDETH LCA - C3 with 2 classes;

SUMMARY OF ANALYSIS

Number of groups                                                 1
Number of observations                                        3435

Number of dependent variables                                   11
Number of independent variables                                  0
Number of continuous latent variables                            0
Number of categorical latent variables                           1

Observed dependent variables

  Binary and ordered categorical (ordinal)
   GND1        GND2        GND3        GND4        GND5        GND6
   ETH1        ETH2        ETH3        ETH4        ETH5

Categorical latent variables
   C

Variables with special functions

  Stratification        ID_S
  Cluster variable      ID_J
  Weight variable       WS
  ID variable           IDSTUD

Estimator                                                      MLR
Information matrix                                        OBSERVED
Optimization Specifications for the Quasi-Newton Algorithm for
Continuous Outcomes
  Maximum number of iterations                                 100
  Convergence criterion                                  0.100D-05
Optimization Specifications for the EM Algorithm
  Maximum number of iterations                                 500
  Convergence criteria
    Loglikelihood change                                 0.100D-06
    Relative loglikelihood change                        0.100D-06
    Derivative                                           0.100D-05
Optimization Specifications for the M step of the EM Algorithm for
Categorical Latent variables
  Number of M step iterations                                    1
  M step convergence criterion                           0.100D-05
  Basis for M step termination                           ITERATION
Optimization Specifications for the M step of the EM Algorithm for
Censored, Binary or Ordered Categorical (Ordinal), Unordered
Categorical (Nominal) and Count Outcomes
  Number of M step iterations                                    1
  M step convergence criterion                           0.100D-05
  Basis for M step termination                           ITERATION
  Maximum value for logit thresholds                            15
  Minimum value for logit thresholds                           -15
  Minimum expected cell size for chi-square              0.100D-01
Maximum number of iterations for H1                           2000
Convergence criterion for H1                             0.100D-03
Optimization algorithm                                         EMA
Random Starts Specifications
  Number of initial stage random starts                       1000
  Number of final stage optimizations                          250
  Number of initial stage iterations                            20
  Initial stage convergence criterion                    0.100D+01
  Random starts scale                                    0.500D+01
  Random seed for generating random starts                     288
Link                                                         LOGIT

Input data file(s)
  GNDETHDtaC3.dat
Input data format  FREE


SUMMARY OF DATA

     Number of missing data patterns            32
     Number of y missing data patterns           0
     Number of u missing data patterns          32
     Number of strata                           75
     Number of clusters                        170


COVARIANCE COVERAGE OF DATA

Minimum covariance coverage value   0.100


     PROPORTION OF DATA PRESENT FOR U


           Covariance Coverage
              GND1          GND2          GND3          GND4          GND5
              ________      ________      ________      ________      ________
 GND1           0.998
 GND2           0.996         0.997
 GND3           0.993         0.993         0.994
 GND4           0.995         0.994         0.991         0.996
 GND5           0.994         0.994         0.991         0.993         0.996
 GND6           0.995         0.994         0.991         0.993         0.993
 ETH1           0.993         0.993         0.989         0.991         0.992
 ETH2           0.992         0.992         0.989         0.990         0.990
 ETH3           0.991         0.991         0.988         0.990         0.990
 ETH4           0.990         0.989         0.986         0.988         0.987
 ETH5           0.991         0.991         0.988         0.990         0.990


           Covariance Coverage
              GND6          ETH1          ETH2          ETH3          ETH4
              ________      ________      ________      ________      ________
 GND6           0.996
 ETH1           0.992         0.994
 ETH2           0.991         0.992         0.993
 ETH3           0.990         0.992         0.991         0.993
 ETH4           0.988         0.990         0.989         0.988         0.991
 ETH5           0.990         0.992         0.991         0.990         0.990


           Covariance Coverage
              ETH5
              ________
 ETH5           0.993


UNIVARIATE PROPORTIONS AND COUNTS FOR CATEGORICAL VARIABLES

    GND1
      Category 1    0.978         3350.979
      Category 2    0.022           75.639
    GND2
      Category 1    0.964         3303.900
      Category 2    0.036          122.527
    GND3
      Category 1    0.926         3161.644
      Category 2    0.074          254.446
    GND4
      Category 1    0.808         2764.495
      Category 2    0.192          656.534
    GND5
      Category 1    0.957         3274.710
      Category 2    0.043          145.830
    GND6
      Category 1    0.833         2848.924
      Category 2    0.167          570.773
    ETH1
      Category 1    0.960         3280.325
      Category 2    0.040          135.228
    ETH2
      Category 1    0.908         3096.196
      Category 2    0.092          315.367
    ETH3
      Category 1    0.943         3215.865
      Category 2    0.057          194.120
    ETH4
      Category 1    0.735         2501.634
      Category 2    0.265          901.231
    ETH5
      Category 1    0.939         3202.813
      Category 2    0.061          206.788


RANDOM STARTS RESULTS RANKED FROM THE BEST TO THE WORST LOGLIKELIHOOD VALUES

Final stage loglikelihood values at local maxima, seeds, and initial stage start numbers:

           -9472.790  850201           541
           -9472.790  273801           597
           -9472.790  926194           693
           -9472.790  746499           538
           -9472.790  81797            887
           -9472.790  748920           238
           -9472.790  486428           671
           -9472.790  169439           953
           -9472.790  732743           929
           -9472.790  81666            810
           -9472.790  12928            511
           -9472.790  400925           111
           -9472.790  112959           148
           -9472.790  454608           451
           -9472.790  503381           975
           -9472.790  811413           685
           -9472.790  531681           845
           -9472.790  395519           123
           -9472.790  749139           301
           -9472.790  102850           449
           -9472.790  394905           223
           -9472.790  986285           495
           -9472.790  188329           716
           -9472.790  531874           340
           -9472.790  29688            817
           -9472.790  580187           702
           -9472.790  975945           406
           -9472.790  447197           683
           -9472.790  425103           69
           -9472.790  210983           209
           -9472.790  110391           114
           -9472.790  280987           489
           -9472.790  692367           5
           -9472.790  711701           888
           -9472.790  351401           904
           -9472.790  552432           839
           -9472.790  207159           493
           -9472.790  244981           851
           -9472.790  769693           399
           -9472.790  792032           871
           -9472.790  388154           457
           -9472.790  534026           499
           -9472.790  939960           395
           -9472.790  435790           936
           -9472.790  558819           667
           -9472.790  519178           622
           -9472.790  741179           79
           -9472.790  747907           664
           -9472.790  837735           868
           -9472.790  304490           920
           -9472.790  736001           460
           -9472.790  573283           740
           -9472.790  125680           791
           -9472.790  845484           687
           -9472.790  94899            490
           -9472.790  341151           77
           -9472.790  632351           688
           -9472.790  426635           9
           -9472.790  317406           637
           -9472.790  461967           392
           -9472.790  746482           80
           -9472.790  821515           756
           -9472.790  116618           575
           -9472.790  233656           510
           -9472.790  459461           682
           -9472.790  229344           916
           -9472.790  981768           473
           -9472.790  52775            318
           -9472.790  862527           105
           -9472.790  73135            288
           -9472.790  425012           825
           -9472.790  226263           830
           -9472.790  675509           906
           -9472.790  957051           194
           -9472.790  176624           895
           -9472.790  911649           875
           -9472.790  718635           450
           -9472.790  267441           127
           -9472.790  419505           205
           -9472.790  553464           113
           -9472.790  719116           992
           -9472.790  782833           282
           -9472.790  998228           913
           -9472.790  860175           23
           -9472.790  691572           297
           -9472.790  255481           751
           -9472.790  641878           115
           -9472.790  594763           947
           -9472.790  95515            800
           -9472.790  821522           793
           -9472.790  552637           324
           -9472.790  307749           656
           -9472.790  440829           431
           -9472.790  326600           602
           -9472.790  53405            28
           -9472.790  533102           589
           -9472.790  847900           498
           -9472.790  88374            6
           -9472.790  388346           938
           -9472.790  755225           269
           -9472.790  790562           348
           -9472.790  87282            366
           -9472.790  40856            480
           -9472.790  970403           507
           -9472.790  555689           32
           -9472.790  949814           260
           -9472.790  61168            83
           -9472.790  713307           426
           -9472.790  823689           761
           -9472.790  14596            96
           -9472.790  566609           276
           -9472.790  378510           397
           -9472.790  819229           292
           -9472.790  910774           698
           -9472.790  247778           232
           -9472.790  261715           458
           -9472.790  27507            988
           -9472.790  23083            221
           -9472.790  903416           596
           -9472.790  565251           676
           -9472.790  119252           943
           -9472.790  223897           799
           -9472.790  741061           291
           -9472.790  173363           310
           -9472.790  851486           342
           -9472.790  55908            587
           -9472.790  552185           768
           -9472.790  659661           805
           -9472.790  702720           550
           -9472.790  316890           37
           -9472.790  830297           466
           -9472.790  854381           910
           -9472.790  569703           246
           -9472.790  247466           56
           -9472.790  843369           378
           -9472.790  742602           131
           -9472.790  295517           437
           -9472.790  353625           613
           -9472.790  509856           549
           -9472.790  771482           178
           -9472.790  853915           161
           -9472.790  718514           823
           -9472.790  675607           984
           -9472.790  958676           745
           -9472.790  620988           762
           -9472.790  160447           354
           -9472.790  808317           109
           -9472.790  865322           360
           -9472.790  263346           482
           -9472.790  427416           339
           -9472.790  337946           661
           -9472.790  533106           641
           -9472.790  756060           566
           -9472.790  896139           940
           -9472.790  767312           600
           -9472.790  647619           843
           -9472.790  476644           343
           -9472.790  732345           551
           -9472.790  905126           723
           -9472.790  805669           208
           -9472.790  704750           1
           -9472.790  657384           974
           -9472.790  755901           766
           -9472.790  229006           675
           -9472.790  752948           849
           -9472.790  133726           623
           -9472.790  958376           175
           -9472.790  303175           433
           -9472.790  745128           627
           -9472.790  586992           949
           -9472.790  301105           859
           -9472.790  444492           595
           -9472.790  330482           461
           -9472.790  686954           640
           -9472.790  413797           386
           -9472.790  56932            607
           -9472.790  609918           195
           -9472.790  646105           304
           -9472.790  564698           515
           -9472.790  799519           989
           -9472.790  185850           427
           -9472.790  637758           547
           -9472.790  763016           159
           -9472.790  619259           958
           -9472.790  608683           867
           -9472.790  983906           53
           -9472.790  474326           104
           -9472.790  131908           837
           -9472.790  336566           384
           -9472.790  442021           630
           -9472.790  341640           728
           -9472.790  325774           336
           -9472.790  267084           27
           -9472.790  298512           527
           -9472.790  514978           7
           -9472.790  14535            40
           -9472.790  451093           729
           -9472.790  3549             2
           -9472.790  536337           134
           -9472.790  947483           925
           -9472.790  442068           743
           -9472.790  703404           63
           -9472.790  597361           198
           -9472.790  7955             173
           -9472.790  615751           16
           -9472.790  328337           524
           -9472.790  333699           364
           -9472.790  773295           110
           -9472.790  859868           243
           -9472.790  54642            968
           -9472.790  366545           376
           -9472.790  802116           48
           -9472.790  393038           231
           -9472.790  819664           909
           -9472.790  602610           203
           -9472.790  195287           494
           -9472.790  332221           542
           -9472.790  128716           199
           -9472.790  847136           357
           -9472.790  871873           475
           -9472.790  219014           75
           -9472.790  888759           997
           -9472.790  539221           853
           -9472.790  321349           672
           -9472.790  742884           233
           -9472.790  682993           4
           -9472.790  596921           632
           -9472.790  800324           312
           -9472.790  365939           33
           -9472.790  717571           695
           -9472.790  909049           41
           -9472.790  468128           777
           -9472.790  392359           926
           -9472.790  778405           389
           -9472.790  578472           477
           -9472.790  155380           731
           -9472.790  920430           230
           -9472.790  54334            852
           -9472.790  503362           971
           -9472.790  846206           744
           -9472.790  792123           299
           -9472.790  601889           782
           -9472.790  300562           171
           -9472.790  2423             651
           -9472.790  912118           560
           -9472.790  1081             253
           -9472.790  914220           902
           -9472.790  230316           311
           -9472.790  985923           545
           -9472.790  196458           747



THE BEST LOGLIKELIHOOD VALUE HAS BEEN REPLICATED.  RERUN WITH AT LEAST TWICE THE
RANDOM STARTS TO CHECK THAT THE BEST LOGLIKELIHOOD IS STILL OBTAINED AND REPLICATED.


THE MODEL ESTIMATION TERMINATED NORMALLY



MODEL FIT INFORMATION

Number of Free Parameters                       23

Loglikelihood

          H0 Value                       -9472.790
          H0 Scaling Correction Factor      1.3095
            for MLR

Information Criteria

          Akaike (AIC)                   18991.580
          Bayesian (BIC)                 19132.840
          Sample-Size Adjusted BIC       19059.759
            (n* = (n + 2) / 24)

Chi-Square Test of Model Fit for the Binary and Ordered Categorical
(Ordinal) Outcomes**

          Pearson Chi-Square

          Value                           2912.048
          Degrees of Freedom                  1988
          P-Value                           0.0000

          Likelihood Ratio Chi-Square

          Value                           1484.199
          Degrees of Freedom                  1988
          P-Value                           1.0000

** Of the 17334 cells in the latent class indicator table, 36
   were deleted in the calculation of chi-square due to extreme values.

Chi-Square Test for MCAR under the Unrestricted Latent Class Indicator Model

          Pearson Chi-Square

          Value                           1016.750
          Degrees of Freedom                 15255
          P-Value                           1.0000

          Likelihood Ratio Chi-Square

          Value                            449.414
          Degrees of Freedom                 15255
          P-Value                           1.0000



FINAL CLASS COUNTS AND PROPORTIONS FOR THE LATENT CLASSES
BASED ON THE ESTIMATED MODEL

    Latent
   Classes

       1        623.78818          0.18160
       2       2811.21182          0.81840


FINAL CLASS COUNTS AND PROPORTIONS FOR THE LATENT CLASSES
BASED ON ESTIMATED POSTERIOR PROBABILITIES

    Latent
   Classes

       1        623.78818          0.18160
       2       2811.21182          0.81840


FINAL CLASS COUNTS AND PROPORTIONS FOR THE LATENT CLASSES
BASED ON THEIR MOST LIKELY LATENT CLASS MEMBERSHIP

Class Counts and Proportions

    Latent
   Classes

       1              561          0.16319
       2             2874          0.83681


CLASSIFICATION QUALITY

     Entropy                         0.823


Average Latent Class Probabilities for Most Likely Latent Class Membership (Row)
by Latent Class (Column)

           1        2

    1   0.911    0.089
    2   0.039    0.961


Classification Probabilities for the Most Likely Latent Class Membership (Column)
by Latent Class (Row)

           1        2

    1   0.818    0.182
    2   0.018    0.982


Logits for the Classification Probabilities for the Most Likely Latent Class Membership (Column)
by Latent Class (Row)

              1        2

    1      1.505    0.000
    2     -4.009    0.000


MODEL RESULTS

                                                    Two-Tailed
                    Estimate       S.E.  Est./S.E.    P-Value

Latent Class 1

 Thresholds
    GND1$1             2.027      0.189     10.718      0.000
    GND2$1             1.517      0.160      9.463      0.000
    GND3$1             0.674      0.115      5.849      0.000
    GND4$1            -0.474      0.123     -3.852      0.000
    GND5$1             1.551      0.129     12.061      0.000
    GND6$1            -0.244      0.087     -2.805      0.005
    ETH1$1             1.320      0.173      7.618      0.000
    ETH2$1             0.561      0.138      4.060      0.000
    ETH3$1             1.040      0.150      6.926      0.000
    ETH4$1            -0.086      0.128     -0.672      0.501
    ETH5$1             0.776      0.144      5.403      0.000

Latent Class 2

 Thresholds
    GND1$1             6.715      0.672      9.994      0.000
    GND2$1             5.561      0.514     10.824      0.000
    GND3$1             4.071      0.224     18.189      0.000
    GND4$1             2.221      0.114     19.444      0.000
    GND5$1             4.299      0.204     21.040      0.000
    GND6$1             2.442      0.121     20.197      0.000
    ETH1$1             6.214      0.723      8.599      0.000
    ETH2$1             3.381      0.159     21.252      0.000
    ETH3$1             4.397      0.230     19.129      0.000
    ETH4$1             1.334      0.070     19.005      0.000
    ETH5$1             5.320      0.403     13.210      0.000

Categorical Latent Variables

 Means
    C#1               -1.506      0.107    -14.125      0.000


RESULTS IN PROBABILITY SCALE

Latent Class 1

 GND1
    Category 1         0.884      0.019     45.420      0.000
    Category 2         0.116      0.019      5.986      0.000
 GND2
    Category 1         0.820      0.024     34.672      0.000
    Category 2         0.180      0.024      7.607      0.000
 GND3
    Category 1         0.662      0.026     25.704      0.000
    Category 2         0.338      0.026     13.101      0.000
 GND4
    Category 1         0.384      0.029     13.187      0.000
    Category 2         0.616      0.029     21.182      0.000
 GND5
    Category 1         0.825      0.019     44.450      0.000
    Category 2         0.175      0.019      9.425      0.000
 GND6
    Category 1         0.439      0.021     20.479      0.000
    Category 2         0.561      0.021     26.146      0.000
 ETH1
    Category 1         0.789      0.029     27.377      0.000
    Category 2         0.211      0.029      7.315      0.000
 ETH2
    Category 1         0.637      0.032     19.912      0.000
    Category 2         0.363      0.032     11.359      0.000
 ETH3
    Category 1         0.739      0.029     25.500      0.000
    Category 2         0.261      0.029      9.013      0.000
 ETH4
    Category 1         0.478      0.032     14.955      0.000
    Category 2         0.522      0.032     16.302      0.000
 ETH5
    Category 1         0.685      0.031     22.096      0.000
    Category 2         0.315      0.031     10.174      0.000

Latent Class 2

 GND1
    Category 1         0.999      0.001   1229.150      0.000
    Category 2         0.001      0.001      1.490      0.136
 GND2
    Category 1         0.996      0.002    508.308      0.000
    Category 2         0.004      0.002      1.954      0.051
 GND3
    Category 1         0.983      0.004    266.444      0.000
    Category 2         0.017      0.004      4.544      0.000
 GND4
    Category 1         0.902      0.010     89.432      0.000
    Category 2         0.098      0.010      9.706      0.000
 GND5
    Category 1         0.987      0.003    365.335      0.000
    Category 2         0.013      0.003      4.960      0.000
 GND6
    Category 1         0.920      0.009    103.366      0.000
    Category 2         0.080      0.009      8.989      0.000
 ETH1
    Category 1         0.998      0.001    692.964      0.000
    Category 2         0.002      0.001      1.387      0.166
 ETH2
    Category 1         0.967      0.005    191.043      0.000
    Category 2         0.033      0.005      6.500      0.000
 ETH3
    Category 1         0.988      0.003    357.761      0.000
    Category 2         0.012      0.003      4.403      0.000
 ETH4
    Category 1         0.791      0.012     68.328      0.000
    Category 2         0.209      0.012     18.005      0.000
 ETH5
    Category 1         0.995      0.002    510.171      0.000
    Category 2         0.005      0.002      2.495      0.013


LATENT CLASS ODDS RATIO RESULTS

                                                95% C.I.
                    Estimate       S.E.  Lower 2.5% Upper 2.5%

Latent Class 1 Compared to Latent Class 2

 GND1
    Category > 1     108.714     75.297     27.972    422.523
 GND2
    Category > 1      57.076     31.194     19.553    166.600
 GND3
    Category > 1      29.889      7.003     18.884     47.309
 GND4
    Category > 1      14.801      2.655     10.414     21.037
 GND5
    Category > 1      15.616      3.511     10.051     24.264
 GND6
    Category > 1      14.681      2.313     10.781     19.991
 ETH1
    Category > 1     133.545     99.455     31.024    574.854
 ETH2
    Category > 1      16.765      3.330     11.359     24.745
 ETH3
    Category > 1      28.717      6.967     17.850     46.201
 ETH4
    Category > 1       4.137      0.622      3.081      5.554
 ETH5
    Category > 1      94.153     38.771     42.006    211.037


QUALITY OF NUMERICAL RESULTS

     Condition Number for the Information Matrix              0.492E-02
       (ratio of smallest to largest eigenvalue)


MODEL COMMAND WITH FINAL ESTIMATES USED AS STARTING VALUES

     %OVERALL%

     [ c#1*-1.50556 ];

     %C#1%

     [ gnd1$1*2.02655 ];
     [ gnd2$1*1.51691 ];
     [ gnd3$1*0.67394 ];
     [ gnd4$1*-0.47394 ];
     [ gnd5$1*1.55105 ];
     [ gnd6$1*-0.24428 ];
     [ eth1$1*1.31970 ];
     [ eth2$1*0.56132 ];
     [ eth3$1*1.03998 ];
     [ eth4$1*-0.08619 ];
     [ eth5$1*0.77554 ];

     %C#2%

     [ gnd1$1*6.71527 ];
     [ gnd2$1*5.56129 ];
     [ gnd3$1*4.07143 ];
     [ gnd4$1*2.22078 ];
     [ gnd5$1*4.29937 ];
     [ gnd6$1*2.44226 ];
     [ eth1$1*6.21414 ];
     [ eth2$1*3.38065 ];
     [ eth3$1*4.39747 ];
     [ eth4$1*1.33368 ];
     [ eth5$1*5.32046 ];



TECHNICAL 10 OUTPUT


     MODEL FIT INFORMATION FOR THE LATENT CLASS INDICATOR MODEL PART


     RESPONSE PATTERNS

     No.  Pattern        No.  Pattern        No.  Pattern
       1  00000000000      2  00000000001      3  00000000010
       4  00000000011      5  00000000100      6  00000000101
       7  00000000110      8  00000000111      9  00000001000
      10  00000001001     11  00000001010     12  00000001011
      13  00000001100     14  00000001101     15  00000001110
      16  00000001111     17  00000010000     18  00000010010
      19  00000010011     20  00000011000     21  00000011001
      22  00000011010     23  00000011011     24  00000011100
      25  00000011110     26  00000011111     27  00000100000
      28  00000100001     29  00000100010     30  00000100100
      31  00000100101     32  00000100110     33  00000101000
      34  00000101010     35  00000101011     36  00000110010
      37  00000111010     38  00000111011     39  00000111111
      40  00001000000     41  00001000010     42  00001001000
      43  00001001001     44  00001001010     45  00001010000
      46  00001011100     47  00001011111     48  00001100000
      49  00001100010     50  00001100110     51  00001100111
      52  00001111000     53  00010000000     54  00010000001
      55  00010000010     56  00010000011     57  00010000100
      58  00010000101     59  00010000110     60  00010000111
      61  00010001000     62  00010001001     63  00010001010
      64  00010001011     65  00010001100     66  00010001101
      67  00010001110     68  00010001111     69  00010010001
      70  00010010011     71  00010011010     72  00010011011
      73  00010011111     74  00010100000     75  00010100001
      76  00010100010     77  00010100011     78  00010100100
      79  00010100101     80  00010100110     81  00010101000
      82  00010101010     83  00010101110     84  00010110000
      85  00010110010     86  00010110101     87  00010110110
      88  00010111010     89  00010111011     90  00010111100
      91  00010111111     92  00011000000     93  00011000010
      94  00011000110     95  00011100000     96  00011100001
      97  00011100010     98  00011100100     99  00011100101
     100  00011101000    101  00011101001    102  00011101010
     103  00011101101    104  00011110001    105  00011111111
     106  00100000000    107  00100000010    108  00100000100
     109  00100000110    110  00100001011    111  00100001101
     112  00100010010    113  00100010011    114  00100011111
     115  00100100000    116  00100100001    117  00100100010
     118  00100100011    119  00100100100    120  00100100110
     121  00100101000    122  00100101001    123  00100111010
     124  00100111011    125  00100111110    126  00100111111
     127  00101000000    128  00101000001    129  00101000101
     130  00110000000    131  00110000001    132  00110000010
     133  00110000011    134  00110000100    135  00110000110
     136  00110000111    137  00110001010    138  00110011101
     139  00110100000    140  00110100001    141  00110100010
     142  00110100011    143  00110100100    144  00110101000
     145  00110101001    146  00110101010    147  00110101111
     148  00110110000    149  00110111011    150  00110111100
     151  00110111111    152  00111000001    153  00111000010
     154  00111001011    155  00111011111    156  00111100000
     157  00111100010    158  00111100101    159  00111101010
     160  00111110001    161  01000000000    162  01000000010
     163  01000001000    164  01000001010    165  01000011011
     166  01000011111    167  01000100000    168  01000100001
     169  01000100010    170  01001000000    171  01001001000
     172  01010000000    173  01010000010    174  01010000011
     175  01010000101    176  01010000110    177  01010001000
     178  01010011010    179  01010100000    180  01010100001
     181  01010100100    182  01010101010    183  01010111111
     184  01011000000    185  01011011111    186  01011100000
     187  01011101001    188  01011101010    189  01100000110
     190  01100001011    191  01100011111    192  01100100010
     193  01100100011    194  01100100111    195  01100111010
     196  01101100010    197  01101101001    198  01101101101
     199  01110000010    200  01110001001    201  01110100000
     202  01110100010    203  01110101010    204  01111100000
     205  01111100100    206  01111101101    207  01111110000
     208  10000000000    209  10000000100    210  10000000110
     211  10000001010    212  10000101001    213  10001111111
     214  10010000010    215  10010000011    216  10010000100
     217  10010001001    218  10010100000    219  10010101011
     220  10011100110    221  10011101001    222  10100001010
     223  10100011011    224  10100100000    225  10110000010
     226  10110000111    227  10110100000    228  10111100000
     229  11000000000    230  11000100010    231  11000101100
     232  11001000110    233  11001001110    234  11001011111
     235  11001101001    236  11010000100    237  11010010010
     238  11010100000    239  11010100010    240  11010101001
     241  11010111000    242  11011000000    243  11011011011
     244  11011100111    245  11011101001    246  11011111111
     247  11100100011    248  11100100110    249  11100101000
     250  11100101010    251  11101101111    252  11110000000
     253  11110000111    254  11110100000    255  11110100010
     256  11110101011    257  11110101111    258  11110110000
     259  11110110100    260  11110111111    261  11111000000
     262  11111011111    263  11111100000    264  11111100110
     265  11111110010    266  11111111110    267  11111111111
     268  00*00100000    269  00*10000000    270  00*10000010
     271  00*10100000    272  00*10100010    273  00*10101001
     274  00*10110110    275  00*11100101    276  01*00101011
     277  01*11101101    278  11*00000000    279  00000*00000
     280  00001*00000    281  00010*00000    282  00010*00110
     283  00011*00010    284  11001*01111    285  00000000*00
     286  00000000*10    287  00000001*01    288  00010000*00
     289  00010000*10    290  00010100*00    291  00010111*00
     292  00011000*10    293  000000*****    294  000011*****
     295  000100*****    296  001101*****    297  011111*****
     298  110000*****    299  001***00000    300  0000*000000
     301  0000*000010    302  0001*001000    303  0010*000000
     304  0000000000*    305  0000000001*    306  0001011000*
     307  0**00000000    308  0**00000010    309  0**01000000
     310  0000000*000    311  0000000*010    312  0000010*000
     313  100**100101    314  00*1000****    315  000000000*0
     316  000000010*0    317  000100000*0    318  000110000*1
     319  000000**0**    320  *0110100000    321  *1110001101
     322  000000000**    323  011110000**    324  **01*******
     325  0*0********    326  *00*0*001*0    327  ******0****
     328  00*1*100001    329  01000******    330  *00*0000000
     331  000000*1***    332  000*0000000    333  000*0000010
     334  000*0010100    335  000*0100000    336  0011000*0**
     337  0*010000110    338  1*10*1*0101    339  000000*0000
     340  001111*0000    341  *********00    342  000********
     343  *0*00*000*0


     RESPONSE PATTERN FREQUENCIES AND CHI-SQUARE CONTRIBUTIONS

    Response          Frequency     Standardized  Chi-square Contribution
     Pattern    Observed  Estimated   Residual    Pearson   Loglikelihood  Deleted
                                     (z-score)
         1      1754.21    1651.24       3.49       6.13       154.55
         2         8.81      10.32      -0.46       0.22        -3.20
         3       404.15     439.19      -1.76       2.79       -70.64
         4         9.56       4.60       2.27       5.35        13.63
         5        16.64      22.01      -1.13       1.31        -9.30
         6         2.06       0.90       1.20       1.49         3.31
         7        14.49       7.24       2.65       7.27        20.17
         8         1.15       0.90       0.26       0.07         0.51
         9        21.88      58.83      -4.77      23.21       -43.50
        10         2.75       1.57       0.92       0.74         4.36
        11        68.81      17.83       9.84     100.00       185.32
        12         5.84       1.48       3.51      12.76        15.79
        13         0.76       1.68      -0.70       0.51        -1.23
        14         0.74       0.46       0.40       0.12         1.03
        15         1.07       1.27      -0.17       0.03        -0.40
        16         1.71       0.50       1.67       2.91         4.13
        17         2.89       4.61      -0.79       0.64        -2.83
        18         6.52       2.30       2.73       7.71        13.25
        19         1.28       0.67       0.73       0.56         1.60
        20         2.96       0.86       2.21       5.08         7.18
        21         1.13       0.35       1.31       1.78         2.65
        22        10.41       0.85       9.81     100.00        51.81
        23         6.98       0.38       9.81     100.00        40.48
        24         0.92       0.27       1.24       1.60         2.25
        25         4.62       0.29       7.89      64.55        25.39
        26        14.08       0.13       9.81     100.00       130.70
        27       116.09     149.46      -2.74       7.45       -59.85
        28         0.77       3.60      -1.46       2.22        -2.41
        29        34.81      44.59      -1.45       2.12       -19.01
        30         3.51       3.99      -0.24       0.06        -0.91
        31         1.09       1.03       0.05       0.00         0.05
        32         6.19       2.89       1.91       3.77         9.41
        33         1.63       8.46      -2.31       5.51        -5.43
        34         6.77       5.20       0.68       0.47         3.24
        35         1.89       1.81       0.06       0.00         0.08
        36         1.97       1.91       0.04       0.00         0.02
        37         2.03       1.05       0.94       0.92         2.58
        38         2.02       0.48       2.18       4.93         5.70
        39         1.01       0.17       2.00       4.14         3.54
        40        14.97      23.40      -1.72       2.93       -10.88
        41        10.00       7.03       1.10       1.25         6.58
        42         2.85       1.36       1.26       1.64         4.09
        43         1.07       0.28       1.47       2.26         2.83
        44         1.74       0.85       0.95       0.93         2.40
        45         0.91       0.32       1.02       1.07         1.85
        46         0.89       0.06       3.44      12.26         4.85
        47         1.13       0.03       6.44      43.03         8.29
        48         2.88       3.28      -0.21       0.00         0.01
        49         0.94       1.97      -0.72       0.53        -1.25
        50         0.72       0.52       0.28       0.08         0.58
        51         3.63       0.24       6.85      48.67        20.36
        52         0.98       0.20       1.70       2.99         3.25
        53       150.80     186.58      -2.65       6.85       -62.02
        54         3.93       4.52      -0.27       0.08        -1.23
        55        41.12      55.71      -1.94       3.78       -22.22
        56         0.89       4.20      -1.59       2.62        -2.79
        57         4.41       5.00      -0.26       0.07        -0.98
        58         1.06       1.30      -0.21       0.04        -0.47
        59         3.05       3.63      -0.30      -0.52         1.65
        60         3.15       1.41       1.45       2.17         4.99
        61         2.97      10.60      -2.30       5.11        -5.44
        62         1.71       2.11      -0.27       0.07        -0.77
        63         9.15       6.53       1.01       1.06         5.90
        64         4.99       2.28       1.77       3.25         7.69
        65         0.98       1.67      -0.52       0.28        -1.07
        66         1.69       0.74       1.10       1.25         2.77
        67         0.89       1.76      -0.64       0.43        -1.24
        68         1.68       0.80       0.96       0.96         2.43
        69         1.52       0.98       0.55       0.31         1.30
        70         1.27       1.06       0.20       0.04         0.41
        71         1.61       1.32       0.25       0.06         0.57
        72         2.95       0.61       2.95       9.06         9.21
        73         3.91       0.21       7.84      63.78        22.55
        74        88.27      25.65       9.85     100.00       200.16
        75         0.96       4.73      -1.70       2.97        -2.70
        76        27.26      15.11       3.07       9.76        32.64
        77         3.01       5.09      -0.91       0.85        -3.31
        78         1.17       3.76      -1.31       1.79        -2.71
        79         4.53       1.65       2.21       5.05         8.95
        80         1.08       3.95      -1.41       2.02        -2.33
        81         1.93       6.30      -1.71       3.02        -4.66
        82         6.30       6.43      -0.05       0.00        -0.55
        83         2.00       2.22      -0.15       0.02        -0.52
        84         1.13       2.73      -0.95       0.42        -0.49
        85         2.15       2.95      -0.46       0.22        -1.47
        86         0.93       0.44       0.72       0.54         1.33
        87         0.94       1.04      -0.09      -0.41         1.05
        88         0.82       1.68      -0.65       0.44        -1.21
        89         0.96       0.77       0.21       0.05         0.38
        90         1.17       0.54       0.83       0.33         3.13
        91         1.77       0.27       2.81       8.21         6.54
        92        10.30       4.10       3.00       9.34        18.46
        93         3.06       2.47       0.37      -0.20         3.38
        94         1.25       0.65       0.73       0.51         2.05
        95         2.86       2.35       0.32       0.11         0.97
        96         0.94       0.99      -0.04      -0.03         0.26
        97         4.76       2.39       1.51       2.29         7.64
        98         0.96       0.76       0.22       0.05         0.39
        99         0.89       0.35       0.90       0.67         2.43
       100         1.15       1.23      -0.07       0.00        -0.20
       101         2.40       0.56       2.40       5.98         6.83
       102         1.98       1.33       0.55       0.31         1.47
       103         0.98       0.20       1.73       3.10         3.10
       104         1.09       0.26       1.57       2.56         3.02
       105         4.14       0.06       9.81     100.00        35.18
       106        25.69      30.59      -0.87       0.78        -8.15
       107         7.59      10.14      -0.79       0.63        -4.75
       108         2.89       1.23       1.46       2.21         4.76
       109         1.13       1.06       0.07       0.00         0.09
       110         1.26       0.72       0.62       0.40         1.34
       111         0.92       0.23       1.39       2.00         2.46
       112         0.90       0.75       0.17       0.03         0.29
       113         0.86       0.34       0.89       0.82         1.58
       114         1.03       0.07       3.63      13.67         5.56
       115        14.95       5.65       3.85      15.32        28.75
       116         1.48       1.49      -0.01       0.00        -0.10
       117         3.72       4.14      -0.20       0.04        -0.99
       118         1.28       1.61      -0.26       0.07        -0.67
       119         1.04       1.16      -0.11       0.01        -0.29
       120         0.99       1.24      -0.23       0.05        -0.51
       121         0.98       1.91      -0.66       0.46        -1.36
       122         1.09       0.84       0.27       0.07         0.51
       123         1.88       0.53       1.81       3.40         4.63
       124         1.27       0.25       2.04       4.32         4.13
       125         1.27       0.19       2.46       6.26         4.81
       126         0.94       0.09       2.86       8.47         4.46
       127         0.99       0.91       0.07       0.00         0.28
       128         0.88       0.25       1.25       1.62         2.19
       129         0.96       0.09       2.91       8.79         4.56
       130        10.20       7.08       1.15       1.28         9.37
       131         1.92       1.87       0.03      -0.01         0.40
       132         2.81       5.20      -1.03       1.07        -2.89
       133         0.83       2.03      -0.83       0.71        -1.35
       134         0.88       1.46      -0.47       0.23        -0.93
       135         1.02       1.56      -0.43       0.19        -0.92
       136         1.89       0.72       1.37       1.93         3.60
       137         2.05       2.54      -0.30       0.08        -0.54
       138         1.41       0.10       4.06      17.08         7.37
       139        52.96       5.42       9.82      99.94       203.71
       140         1.87       2.37      -0.32       0.02        -0.09
       141         7.26       5.69       0.65       0.43         4.03
       142         1.71       2.59      -0.54       0.30        -1.42
       143         0.79       1.82      -0.75       0.59        -1.32
       144         0.77       2.95      -1.25       1.61        -2.07
       145         1.79       1.35       0.37      -0.16         2.49
       146         4.09       3.21       0.48       0.24         1.98
       147         0.83       0.52       0.42       0.18         0.76
       148         2.36       1.38       0.82       0.71         2.55
       149         0.89       0.39       0.77       0.61         1.43
       150         1.00       0.28       1.35       1.89         2.57
       151         2.12       0.14       5.21      28.21        11.55
       152         0.94       0.39       0.85       0.75         1.58
       153         1.48       0.94       0.54       0.30         1.24
       154         1.00       0.25       1.50       2.33         2.77
       155         1.12       0.02       7.08      52.10         8.64
       156         2.85       1.10       1.64       2.53         7.23
       157         0.89       1.19      -0.27       0.07        -0.56
       158         1.09       0.18       2.13       4.52         4.90
       159         1.09       0.68       0.49       0.24         0.96
       160         0.75       0.13       1.64       2.80         2.53
       161         4.75       7.41      -0.96       0.96        -4.07
       162         6.00       2.85       1.84       3.50         9.17
       163         1.41       0.83       0.62       0.40         1.53
       164         0.77       0.73       0.05       0.00         0.11
       165         0.75       0.08       2.27       5.35         3.32
       166         1.09       0.03       6.11      38.72         7.95
       167         0.89       1.93      -0.74       0.57        -1.35
       168         1.04       0.64       0.49       0.25         1.04
       169         2.28       1.65       0.48       0.24         1.54
       170         1.89       0.32       2.76       7.91         6.89
       171         0.96       0.13       2.22       5.10         3.73
       172         3.87       2.42       0.91       0.86         3.44
       173         0.79       2.07      -0.88       0.79        -1.56
       174         1.23       0.87       0.38       0.15         0.79
       175         1.05       0.28       1.41       2.06         2.69
       176         0.99       0.67       0.38       0.14         1.00
       177         2.09       1.01       1.05       1.15         2.93
       178         1.07       0.29       1.43       2.12         2.76
       179         4.54       2.28       1.47       2.25         6.05
       180         0.89       1.02      -0.13       0.02        -0.29
       181         2.04       0.78       1.39       2.00         3.80
       182         1.05       1.38      -0.28       0.08        -0.63
       183         0.75       0.06       2.76       7.89         3.74
       184         1.26       0.38       1.41       2.06         2.98
       185         1.17       0.01       9.81     100.00        11.11      DELETED
       186         0.91       0.47       0.63       0.41         1.15
       187         1.02       0.12       2.51       6.56         4.28
       188         0.89       0.29       1.08       1.22         1.94
       189         0.89       0.21       1.44       2.16         2.50
       190         1.13       0.16       2.40       5.98         4.39
       191         0.90       0.01       7.12      52.58         7.34
       192         0.87       0.77       0.11       0.01         0.16
       193         0.92       0.35       0.94       0.91         1.72
       194         1.25       0.12       3.13      10.18         5.71
       195         0.96       0.12       2.43       6.14         4.02
       196         0.89       0.16       1.77       3.25         2.98
       197         0.79       0.04       3.72      14.38         4.70
       198         1.06       0.01       8.75      79.43         9.17
       199         1.06       0.97       0.09       0.01         0.14
       200         0.77       0.23       1.09       1.24         1.80
       201         3.38       1.13       2.08       4.47         7.22
       202         1.13       1.23      -0.09       0.01        -0.25
       203         0.96       0.70       0.30       0.09         0.55
       204         1.19       0.24       1.91       3.79         4.11
       205         2.12       0.08       6.85      48.73        14.11
       206         1.04       0.02       6.71      46.02         9.67
       207         0.74       0.06       2.60       7.02         3.76
       208         4.02       2.65       0.83       0.71         3.16
       209         1.02       0.25       1.50       2.33         2.85
       210         0.92       0.26       1.28       1.70         2.33
       211         0.88       0.42       0.70       0.51         1.26
       212         0.96       0.22       1.55       2.50         2.78
       213         1.02       0.00       9.81     100.00        10.85      DELETED
       214         0.96       1.19      -0.21       0.05        -0.47
       215         1.30       0.52       1.05       1.14         2.28
       216         1.12       0.37       1.21       1.51         2.48
       217         1.03       0.27       1.42       2.09         2.68
       218         2.37       1.35       0.86       0.76         2.54
       219         0.94       0.38       0.89       0.82         1.65
       220         1.13       0.11       3.05       9.64         5.25
       221         0.96       0.07       3.19      10.57         4.87
       222         1.02       0.21       1.75       3.18         3.19
       223         0.87       0.03       5.18      27.86         6.07
       224         0.85       0.43       0.63       0.41         1.12
       225         0.92       0.58       0.43       0.19         0.79
       226         0.88       0.09       2.52       6.61         3.91
       227         2.26       0.68       1.89       3.70         5.43
       228         1.05       0.14       2.33       5.66         4.10
       229         1.13       0.15       2.48       4.78         7.12
       230         0.89       0.20       1.52       2.40         2.62
       231         0.92       0.04       4.51      21.12         5.86
       232         0.93       0.01       8.31      71.71         8.05
       233         1.00       0.01       9.81     100.00        10.02      DELETED
       234         2.93       0.00       9.81     100.00        47.75      DELETED
       235         0.99       0.01       9.56      94.95         9.03
       236         0.89       0.08       2.79       8.06         4.22
       237         0.94       0.07       3.34      11.55         4.96
       238         1.07       0.29       1.41       2.06         2.72
       239         0.98       0.32       1.14       1.36         2.14
       240         1.05       0.08       3.43      12.25         5.42
       241         1.06       0.04       4.73      23.27         6.69
       242         0.99       0.05       4.17      18.09         5.89
       243         1.19       0.00       9.81     100.00        13.73      DELETED
       244         0.98       0.01       9.09      85.72         8.77
       245         0.96       0.02       7.23      54.29         7.74
       246         0.89       0.00       9.81     100.00        11.15      DELETED
       247         1.44       0.05       6.33      41.58         9.79
       248         0.96       0.04       4.82      24.12         6.30
       249         1.13       0.05       4.59      21.91         6.86
       250         0.74       0.06       2.77       7.96         3.70
       251         1.34       0.00       9.81     100.00        17.31      DELETED
       252         0.72       0.12       1.74       3.15         2.60
       253         1.13       0.02       7.57      59.56         8.99
       254         2.88       0.15       6.95      50.16        16.93
       255         0.95       0.16       1.92       3.83         3.31
       256         0.89       0.04       4.05      16.99         5.39
       257         1.19       0.02       9.42      92.22        10.38
       258         0.94       0.04       4.43      20.35         5.89
       259         1.12       0.01       9.16      87.10         9.76
       260         1.09       0.00       9.81     100.00        12.09      DELETED
       261         0.86       0.02       5.23      28.38         6.08
       262         1.04       0.00       9.81     100.00        15.25      DELETED
       263         0.94       0.03       5.04      26.37         6.37
       264         0.96       0.01       8.43      73.72         8.33
       265         0.94       0.01       9.57      95.03         8.70      DELETED
       266         1.00       0.00       9.81     100.00        12.55      DELETED
       267         1.83       0.00       9.81     100.00        27.91      DELETED
       268         0.89       0.51       0.55      -0.22        -0.31
       269         0.95       0.63       0.40      -0.16        -0.32
       270         0.90       0.20       1.55      -1.30        -0.52
       271         0.88       0.10       2.41       5.60         2.69
       272         1.15       0.07       4.08       7.81         1.19
       273         0.92       0.01       7.76     -30.89        -0.72
       274         0.93       0.01       9.82       0.00         0.28      DELETED
       275         1.13       0.00       9.81       0.00         3.97      DELETED
       276         1.13       0.00       9.81       0.00         1.44      DELETED
       277         1.02       0.00       9.81       0.00         7.23      DELETED
       278         1.03       0.00       9.81       8.94         5.68      DELETED
       279         0.96       3.50      -1.96      -0.08         0.05
       280         1.03       0.05       4.24      -7.46        -0.64
       281         1.12       0.41       1.12       0.30         0.28
       282         1.19       0.01       9.49      -6.77        -0.51
       283         1.25       0.01       9.82      18.39         1.71      DELETED
       284         0.94       0.00       9.81       0.00         9.22      DELETED
       285         0.88       3.79      -2.08      -0.16         0.08
       286         0.94       1.01      -0.07       0.00        -0.13
       287         0.99       0.00       9.82       4.41         1.52      DELETED
       288         0.89       0.43       0.70      -0.33        -0.36
       289         1.07       0.13       2.53      -2.15        -0.49
       290         0.82       0.07       2.89       6.71         1.83
       291         0.96       0.00       9.82       0.00        -0.01      DELETED
       292         1.03       0.01       9.82      20.64         1.27      DELETED
       293         3.10       6.36      -2.20      -0.24         0.29
       294         0.96       0.04       4.62      -8.40        -0.58
       295         1.01       0.86       0.16      -0.10        -0.40
       296         2.10       0.12       5.61      17.31         2.74
       297         0.91       0.01       9.82      58.91         2.27      DELETED
       298         1.44       0.00       9.82       0.00         3.13      DELETED
       299         0.77       0.01       6.82      26.12         1.17
       300         2.72       3.01      -0.23      -0.03         0.23
       301         1.02       0.80       0.26      -0.05        -0.16
       302         1.34       0.02       8.94     -17.29        -2.70
       303         0.93       0.06       3.60      -2.42        -0.27
       304         0.93       1.98      -1.04      -0.07         0.09
       305         1.93       0.53       2.03      -0.51        -0.29
       306         1.13       0.00       9.82       0.00        -1.33      DELETED
       307         1.08       1.57      -0.55      -0.04         0.09
       308         1.05       0.42       1.02      -0.20        -0.18
       309         0.99       0.02       6.26     -12.03        -0.49
       310         1.89       2.06      -0.17      -0.01         0.09
       311         1.19       0.55       0.91       0.06         0.07
       312         0.96       0.19       1.77      -1.63        -0.57
       313         0.99       0.00       9.81       0.00         1.62      DELETED
       314         1.04       0.10       3.08      -2.41        -0.42
       315         5.55       5.28       0.19       0.01         0.23
       316         0.90       0.19       1.60       0.60         0.30
       317         0.92       0.61       0.40      -0.22        -0.40
       318         1.08       0.00       9.82       0.00        -0.95      DELETED
       319         1.13       0.74       0.76       0.04         0.09
       320         1.26       0.00       9.82      58.98         5.64      DELETED
       321         0.88       0.00       9.81       0.00         3.90      DELETED
       322         0.94       1.20      -0.37      -0.01         0.04
       323         0.96       0.00       9.81       0.00         0.94      DELETED
       324         0.95       0.15       2.26      -0.34        -0.10
       325         0.83       0.75       0.28       0.00         0.00
       326         1.34       0.02       8.74       0.44         0.01
       327         0.98       0.94       0.20       0.00         0.00
       328         0.89       0.00       9.83       0.00        -1.11      DELETED
       329         0.84       0.01       9.53      -6.58        -0.65      DELETED
       330         1.00       0.55       0.89       0.03         0.05
       331         1.12       0.03       6.36      17.16         1.14
       332         2.99       3.25      -0.21      -0.01         0.15
       333         0.96       0.87       0.09      -0.03        -0.20
       334         1.01       0.00       9.82       0.00        -0.49      DELETED
       335         0.95       0.31       1.16       0.36         0.29
       336         1.96       0.01       9.85       0.00        -0.70
       337         0.79       0.00       9.82       0.00         0.49      DELETED
       338         0.89       0.00       9.81       0.00         3.37      DELETED
       339         0.89       1.00      -0.15      -0.01         0.08
       340         1.12       0.00       9.82       0.00         2.31      DELETED
       341         1.02       0.72       0.64       0.01         0.02
       342         1.13       1.00       0.37       0.00         0.03
       343         0.94       0.66       0.62       0.00         0.00

     THE TOTAL PEARSON CHI-SQUARE CONTRIBUTION FROM EMPTY CELLS IS       275.65


     UNIVARIATE MODEL FIT INFORMATION

                               Estimated Probabilities
                                                  Standardized
     Variable              H1           H0          Residual
                                                   (z-score)
     GND1
       Category 1        0.978        0.978          -0.027
       Category 2        0.022        0.022           0.027
       Univariate Pearson Chi-Square                  0.001
       Univariate Log-Likelihood Chi-Square           0.001
     GND2
       Category 1        0.964        0.964          -0.034
       Category 2        0.036        0.036           0.034
       Univariate Pearson Chi-Square                  0.001
       Univariate Log-Likelihood Chi-Square           0.001
     GND3
       Category 1        0.925        0.925          -0.087
       Category 2        0.075        0.075           0.087
       Univariate Pearson Chi-Square                  0.008
       Univariate Log-Likelihood Chi-Square           0.008
     GND4
       Category 1        0.808        0.808          -0.006
       Category 2        0.192        0.192           0.006
       Univariate Pearson Chi-Square                  0.000
       Univariate Log-Likelihood Chi-Square           0.000
     GND5
       Category 1        0.957        0.957          -0.046
       Category 2        0.043        0.043           0.046
       Univariate Pearson Chi-Square                  0.002
       Univariate Log-Likelihood Chi-Square           0.002
     GND6
       Category 1        0.833        0.833          -0.006
       Category 2        0.167        0.167           0.006
       Univariate Pearson Chi-Square                  0.000
       Univariate Log-Likelihood Chi-Square           0.000
     ETH1
       Category 1        0.960        0.960           0.037
       Category 2        0.040        0.040          -0.037
       Univariate Pearson Chi-Square                  0.001
       Univariate Log-Likelihood Chi-Square           0.001
     ETH2
       Category 1        0.908        0.907           0.086
       Category 2        0.092        0.093          -0.086
       Univariate Pearson Chi-Square                  0.008
       Univariate Log-Likelihood Chi-Square           0.008
     ETH3
       Category 1        0.942        0.943          -0.043
       Category 2        0.058        0.057           0.043
       Univariate Pearson Chi-Square                  0.002
       Univariate Log-Likelihood Chi-Square           0.002
     ETH4
       Category 1        0.735        0.735           0.029
       Category 2        0.265        0.265          -0.029
       Univariate Pearson Chi-Square                  0.001
       Univariate Log-Likelihood Chi-Square           0.001
     ETH5
       Category 1        0.939        0.939           0.056
       Category 2        0.061        0.061          -0.056
       Univariate Pearson Chi-Square                  0.003
       Univariate Log-Likelihood Chi-Square           0.003

       Overall Univariate Pearson Chi-Square                         0.027
       Overall Univariate Log-Likelihood Chi-Square                  0.027


     BIVARIATE MODEL FIT INFORMATION

                                              Estimated Probabilities
                                                                 Standardized
     Variable       Variable              H1           H0          Residual
                                                                  (z-score)
     GND1           GND2
       Category 1     Category 1        0.956        0.946           2.555
       Category 1     Category 2        0.022        0.032          -3.307
       Category 2     Category 1        0.008        0.018          -4.357
       Category 2     Category 2        0.014        0.004           9.552
       Bivariate Pearson Chi-Square                                125.093
       Bivariate Log-Likelihood Chi-Square                          92.731
     GND1           GND3
       Category 1     Category 1        0.912        0.910           0.418
       Category 1     Category 2        0.066        0.068          -0.492
       Category 2     Category 1        0.013        0.015          -1.174
       Category 2     Category 2        0.010        0.007           1.739
       Bivariate Pearson Chi-Square                                  4.777
       Bivariate Log-Likelihood Chi-Square                           4.549
     GND1           GND4
       Category 1     Category 1        0.799        0.799           0.001
       Category 1     Category 2        0.179        0.179          -0.011
       Category 2     Category 1        0.009        0.009          -0.028
       Category 2     Category 2        0.013        0.013           0.058
       Bivariate Pearson Chi-Square                                  0.004
       Bivariate Log-Likelihood Chi-Square                           0.004
     GND1           GND5
       Category 1     Category 1        0.942        0.939           0.859
       Category 1     Category 2        0.035        0.039          -1.083
       Category 2     Category 1        0.015        0.018          -1.599
       Category 2     Category 2        0.008        0.004           3.601
       Bivariate Pearson Chi-Square                                 17.236
       Bivariate Log-Likelihood Chi-Square                          14.367
     GND1           GND6
       Category 1     Category 1        0.823        0.822           0.119
       Category 1     Category 2        0.155        0.155          -0.137
       Category 2     Category 1        0.009        0.010          -0.476
       Category 2     Category 2        0.013        0.012           0.477
       Bivariate Pearson Chi-Square                                  0.486
       Bivariate Log-Likelihood Chi-Square                           0.487
     GND1           ETH1
       Category 1     Category 1        0.943        0.942           0.158
       Category 1     Category 2        0.035        0.035          -0.220
       Category 2     Category 1        0.017        0.018          -0.223
       Category 2     Category 2        0.005        0.004           0.501
       Bivariate Pearson Chi-Square                                  0.360
       Bivariate Log-Likelihood Chi-Square                           0.350
     GND1           ETH2
       Category 1     Category 1        0.894        0.893           0.274
       Category 1     Category 2        0.084        0.085          -0.318
       Category 2     Category 1        0.013        0.014          -0.503
       Category 2     Category 2        0.009        0.008           0.731
       Bivariate Pearson Chi-Square                                  0.913
       Bivariate Log-Likelihood Chi-Square                           0.895
     GND1           ETH3
       Category 1     Category 1        0.929        0.926           0.627
       Category 1     Category 2        0.049        0.052          -0.758
       Category 2     Category 1        0.014        0.017          -1.363
       Category 2     Category 2        0.009        0.006           2.401
       Bivariate Pearson Chi-Square                                  8.443
       Bivariate Log-Likelihood Chi-Square                           7.706
     GND1           ETH4
       Category 1     Category 1        0.724        0.724           0.000
       Category 1     Category 2        0.254        0.254          -0.009
       Category 2     Category 1        0.011        0.011           0.124
       Category 2     Category 2        0.011        0.011          -0.085
       Bivariate Pearson Chi-Square                                  0.023
       Bivariate Log-Likelihood Chi-Square                           0.023
     GND1           ETH5
       Category 1     Category 1        0.926        0.923           0.492
       Category 1     Category 2        0.052        0.055          -0.594
       Category 2     Category 1        0.013        0.015          -0.952
       Category 2     Category 2        0.009        0.007           1.492
       Bivariate Pearson Chi-Square                                  3.590
       Bivariate Log-Likelihood Chi-Square                           3.429
     GND2           GND3
       Category 1     Category 1        0.903        0.900           0.619
       Category 1     Category 2        0.061        0.064          -0.784
       Category 2     Category 1        0.021        0.025          -1.342
       Category 2     Category 2        0.015        0.011           2.051
       Bivariate Pearson Chi-Square                                  6.779
       Bivariate Log-Likelihood Chi-Square                           6.470
     GND2           GND4
       Category 1     Category 1        0.793        0.793           0.033
       Category 1     Category 2        0.171        0.172          -0.052
       Category 2     Category 1        0.015        0.015          -0.127
       Category 2     Category 2        0.021        0.020           0.155
       Bivariate Pearson Chi-Square                                  0.043
       Bivariate Log-Likelihood Chi-Square                           0.043
     GND2           GND5
       Category 1     Category 1        0.933        0.927           1.237
       Category 1     Category 2        0.031        0.037          -1.737
       Category 2     Category 1        0.024        0.030          -1.937
       Category 2     Category 2        0.012        0.006           4.454
       Bivariate Pearson Chi-Square                                 27.390
       Bivariate Log-Likelihood Chi-Square                          23.111
     GND2           GND6
       Category 1     Category 1        0.817        0.815           0.158
       Category 1     Category 2        0.148        0.149          -0.190
       Category 2     Category 1        0.016        0.017          -0.489
       Category 2     Category 2        0.020        0.019           0.518
       Bivariate Pearson Chi-Square                                  0.555
       Bivariate Log-Likelihood Chi-Square                           0.555
     GND2           ETH1
       Category 1     Category 1        0.931        0.931          -0.052
       Category 1     Category 2        0.033        0.033           0.038
       Category 2     Category 1        0.029        0.029           0.122
       Category 2     Category 2        0.007        0.007          -0.171
       Bivariate Pearson Chi-Square                                  0.047
       Bivariate Log-Likelihood Chi-Square                           0.047
     GND2           ETH2
       Category 1     Category 1        0.885        0.883           0.333
       Category 1     Category 2        0.079        0.081          -0.415
       Category 2     Category 1        0.022        0.024          -0.538
       Category 2     Category 2        0.014        0.012           0.812
       Bivariate Pearson Chi-Square                                  1.148
       Bivariate Log-Likelihood Chi-Square                           1.128
     GND2           ETH3
       Category 1     Category 1        0.918        0.915           0.498
       Category 1     Category 2        0.046        0.049          -0.672
       Category 2     Category 1        0.025        0.027          -0.912
       Category 2     Category 2        0.011        0.009           1.679
       Bivariate Pearson Chi-Square                                  4.210
       Bivariate Log-Likelihood Chi-Square                           3.982
     GND2           ETH4
       Category 1     Category 1        0.716        0.716          -0.040
       Category 1     Category 2        0.248        0.248           0.028
       Category 2     Category 1        0.019        0.018           0.234
       Category 2     Category 2        0.017        0.018          -0.189
       Bivariate Pearson Chi-Square                                  0.093
       Bivariate Log-Likelihood Chi-Square                           0.093
     GND2           ETH5
       Category 1     Category 1        0.915        0.913           0.367
       Category 1     Category 2        0.049        0.051          -0.498
       Category 2     Category 1        0.024        0.025          -0.570
       Category 2     Category 2        0.012        0.010           0.951
       Bivariate Pearson Chi-Square                                  1.516
       Bivariate Log-Likelihood Chi-Square                           1.479
     GND3           GND4
       Category 1     Category 1        0.780        0.772           1.051
       Category 1     Category 2        0.145        0.153          -1.289
       Category 2     Category 1        0.028        0.036          -2.383
       Category 2     Category 2        0.047        0.039           2.404
       Bivariate Pearson Chi-Square                                 13.172
       Bivariate Log-Likelihood Chi-Square                          13.293
     GND3           GND5
       Category 1     Category 1        0.892        0.893          -0.127
       Category 1     Category 2        0.032        0.032           0.094
       Category 2     Category 1        0.065        0.064           0.123
       Category 2     Category 2        0.011        0.011          -0.070
       Bivariate Pearson Chi-Square                                  0.030
       Bivariate Log-Likelihood Chi-Square                           0.030
     GND3           GND6
       Category 1     Category 1        0.806        0.793           1.883
       Category 1     Category 2        0.118        0.132          -2.322
       Category 2     Category 1        0.026        0.040          -3.924
       Category 2     Category 2        0.049        0.035           4.258
       Bivariate Pearson Chi-Square                                 39.136
       Bivariate Log-Likelihood Chi-Square                          39.425
     GND3           ETH1
       Category 1     Category 1        0.893        0.898          -0.856
       Category 1     Category 2        0.031        0.027           1.457
       Category 2     Category 1        0.067        0.062           1.104
       Category 2     Category 2        0.009        0.013          -2.152
       Bivariate Pearson Chi-Square                                  8.157
       Bivariate Log-Likelihood Chi-Square                           8.651
     GND3           ETH2
       Category 1     Category 1        0.847        0.855          -1.197
       Category 1     Category 2        0.077        0.070           1.562
       Category 2     Category 1        0.060        0.052           2.006
       Category 2     Category 2        0.015        0.023          -2.844
       Bivariate Pearson Chi-Square                                 14.736
       Bivariate Log-Likelihood Chi-Square                          15.547
     GND3           ETH3
       Category 1     Category 1        0.881        0.884          -0.533
       Category 1     Category 2        0.044        0.041           0.745
       Category 2     Category 1        0.062        0.059           0.684
       Category 2     Category 2        0.014        0.016          -1.095
       Bivariate Pearson Chi-Square                                  2.268
       Bivariate Log-Likelihood Chi-Square                           2.315
     GND3           ETH4
       Category 1     Category 1        0.685        0.694          -1.179
       Category 1     Category 2        0.240        0.231           1.236
       Category 2     Category 1        0.050        0.040           2.832
       Category 2     Category 2        0.026        0.035          -2.909
       Bivariate Pearson Chi-Square                                 18.138
       Bivariate Log-Likelihood Chi-Square                          18.423
     GND3           ETH5
       Category 1     Category 1        0.881        0.883          -0.460
       Category 1     Category 2        0.044        0.042           0.625
       Category 2     Category 1        0.058        0.056           0.704
       Category 2     Category 2        0.017        0.019          -1.004
       Bivariate Pearson Chi-Square                                  1.926
       Bivariate Log-Likelihood Chi-Square                           1.957
     GND4           GND5
       Category 1     Category 1        0.789        0.786           0.473
       Category 1     Category 2        0.019        0.022          -1.336
       Category 2     Category 1        0.168        0.171          -0.540
       Category 2     Category 2        0.024        0.021           1.446
       Bivariate Pearson Chi-Square                                  4.239
       Bivariate Log-Likelihood Chi-Square                           4.229
     GND4           GND6
       Category 1     Category 1        0.735        0.710           3.230
       Category 1     Category 2        0.073        0.098          -4.934
       Category 2     Category 1        0.097        0.123          -4.471
       Category 2     Category 2        0.095        0.069           5.794
       Bivariate Pearson Chi-Square                                 76.590
       Bivariate Log-Likelihood Chi-Square                          76.857
     GND4           ETH1
       Category 1     Category 1        0.784        0.792          -1.055
       Category 1     Category 2        0.024        0.016           3.378
       Category 2     Category 1        0.176        0.168           1.164
       Category 2     Category 2        0.016        0.024          -2.845
       Bivariate Pearson Chi-Square                                 21.269
       Bivariate Log-Likelihood Chi-Square                          20.833
     GND4           ETH2
       Category 1     Category 1        0.747        0.758          -1.513
       Category 1     Category 2        0.061        0.050           2.972
       Category 2     Category 1        0.160        0.149           1.890
       Category 2     Category 2        0.032        0.043          -3.293
       Bivariate Pearson Chi-Square                                 23.221
       Bivariate Log-Likelihood Chi-Square                          23.674
     GND4           ETH3
       Category 1     Category 1        0.776        0.781          -0.628
       Category 1     Category 2        0.032        0.027           1.586
       Category 2     Category 1        0.166        0.162           0.679
       Category 2     Category 2        0.026        0.030          -1.448
       Bivariate Pearson Chi-Square                                  5.144
       Bivariate Log-Likelihood Chi-Square                           5.120
     GND4           ETH4
       Category 1     Category 1        0.605        0.618          -1.546
       Category 1     Category 2        0.203        0.190           1.908
       Category 2     Category 1        0.130        0.117           2.378
       Category 2     Category 2        0.062        0.075          -2.892
       Bivariate Pearson Chi-Square                                 17.223
       Bivariate Log-Likelihood Chi-Square                          17.495
     GND4           ETH5
       Category 1     Category 1        0.777        0.782          -0.686
       Category 1     Category 2        0.030        0.026           1.779
       Category 2     Category 1        0.162        0.156           0.816
       Category 2     Category 2        0.031        0.036          -1.586
       Bivariate Pearson Chi-Square                                  6.408
       Bivariate Log-Likelihood Chi-Square                           6.345
     GND5           GND6
       Category 1     Category 1        0.811        0.809           0.278
       Category 1     Category 2        0.147        0.149          -0.333
       Category 2     Category 1        0.022        0.024          -0.728
       Category 2     Category 2        0.021        0.019           0.891
       Bivariate Pearson Chi-Square                                  1.458
       Bivariate Log-Likelihood Chi-Square                           1.445
     GND5           ETH1
       Category 1     Category 1        0.924        0.924           0.065
       Category 1     Category 2        0.033        0.033          -0.147
       Category 2     Category 1        0.036        0.036          -0.053
       Category 2     Category 2        0.007        0.007           0.233
       Bivariate Pearson Chi-Square                                  0.081
       Bivariate Log-Likelihood Chi-Square                           0.080
     GND5           ETH2
       Category 1     Category 1        0.878        0.876           0.361
       Category 1     Category 2        0.079        0.081          -0.470
       Category 2     Category 1        0.029        0.031          -0.544
       Category 2     Category 2        0.014        0.012           0.952
       Bivariate Pearson Chi-Square                                  1.456
       Bivariate Log-Likelihood Chi-Square                           1.419
     GND5           ETH3
       Category 1     Category 1        0.912        0.908           0.785
       Category 1     Category 2        0.045        0.049          -1.093
       Category 2     Category 1        0.030        0.034          -1.299
       Category 2     Category 2        0.013        0.008           2.687
       Bivariate Pearson Chi-Square                                 10.365
       Bivariate Log-Likelihood Chi-Square                           9.461
     GND5           ETH4
       Category 1     Category 1        0.711        0.711          -0.021
       Category 1     Category 2        0.247        0.247           0.000
       Category 2     Category 1        0.024        0.024           0.146
       Category 2     Category 2        0.019        0.019          -0.096
       Bivariate Pearson Chi-Square                                  0.031
       Bivariate Log-Likelihood Chi-Square                           0.031
     GND5           ETH5
       Category 1     Category 1        0.910        0.906           0.829
       Category 1     Category 2        0.047        0.051          -1.140
       Category 2     Category 1        0.029        0.033          -1.285
       Category 2     Category 2        0.014        0.010           2.381
       Bivariate Pearson Chi-Square                                  8.831
       Bivariate Log-Likelihood Chi-Square                           8.276
     GND6           ETH1
       Category 1     Category 1        0.808        0.814          -0.950
       Category 1     Category 2        0.025        0.018           2.738
       Category 2     Category 1        0.152        0.146           1.068
       Category 2     Category 2        0.015        0.022          -2.576
       Bivariate Pearson Chi-Square                                 15.564
       Bivariate Log-Likelihood Chi-Square                          15.593
     GND6           ETH2
       Category 1     Category 1        0.768        0.779          -1.544
       Category 1     Category 2        0.065        0.054           2.831
       Category 2     Category 1        0.140        0.128           1.991
       Category 2     Category 2        0.028        0.039          -3.420
       Bivariate Pearson Chi-Square                                 23.683
       Bivariate Log-Likelihood Chi-Square                          24.443
     GND6           ETH3
       Category 1     Category 1        0.798        0.803          -0.719
       Category 1     Category 2        0.035        0.030           1.664
       Category 2     Category 1        0.145        0.140           0.796
       Category 2     Category 2        0.023        0.027          -1.678
       Bivariate Pearson Chi-Square                                  6.301
       Bivariate Log-Likelihood Chi-Square                           6.335
     GND6           ETH4
       Category 1     Category 1        0.622        0.634          -1.424
       Category 1     Category 2        0.211        0.199           1.714
       Category 2     Category 1        0.113        0.101           2.325
       Category 2     Category 2        0.055        0.067          -2.792
       Bivariate Pearson Chi-Square                                 15.815
       Bivariate Log-Likelihood Chi-Square                          16.084
     GND6           ETH5
       Category 1     Category 1        0.796        0.804          -1.127
       Category 1     Category 2        0.037        0.029           2.661
       Category 2     Category 1        0.143        0.135           1.349
       Category 2     Category 2        0.024        0.032          -2.589
       Bivariate Pearson Chi-Square                                 15.771
       Bivariate Log-Likelihood Chi-Square                          15.806
     ETH1           ETH2
       Category 1     Category 1        0.897        0.881           2.833
       Category 1     Category 2        0.063        0.079          -3.373
       Category 2     Category 1        0.010        0.026          -5.608
       Category 2     Category 2        0.029        0.014           7.538
       Bivariate Pearson Chi-Square                                101.860
       Bivariate Log-Likelihood Chi-Square                          97.906
     ETH1           ETH3
       Category 1     Category 1        0.921        0.913           1.683
       Category 1     Category 2        0.039        0.047          -2.202
       Category 2     Category 1        0.021        0.030          -2.848
       Category 2     Category 2        0.018        0.010           4.797
       Bivariate Pearson Chi-Square                                 36.872
       Bivariate Log-Likelihood Chi-Square                          33.369
     ETH1           ETH4
       Category 1     Category 1        0.726        0.715           1.421
       Category 1     Category 2        0.234        0.245          -1.474
       Category 2     Category 1        0.009        0.020          -4.532
       Category 2     Category 2        0.031        0.020           4.403
       Bivariate Pearson Chi-Square                                 42.925
       Bivariate Log-Likelihood Chi-Square                          45.713
     ETH1           ETH5
       Category 1     Category 1        0.920        0.911           1.925
       Category 1     Category 2        0.040        0.049          -2.502
       Category 2     Category 1        0.019        0.028          -3.251
       Category 2     Category 2        0.021        0.012           4.829
       Bivariate Pearson Chi-Square                                 41.104
       Bivariate Log-Likelihood Chi-Square                          38.521
     ETH2           ETH3
       Category 1     Category 1        0.874        0.867           1.108
       Category 1     Category 2        0.034        0.040          -1.795
       Category 2     Category 1        0.069        0.075          -1.462
       Category 2     Category 2        0.024        0.018           2.749
       Bivariate Pearson Chi-Square                                 13.140
       Bivariate Log-Likelihood Chi-Square                          12.599
     ETH2           ETH4
       Category 1     Category 1        0.709        0.682           3.424
       Category 1     Category 2        0.198        0.225          -3.758
       Category 2     Category 1        0.025        0.053          -7.069
       Category 2     Category 2        0.067        0.040           7.944
       Bivariate Pearson Chi-Square                                127.274
       Bivariate Log-Likelihood Chi-Square                         128.789
     ETH2           ETH5
       Category 1     Category 1        0.882        0.867           2.575
       Category 1     Category 2        0.026        0.040          -4.323
       Category 2     Category 1        0.057        0.072          -3.334
       Category 2     Category 2        0.035        0.021           5.846
       Bivariate Pearson Chi-Square                                 64.994
       Bivariate Log-Likelihood Chi-Square                          62.581
     ETH3           ETH4
       Category 1     Category 1        0.712        0.704           1.040
       Category 1     Category 2        0.230        0.239          -1.137
       Category 2     Category 1        0.023        0.031          -2.681
       Category 2     Category 2        0.035        0.027           2.919
       Bivariate Pearson Chi-Square                                 17.197
       Bivariate Log-Likelihood Chi-Square                          17.176
     ETH3           ETH5
       Category 1     Category 1        0.909        0.896           2.317
       Category 1     Category 2        0.034        0.046          -3.410
       Category 2     Category 1        0.030        0.042          -3.438
       Category 2     Category 2        0.027        0.015           5.780
       Bivariate Pearson Chi-Square                                 58.014
       Bivariate Log-Likelihood Chi-Square                          53.811
     ETH4           ETH5
       Category 1     Category 1        0.712        0.704           0.972
       Category 1     Category 2        0.023        0.031          -2.504
       Category 2     Category 1        0.227        0.235          -1.016
       Category 2     Category 2        0.038        0.031           2.420
       Bivariate Pearson Chi-Square                                 13.316
       Bivariate Log-Likelihood Chi-Square                          13.498

       Overall Bivariate Pearson Chi-Square                       1070.417
       Overall Bivariate Log-Likelihood Chi-Square                1018.577


TECHNICAL 11 OUTPUT

     Random Starts Specifications for the k-1 Class Analysis Model
        Number of initial stage random starts                1000
        Number of final stage optimizations                   250



     VUONG-LO-MENDELL-RUBIN LIKELIHOOD RATIO TEST FOR 1 (H0) VERSUS 2 CLASSES

          H0 Loglikelihood Value                       -10727.252
          2 Times the Loglikelihood Difference           2508.925
          Difference in the Number of Parameters               12
          Mean                                             12.347
          Standard Deviation                               71.808
          P-Value                                          0.0000

     LO-MENDELL-RUBIN ADJUSTED LRT TEST

          Value                                          2483.505
          P-Value                                          0.0000


SAVEDATA INFORMATION


  Save file
    Prob_ITA_GNDETHlca_C3cl2.dat

  Order and format of variables

    GND1           F10.3
    GND2           F10.3
    GND3           F10.3
    GND4           F10.3
    GND5           F10.3
    GND6           F10.3
    ETH1           F10.3
    ETH2           F10.3
    ETH3           F10.3
    ETH4           F10.3
    ETH5           F10.3
    CPROB1         F10.3
    CPROB2         F10.3
    C              F10.3
    WS             F10.3
    IDSTUD         I9
    ID_S           I5
    ID_J           I5

  Save file format
    15F10.3 I9 2I5

  Save file record length    10000

  Save missing symbol        *


     Beginning Time:  22:19:03
        Ending Time:  22:19:07
       Elapsed Time:  00:00:04



MUTHEN & MUTHEN
3463 Stoner Ave.
Los Angeles, CA  90066

Tel: (310) 391-9971
Fax: (310) 391-8971
Web: www.StatModel.com
Support: Support@StatModel.com

Copyright (c) 1998-2020 Muthen & Muthen
