Mplus VERSION 8.5 (Mac)
MUTHEN & MUTHEN
04/07/2021  10:12 PM

INPUT INSTRUCTIONS

  TITLE: BFLGNDETH LCA - C3 with 2 classes;
  DATA:
  FILE = GNDETHDtaC3.dat;

  VARIABLE:
  NAMES = id_i
  id_j
  id_r
  id_s
  id_k
  wt
  ws
  GND1
  GND2
  GND3
  GND4
  GND5
  GND6
  ETH1
  ETH2
  ETH3
  ETH4
  ETH5
  IDSTUD;
  IDVARIABLE = IDSTUD;
  USEVARIABLES = GND1
  GND2
  GND3
  GND4
  GND5
  GND6
  ETH1
  ETH2
  ETH3
  ETH4
  ETH5;
  USEOBSERVATIONS ARE id_k EQ 1;
  CATEGORICAL = GND1
  GND2
  GND3
  GND4
  GND5
  GND6
  ETH1
  ETH2
  ETH3
  ETH4
  ETH5;
  MISSING = .;
  CLASSES = c(2);
  WEIGHT = ws;
  STRATIFICATION = id_s;
  CLUSTER = id_j;

  ANALYSIS:
  TYPE = COMPLEX MIXTURE;
  PROCESSORS = 4;
  STARTS = 1000 250;
  STITERATIONS = 20;
  STSEED = 288;

  MODEL:
  %OVERALL%

  OUTPUT:
  TECH10
  TECH11
  SVALUES
  ;

  SAVEDATA:
  FILE = Prob_BFL_GNDETHlca_C3cl2.dat;
  SAVE = CPROBABILITIES;



*** WARNING in VARIABLE command
  When a subpopulation is analyzed with TYPE=COMPLEX, standard errors
  may be incorrect.  Use the SUBPOPULATION option instead of the
  USEOBSERVATIONS option to obtain correct standard errors.
*** WARNING
  Data set contains cases with missing on all variables.
  These cases were not included in the analysis.
  Number of cases with missing on all variables:  13
   2 WARNING(S) FOUND IN THE INPUT INSTRUCTIONS



BFLGNDETH LCA - C3 with 2 classes;

SUMMARY OF ANALYSIS

Number of groups                                                 1
Number of observations                                        2918

Number of dependent variables                                   11
Number of independent variables                                  0
Number of continuous latent variables                            0
Number of categorical latent variables                           1

Observed dependent variables

  Binary and ordered categorical (ordinal)
   GND1        GND2        GND3        GND4        GND5        GND6
   ETH1        ETH2        ETH3        ETH4        ETH5

Categorical latent variables
   C

Variables with special functions

  Stratification        ID_S
  Cluster variable      ID_J
  Weight variable       WS
  ID variable           IDSTUD

Estimator                                                      MLR
Information matrix                                        OBSERVED
Optimization Specifications for the Quasi-Newton Algorithm for
Continuous Outcomes
  Maximum number of iterations                                 100
  Convergence criterion                                  0.100D-05
Optimization Specifications for the EM Algorithm
  Maximum number of iterations                                 500
  Convergence criteria
    Loglikelihood change                                 0.100D-06
    Relative loglikelihood change                        0.100D-06
    Derivative                                           0.100D-05
Optimization Specifications for the M step of the EM Algorithm for
Categorical Latent variables
  Number of M step iterations                                    1
  M step convergence criterion                           0.100D-05
  Basis for M step termination                           ITERATION
Optimization Specifications for the M step of the EM Algorithm for
Censored, Binary or Ordered Categorical (Ordinal), Unordered
Categorical (Nominal) and Count Outcomes
  Number of M step iterations                                    1
  M step convergence criterion                           0.100D-05
  Basis for M step termination                           ITERATION
  Maximum value for logit thresholds                            15
  Minimum value for logit thresholds                           -15
  Minimum expected cell size for chi-square              0.100D-01
Maximum number of iterations for H1                           2000
Convergence criterion for H1                             0.100D-03
Optimization algorithm                                         EMA
Random Starts Specifications
  Number of initial stage random starts                       1000
  Number of final stage optimizations                          250
  Number of initial stage iterations                            20
  Initial stage convergence criterion                    0.100D+01
  Random starts scale                                    0.500D+01
  Random seed for generating random starts                     288
Link                                                         LOGIT

Input data file(s)
  GNDETHDtaC3.dat
Input data format  FREE


SUMMARY OF DATA

     Number of missing data patterns            27
     Number of y missing data patterns           0
     Number of u missing data patterns          27
     Number of strata                           75
     Number of clusters                        162


COVARIANCE COVERAGE OF DATA

Minimum covariance coverage value   0.100


     PROPORTION OF DATA PRESENT FOR U


           Covariance Coverage
              GND1          GND2          GND3          GND4          GND5
              ________      ________      ________      ________      ________
 GND1           1.000
 GND2           0.998         0.998
 GND3           0.995         0.993         0.995
 GND4           0.992         0.991         0.989         0.992
 GND5           0.996         0.995         0.992         0.990         0.997
 GND6           0.993         0.992         0.990         0.988         0.992
 ETH1           0.990         0.989         0.986         0.983         0.988
 ETH2           0.991         0.990         0.987         0.984         0.988
 ETH3           0.990         0.988         0.985         0.983         0.987
 ETH4           0.989         0.987         0.985         0.982         0.986
 ETH5           0.991         0.990         0.987         0.984         0.988


           Covariance Coverage
              GND6          ETH1          ETH2          ETH3          ETH4
              ________      ________      ________      ________      ________
 GND6           0.994
 ETH1           0.985         0.990
 ETH2           0.986         0.989         0.991
 ETH3           0.985         0.988         0.989         0.990
 ETH4           0.984         0.987         0.988         0.987         0.989
 ETH5           0.986         0.989         0.990         0.988         0.987


           Covariance Coverage
              ETH5
              ________
 ETH5           0.991


UNIVARIATE PROPORTIONS AND COUNTS FOR CATEGORICAL VARIABLES

    GND1
      Category 1    0.991         2891.320
      Category 2    0.009           25.915
    GND2
      Category 1    0.961         2798.967
      Category 2    0.039          114.619
    GND3
      Category 1    0.934         2712.831
      Category 2    0.066          192.262
    GND4
      Category 1    0.877         2541.869
      Category 2    0.123          356.316
    GND5
      Category 1    0.951         2766.427
      Category 2    0.049          142.333
    GND6
      Category 1    0.843         2442.833
      Category 2    0.157          454.311
    ETH1
      Category 1    0.966         2789.093
      Category 2    0.034           97.399
    ETH2
      Category 1    0.958         2770.784
      Category 2    0.042          122.570
    ETH3
      Category 1    0.927         2677.191
      Category 2    0.073          211.194
    ETH4
      Category 1    0.644         1858.574
      Category 2    0.356         1025.670
    ETH5
      Category 1    0.927         2679.952
      Category 2    0.073          210.531


RANDOM STARTS RESULTS RANKED FROM THE BEST TO THE WORST LOGLIKELIHOOD VALUES

Final stage loglikelihood values at local maxima, seeds, and initial stage start numbers:

           -8017.753  119252           943
           -8017.753  447197           683
           -8017.753  223897           799
           -8017.753  185850           427
           -8017.753  609201           3
           -8017.753  843369           378
           -8017.753  926166           281
           -8017.753  544442           387
           -8017.753  499805           302
           -8017.753  808317           109
           -8017.753  646105           304
           -8017.753  749139           301
           -8017.753  782833           282
           -8017.753  23083            221
           -8017.753  15050            67
           -8017.753  74848            286
           -8017.753  437999           335
           -8017.753  632351           688
           -8017.753  372542           484
           -8017.753  845484           687
           -8017.753  244981           851
           -8017.753  367698           453
           -8017.753  52775            318
           -8017.753  301247           355
           -8017.753  736001           460
           -8017.753  225276           886
           -8017.753  94899            490
           -8017.753  57067            892
           -8017.753  873183           809
           -8017.753  388346           938
           -8017.753  859326           476
           -8017.753  336566           384
           -8017.753  81797            887
           -8017.753  552637           324
           -8017.753  851486           342
           -8017.753  897732           380
           -8017.753  654018           210
           -8017.753  896494           228
           -8017.753  958676           745
           -8017.753  494022           377
           -8017.753  463919           735
           -8017.753  155380           731
           -8017.753  911649           875
           -8017.753  317406           637
           -8017.753  425159           122
           -8017.753  742602           131
           -8017.753  986007           548
           -8017.753  981654           767
           -8017.753  702720           550
           -8017.753  755901           766
           -8017.753  308659           10
           -8017.753  459461           682
           -8017.753  620988           762
           -8017.753  307749           656
           -8017.753  573283           740
           -8017.753  745128           627
           -8017.753  996880           39
           -8017.753  233656           510
           -8017.753  853915           161
           -8017.753  519178           622
           -8017.753  330482           461
           -8017.753  811896           275
           -8017.753  667357           142
           -8017.753  378510           397
           -8017.753  442021           630
           -8017.753  958376           175
           -8017.753  462497           983
           -8017.753  3549             2
           -8017.753  426635           9
           -8017.753  746499           538
           -8017.753  912118           560
           -8017.753  509856           549
           -8017.753  77677            977
           -8017.753  392359           926
           -8017.753  655232           271
           -8017.753  776988           459
           -8017.753  890198           417
           -8017.753  846206           744
           -8017.753  95515            800
           -8017.753  602610           203
           -8017.753  746589           818
           -8017.753  763016           159
           -8017.753  609918           195
           -8017.753  229344           916
           -8017.753  300853           177
           -8017.753  441247           939
           -8017.753  586992           949
           -8017.753  328337           524
           -8017.753  271213           456
           -8017.753  304490           920
           -8017.753  558819           667
           -8017.753  719428           129
           -8017.753  888759           997
           -8017.753  58551            12
           -8017.753  566609           276
           -8017.753  28265            112
           -8017.753  509661           191
           -8017.753  425653           643
           -8017.753  580187           702
           -8017.753  116618           575
           -8017.753  29396            780
           -8017.753  366545           376
           -8017.753  169439           953
           -8017.753  742884           233
           -8017.753  619259           958
           -8017.753  724894           55
           -8017.753  970403           507
           -8017.753  798349           778
           -8017.753  267441           127
           -8017.753  449753           665
           -8017.753  892206           245
           -8017.753  957051           194
           -8017.753  55657            553
           -8017.753  761649           512
           -8017.753  210983           209
           -8017.753  805669           208
           -8017.753  314295           365
           -8017.753  533106           641
           -8017.753  717571           695
           -8017.753  55908            587
           -8017.753  303175           433
           -8017.753  914220           902
           -8017.753  914240           625
           -8017.753  850201           541
           -8017.753  941180           272
           -8017.753  133726           623
           -8017.753  821522           793
           -8017.753  881525           755
           -8017.753  333699           364
           -8017.753  676245           240
           -8017.753  476644           343
           -8017.753  229006           675
           -8017.753  1081             253
           -8017.753  723959           712
           -8017.753  264052           889
           -8017.753  555689           32
           -8017.753  394891           167
           -8017.753  491603           479
           -8017.753  920438           409
           -8017.753  825343           518
           -8017.753  702932           669
           -8017.753  890984           102
           -8017.753  713307           426
           -8017.753  975945           406
           -8017.753  547800           794
           -8017.753  425012           825
           -8017.753  503362           971
           -8017.753  756060           566
           -8017.753  986227           24
           -8017.753  194359           483
           -8017.753  257154           710
           -8017.753  295517           437
           -8017.753  692037           314
           -8017.753  634855           285
           -8017.753  570510           227
           -8017.753  842046           255
           -8017.753  752948           849
           -8017.753  675509           906
           -8017.753  326600           602
           -8017.753  88374            6
           -8017.753  778405           389
           -8017.753  837735           868
           -8017.753  424344           261
           -8017.753  686954           640
           -8017.753  926238           991
           -8017.753  982761           960
           -8017.753  207159           493
           -8017.753  425585           792
           -8017.753  858385           124
           -8017.753  341151           77
           -8017.753  926194           693
           -8017.753  534026           499
           -8017.753  856747           327
           -8017.753  530679           478
           -8017.753  718635           450
           -8017.753  771335           51
           -8017.753  12928            511
           -8017.753  247529           763
           -8017.753  895954           86
           -8017.753  880674           973
           -8017.753  896139           940
           -8017.753  154434           394
           -8017.753  748920           238
           -8017.753  771889           866
           -8017.753  394905           223
           -8017.753  658764           618
           -8017.753  437887           645
           -8017.753  830084           882
           -8017.753  971300           813
           -8017.753  723752           528
           -8017.753  58407            356
           -8017.753  608683           867
           -8017.753  175002           169
           -8017.753  247778           232
           -8017.753  339663           951
           -8017.753  718003           739
           -8017.753  443056           709
           -8017.753  682993           4
           -8017.753  676133           883
           -8017.753  543660           700
           -8017.753  504083           19
           -8017.753  126060           290
           -8017.753  442068           743
           -8017.753  691118           345
           -8017.753  899360           890
           -8017.753  596950           160
           -8017.753  957358           679
           -8017.753  692828           170
           -8017.753  323102           100
           -8017.753  452998           804
           -8017.753  674140           758
           -8017.753  690502           520
           -8017.753  474326           104
           -8017.753  804806           254
           -8017.753  202454           812
           -8017.753  289940           934
           -8017.753  773295           110
           -8017.753  210588           50
           -8017.753  191045           25
           -8017.753  345330           590
           -8017.753  454330           14
           -8017.753  613990           76
           -8017.753  583315           957
           -8017.753  520022           950

26 perturbed starting value run(s) did not converge or were rejected in the third stage.



THE BEST LOGLIKELIHOOD VALUE HAS BEEN REPLICATED.  RERUN WITH AT LEAST TWICE THE
RANDOM STARTS TO CHECK THAT THE BEST LOGLIKELIHOOD IS STILL OBTAINED AND REPLICATED.


THE MODEL ESTIMATION TERMINATED NORMALLY



MODEL FIT INFORMATION

Number of Free Parameters                       23

Loglikelihood

          H0 Value                       -8017.753
          H0 Scaling Correction Factor      1.3571
            for MLR

Information Criteria

          Akaike (AIC)                   16081.506
          Bayesian (BIC)                 16219.016
          Sample-Size Adjusted BIC       16145.936
            (n* = (n + 2) / 24)

Chi-Square Test of Model Fit for the Binary and Ordered Categorical
(Ordinal) Outcomes**

          Pearson Chi-Square

          Value                           1609.943
          Degrees of Freedom                  1993
          P-Value                           1.0000

          Likelihood Ratio Chi-Square

          Value                           1040.512
          Degrees of Freedom                  1993
          P-Value                           1.0000

** Of the 18136 cells in the latent class indicator table, 31
   were deleted in the calculation of chi-square due to extreme values.

Chi-Square Test for MCAR under the Unrestricted Latent Class Indicator Model

          Pearson Chi-Square

          Value                           2783.886
          Degrees of Freedom                 16062
          P-Value                           1.0000

          Likelihood Ratio Chi-Square

          Value                           2313.269
          Degrees of Freedom                 16062
          P-Value                           1.0000



FINAL CLASS COUNTS AND PROPORTIONS FOR THE LATENT CLASSES
BASED ON THE ESTIMATED MODEL

    Latent
   Classes

       1        477.20641          0.16354
       2       2440.79359          0.83646


FINAL CLASS COUNTS AND PROPORTIONS FOR THE LATENT CLASSES
BASED ON ESTIMATED POSTERIOR PROBABILITIES

    Latent
   Classes

       1        477.20641          0.16354
       2       2440.79359          0.83646


FINAL CLASS COUNTS AND PROPORTIONS FOR THE LATENT CLASSES
BASED ON THEIR MOST LIKELY LATENT CLASS MEMBERSHIP

Class Counts and Proportions

    Latent
   Classes

       1              420          0.14388
       2             2498          0.85612


CLASSIFICATION QUALITY

     Entropy                         0.773


Average Latent Class Probabilities for Most Likely Latent Class Membership (Row)
by Latent Class (Column)

           1        2

    1   0.874    0.126
    2   0.044    0.956


Classification Probabilities for the Most Likely Latent Class Membership (Column)
by Latent Class (Row)

           1        2

    1   0.769    0.231
    2   0.022    0.978


Logits for the Classification Probabilities for the Most Likely Latent Class Membership (Column)
by Latent Class (Row)

              1        2

    1      1.200    0.000
    2     -3.806    0.000


MODEL RESULTS

                                                    Two-Tailed
                    Estimate       S.E.  Est./S.E.    P-Value

Latent Class 1

 Thresholds
    GND1$1             2.861      0.220     13.013      0.000
    GND2$1             1.607      0.153     10.475      0.000
    GND3$1             0.854      0.174      4.917      0.000
    GND4$1            -0.231      0.181     -1.274      0.203
    GND5$1             1.496      0.136     11.023      0.000
    GND6$1            -0.132      0.191     -0.690      0.490
    ETH1$1             1.654      0.161     10.299      0.000
    ETH2$1             1.370      0.150      9.144      0.000
    ETH3$1             1.234      0.138      8.960      0.000
    ETH4$1             0.143      0.183      0.784      0.433
    ETH5$1             1.025      0.114      9.002      0.000

Latent Class 2

 Thresholds
    GND1$1            10.297     16.882      0.610      0.542
    GND2$1             4.221      0.305     13.823      0.000
    GND3$1             3.849      0.195     19.711      0.000
    GND4$1             3.225      0.190     16.997      0.000
    GND5$1             3.762      0.161     23.348      0.000
    GND6$1             2.391      0.095     25.122      0.000
    ETH1$1             4.698      0.300     15.664      0.000
    ETH2$1             4.480      0.338     13.240      0.000
    ETH3$1             3.093      0.140     22.124      0.000
    ETH4$1             0.688      0.047     14.509      0.000
    ETH5$1             3.298      0.174     18.922      0.000

Categorical Latent Variables

 Means
    C#1               -1.632      0.113    -14.492      0.000


RESULTS IN PROBABILITY SCALE

Latent Class 1

 GND1
    Category 1         0.946      0.011     84.025      0.000
    Category 2         0.054      0.011      4.809      0.000
 GND2
    Category 1         0.833      0.021     39.034      0.000
    Category 2         0.167      0.021      7.823      0.000
 GND3
    Category 1         0.701      0.036     19.284      0.000
    Category 2         0.299      0.036      8.211      0.000
 GND4
    Category 1         0.442      0.045      9.889      0.000
    Category 2         0.558      0.045     12.460      0.000
 GND5
    Category 1         0.817      0.020     40.259      0.000
    Category 2         0.183      0.020      9.018      0.000
 GND6
    Category 1         0.467      0.047      9.837      0.000
    Category 2         0.533      0.047     11.221      0.000
 ETH1
    Category 1         0.839      0.022     38.776      0.000
    Category 2         0.161      0.022      7.420      0.000
 ETH2
    Category 1         0.797      0.024     32.941      0.000
    Category 2         0.203      0.024      8.371      0.000
 ETH3
    Category 1         0.774      0.024     32.204      0.000
    Category 2         0.226      0.024      9.377      0.000
 ETH4
    Category 1         0.536      0.045     11.794      0.000
    Category 2         0.464      0.045     10.221      0.000
 ETH5
    Category 1         0.736      0.022     33.262      0.000
    Category 2         0.264      0.022     11.936      0.000

Latent Class 2

 GND1
    Category 1         1.000      0.001   1755.390      0.000
    Category 2         0.000      0.001      0.059      0.953
 GND2
    Category 1         0.986      0.004    226.315      0.000
    Category 2         0.014      0.004      3.323      0.001
 GND3
    Category 1         0.979      0.004    245.495      0.000
    Category 2         0.021      0.004      5.231      0.000
 GND4
    Category 1         0.962      0.007    137.800      0.000
    Category 2         0.038      0.007      5.481      0.000
 GND5
    Category 1         0.977      0.004    273.384      0.000
    Category 2         0.023      0.004      6.350      0.000
 GND6
    Category 1         0.916      0.007    125.297      0.000
    Category 2         0.084      0.007     11.468      0.000
 ETH1
    Category 1         0.991      0.003    369.183      0.000
    Category 2         0.009      0.003      3.365      0.001
 ETH2
    Category 1         0.989      0.004    263.806      0.000
    Category 2         0.011      0.004      2.989      0.003
 ETH3
    Category 1         0.957      0.006    164.836      0.000
    Category 2         0.043      0.006      7.477      0.000
 ETH4
    Category 1         0.666      0.011     63.027      0.000
    Category 2         0.334      0.011     31.663      0.000
 ETH5
    Category 1         0.964      0.006    160.997      0.000
    Category 2         0.036      0.006      5.949      0.000


LATENT CLASS ODDS RATIO RESULTS

                                                95% C.I.
                    Estimate       S.E.  Lower 2.5% Upper 2.5%

Latent Class 1 Compared to Latent Class 2

 GND1
    Category > 1    1696.159  28691.646      0.000  *********
 GND2
    Category > 1      13.650      4.994      6.663     27.963
 GND3
    Category > 1      19.986      4.382     13.005     30.715
 GND4
    Category > 1      31.679      8.951     18.207     55.117
 GND5
    Category > 1       9.644      2.139      6.245     14.894
 GND6
    Category > 1      12.464      2.326      8.645     17.969
 ETH1
    Category > 1      20.995      7.774     10.161     43.381
 ETH2
    Category > 1      22.432      8.561     10.617     47.395
 ETH3
    Category > 1       6.419      1.384      4.207      9.794
 ETH4
    Category > 1       1.725      0.330      1.185      2.511
 ETH5
    Category > 1       9.711      2.093      6.365     14.817


QUALITY OF NUMERICAL RESULTS

     Condition Number for the Information Matrix              0.573E-05
       (ratio of smallest to largest eigenvalue)


MODEL COMMAND WITH FINAL ESTIMATES USED AS STARTING VALUES

     %OVERALL%

     [ c#1*-1.63213 ];

     %C#1%

     [ gnd1$1*2.86056 ];
     [ gnd2$1*1.60732 ];
     [ gnd3$1*0.85374 ];
     [ gnd4$1*-0.23109 ];
     [ gnd5$1*1.49610 ];
     [ gnd6$1*-0.13168 ];
     [ eth1$1*1.65365 ];
     [ eth2$1*1.36993 ];
     [ eth3$1*1.23384 ];
     [ eth4$1*0.14318 ];
     [ eth5$1*1.02488 ];

     %C#2%

     [ gnd1$1*10.29668 ];
     [ gnd2$1*4.22108 ];
     [ gnd3$1*3.84877 ];
     [ gnd4$1*3.22456 ];
     [ gnd5$1*3.76246 ];
     [ gnd6$1*2.39115 ];
     [ eth1$1*4.69796 ];
     [ eth2$1*4.48043 ];
     [ eth3$1*3.09310 ];
     [ eth4$1*0.68842 ];
     [ eth5$1*3.29816 ];



TECHNICAL 10 OUTPUT


     MODEL FIT INFORMATION FOR THE LATENT CLASS INDICATOR MODEL PART


     RESPONSE PATTERNS

     No.  Pattern        No.  Pattern        No.  Pattern
       1  00000000000      2  00000000001      3  00000000010
       4  00000000011      5  00000000100      6  00000000101
       7  00000000110      8  00000000111      9  00000001000
      10  00000001001     11  00000001010     12  00000001011
      13  00000001100     14  00000001110     15  00000001111
      16  00000010000     17  00000010001     18  00000010010
      19  00000010011     20  00000010100     21  00000010110
      22  00000010111     23  00000011000     24  00000011010
      25  00000011011     26  00000011100     27  00000011101
      28  00000011110     29  00000011111     30  00000100000
      31  00000100001     32  00000100010     33  00000100011
      34  00000100100     35  00000100110     36  00000101000
      37  00000101001     38  00000101010     39  00000101110
      40  00000101111     41  00000110010     42  00000110100
      43  00000110110     44  00000111010     45  00000111101
      46  00000111110     47  00000111111     48  00001000000
      49  00001000001     50  00001000010     51  00001000011
      52  00001000100     53  00001000101     54  00001000110
      55  00001001000     56  00001010110     57  00001011010
      58  00001100000     59  00001100001     60  00001100010
      61  00001100110     62  00001100111     63  00001101000
      64  00001101010     65  00001110000     66  00010000000
      67  00010000001     68  00010000010     69  00010000011
      70  00010000100     71  00010000110     72  00010000111
      73  00010001010     74  00010010001     75  00010010010
      76  00010010011     77  00010011010     78  00010011011
      79  00010100000     80  00010100001     81  00010100010
      82  00010100011     83  00010100100     84  00010100101
      85  00010100110     86  00010100111     87  00010101001
      88  00010101010     89  00010101011     90  00010110010
      91  00010111111     92  00011000000     93  00011000001
      94  00011000010     95  00011000011     96  00011000110
      97  00011000111     98  00011001001     99  00011001010
     100  00011100000    101  00011100001    102  00011100010
     103  00011100100    104  00011100110    105  00011101001
     106  00011110100    107  00011111111    108  00100000000
     109  00100000001    110  00100000010    111  00100000011
     112  00100000100    113  00100000110    114  00100000111
     115  00100100000    116  00100100001    117  00100100010
     118  00100101001    119  00100101010    120  00100110010
     121  00100111000    122  00100111110    123  00101000000
     124  00101100000    125  00101101011    126  00110000000
     127  00110000001    128  00110000010    129  00110000011
     130  00110001000    131  00110001011    132  00110100000
     133  00110100001    134  00110100010    135  00110100011
     136  00110100100    137  00110100110    138  00110101000
     139  00110101011    140  00110101100    141  00110110010
     142  00111000001    143  00111000010    144  00111011010
     145  00111100000    146  00111100001    147  00111100011
     148  01000000000    149  01000000001    150  01000000010
     151  01000000011    152  01000000100    153  01000000110
     154  01000001010    155  01000001011    156  01000010011
     157  01000011110    158  01000100000    159  01000100010
     160  01000111111    161  01001000000    162  01001000011
     163  01001001010    164  01001010010    165  01001100000
     166  01010000000    167  01010000001    168  01010000010
     169  01010000100    170  01010001001    171  01010100000
     172  01010100011    173  01010101000    174  01010101010
     175  01010110000    176  01011000000    177  01011111000
     178  01011111011    179  01100100010    180  01110000001
     181  01110001010    182  01110100000    183  01110100010
     184  01110100011    185  01110101100    186  01111011001
     187  01111100000    188  01111110010    189  10000000010
     190  10000001011    191  10000001100    192  10000110010
     193  10010001101    194  10010100000    195  10010111111
     196  10100100000    197  10110100010    198  11001011101
     199  11001011111    200  11010001110    201  11010010111
     202  11010100000    203  11010100001    204  11011000110
     205  11011100000    206  11011100110    207  11100100010
     208  11110100111    209  11111100101    210  11111101111
     211  11111111111    212  00*00000000    213  00*00000010
     214  00*00011110    215  00*00100010    216  00*00100100
     217  00*10000000    218  00*11000000    219  000*0000000
     220  000*0000010    221  000*0100000    222  000*1010111
     223  001*0100010    224  010*0000011    225  010*0010110
     226  000000000*0    227  000001000*1    228  000010000*0
     229  00000*00000    230  00001*00110    231  00010*00000
     232  00010*00100    233  00010*00101    234  00110*00000
     235  01001*00000    236  000000*0000    237  000000*0010
     238  000010*1111    239  110010*0110    240  00000000**0
     241  00000000*00    242  00000000*10    243  00111100*10
     244  000000*****    245  000001*****    246  001010*****
     247  010001*****    248  100010*****    249  0000001*011
     250  0010100*011    251  0000**00000    252  0000000001*
     253  0000010000*    254  0001010000*    255  1101000000*
     256  000000*00*0    257  *0000000100    258  01****00000
     259  0000*0*01*0    260  01000*0*010    261  0000*000001
     262  0000*000010    263  0000*100000    264  0001*100000
     265  0**00000000    266  00*00******    267  000000**011
     268  0*000100000    269  0*100000010    270  0*101011111
     271  0*110011111    272  00**1*000*0    273  00**0000000
     274  000*0*00010    275  000000****1    276  000********



     RESPONSE PATTERN FREQUENCIES AND CHI-SQUARE CONTRIBUTIONS

    Response          Frequency     Standardized  Chi-square Contribution
     Pattern    Observed  Estimated   Residual    Pearson   Loglikelihood  Deleted
                                     (z-score)
         1      1238.22    1185.22       1.96       2.29        88.76
         2        18.04      46.62      -4.10      17.52       -33.65
         3       563.93     598.61      -1.55       2.00       -71.77
         4        50.81      24.57       5.16      28.03        73.55
         5        32.19      55.92      -3.11      10.07       -35.05
         6         3.92       2.89       0.59       0.36         2.22
         7        51.18      29.02       4.01      16.90        56.35
         8         1.91       1.79       0.09       0.01         0.17
         9         8.33      15.56      -1.78       3.35       -10.91
        10         0.67       1.29      -0.53       0.30        -0.91
        11        16.64       8.63       2.65       7.43        20.86
        12         5.04       0.94       4.10      17.84        16.81
        13         1.10       1.25      -0.13       0.02        -0.35
        14         4.92       0.87       4.23      18.99        16.80
        15         1.64       0.21       3.00       9.54         6.62
        16        11.87      12.40      -0.15       0.01        -1.68
        17         0.93       1.00      -0.07       0.00        -0.17
        18         8.20       6.84       0.50       0.26         2.52
        19         4.17       0.72       3.94      16.47        15.36
        20         0.93       0.98      -0.05       0.00        -0.13
        21         2.48       0.67       2.15       4.91         6.40
        22         1.27       0.16       2.69       7.68         5.21
        23         1.86       0.55       1.72       3.16         4.45
        24         5.16       0.43       6.99      51.91        25.31
        25         2.88       0.13       7.26      56.00        18.16
        26         1.77       0.13       4.43      20.79         9.16
        27         1.03       0.04       4.50      21.48         6.38
        28         0.67       0.11       1.62       2.23         3.60
        29         7.97       0.04       9.71     100.00        84.53
        30       127.52     117.68       0.90       0.80        23.55
        31         6.09       7.57      -0.52       0.24        -1.51
        32        50.25      62.77      -1.55       2.50       -22.15
        33         3.11       5.11      -0.86       0.76        -2.55
        34         7.57       7.80      -0.08      -0.10         1.33
        35         6.48       4.98       0.65       0.45         3.15
        36         0.85       3.76      -1.46       2.25        -2.57
        37         0.75       0.96      -0.21       0.05        -0.40
        38         2.05       2.82      -0.44       0.21        -1.39
        39         1.28       0.67       0.72       0.55         1.60
        40         0.83       0.23       1.20       1.54         2.08
        41         0.69       2.15      -0.97       0.99        -1.60
        42         0.51       0.60      -0.11       0.01        -0.19
        43         2.88       0.51       3.24      11.15         9.90
        44         0.57       0.43       0.22       0.05         0.32
        45         1.45       0.05       6.02      38.41         9.65
        46         0.64       0.12       1.43       2.18         2.09
        47         1.62       0.04       7.28      56.22        11.60
        48        27.85      29.29      -0.26       0.07        -2.68
        49         1.30       1.71      -0.31       0.10        -0.71
        50        15.27      15.43      -0.04       0.00        -0.28
        51         1.66       1.12       0.50       0.26         1.20
        52         0.75       1.81      -0.76       0.62        -1.36
        53         0.92       0.25       1.29       1.76         2.30
        54         2.38       1.12       1.15       1.31         4.59
        55         1.46       0.81       0.71       0.53         1.63
        56         0.92       0.10       2.50       6.65         4.02
        57         0.73       0.08       2.17       4.99         3.12
        58         2.49       4.74      -1.00       1.07        -3.27
        59         2.31       0.90       1.45       2.23         4.21
        60         4.46       3.20       0.69       0.50         2.79
        61         0.35       0.62      -0.34       0.11        -0.27
        62         0.26       0.21       0.11       0.01         0.09
        63         1.69       0.60       1.37       1.98         3.38
        64         0.75       0.51       0.33       0.11         0.53
        65         0.35       0.45      -0.15       0.02        -0.21
        66        60.60      57.85       0.36       0.13         5.09
        67         2.87       5.70      -1.15       1.40        -4.14
        68        26.13      33.09      -1.18       1.44       -13.83
        69         2.56       4.31      -0.82       0.70        -2.85
        70         5.83       5.34       0.21       0.04         1.35
        71         0.35       3.86      -1.74       3.19        -1.69
        72         1.97       1.04       0.89       0.83         2.38
        73         0.95       2.70      -1.04       1.14        -2.05
        74         0.96       0.77       0.21       0.04         0.35
        75         0.82       2.05      -0.83       0.73        -1.56
        76         0.98       0.67       0.37       0.15         0.69
        77         3.39       0.47       4.15      18.24        13.18
        78         0.60       0.17       1.03       1.12         1.49
        79        35.39      16.89       4.38      20.21        54.54
        80         0.83       4.68      -1.73       3.17        -2.88
        81        11.18      13.08      -0.51       0.26        -4.28
        82         1.08       4.00      -1.42       2.13        -2.91
        83         8.78       3.87       2.43       6.23        14.89
        84         0.75       1.32      -0.49      -0.36         0.46
        85         5.47       3.28       1.17       1.45         5.19
        86         0.43       1.15      -0.65       0.44        -0.87
        87         0.96       1.15      -0.17       0.03        -0.42
        88         1.32       2.80      -0.86       0.78        -2.08
        89         1.37       1.00       0.36       0.14         0.77
        90         0.82       2.11      -0.86       0.79        -1.61
        91         0.93       0.06       3.60      13.75         5.17
        92         4.77       3.56       0.62       0.37         3.64
        93         6.06       0.93       5.17      28.34        22.30
        94         2.98       2.69       0.17       0.03         0.48
        95         0.69       0.79      -0.11       0.01        -0.24
        96         1.13       0.65       0.58       0.35         1.16
        97         0.76       0.23       1.10       1.29         1.81
        98         0.92       0.23       1.42       2.15         2.53
        99         0.61       0.55       0.07       0.00         0.07
       100         2.37       2.92      -0.31       0.10        -1.01
       101         0.58       1.02      -0.42       0.19        -0.70
       102         0.73       2.50      -1.08       1.25        -1.83
       103         0.98       0.83       0.16       0.03         0.26
       104         1.43       0.72       0.82       0.72         1.89
       105         1.20       0.26       1.80       3.44         3.61
       106         0.70       0.16       1.34       1.90         2.06
       107         1.30       0.01       9.71     100.00        11.95
       108        28.40      28.80      -0.07      -0.03        -2.70
       109         1.92       2.27      -0.22       0.05        -0.77
       110        19.02      15.83       0.78       0.61         8.63
       111         0.79       1.63      -0.64       0.43        -1.20
       112         1.91       2.22      -0.20       0.04        -0.71
       113         2.01       1.51       0.39       0.16         0.98
       114         0.43       0.36       0.12       0.01         0.13
       115         8.90       6.56       0.89       0.83         4.81
       116         0.68       1.61      -0.71       0.54        -1.23
       117         2.11       4.85      -1.21       1.53        -3.10
       118         1.03       0.39       1.00       1.07         1.95
       119         0.78       0.95      -0.17       0.03        -0.37
       120         1.05       0.72       0.38       0.15         0.71
       121         1.34       0.21       2.42       6.19         4.91
       122         1.08       0.05       4.38      20.35         6.49
       123         0.56       1.42      -0.70       0.45        -0.63
       124         0.93       1.01      -0.08       0.01        -0.19
       125         0.79       0.08       2.51       6.69         3.63
       126         5.73       5.70       0.01       0.00         0.02
       127         1.92       1.73       0.14       0.02         0.27
       128         4.79       4.58       0.09       0.00         0.07
       129         0.79       1.48      -0.56       0.33        -1.05
       130         1.07       1.21      -0.12       0.02        -0.34
       131         0.57       0.37       0.32       0.11         0.46
       132        47.25       5.46       9.71      99.98       198.00
       133         0.83       1.93      -0.77       0.63        -1.46
       134         6.55       4.70       0.83       0.69         5.35
       135         3.01       1.67       1.00       1.06         3.31
       136         1.87       1.57       0.23       0.05         0.51
       137         0.43       1.36      -0.77       0.63        -1.02
       138         1.12       1.37      -0.20       0.04        -0.52
       139         0.63       0.42       0.31       0.10         0.46
       140         0.43       0.40       0.05       0.00         0.04
       141         2.25       0.89       1.40       2.07         4.01
       142         0.57       0.38       0.31       0.10         0.43
       143         2.13       0.93       1.22       1.57         3.46
       144         0.72       0.04       3.11      10.29         3.96
       145         3.15       1.21       1.72       3.13         5.92
       146         0.58       0.43       0.22       0.05         0.30
       147         3.54       0.37       5.03      26.86        15.68
       148        17.72      19.03      -0.29       0.08        -3.13
       149         7.33       1.27       5.22      28.94        25.18
       150         6.11      10.20      -1.25       1.63        -5.77
       151         2.33       0.87       1.52       2.16         6.21
       152         0.57       1.30      -0.61       0.40        -0.98
       153         1.76       0.84       0.97       1.00         2.47
       154         0.56       0.49       0.10       0.01         0.19
       155         1.13       0.14       2.53       6.81         4.59
       156         1.02       0.11       2.71       7.81         4.54
       157         1.27       0.02       8.26      72.49        10.29
       158         1.08       3.59      -1.29       1.71        -2.19
       159         2.53       2.53       0.00      -0.16         1.29
       160         1.30       0.01       9.71      99.97        13.42      DELETED
       161         3.81       0.80       3.28      10.64        15.37
       162         1.12       0.13       2.67       7.58         4.76
       163         0.87       0.09       2.54       6.87         3.91
       164         0.96       0.07       3.35      11.91         5.05
       165         0.83       0.49       0.48       0.07         1.63
       166         7.75       2.90       2.76       8.09        14.94
       167         1.27       0.82       0.49       0.25         1.03
       168         1.43       2.27      -0.54       0.31        -1.42
       169         1.04       0.68       0.43       0.19         0.81
       170         1.30       0.20       2.37       5.98         4.75
       171         2.38       2.59      -0.13       0.02        -0.49
       172         3.78       0.79       3.27      11.35        11.57
       173         1.20       0.64       0.67       0.48         1.41
       174         0.99       0.56       0.57       0.34         1.07
       175         0.56       0.48       0.10       0.01         0.11
       176         0.56       0.51       0.06       0.00         0.07
       177         1.00       0.03       5.70      34.52         7.13
       178         0.76       0.01       7.93      66.75         6.81      DELETED
       179         2.74       0.76       2.21       5.16         6.82
       180         0.71       0.34       0.61       0.40         0.99
       181         1.07       0.21       1.83       3.55         3.41
       182         4.48       1.08       3.18      10.75        12.61
       183         1.48       0.93       0.54       0.31         1.24
       184         0.71       0.33       0.63       0.42         1.01
       185         0.83       0.08       2.59       7.10         3.84
       186         1.10       0.00       9.71     100.00        12.49      DELETED
       187         0.99       0.24       1.48       2.34         2.77
       188         1.37       0.04       6.46      44.23         9.58
       189         1.74       0.46       1.85       3.62         4.53
       190         0.83       0.04       3.84      15.66         4.97
       191         0.78       0.04       3.74      14.89         4.70
       192         0.26       0.10       0.51       0.27         0.49
       193         1.14       0.02       8.40      74.91         9.52
       194         1.20       0.72       0.54       0.31         1.13
       195         0.75       0.00       9.71     100.00         8.16      DELETED
       196         1.20       0.24       1.88       3.74         3.73
       197         0.84       0.27       1.07       1.22         1.85
       198         0.85       0.00       9.71     100.00        15.18      DELETED
       199         1.61       0.00       9.71     100.00        31.02      DELETED
       200         0.82       0.01       8.77      81.66         7.54      DELETED
       201         0.67       0.00       9.71     100.00         7.60      DELETED
       202         1.29       0.14       2.93       9.10         5.56
       203         0.92       0.05       3.69      14.47         5.21
       204         1.13       0.01       9.71     100.00        11.34      DELETED
       205         1.82       0.03       9.63      98.37        14.51
       206         1.30       0.01       9.71     100.00        13.11      DELETED
       207         0.26       0.04       1.01       1.08         0.90
       208         0.67       0.01       8.59      78.35         6.33      DELETED
       209         1.07       0.00       9.71     100.00        14.09      DELETED
       210         0.71       0.00       9.71     100.00        10.87      DELETED
       211         0.67       0.00       9.71     100.00        12.36      DELETED
       212         1.33       3.41      -1.45      -0.10         0.09
       213         1.77       1.73       0.04      -0.01        -0.19
       214         1.02       0.00       9.71       0.00         4.82      DELETED
       215         1.05       0.19       1.93      -1.59        -0.52
       216         1.11       0.03       6.59      -3.57        -0.16
       217         1.07       0.18       2.07       0.24         0.08
       218         0.56       0.01       4.61       2.62         0.13
       219         5.66       6.15      -0.26      -0.04         0.41
       220         3.29       3.13       0.10      -0.04        -0.48
       221         1.43       0.67       0.93       0.42         0.59
       222         0.67       0.00       9.71       0.00         2.83      DELETED
       223         1.04       0.05       4.45      -0.37        -0.03
       224         1.09       0.01       9.71      28.99         1.62      DELETED
       225         0.74       0.00       9.71       0.00         1.93      DELETED
       226         4.24       3.91       0.27       0.00         0.03
       227         1.04       0.03       5.92     -10.08        -0.48
       228         0.89       0.10       2.46      -0.28        -0.06
       229         3.93       5.27      -0.77      -0.10         0.32
       230         0.73       0.01       8.39      36.76         0.96      DELETED
       231         1.02       0.30       1.29       0.70         0.53
       232         0.97       0.04       4.71       9.81         0.95
       233         1.12       0.01       9.71       0.00        -0.78
       234         0.83       0.05       3.58      11.73         2.54
       235         2.77       0.01       9.71       0.00         9.62      DELETED
       236         2.77       2.26       0.44       0.04         0.19
       237         0.79       1.14      -0.36       0.03        -0.10
       238         0.92       0.00       9.71       0.00         5.14      DELETED
       239         0.83       0.00       9.71       0.00         7.94      DELETED
       240         1.04       0.69       0.70       0.00         0.00
       241         4.43       3.04       1.03       0.05         0.14
       242         1.43       1.54      -0.10       0.00        -0.07
       243         1.05       0.00       9.71       0.00        -0.59      DELETED
       244        11.73      13.57      -0.90      -0.07         0.45
       245         3.59       1.55       1.66      -0.31        -0.31
       246         0.97       0.03       4.91     -19.82        -1.06
       247         1.12       0.08       3.47     -15.49        -1.60
       248         1.69       0.00       9.71       0.00         3.65      DELETED
       249         0.71       0.00       9.71       0.00         3.11      DELETED
       250         0.71       0.00       9.71       0.00         1.57      DELETED
       251         3.64       1.73       1.95       0.22         0.27
       252         3.89       1.51       2.14      -0.15        -0.14
       253         0.83       0.30       0.95       0.15         0.13
       254         1.20       0.05       4.89      11.60         1.32
       255         0.89       0.00       9.71       0.00         2.84      DELETED
       256         2.77       1.78       1.21       0.01         0.02
       257         0.76       0.02       5.95     -27.93        -0.84
       258         0.82       0.01       7.78      10.16         0.28
       259         1.00       0.03       5.33       0.32         0.02
       260         0.79       0.00       9.73       0.00        -0.46      DELETED
       261         0.74       0.05       2.98     -15.61        -1.34
       262         0.79       0.66       0.18      -0.02        -0.10
       263         0.84       0.13       1.94       0.36         0.12
       264         0.64       0.02       4.13       9.39         0.86
       265         0.57       0.25       0.83       0.03         0.04
       266         0.83       0.68       0.41       0.00         0.01
       267         0.76       0.01       8.72      47.61         1.34      DELETED
       268         0.72       0.17       1.35       0.21         0.10
       269         1.52       0.02       9.63      16.26         0.53
       270         0.82       0.00       9.71       0.00         9.15      DELETED
       271         0.78       0.00       9.71       0.00         5.33      DELETED
       272         1.11       0.03       6.27      -2.62        -0.13
       273         1.67       0.76       1.37       0.10         0.11
       274         1.52       0.38       2.06      -0.52        -0.27
       275         0.96       0.03       5.53       6.50         0.42
       276         0.78       0.70       0.29       0.00         0.00

     THE TOTAL PEARSON CHI-SQUARE CONTRIBUTION FROM EMPTY CELLS IS       165.22


     UNIVARIATE MODEL FIT INFORMATION

                               Estimated Probabilities
                                                  Standardized
     Variable              H1           H0          Residual
                                                   (z-score)
     GND1
       Category 1        0.991        0.991           0.000
       Category 2        0.009        0.009           0.000
       Univariate Pearson Chi-Square                  0.000
       Univariate Log-Likelihood Chi-Square           0.000
     GND2
       Category 1        0.961        0.961          -0.005
       Category 2        0.039        0.039           0.005
       Univariate Pearson Chi-Square                  0.000
       Univariate Log-Likelihood Chi-Square           0.000
     GND3
       Category 1        0.934        0.934           0.046
       Category 2        0.066        0.066          -0.046
       Univariate Pearson Chi-Square                  0.002
       Univariate Log-Likelihood Chi-Square           0.002
     GND4
       Category 1        0.877        0.877           0.004
       Category 2        0.123        0.123          -0.004
       Univariate Pearson Chi-Square                  0.000
       Univariate Log-Likelihood Chi-Square           0.000
     GND5
       Category 1        0.951        0.951          -0.004
       Category 2        0.049        0.049           0.004
       Univariate Pearson Chi-Square                  0.000
       Univariate Log-Likelihood Chi-Square           0.000
     GND6
       Category 1        0.843        0.843          -0.025
       Category 2        0.157        0.157           0.025
       Univariate Pearson Chi-Square                  0.001
       Univariate Log-Likelihood Chi-Square           0.001
     ETH1
       Category 1        0.966        0.966          -0.192
       Category 2        0.034        0.034           0.192
       Univariate Pearson Chi-Square                  0.039
       Univariate Log-Likelihood Chi-Square           0.039
     ETH2
       Category 1        0.957        0.957          -0.153
       Category 2        0.043        0.043           0.153
       Univariate Pearson Chi-Square                  0.025
       Univariate Log-Likelihood Chi-Square           0.025
     ETH3
       Category 1        0.926        0.927          -0.085
       Category 2        0.074        0.073           0.085
       Univariate Pearson Chi-Square                  0.008
       Univariate Log-Likelihood Chi-Square           0.008
     ETH4
       Category 1        0.644        0.644          -0.048
       Category 2        0.356        0.356           0.048
       Univariate Pearson Chi-Square                  0.002
       Univariate Log-Likelihood Chi-Square           0.002
     ETH5
       Category 1        0.927        0.927          -0.076
       Category 2        0.073        0.073           0.076
       Univariate Pearson Chi-Square                  0.006
       Univariate Log-Likelihood Chi-Square           0.006

       Overall Univariate Pearson Chi-Square                         0.083
       Overall Univariate Log-Likelihood Chi-Square                  0.083


     BIVARIATE MODEL FIT INFORMATION

                                              Estimated Probabilities
                                                                 Standardized
     Variable       Variable              H1           H0          Residual
                                                                  (z-score)
     GND1           GND2
       Category 1     Category 1        0.957        0.953           0.946
       Category 1     Category 2        0.034        0.038          -1.046
       Category 2     Category 1        0.004        0.007          -2.344
       Category 2     Category 2        0.005        0.001           5.229
       Bivariate Pearson Chi-Square                                 35.943
       Bivariate Log-Likelihood Chi-Square                          25.646
     GND1           GND3
       Category 1     Category 1        0.927        0.927          -0.116
       Category 1     Category 2        0.064        0.064           0.123
       Category 2     Category 1        0.007        0.006           0.527
       Category 2     Category 2        0.002        0.003          -0.809
       Bivariate Pearson Chi-Square                                  1.002
       Bivariate Log-Likelihood Chi-Square                           1.073
     GND1           GND4
       Category 1     Category 1        0.873        0.873           0.083
       Category 1     Category 2        0.118        0.118          -0.086
       Category 2     Category 1        0.003        0.004          -0.422
       Category 2     Category 2        0.005        0.005           0.377
       Bivariate Pearson Chi-Square                                  0.346
       Bivariate Log-Likelihood Chi-Square                           0.349
     GND1           GND5
       Category 1     Category 1        0.946        0.944           0.538
       Category 1     Category 2        0.045        0.047          -0.583
       Category 2     Category 1        0.005        0.007          -1.470
       Category 2     Category 2        0.004        0.002           3.102
       Bivariate Pearson Chi-Square                                 12.836
       Bivariate Log-Likelihood Chi-Square                          10.152
     GND1           GND6
       Category 1     Category 1        0.838        0.839          -0.065
       Category 1     Category 2        0.153        0.153           0.067
       Category 2     Category 1        0.004        0.004           0.232
       Category 2     Category 2        0.004        0.005          -0.218
       Bivariate Pearson Chi-Square                                  0.112
       Bivariate Log-Likelihood Chi-Square                           0.111
     GND1           ETH1
       Category 1     Category 1        0.959        0.959          -0.002
       Category 1     Category 2        0.032        0.032           0.002
       Category 2     Category 1        0.007        0.007          -0.400
       Category 2     Category 2        0.002        0.001           0.912
       Bivariate Pearson Chi-Square                                  1.050
       Bivariate Log-Likelihood Chi-Square                           0.944
     GND1           ETH2
       Category 1     Category 1        0.951        0.950           0.169
       Category 1     Category 2        0.040        0.041          -0.186
       Category 2     Category 1        0.006        0.007          -0.807
       Category 2     Category 2        0.003        0.002           1.599
       Bivariate Pearson Chi-Square                                  3.432
       Bivariate Log-Likelihood Chi-Square                           2.994
     GND1           ETH3
       Category 1     Category 1        0.922        0.920           0.449
       Category 1     Category 2        0.069        0.071          -0.474
       Category 2     Category 1        0.004        0.007          -1.742
       Category 2     Category 2        0.005        0.002           3.224
       Bivariate Pearson Chi-Square                                 14.451
       Bivariate Log-Likelihood Chi-Square                          11.894
     GND1           ETH4
       Category 1     Category 1        0.640        0.640           0.023
       Category 1     Category 2        0.351        0.352          -0.023
       Category 2     Category 1        0.004        0.005          -0.494
       Category 2     Category 2        0.005        0.004           0.530
       Bivariate Pearson Chi-Square                                  0.555
       Bivariate Log-Likelihood Chi-Square                           0.553
     GND1           ETH5
       Category 1     Category 1        0.922        0.920           0.215
       Category 1     Category 2        0.070        0.071          -0.227
       Category 2     Category 1        0.005        0.007          -0.968
       Category 2     Category 2        0.004        0.002           1.615
       Bivariate Pearson Chi-Square                                  3.804
       Bivariate Log-Likelihood Chi-Square                           3.439
     GND2           GND3
       Category 1     Category 1        0.901        0.903          -0.278
       Category 1     Category 2        0.059        0.058           0.349
       Category 2     Category 1        0.033        0.031           0.542
       Category 2     Category 2        0.007        0.008          -1.017
       Bivariate Pearson Chi-Square                                  1.521
       Bivariate Log-Likelihood Chi-Square                           1.600
     GND2           GND4
       Category 1     Category 1        0.854        0.853           0.204
       Category 1     Category 2        0.106        0.107          -0.236
       Category 2     Category 1        0.022        0.024          -0.465
       Category 2     Category 2        0.017        0.016           0.578
       Bivariate Pearson Chi-Square                                  0.633
       Bivariate Log-Likelihood Chi-Square                           0.628
     GND2           GND5
       Category 1     Category 1        0.921        0.917           0.706
       Category 1     Category 2        0.040        0.044          -0.959
       Category 2     Category 1        0.030        0.034          -1.078
       Category 2     Category 2        0.009        0.005           2.718
       Bivariate Pearson Chi-Square                                  9.969
       Bivariate Log-Likelihood Chi-Square                           8.658
     GND2           GND6
       Category 1     Category 1        0.817        0.819          -0.289
       Category 1     Category 2        0.144        0.142           0.316
       Category 2     Category 1        0.026        0.024           0.670
       Category 2     Category 2        0.014        0.016          -0.817
       Bivariate Pearson Chi-Square                                  1.271
       Bivariate Log-Likelihood Chi-Square                           1.289
     GND2           ETH1
       Category 1     Category 1        0.931        0.931          -0.007
       Category 1     Category 2        0.029        0.029           0.004
       Category 2     Category 1        0.034        0.035          -0.180
       Category 2     Category 2        0.005        0.004           0.509
       Bivariate Pearson Chi-Square                                  0.307
       Bivariate Log-Likelihood Chi-Square                           0.295
     GND2           ETH2
       Category 1     Category 1        0.924        0.924           0.032
       Category 1     Category 2        0.037        0.037          -0.051
       Category 2     Category 1        0.033        0.034          -0.218
       Category 2     Category 2        0.006        0.006           0.540
       Bivariate Pearson Chi-Square                                  0.359
       Bivariate Log-Likelihood Chi-Square                           0.346
     GND2           ETH3
       Category 1     Category 1        0.893        0.894          -0.131
       Category 1     Category 2        0.067        0.066           0.157
       Category 2     Category 1        0.033        0.033           0.102
       Category 2     Category 2        0.006        0.007          -0.211
       Bivariate Pearson Chi-Square                                  0.084
       Bivariate Log-Likelihood Chi-Square                           0.085
     GND2           ETH4
       Category 1     Category 1        0.621        0.622          -0.084
       Category 1     Category 2        0.340        0.339           0.084
       Category 2     Category 1        0.023        0.023           0.121
       Category 2     Category 2        0.016        0.017          -0.132
       Bivariate Pearson Chi-Square                                  0.041
       Bivariate Log-Likelihood Chi-Square                           0.041
     GND2           ETH5
       Category 1     Category 1        0.899        0.895           0.575
       Category 1     Category 2        0.062        0.065          -0.717
       Category 2     Category 1        0.028        0.032          -1.117
       Category 2     Category 2        0.011        0.008           2.262
       Bivariate Pearson Chi-Square                                  7.223
       Bivariate Log-Likelihood Chi-Square                           6.570
     GND3           GND4
       Category 1     Category 1        0.849        0.838           1.448
       Category 1     Category 2        0.085        0.095          -1.776
       Category 2     Category 1        0.028        0.038          -2.767
       Category 2     Category 2        0.038        0.028           3.159
       Bivariate Pearson Chi-Square                                 21.501
       Bivariate Log-Likelihood Chi-Square                          21.366
     GND3           GND5
       Category 1     Category 1        0.893        0.894          -0.238
       Category 1     Category 2        0.041        0.040           0.435
       Category 2     Category 1        0.058        0.057           0.312
       Category 2     Category 2        0.008        0.009          -0.872
       Bivariate Pearson Chi-Square                                  1.096
       Bivariate Log-Likelihood Chi-Square                           1.142
     GND3           GND6
       Category 1     Category 1        0.815        0.804           1.417
       Category 1     Category 2        0.119        0.130          -1.640
       Category 2     Category 1        0.028        0.039          -2.960
       Category 2     Category 2        0.038        0.027           3.426
       Bivariate Pearson Chi-Square                                 23.955
       Bivariate Log-Likelihood Chi-Square                          23.681
     GND3           ETH1
       Category 1     Category 1        0.903        0.908          -0.813
       Category 1     Category 2        0.031        0.026           1.556
       Category 2     Category 1        0.062        0.058           0.856
       Category 2     Category 2        0.004        0.008          -2.379
       Bivariate Pearson Chi-Square                                  9.258
       Bivariate Log-Likelihood Chi-Square                          10.478
     GND3           ETH2
       Category 1     Category 1        0.896        0.901          -0.848
       Category 1     Category 2        0.037        0.032           1.493
       Category 2     Category 1        0.060        0.056           0.964
       Category 2     Category 2        0.006        0.010          -2.336
       Bivariate Pearson Chi-Square                                  9.034
       Bivariate Log-Likelihood Chi-Square                          10.002
     GND3           ETH3
       Category 1     Category 1        0.865        0.872          -1.097
       Category 1     Category 2        0.069        0.061           1.572
       Category 2     Category 1        0.061        0.055           1.515
       Category 2     Category 2        0.005        0.012          -3.296
       Bivariate Pearson Chi-Square                                 16.327
       Bivariate Log-Likelihood Chi-Square                          19.331
     GND3           ETH4
       Category 1     Category 1        0.602        0.607          -0.481
       Category 1     Category 2        0.332        0.327           0.526
       Category 2     Category 1        0.042        0.038           1.114
       Category 2     Category 2        0.024        0.029          -1.345
       Bivariate Pearson Chi-Square                                  3.426
       Bivariate Log-Likelihood Chi-Square                           3.483
     GND3           ETH5
       Category 1     Category 1        0.870        0.874          -0.714
       Category 1     Category 2        0.064        0.059           1.050
       Category 2     Category 1        0.057        0.053           0.970
       Category 2     Category 2        0.009        0.014          -1.977
       Bivariate Pearson Chi-Square                                  6.209
       Bivariate Log-Likelihood Chi-Square                           6.686
     GND4           GND5
       Category 1     Category 1        0.846        0.845           0.094
       Category 1     Category 2        0.031        0.032          -0.188
       Category 2     Category 1        0.105        0.106          -0.114
       Category 2     Category 2        0.018        0.017           0.258
       Bivariate Pearson Chi-Square                                  0.119
       Bivariate Log-Likelihood Chi-Square                           0.119
     GND4           GND6
       Category 1     Category 1        0.784        0.771           1.670
       Category 1     Category 2        0.093        0.106          -2.276
       Category 2     Category 1        0.058        0.072          -2.753
       Category 2     Category 2        0.065        0.051           3.218
       Bivariate Pearson Chi-Square                                 23.496
       Bivariate Log-Likelihood Chi-Square                          23.419
     GND4           ETH1
       Category 1     Category 1        0.850        0.858          -1.214
       Category 1     Category 2        0.027        0.019           3.123
       Category 2     Category 1        0.116        0.108           1.252
       Category 2     Category 2        0.007        0.015          -3.219
       Bivariate Pearson Chi-Square                                 22.705
       Bivariate Log-Likelihood Chi-Square                          23.923
     GND4           ETH2
       Category 1     Category 1        0.844        0.853          -1.288
       Category 1     Category 2        0.032        0.024           3.008
       Category 2     Category 1        0.112        0.104           1.390
       Category 2     Category 2        0.011        0.019          -3.136
       Bivariate Pearson Chi-Square                                 21.718
       Bivariate Log-Likelihood Chi-Square                          22.606
     GND4           ETH3
       Category 1     Category 1        0.820        0.826          -0.795
       Category 1     Category 2        0.057        0.051           1.375
       Category 2     Category 1        0.107        0.101           0.928
       Category 2     Category 2        0.017        0.022          -1.918
       Bivariate Pearson Chi-Square                                  6.664
       Bivariate Log-Likelihood Chi-Square                           6.938
     GND4           ETH4
       Category 1     Category 1        0.561        0.574          -1.372
       Category 1     Category 2        0.316        0.303           1.480
       Category 2     Category 1        0.083        0.070           2.567
       Category 2     Category 2        0.040        0.053          -2.931
       Bivariate Pearson Chi-Square                                 17.616
       Bivariate Log-Likelihood Chi-Square                          18.019
     GND4           ETH5
       Category 1     Category 1        0.824        0.829          -0.736
       Category 1     Category 2        0.053        0.048           1.305
       Category 2     Category 1        0.103        0.098           0.865
       Category 2     Category 2        0.020        0.025          -1.649
       Bivariate Pearson Chi-Square                                  5.352
       Bivariate Log-Likelihood Chi-Square                           5.484
     GND5           GND6
       Category 1     Category 1        0.808        0.811          -0.381
       Category 1     Category 2        0.143        0.140           0.427
       Category 2     Category 1        0.034        0.031           0.803
       Category 2     Category 2        0.015        0.018          -1.060
       Bivariate Pearson Chi-Square                                  2.030
       Bivariate Log-Likelihood Chi-Square                           2.075
     GND5           ETH1
       Category 1     Category 1        0.922        0.922           0.008
       Category 1     Category 2        0.029        0.029          -0.018
       Category 2     Category 1        0.043        0.044          -0.180
       Category 2     Category 2        0.006        0.005           0.538
       Bivariate Pearson Chi-Square                                  0.339
       Bivariate Log-Likelihood Chi-Square                           0.325
     GND5           ETH2
       Category 1     Category 1        0.915        0.915           0.073
       Category 1     Category 2        0.036        0.036          -0.114
       Category 2     Category 1        0.042        0.043          -0.254
       Category 2     Category 2        0.007        0.006           0.661
       Bivariate Pearson Chi-Square                                  0.540
       Bivariate Log-Likelihood Chi-Square                           0.518
     GND5           ETH3
       Category 1     Category 1        0.886        0.885           0.087
       Category 1     Category 2        0.065        0.066          -0.116
       Category 2     Category 1        0.040        0.041          -0.251
       Category 2     Category 2        0.009        0.008           0.586
       Bivariate Pearson Chi-Square                                  0.440
       Bivariate Log-Likelihood Chi-Square                           0.426
     GND5           ETH4
       Category 1     Category 1        0.616        0.616           0.066
       Category 1     Category 2        0.335        0.335          -0.070
       Category 2     Category 1        0.028        0.029          -0.329
       Category 2     Category 2        0.021        0.020           0.396
       Bivariate Pearson Chi-Square                                  0.279
       Bivariate Log-Likelihood Chi-Square                           0.278
     GND5           ETH5
       Category 1     Category 1        0.890        0.887           0.560
       Category 1     Category 2        0.061        0.064          -0.726
       Category 2     Category 1        0.037        0.040          -1.003
       Category 2     Category 2        0.012        0.009           2.149
       Bivariate Pearson Chi-Square                                  6.444
       Bivariate Log-Likelihood Chi-Square                           5.898
     GND6           ETH1
       Category 1     Category 1        0.817        0.824          -0.936
       Category 1     Category 2        0.026        0.019           2.535
       Category 2     Category 1        0.149        0.143           0.921
       Category 2     Category 2        0.009        0.015          -2.607
       Bivariate Pearson Chi-Square                                 14.734
       Bivariate Log-Likelihood Chi-Square                          15.294
     GND6           ETH2
       Category 1     Category 1        0.812        0.819          -0.961
       Category 1     Category 2        0.031        0.024           2.357
       Category 2     Category 1        0.145        0.139           0.981
       Category 2     Category 2        0.012        0.018          -2.455
       Bivariate Pearson Chi-Square                                 13.092
       Bivariate Log-Likelihood Chi-Square                          13.467
     GND6           ETH3
       Category 1     Category 1        0.789        0.792          -0.360
       Category 1     Category 2        0.053        0.050           0.626
       Category 2     Category 1        0.137        0.135           0.363
       Category 2     Category 2        0.021        0.023          -0.772
       Bivariate Pearson Chi-Square                                  1.163
       Bivariate Log-Likelihood Chi-Square                           1.176
     GND6           ETH4
       Category 1     Category 1        0.538        0.551          -1.319
       Category 1     Category 2        0.304        0.292           1.424
       Category 2     Category 1        0.105        0.093           2.177
       Category 2     Category 2        0.052        0.064          -2.553
       Bivariate Pearson Chi-Square                                 13.394
       Bivariate Log-Likelihood Chi-Square                          13.639
     GND6           ETH5
       Category 1     Category 1        0.787        0.795          -1.114
       Category 1     Category 2        0.056        0.047           2.072
       Category 2     Category 1        0.140        0.132           1.271
       Category 2     Category 2        0.017        0.026          -2.669
       Bivariate Pearson Chi-Square                                 13.469
       Bivariate Log-Likelihood Chi-Square                          14.128
     ETH1           ETH2
       Category 1     Category 1        0.940        0.929           2.129
       Category 1     Category 2        0.026        0.037          -3.076
       Category 2     Category 1        0.017        0.028          -3.476
       Category 2     Category 2        0.017        0.005           8.349
       Bivariate Pearson Chi-Square                                 96.068
       Bivariate Log-Likelihood Chi-Square                          72.191
     ETH1           ETH3
       Category 1     Category 1        0.906        0.899           1.207
       Category 1     Category 2        0.059        0.067          -1.593
       Category 2     Category 1        0.020        0.028          -2.353
       Category 2     Category 2        0.014        0.006           5.330
       Bivariate Pearson Chi-Square                                 38.360
       Bivariate Log-Likelihood Chi-Square                          30.990
     ETH1           ETH4
       Category 1     Category 1        0.634        0.625           0.988
       Category 1     Category 2        0.331        0.341          -1.082
       Category 2     Category 1        0.010        0.019          -3.659
       Category 2     Category 2        0.025        0.015           4.447
       Bivariate Pearson Chi-Square                                 35.836
       Bivariate Log-Likelihood Chi-Square                          35.412
     ETH1           ETH5
       Category 1     Category 1        0.906        0.900           0.942
       Category 1     Category 2        0.060        0.066          -1.279
       Category 2     Category 1        0.021        0.027          -1.877
       Category 2     Category 2        0.014        0.007           3.983
       Bivariate Pearson Chi-Square                                 22.077
       Bivariate Log-Likelihood Chi-Square                          18.919
     ETH2           ETH3
       Category 1     Category 1        0.898        0.892           1.065
       Category 1     Category 2        0.058        0.065          -1.462
       Category 2     Category 1        0.028        0.035          -1.927
       Category 2     Category 2        0.015        0.008           4.336
       Bivariate Pearson Chi-Square                                 25.857
       Bivariate Log-Likelihood Chi-Square                          21.938
     ETH2           ETH4
       Category 1     Category 1        0.631        0.620           1.144
       Category 1     Category 2        0.326        0.337          -1.240
       Category 2     Category 1        0.013        0.024          -3.776
       Category 2     Category 2        0.030        0.019           4.515
       Bivariate Pearson Chi-Square                                 37.628
       Bivariate Log-Likelihood Chi-Square                          37.209
     ETH2           ETH5
       Category 1     Category 1        0.901        0.894           1.275
       Category 1     Category 2        0.056        0.064          -1.734
       Category 2     Category 1        0.026        0.033          -2.298
       Category 2     Category 2        0.018        0.009           4.679
       Bivariate Pearson Chi-Square                                 31.620
       Bivariate Log-Likelihood Chi-Square                          27.254
     ETH3           ETH4
       Category 1     Category 1        0.615        0.600           1.534
       Category 1     Category 2        0.312        0.326          -1.649
       Category 2     Category 1        0.029        0.044          -3.777
       Category 2     Category 2        0.044        0.029           4.724
       Bivariate Pearson Chi-Square                                 40.419
       Bivariate Log-Likelihood Chi-Square                          39.223
     ETH3           ETH5
       Category 1     Category 1        0.868        0.865           0.526
       Category 1     Category 2        0.058        0.062          -0.837
       Category 2     Category 1        0.058        0.062          -0.827
       Category 2     Category 2        0.015        0.011           2.122
       Bivariate Pearson Chi-Square                                  6.144
       Bivariate Log-Likelihood Chi-Square                           5.664
     ETH4           ETH5
       Category 1     Category 1        0.617        0.601           1.627
       Category 1     Category 2        0.027        0.043          -4.040
       Category 2     Category 1        0.310        0.326          -1.742
       Category 2     Category 2        0.046        0.030           4.918
       Bivariate Pearson Chi-Square                                 44.779
       Bivariate Log-Likelihood Chi-Square                          43.760

       Overall Bivariate Pearson Chi-Square                        728.128
       Overall Bivariate Log-Likelihood Chi-Square                 673.129


TECHNICAL 11 OUTPUT

     Random Starts Specifications for the k-1 Class Analysis Model
        Number of initial stage random starts                1000
        Number of final stage optimizations                   250



     VUONG-LO-MENDELL-RUBIN LIKELIHOOD RATIO TEST FOR 1 (H0) VERSUS 2 CLASSES

          H0 Loglikelihood Value                        -8566.478
          2 Times the Loglikelihood Difference           1097.450
          Difference in the Number of Parameters               12
          Mean                                             48.734
          Standard Deviation                               69.237
          P-Value                                          0.0000

     LO-MENDELL-RUBIN ADJUSTED LRT TEST

          Value                                          1086.106
          P-Value                                          0.0000


SAVEDATA INFORMATION


  Save file
    Prob_BFL_GNDETHlca_C3cl2.dat

  Order and format of variables

    GND1           F10.3
    GND2           F10.3
    GND3           F10.3
    GND4           F10.3
    GND5           F10.3
    GND6           F10.3
    ETH1           F10.3
    ETH2           F10.3
    ETH3           F10.3
    ETH4           F10.3
    ETH5           F10.3
    CPROB1         F10.3
    CPROB2         F10.3
    C              F10.3
    WS             F10.3
    IDSTUD         I9
    ID_S           I4
    ID_J           I4

  Save file format
    15F10.3 I9 2I4

  Save file record length    10000

  Save missing symbol        *


     Beginning Time:  22:12:47
        Ending Time:  22:12:50
       Elapsed Time:  00:00:03



MUTHEN & MUTHEN
3463 Stoner Ave.
Los Angeles, CA  90066

Tel: (310) 391-9971
Fax: (310) 391-8971
Web: www.StatModel.com
Support: Support@StatModel.com

Copyright (c) 1998-2020 Muthen & Muthen
