Mplus VERSION 8.5 (Mac)
MUTHEN & MUTHEN
04/07/2021  10:16 PM

INPUT INSTRUCTIONS

  TITLE: ESTGNDETH LCA - C3 with 1 classes;
  DATA:
  FILE = GNDETHDtaC3.dat;

  VARIABLE:
  NAMES = id_i
  id_j
  id_r
  id_s
  id_k
  wt
  ws
  GND1
  GND2
  GND3
  GND4
  GND5
  GND6
  ETH1
  ETH2
  ETH3
  ETH4
  ETH5
  IDSTUD;
  IDVARIABLE = IDSTUD;
  USEVARIABLES = GND1
  GND2
  GND3
  GND4
  GND5
  GND6
  ETH1
  ETH2
  ETH3
  ETH4
  ETH5;
  USEOBSERVATIONS ARE id_k EQ 4;
  CATEGORICAL = GND1
  GND2
  GND3
  GND4
  GND5
  GND6
  ETH1
  ETH2
  ETH3
  ETH4
  ETH5;
  MISSING = .;
  CLASSES = c(1);
  WEIGHT = ws;
  STRATIFICATION = id_s;
  CLUSTER = id_j;

  ANALYSIS:
  TYPE = COMPLEX MIXTURE;
  PROCESSORS = 4;
  STARTS = 1000 250;
  STITERATIONS = 20;
  STSEED = 288;

  MODEL:
  %OVERALL%

  OUTPUT:
  TECH10
  TECH11
  SVALUES
  ;

  SAVEDATA:
  FILE = Prob_EST_GNDETHlca_C3cl1.dat;
  SAVE = CPROBABILITIES;



*** WARNING in VARIABLE command
  When a subpopulation is analyzed with TYPE=COMPLEX, standard errors
  may be incorrect.  Use the SUBPOPULATION option instead of the
  USEOBSERVATIONS option to obtain correct standard errors.
*** WARNING in OUTPUT command
  TECH11 option is not available for TYPE=MIXTURE with only one class.
  Request for TECH11 is ignored.
*** WARNING
  Data set contains cases with missing on all variables.
  These cases were not included in the analysis.
  Number of cases with missing on all variables:  18
   3 WARNING(S) FOUND IN THE INPUT INSTRUCTIONS



ESTGNDETH LCA - C3 with 1 classes;

SUMMARY OF ANALYSIS

Number of groups                                                 1
Number of observations                                        2839

Number of dependent variables                                   11
Number of independent variables                                  0
Number of continuous latent variables                            0
Number of categorical latent variables                           1

Observed dependent variables

  Binary and ordered categorical (ordinal)
   GND1        GND2        GND3        GND4        GND5        GND6
   ETH1        ETH2        ETH3        ETH4        ETH5

Categorical latent variables
   C

Variables with special functions

  Stratification        ID_S
  Cluster variable      ID_J
  Weight variable       WS
  ID variable           IDSTUD

Estimator                                                      MLR
Information matrix                                        OBSERVED
Optimization Specifications for the Quasi-Newton Algorithm for
Continuous Outcomes
  Maximum number of iterations                                 100
  Convergence criterion                                  0.100D-05
Optimization Specifications for the EM Algorithm
  Maximum number of iterations                                 500
  Convergence criteria
    Loglikelihood change                                 0.100D-06
    Relative loglikelihood change                        0.100D-06
    Derivative                                           0.100D-05
Optimization Specifications for the M step of the EM Algorithm for
Categorical Latent variables
  Number of M step iterations                                    1
  M step convergence criterion                           0.100D-05
  Basis for M step termination                           ITERATION
Optimization Specifications for the M step of the EM Algorithm for
Censored, Binary or Ordered Categorical (Ordinal), Unordered
Categorical (Nominal) and Count Outcomes
  Number of M step iterations                                    1
  M step convergence criterion                           0.100D-05
  Basis for M step termination                           ITERATION
  Maximum value for logit thresholds                            15
  Minimum value for logit thresholds                           -15
  Minimum expected cell size for chi-square              0.100D-01
Maximum number of iterations for H1                           2000
Convergence criterion for H1                             0.100D-03
Optimization algorithm                                         EMA
Random Starts Specifications
  Number of initial stage random starts                       1000
  Number of final stage optimizations                          250
  Number of initial stage iterations                            20
  Initial stage convergence criterion                    0.100D+01
  Random starts scale                                    0.500D+01
  Random seed for generating random starts                     288
Link                                                         LOGIT

Input data file(s)
  GNDETHDtaC3.dat
Input data format  FREE


SUMMARY OF DATA

     Number of missing data patterns            17
     Number of y missing data patterns           0
     Number of u missing data patterns          17
     Number of strata                           75
     Number of clusters                        164


COVARIANCE COVERAGE OF DATA

Minimum covariance coverage value   0.100


     PROPORTION OF DATA PRESENT FOR U


           Covariance Coverage
              GND1          GND2          GND3          GND4          GND5
              ________      ________      ________      ________      ________
 GND1           1.000
 GND2           0.999         0.999
 GND3           0.995         0.995         0.995
 GND4           0.997         0.996         0.993         0.997
 GND5           0.998         0.996         0.993         0.995         0.998
 GND6           0.995         0.994         0.990         0.992         0.994
 ETH1           0.997         0.996         0.993         0.994         0.995
 ETH2           0.996         0.995         0.992         0.994         0.994
 ETH3           0.994         0.993         0.990         0.992         0.992
 ETH4           0.992         0.991         0.988         0.990         0.990
 ETH5           0.995         0.994         0.991         0.993         0.993


           Covariance Coverage
              GND6          ETH1          ETH2          ETH3          ETH4
              ________      ________      ________      ________      ________
 GND6           0.995
 ETH1           0.992         0.997
 ETH2           0.991         0.996         0.996
 ETH3           0.989         0.994         0.994         0.994
 ETH4           0.987         0.992         0.992         0.990         0.992
 ETH5           0.990         0.995         0.994         0.993         0.992


           Covariance Coverage
              ETH5
              ________
 ETH5           0.995


UNIVARIATE PROPORTIONS AND COUNTS FOR CATEGORICAL VARIABLES

    GND1
      Category 1    0.973         2761.967
      Category 2    0.027           75.520
    GND2
      Category 1    0.900         2551.394
      Category 2    0.100          284.688
    GND3
      Category 1    0.909         2567.966
      Category 2    0.091          256.863
    GND4
      Category 1    0.829         2347.387
      Category 2    0.171          483.594
    GND5
      Category 1    0.932         2641.318
      Category 2    0.068          191.960
    GND6
      Category 1    0.738         2082.167
      Category 2    0.262          740.560
    ETH1
      Category 1    0.978         2770.313
      Category 2    0.022           61.695
    ETH2
      Category 1    0.962         2722.107
      Category 2    0.038          106.303
    ETH3
      Category 1    0.910         2568.880
      Category 2    0.090          254.510
    ETH4
      Category 1    0.804         2265.925
      Category 2    0.196          552.434
    ETH5
      Category 1    0.948         2678.039
      Category 2    0.052          147.389


RANDOM STARTS RESULTS RANKED FROM THE BEST TO THE WORST LOGLIKELIHOOD VALUES

Final stage loglikelihood values at local maxima, seeds, and initial stage start numbers:

           -9332.862  255481           751
           -9332.862  729705           501
           -9332.862  158964           251
           -9332.862  unperturbed      0
           -9332.862  609201           3
           -9332.862  514978           7
           -9332.862  829916           15
           -9332.862  208289           31
           -9332.862  703404           63
           -9332.862  267441           127
           -9332.862  761649           512
           -9332.862  480214           256
           -9332.862  16924            513
           -9332.862  998022           514
           -9332.862  730563           128
           -9332.862  18598            257
           -9332.862  564698           515
           -9332.862  776360           516
           -9332.862  148293           258
           -9332.862  440588           517
           -9332.862  825343           518
           -9332.862  38078            64
           -9332.862  719428           129
           -9332.862  563703           259
           -9332.862  139726           519
           -9332.862  690502           520
           -9332.862  949814           260
           -9332.862  642399           521
           -9332.862  72800            522
           -9332.862  794864           130
           -9332.862  424344           261
           -9332.862  212295           523
           -9332.862  328337           524
           -9332.862  568707           262
           -9332.862  21190            525
           -9332.862  237882           526
           -9332.862  555689           32
           -9332.862  587107           65
           -9332.862  742602           131
           -9332.862  256261           263
           -9332.862  298512           527
           -9332.862  723752           528
           -9332.862  369771           264
           -9332.862  41136            529
           -9332.862  384138           530
           -9332.862  943264           132
           -9332.862  683344           265
           -9332.862  26859            531
           -9332.862  838073           532
           -9332.862  499903           266
           -9332.862  289713           533
           -9332.862  75864            534
           -9332.862  654184           66
           -9332.862  106293           133
           -9332.862  83824            267
           -9332.862  712313           535
           -9332.862  798276           536
           -9332.862  372786           268
           -9332.862  449914           537
           -9332.862  746499           538
           -9332.862  536337           134
           -9332.862  755225           269
           -9332.862  442141           539
           -9332.862  102664           540
           -9332.862  508005           270
           -9332.862  850201           541
           -9332.862  332221           542
           -9332.862  615751           16
           -9332.862  365939           33
           -9332.862  15050            67
           -9332.862  257000           135
           -9332.862  655232           271
           -9332.862  124010           543
           -9332.862  648136           544
           -9332.862  941180           272
           -9332.862  985923           545
           -9332.862  488184           546
           -9332.862  363526           136
           -9332.862  385729           273
           -9332.862  637758           547
           -9332.862  986007           548
           -9332.862  863129           274
           -9332.862  509856           549
           -9332.862  702720           550
           -9332.862  977786           68
           -9332.862  319498           137
           -9332.862  811896           275
           -9332.862  732345           551
           -9332.862  214082           552
           -9332.862  566609           276
           -9332.862  55657            553
           -9332.862  141596           554
           -9332.862  462004           138
           -9332.862  626683           277
           -9332.862  835969           555
           -9332.862  699749           556
           -9332.862  183675           278
           -9332.862  453466           557
           -9332.862  18935            558
           -9332.862  901673           34
           -9332.862  425103           69
           -9332.862  710841           139
           -9332.862  619016           279
           -9332.862  217522           559
           -9332.862  912118           560
           -9332.862  163252           280
           -9332.862  95624            561
           -9332.862  607682           562
           -9332.862  965671           140
           -9332.862  926166           281
           -9332.862  999536           563
           -9332.862  438247           564
           -9332.862  782833           282
           -9332.862  947186           565
           -9332.862  756060           566
           -9332.862  412035           70
           -9332.862  993659           141
           -9332.862  519601           283
           -9332.862  566415           567
           -9332.862  812961           568
           -9332.862  16555            284
           -9332.862  551927           569
           -9332.862  379997           570
           -9332.862  667357           142
           -9332.862  634855           285
           -9332.862  149951           571
           -9332.862  499068           572
           -9332.862  74848            286
           -9332.862  578065           8
           -9332.862  867952           17
           -9332.862  3314             35
           -9332.862  775133           71
           -9332.862  699343           143
           -9332.862  988355           287
           -9332.862  73135            288
           -9332.862  256224           144
           -9332.862  571411           289
           -9332.862  126060           290
           -9332.862  90128            72
           -9332.862  328890           145
           -9332.862  741061           291
           -9332.862  819229           292
           -9332.862  701157           146
           -9332.862  438785           293
           -9332.862  819256           294
           -9332.862  47928            36
           -9332.862  241342           73
           -9332.862  767001           147
           -9332.862  967159           295
           -9332.862  538895           296
           -9332.862  112959           148
           -9332.862  691572           297
           -9332.862  250285           298
           -9332.862  960487           74
           -9332.862  545226           149
           -9332.862  792123           299
           -9332.862  125480           300
           -9332.862  751299           150
           -9332.862  749139           301
           -9332.862  499805           302
           -9332.862  339904           18
           -9332.862  316890           37
           -9332.862  219014           75
           -9332.862  739223           151
           -9332.862  624641           303
           -9332.862  646105           304
           -9332.862  722666           152
           -9332.862  799031           305
           -9332.862  315906           306
           -9332.862  613990           76
           -9332.862  107578           153
           -9332.862  533600           307
           -9332.862  829106           308
           -9332.862  353096           154
           -9332.862  730821           309
           -9332.862  173363           310
           -9332.862  126667           38
           -9332.862  341151           77
           -9332.862  572149           155
           -9332.862  230316           311
           -9332.862  800324           312
           -9332.862  509819           156
           -9332.862  295469           313
           -9332.862  692037           314
           -9332.862  104144           78
           -9332.862  270775           315
           -9332.862  496516           316
           -9332.862  589343           317
           -9332.862  704750           1
           -9332.862  918761           752
           -9332.862  611976           753
           -9332.862  122886           754
           -9332.862  881525           755
           -9332.862  821515           756
           -9332.862  566431           757
           -9332.862  674140           758
           -9332.862  14811            759
           -9332.862  546573           760
           -9332.862  823689           761
           -9332.862  620988           762
           -9332.862  247529           763
           -9332.862  681430           764
           -9332.862  253296           765
           -9332.862  321542           798
           -9332.862  755901           766
           -9332.862  981654           767
           -9332.862  552185           768
           -9332.862  547800           794
           -9332.862  333225           769
           -9332.862  562941           770
           -9332.862  589517           771
           -9332.862  100746           790
           -9332.862  678354           772
           -9332.862  695057           773
           -9332.862  846815           774
           -9332.862  8288             775
           -9332.862  441498           776
           -9332.862  468128           777
           -9332.862  798349           778
           -9332.862  550795           779
           -9332.862  29396            780
           -9332.862  632977           781
           -9332.862  601889           782
           -9332.862  649711           783
           -9332.862  761359           784
           -9332.862  227359           785
           -9332.862  264995           786
           -9332.862  757210           787
           -9332.862  866003           788
           -9332.862  289707           789
           -9332.862  125680           791
           -9332.862  425585           792
           -9332.862  821522           793
           -9332.862  58768            795
           -9332.862  293837           796
           -9332.862  282015           797
           -9332.862  223897           799
           -9332.862  95515            800
           -9332.862  527001           801
           -9332.862  532887           942
           -9332.862  520022           950
           -9332.862  116127           954
           -9332.862  619259           958
           -9332.862  155404           966
           -9332.862  269627           970
           -9332.862  657384           974
           -9332.862  807691           982
           -9332.862  544679           986
           -9332.862  805589           990
           -9332.862  395024           998



     WARNING:  THE VARIANCE CONTRIBUTION FROM A STRATUM WITH A SINGLE CLUSTER
     (PSU) IS BASED ON THE DIFFERENCE BETWEEN THE SINGLE CLUSTER VALUE AND
     THE OVERALL CLUSTER MEAN.


THE MODEL ESTIMATION TERMINATED NORMALLY



MODEL FIT INFORMATION

Number of Free Parameters                       11

Loglikelihood

          H0 Value                       -9332.862
          H0 Scaling Correction Factor      1.6661
            for MLR

Information Criteria

          Akaike (AIC)                   18687.724
          Bayesian (BIC)                 18753.187
          Sample-Size Adjusted BIC       18718.236
            (n* = (n + 2) / 24)

Chi-Square Test of Model Fit for the Binary and Ordered Categorical
(Ordinal) Outcomes**

          Pearson Chi-Square

          Value                           3689.261
          Degrees of Freedom                  1963
          P-Value                           0.0000

          Likelihood Ratio Chi-Square

          Value                            757.510
          Degrees of Freedom                  1963
          P-Value                           1.0000

** Of the 13636 cells in the latent class indicator table, 73
   were deleted in the calculation of chi-square due to extreme values.

Chi-Square Test for MCAR under the Unrestricted Latent Class Indicator Model

          Pearson Chi-Square

          Value                            991.651
          Degrees of Freedom                 11572
          P-Value                           1.0000

          Likelihood Ratio Chi-Square

          Value                            753.288
          Degrees of Freedom                 11572
          P-Value                           1.0000



FINAL CLASS COUNTS AND PROPORTIONS FOR THE LATENT CLASSES
BASED ON THE ESTIMATED MODEL

    Latent
   Classes

       1       2839.00000          1.00000


FINAL CLASS COUNTS AND PROPORTIONS FOR THE LATENT CLASSES
BASED ON ESTIMATED POSTERIOR PROBABILITIES

    Latent
   Classes

       1       2839.00000          1.00000


FINAL CLASS COUNTS AND PROPORTIONS FOR THE LATENT CLASSES
BASED ON THEIR MOST LIKELY LATENT CLASS MEMBERSHIP

Class Counts and Proportions

    Latent
   Classes

       1             2839          1.00000


Average Latent Class Probabilities for Most Likely Latent Class Membership (Row)
by Latent Class (Column)

           1

    1   1.000


Classification Probabilities for the Most Likely Latent Class Membership (Column)
by Latent Class (Row)

           1

    1   1.000


Logits for the Classification Probabilities for the Most Likely Latent Class Membership (Column)
by Latent Class (Row)

              1

    1      0.000


MODEL RESULTS

                                                    Two-Tailed
                    Estimate       S.E.  Est./S.E.    P-Value

Latent Class 1

 Thresholds
    GND1$1             3.599      0.159     22.671      0.000
    GND2$1             2.193      0.070     31.545      0.000
    GND3$1             2.302      0.093     24.852      0.000
    GND4$1             1.580      0.078     20.289      0.000
    GND5$1             2.622      0.092     28.473      0.000
    GND6$1             1.034      0.062     16.796      0.000
    ETH1$1             3.805      0.144     26.399      0.000
    ETH2$1             3.243      0.108     30.100      0.000
    ETH3$1             2.312      0.092     25.170      0.000
    ETH4$1             1.411      0.053     26.774      0.000
    ETH5$1             2.900      0.107     27.218      0.000


RESULTS IN PROBABILITY SCALE

Latent Class 1

 GND1
    Category 1         0.973      0.004    236.659      0.000
    Category 2         0.027      0.004      6.471      0.000
 GND2
    Category 1         0.900      0.006    143.298      0.000
    Category 2         0.100      0.006     15.989      0.000
 GND3
    Category 1         0.909      0.008    118.707      0.000
    Category 2         0.091      0.008     11.874      0.000
 GND4
    Category 1         0.829      0.011     75.182      0.000
    Category 2         0.171      0.011     15.488      0.000
 GND5
    Category 1         0.932      0.006    160.297      0.000
    Category 2         0.068      0.006     11.650      0.000
 GND6
    Category 1         0.738      0.012     61.927      0.000
    Category 2         0.262      0.012     22.026      0.000
 ETH1
    Category 1         0.978      0.003    318.521      0.000
    Category 2         0.022      0.003      7.093      0.000
 ETH2
    Category 1         0.962      0.004    246.965      0.000
    Category 2         0.038      0.004      9.644      0.000
 ETH3
    Category 1         0.910      0.008    120.779      0.000
    Category 2         0.090      0.008     11.966      0.000
 ETH4
    Category 1         0.804      0.008     96.777      0.000
    Category 2         0.196      0.008     23.594      0.000
 ETH5
    Category 1         0.948      0.005    179.935      0.000
    Category 2         0.052      0.005      9.903      0.000


QUALITY OF NUMERICAL RESULTS

     Condition Number for the Information Matrix              0.110E+00
       (ratio of smallest to largest eigenvalue)


MODEL COMMAND WITH FINAL ESTIMATES USED AS STARTING VALUES

     %OVERALL%

     %C#1%

     [ gnd1$1*3.59931 ];
     [ gnd2$1*2.19300 ];
     [ gnd3$1*2.30232 ];
     [ gnd4$1*1.57981 ];
     [ gnd5$1*2.62175 ];
     [ gnd6$1*1.03376 ];
     [ eth1$1*3.80451 ];
     [ eth2$1*3.24287 ];
     [ eth3$1*2.31189 ];
     [ eth4$1*1.41140 ];
     [ eth5$1*2.89976 ];



TECHNICAL 10 OUTPUT


     MODEL FIT INFORMATION FOR THE LATENT CLASS INDICATOR MODEL PART


     RESPONSE PATTERNS

     No.  Pattern        No.  Pattern        No.  Pattern
       1  00000000000      2  00000000001      3  00000000010
       4  00000000011      5  00000000100      6  00000000101
       7  00000000110      8  00000000111      9  00000001000
      10  00000001001     11  00000001010     12  00000001100
      13  00000001101     14  00000001110     15  00000001111
      16  00000010000     17  00000010010     18  00000010111
      19  00000011000     20  00000011011     21  00000011100
      22  00000011101     23  00000011111     24  00000100000
      25  00000100001     26  00000100010     27  00000100011
      28  00000100100     29  00000100101     30  00000100110
      31  00000101000     32  00000101001     33  00000101010
      34  00000101011     35  00000101111     36  00000110000
      37  00000111000     38  00000111010     39  00000111111
      40  00001000000     41  00001000001     42  00001000010
      43  00001000100     44  00001000110     45  00001001110
      46  00001100000     47  00001100001     48  00001100010
      49  00001100100     50  00001100101     51  00001100110
      52  00010000000     53  00010000001     54  00010000010
      55  00010000100     56  00010000110     57  00010000111
      58  00010001000     59  00010001010     60  00010001011
      61  00010010010     62  00010011001     63  00010100000
      64  00010100001     65  00010100010     66  00010100011
      67  00010100100     68  00010100110     69  00010101010
      70  00010111011     71  00011000000     72  00011000010
      73  00011000101     74  00011011000     75  00011100000
      76  00011100001     77  00011100010     78  00011100100
      79  00011100101     80  00011100110     81  00011100111
      82  00011110001     83  00011111101     84  00100000000
      85  00100000010     86  00100000100     87  00100000111
      88  00100001100     89  00100100000     90  00100100001
      91  00100100010     92  00100100110     93  00100101001
      94  00101000111     95  00101100000     96  00101100001
      97  00101100100     98  00101101100     99  00101110000
     100  00110000000    101  00110000010    102  00110000110
     103  00110100000    104  00110100001    105  00110100010
     106  00110100011    107  00110100100    108  00110100110
     109  00110100111    110  00110110000    111  00110111001
     112  00110111110    113  00110111111    114  00111000000
     115  00111001010    116  00111011000    117  00111100000
     118  00111100001    119  00111100010    120  00111100100
     121  00111100110    122  00111101000    123  00111101010
     124  01000000000    125  01000000001    126  01000000010
     127  01000000100    128  01000000101    129  01000000110
     130  01000001010    131  01000001101    132  01000100000
     133  01000100001    134  01000100010    135  01000100100
     136  01000100111    137  01000101000    138  01000101010
     139  01001000000    140  01001000010    141  01001000011
     142  01001000111    143  01001001011    144  01001010010
     145  01001011010    146  01001011110    147  01001100000
     148  01001100010    149  01001100011    150  01001100100
     151  01001101010    152  01010000000    153  01010000001
     154  01010000010    155  01010000011    156  01010000101
     157  01010001111    158  01010011100    159  01010100000
     160  01010100010    161  01010100100    162  01010100110
     163  01010100111    164  01010101010    165  01011000000
     166  01011000010    167  01011100000    168  01011100010
     169  01011100100    170  01011100110    171  01100000000
     172  01100001001    173  01100001010    174  01100011111
     175  01100100000    176  01100100010    177  01100100011
     178  01100100100    179  01100101100    180  01100101101
     181  01100111110    182  01101000000    183  01101100000
     184  01101111010    185  01110000000    186  01110001000
     187  01110001001    188  01110100000    189  01110100001
     190  01110110000    191  01110110010    192  01110110110
     193  01111100000    194  01111100010    195  01111100110
     196  01111110000    197  01111111111    198  10000000000
     199  10000000110    200  10000011111    201  10000100100
     202  10000100110    203  10001100110    204  10010000110
     205  10010100000    206  10010100100    207  10011100010
     208  10011101000    209  10100100000    210  10100111111
     211  10101100010    212  10110000110    213  10110100000
     214  10110100100    215  10110100111    216  10111100000
     217  10111100001    218  11000000010    219  11000001010
     220  11000011111    221  11000100010    222  11000111101
     223  11001000000    224  11001010000    225  11001110001
     226  11010000000    227  11010100000    228  11011100011
     229  11100000000    230  11100100000    231  11100100010
     232  11100100100    233  11101100000    234  11110100000
     235  11110100010    236  11110100100    237  11110100110
     238  11110111000    239  11111100000    240  11111100001
     241  11111100010    242  11111100100    243  11111100110
     244  11111100111    245  00000*00000    246  00000*00010
     247  00000*11110    248  00001*00000    249  00010*01011
     250  01010*00000    251  0*101100010    252  0*110100000
     253  000000000**    254  010101000**    255  011010001**
     256  00000000*10    257  00100100*10    258  00110100*00
     259  00110100*10    260  01000000*00    261  000000*****
     262  000010*****    263  001101*****    264  011101*****
     265  100101*****    266  0000000*010    267  0101010*011
     268  0000**00000    269  0000**00010    270  0111**00000
     271  0101000000*    272  000000000*0    273  000011001*0
     274  010000000*0    275  010100100*0    276  000*0000000
     277  000*0000010    278  000*0100110    279  001*0101000
     280  00*00000000    281  00*00011111    282  00*00100000
     283  00*00100001    284  00*00100010    285  00*10100110
     286  01*00100000    287  01*10100000    288  01*10100110
     289  01*11100011    290  0**00000000    291  00000100***
     292  0000*100010    293  0010*100000    294  01110100**0
     295  *0****0****


     RESPONSE PATTERN FREQUENCIES AND CHI-SQUARE CONTRIBUTIONS

    Response          Frequency     Standardized  Chi-square Contribution
     Pattern    Observed  Estimated   Residual    Pearson   Loglikelihood  Deleted
                                     (z-score)
         1      1378.38     821.98      11.75      99.92       179.58
         2         9.89      45.24      -5.22      27.62       -30.47
         3       202.87     200.40       0.18       0.03         6.06
         4        13.40      11.03       0.70       0.50         4.67
         5        43.47      81.44      -4.21      17.68       -56.36
         6         3.89       4.48      -0.28       0.08        -1.26
         7        35.76      19.85       3.53      12.74        40.88
         8         4.45       1.09       3.17      10.34        12.33
         9        12.92      32.10      -3.36      11.45       -24.05
        10         0.92       1.77      -0.63       0.40        -1.24
        11         2.72       7.83      -1.80       3.33        -5.85
        12         2.23       3.18      -0.53       0.28        -1.68
        13         1.43       0.18       2.97       9.05         5.97
        14         4.18       0.78       3.81      14.93        13.90
        15         2.19       0.04       9.85     100.00        17.13
        16         3.74      18.31      -3.37      11.59       -12.04
        17         1.32       4.46      -1.47       2.21        -3.27
        18         1.26       0.02       7.81      62.83         9.90
        19         1.91       0.71       1.39       1.99         3.66
        20         2.16       0.01       9.85     100.00        23.33      DELETED
        21         0.86       0.07       2.94       8.89         4.29
        22         0.79       0.00       9.85     100.00         8.42      DELETED
        23         4.05       0.00       9.85      99.98        68.34      DELETED
        24       198.85     292.35      -5.70      29.90      -155.96
        25         1.66      16.09      -3.55      12.88        -6.92
        26        40.62      71.28      -3.63      13.18       -44.35
        27         3.95       3.92       0.01       0.00        -0.08
        28        10.83      28.96      -3.34      11.35       -21.68
        29         0.67       1.59      -0.72       0.54        -1.18
        30        12.71       7.06       2.10       4.50        15.84
        31         5.20      11.42      -1.82       3.38        -8.41
        32         0.88       0.63       0.32       0.10         0.56
        33         1.26       2.78      -0.90       0.83        -2.05
        34         2.02       0.15       4.69      22.67        10.31
        35         1.47       0.02       9.85     100.00        13.39
        36         1.40       6.51      -1.98       4.01        -4.37
        37         0.74       0.25       0.95       0.93         1.55
        38         1.26       0.06       4.75      23.19         7.54
        39         3.92       0.00       9.85     100.00        73.18      DELETED
        40        25.91      59.74      -4.36      19.13       -41.62
        41         1.52       3.29      -0.96       0.95        -2.34
        42         2.62      14.56      -3.09       9.80        -8.96
        43         1.57       5.92      -1.76       3.19        -4.16
        44         1.75       1.44       0.25       0.07         0.69
        45         0.51       0.06       1.88       3.65         2.25
        46        10.50      21.25      -2.31       5.44       -14.66
        47         0.63       1.17      -0.49       0.25        -0.81
        48         3.68       5.18      -0.65       0.43        -2.59
        49         2.07       2.11      -0.03      -0.04         0.50
        50         0.90       0.12       2.26       5.27         3.63
        51         1.84       0.51       1.82       3.37         5.19
        52        70.55     169.34      -7.72      57.60      -126.37
        53         1.51       9.32      -2.52       6.54        -5.57
        54        10.07      41.29      -4.82      23.60       -28.81
        55         5.75      16.78      -2.66       7.24       -12.57
        56         1.87       4.09      -1.08       1.20        -3.01
        57         1.37       0.23       2.37       5.79         4.87
        58         1.00       6.61      -2.15       4.76        -3.83
        59         1.24       1.61      -0.29       0.08        -0.70
        60         1.26       0.09       3.88      15.01         8.25
        61         2.38       0.92       1.50       2.31         4.41
        62         1.26       0.01       9.85     100.00        12.72      DELETED
        63        68.16      60.23       1.02       1.01        13.80
        64         5.33       3.31       1.09       1.22         4.81
        65        18.07      14.68       0.87       0.77         6.69
        66         4.99       0.81       4.58      21.59        17.92
        67         8.16       5.97       0.88       0.80         4.73
        68         1.65       1.45       0.16      -0.15         1.49
        69         2.99       0.57       3.15      10.19         9.75
        70         0.74       0.00       9.85     100.00        10.27      DELETED
        71        10.85      12.31      -0.41       0.17        -3.22
        72         2.48       3.00      -0.30       0.09        -1.05
        73         1.26       0.07       4.54      21.26         7.35
        74         0.84       0.01       7.89      64.03         7.28
        75         6.92       4.38       1.20       1.47         6.02
        76         1.63       0.24       2.78       7.95         6.13
        77         3.99       1.07       2.79       7.99        10.33
        78         3.24       0.43       4.21      18.21        12.91
        79         1.07       0.02       6.70      46.28         8.14
        80         0.68       0.11       1.74       3.12         2.50
        81         2.06       0.01       9.85     100.00        24.13      DELETED
        82         1.33       0.01       9.85     100.00        14.61      DELETED
        83         0.86       0.00       9.85     100.00        18.22      DELETED
        84        18.83      82.22      -6.99      48.87       -56.26
        85         2.67      20.05      -3.84      15.06       -10.89
        86         1.14       8.15      -2.42       6.03        -4.53
        87         1.71       0.11       4.76      23.34         9.30
        88         0.74       0.32       0.74       0.56         1.22
        89        12.91      29.24      -2.99       9.11       -20.46
        90         1.26       1.61      -0.27       0.03        -0.15
        91         4.73       7.13      -0.89       0.71        -2.55
        92         1.60       0.71       1.05       1.11         3.01
        93         0.93       0.06       3.39      11.86         4.94
        94         1.36       0.01       9.85     100.00        13.90      DELETED
        95         1.45       2.13      -0.45       0.21        -1.05
        96         1.42       0.12       3.75      14.50         7.02
        97         1.28       0.21       2.30       5.46         4.58
        98         1.16       0.01       9.85     100.00        11.44      DELETED
        99         2.59       0.05       9.85     100.00        20.63
       100         9.27      16.94      -1.84       3.47       -11.59
       101         2.22       4.13      -0.92       0.88        -2.85
       102         0.37       0.41      -0.06       0.00        -0.09
       103        49.48       6.02       9.87     100.00       200.95
       104         2.25       0.33       3.28      11.05         8.53
       105         7.25       1.47       4.70      22.71        24.49
       106         0.60       0.08       1.79       3.31         2.38
       107         5.63       0.60       6.42      42.44        25.29
       108         0.84       0.15       1.79       3.16         3.63
       109         0.82       0.01       8.93      82.18         7.56      DELETED
       110         0.63       0.13       1.33       1.83         1.93
       111         0.84       0.00       9.85     100.00        13.42      DELETED
       112         0.90       0.00       9.85     100.00        15.88      DELETED
       113         2.62       0.00       9.85     100.00        67.09      DELETED
       114         2.68       1.23       1.28       1.70         4.04
       115         0.37       0.01       3.26      10.96         2.54
       116         1.42       0.00       9.85     100.00        20.34      DELETED
       117         3.64       0.44       4.76      23.36        15.23
       118         1.63       0.02       9.85     100.00        13.61
       119         1.63       0.11       4.58      21.60         8.78
       120         2.50       0.04       9.85     100.00        20.15
       121         0.34       0.01       3.12      10.04         2.31
       122         0.82       0.02       6.08      38.05         6.35
       123         1.17       0.00       9.85     100.00        13.18      DELETED
       124        38.43      91.72      -5.58      30.96       -65.78
       125         7.29       5.05       0.99       1.00         5.04
       126        17.61      22.36      -1.00       1.01        -8.69
       127         0.55       9.09      -2.80       8.02        -3.08
       128         2.50       0.50       2.79       8.02         7.95
       129         3.88       2.22       1.10       1.25         4.18
       130         0.72       0.87      -0.16       0.03        -0.31
       131         0.55       0.02       3.73      14.29         3.63
       132        28.93      32.62      -0.64       0.42        -6.70
       133         2.01       1.80       0.16       0.02         0.36
       134         5.91       7.95      -0.72       0.52        -3.78
       135         1.92       3.23      -0.72       0.53        -2.09
       136         1.37       0.04       6.26      40.34         9.36
       137         0.82       1.27      -0.40       0.16        -0.76
       138         1.06       0.31       1.33       1.83         2.57
       139         5.75       6.67      -0.35       0.12        -1.96
       140         1.26       1.63      -0.28       0.08        -0.70
       141         1.84       0.09       5.76      34.10        11.01
       142         0.51       0.01       5.25      28.34         4.11
       143         0.89       0.00       9.85     100.00         9.83      DELETED
       144         1.09       0.04       5.47      30.82         7.39
       145         0.74       0.00       9.85     100.00         9.28      DELETED
       146         0.88       0.00       9.85     100.00        15.40      DELETED
       147         2.12       2.37      -0.16       0.03        -0.57
       148         1.33       0.58       0.98       0.98         2.16
       149         1.18       0.03       6.36      41.63         8.50
       150         0.59       0.23       0.72       0.53         1.06
       151         0.98       0.02       6.30      40.83         7.37
       152         8.29      18.90      -2.41       5.83       -11.65
       153         0.65       1.04      -0.38       0.14        -0.52
       154         3.21       4.61      -0.64       0.42        -2.47
       155         1.26       0.25       1.97       4.00         3.99
       156         1.72       0.10       4.96      25.33         9.59
       157         0.72       0.00       9.85     100.00         9.41      DELETED
       158         1.31       0.00       9.85     100.00        17.54      DELETED
       159         9.94       6.72       1.22       1.31        10.78
       160         1.33       1.64      -0.24       0.06        -0.54
       161         2.46       0.67       2.17       4.85         6.33
       162         1.90       0.16       4.25      18.05        11.41
       163         0.82       0.01       8.45      73.50         7.37      DELETED
       164         2.41       0.06       9.14      86.04        17.38
       165         5.38       1.37       3.37      11.71        14.46
       166         1.60       0.33       2.15       4.77         4.92
       167         5.55       0.49       7.14      52.46        26.72
       168         0.41       0.12       0.82       0.69         0.98
       169         2.53       0.05       9.85     100.00        19.86
       170         0.72       0.01       6.39      42.06         5.85
       171         1.54       9.17      -2.49       6.35        -5.57
       172         0.60       0.02       4.06      16.97         4.06
       173         0.60       0.09       1.70       2.99         2.27
       174         0.76       0.00       9.85     100.00        16.96      DELETED
       175         2.82       3.26      -0.24       0.06        -0.79
       176         2.34       0.80       1.71       3.01         4.95
       177         1.32       0.04       6.02      37.34         8.95
       178         1.26       0.32       1.62       2.70         3.36
       179         0.82       0.01       7.11      52.10         6.84
       180         0.67       0.00       9.85     100.00         9.17      DELETED
       181         0.95       0.00       9.85     100.00        17.98      DELETED
       182         1.01       0.67       0.42       0.18         0.79
       183         0.90       0.24       1.34       1.84         2.35
       184         1.17       0.00       9.85     100.00        23.55      DELETED
       185         2.36       1.89       0.33       0.11         1.31
       186         1.37       0.07       4.69      22.62         7.91
       187         0.82       0.00       9.85     100.00         8.66      DELETED
       188         2.76       0.67       2.51       5.48        11.04
       189         0.84       0.04       4.11      17.37         5.30
       190         1.54       0.01       9.85     100.00        14.42
       191         1.63       0.00       9.85     100.00        19.95      DELETED
       192         1.54       0.00       9.85     100.00        25.91      DELETED
       193         5.11       0.05       9.85      99.98        48.05
       194         0.74       0.01       6.54      44.00         6.03
       195         0.71       0.00       9.85     100.00         9.05      DELETED
       196         0.59       0.00       9.85     100.00         7.39      DELETED
       197         1.50       0.00       9.85     100.00        46.08      DELETED
       198         1.76      22.48      -4.32      19.08        -9.06
       199         0.58       0.54       0.05       0.00         0.06
       200         0.89       0.00       9.85     100.00        18.56      DELETED
       201         1.43       0.79       0.71       0.52         1.64
       202         0.88       0.19       1.55       2.47         2.65
       203         0.63       0.01       5.12      26.99         4.76
       204         1.15       0.11       3.05       9.58         5.29
       205         0.74       1.65      -0.70       0.39        -0.62
       206         2.15       0.16       4.85      23.91        12.73
       207         0.90       0.03       5.01      25.81         6.11
       208         0.55       0.00       7.83      63.14         5.20      DELETED
       209         1.82       0.80       1.12       1.29         2.90
       210         1.47       0.00       9.85     100.00        41.93      DELETED
       211         0.53       0.01       4.25      18.62         3.80
       212         1.47       0.01       9.85     100.00        14.28
       213         5.67       0.16       9.86     100.00        39.90
       214         0.93       0.02       7.02      50.72         7.44
       215         0.72       0.00       9.85     100.00        11.59      DELETED
       216         2.50       0.01       9.85     100.00        26.64
       217         1.26       0.00       9.85     100.00        19.07      DELETED
       218         1.01       0.61       0.51       0.27         0.98
       219         2.28       0.02       9.85     100.00        20.73
       220         0.68       0.00       9.85     100.00        16.78      DELETED
       221         0.47       0.22       0.53       0.29         0.69
       222         0.34       0.00       9.85     100.00         7.58      DELETED
       223         0.82       0.18       1.47       2.23         2.43
       224         1.38       0.00       9.85     100.00        16.04      DELETED
       225         0.71       0.00       9.85     100.00        12.88      DELETED
       226         1.75       0.52       1.69       2.94         4.19
       227         0.82       0.18       1.46       2.20         2.41
       228         0.74       0.00       9.85     100.00        12.30      DELETED
       229         1.63       0.25       2.70       7.53         6.00
       230         3.01       0.09       9.63      95.42        21.02
       231         3.65       0.02       9.85     100.00        37.23
       232         0.75       0.01       7.81      62.74         6.66      DELETED
       233         0.72       0.01       8.69      77.68         6.71      DELETED
       234         9.66       0.02       9.85      99.99       120.63
       235         0.72       0.00       9.85     100.00         7.24      DELETED
       236         1.49       0.00       9.85     100.00        19.90      DELETED
       237         0.87       0.00       9.85     100.00        13.10      DELETED
       238         1.32       0.00       9.85     100.00        29.89      DELETED
       239         1.04       0.00       9.85     100.00        13.80      DELETED
       240         1.36       0.00       9.85     100.00        26.62      DELETED
       241         3.98       0.00       9.85     100.00        74.70      DELETED
       242         1.17       0.00       9.85     100.00        21.28      DELETED
       243         1.65       0.00       9.85     100.00        35.78      DELETED
       244         2.03       0.00       9.85     100.00        56.60      DELETED
       245         5.90       4.65       0.74       0.28         4.01
       246         1.90       1.13       0.75      -0.24        -0.40
       247         0.64       0.00       9.85       0.00         4.18      DELETED
       248         1.06       0.34       1.25      -3.74        -1.65
       249         1.12       0.00       9.86       0.00         6.66      DELETED
       250         0.95       0.11       2.54      -1.86        -0.38
       251         1.25       0.00       9.86       0.00         1.89      DELETED
       252         0.41       0.00       6.26      36.05         1.71
       253         0.86       1.05      -0.23      -0.27         0.68
       254         0.41       0.01       4.23       6.89         0.36
       255         1.43       0.00       9.86       0.00         7.98      DELETED
       256         0.86       0.36       0.86       0.13         0.14
       257         1.01       0.01       8.74      -6.43        -0.16
       258         0.88       0.01       8.28      63.45         3.75
       259         0.93       0.00       9.86      43.97         3.24      DELETED
       260         0.82       0.16       1.63      -6.27        -1.53
       261         3.35       3.17       0.13      -0.21         2.10
       262         0.86       0.23       1.32      -5.15        -1.67
       263         0.67       0.02       4.18      16.72         2.79
       264         0.67       0.00       9.86      84.83         3.15      DELETED
       265         1.43       0.01       9.86       0.00         1.48      DELETED
       266         0.51       0.16       0.92      -0.02        -0.01
       267         1.58       0.00       9.86       0.00         8.88      DELETED
       268         1.46       1.38       0.10      -0.07         0.86
       269         0.72       0.34       0.69      -0.20        -0.21
       270         1.01       0.00       9.86      33.01         3.12      DELETED
       271         0.93       0.01       9.89       0.00        -1.27      DELETED
       272         4.93       2.52       1.89       2.02         4.24
       273         0.68       0.01       8.27      29.84         0.73      DELETED
       274         0.88       0.28       1.14      -2.69        -1.24
       275         0.34       0.00       9.20     -12.79        -0.31      DELETED
       276         3.57       2.32       1.01       0.66         2.66
       277         0.66       0.57       0.12      -0.03        -0.16
       278         0.81       0.02       5.49      14.60         0.96
       279         1.47       0.00       9.86       0.00         0.14      DELETED
       280         2.24       3.71      -0.92      -1.51         1.92
       281         0.39       0.00       9.85      92.37         6.45      DELETED
       282         1.26       1.32      -0.06      -0.17        -1.06
       283         0.67       0.07       2.19     -24.76        -2.16
       284         0.66       0.32       0.59      -0.77        -0.68
       285         0.89       0.01       9.86      47.43         1.42      DELETED
       286         0.88       0.15       1.90      -0.65        -0.21
       287         1.47       0.03       8.16      39.34         2.37
       288         1.47       0.00       9.86       0.00         8.59      DELETED
       289         1.47       0.00       9.85       0.00        15.57      DELETED
       290         1.26       0.46       1.47       0.84         0.88
       291         1.43       0.22       2.79      -5.27        -1.29
       292         0.41       0.03       2.25      -4.11        -0.43
       293         0.61       0.01       5.54     -36.77        -0.93
       294         1.17       0.00       9.86       0.00         3.99      DELETED
       295         1.51       1.33       0.45       0.00         0.01

     THE TOTAL PEARSON CHI-SQUARE CONTRIBUTION FROM EMPTY CELLS IS       143.28


     UNIVARIATE MODEL FIT INFORMATION

                               Estimated Probabilities
                                                  Standardized
     Variable              H1           H0          Residual
                                                   (z-score)
     GND1
       Category 1        0.973        0.973           0.003
       Category 2        0.027        0.027          -0.003
       Univariate Pearson Chi-Square                  0.000
       Univariate Log-Likelihood Chi-Square           0.000
     GND2
       Category 1        0.899        0.900          -0.025
       Category 2        0.101        0.100           0.025
       Univariate Pearson Chi-Square                  0.001
       Univariate Log-Likelihood Chi-Square           0.001
     GND3
       Category 1        0.909        0.909          -0.058
       Category 2        0.091        0.091           0.058
       Univariate Pearson Chi-Square                  0.004
       Univariate Log-Likelihood Chi-Square           0.004
     GND4
       Category 1        0.829        0.829           0.004
       Category 2        0.171        0.171          -0.004
       Univariate Pearson Chi-Square                  0.000
       Univariate Log-Likelihood Chi-Square           0.000
     GND5
       Category 1        0.932        0.932          -0.019
       Category 2        0.068        0.068           0.019
       Univariate Pearson Chi-Square                  0.000
       Univariate Log-Likelihood Chi-Square           0.000
     GND6
       Category 1        0.738        0.738           0.025
       Category 2        0.262        0.262          -0.025
       Univariate Pearson Chi-Square                  0.001
       Univariate Log-Likelihood Chi-Square           0.001
     ETH1
       Category 1        0.978        0.978          -0.029
       Category 2        0.022        0.022           0.029
       Univariate Pearson Chi-Square                  0.001
       Univariate Log-Likelihood Chi-Square           0.001
     ETH2
       Category 1        0.962        0.962          -0.046
       Category 2        0.038        0.038           0.046
       Univariate Pearson Chi-Square                  0.002
       Univariate Log-Likelihood Chi-Square           0.002
     ETH3
       Category 1        0.909        0.910          -0.067
       Category 2        0.091        0.090           0.067
       Univariate Pearson Chi-Square                  0.005
       Univariate Log-Likelihood Chi-Square           0.005
     ETH4
       Category 1        0.804        0.804           0.008
       Category 2        0.196        0.196          -0.008
       Univariate Pearson Chi-Square                  0.000
       Univariate Log-Likelihood Chi-Square           0.000
     ETH5
       Category 1        0.948        0.948          -0.037
       Category 2        0.052        0.052           0.037
       Univariate Pearson Chi-Square                  0.001
       Univariate Log-Likelihood Chi-Square           0.001

       Overall Univariate Pearson Chi-Square                         0.014
       Overall Univariate Log-Likelihood Chi-Square                  0.014


     BIVARIATE MODEL FIT INFORMATION

                                              Estimated Probabilities
                                                                 Standardized
     Variable       Variable              H1           H0          Residual
                                                                  (z-score)
     GND1           GND2
       Category 1     Category 1        0.889        0.876           2.135
       Category 1     Category 2        0.084        0.098          -2.371
       Category 2     Category 1        0.010        0.024          -4.656
       Category 2     Category 2        0.016        0.003          13.781
       Bivariate Pearson Chi-Square                                222.625
       Bivariate Log-Likelihood Chi-Square                         122.941
     GND1           GND3
       Category 1     Category 1        0.900        0.885           2.531
       Category 1     Category 2        0.073        0.089          -2.842
       Category 2     Category 1        0.008        0.024          -5.366
       Category 2     Category 2        0.018        0.002          16.771
       Bivariate Pearson Chi-Square                                326.189
       Bivariate Log-Likelihood Chi-Square                         165.402
     GND1           GND4
       Category 1     Category 1        0.820        0.807           1.654
       Category 1     Category 2        0.154        0.166          -1.751
       Category 2     Category 1        0.010        0.022          -4.432
       Category 2     Category 2        0.017        0.005           9.672
       Bivariate Pearson Chi-Square                                118.847
       Bivariate Log-Likelihood Chi-Square                          84.477
     GND1           GND5
       Category 1     Category 1        0.913        0.907           1.061
       Category 1     Category 2        0.060        0.066          -1.237
       Category 2     Category 1        0.019        0.025          -2.007
       Category 2     Category 2        0.008        0.002           7.349
       Bivariate Pearson Chi-Square                                 61.131
       Bivariate Log-Likelihood Chi-Square                          36.361
     GND1           GND6
       Category 1     Category 1        0.732        0.718           1.682
       Category 1     Category 2        0.241        0.255          -1.734
       Category 2     Category 1        0.005        0.020          -5.376
       Category 2     Category 2        0.021        0.007           8.951
       Bivariate Pearson Chi-Square                                114.228
       Bivariate Log-Likelihood Chi-Square                          97.008
     GND1           ETH1
       Category 1     Category 1        0.954        0.952           0.428
       Category 1     Category 2        0.019        0.021          -0.631
       Category 2     Category 1        0.024        0.026          -0.600
       Category 2     Category 2        0.002        0.001           3.953
       Bivariate Pearson Chi-Square                                 16.850
       Bivariate Log-Likelihood Chi-Square                           9.749
     GND1           ETH2
       Category 1     Category 1        0.938        0.937           0.322
       Category 1     Category 2        0.035        0.037          -0.415
       Category 2     Category 1        0.024        0.026          -0.552
       Category 2     Category 2        0.003        0.001           2.746
       Bivariate Pearson Chi-Square                                  8.237
       Bivariate Log-Likelihood Chi-Square                           5.803
     GND1           ETH3
       Category 1     Category 1        0.891        0.886           0.845
       Category 1     Category 2        0.083        0.088          -0.949
       Category 2     Category 1        0.019        0.024          -1.874
       Category 2     Category 2        0.008        0.002           5.879
       Bivariate Pearson Chi-Square                                 39.967
       Bivariate Log-Likelihood Chi-Square                          26.846
     GND1           ETH4
       Category 1     Category 1        0.787        0.783           0.569
       Category 1     Category 2        0.186        0.191          -0.596
       Category 2     Category 1        0.017        0.021          -1.600
       Category 2     Category 2        0.010        0.005           3.208
       Bivariate Pearson Chi-Square                                 13.491
       Bivariate Log-Likelihood Chi-Square                          11.568
     GND1           ETH5
       Category 1     Category 1        0.925        0.923           0.405
       Category 1     Category 2        0.049        0.051          -0.490
       Category 2     Category 1        0.023        0.025          -0.741
       Category 2     Category 2        0.004        0.001           3.110
       Bivariate Pearson Chi-Square                                 10.742
       Bivariate Log-Likelihood Chi-Square                           7.702
     GND2           GND3
       Category 1     Category 1        0.836        0.818           2.507
       Category 1     Category 2        0.063        0.082          -3.557
       Category 2     Category 1        0.073        0.091          -3.418
       Category 2     Category 2        0.028        0.009          10.429
       Bivariate Pearson Chi-Square                                135.034
       Bivariate Log-Likelihood Chi-Square                          97.073
     GND2           GND4
       Category 1     Category 1        0.769        0.746           2.752
       Category 1     Category 2        0.131        0.154          -3.343
       Category 2     Category 1        0.060        0.083          -4.332
       Category 2     Category 2        0.040        0.017           9.276
       Bivariate Pearson Chi-Square                                116.504
       Bivariate Log-Likelihood Chi-Square                          94.827
     GND2           GND5
       Category 1     Category 1        0.855        0.839           2.346
       Category 1     Category 2        0.044        0.061          -3.638
       Category 2     Category 1        0.077        0.094          -2.979
       Category 2     Category 2        0.023        0.007          10.648
       Bivariate Pearson Chi-Square                                137.952
       Bivariate Log-Likelihood Chi-Square                          94.280
     GND2           GND6
       Category 1     Category 1        0.691        0.664           3.073
       Category 1     Category 2        0.208        0.236          -3.437
       Category 2     Category 1        0.047        0.074          -5.504
       Category 2     Category 2        0.054        0.026           9.047
       Bivariate Pearson Chi-Square                                123.502
       Bivariate Log-Likelihood Chi-Square                         109.000
     GND2           ETH1
       Category 1     Category 1        0.884        0.880           0.680
       Category 1     Category 2        0.015        0.020          -1.647
       Category 2     Category 1        0.094        0.098          -0.756
       Category 2     Category 2        0.007        0.002           4.977
       Bivariate Pearson Chi-Square                                 28.776
       Bivariate Log-Likelihood Chi-Square                          19.990
     GND2           ETH2
       Category 1     Category 1        0.871        0.866           0.764
       Category 1     Category 2        0.029        0.034          -1.482
       Category 2     Category 1        0.091        0.097          -0.911
       Category 2     Category 2        0.009        0.004           4.513
       Bivariate Pearson Chi-Square                                 23.934
       Bivariate Log-Likelihood Chi-Square                          18.130
     GND2           ETH3
       Category 1     Category 1        0.825        0.819           0.865
       Category 1     Category 2        0.075        0.081          -1.249
       Category 2     Category 1        0.085        0.091          -1.224
       Category 2     Category 2        0.016        0.009           3.801
       Bivariate Pearson Chi-Square                                 17.761
       Bivariate Log-Likelihood Chi-Square                          15.095
     GND2           ETH4
       Category 1     Category 1        0.736        0.723           1.548
       Category 1     Category 2        0.163        0.176          -1.837
       Category 2     Category 1        0.068        0.081          -2.532
       Category 2     Category 2        0.033        0.020           5.019
       Bivariate Pearson Chi-Square                                 35.041
       Bivariate Log-Likelihood Chi-Square                          31.138
     GND2           ETH5
       Category 1     Category 1        0.861        0.853           1.245
       Category 1     Category 2        0.038        0.047          -2.123
       Category 2     Category 1        0.087        0.095          -1.532
       Category 2     Category 2        0.014        0.005           6.332
       Bivariate Pearson Chi-Square                                 47.913
       Bivariate Log-Likelihood Chi-Square                          35.287
     GND3           GND4
       Category 1     Category 1        0.797        0.754           5.255
       Category 1     Category 2        0.112        0.155          -6.297
       Category 2     Category 1        0.032        0.075          -8.568
       Category 2     Category 2        0.059        0.016          18.431
       Bivariate Pearson Chi-Square                                455.723
       Bivariate Log-Likelihood Chi-Square                         334.099
     GND3           GND5
       Category 1     Category 1        0.861        0.847           1.990
       Category 1     Category 2        0.048        0.062          -3.046
       Category 2     Category 1        0.071        0.085          -2.586
       Category 2     Category 2        0.020        0.006           9.419
       Bivariate Pearson Chi-Square                                106.683
       Bivariate Log-Likelihood Chi-Square                          73.488
     GND3           GND6
       Category 1     Category 1        0.718        0.671           5.289
       Category 1     Category 2        0.191        0.238          -5.872
       Category 2     Category 1        0.020        0.067          -9.893
       Category 2     Category 2        0.071        0.024          16.328
       Bivariate Pearson Chi-Square                                398.495
       Bivariate Log-Likelihood Chi-Square                         342.476
     GND3           ETH1
       Category 1     Category 1        0.895        0.889           0.887
       Category 1     Category 2        0.014        0.020          -2.119
       Category 2     Category 1        0.084        0.089          -0.993
       Category 2     Category 2        0.008        0.002           6.734
       Bivariate Pearson Chi-Square                                 52.148
       Bivariate Log-Likelihood Chi-Square                          32.823
     GND3           ETH2
       Category 1     Category 1        0.880        0.875           0.752
       Category 1     Category 2        0.029        0.034          -1.462
       Category 2     Category 1        0.083        0.088          -0.911
       Category 2     Category 2        0.009        0.003           4.701
       Bivariate Pearson Chi-Square                                 25.652
       Bivariate Log-Likelihood Chi-Square                          18.964
     GND3           ETH3
       Category 1     Category 1        0.835        0.827           1.028
       Category 1     Category 2        0.074        0.082          -1.479
       Category 2     Category 1        0.075        0.083          -1.481
       Category 2     Category 2        0.016        0.008           4.711
       Bivariate Pearson Chi-Square                                 26.996
       Bivariate Log-Likelihood Chi-Square                          22.024
     GND3           ETH4
       Category 1     Category 1        0.736        0.731           0.652
       Category 1     Category 2        0.172        0.178          -0.799
       Category 2     Category 1        0.068        0.073          -1.099
       Category 2     Category 2        0.024        0.018           2.288
       Bivariate Pearson Chi-Square                                  7.106
       Bivariate Log-Likelihood Chi-Square                           6.648
     GND3           ETH5
       Category 1     Category 1        0.867        0.862           0.847
       Category 1     Category 2        0.042        0.047          -1.456
       Category 2     Category 1        0.080        0.086          -1.072
       Category 2     Category 2        0.011        0.005           4.621
       Bivariate Pearson Chi-Square                                 25.148
       Bivariate Log-Likelihood Chi-Square                          19.400
     GND4           GND5
       Category 1     Category 1        0.796        0.773           2.839
       Category 1     Category 2        0.034        0.056          -5.158
       Category 2     Category 1        0.137        0.159          -3.263
       Category 2     Category 2        0.034        0.012          11.149
       Bivariate Pearson Chi-Square                                163.474
       Bivariate Log-Likelihood Chi-Square                         124.261
     GND4           GND6
       Category 1     Category 1        0.679        0.612           7.284
       Category 1     Category 2        0.150        0.218          -8.601
       Category 2     Category 1        0.059        0.126         -10.665
       Category 2     Category 2        0.112        0.045          17.099
       Bivariate Pearson Chi-Square                                470.737
       Bivariate Log-Likelihood Chi-Square                         417.411
     GND4           ETH1
       Category 1     Category 1        0.816        0.811           0.625
       Category 1     Category 2        0.013        0.018          -1.825
       Category 2     Category 1        0.162        0.167          -0.667
       Category 2     Category 2        0.008        0.004           4.061
       Bivariate Pearson Chi-Square                                 20.746
       Bivariate Log-Likelihood Chi-Square                          16.568
     GND4           ETH2
       Category 1     Category 1        0.802        0.798           0.569
       Category 1     Category 2        0.027        0.031          -1.307
       Category 2     Category 1        0.160        0.164          -0.640
       Category 2     Category 2        0.011        0.006           2.953
       Bivariate Pearson Chi-Square                                 11.045
       Bivariate Log-Likelihood Chi-Square                           9.570
     GND4           ETH3
       Category 1     Category 1        0.765        0.754           1.327
       Category 1     Category 2        0.064        0.075          -2.166
       Category 2     Category 1        0.144        0.155          -1.629
       Category 2     Category 2        0.027        0.015           4.782
       Bivariate Pearson Chi-Square                                 30.408
       Bivariate Log-Likelihood Chi-Square                          26.511
     GND4           ETH4
       Category 1     Category 1        0.675        0.667           0.906
       Category 1     Category 2        0.154        0.163          -1.153
       Category 2     Category 1        0.129        0.137          -1.231
       Category 2     Category 2        0.042        0.033           2.348
       Bivariate Pearson Chi-Square                                  8.263
       Bivariate Log-Likelihood Chi-Square                           7.916
     GND4           ETH5
       Category 1     Category 1        0.795        0.786           1.199
       Category 1     Category 2        0.034        0.043          -2.410
       Category 2     Category 1        0.152        0.162          -1.357
       Category 2     Category 2        0.018        0.009           5.304
       Bivariate Pearson Chi-Square                                 36.336
       Bivariate Log-Likelihood Chi-Square                          30.009
     GND5           GND6
       Category 1     Category 1        0.709        0.688           2.436
       Category 1     Category 2        0.223        0.245          -2.638
       Category 2     Category 1        0.029        0.050          -5.132
       Category 2     Category 2        0.039        0.018           8.498
       Bivariate Pearson Chi-Square                                106.127
       Bivariate Log-Likelihood Chi-Square                          92.153
     GND5           ETH1
       Category 1     Category 1        0.916        0.912           0.681
       Category 1     Category 2        0.017        0.020          -1.402
       Category 2     Category 1        0.063        0.066          -0.793
       Category 2     Category 2        0.005        0.001           5.260
       Bivariate Pearson Chi-Square                                 31.071
       Bivariate Log-Likelihood Chi-Square                          19.689
     GND5           ETH2
       Category 1     Category 1        0.899        0.897           0.361
       Category 1     Category 2        0.033        0.035          -0.622
       Category 2     Category 1        0.063        0.065          -0.480
       Category 2     Category 2        0.005        0.003           2.444
       Bivariate Pearson Chi-Square                                  6.754
       Bivariate Log-Likelihood Chi-Square                           5.448
     GND5           ETH3
       Category 1     Category 1        0.856        0.848           1.081
       Category 1     Category 2        0.077        0.084          -1.415
       Category 2     Category 1        0.054        0.062          -1.692
       Category 2     Category 2        0.014        0.006           5.284
       Bivariate Pearson Chi-Square                                 33.412
       Bivariate Log-Likelihood Chi-Square                          25.903
     GND5           ETH4
       Category 1     Category 1        0.756        0.750           0.795
       Category 1     Category 2        0.176        0.183          -0.904
       Category 2     Category 1        0.048        0.054          -1.505
       Category 2     Category 2        0.020        0.013           3.025
       Bivariate Pearson Chi-Square                                 12.354
       Bivariate Log-Likelihood Chi-Square                          11.212
     GND5           ETH5
       Category 1     Category 1        0.890        0.884           1.107
       Category 1     Category 2        0.042        0.049          -1.672
       Category 2     Category 1        0.057        0.064          -1.481
       Category 2     Category 2        0.011        0.004           6.198
       Bivariate Pearson Chi-Square                                 44.410
       Bivariate Log-Likelihood Chi-Square                          30.823
     GND6           ETH1
       Category 1     Category 1        0.727        0.722           0.635
       Category 1     Category 2        0.011        0.016          -2.176
       Category 2     Category 1        0.251        0.257          -0.661
       Category 2     Category 2        0.011        0.006           3.686
       Bivariate Pearson Chi-Square                                 19.154
       Bivariate Log-Likelihood Chi-Square                          16.784
     GND6           ETH2
       Category 1     Category 1        0.716        0.710           0.755
       Category 1     Category 2        0.021        0.028          -2.021
       Category 2     Category 1        0.246        0.252          -0.809
       Category 2     Category 2        0.016        0.010           3.447
       Bivariate Pearson Chi-Square                                 16.875
       Bivariate Log-Likelihood Chi-Square                          15.207
     GND6           ETH3
       Category 1     Category 1        0.687        0.671           1.755
       Category 1     Category 2        0.051        0.066          -3.265
       Category 2     Category 1        0.223        0.239          -1.979
       Category 2     Category 2        0.040        0.024           5.480
       Bivariate Pearson Chi-Square                                 44.546
       Bivariate Log-Likelihood Chi-Square                          40.395
     GND6           ETH4
       Category 1     Category 1        0.610        0.593           1.809
       Category 1     Category 2        0.128        0.145          -2.496
       Category 2     Category 1        0.194        0.211          -2.171
       Category 2     Category 2        0.068        0.051           3.960
       Bivariate Pearson Chi-Square                                 26.004
       Bivariate Log-Likelihood Chi-Square                          24.893
     GND6           ETH5
       Category 1     Category 1        0.710        0.699           1.210
       Category 1     Category 2        0.028        0.038          -2.829
       Category 2     Category 1        0.238        0.249          -1.303
       Category 2     Category 2        0.024        0.014           4.754
       Bivariate Pearson Chi-Square                                 32.641
       Bivariate Log-Likelihood Chi-Square                          29.169
     ETH1           ETH2
       Category 1     Category 1        0.954        0.941           2.777
       Category 1     Category 2        0.024        0.037          -3.487
       Category 2     Category 1        0.008        0.021          -4.612
       Category 2     Category 2        0.013        0.001          23.250
       Bivariate Pearson Chi-Square                                590.127
       Bivariate Log-Likelihood Chi-Square                         184.567
     ETH1           ETH3
       Category 1     Category 1        0.897        0.890           1.178
       Category 1     Category 2        0.081        0.088          -1.314
       Category 2     Category 1        0.012        0.020          -2.780
       Category 2     Category 2        0.009        0.002           8.849
       Bivariate Pearson Chi-Square                                 90.040
       Bivariate Log-Likelihood Chi-Square                          52.392
     ETH1           ETH4
       Category 1     Category 1        0.795        0.786           1.046
       Category 1     Category 2        0.183        0.192          -1.099
       Category 2     Category 1        0.009        0.018          -3.244
       Category 2     Category 2        0.012        0.004           6.591
       Bivariate Pearson Chi-Square                                 56.434
       Bivariate Log-Likelihood Chi-Square                          43.314
     ETH1           ETH5
       Category 1     Category 1        0.935        0.927           1.618
       Category 1     Category 2        0.043        0.051          -1.930
       Category 2     Category 1        0.012        0.021          -3.013
       Category 2     Category 2        0.009        0.001          12.844
       Bivariate Pearson Chi-Square                                182.664
       Bivariate Log-Likelihood Chi-Square                          80.302
     ETH2           ETH3
       Category 1     Category 1        0.886        0.876           1.650
       Category 1     Category 2        0.076        0.087          -1.965
       Category 2     Category 1        0.023        0.034          -3.100
       Category 2     Category 2        0.014        0.003           9.848
       Bivariate Pearson Chi-Square                                113.062
       Bivariate Log-Likelihood Chi-Square                          69.739
     ETH2           ETH4
       Category 1     Category 1        0.787        0.774           1.656
       Category 1     Category 2        0.175        0.189          -1.794
       Category 2     Category 1        0.017        0.030          -4.030
       Category 2     Category 2        0.021        0.007           8.170
       Bivariate Pearson Chi-Square                                 87.759
       Bivariate Log-Likelihood Chi-Square                          68.212
     ETH2           ETH5
       Category 1     Category 1        0.924        0.912           2.224
       Category 1     Category 2        0.038        0.050          -2.923
       Category 2     Category 1        0.023        0.036          -3.439
       Category 2     Category 2        0.014        0.002          14.611
       Bivariate Pearson Chi-Square                                239.936
       Bivariate Log-Likelihood Chi-Square                         113.866
     ETH3           ETH4
       Category 1     Category 1        0.759        0.732           3.201
       Category 1     Category 2        0.151        0.178          -3.756
       Category 2     Category 1        0.046        0.072          -5.460
       Category 2     Category 2        0.045        0.018          10.889
       Bivariate Pearson Chi-Square                                163.166
       Bivariate Log-Likelihood Chi-Square                         131.867
     ETH3           ETH5
       Category 1     Category 1        0.877        0.862           2.242
       Category 1     Category 2        0.032        0.047          -3.722
       Category 2     Category 1        0.071        0.085          -2.792
       Category 2     Category 2        0.020        0.005          11.688
       Bivariate Pearson Chi-Square                                161.638
       Bivariate Log-Likelihood Chi-Square                         100.791
     ETH4           ETH5
       Category 1     Category 1        0.780        0.762           2.209
       Category 1     Category 2        0.024        0.042          -4.678
       Category 2     Category 1        0.168        0.186          -2.440
       Category 2     Category 2        0.028        0.010           9.401
       Bivariate Pearson Chi-Square                                117.845
       Bivariate Log-Likelihood Chi-Square                          92.469

       Overall Bivariate Pearson Chi-Square                       5613.702
       Overall Bivariate Log-Likelihood Chi-Square                3814.041


SAVEDATA INFORMATION


  Save file
    Prob_EST_GNDETHlca_C3cl1.dat

  Order and format of variables

    GND1           F10.3
    GND2           F10.3
    GND3           F10.3
    GND4           F10.3
    GND5           F10.3
    GND6           F10.3
    ETH1           F10.3
    ETH2           F10.3
    ETH3           F10.3
    ETH4           F10.3
    ETH5           F10.3
    CPROB1         F10.3
    C              F10.3
    WS             F10.3
    IDSTUD         I9
    ID_S           I4
    ID_J           I4

  Save file format
    14F10.3 I9 2I4

  Save file record length    10000

  Save missing symbol        *


     Beginning Time:  22:16:20
        Ending Time:  22:16:22
       Elapsed Time:  00:00:02



MUTHEN & MUTHEN
3463 Stoner Ave.
Los Angeles, CA  90066

Tel: (310) 391-9971
Fax: (310) 391-8971
Web: www.StatModel.com
Support: Support@StatModel.com

Copyright (c) 1998-2020 Muthen & Muthen
