Mplus VERSION 8.5 (Mac)
MUTHEN & MUTHEN
04/07/2021  10:24 PM

INPUT INSTRUCTIONS

  TITLE: NLDGNDETH LCA - C3 with 2 classes;
  DATA:
  FILE = GNDETHDtaC3.dat;

  VARIABLE:
  NAMES = id_i
  id_j
  id_r
  id_s
  id_k
  wt
  ws
  GND1
  GND2
  GND3
  GND4
  GND5
  GND6
  ETH1
  ETH2
  ETH3
  ETH4
  ETH5
  IDSTUD;
  IDVARIABLE = IDSTUD;
  USEVARIABLES = GND1
  GND2
  GND3
  GND4
  GND5
  GND6
  ETH1
  ETH2
  ETH3
  ETH4
  ETH5;
  USEOBSERVATIONS ARE id_k EQ 11;
  CATEGORICAL = GND1
  GND2
  GND3
  GND4
  GND5
  GND6
  ETH1
  ETH2
  ETH3
  ETH4
  ETH5;
  MISSING = .;
  CLASSES = c(2);
  WEIGHT = ws;
  STRATIFICATION = id_s;
  CLUSTER = id_j;

  ANALYSIS:
  TYPE = COMPLEX MIXTURE;
  PROCESSORS = 4;
  STARTS = 1000 250;
  STITERATIONS = 20;
  STSEED = 288;

  MODEL:
  %OVERALL%

  OUTPUT:
  TECH10
  TECH11
  SVALUES
  ;

  SAVEDATA:
  FILE = Prob_NLD_GNDETHlca_C3cl2.dat;
  SAVE = CPROBABILITIES;



*** WARNING in VARIABLE command
  When a subpopulation is analyzed with TYPE=COMPLEX, standard errors
  may be incorrect.  Use the SUBPOPULATION option instead of the
  USEOBSERVATIONS option to obtain correct standard errors.
*** WARNING
  Data set contains cases with missing on all variables.
  These cases were not included in the analysis.
  Number of cases with missing on all variables:  30
   2 WARNING(S) FOUND IN THE INPUT INSTRUCTIONS



NLDGNDETH LCA - C3 with 2 classes;

SUMMARY OF ANALYSIS

Number of groups                                                 1
Number of observations                                        2782

Number of dependent variables                                   11
Number of independent variables                                  0
Number of continuous latent variables                            0
Number of categorical latent variables                           1

Observed dependent variables

  Binary and ordered categorical (ordinal)
   GND1        GND2        GND3        GND4        GND5        GND6
   ETH1        ETH2        ETH3        ETH4        ETH5

Categorical latent variables
   C

Variables with special functions

  Stratification        ID_S
  Cluster variable      ID_J
  Weight variable       WS
  ID variable           IDSTUD

Estimator                                                      MLR
Information matrix                                        OBSERVED
Optimization Specifications for the Quasi-Newton Algorithm for
Continuous Outcomes
  Maximum number of iterations                                 100
  Convergence criterion                                  0.100D-05
Optimization Specifications for the EM Algorithm
  Maximum number of iterations                                 500
  Convergence criteria
    Loglikelihood change                                 0.100D-06
    Relative loglikelihood change                        0.100D-06
    Derivative                                           0.100D-05
Optimization Specifications for the M step of the EM Algorithm for
Categorical Latent variables
  Number of M step iterations                                    1
  M step convergence criterion                           0.100D-05
  Basis for M step termination                           ITERATION
Optimization Specifications for the M step of the EM Algorithm for
Censored, Binary or Ordered Categorical (Ordinal), Unordered
Categorical (Nominal) and Count Outcomes
  Number of M step iterations                                    1
  M step convergence criterion                           0.100D-05
  Basis for M step termination                           ITERATION
  Maximum value for logit thresholds                            15
  Minimum value for logit thresholds                           -15
  Minimum expected cell size for chi-square              0.100D-01
Maximum number of iterations for H1                           2000
Convergence criterion for H1                             0.100D-03
Optimization algorithm                                         EMA
Random Starts Specifications
  Number of initial stage random starts                       1000
  Number of final stage optimizations                          250
  Number of initial stage iterations                            20
  Initial stage convergence criterion                    0.100D+01
  Random starts scale                                    0.500D+01
  Random seed for generating random starts                     288
Link                                                         LOGIT

Input data file(s)
  GNDETHDtaC3.dat
Input data format  FREE


SUMMARY OF DATA

     Number of missing data patterns            15
     Number of y missing data patterns           0
     Number of u missing data patterns          15
     Number of strata                           62
     Number of clusters                        123


COVARIANCE COVERAGE OF DATA

Minimum covariance coverage value   0.100


     PROPORTION OF DATA PRESENT FOR U


           Covariance Coverage
              GND1          GND2          GND3          GND4          GND5
              ________      ________      ________      ________      ________
 GND1           0.999
 GND2           0.999         0.999
 GND3           0.997         0.997         0.997
 GND4           0.996         0.995         0.994         0.996
 GND5           0.996         0.996         0.994         0.993         0.996
 GND6           0.997         0.997         0.995         0.994         0.994
 ETH1           0.993         0.992         0.991         0.989         0.990
 ETH2           0.993         0.992         0.991         0.989         0.990
 ETH3           0.992         0.992         0.990         0.988         0.989
 ETH4           0.990         0.990         0.988         0.987         0.987
 ETH5           0.992         0.992         0.990         0.988         0.989


           Covariance Coverage
              GND6          ETH1          ETH2          ETH3          ETH4
              ________      ________      ________      ________      ________
 GND6           0.997
 ETH1           0.991         0.994
 ETH2           0.991         0.992         0.994
 ETH3           0.990         0.992         0.992         0.993
 ETH4           0.988         0.990         0.990         0.989         0.991
 ETH5           0.990         0.992         0.992         0.991         0.990


           Covariance Coverage
              ETH5
              ________
 ETH5           0.993


UNIVARIATE PROPORTIONS AND COUNTS FOR CATEGORICAL VARIABLES

    GND1
      Category 1    0.964         2681.273
      Category 2    0.036          100.000
    GND2
      Category 1    0.943         2621.232
      Category 2    0.057          159.587
    GND3
      Category 1    0.904         2506.229
      Category 2    0.096          267.210
    GND4
      Category 1    0.816         2260.975
      Category 2    0.184          510.281
    GND5
      Category 1    0.928         2574.034
      Category 2    0.072          198.655
    GND6
      Category 1    0.793         2201.345
      Category 2    0.207          574.582
    ETH1
      Category 1    0.931         2570.987
      Category 2    0.069          191.938
    ETH2
      Category 1    0.900         2485.690
      Category 2    0.100          275.852
    ETH3
      Category 1    0.871         2401.587
      Category 2    0.129          357.068
    ETH4
      Category 1    0.642         1769.441
      Category 2    0.358          986.641
    ETH5
      Category 1    0.899         2482.171
      Category 2    0.101          277.449


RANDOM STARTS RESULTS RANKED FROM THE BEST TO THE WORST LOGLIKELIHOOD VALUES

Final stage loglikelihood values at local maxima, seeds, and initial stage start numbers:

           -9804.836  527640           903
           -9804.836  697758           350
           -9804.836  771482           178
           -9804.836  589343           317
           -9804.836  782897           972
           -9804.836  550421           504
           -9804.836  922739           741
           -9804.836  845484           687
           -9804.836  438247           564
           -9804.836  54642            968
           -9804.836  3693             391
           -9804.836  980137           933
           -9804.836  499068           572
           -9804.836  673475           190
           -9804.836  686102           831
           -9804.836  710213           362
           -9804.836  386412           896
           -9804.836  88747            955
           -9804.836  530099           236
           -9804.836  835969           555
           -9804.836  901878           440
           -9804.836  105289           162
           -9804.836  811368           379
           -9804.836  184270           234
           -9804.836  686460           347
           -9804.836  660791           846
           -9804.836  589511           247
           -9804.836  29688            817
           -9804.836  690280           877
           -9804.836  572149           155
           -9804.836  510010           197
           -9804.836  579795           644
           -9804.836  227373           467
           -9804.836  16555            284
           -9804.836  72174            923
           -9804.836  540183           715
           -9804.836  442387           492
           -9804.836  325682           54
           -9804.836  464721           82
           -9804.836  943173           216
           -9804.836  699343           143
           -9804.836  269627           970
           -9804.836  189150           628
           -9804.836  40856            480
           -9804.836  185850           427
           -9804.836  958676           745
           -9804.836  867952           17
           -9804.836  689282           61
           -9804.836  102850           449
           -9804.836  819229           292
           -9804.836  293837           796
           -9804.836  516638           179
           -9804.836  131908           837
           -9804.836  712313           535
           -9804.836  308929           503
           -9804.836  82268            959
           -9804.836  337946           661
           -9804.836  81666            810
           -9804.836  581123           921
           -9804.836  657384           974
           -9804.836  617941           168
           -9804.836  201485           44
           -9804.836  624641           303
           -9804.836  256752           574
           -9804.836  986227           24
           -9804.836  215091           876
           -9804.836  618623           684
           -9804.836  499903           266
           -9804.836  986698           642
           -9804.836  905126           723
           -9804.836  447449           500
           -9804.836  776988           459
           -9804.836  845817           820
           -9804.836  729705           501
           -9804.836  269849           945
           -9804.836  353096           154
           -9804.836  674652           601
           -9804.836  504895           506
           -9804.836  756230           734
           -9804.836  441498           776
           -9804.836  550795           779
           -9804.836  541347           931
           -9804.836  394905           223
           -9804.836  425103           69
           -9804.836  759317           180
           -9804.836  110391           114
           -9804.836  463919           735
           -9804.836  544435           604
           -9804.836  874244           979
           -9804.836  67434            878
           -9804.836  578472           477
           -9804.836  388154           457
           -9804.836  718635           450
           -9804.836  890198           417
           -9804.836  743865           980
           -9804.836  584751           81
           -9804.836  527001           801
           -9804.836  569703           246
           -9804.836  619259           958
           -9804.836  119252           943
           -9804.836  193150           894
           -9804.836  400781           719
           -9804.836  148293           258
           -9804.836  981654           767
           -9804.836  426635           9
           -9804.836  390827           631
           -9804.836  325635           438
           -9804.836  755225           269
           -9804.836  315906           306
           -9804.836  566415           567
           -9804.836  649711           783
           -9804.836  827739           606
           -9804.836  933052           57
           -9804.836  847900           498
           -9804.836  749139           301
           -9804.836  679606           193
           -9804.836  981768           473
           -9804.836  939960           395
           -9804.836  176624           895
           -9804.836  251470           803
           -9804.836  701157           146
           -9804.836  837735           868
           -9804.836  620988           762
           -9804.836  247466           56
           -9804.836  986285           495
           -9804.836  906010           487
           -9804.836  544442           387
           -9804.836  225276           886
           -9804.836  821522           793
           -9804.836  687556           707
           -9804.836  207595           252
           -9804.836  179221           721
           -9804.836  603925           654
           -9804.836  873258           182
           -9804.836  571411           289
           -9804.836  128716           199
           -9804.836  55908            587
           -9804.836  468128           777
           -9804.836  101419           200
           -9804.836  2423             651
           -9804.836  18935            558
           -9804.836  980799           699
           -9804.836  179652           583
           -9804.836  900011           215
           -9804.836  607682           562
           -9804.836  264052           889
           -9804.836  445012           686
           -9804.836  440829           431
           -9804.836  767312           600
           -9804.836  61747            689
           -9804.836  896494           228
           -9804.836  637758           547
           -9804.836  724894           55
           -9804.836  776360           516
           -9804.836  531681           845
           -9804.836  901673           34
           -9804.836  459461           682
           -9804.836  717571           695
           -9804.836  273801           597
           -9804.836  973788           188
           -9804.836  87282            366
           -9804.836  449753           665
           -9804.836  328337           524
           -9804.836  736001           460
           -9804.836  367698           453
           -9804.836  800324           312
           -9804.836  90324            334
           -9804.836  444492           595
           -9804.836  896139           940
           -9804.836  547800           794
           -9804.836  73135            288
           -9804.836  959921           961
           -9804.836  854348           827
           -9804.836  454608           451
           -9804.836  773295           110
           -9804.836  949814           260
           -9804.836  139084           633
           -9804.836  58551            12
           -9804.836  958376           175
           -9804.836  702720           550
           -9804.836  255481           751
           -9804.836  622880           337
           -9804.836  859326           476
           -9804.836  602610           203
           -9804.836  503835           43
           -9804.836  85315            639
           -9804.836  531874           340
           -9804.836  514978           7
           -9804.836  916638           370
           -9804.836  372542           484
           -9804.836  812961           568
           -9804.836  632977           781
           -9804.836  157076           915
           -9804.836  353558           662
           -9804.836  199816           11
           -9804.836  210588           50
           -9804.836  590928           964
           -9804.836  55441            599
           -9804.836  536406           976
           -9804.836  323102           100
           -9804.836  983906           53
           -9804.836  412669           59
           -9804.836  710841           139
           -9804.836  491603           479
           -9804.836  267441           127
           -9804.836  466571           421
           -9804.836  865322           360
           -9804.836  121590           424
           -9804.836  435790           936
           -9804.836  300853           177
           -9804.836  122886           754
           -9804.836  401359           609
           -9804.836  163922           30
           -9804.836  424344           261
           -9804.836  993202           419
           -9804.836  170402           703
           -9804.836  160447           354
           -9804.836  419505           205
           -9804.836  303586           738
           -9804.836  325774           336
           -9804.836  224744           658
           -9804.836  730563           128
           -9804.836  742884           233
           -9804.836  398843           807
           -9804.836  627003           381
           -9804.836  713307           426
           -9804.836  325994           748
           -9804.836  746482           80
           -9804.836  498139           229
           -9804.836  704835           650
           -9804.836  476644           343
           -9804.836  312601           848
           -9804.836  378029           660
           -9804.836  819664           909
           -9804.836  71590            341
           -9804.836  397629           873
           -9804.836  400925           111
           -9804.836  503381           975
           -9804.836  719116           992
           -9804.836  920430           230
           -9804.836  332221           542
           -9804.836  799800           828
           -9804.836  970442           856
           -9804.836  741179           79
           -9804.836  326600           602
           -9804.836  916022           434
           -9804.836  294873           42
           -9804.836  263346           482
           -9804.836  909049           41
           -9804.836  27507            988



THE BEST LOGLIKELIHOOD VALUE HAS BEEN REPLICATED.  RERUN WITH AT LEAST TWICE THE
RANDOM STARTS TO CHECK THAT THE BEST LOGLIKELIHOOD IS STILL OBTAINED AND REPLICATED.


     WARNING:  THE VARIANCE CONTRIBUTION FROM A STRATUM WITH A SINGLE CLUSTER
     (PSU) IS BASED ON THE DIFFERENCE BETWEEN THE SINGLE CLUSTER VALUE AND
     THE OVERALL CLUSTER MEAN.


THE MODEL ESTIMATION TERMINATED NORMALLY



MODEL FIT INFORMATION

Number of Free Parameters                       23

Loglikelihood

          H0 Value                       -9804.836
          H0 Scaling Correction Factor      1.4565
            for MLR

Information Criteria

          Akaike (AIC)                   19655.672
          Bayesian (BIC)                 19792.083
          Sample-Size Adjusted BIC       19719.004
            (n* = (n + 2) / 24)

Chi-Square Test of Model Fit for the Binary and Ordered Categorical
(Ordinal) Outcomes**

          Pearson Chi-Square

          Value                           3032.830
          Degrees of Freedom                  2007
          P-Value                           0.0000

          Likelihood Ratio Chi-Square

          Value                           1523.745
          Degrees of Freedom                  2007
          P-Value                           1.0000

** Of the 12960 cells in the latent class indicator table, 17
   were deleted in the calculation of chi-square due to extreme values.

Chi-Square Test for MCAR under the Unrestricted Latent Class Indicator Model

          Pearson Chi-Square

          Value                           1299.579
          Degrees of Freedom                 10898
          P-Value                           1.0000

          Likelihood Ratio Chi-Square

          Value                            912.980
          Degrees of Freedom                 10898
          P-Value                           1.0000



FINAL CLASS COUNTS AND PROPORTIONS FOR THE LATENT CLASSES
BASED ON THE ESTIMATED MODEL

    Latent
   Classes

       1        777.69224          0.27954
       2       2004.30776          0.72046


FINAL CLASS COUNTS AND PROPORTIONS FOR THE LATENT CLASSES
BASED ON ESTIMATED POSTERIOR PROBABILITIES

    Latent
   Classes

       1        777.69224          0.27954
       2       2004.30776          0.72046


FINAL CLASS COUNTS AND PROPORTIONS FOR THE LATENT CLASSES
BASED ON THEIR MOST LIKELY LATENT CLASS MEMBERSHIP

Class Counts and Proportions

    Latent
   Classes

       1              721          0.25910
       2             2061          0.74090


CLASSIFICATION QUALITY

     Entropy                         0.736


Average Latent Class Probabilities for Most Likely Latent Class Membership (Row)
by Latent Class (Column)

           1        2

    1   0.903    0.097
    2   0.062    0.938


Classification Probabilities for the Most Likely Latent Class Membership (Column)
by Latent Class (Row)

           1        2

    1   0.837    0.163
    2   0.035    0.965


Logits for the Classification Probabilities for the Most Likely Latent Class Membership (Column)
by Latent Class (Row)

              1        2

    1      1.633    0.000
    2     -3.316    0.000


MODEL RESULTS

                                                    Two-Tailed
                    Estimate       S.E.  Est./S.E.    P-Value

Latent Class 1

 Thresholds
    GND1$1             1.976      0.115     17.210      0.000
    GND2$1             1.594      0.095     16.812      0.000
    GND3$1             0.780      0.140      5.586      0.000
    GND4$1             0.068      0.128      0.529      0.597
    GND5$1             1.448      0.139     10.434      0.000
    GND6$1            -0.013      0.123     -0.103      0.918
    ETH1$1             1.213      0.122      9.913      0.000
    ETH2$1             0.771      0.112      6.913      0.000
    ETH3$1             0.706      0.109      6.476      0.000
    ETH4$1            -0.022      0.101     -0.217      0.828
    ETH5$1             0.745      0.106      7.013      0.000

Latent Class 2

 Thresholds
    GND1$1             5.914      0.693      8.531      0.000
    GND2$1             4.242      0.309     13.743      0.000
    GND3$1             4.395      0.360     12.218      0.000
    GND4$1             2.619      0.160     16.391      0.000
    GND5$1             3.635      0.197     18.473      0.000
    GND6$1             2.285      0.113     20.137      0.000
    ETH1$1             4.884      0.327     14.918      0.000
    ETH2$1             4.128      0.280     14.744      0.000
    ETH3$1             2.918      0.176     16.562      0.000
    ETH4$1             0.844      0.076     11.081      0.000
    ETH5$1             4.206      0.325     12.947      0.000

Categorical Latent Variables

 Means
    C#1               -0.947      0.104     -9.090      0.000


RESULTS IN PROBABILITY SCALE

Latent Class 1

 GND1
    Category 1         0.878      0.012     71.545      0.000
    Category 2         0.122      0.012      9.915      0.000
 GND2
    Category 1         0.831      0.013     62.469      0.000
    Category 2         0.169      0.013     12.694      0.000
 GND3
    Category 1         0.686      0.030     22.785      0.000
    Category 2         0.314      0.030     10.446      0.000
 GND4
    Category 1         0.517      0.032     16.205      0.000
    Category 2         0.483      0.032     15.146      0.000
 GND5
    Category 1         0.810      0.021     37.863      0.000
    Category 2         0.190      0.021      8.899      0.000
 GND6
    Category 1         0.497      0.031     16.107      0.000
    Category 2         0.503      0.031     16.314      0.000
 ETH1
    Category 1         0.771      0.022     35.661      0.000
    Category 2         0.229      0.022     10.607      0.000
 ETH2
    Category 1         0.684      0.024     28.341      0.000
    Category 2         0.316      0.024     13.103      0.000
 ETH3
    Category 1         0.670      0.024     27.751      0.000
    Category 2         0.330      0.024     13.695      0.000
 ETH4
    Category 1         0.494      0.025     19.556      0.000
    Category 2         0.506      0.025     19.991      0.000
 ETH5
    Category 1         0.678      0.023     29.235      0.000
    Category 2         0.322      0.023     13.875      0.000

Latent Class 2

 GND1
    Category 1         0.997      0.002    535.453      0.000
    Category 2         0.003      0.002      1.446      0.148
 GND2
    Category 1         0.986      0.004    228.565      0.000
    Category 2         0.014      0.004      3.286      0.001
 GND3
    Category 1         0.988      0.004    228.121      0.000
    Category 2         0.012      0.004      2.814      0.005
 GND4
    Category 1         0.932      0.010     92.129      0.000
    Category 2         0.068      0.010      6.715      0.000
 GND5
    Category 1         0.974      0.005    197.749      0.000
    Category 2         0.026      0.005      5.216      0.000
 GND6
    Category 1         0.908      0.010     95.396      0.000
    Category 2         0.092      0.010      9.711      0.000
 ETH1
    Category 1         0.992      0.002    406.583      0.000
    Category 2         0.008      0.002      3.078      0.002
 ETH2
    Category 1         0.984      0.004    225.177      0.000
    Category 2         0.016      0.004      3.630      0.000
 ETH3
    Category 1         0.949      0.009    110.690      0.000
    Category 2         0.051      0.009      5.983      0.000
 ETH4
    Category 1         0.699      0.016     43.665      0.000
    Category 2         0.301      0.016     18.775      0.000
 ETH5
    Category 1         0.985      0.005    209.655      0.000
    Category 2         0.015      0.005      3.124      0.002


LATENT CLASS ODDS RATIO RESULTS

                                                95% C.I.
                    Estimate       S.E.  Lower 2.5% Upper 2.5%

Latent Class 1 Compared to Latent Class 2

 GND1
    Category > 1      51.304     36.906     12.526    210.125
 GND2
    Category > 1      14.133      4.463      7.611     26.243
 GND3
    Category > 1      37.162     15.088     16.769     82.355
 GND4
    Category > 1      12.822      2.748      8.424     19.516
 GND5
    Category > 1       8.911      2.146      5.559     14.286
 GND6
    Category > 1       9.950      1.746      7.054     14.035
 ETH1
    Category > 1      39.289     12.083     21.503     71.788
 ETH2
    Category > 1      28.683      8.460     16.090     51.132
 ETH3
    Category > 1       9.131      2.128      5.782     14.418
 ETH4
    Category > 1       2.377      0.263      1.914      2.953
 ETH5
    Category > 1      31.854     10.347     16.853     60.209


QUALITY OF NUMERICAL RESULTS

     Condition Number for the Information Matrix              0.596E-02
       (ratio of smallest to largest eigenvalue)


MODEL COMMAND WITH FINAL ESTIMATES USED AS STARTING VALUES

     %OVERALL%

     [ c#1*-0.94672 ];

     %C#1%

     [ gnd1$1*1.97626 ];
     [ gnd2$1*1.59357 ];
     [ gnd3$1*0.77991 ];
     [ gnd4$1*0.06762 ];
     [ gnd5$1*1.44802 ];
     [ gnd6$1*-0.01272 ];
     [ eth1$1*1.21257 ];
     [ eth2$1*0.77147 ];
     [ eth3$1*0.70624 ];
     [ eth4$1*-0.02200 ];
     [ eth5$1*0.74529 ];

     %C#2%

     [ gnd1$1*5.91402 ];
     [ gnd2$1*4.24207 ];
     [ gnd3$1*4.39520 ];
     [ gnd4$1*2.61881 ];
     [ gnd5$1*3.63534 ];
     [ gnd6$1*2.28482 ];
     [ eth1$1*4.88352 ];
     [ eth2$1*4.12777 ];
     [ eth3$1*2.91787 ];
     [ eth4$1*0.84398 ];
     [ eth5$1*4.20645 ];



TECHNICAL 10 OUTPUT


     MODEL FIT INFORMATION FOR THE LATENT CLASS INDICATOR MODEL PART


     RESPONSE PATTERNS

     No.  Pattern        No.  Pattern        No.  Pattern
       1  00000000000      2  00000000001      3  00000000010
       4  00000000011      5  00000000100      6  00000000101
       7  00000000110      8  00000000111      9  00000001000
      10  00000001001     11  00000001010     12  00000001011
      13  00000001100     14  00000001101     15  00000001110
      16  00000001111     17  00000010000     18  00000010010
      19  00000010011     20  00000010100     21  00000010101
      22  00000010111     23  00000011000     24  00000011001
      25  00000011010     26  00000011011     27  00000011110
      28  00000011111     29  00000100000     30  00000100001
      31  00000100010     32  00000100011     33  00000100100
      34  00000100101     35  00000100110     36  00000100111
      37  00000101000     38  00000101001     39  00000101010
      40  00000101011     41  00000101110     42  00000110000
      43  00000110010     44  00000110011     45  00000110111
      46  00000111010     47  00000111101     48  00000111110
      49  00001000000     50  00001000001     51  00001000010
      52  00001000100     53  00001000110     54  00001000111
      55  00001001001     56  00001001010     57  00001011111
      58  00001100000     59  00001100001     60  00001100010
      61  00001100011     62  00001100100     63  00001100110
      64  00001101001     65  00001101010     66  00001111110
      67  00001111111     68  00010000000     69  00010000001
      70  00010000010     71  00010000011     72  00010000100
      73  00010000101     74  00010000110     75  00010001000
      76  00010001001     77  00010001010     78  00010001011
      79  00010001110     80  00010001111     81  00010010001
      82  00010010010     83  00010010101     84  00010010111
      85  00010011011     86  00010011110     87  00010011111
      88  00010100000     89  00010100001     90  00010100010
      91  00010100011     92  00010100100     93  00010100101
      94  00010100110     95  00010100111     96  00010101000
      97  00010101001     98  00010101010     99  00010110000
     100  00010110110    101  00010111010    102  00010111100
     103  00010111111    104  00011000000    105  00011000010
     106  00011001010    107  00011001100    108  00011001101
     109  00011010010    110  00011011111    111  00011100000
     112  00011100001    113  00011100010    114  00011100100
     115  00011100110    116  00011100111    117  00011101001
     118  00011101010    119  00011101100    120  00011110000
     121  00011110001    122  00011111010    123  00011111011
     124  00011111101    125  00011111111    126  00100000000
     127  00100000001    128  00100000010    129  00100000011
     130  00100000100    131  00100000101    132  00100000110
     133  00100001000    134  00100001010    135  00100010000
     136  00100011000    137  00100100000    138  00100100001
     139  00100100010    140  00100100011    141  00100100100
     142  00100100101    143  00100100110    144  00100100111
     145  00100101010    146  00100101110    147  00101000001
     148  00101000010    149  00101000011    150  00101000110
     151  00101001010    152  00101100011    153  00101100101
     154  00101101001    155  00110000000    156  00110000010
     157  00110000100    158  00110000101    159  00110000110
     160  00110001000    161  00110001011    162  00110011010
     163  00110011100    164  00110011111    165  00110100000
     166  00110100001    167  00110100010    168  00110100011
     169  00110100100    170  00110100110    171  00110101000
     172  00110101001    173  00110101100    174  00110110000
     175  00110110010    176  00110110110    177  00110111000
     178  00110111111    179  00111000010    180  00111000111
     181  00111011111    182  00111100000    183  00111100001
     184  00111100010    185  00111101000    186  00111101010
     187  00111110000    188  00111111001    189  00111111111
     190  01000000000    191  01000000001    192  01000000010
     193  01000000011    194  01000000110    195  01000001000
     196  01000001010    197  01000001100    198  01000001101
     199  01000010000    200  01000011001    201  01000011011
     202  01000011110    203  01000100000    204  01000100010
     205  01000100100    206  01000101000    207  01000101100
     208  01000110001    209  01000110010    210  01001000010
     211  01001000101    212  01001011000    213  01001011010
     214  01001100000    215  01001101000    216  01010000000
     217  01010000010    218  01010000011    219  01010100000
     220  01010100001    221  01010100010    222  01010100100
     223  01010100110    224  01010111110    225  01011000000
     226  01011001010    227  01011011110    228  01011100011
     229  01011110000    230  01100011011    231  01100011111
     232  01100100000    233  01100100010    234  01100100110
     235  01100101010    236  01100110100    237  01101000010
     238  01101101010    239  01101110001    240  01110000000
     241  01110001001    242  01110100000    243  01110100010
     244  01110110011    245  01111001010    246  01111011010
     247  01111101010    248  01111110000    249  01111110100
     250  01111111110    251  10000000000    252  10000000010
     253  10000000011    254  10000000110    255  10000011111
     256  10000100010    257  10000100011    258  10001000000
     259  10001000010    260  10001001100    261  10001101010
     262  10001110110    263  10010000010    264  10010010010
     265  10010011011    266  10010100000    267  10010100011
     268  10010100100    269  10010101110    270  10010111111
     271  10011100000    272  10011100010    273  10011101010
     274  10011110111    275  10100000101    276  10100001010
     277  10100100000    278  10100100010    279  10100110111
     280  10110000000    281  10110100000    282  10110100001
     283  10110100110    284  10110111110    285  10110111111
     286  10111100000    287  10111100001    288  11000000000
     289  11000000010    290  11000000011    291  11000011111
     292  11000100000    293  11001000000    294  11001000111
     295  11001001111    296  11001011111    297  11001100011
     298  11001101010    299  11010001010    300  11010010010
     301  11010100000    302  11010100010    303  11010100100
     304  11011000000    305  11011010010    306  11011011011
     307  11100100000    308  11100101001    309  11110100000
     310  11110100010    311  11110100011    312  11110110010
     313  11111100000    314  11111100011    315  11111100111
     316  11111101000    317  11111101111    318  00*00000010
     319  00*00010011    320  00*00101000    321  00*11101011
     322  10*10111111    323  0000000*000    324  0001000*010
     325  000000*****    326  000001*****    327  000010*****
     328  000100*****    329  000101*****    330  010001*****
     331  ******00000    332  ******11000    333  000*0000000
     334  000*0000001    335  000*0000010    336  000*1001000
     337  010*0000000    338  000000000*0    339  000000101*0
     340  000010000*0    341  001101000*0    342  00000000*00
     343  00000010*00    344  00010000*00    345  0000*000000
     346  0000*000010    347  0000*100000    348  0000*100001
     349  0001*000000    350  0001*000110    351  0011*111111
     352  000000000**    353  000001000**    354  00000*00010
     355  00110*00000    356  00111*01000    357  10000*00000
     358  0*000011100    359  0000000000*    360  1111010000*
     361  000000*0010    362  001001*0101    363  00*00*0*0**



     RESPONSE PATTERN FREQUENCIES AND CHI-SQUARE CONTRIBUTIONS

    Response          Frequency     Standardized  Chi-square Contribution
     Pattern    Observed  Estimated   Residual    Pearson   Loglikelihood  Deleted
                                     (z-score)
         1      1068.37    1007.85       2.27       3.58       109.79
         2         8.83      19.31      -2.25       5.60       -12.01
         3       406.34     438.90      -1.60       2.41       -64.10
         4        20.15      10.93       2.63       7.78        23.87
         5        26.87      58.58      -3.94      17.15       -42.81
         6        12.40       2.99       5.13      29.57        34.73
         7        55.90      27.92       5.02      28.03        75.29
         8         6.79       2.58       2.47       6.86        12.85
         9        12.65      20.41      -1.63       2.95       -12.58
        10         3.77       2.29       0.92       0.96         3.61
        11        23.62      11.33       3.44      13.30        33.72
        12         6.04       2.20       2.44       6.72        11.97
        13         3.41       3.00       0.22       0.05         0.73
        14         2.06       1.02       0.97       1.06         2.81
        15        11.11       2.55       5.05      28.70        32.22
        16         2.36       1.04       1.22       1.68         3.77
        17         9.60      10.34      -0.22       0.01        -0.14
        18         8.78       6.09       1.03       1.19         6.12
        19         1.59       1.40       0.16      -0.18         1.57
        20         2.94       1.78       0.82       0.39         5.01
        21         2.92       0.66       2.63       7.82         8.61
        22         3.33       0.67       3.07      10.61        10.56
        23         1.08       1.41      -0.26       0.07        -0.45
        24         2.35       0.61       2.10       4.97         6.25
        25         8.34       1.36       5.62      35.61        29.82
        26         8.07       0.62       8.89      88.97        41.00
        27         9.60       0.65       9.42     100.00        51.27
        28        11.87       0.31       9.42      99.99        86.20
        29        94.64     111.10      -1.50       2.43       -28.80
        30         2.11       6.00      -1.50       2.17        -2.71
        31        53.67      53.37       0.04       0.00         0.57
        32         4.19       5.24      -0.43       0.21        -1.90
        33        11.04      10.16       0.26       0.08         1.64
        34         6.83       2.30       2.82       8.94        14.75
        35         8.87       7.13       0.61       0.42         3.70
        36         5.14       2.30       1.77       3.51         8.18
        37         0.99       6.01      -1.93       3.27        -1.74
        38         1.42       2.10      -0.44       0.22        -1.14
        39         6.12       5.17       0.39       0.17         1.95
        40         1.19       2.13      -0.60       0.41        -1.40
        41         1.35       2.24      -0.56       0.36        -1.40
        42         1.66       3.58      -0.96       1.03        -2.58
        43         1.09       3.21      -1.11       1.40        -2.37
        44         0.94       1.37      -0.35       0.14        -0.73
        45         1.03       0.67       0.41       0.19         0.85
        46         1.71       1.33       0.31       0.11         0.82
        47         1.75       0.30       2.46       6.83         6.07
        48         1.32       0.66       0.77       0.66         1.81
        49        26.04      28.53      -0.44       0.21        -3.79
        50         1.11       1.43      -0.26       0.07        -0.61
        51         9.46      13.57      -1.05       1.24        -6.46
        52         4.62       2.51       1.26       1.78         5.49
        53         6.23       1.72       3.24      11.81        15.80
        54         0.62       0.53       0.11       0.01         0.16
        55         2.33       0.49       2.48       6.95         7.20
        56         1.64       1.22       0.36       0.14         0.91
        57         1.94       0.07       6.55      48.39        12.71
        58        14.13       4.90       3.93      17.34        29.47
        59         1.03       1.09      -0.06      -0.14         0.63
        60         2.85       3.42      -0.29       0.10        -1.20
        61         1.22       1.10       0.11       0.01         0.19
        62         1.03       1.24      -0.18       0.04        -0.44
        63         2.15       1.18       0.83       0.78         2.45
        64         1.26       0.49       1.03       1.20         2.31
        65         0.92       1.07      -0.13       0.02        -0.32
        66         1.78       0.15       3.91      17.21         8.64
        67         1.77       0.07       5.92      39.54        11.22
        68        66.13      81.51      -1.63       2.79       -22.30
        69         4.23       5.23      -0.41       0.14        -0.85
        70        38.33      40.22      -0.28       0.08        -2.87
        71         4.72       4.70       0.01       0.00        -0.06
        72        10.78       8.24       0.83       0.78         5.87
        73         1.22       2.10      -0.57       0.37        -1.36
        74         2.56       6.09      -1.35       1.73        -2.66
        75         1.37       5.21      -1.59       2.83        -3.69
        76         2.43       1.93       0.34       0.13         1.07
        77         3.33       4.63      -0.57       0.36        -2.15
        78         1.40       1.96      -0.38       0.16        -0.98
        79         1.78       2.06      -0.18       0.04        -0.56
        80         0.97       0.97       0.00       0.00        -0.02
        81         2.02       1.24       0.66       0.49         1.92
        82         2.03       2.89      -0.48       0.26        -1.48
        83         1.85       0.61       1.50       2.54         4.08
        84         0.68       0.62       0.07       0.01         0.11
        85         2.40       0.58       2.25       5.69         6.76
        86         1.32       0.61       0.87       0.84         2.03
        87         2.64       0.29       4.13      19.23        11.64
        88        38.20      16.25       5.15      29.65        64.16
        89         3.78       4.30      -0.24       0.06        -1.09
        90        17.28      12.22       1.37       2.09        11.45
        91         1.93       4.34      -1.09       1.33        -3.18
        92         1.89       4.76      -1.24       1.74        -3.55
        93         2.63       2.08       0.36       0.14         1.15
        94         3.45       4.63      -0.52       0.30        -2.14
        95         2.65       2.12       0.35       0.13         1.11
        96         2.53       4.21      -0.77       0.67        -2.65
        97         5.40       1.94       2.34       6.15        10.88
        98         0.49       4.23      -1.72       3.31        -2.12
        99         1.28       2.68      -0.81       0.74        -1.94
       100         1.03       1.33      -0.24       0.07        -0.56
       101         1.09       1.24      -0.13       0.02        -0.31
       102         1.41       0.60       0.99       1.10         2.38
       103         3.44       0.29       5.50      34.07        16.89
       104         3.33       3.97      -0.30       0.10        -1.12
       105         2.04       2.92      -0.48       0.26        -1.57
       106         2.06       0.98       1.02       1.18         2.94
       107         1.69       0.47       1.68       3.19         4.26
       108         1.64       0.22       2.83       9.06         6.48
       109         1.37       0.63       0.88       0.87         2.06
       110         0.86       0.07       2.87       9.26         4.32
       111         3.68       2.27       0.88       0.87         3.37
       112         0.63       0.99      -0.34       0.13        -0.61
       113         0.43       2.21      -1.13       1.44        -1.42
       114         1.72       1.04       0.63       0.45         1.66
       115         0.88       1.05      -0.16       0.03        -0.36
       116         1.40       0.50       1.20       1.63         2.82
       117         0.15       0.46      -0.43       0.21        -0.34
       118         0.61       0.98      -0.36       0.14        -0.62
       119         1.10       0.47       0.86       0.84         1.81
       120         0.93       0.62       0.37       0.15         0.70
       121         1.42       0.29       1.96       4.34         4.42
       122         1.14       0.29       1.48       2.46         3.05
       123         0.95       0.14       2.05       4.74         3.60
       124         1.08       0.07       3.68      15.30         5.94
       125         3.41       0.07       9.42     100.00        26.46
       126        18.93      16.60       0.54       0.31         4.03
       127         1.24       2.21      -0.62       0.43        -1.50
       128         2.16       9.67      -2.28       5.83        -6.57
       129         0.88       2.16      -0.82       0.76        -1.62
       130         2.20       2.78      -0.33       0.12        -1.14
       131         5.37       1.01       4.08      18.73        17.63
       132         0.92       2.45      -0.92       0.95        -1.85
       133         0.49       2.18      -1.08       1.31        -1.48
       134         1.04       2.11      -0.69       0.54        -1.52
       135         1.68       1.37       0.25       0.07         0.61
       136         1.10       0.59       0.63       0.45         1.50
       137        10.86       5.59       2.10       4.97        13.90
       138         0.45       2.08      -1.06       1.27        -1.40
       139         2.76       4.97      -0.93       0.98        -3.38
       140         0.98       2.11      -0.74       0.61        -1.55
       141         1.06       2.21      -0.73       0.60        -1.61
       142         1.08       1.02       0.06      -0.43         1.47
       143         1.19       2.22      -0.65       0.47        -1.54
       144         1.26       1.04       0.20       0.04         0.41
       145         1.82       2.06      -0.16       0.03        -0.55
       146         1.22       1.01       0.20       0.04         0.41
       147         0.66       0.48       0.24       0.06         0.37
       148         0.81       1.17      -0.31       0.11        -0.63
       149         0.26       0.49      -0.31       0.11        -0.34
       150         1.44       0.52       1.22       1.67         2.89
       151         0.66       0.48       0.24       0.07         0.38
       152         0.94       0.49       0.59       0.40         1.15
       153         0.66       0.24       0.81       0.73         1.29
       154         1.37       0.22       2.28       5.85         4.88
       155        16.28       4.90       4.85      26.44        38.85
       156         4.57       4.48       0.04       0.00        -0.04
       157         3.19       2.02       0.78       0.68         2.76
       158         1.22       0.94       0.28       0.09         0.59
       159         2.06       2.04       0.02       0.00        -0.05
       160         0.45       1.86      -0.97       1.07        -1.31
       161         1.14       0.90       0.24       0.06         0.49
       162         0.74       0.56       0.23       0.06         0.37
       163         1.69       0.27       2.57       7.45         6.11
       164         1.26       0.13       2.92       9.58         5.60
       165        61.73       4.14       9.43     100.00       200.56
       166         0.97       1.92      -0.65       0.48        -1.38
       167         6.29       4.18       0.97       1.06         4.96
       168         1.22       1.97      -0.50       0.28        -1.22
       169         1.37       2.00      -0.42       0.20        -1.12
       170         1.69       2.05      -0.23       0.06        -0.73
       171         3.75       1.87       1.29       1.88         5.02
       172         0.74       0.89      -0.15       0.02        -0.31
       173         1.19       0.92       0.26       0.08         0.55
       174         2.89       1.21       1.44       2.35         4.90
       175         1.37       1.23       0.12       0.01         0.22
       176         0.98       0.61       0.45       0.22         0.88
       177         2.56       0.56       2.53       7.19         8.07
       178         4.84       0.13       9.42      99.96        35.68
       179         0.28       0.97      -0.66       0.49        -0.71
       180         0.83       0.23       1.20       1.63         2.12
       181         0.49       0.03       2.47       6.90         2.71
       182         5.89       0.95       4.75      25.47        21.11
       183         0.49       0.45       0.05       0.00         0.04
       184         0.72       0.97      -0.24       0.06        -0.47
       185         1.19       0.44       1.06       0.69         3.99
       186         0.28       0.45      -0.24       0.06        -0.28
       187         1.20       0.28       1.62       2.95         3.39
       188         1.33       0.06       4.80      25.93         8.09
       189         1.08       0.03       5.57      34.98         7.83
       190        13.96      16.25      -0.54       0.25        -2.26
       191         1.07       1.11      -0.04       0.00        -0.13
       192        10.64       8.11       0.84       0.78         5.23
       193         2.43       1.01       1.33       1.99         4.14
       194         2.89       1.29       1.33       1.98         4.51
       195         1.18       1.11       0.06       0.00         0.08
       196         1.29       1.00       0.28       0.09         0.61
       197         1.58       0.45       1.59       2.87         3.90
       198         0.49       0.21       0.58       0.38         0.81
       199         0.98       0.67       0.35       0.14         0.68
       200         0.85       0.12       1.96       4.31         3.26
       201         1.09       0.13       2.56       7.40         4.66
       202         2.32       0.13       5.68      36.30        13.18
       203         0.92       3.38      -1.26       1.77        -2.11
       204         1.09       2.59      -0.88       0.84        -1.55
       205         0.62       1.03      -0.37       0.14        -0.43
       206         2.56       0.91       1.63       2.92         6.08
       207         0.46       0.44       0.03      -0.01         0.19
       208         0.62       0.27       0.63       0.43         1.22
       209         1.03       0.59       0.54       0.31         1.47
       210         0.93       0.62       0.38       0.16         0.72
       211         2.22       0.10       6.16      42.76        13.45
       212         1.19       0.06       4.28      20.67         7.16
       213         0.85       0.06       2.98      10.00         4.42
       214         0.72       0.49       0.31       0.11         0.51
       215         1.45       0.21       2.56       7.38         5.56
       216         3.93       2.82       0.62       0.42         3.17
       217         5.70       2.26       2.15       5.21        10.23
       218         0.62       0.87      -0.25       0.07        -0.45
       219         2.98       1.90       0.74       0.61         2.53
       220         1.15       0.85       0.30       0.10         0.63
       221         2.45       1.88       0.39       0.17         1.17
       222         1.28       0.89       0.39       0.17         0.85
       223         1.58       0.91       0.66       0.49         1.65
       224         0.15       0.12       0.08       0.01         0.06
       225         1.64       0.44       1.69       3.22         4.20
       226         0.47       0.20       0.57       0.37         0.79
       227         0.49       0.03       2.53       7.21         2.71
       228         1.37       0.20       2.43       6.63         5.14
       229         1.68       0.13       4.14      19.36         8.66
       230         1.40       0.06       5.24      30.96         8.83
       231         3.29       0.03       9.42     100.00        31.09
       232         1.24       0.90       0.34       0.13         0.73
       233         0.61       0.91      -0.30       0.10        -0.52
       234         0.47       0.44       0.03       0.00         0.02
       235         0.94       0.42       0.76       0.65         1.47
       236         0.96       0.13       2.19       5.39         3.82
       237         2.33       0.21       4.34      21.27        11.07
       238         1.64       0.10       4.64      24.28         9.16
       239         0.26       0.03       1.26       1.80         1.12
       240         1.14       0.83       0.33       0.12         0.68
       241         1.28       0.18       2.45       6.78         4.97
       242         2.19       0.82       1.42       2.27         4.18
       243         2.92       0.84       2.13       5.13         7.12
       244         0.96       0.12       2.31       6.01         3.99
       245         0.56       0.09       1.47       2.43         2.01
       246         0.61       0.03       3.33      12.52         3.75
       247         0.46       0.09       1.16       1.52         1.48
       248         1.42       0.06       5.36      32.34         9.05
       249         1.10       0.03       6.01      40.76         8.03
       250         0.95       0.01       7.58      64.72         8.00
       251         5.09       3.99       0.52       0.28         3.08
       252         1.24       2.48      -0.74       0.62        -1.79
       253         1.64       0.65       1.17       1.53         2.97
       254         2.45       0.72       1.93       4.19         5.89
       255         2.74       0.04       9.42     100.00        22.63
       256         1.22       1.46      -0.18       0.04        -0.49
       257         0.46       0.64      -0.20       0.05        -0.32
       258         1.01       0.38       0.97       1.07         1.94
       259         0.28       0.34      -0.10       0.01        -0.12
       260         1.26       0.07       4.24      20.24         7.20
       261         1.58       0.15       3.53      14.03         7.42
       262         0.43       0.05       1.68       3.19         1.90
       263         0.95       1.32      -0.30       0.10        -0.67
       264         0.74       0.37       0.58       0.38         1.00
       265         1.44       0.08       4.51      22.96         8.24
       266         0.68       1.24      -0.48       0.25        -0.86
       267         1.69       0.59       1.34       2.03         3.46
       268         0.74       0.61       0.17       0.03         0.26
       269         1.26       0.29       1.71       3.30         3.66
       270         0.15       0.04       0.54       0.24         0.63
       271         0.73       0.29       0.78       0.69         1.33
       272         0.63       0.29       0.57       0.37         0.91
       273         0.72       0.14       1.50       2.55         2.39
       274         1.42       0.02       9.22      95.79        11.98
       275         1.19       0.14       2.67       8.02         5.08
       276         2.56       0.28       4.05      18.52        11.19
       277         1.44       0.60       1.01       1.15         2.43
       278         1.26       0.62       0.77       0.67         1.73
       279         0.68       0.04       2.91       9.57         3.75
       280         1.24       0.56       0.86       0.83         1.91
       281         3.67       0.56       3.91      17.22        13.60
       282         0.66       0.27       0.71       0.57         1.15
       283         1.23       0.28       1.67       3.16         3.54
       284         1.22       0.04       5.62      35.56         8.31
       285         0.85       0.02       5.79      37.37         7.75
       286         1.85       0.13       4.45      22.36         9.67
       287         1.40       0.06       5.03      28.48         8.61
       288         1.23       0.30       1.59       2.85         3.39
       289         3.78       0.29       6.15      42.68        19.31
       290         2.56       0.13       6.41      46.29        15.22
       291         1.24       0.01       9.42     100.00        12.22      DELETED
       292         2.16       0.27       3.42      13.18         8.85
       293         2.78       0.06       9.42     100.00        20.95
       294         1.68       0.01       9.42     100.00        15.84
       295         1.23       0.01       9.42     100.00        12.70      DELETED
       296         7.34       0.00       9.42     100.00       119.78      DELETED
       297         0.72       0.03       3.71      15.51         4.50
       298         1.26       0.03       6.71      50.78         9.34
       299         0.62       0.12       1.40       2.22         2.07
       300         1.10       0.07       3.55      14.19         5.89
       301         1.40       0.25       2.17       5.30         4.75
       302         2.72       0.25       4.61      23.91        12.76
       303         0.70       0.12       1.54       2.68         2.38
       304         0.92       0.06       3.37      12.78         5.03
       305         1.14       0.02       7.98      71.72         9.45
       306         1.55       0.00       9.42     100.00        18.52      DELETED
       307         0.45       0.12       0.89       0.90         1.17
       308         0.94       0.03       5.24      30.99         6.62
       309         0.72       0.11       1.70       2.41         4.19
       310         1.26       0.12       3.16      11.28         5.96
       311         0.72       0.06       2.68       8.10         3.69
       312         0.95       0.03       4.65      24.38         6.28
       313         2.70       0.03       9.42     100.00        24.82
       314         0.95       0.01       7.77      68.11         8.15
       315         0.72       0.01       8.45      80.40         6.82      DELETED
       316         0.74       0.01       6.17      42.95         6.04
       317         0.95       0.00       9.42     100.00        10.97      DELETED
       318         1.72       1.10       0.62      -0.17        -0.33
       319         0.74       0.00       9.42       3.11         0.19      DELETED
       320         1.55       0.02       9.43       0.00        -3.59
       321         1.55       0.00       9.42       0.00         2.48      DELETED
       322         1.08       0.00       9.42       0.00         7.65      DELETED
       323         1.72       0.93       0.99       0.09         0.15
       324         0.72       0.04       3.20      -0.83        -0.09
       325         8.22      10.19      -0.93      -0.21         0.87
       326         3.51       1.48       1.64      -0.97        -0.91
       327         0.43       0.37       0.09      -0.01        -0.08
       328         2.31       1.16       1.03      -0.71        -0.83
       329         0.92       0.54       0.50       0.01         0.02
       330         1.44       0.11       3.70     -21.10        -2.23
       331         0.26       0.36      -0.22      -0.02         0.05
       332         0.47       0.00       7.58     -35.47        -0.65      DELETED
       333         3.84       4.02      -0.11      -0.02         0.28
       334         1.68       0.09       5.00     -21.56        -1.77
       335         2.05       1.77       0.22      -0.06        -0.31
       336         0.63       0.01       6.23     -56.26        -1.72      DELETED
       337         1.81       0.07       6.20       0.33         0.03
       338         3.03       3.27      -0.18      -0.01         0.08
       339         0.97       0.01       9.42       2.80         0.42      DELETED
       340         1.28       0.10       3.64      -2.80        -0.39
       341         0.85       0.02       5.75      33.96         3.60
       342         4.10       2.56       1.16       0.08         0.16
       343         1.24       0.03       6.69       8.44         0.43
       344         1.18       0.22       1.98      -0.78        -0.28
       345         0.92       3.28      -1.56      -0.15         0.09
       346         0.75       1.43      -0.58       0.08        -0.13
       347         1.16       0.37       1.27      -0.20        -0.14
       348         1.55       0.02       9.43       0.00        -1.31
       349         2.35       0.27       3.82      -3.70        -0.79
       350         1.10       0.02       6.77     -48.48        -1.51
       351         0.74       0.00       9.42      74.67         5.45      DELETED
       352         0.86       0.97      -0.15       0.00         0.02
       353         0.92       0.12       2.30      -0.89        -0.21
       354         1.08       0.75       0.39      -0.06        -0.15
       355         1.39       0.01       9.43      86.56         5.99
       356         1.24       0.00       9.42       0.00         2.46      DELETED
       357         0.45       0.01       4.54      -0.77        -0.03
       358         0.45       0.00       9.42       0.00        -0.50      DELETED
       359         1.18       0.98       0.24       0.02         0.10
       360         1.41       0.00       9.42       0.00         7.08      DELETED
       361         1.26       0.37       1.51      -0.29        -0.18
       362         0.99       0.00       9.42       0.00         0.83      DELETED
       363         1.19       0.77       0.75      -0.01        -0.02

     THE TOTAL PEARSON CHI-SQUARE CONTRIBUTION FROM EMPTY CELLS IS       317.05


     UNIVARIATE MODEL FIT INFORMATION

                               Estimated Probabilities
                                                  Standardized
     Variable              H1           H0          Residual
                                                   (z-score)
     GND1
       Category 1        0.964        0.964           0.005
       Category 2        0.036        0.036          -0.005
       Univariate Pearson Chi-Square                  0.000
       Univariate Log-Likelihood Chi-Square           0.000
     GND2
       Category 1        0.943        0.943          -0.012
       Category 2        0.057        0.057           0.012
       Univariate Pearson Chi-Square                  0.000
       Univariate Log-Likelihood Chi-Square           0.000
     GND3
       Category 1        0.903        0.903          -0.023
       Category 2        0.097        0.097           0.023
       Univariate Pearson Chi-Square                  0.001
       Univariate Log-Likelihood Chi-Square           0.001
     GND4
       Category 1        0.816        0.816          -0.015
       Category 2        0.184        0.184           0.015
       Univariate Pearson Chi-Square                  0.000
       Univariate Log-Likelihood Chi-Square           0.000
     GND5
       Category 1        0.928        0.928          -0.013
       Category 2        0.072        0.072           0.013
       Univariate Pearson Chi-Square                  0.000
       Univariate Log-Likelihood Chi-Square           0.000
     GND6
       Category 1        0.792        0.793          -0.041
       Category 2        0.208        0.207           0.041
       Univariate Pearson Chi-Square                  0.002
       Univariate Log-Likelihood Chi-Square           0.002
     ETH1
       Category 1        0.931        0.931           0.018
       Category 2        0.069        0.069          -0.018
       Univariate Pearson Chi-Square                  0.000
       Univariate Log-Likelihood Chi-Square           0.000
     ETH2
       Category 1        0.900        0.900          -0.008
       Category 2        0.100        0.100           0.008
       Univariate Pearson Chi-Square                  0.000
       Univariate Log-Likelihood Chi-Square           0.000
     ETH3
       Category 1        0.871        0.871          -0.006
       Category 2        0.129        0.129           0.006
       Univariate Pearson Chi-Square                  0.000
       Univariate Log-Likelihood Chi-Square           0.000
     ETH4
       Category 1        0.642        0.642           0.035
       Category 2        0.358        0.358          -0.035
       Univariate Pearson Chi-Square                  0.001
       Univariate Log-Likelihood Chi-Square           0.001
     ETH5
       Category 1        0.900        0.899           0.032
       Category 2        0.100        0.101          -0.032
       Univariate Pearson Chi-Square                  0.001
       Univariate Log-Likelihood Chi-Square           0.001

       Overall Univariate Pearson Chi-Square                         0.006
       Overall Univariate Log-Likelihood Chi-Square                  0.006


     BIVARIATE MODEL FIT INFORMATION

                                              Estimated Probabilities
                                                                 Standardized
     Variable       Variable              H1           H0          Residual
                                                                  (z-score)
     GND1           GND2
       Category 1     Category 1        0.924        0.912           2.052
       Category 1     Category 2        0.040        0.052          -2.617
       Category 2     Category 1        0.018        0.030          -3.408
       Category 2     Category 2        0.017        0.006           7.684
       Bivariate Pearson Chi-Square                                 86.596
       Bivariate Log-Likelihood Chi-Square                          65.798
     GND1           GND3
       Category 1     Category 1        0.879        0.878           0.140
       Category 1     Category 2        0.085        0.086          -0.160
       Category 2     Category 1        0.024        0.025          -0.335
       Category 2     Category 2        0.012        0.011           0.500
       Bivariate Pearson Chi-Square                                  0.431
       Bivariate Log-Likelihood Chi-Square                           0.425
     GND1           GND4
       Category 1     Category 1        0.796        0.797          -0.030
       Category 1     Category 2        0.168        0.167           0.035
       Category 2     Category 1        0.020        0.019           0.048
       Category 2     Category 2        0.016        0.017          -0.059
       Bivariate Pearson Chi-Square                                  0.008
       Bivariate Log-Likelihood Chi-Square                           0.008
     GND1           GND5
       Category 1     Category 1        0.905        0.899           1.049
       Category 1     Category 2        0.059        0.065          -1.277
       Category 2     Category 1        0.023        0.029          -1.891
       Category 2     Category 2        0.013        0.007           3.957
       Bivariate Pearson Chi-Square                                 23.290
       Bivariate Log-Likelihood Chi-Square                          19.730
     GND1           GND6
       Category 1     Category 1        0.774        0.774          -0.019
       Category 1     Category 2        0.190        0.190           0.023
       Category 2     Category 1        0.018        0.019          -0.063
       Category 2     Category 2        0.017        0.017           0.058
       Bivariate Pearson Chi-Square                                  0.009
       Bivariate Log-Likelihood Chi-Square                           0.009
     GND1           ETH1
       Category 1     Category 1        0.903        0.902           0.160
       Category 1     Category 2        0.061        0.062          -0.193
       Category 2     Category 1        0.027        0.028          -0.258
       Category 2     Category 2        0.009        0.008           0.474
       Bivariate Pearson Chi-Square                                  0.367
       Bivariate Log-Likelihood Chi-Square                           0.359
     GND1           ETH2
       Category 1     Category 1        0.875        0.875           0.034
       Category 1     Category 2        0.089        0.089          -0.036
       Category 2     Category 1        0.025        0.025          -0.087
       Category 2     Category 2        0.011        0.011           0.122
       Bivariate Pearson Chi-Square                                  0.026
       Bivariate Log-Likelihood Chi-Square                           0.026
     GND1           ETH3
       Category 1     Category 1        0.846        0.846          -0.053
       Category 1     Category 2        0.118        0.118           0.062
       Category 2     Category 1        0.025        0.025           0.109
       Category 2     Category 2        0.011        0.011          -0.168
       Bivariate Pearson Chi-Square                                  0.049
       Bivariate Log-Likelihood Chi-Square                           0.049
     GND1           ETH4
       Category 1     Category 1        0.629        0.624           0.515
       Category 1     Category 2        0.335        0.340          -0.524
       Category 2     Category 1        0.014        0.018          -1.740
       Category 2     Category 2        0.022        0.018           1.752
       Bivariate Pearson Chi-Square                                  7.063
       Bivariate Log-Likelihood Chi-Square                           7.132
     GND1           ETH5
       Category 1     Category 1        0.877        0.874           0.328
       Category 1     Category 2        0.087        0.090          -0.378
       Category 2     Category 1        0.023        0.025          -0.636
       Category 2     Category 2        0.013        0.011           0.944
       Bivariate Pearson Chi-Square                                  1.599
       Bivariate Log-Likelihood Chi-Square                           1.558
     GND2           GND3
       Category 1     Category 1        0.860        0.861          -0.149
       Category 1     Category 2        0.083        0.082           0.178
       Category 2     Category 1        0.043        0.042           0.223
       Category 2     Category 2        0.014        0.015          -0.346
       Bivariate Pearson Chi-Square                                  0.222
       Bivariate Log-Likelihood Chi-Square                           0.224
     GND2           GND4
       Category 1     Category 1        0.780        0.782          -0.219
       Category 1     Category 2        0.162        0.160           0.238
       Category 2     Category 1        0.036        0.034           0.468
       Category 2     Category 2        0.022        0.024          -0.541
       Bivariate Pearson Chi-Square                                  0.626
       Bivariate Log-Likelihood Chi-Square                           0.630
     GND2           GND5
       Category 1     Category 1        0.888        0.880           1.158
       Category 1     Category 2        0.055        0.062          -1.566
       Category 2     Category 1        0.041        0.048          -1.771
       Category 2     Category 2        0.017        0.009           3.993
       Bivariate Pearson Chi-Square                                 23.948
       Bivariate Log-Likelihood Chi-Square                          20.702
     GND2           GND6
       Category 1     Category 1        0.757        0.760          -0.360
       Category 1     Category 2        0.186        0.183           0.390
       Category 2     Category 1        0.035        0.033           0.771
       Category 2     Category 2        0.022        0.025          -0.865
       Bivariate Pearson Chi-Square                                  1.645
       Bivariate Log-Likelihood Chi-Square                           1.659
     GND2           ETH1
       Category 1     Category 1        0.886        0.884           0.332
       Category 1     Category 2        0.056        0.059          -0.465
       Category 2     Category 1        0.044        0.047          -0.483
       Category 2     Category 2        0.013        0.011           1.008
       Bivariate Pearson Chi-Square                                  1.627
       Bivariate Log-Likelihood Chi-Square                           1.567
     GND2           ETH2
       Category 1     Category 1        0.859        0.858           0.105
       Category 1     Category 2        0.084        0.085          -0.142
       Category 2     Category 1        0.042        0.042          -0.194
       Category 2     Category 2        0.016        0.015           0.344
       Bivariate Pearson Chi-Square                                  0.195
       Bivariate Log-Likelihood Chi-Square                           0.193
     GND2           ETH3
       Category 1     Category 1        0.826        0.829          -0.475
       Category 1     Category 2        0.117        0.113           0.554
       Category 2     Category 1        0.045        0.041           0.886
       Category 2     Category 2        0.013        0.016          -1.377
       Bivariate Pearson Chi-Square                                  3.302
       Bivariate Log-Likelihood Chi-Square                           3.446
     GND2           ETH4
       Category 1     Category 1        0.616        0.612           0.488
       Category 1     Category 2        0.326        0.331          -0.511
       Category 2     Category 1        0.026        0.030          -1.285
       Category 2     Category 2        0.031        0.027           1.382
       Bivariate Pearson Chi-Square                                  4.199
       Bivariate Log-Likelihood Chi-Square                           4.186
     GND2           ETH5
       Category 1     Category 1        0.856        0.857          -0.125
       Category 1     Category 2        0.086        0.085           0.146
       Category 2     Category 1        0.043        0.042           0.265
       Category 2     Category 2        0.014        0.015          -0.409
       Bivariate Pearson Chi-Square                                  0.286
       Bivariate Log-Likelihood Chi-Square                           0.289
     GND3           GND4
       Category 1     Category 1        0.784        0.762           2.540
       Category 1     Category 2        0.119        0.141          -3.126
       Category 2     Category 1        0.032        0.054          -4.825
       Category 2     Category 2        0.065        0.043           5.388
       Bivariate Pearson Chi-Square                                 67.335
       Bivariate Log-Likelihood Chi-Square                          67.867
     GND3           GND5
       Category 1     Category 1        0.846        0.849          -0.316
       Category 1     Category 2        0.057        0.055           0.468
       Category 2     Category 1        0.082        0.080           0.406
       Category 2     Category 2        0.015        0.017          -0.800
       Bivariate Pearson Chi-Square                                  1.130
       Bivariate Log-Likelihood Chi-Square                           1.156
     GND3           GND6
       Category 1     Category 1        0.760        0.741           2.146
       Category 1     Category 2        0.143        0.162          -2.568
       Category 2     Category 1        0.032        0.052          -4.322
       Category 2     Category 2        0.064        0.045           4.644
       Bivariate Pearson Chi-Square                                 50.759
       Bivariate Log-Likelihood Chi-Square                          51.332
     GND3           ETH1
       Category 1     Category 1        0.848        0.854          -0.835
       Category 1     Category 2        0.055        0.049           1.331
       Category 2     Category 1        0.082        0.076           1.127
       Category 2     Category 2        0.014        0.020          -2.081
       Bivariate Pearson Chi-Square                                  8.120
       Bivariate Log-Likelihood Chi-Square                           8.564
     GND3           ETH2
       Category 1     Category 1        0.822        0.831          -1.211
       Category 1     Category 2        0.081        0.072           1.729
       Category 2     Category 1        0.078        0.069           1.782
       Category 2     Category 2        0.019        0.028          -2.696
       Bivariate Pearson Chi-Square                                 14.699
       Bivariate Log-Likelihood Chi-Square                          15.459
     GND3           ETH3
       Category 1     Category 1        0.793        0.804          -1.256
       Category 1     Category 2        0.110        0.100           1.642
       Category 2     Category 1        0.077        0.067           1.985
       Category 2     Category 2        0.020        0.029          -2.897
       Bivariate Pearson Chi-Square                                 16.412
       Bivariate Log-Likelihood Chi-Square                          17.375
     GND3           ETH4
       Category 1     Category 1        0.575        0.592          -1.785
       Category 1     Category 2        0.328        0.311           1.881
       Category 2     Category 1        0.068        0.050           4.118
       Category 2     Category 2        0.029        0.047          -4.190
       Bivariate Pearson Chi-Square                                 41.235
       Bivariate Log-Likelihood Chi-Square                          42.309
     GND3           ETH5
       Category 1     Category 1        0.821        0.831          -1.355
       Category 1     Category 2        0.082        0.072           1.936
       Category 2     Category 1        0.079        0.068           2.051
       Category 2     Category 2        0.018        0.028          -3.072
       Bivariate Pearson Chi-Square                                 19.019
       Bivariate Log-Likelihood Chi-Square                          20.176
     GND4           GND5
       Category 1     Category 1        0.772        0.771           0.056
       Category 1     Category 2        0.044        0.045          -0.142
       Category 2     Category 1        0.156        0.157          -0.074
       Category 2     Category 2        0.028        0.027           0.201
       Bivariate Pearson Chi-Square                                  0.072
       Bivariate Log-Likelihood Chi-Square                           0.072
     GND4           GND6
       Category 1     Category 1        0.708        0.681           2.841
       Category 1     Category 2        0.108        0.135          -3.894
       Category 2     Category 1        0.085        0.112          -4.258
       Category 2     Category 2        0.100        0.072           5.191
       Bivariate Pearson Chi-Square                                 64.022
       Bivariate Log-Likelihood Chi-Square                          63.774
     GND4           ETH1
       Category 1     Category 1        0.773        0.778          -0.609
       Category 1     Category 2        0.043        0.038           1.292
       Category 2     Category 1        0.158        0.153           0.717
       Category 2     Category 2        0.026        0.031          -1.448
       Bivariate Pearson Chi-Square                                  4.685
       Bivariate Log-Likelihood Chi-Square                           4.741
     GND4           ETH2
       Category 1     Category 1        0.748        0.760          -1.333
       Category 1     Category 2        0.068        0.056           2.446
       Category 2     Category 1        0.152        0.141           1.632
       Category 2     Category 2        0.032        0.043          -2.754
       Bivariate Pearson Chi-Square                                 17.604
       Bivariate Log-Likelihood Chi-Square                          17.969
     GND4           ETH3
       Category 1     Category 1        0.720        0.734          -1.501
       Category 1     Category 2        0.095        0.082           2.396
       Category 2     Category 1        0.150        0.137           1.924
       Category 2     Category 2        0.034        0.047          -3.094
       Bivariate Pearson Chi-Square                                 20.500
       Bivariate Log-Likelihood Chi-Square                          21.219
     GND4           ETH4
       Category 1     Category 1        0.526        0.541          -1.458
       Category 1     Category 2        0.289        0.275           1.615
       Category 2     Category 1        0.116        0.101           2.467
       Category 2     Category 2        0.068        0.083          -2.675
       Bivariate Pearson Chi-Square                                 16.795
       Bivariate Log-Likelihood Chi-Square                          16.970
     GND4           ETH5
       Category 1     Category 1        0.749        0.760          -1.201
       Category 1     Category 2        0.067        0.056           2.201
       Category 2     Category 1        0.150        0.140           1.507
       Category 2     Category 2        0.034        0.044          -2.516
       Bivariate Pearson Chi-Square                                 14.567
       Bivariate Log-Likelihood Chi-Square                          14.839
     GND5           GND6
       Category 1     Category 1        0.755        0.750           0.572
       Category 1     Category 2        0.174        0.179          -0.655
       Category 2     Category 1        0.038        0.043          -1.300
       Category 2     Category 2        0.034        0.028           1.609
       Bivariate Pearson Chi-Square                                  5.146
       Bivariate Log-Likelihood Chi-Square                           5.066
     GND5           ETH1
       Category 1     Category 1        0.874        0.871           0.383
       Category 1     Category 2        0.055        0.057          -0.567
       Category 2     Category 1        0.057        0.059          -0.523
       Category 2     Category 2        0.015        0.012           1.150
       Bivariate Pearson Chi-Square                                  2.126
       Bivariate Log-Likelihood Chi-Square                           2.043
     GND5           ETH2
       Category 1     Category 1        0.851        0.846           0.681
       Category 1     Category 2        0.078        0.083          -0.906
       Category 2     Category 1        0.050        0.055          -1.094
       Category 2     Category 2        0.022        0.017           1.942
       Bivariate Pearson Chi-Square                                  6.380
       Bivariate Log-Likelihood Chi-Square                           6.078
     GND5           ETH3
       Category 1     Category 1        0.820        0.818           0.305
       Category 1     Category 2        0.108        0.111          -0.386
       Category 2     Category 1        0.051        0.053          -0.535
       Category 2     Category 2        0.021        0.019           0.915
       Bivariate Pearson Chi-Square                                  1.399
       Bivariate Log-Likelihood Chi-Square                           1.366
     GND5           ETH4
       Category 1     Category 1        0.603        0.603          -0.021
       Category 1     Category 2        0.326        0.325           0.015
       Category 2     Category 1        0.040        0.039           0.140
       Category 2     Category 2        0.032        0.032          -0.135
       Bivariate Pearson Chi-Square                                  0.041
       Bivariate Log-Likelihood Chi-Square                           0.041
     GND5           ETH5
       Category 1     Category 1        0.848        0.845           0.341
       Category 1     Category 2        0.081        0.083          -0.458
       Category 2     Category 1        0.052        0.054          -0.502
       Category 2     Category 2        0.020        0.017           0.895
       Bivariate Pearson Chi-Square                                  1.393
       Bivariate Log-Likelihood Chi-Square                           1.362
     GND6           ETH1
       Category 1     Category 1        0.746        0.756          -1.157
       Category 1     Category 2        0.046        0.037           2.554
       Category 2     Category 1        0.185        0.174           1.322
       Category 2     Category 2        0.023        0.033          -2.726
       Bivariate Pearson Chi-Square                                 17.178
       Bivariate Log-Likelihood Chi-Square                          17.551
     GND6           ETH2
       Category 1     Category 1        0.725        0.738          -1.474
       Category 1     Category 2        0.067        0.054           2.786
       Category 2     Category 1        0.175        0.162           1.753
       Category 2     Category 2        0.033        0.046          -3.017
       Bivariate Pearson Chi-Square                                 21.613
       Bivariate Log-Likelihood Chi-Square                          22.022
     GND6           ETH3
       Category 1     Category 1        0.702        0.713          -1.198
       Category 1     Category 2        0.090        0.079           1.942
       Category 2     Category 1        0.168        0.157           1.482
       Category 2     Category 2        0.039        0.050          -2.402
       Bivariate Pearson Chi-Square                                 12.644
       Bivariate Log-Likelihood Chi-Square                          12.924
     GND6           ETH4
       Category 1     Category 1        0.512        0.526          -1.413
       Category 1     Category 2        0.281        0.267           1.558
       Category 2     Category 1        0.131        0.116           2.255
       Category 2     Category 2        0.077        0.091          -2.453
       Bivariate Pearson Chi-Square                                 14.300
       Bivariate Log-Likelihood Chi-Square                          14.425
     GND6           ETH5
       Category 1     Category 1        0.728        0.738          -1.198
       Category 1     Category 2        0.065        0.054           2.251
       Category 2     Category 1        0.172        0.161           1.459
       Category 2     Category 2        0.036        0.046          -2.474
       Bivariate Pearson Chi-Square                                 14.417
       Bivariate Log-Likelihood Chi-Square                          14.625
     ETH1           ETH2
       Category 1     Category 1        0.874        0.851           3.152
       Category 1     Category 2        0.057        0.079          -4.133
       Category 2     Category 1        0.027        0.049          -5.203
       Category 2     Category 2        0.043        0.020           7.934
       Bivariate Pearson Chi-Square                                117.912
       Bivariate Log-Likelihood Chi-Square                         108.787
     ETH1           ETH3
       Category 1     Category 1        0.836        0.823           1.780
       Category 1     Category 2        0.094        0.108          -2.177
       Category 2     Category 1        0.034        0.048          -3.190
       Category 2     Category 2        0.035        0.021           4.677
       Bivariate Pearson Chi-Square                                 40.444
       Bivariate Log-Likelihood Chi-Square                          37.950
     ETH1           ETH4
       Category 1     Category 1        0.622        0.607           1.547
       Category 1     Category 2        0.309        0.324          -1.605
       Category 2     Category 1        0.021        0.035          -3.995
       Category 2     Category 2        0.049        0.034           4.050
       Bivariate Pearson Chi-Square                                 38.233
       Bivariate Log-Likelihood Chi-Square                          39.229
     ETH1           ETH5
       Category 1     Category 1        0.865        0.851           1.978
       Category 1     Category 2        0.066        0.080          -2.584
       Category 2     Category 1        0.035        0.049          -3.229
       Category 2     Category 2        0.035        0.021           4.852
       Bivariate Pearson Chi-Square                                 44.756
       Bivariate Log-Likelihood Chi-Square                          42.043
     ETH2           ETH3
       Category 1     Category 1        0.812        0.801           1.388
       Category 1     Category 2        0.088        0.100          -1.860
       Category 2     Category 1        0.059        0.070          -2.182
       Category 2     Category 2        0.041        0.030           3.289
       Bivariate Pearson Chi-Square                                 20.762
       Bivariate Log-Likelihood Chi-Square                          19.931
     ETH2           ETH4
       Category 1     Category 1        0.611        0.590           2.095
       Category 1     Category 2        0.289        0.310          -2.233
       Category 2     Category 1        0.031        0.052          -4.576
       Category 2     Category 2        0.069        0.048           4.746
       Bivariate Pearson Chi-Square                                 52.457
       Bivariate Log-Likelihood Chi-Square                          53.396
     ETH2           ETH5
       Category 1     Category 1        0.842        0.828           1.833
       Category 1     Category 2        0.058        0.072          -2.685
       Category 2     Category 1        0.057        0.071          -2.652
       Category 2     Category 2        0.042        0.029           4.104
       Bivariate Pearson Chi-Square                                 34.000
       Bivariate Log-Likelihood Chi-Square                          32.659
     ETH3           ETH4
       Category 1     Category 1        0.593        0.571           2.210
       Category 1     Category 2        0.278        0.300          -2.391
       Category 2     Category 1        0.050        0.072          -4.180
       Category 2     Category 2        0.080        0.058           4.625
       Bivariate Pearson Chi-Square                                 47.877
       Bivariate Log-Likelihood Chi-Square                          47.746
     ETH3           ETH5
       Category 1     Category 1        0.818        0.800           2.199
       Category 1     Category 2        0.053        0.070          -3.447
       Category 2     Category 1        0.082        0.099          -2.910
       Category 2     Category 2        0.048        0.030           5.087
       Bivariate Pearson Chi-Square                                 50.421
       Bivariate Log-Likelihood Chi-Square                          47.894
     ETH4           ETH5
       Category 1     Category 1        0.602        0.590           1.229
       Category 1     Category 2        0.040        0.052          -2.649
       Category 2     Category 1        0.297        0.309          -1.287
       Category 2     Category 2        0.060        0.049           2.686
       Bivariate Pearson Chi-Square                                 17.223
       Bivariate Log-Likelihood Chi-Square                          17.328

       Overall Bivariate Pearson Chi-Square                       1073.164
       Overall Bivariate Log-Likelihood Chi-Square                1036.279


TECHNICAL 11 OUTPUT

     Random Starts Specifications for the k-1 Class Analysis Model
        Number of initial stage random starts                1000
        Number of final stage optimizations                   250



     VUONG-LO-MENDELL-RUBIN LIKELIHOOD RATIO TEST FOR 1 (H0) VERSUS 2 CLASSES

          H0 Loglikelihood Value                       -10730.006
          2 Times the Loglikelihood Difference           1850.340
          Difference in the Number of Parameters               12
          Mean                                             15.679
          Standard Deviation                              129.186
          P-Value                                          0.0000

     LO-MENDELL-RUBIN ADJUSTED LRT TEST

          Value                                          1831.100
          P-Value                                          0.0000


SAVEDATA INFORMATION


  Save file
    Prob_NLD_GNDETHlca_C3cl2.dat

  Order and format of variables

    GND1           F10.3
    GND2           F10.3
    GND3           F10.3
    GND4           F10.3
    GND5           F10.3
    GND6           F10.3
    ETH1           F10.3
    ETH2           F10.3
    ETH3           F10.3
    ETH4           F10.3
    ETH5           F10.3
    CPROB1         F10.3
    CPROB2         F10.3
    C              F10.3
    WS             F10.3
    IDSTUD         I9
    ID_S           I5
    ID_J           I5

  Save file format
    15F10.3 I9 2I5

  Save file record length    10000

  Save missing symbol        *


     Beginning Time:  22:24:15
        Ending Time:  22:24:19
       Elapsed Time:  00:00:04



MUTHEN & MUTHEN
3463 Stoner Ave.
Los Angeles, CA  90066

Tel: (310) 391-9971
Fax: (310) 391-8971
Web: www.StatModel.com
Support: Support@StatModel.com

Copyright (c) 1998-2020 Muthen & Muthen
