Mplus VERSION 8.5 (Mac)
MUTHEN & MUTHEN
04/07/2021  10:17 PM

INPUT INSTRUCTIONS

  TITLE: FINGNDETH LCA - C3 with 2 classes;
  DATA:
  FILE = GNDETHDtaC3.dat;

  VARIABLE:
  NAMES = id_i
  id_j
  id_r
  id_s
  id_k
  wt
  ws
  GND1
  GND2
  GND3
  GND4
  GND5
  GND6
  ETH1
  ETH2
  ETH3
  ETH4
  ETH5
  IDSTUD;
  IDVARIABLE = IDSTUD;
  USEVARIABLES = GND1
  GND2
  GND3
  GND4
  GND5
  GND6
  ETH1
  ETH2
  ETH3
  ETH4
  ETH5;
  USEOBSERVATIONS ARE id_k EQ 5;
  CATEGORICAL = GND1
  GND2
  GND3
  GND4
  GND5
  GND6
  ETH1
  ETH2
  ETH3
  ETH4
  ETH5;
  MISSING = .;
  CLASSES = c(2);
  WEIGHT = ws;
  STRATIFICATION = id_s;
  CLUSTER = id_j;

  ANALYSIS:
  TYPE = COMPLEX MIXTURE;
  PROCESSORS = 4;
  STARTS = 1000 250;
  STITERATIONS = 20;
  STSEED = 288;

  MODEL:
  %OVERALL%

  OUTPUT:
  TECH10
  TECH11
  SVALUES
  ;

  SAVEDATA:
  FILE = Prob_FIN_GNDETHlca_C3cl2.dat;
  SAVE = CPROBABILITIES;



*** WARNING in VARIABLE command
  When a subpopulation is analyzed with TYPE=COMPLEX, standard errors
  may be incorrect.  Use the SUBPOPULATION option instead of the
  USEOBSERVATIONS option to obtain correct standard errors.
*** WARNING
  Data set contains cases with missing on all variables.
  These cases were not included in the analysis.
  Number of cases with missing on all variables:  34
   2 WARNING(S) FOUND IN THE INPUT INSTRUCTIONS



FINGNDETH LCA - C3 with 2 classes;

SUMMARY OF ANALYSIS

Number of groups                                                 1
Number of observations                                        3139

Number of dependent variables                                   11
Number of independent variables                                  0
Number of continuous latent variables                            0
Number of categorical latent variables                           1

Observed dependent variables

  Binary and ordered categorical (ordinal)
   GND1        GND2        GND3        GND4        GND5        GND6
   ETH1        ETH2        ETH3        ETH4        ETH5

Categorical latent variables
   C

Variables with special functions

  Stratification        ID_S
  Cluster variable      ID_J
  Weight variable       WS
  ID variable           IDSTUD

Estimator                                                      MLR
Information matrix                                        OBSERVED
Optimization Specifications for the Quasi-Newton Algorithm for
Continuous Outcomes
  Maximum number of iterations                                 100
  Convergence criterion                                  0.100D-05
Optimization Specifications for the EM Algorithm
  Maximum number of iterations                                 500
  Convergence criteria
    Loglikelihood change                                 0.100D-06
    Relative loglikelihood change                        0.100D-06
    Derivative                                           0.100D-05
Optimization Specifications for the M step of the EM Algorithm for
Categorical Latent variables
  Number of M step iterations                                    1
  M step convergence criterion                           0.100D-05
  Basis for M step termination                           ITERATION
Optimization Specifications for the M step of the EM Algorithm for
Censored, Binary or Ordered Categorical (Ordinal), Unordered
Categorical (Nominal) and Count Outcomes
  Number of M step iterations                                    1
  M step convergence criterion                           0.100D-05
  Basis for M step termination                           ITERATION
  Maximum value for logit thresholds                            15
  Minimum value for logit thresholds                           -15
  Minimum expected cell size for chi-square              0.100D-01
Maximum number of iterations for H1                           2000
Convergence criterion for H1                             0.100D-03
Optimization algorithm                                         EMA
Random Starts Specifications
  Number of initial stage random starts                       1000
  Number of final stage optimizations                          250
  Number of initial stage iterations                            20
  Initial stage convergence criterion                    0.100D+01
  Random starts scale                                    0.500D+01
  Random seed for generating random starts                     288
Link                                                         LOGIT

Input data file(s)
  GNDETHDtaC3.dat
Input data format  FREE


SUMMARY OF DATA

     Number of missing data patterns            30
     Number of y missing data patterns           0
     Number of u missing data patterns          30
     Number of strata                           75
     Number of clusters                        179


COVARIANCE COVERAGE OF DATA

Minimum covariance coverage value   0.100


     PROPORTION OF DATA PRESENT FOR U


           Covariance Coverage
              GND1          GND2          GND3          GND4          GND5
              ________      ________      ________      ________      ________
 GND1           0.999
 GND2           0.997         0.998
 GND3           0.993         0.992         0.994
 GND4           0.995         0.994         0.991         0.996
 GND5           0.991         0.990         0.986         0.989         0.992
 GND6           0.994         0.993         0.989         0.992         0.988
 ETH1           0.992         0.991         0.987         0.990         0.986
 ETH2           0.991         0.990         0.987         0.989         0.985
 ETH3           0.988         0.987         0.983         0.986         0.982
 ETH4           0.986         0.986         0.982         0.984         0.980
 ETH5           0.991         0.990         0.986         0.989         0.985


           Covariance Coverage
              GND6          ETH1          ETH2          ETH3          ETH4
              ________      ________      ________      ________      ________
 GND6           0.995
 ETH1           0.988         0.993
 ETH2           0.988         0.992         0.993
 ETH3           0.984         0.989         0.989         0.989
 ETH4           0.983         0.987         0.987         0.984         0.988
 ETH5           0.988         0.992         0.991         0.988         0.987


           Covariance Coverage
              ETH5
              ________
 ETH5           0.992


UNIVARIATE PROPORTIONS AND COUNTS FOR CATEGORICAL VARIABLES

    GND1
      Category 1    0.982         3079.808
      Category 2    0.018           55.705
    GND2
      Category 1    0.974         3052.441
      Category 2    0.026           80.415
    GND3
      Category 1    0.942         2937.313
      Category 2    0.058          182.278
    GND4
      Category 1    0.900         2813.983
      Category 2    0.100          313.291
    GND5
      Category 1    0.946         2945.389
      Category 2    0.054          168.115
    GND6
      Category 1    0.862         2691.948
      Category 2    0.138          430.797
    ETH1
      Category 1    0.972         3031.692
      Category 2    0.028           87.694
    ETH2
      Category 1    0.951         2964.537
      Category 2    0.049          152.472
    ETH3
      Category 1    0.904         2806.729
      Category 2    0.096          299.221
    ETH4
      Category 1    0.797         2469.846
      Category 2    0.203          631.026
    ETH5
      Category 1    0.949         2955.939
      Category 2    0.051          159.041


RANDOM STARTS RESULTS RANKED FROM THE BEST TO THE WORST LOGLIKELIHOOD VALUES

Final stage loglikelihood values at local maxima, seeds, and initial stage start numbers:

           -7219.819  325774           336
           -7219.819  463919           735
           -7219.819  223897           799
           -7219.819  782833           282
           -7219.819  273801           597
           -7219.819  845484           687
           -7219.819  229344           916
           -7219.819  61168            83
           -7219.819  958376           175
           -7219.819  741061           291
           -7219.819  552637           324
           -7219.819  188329           716
           -7219.819  578472           477
           -7219.819  330482           461
           -7219.819  94899            490
           -7219.819  720686           591
           -7219.819  444492           595
           -7219.819  939960           395
           -7219.819  28265            112
           -7219.819  459461           682
           -7219.819  983906           53
           -7219.819  853915           161
           -7219.819  325994           748
           -7219.819  736001           460
           -7219.819  449753           665
           -7219.819  447197           683
           -7219.819  912118           560
           -7219.819  386412           896
           -7219.819  372542           484
           -7219.819  233656           510
           -7219.819  461967           392
           -7219.819  552185           768
           -7219.819  986007           548
           -7219.819  916022           434
           -7219.819  438247           564
           -7219.819  531681           845
           -7219.819  394905           223
           -7219.819  73135            288
           -7219.819  189150           628
           -7219.819  425653           643
           -7219.819  226263           830
           -7219.819  514978           7
           -7219.819  52775            318
           -7219.819  413797           386
           -7219.819  419505           205
           -7219.819  808317           109
           -7219.819  778405           389
           -7219.819  704750           1
           -7219.819  609201           3
           -7219.819  981768           473
           -7219.819  569703           246
           -7219.819  749139           301
           -7219.819  442021           630
           -7219.819  251470           803
           -7219.819  225276           886
           -7219.819  771482           178
           -7219.819  332221           542
           -7219.819  125680           791
           -7219.819  325635           438
           -7219.819  860175           23
           -7219.819  800324           312
           -7219.819  2423             651
           -7219.819  647619           843
           -7219.819  527640           903
           -7219.819  859326           476
           -7219.819  746482           80
           -7219.819  986285           495
           -7219.819  719116           992
           -7219.819  426635           9
           -7219.819  400925           111
           -7219.819  269849           945
           -7219.819  128716           199
           -7219.819  986227           24
           -7219.819  263346           482
           -7219.819  847900           498
           -7219.819  909049           41
           -7219.819  544442           387
           -7219.819  686102           831
           -7219.819  888759           997
           -7219.819  755225           269
           -7219.819  131908           837
           -7219.819  392359           926
           -7219.819  657384           974
           -7219.819  970403           507
           -7219.819  14596            96
           -7219.819  77677            977
           -7219.819  499805           302
           -7219.819  425012           825
           -7219.819  842046           255
           -7219.819  819229           292
           -7219.819  755704           579
           -7219.819  732345           551
           -7219.819  665251           907
           -7219.819  856808           157
           -7219.819  336566           384
           -7219.819  337946           661
           -7219.819  456200           880
           -7219.819  458910           697
           -7219.819  21190            525
           -7219.819  982761           960
           -7219.819  55750            898
           -7219.819  890984           102
           -7219.819  983784           118
           -7219.819  339663           951
           -7219.819  468884           58
           -7219.819  313816           213
           -7219.819  802116           48
           -7219.819  74848            286
           -7219.819  282015           797
           -7219.819  881525           755
           -7219.819  825343           518
           -7219.819  58407            356
           -7219.819  591324           212
           -7219.819  267084           27
           -7219.819  427416           339
           -7219.819  210588           50
           -7219.819  892206           245
           -7219.819  829916           15
           -7219.819  724894           55
           -7219.819  157076           915
           -7219.819  264052           889
           -7219.819  175002           169
           -7219.819  462497           983
           -7219.819  682993           4
           -7219.819  996880           39
           -7219.819  378510           397
           -7219.819  837735           868
           -7219.819  509661           191
           -7219.819  703404           63
           -7219.819  369474           935
           -7219.819  12928            511
           -7219.819  55657            553
           -7219.819  88374            6
           -7219.819  805669           208
           -7219.819  702720           550
           -7219.819  440588           517
           -7219.819  210983           209
           -7219.819  441247           939
           -7219.819  748920           238
           -7219.819  947483           925
           -7219.819  667357           142
           -7219.819  533106           641
           -7219.819  155380           731
           -7219.819  830084           882
           -7219.819  295517           437
           -7219.819  609918           195
           -7219.819  307749           656
           -7219.819  314295           365
           -7219.819  341151           77
           -7219.819  690031           922
           -7219.819  566609           276
           -7219.819  3549             2
           -7219.819  811896           275
           -7219.819  914240           625
           -7219.819  975945           406
           -7219.819  776988           459
           -7219.819  1081             253
           -7219.819  58551            12
           -7219.819  755901           766
           -7219.819  654018           210
           -7219.819  229006           675
           -7219.819  55908            587
           -7219.819  196458           747
           -7219.819  437887           645
           -7219.819  133726           623
           -7219.819  573283           740
           -7219.819  586992           949
           -7219.819  425159           122
           -7219.819  304490           920
           -7219.819  771889           866
           -7219.819  333699           364
           -7219.819  632351           688
           -7219.819  717571           695
           -7219.819  301247           355
           -7219.819  303175           433
           -7219.819  555689           32
           -7219.819  474326           104
           -7219.819  896494           228
           -7219.819  958676           745
           -7219.819  981654           767
           -7219.819  742884           233
           -7219.819  367698           453
           -7219.819  90128            72
           -7219.819  271213           456
           -7219.819  300853           177
           -7219.819  326600           602
           -7219.819  914220           902
           -7219.819  452998           804
           -7219.819  957051           194
           -7219.819  746589           818
           -7219.819  890198           417
           -7219.819  573405           605
           -7219.819  957358           679
           -7219.819  494022           377
           -7219.819  491603           479
           -7219.819  911649           875
           -7219.819  626206           746
           -7219.819  747907           664
           -7219.819  437999           335
           -7219.819  207595           252
           -7219.819  846206           744
           -7219.819  602610           203
           -7219.819  328337           524
           -7219.819  267441           127
           -7219.819  503362           971
           -7219.819  675509           906
           -7219.819  821522           793
           -7219.819  23083            221
           -7219.819  119252           943
           -7219.819  244981           851
           -7219.819  746499           538
           -7219.819  454608           451
           -7219.819  580187           702

37 perturbed starting value run(s) did not converge or were rejected in the third stage.



THE BEST LOGLIKELIHOOD VALUE HAS BEEN REPLICATED.  RERUN WITH AT LEAST TWICE THE
RANDOM STARTS TO CHECK THAT THE BEST LOGLIKELIHOOD IS STILL OBTAINED AND REPLICATED.

     IN THE OPTIMIZATION, ONE OR MORE LOGIT THRESHOLDS APPROACHED EXTREME VALUES
     OF -15.000 AND 15.000 AND WERE FIXED TO STABILIZE MODEL ESTIMATION.  THESE
     VALUES IMPLY PROBABILITIES OF 0 AND 1.  IN THE MODEL RESULTS SECTION, THESE
     PARAMETERS HAVE 0 STANDARD ERRORS AND 999 IN THE Z-SCORE AND P-VALUE COLUMNS.


     WARNING:  THE VARIANCE CONTRIBUTION FROM A STRATUM WITH A SINGLE CLUSTER
     (PSU) IS BASED ON THE DIFFERENCE BETWEEN THE SINGLE CLUSTER VALUE AND
     THE OVERALL CLUSTER MEAN.




THE MODEL ESTIMATION TERMINATED NORMALLY



MODEL FIT INFORMATION

Number of Free Parameters                       23

Loglikelihood

          H0 Value                       -7219.819
          H0 Scaling Correction Factor      1.3329
            for MLR

Information Criteria

          Akaike (AIC)                   14485.639
          Bayesian (BIC)                 14624.827
          Sample-Size Adjusted BIC       14551.746
            (n* = (n + 2) / 24)

Chi-Square Test of Model Fit for the Binary and Ordered Categorical
(Ordinal) Outcomes**

          Pearson Chi-Square

          Value                           2503.142
          Degrees of Freedom                  1990
          P-Value                           0.0000

          Likelihood Ratio Chi-Square

          Value                           1372.957
          Degrees of Freedom                  1990
          P-Value                           1.0000

** Of the 19112 cells in the latent class indicator table, 34
   were deleted in the calculation of chi-square due to extreme values.

Chi-Square Test for MCAR under the Unrestricted Latent Class Indicator Model

          Pearson Chi-Square

          Value                           1442.808
          Degrees of Freedom                 17035
          P-Value                           1.0000

          Likelihood Ratio Chi-Square

          Value                            904.660
          Degrees of Freedom                 17035
          P-Value                           1.0000



FINAL CLASS COUNTS AND PROPORTIONS FOR THE LATENT CLASSES
BASED ON THE ESTIMATED MODEL

    Latent
   Classes

       1        486.04854          0.15484
       2       2652.95146          0.84516


FINAL CLASS COUNTS AND PROPORTIONS FOR THE LATENT CLASSES
BASED ON ESTIMATED POSTERIOR PROBABILITIES

    Latent
   Classes

       1        486.04854          0.15484
       2       2652.95146          0.84516


FINAL CLASS COUNTS AND PROPORTIONS FOR THE LATENT CLASSES
BASED ON THEIR MOST LIKELY LATENT CLASS MEMBERSHIP

Class Counts and Proportions

    Latent
   Classes

       1              476          0.15155
       2             2663          0.84845


CLASSIFICATION QUALITY

     Entropy                         0.869


Average Latent Class Probabilities for Most Likely Latent Class Membership (Row)
by Latent Class (Column)

           1        2

    1   0.899    0.101
    2   0.022    0.978


Classification Probabilities for the Most Likely Latent Class Membership (Column)
by Latent Class (Row)

           1        2

    1   0.880    0.120
    2   0.018    0.982


Logits for the Classification Probabilities for the Most Likely Latent Class Membership (Column)
by Latent Class (Row)

              1        2

    1      1.996    0.000
    2     -3.998    0.000


MODEL RESULTS

                                                    Two-Tailed
                    Estimate       S.E.  Est./S.E.    P-Value

Latent Class 1

 Thresholds
    GND1$1             2.037      0.181     11.257      0.000
    GND2$1             1.772      0.154     11.507      0.000
    GND3$1             0.552      0.160      3.448      0.001
    GND4$1             0.097      0.122      0.800      0.424
    GND5$1             1.106      0.144      7.701      0.000
    GND6$1            -0.352      0.147     -2.384      0.017
    ETH1$1             1.496      0.185      8.093      0.000
    ETH2$1             0.900      0.136      6.611      0.000
    ETH3$1             0.545      0.131      4.157      0.000
    ETH4$1            -0.037      0.139     -0.266      0.790
    ETH5$1             0.843      0.149      5.657      0.000

Latent Class 2

 Thresholds
    GND1$1            15.000      0.000    999.000    999.000
    GND2$1             5.565      0.424     13.110      0.000
    GND3$1             5.849      0.527     11.102      0.000
    GND4$1             3.434      0.176     19.564      0.000
    GND5$1             3.967      0.185     21.498      0.000
    GND6$1             2.831      0.123     22.956      0.000
    ETH1$1            15.000      0.000    999.000    999.000
    ETH2$1             5.215      0.411     12.699      0.000
    ETH3$1             2.992      0.173     17.284      0.000
    ETH4$1             1.749      0.075     23.218      0.000
    ETH5$1             5.167      0.411     12.579      0.000

Categorical Latent Variables

 Means
    C#1               -1.697      0.088    -19.201      0.000


RESULTS IN PROBABILITY SCALE

Latent Class 1

 GND1
    Category 1         0.885      0.018     47.899      0.000
    Category 2         0.115      0.018      6.247      0.000
 GND2
    Category 1         0.855      0.019     44.697      0.000
    Category 2         0.145      0.019      7.598      0.000
 GND3
    Category 1         0.635      0.037     17.090      0.000
    Category 2         0.365      0.037      9.837      0.000
 GND4
    Category 1         0.524      0.030     17.270      0.000
    Category 2         0.476      0.030     15.667      0.000
 GND5
    Category 1         0.751      0.027     28.009      0.000
    Category 2         0.249      0.027      9.270      0.000
 GND6
    Category 1         0.413      0.036     11.552      0.000
    Category 2         0.587      0.036     16.419      0.000
 ETH1
    Category 1         0.817      0.028     29.560      0.000
    Category 2         0.183      0.028      6.622      0.000
 ETH2
    Category 1         0.711      0.028     25.410      0.000
    Category 2         0.289      0.028     10.330      0.000
 ETH3
    Category 1         0.633      0.030     20.784      0.000
    Category 2         0.367      0.030     12.051      0.000
 ETH4
    Category 1         0.491      0.035     14.123      0.000
    Category 2         0.509      0.035     14.655      0.000
 ETH5
    Category 1         0.699      0.031     22.302      0.000
    Category 2         0.301      0.031      9.599      0.000

Latent Class 2

 GND1
    Category 1         1.000      0.000      0.000      1.000
    Category 2         0.000      0.000      0.000      1.000
 GND2
    Category 1         0.996      0.002    617.379      0.000
    Category 2         0.004      0.002      2.365      0.018
 GND3
    Category 1         0.997      0.002    660.133      0.000
    Category 2         0.003      0.002      1.904      0.057
 GND4
    Category 1         0.969      0.005    182.316      0.000
    Category 2         0.031      0.005      5.881      0.000
 GND5
    Category 1         0.981      0.003    291.700      0.000
    Category 2         0.019      0.003      5.522      0.000
 GND6
    Category 1         0.944      0.006    145.670      0.000
    Category 2         0.056      0.006      8.586      0.000
 ETH1
    Category 1         1.000      0.000      0.000      1.000
    Category 2         0.000      0.000      0.000      1.000
 ETH2
    Category 1         0.995      0.002    450.466      0.000
    Category 2         0.005      0.002      2.448      0.014
 ETH3
    Category 1         0.952      0.008    120.856      0.000
    Category 2         0.048      0.008      6.067      0.000
 ETH4
    Category 1         0.852      0.010     89.595      0.000
    Category 2         0.148      0.010     15.581      0.000
 ETH5
    Category 1         0.994      0.002    429.416      0.000
    Category 2         0.006      0.002      2.448      0.014


LATENT CLASS ODDS RATIO RESULTS

                                                95% C.I.
                    Estimate       S.E.  Lower 2.5% Upper 2.5%

Latent Class 1 Compared to Latent Class 2

 GND1
    Category > 1   *********      0.000  *********  *********
 GND2
    Category > 1      44.373     19.940     18.391    107.062
 GND3
    Category > 1     199.610    113.516     65.479    608.501
 GND4
    Category > 1      28.124      5.929     18.605     42.514
 GND5
    Category > 1      17.484      3.695     11.554     26.456
 GND6
    Category > 1      24.112      4.738     16.405     35.440
 ETH1
    Category > 1   *********      0.000  *********  *********
 ETH2
    Category > 1      74.793     31.146     33.066    169.175
 ETH3
    Category > 1      11.550      2.601      7.428     17.958
 ETH4
    Category > 1       5.967      1.005      4.290      8.300
 ETH5
    Category > 1      75.492     33.381     31.733    179.594


QUALITY OF NUMERICAL RESULTS

     Condition Number for the Information Matrix              0.283E-02
       (ratio of smallest to largest eigenvalue)


MODEL COMMAND WITH FINAL ESTIMATES USED AS STARTING VALUES

     %OVERALL%

     [ c#1*-1.69712 ];

     %C#1%

     [ gnd1$1*2.03693 ];
     [ gnd2$1*1.77208 ];
     [ gnd3$1*0.55232 ];
     [ gnd4$1*0.09742 ];
     [ gnd5$1*1.10578 ];
     [ gnd6$1*-0.35153 ];
     [ eth1$1*1.49607 ];
     [ eth2$1*0.90009 ];
     [ eth3$1*0.54501 ];
     [ eth4$1*-0.03699 ];
     [ eth5$1*0.84299 ];

     %C#2%

     [ gnd1$1*15 ];
     [ gnd2$1*5.56470 ];
     [ gnd3$1*5.84869 ];
     [ gnd4$1*3.43405 ];
     [ gnd5$1*3.96703 ];
     [ gnd6$1*2.83120 ];
     [ eth1$1*15 ];
     [ eth2$1*5.21481 ];
     [ eth3$1*2.99167 ];
     [ eth4$1*1.74923 ];
     [ eth5$1*5.16701 ];



TECHNICAL 10 OUTPUT


     MODEL FIT INFORMATION FOR THE LATENT CLASS INDICATOR MODEL PART


     RESPONSE PATTERNS

     No.  Pattern        No.  Pattern        No.  Pattern
       1  00000000000      2  00000000001      3  00000000010
       4  00000000011      5  00000000100      6  00000000101
       7  00000000110      8  00000000111      9  00000001000
      10  00000001001     11  00000001010     12  00000001011
      13  00000001100     14  00000001101     15  00000001110
      16  00000001111     17  00000010000     18  00000010010
      19  00000010011     20  00000010100     21  00000010110
      22  00000011000     23  00000011010     24  00000011011
      25  00000011101     26  00000011110     27  00000011111
      28  00000100000     29  00000100010     30  00000100011
      31  00000100100     32  00000100101     33  00000100110
      34  00000100111     35  00000101000     36  00000101010
      37  00000101011     38  00000101110     39  00000101111
      40  00000111000     41  00000111010     42  00000111110
      43  00000111111     44  00001000000     45  00001000001
      46  00001000010     47  00001000110     48  00001000111
      49  00001001000     50  00001001010     51  00001010111
      52  00001011011     53  00001011110     54  00001011111
      55  00001100000     56  00001100001     57  00001100010
      58  00001100100     59  00001101000     60  00001111111
      61  00010000000     62  00010000001     63  00010000010
      64  00010000011     65  00010000100     66  00010000101
      67  00010000110     68  00010001000     69  00010001010
      70  00010010101     71  00010011111     72  00010100000
      73  00010100010     74  00010100100     75  00010100110
      76  00010100111     77  00010101000     78  00010101001
      79  00010101010     80  00010101110     81  00010111010
      82  00010111011     83  00010111111     84  00011000000
      85  00011000010     86  00011000100     87  00011100000
      88  00011100001     89  00011100010     90  00011100100
      91  00011100101     92  00011100110     93  00011101111
      94  00011110000     95  00011111101     96  00100000000
      97  00100000010     98  00100001001     99  00100001010
     100  00100011000    101  00100011111    102  00100100000
     103  00100100010    104  00100100011    105  00100100101
     106  00100100110    107  00100100111    108  00100101011
     109  00100110000    110  00100111001    111  00100111110
     112  00101011111    113  00101111110    114  00110000000
     115  00110000011    116  00110000100    117  00110000110
     118  00110001000    119  00110011011    120  00110100000
     121  00110100001    122  00110100010    123  00110100011
     124  00110100110    125  00110101000    126  00110101010
     127  00110101101    128  00110110000    129  00110111111
     130  00111000100    131  00111000101    132  00111011111
     133  00111100000    134  00111100010    135  00111100110
     136  00111111111    137  01000000000    138  01000000010
     139  01000000110    140  01000100000    141  01000100100
     142  01000100111    143  01001000010    144  01001001010
     145  01010000000    146  01010000010    147  01010100000
     148  01010100010    149  01010100110    150  01011000000
     151  01011011011    152  01011100110    153  01011101101
     154  01100000010    155  01100000100    156  01100001010
     157  01100100000    158  01101000011    159  01101100100
     160  01101101011    161  01110100000    162  01110101001
     163  01111100011    164  01111100100    165  01111111111
     166  10000001010    167  10000100000    168  10000100010
     169  10001000000    170  10010101011    171  10011001010
     172  10011111111    173  10100100000    174  10100100010
     175  10100100100    176  10100111011    177  10101001010
     178  10101100010    179  10101100110    180  10110010101
     181  10110100000    182  10110100010    183  10110100011
     184  10111000110    185  10111100000    186  10111111111
     187  11000000000    188  11000000110    189  11000110110
     190  11001001101    191  11001011111    192  11001100000
     193  11010001100    194  11011100000    195  11100100011
     196  11100100100    197  11101001110    198  11110100010
     199  11110111111    200  11111001110    201  11111100000
     202  11111100010    203  11111100100    204  11111101010
     205  11111111111    206  0000*000000    207  0000*000010
     208  0000*000110    209  0000*011111    210  0000*100001
     211  0000*100010    212  0001*000000    213  1101*100110
     214  000000*****    215  000001*****    216  000010*****
     217  000100*****    218  001000*****    219  011001*****
     220  101001*****    221  111111*****    222  00000*00000
     223  00000*00010    224  00**0*00000    225  00000*000**
     226  0000**00000    227  00*00000000    228  00*00100000
     229  00*10000000    230  00*10100000    231  00*10100010
     232  00*11011111    233  00*11100100    234  01*10101000
     235  10*10100000    236  00000000*00    237  00000000*10
     238  00000000*11    239  00000001*00    240  00001100*11
     241  00010000*00    242  00100000*10    243  00100001*10
     244  00110000*10    245  01010100*00    246  *0001111111
     247  *0110100000    248  *1111111111    249  0*001101001
     250  0*010000000    251  0*110000000    252  000*0000000
     253  000*1000010    254  000********    255  111111*1011
     256  0*0000000*0    257  0000*00001*    258  000000000**
     259  00000000**0    260  000000000*0    261  000000010*0
     262  000000110*0    263  000000111*0    264  000010000*0
     265  010000000*0    266  0000010*010    267  0000100*000
     268  00000*111*1    269  0**00000000    270  0000*1111*1
     271  0*00*000010    272  00*100*****    273  00110*0010*
     274  ******00001    275  0010010**10    276  1011*1*****
     277  00**0000000


     RESPONSE PATTERN FREQUENCIES AND CHI-SQUARE CONTRIBUTIONS

    Response          Frequency     Standardized  Chi-square Contribution
     Pattern    Observed  Estimated   Residual    Pearson   Loglikelihood  Deleted
                                     (z-score)
         1      1923.50    1832.32       3.35       4.28       142.11
         2         5.54      12.41      -1.93       3.80        -8.69
         3       267.00     322.63      -3.24       9.59      -103.86
         4        14.87       3.87       5.53      31.27        40.25
         5        50.77      94.43      -4.51      20.13       -66.27
         6         1.93       1.67       0.20       0.04         0.42
         7        75.66      18.73       9.91      99.98       197.82
         8        13.89       1.28       9.88     100.00        66.20
         9         6.76      11.81      -1.45       1.95        -5.17
        10         0.84       0.86      -0.03       0.00        -0.11
        11         9.95       3.67       3.24      10.70        20.50
        12         4.23       0.85       3.64      13.54        13.34
        13         2.07       1.59       0.38       0.13         1.51
        14         0.66       0.47       0.28       0.08         0.41
        15         1.99       1.21       0.70       0.50         1.84
        16         1.31       0.49       1.17       1.40         2.52
        17         0.99       1.03      -0.04       0.00        -0.15
        18         1.46       1.07       0.37       0.14         0.80
        19         0.83       0.46       0.54       0.30         0.93
        20         0.91       0.60       0.40       0.16         0.71
        21         3.09       0.62       3.10       9.84         9.73
        22         1.27       0.42       1.30       1.71         3.20
        23         2.82       0.44       3.57      12.97        11.35
        24         0.98       0.19       1.82       3.38         3.19
        25         0.78       0.10       2.07       4.39         3.15
        26         1.11       0.25       1.68       2.28         4.87
        27        13.87       0.11       9.88      99.96       135.93
        28       100.11     114.28      -1.34       1.71       -30.67
        29        24.57      25.53      -0.19      -0.07         1.34
        30         2.83       3.03      -0.12       0.01        -0.58
        31         7.82       9.21      -0.45       0.20        -3.08
        32         0.92       1.67      -0.57       0.33        -1.15
        33         4.05       4.88      -0.37       0.14        -1.78
        34         2.96       1.70       0.96       0.93         3.09
        35         0.81       3.25      -1.34       1.83        -2.31
        36         1.78       2.87      -0.63       0.41        -1.69
        37         1.96       1.19       0.70       0.50         1.84
        38         1.24       1.61      -0.29       0.08        -0.73
        39         3.55       0.69       3.40      11.82        11.37
        40         1.92       0.60       1.69       2.94         4.37
        41         2.18       0.62       1.96       3.92         5.33
        42         1.00       0.36       1.06       1.14         1.98
        43         3.76       0.15       9.06      84.00        25.49
        44        27.71      36.12      -1.39       1.93       -12.85
        45         1.00       0.85       0.16       0.02         0.39
        46        11.15       7.60       1.27       1.53        10.89
        47         1.85       1.22       0.57       0.33         1.54
        48         0.99       0.40       0.93       0.89         1.77
        49         2.64       0.81       2.01       4.14         6.26
        50         1.06       0.68       0.47       0.22         0.92
        51         0.91       0.09       2.74       7.70         4.23
        52         0.81       0.06       2.98       9.11         4.16
        53         0.98       0.08       3.05       9.52         4.76
        54         1.63       0.04       8.30      70.63        12.53
        55        13.22       4.21       4.34      19.28        29.30
        56         1.24       0.94       0.30      -0.43         2.26
        57         2.85       2.60       0.15       0.02         0.64
        58         2.39       1.36       0.87       0.77         2.51
        59         0.85       0.89      -0.05       0.00        -0.15
        60         0.78       0.05       3.20       9.68         5.79
        61        53.51      63.14      -1.21       1.22       -10.49
        62         2.22       2.14       0.06       0.00         0.36
        63         8.51      14.59      -1.58       2.53        -9.42
        64         2.87       1.93       0.67       0.47         2.22
        65         2.77       5.38      -1.11       1.27        -3.67
        66         2.61       1.06       1.49       2.26         4.63
        67         3.25       3.03       0.12       0.01         0.35
        68         0.59       2.02      -1.00       1.02        -1.47
        69         0.95       1.82      -0.64       0.41        -1.26
        70         0.91       0.23       1.38       1.94         2.44
        71         2.09       0.10       6.28      40.40        12.74
        72        38.45       9.42       9.36      89.47       106.97
        73         8.58       6.77       0.69       0.45         5.12
        74         0.78       3.62      -1.47       2.22        -2.46
        75         1.68       3.61      -1.00       1.03        -2.69
        76         0.79       1.54      -0.60       0.37        -1.12
        77         1.03       2.44      -0.89       0.81        -1.85
        78         1.11       1.04       0.06       0.00         0.05
        79         0.91       2.51      -1.00       1.02        -1.91
        80         0.99       1.45      -0.38       0.15        -0.84
        81         1.11       0.56       0.72       0.53         1.43
        82         0.94       0.24       1.41       2.03         2.49
        83         0.82       0.14       1.80       3.33         2.85
        84         3.38       2.50       0.55       0.31         1.92
        85         0.84       1.63      -0.61       0.38        -1.04
        86         2.06       0.86       1.28       1.67         3.44
        87         8.39       2.03       4.41      19.87        23.16
        88         0.93       0.85       0.08       0.01         0.20
        89         1.15       2.05      -0.62       0.39        -1.42
        90         1.91       1.14       0.71       0.25         3.39
        91         0.69       0.49       0.28       0.08         0.42
        92         0.80       1.18      -0.35       0.13        -0.69
        93         0.99       0.21       1.69       2.93         3.00
        94         0.85       0.44       0.61       0.38         1.05
        95         0.66       0.04       2.88       8.51         3.51
        96         7.91       7.92      -0.01      -0.01         0.43
        97         1.66       3.67      -1.04       0.51        -0.69
        98         2.04       0.46       2.28       5.33         6.13
        99         1.22       1.12       0.09      -0.33         1.48
       100         1.97       0.24       3.48      12.43         8.40
       101         1.57       0.06       5.93      36.07        10.16
       102        11.10       4.08       3.43      12.04        21.52
       103         1.19       3.97      -1.38       1.80        -2.02
       104         0.98       1.68      -0.54       0.29        -1.14
       105         0.96       0.94       0.02       0.00        -0.04
       106         1.69       2.27      -0.38      -0.07         0.20
       107         0.91       0.98      -0.07       0.00        -0.19
       108         1.29       0.68       0.72       0.53         1.53
       109         1.03       0.84       0.20       0.04         0.33
       110         0.91       0.15       1.96       3.95         3.25
       111         0.91       0.21       1.53       2.40         2.64
       112         0.28       0.02       1.75       3.13         1.40
       113         0.78       0.07       2.70       7.46         3.76
       114         4.66       2.58       1.28       1.58         6.96
       115         0.84       1.08      -0.23       0.05        -0.47
       116         1.76       1.40       0.30      -0.22         2.26
       117         5.50       1.45       3.33      11.13        16.73
       118         0.86       0.98      -0.12       0.01        -0.27
       119         1.09       0.10       3.14      10.08         5.20
       120        43.52       3.43       9.89     100.00       200.44
       121         1.27       1.47      -0.16       0.03        -0.33
       122         2.23       3.55      -0.69       0.48        -1.80
       123         1.35       1.53      -0.14       0.02        -0.44
       124         2.40       2.06       0.24       0.05         0.57
       125         0.80       1.39      -0.50       0.25        -0.95
       126         0.66       1.44      -0.64       0.42        -1.08
       127         1.07       0.35       1.22       1.52         2.35
       128         0.73       0.77      -0.05       0.00        -0.13
       129         0.28       0.08       0.68       0.47         0.65
       130         0.88       0.46       0.61       0.38         1.07
       131         1.18       0.20       2.17       4.84         4.12
       132         1.33       0.02       9.43      90.80        12.62
       133        10.29       1.13       8.50      73.99        44.62
       134         1.46       1.17       0.26       0.07         0.53
       135         0.96       0.68       0.34       0.12         0.59
       136         2.98       0.03       9.88     100.00        27.84
       137         6.81       7.79      -0.35       0.06        -0.52
       138         1.13       2.03      -0.62       0.39        -1.10
       139         1.92       0.53       1.88       3.61         4.78
       140         6.28       1.53       3.80      14.78        17.28
       141         1.68       0.67       1.22       1.53         2.97
       142         1.29       0.29       1.84       3.47         3.76
       143         0.93       0.29       1.16       1.37         2.07
       144         1.24       0.11       3.37      11.66         5.92
       145         0.84       0.94      -0.10       0.01        -0.22
       146         0.93       0.78       0.17       0.03         0.26
       147         0.50       1.02      -0.52      -0.44         0.40
       148         1.11       1.05       0.05       0.00         0.03
       149         1.30       0.61       0.88       0.79         1.88
       150         2.04       0.24       3.63      13.53         8.58
       151         1.15       0.01       9.88     100.00        10.93      DELETED
       152         1.24       0.20       2.29       5.36         4.42
       153         1.54       0.03       8.08      66.86        11.64
       154         0.97       0.47       0.72       0.53         1.33
       155         0.50       0.26       0.45       0.21         0.59
       156         1.69       0.19       3.39      11.77         7.23
       157         2.24       0.64       1.97       3.93         6.33
       158         1.00       0.07       3.57      13.03         5.33
       159         1.00       0.12       2.46       6.21         4.10
       160         1.15       0.04       5.58      31.89         7.70
       161         0.52       0.58      -0.08       0.01        -0.15
       162         1.18       0.10       3.35      11.49         5.72
       163         0.74       0.09       2.21       5.01         3.14
       164         0.96       0.11       2.52       6.49         4.08
       165         0.78       0.00       9.88      99.99         8.19      DELETED
       166         0.98       0.25       1.42       2.08         2.57
       167         2.15       0.85       1.38       1.95         3.79
       168         0.98       0.89       0.09       0.01         0.11
       169         0.69       0.20       1.09       1.21         1.66
       170         1.29       0.14       3.03       9.40         5.63
       171         0.98       0.08       3.23      10.72         4.93
       172         0.96       0.01       9.88     100.00         9.69      DELETED
       173         0.78       0.49       0.41       0.10         1.17
       174         0.59       0.51       0.11      -0.04         0.50
       175         1.26       0.29       1.80       3.21         4.45
       176         0.85       0.02       5.78      34.18         6.84
       177         0.99       0.05       4.25      18.47         5.93
       178         1.03       0.17       2.07       4.38         3.64
       179         0.73       0.10       1.98       4.03         2.85
       180         1.12       0.02       8.24      69.63         9.26
       181         0.93       0.45       0.71      -0.52         3.23
       182         0.99       0.46       0.76       0.58         1.69
       183         0.80       0.20       1.32       1.78         2.36
       184         0.60       0.06       2.14       4.70         2.70
       185         1.30       0.15       2.97       9.03         5.93
       186         0.96       0.00       9.88      99.99        10.94      DELETED
       187         1.18       0.10       3.34      11.43         5.71
       188         0.80       0.06       2.93       8.78         4.02
       189         0.85       0.02       5.87      35.36         6.36
       190         1.27       0.00       9.88     100.00        14.97      DELETED
       191         4.08       0.00       9.88      99.99        69.33      DELETED
       192         1.22       0.05       5.28      28.55         7.80
       193         1.00       0.02       6.54      43.86         7.58
       194         1.54       0.04       7.08      51.34        10.86
       195         0.90       0.04       4.39      19.76         5.63
       196         0.63       0.05       2.59       6.87         3.15
       197         0.78       0.00       9.88     100.00         7.87      DELETED
       198         1.08       0.08       3.53      12.76         5.58
       199         1.34       0.00       9.88     100.00        17.64      DELETED
       200         0.91       0.00       9.88     100.00         9.66      DELETED
       201         1.96       0.03       9.88     100.00        17.24
       202         0.81       0.03       4.79      23.52         5.64
       203         1.59       0.01       9.88     100.00        15.05
       204         1.29       0.01       9.88     100.00        12.50
       205         4.82       0.00       9.88      99.84        88.50      DELETED
       206         7.14      10.83      -1.80      -0.21         0.46
       207         2.96       1.91       0.79      -0.56        -1.02
       208         1.32       0.12       3.51      10.78         3.54
       209         0.81       0.00       9.88      94.59         7.64      DELETED
       210         1.07       0.03       6.49     -39.02        -1.33
       211         1.73       0.16       3.86       0.64         0.12
       212         1.20       0.38       1.33      -0.29        -0.19
       213         1.30       0.00       9.88       0.00         6.42      DELETED
       214         9.08      12.22      -1.83      -0.18         0.55
       215         0.66       0.98      -0.33       0.06        -0.19
       216         0.96       0.29       1.23      -0.12        -0.08
       217         1.15       0.56       0.79      -0.52        -0.55
       218         1.20       0.15       2.74      -4.50        -0.91
       219         0.50       0.03       2.83      -8.47        -0.65
       220         1.34       0.02       9.10      13.86         0.46
       221         1.07       0.00       9.88      84.65         8.87      DELETED
       222         7.80       5.71       1.45       0.13         0.42
       223         1.07       1.02       0.05      -0.05        -0.38
       224         0.86       0.58       0.64       0.04         0.10
       225         1.12       0.86       0.58       0.00         0.00
       226         1.98       1.30       1.01       0.04         0.11
       227         4.99       8.92      -2.08      -0.23         0.37
       228         0.79       0.57       0.28      -0.05        -0.13
       229         1.62       0.32       2.30      -0.38        -0.15
       230         1.79       0.06       6.86      43.11         6.62
       231         1.13       0.05       4.79       2.62         0.24
       232         0.94       0.00       9.88      18.45         7.04      DELETED
       233         0.96       0.01       9.88      32.71         0.83      DELETED
       234         1.08       0.00       9.88       0.00         1.03      DELETED
       235         1.34       0.01       9.88       0.00         1.98      DELETED
       236         1.75       7.12      -3.30      -0.08         0.04
       237         0.62       1.26      -0.60       0.00         0.00
       238         1.05       0.02       7.37      47.27         3.61
       239         1.31       0.05       5.62     -10.27        -0.68
       240         0.99       0.01       9.88       0.00        -0.94      DELETED
       241         0.96       0.25       1.40      -0.48        -0.25
       242         1.25       0.02       8.69     -22.72        -1.44
       243         0.79       0.01       9.51      13.08         0.23      DELETED
       244         1.32       0.01       9.89      31.63         1.35
       245         1.14       0.01       9.88       0.00        -0.05      DELETED
       246         0.99       0.00       9.88       0.00         7.10      DELETED
       247         0.98       0.00       9.89      79.09         4.86      DELETED
       248         0.77       0.00       9.88       2.22        11.06      DELETED
       249         0.79       0.00       9.88       0.00         0.84      DELETED
       250         0.80       0.05       3.32      -1.30        -0.16
       251         0.78       0.00       9.88       0.00         0.94      DELETED
       252         6.90       4.98       1.39       0.14         0.45
       253         1.05       0.02       6.49      13.67         0.76
       254         1.00       0.91       0.30       0.00         0.02
       255         0.76       0.00       9.88       0.00         7.49      DELETED
       256         1.05       0.76       0.64       0.00         0.01
       257         1.15       0.13       3.00      -1.47        -0.31
       258         1.90       1.36       0.85       0.01         0.03
       259         1.64       1.23       0.73       0.01         0.03
       260         6.30       8.33      -1.30      -0.02         0.07
       261         1.25       0.06       4.82       4.08         0.43
       262         0.81       0.00       9.88      65.87         2.77      DELETED
       263         1.26       0.00       9.88       0.00         3.84      DELETED
       264         0.94       0.17       1.87      -0.33        -0.12
       265         1.13       0.04       5.54      -4.11        -0.26
       266         0.96       0.02       7.30      -0.75        -0.03
       267         0.79       0.02       5.21      -5.21        -0.26
       268         0.69       0.00       9.88       0.00         5.04      DELETED
       269         0.99       0.61       0.78       0.04         0.07
       270         1.18       0.00       9.88       0.00         6.63      DELETED
       271         0.99       0.11       2.80      -1.67        -0.34
       272         0.99       0.04       4.71      -5.77        -0.43
       273         0.99       0.00       9.89       0.00        -1.18      DELETED
       274         0.74       0.01       7.64     -40.99        -1.49      DELETED
       275         1.39       0.00       9.89       0.00        -2.10      DELETED
       276         0.92       0.00       9.89       0.00         0.73      DELETED
       277         1.18       0.74       0.82       0.04         0.08

     THE TOTAL PEARSON CHI-SQUARE CONTRIBUTION FROM EMPTY CELLS IS       250.79


     UNIVARIATE MODEL FIT INFORMATION

                               Estimated Probabilities
                                                  Standardized
     Variable              H1           H0          Residual
                                                   (z-score)
     GND1
       Category 1        0.982        0.982          -0.047
       Category 2        0.018        0.018           0.047
       Univariate Pearson Chi-Square                  0.002
       Univariate Log-Likelihood Chi-Square           0.002
     GND2
       Category 1        0.974        0.974          -0.011
       Category 2        0.026        0.026           0.011
       Univariate Pearson Chi-Square                  0.000
       Univariate Log-Likelihood Chi-Square           0.000
     GND3
       Category 1        0.940        0.941          -0.121
       Category 2        0.060        0.059           0.121
       Univariate Pearson Chi-Square                  0.015
       Univariate Log-Likelihood Chi-Square           0.015
     GND4
       Category 1        0.900        0.900           0.008
       Category 2        0.100        0.100          -0.008
       Univariate Pearson Chi-Square                  0.000
       Univariate Log-Likelihood Chi-Square           0.000
     GND5
       Category 1        0.945        0.946          -0.108
       Category 2        0.055        0.054           0.108
       Univariate Pearson Chi-Square                  0.012
       Univariate Log-Likelihood Chi-Square           0.012
     GND6
       Category 1        0.862        0.862           0.049
       Category 2        0.138        0.138          -0.049
       Univariate Pearson Chi-Square                  0.002
       Univariate Log-Likelihood Chi-Square           0.002
     ETH1
       Category 1        0.971        0.972          -0.072
       Category 2        0.029        0.028           0.072
       Univariate Pearson Chi-Square                  0.005
       Univariate Log-Likelihood Chi-Square           0.005
     ETH2
       Category 1        0.951        0.951           0.004
       Category 2        0.049        0.049          -0.004
       Univariate Pearson Chi-Square                  0.000
       Univariate Log-Likelihood Chi-Square           0.000
     ETH3
       Category 1        0.903        0.903          -0.026
       Category 2        0.097        0.097           0.026
       Univariate Pearson Chi-Square                  0.001
       Univariate Log-Likelihood Chi-Square           0.001
     ETH4
       Category 1        0.795        0.796          -0.078
       Category 2        0.205        0.204           0.078
       Univariate Pearson Chi-Square                  0.006
       Univariate Log-Likelihood Chi-Square           0.006
     ETH5
       Category 1        0.949        0.949           0.007
       Category 2        0.051        0.051          -0.007
       Univariate Pearson Chi-Square                  0.000
       Univariate Log-Likelihood Chi-Square           0.000

       Overall Univariate Pearson Chi-Square                         0.044
       Overall Univariate Log-Likelihood Chi-Square                  0.044


     BIVARIATE MODEL FIT INFORMATION

                                              Estimated Probabilities
                                                                 Standardized
     Variable       Variable              H1           H0          Residual
                                                                  (z-score)
     GND1           GND2
       Category 1     Category 1        0.966        0.959           2.067
       Category 1     Category 2        0.016        0.023          -2.768
       Category 2     Category 1        0.008        0.015          -3.355
       Category 2     Category 2        0.010        0.003           8.209
       Bivariate Pearson Chi-Square                                 88.053
       Bivariate Log-Likelihood Chi-Square                          62.078
     GND1           GND3
       Category 1     Category 1        0.934        0.930           0.876
       Category 1     Category 2        0.048        0.052          -1.033
       Category 2     Category 1        0.007        0.011          -2.385
       Category 2     Category 2        0.011        0.007           3.213
       Bivariate Pearson Chi-Square                                 17.362
       Bivariate Log-Likelihood Chi-Square                          16.496
     GND1           GND4
       Category 1     Category 1        0.892        0.891           0.310
       Category 1     Category 2        0.090        0.092          -0.357
       Category 2     Category 1        0.008        0.009          -0.979
       Category 2     Category 2        0.010        0.008           1.095
       Bivariate Pearson Chi-Square                                  2.321
       Bivariate Log-Likelihood Chi-Square                           2.308
     GND1           GND5
       Category 1     Category 1        0.938        0.932           1.145
       Category 1     Category 2        0.044        0.050          -1.351
       Category 2     Category 1        0.008        0.013          -2.710
       Category 2     Category 2        0.010        0.004           4.783
       Bivariate Pearson Chi-Square                                 32.625
       Bivariate Log-Likelihood Chi-Square                          27.713
     GND1           GND6
       Category 1     Category 1        0.857        0.855           0.436
       Category 1     Category 2        0.125        0.127          -0.480
       Category 2     Category 1        0.005        0.007          -1.602
       Category 2     Category 2        0.013        0.010           1.407
       Bivariate Pearson Chi-Square                                  4.849
       Bivariate Log-Likelihood Chi-Square                           5.057
     GND1           ETH1
       Category 1     Category 1        0.959        0.957           0.499
       Category 1     Category 2        0.023        0.025          -0.687
       Category 2     Category 1        0.013        0.015          -0.942
       Category 2     Category 2        0.005        0.003           2.089
       Bivariate Pearson Chi-Square                                  5.835
       Bivariate Log-Likelihood Chi-Square                           5.147
     GND1           ETH2
       Category 1     Category 1        0.941        0.938           0.626
       Category 1     Category 2        0.041        0.044          -0.765
       Category 2     Category 1        0.010        0.013          -1.340
       Category 2     Category 2        0.008        0.005           2.181
       Bivariate Pearson Chi-Square                                  7.263
       Bivariate Log-Likelihood Chi-Square                           6.720
     GND1           ETH3
       Category 1     Category 1        0.893        0.891           0.314
       Category 1     Category 2        0.089        0.091          -0.362
       Category 2     Category 1        0.009        0.011          -0.999
       Category 2     Category 2        0.009        0.007           1.386
       Bivariate Pearson Chi-Square                                  3.099
       Bivariate Log-Likelihood Chi-Square                           2.987
     GND1           ETH4
       Category 1     Category 1        0.788        0.787           0.176
       Category 1     Category 2        0.194        0.195          -0.198
       Category 2     Category 1        0.007        0.009          -1.113
       Category 2     Category 2        0.011        0.009           1.158
       Bivariate Pearson Chi-Square                                  2.659
       Bivariate Log-Likelihood Chi-Square                           2.670
     GND1           ETH5
       Category 1     Category 1        0.937        0.936           0.275
       Category 1     Category 2        0.045        0.046          -0.351
       Category 2     Category 1        0.011        0.012          -0.592
       Category 2     Category 2        0.007        0.005           0.985
       Bivariate Pearson Chi-Square                                  1.469
       Bivariate Log-Likelihood Chi-Square                           1.411
     GND2           GND3
       Category 1     Category 1        0.925        0.924           0.327
       Category 1     Category 2        0.049        0.051          -0.403
       Category 2     Category 1        0.015        0.017          -0.879
       Category 2     Category 2        0.010        0.008           1.294
       Bivariate Pearson Chi-Square                                  2.646
       Bivariate Log-Likelihood Chi-Square                           2.551
     GND2           GND4
       Category 1     Category 1        0.886        0.885           0.189
       Category 1     Category 2        0.088        0.089          -0.218
       Category 2     Category 1        0.014        0.015          -0.479
       Category 2     Category 2        0.012        0.011           0.578
       Bivariate Pearson Chi-Square                                  0.618
       Bivariate Log-Likelihood Chi-Square                           0.613
     GND2           GND5
       Category 1     Category 1        0.932        0.926           1.241
       Category 1     Category 2        0.043        0.049          -1.521
       Category 2     Category 1        0.014        0.020          -2.493
       Category 2     Category 2        0.012        0.006           4.686
       Bivariate Pearson Chi-Square                                 30.978
       Bivariate Log-Likelihood Chi-Square                          26.351
     GND2           GND6
       Category 1     Category 1        0.852        0.850           0.363
       Category 1     Category 2        0.122        0.125          -0.398
       Category 2     Category 1        0.010        0.012          -1.025
       Category 2     Category 2        0.015        0.013           0.999
       Bivariate Pearson Chi-Square                                  2.235
       Bivariate Log-Likelihood Chi-Square                           2.252
     GND2           ETH1
       Category 1     Category 1        0.950        0.950           0.081
       Category 1     Category 2        0.024        0.024          -0.126
       Category 2     Category 1        0.021        0.022          -0.204
       Category 2     Category 2        0.005        0.004           0.489
       Bivariate Pearson Chi-Square                                  0.302
       Bivariate Log-Likelihood Chi-Square                           0.292
     GND2           ETH2
       Category 1     Category 1        0.934        0.931           0.515
       Category 1     Category 2        0.040        0.043          -0.652
       Category 2     Category 1        0.017        0.019          -0.943
       Category 2     Category 2        0.009        0.007           1.629
       Bivariate Pearson Chi-Square                                  4.030
       Bivariate Log-Likelihood Chi-Square                           3.798
     GND2           ETH3
       Category 1     Category 1        0.887        0.885           0.336
       Category 1     Category 2        0.087        0.089          -0.382
       Category 2     Category 1        0.015        0.017          -0.881
       Category 2     Category 2        0.011        0.008           1.276
       Bivariate Pearson Chi-Square                                  2.585
       Bivariate Log-Likelihood Chi-Square                           2.496
     GND2           ETH4
       Category 1     Category 1        0.782        0.782           0.026
       Category 1     Category 2        0.192        0.192          -0.031
       Category 2     Category 1        0.013        0.014          -0.363
       Category 2     Category 2        0.013        0.012           0.405
       Bivariate Pearson Chi-Square                                  0.300
       Bivariate Log-Likelihood Chi-Square                           0.299
     GND2           ETH5
       Category 1     Category 1        0.930        0.930           0.166
       Category 1     Category 2        0.044        0.045          -0.214
       Category 2     Category 1        0.018        0.019          -0.300
       Category 2     Category 2        0.008        0.007           0.519
       Bivariate Pearson Chi-Square                                  0.411
       Bivariate Log-Likelihood Chi-Square                           0.403
     GND3           GND4
       Category 1     Category 1        0.880        0.868           2.011
       Category 1     Category 2        0.060        0.073          -2.725
       Category 2     Category 1        0.020        0.032          -3.854
       Category 2     Category 2        0.040        0.027           4.362
       Bivariate Pearson Chi-Square                                 41.295
       Bivariate Log-Likelihood Chi-Square                          41.658
     GND3           GND5
       Category 1     Category 1        0.901        0.901           0.006
       Category 1     Category 2        0.040        0.040          -0.154
       Category 2     Category 1        0.044        0.045          -0.126
       Category 2     Category 2        0.015        0.014           0.463
       Bivariate Pearson Chi-Square                                  0.255
       Bivariate Log-Likelihood Chi-Square                           0.251
     GND3           GND6
       Category 1     Category 1        0.846        0.836           1.458
       Category 1     Category 2        0.094        0.105          -1.855
       Category 2     Category 1        0.016        0.026          -3.304
       Category 2     Category 2        0.043        0.033           3.068
       Bivariate Pearson Chi-Square                                 23.732
       Bivariate Log-Likelihood Chi-Square                          24.683
     GND3           ETH1
       Category 1     Category 1        0.921        0.923          -0.512
       Category 1     Category 2        0.020        0.018           0.814
       Category 2     Category 1        0.051        0.049           0.579
       Category 2     Category 2        0.009        0.010          -0.951
       Bivariate Pearson Chi-Square                                  1.930
       Bivariate Log-Likelihood Chi-Square                           1.958
     GND3           ETH2
       Category 1     Category 1        0.905        0.908          -0.654
       Category 1     Category 2        0.036        0.033           0.899
       Category 2     Category 1        0.046        0.043           0.939
       Category 2     Category 2        0.013        0.016          -1.272
       Bivariate Pearson Chi-Square                                  3.336
       Bivariate Log-Likelihood Chi-Square                           3.398
     GND3           ETH3
       Category 1     Category 1        0.859        0.865          -0.923
       Category 1     Category 2        0.082        0.076           1.082
       Category 2     Category 1        0.044        0.038           1.608
       Category 2     Category 2        0.016        0.021          -1.955
       Bivariate Pearson Chi-Square                                  7.605
       Bivariate Log-Likelihood Chi-Square                           7.818
     GND3           ETH4
       Category 1     Category 1        0.758        0.766          -1.082
       Category 1     Category 2        0.183        0.175           1.131
       Category 2     Category 1        0.038        0.030           2.507
       Category 2     Category 2        0.022        0.029          -2.366
       Bivariate Pearson Chi-Square                                 13.174
       Bivariate Log-Likelihood Chi-Square                          13.206
     GND3           ETH5
       Category 1     Category 1        0.902        0.907          -0.917
       Category 1     Category 2        0.039        0.034           1.308
       Category 2     Category 1        0.047        0.042           1.338
       Category 2     Category 2        0.013        0.017          -1.853
       Bivariate Pearson Chi-Square                                  6.985
       Bivariate Log-Likelihood Chi-Square                           7.192
     GND4           GND5
       Category 1     Category 1        0.869        0.865           0.685
       Category 1     Category 2        0.031        0.035          -1.255
       Category 2     Category 1        0.077        0.081          -0.947
       Category 2     Category 2        0.023        0.019           1.887
       Bivariate Pearson Chi-Square                                  6.046
       Bivariate Log-Likelihood Chi-Square                           5.866
     GND4           GND6
       Category 1     Category 1        0.822        0.807           2.199
       Category 1     Category 2        0.078        0.093          -2.979
       Category 2     Category 1        0.040        0.055          -3.724
       Category 2     Category 2        0.060        0.045           4.110
       Bivariate Pearson Chi-Square                                 39.157
       Bivariate Log-Likelihood Chi-Square                          39.486
     GND4           ETH1
       Category 1     Category 1        0.880        0.885          -0.835
       Category 1     Category 2        0.020        0.015           2.220
       Category 2     Category 1        0.091        0.087           0.904
       Category 2     Category 2        0.009        0.013          -2.226
       Bivariate Pearson Chi-Square                                 10.825
       Bivariate Log-Likelihood Chi-Square                          11.044
     GND4           ETH2
       Category 1     Category 1        0.865        0.872          -1.223
       Category 1     Category 2        0.035        0.028           2.495
       Category 2     Category 1        0.086        0.079           1.521
       Category 2     Category 2        0.014        0.021          -2.843
       Bivariate Pearson Chi-Square                                 16.679
       Bivariate Log-Likelihood Chi-Square                          17.271
     GND4           ETH3
       Category 1     Category 1        0.825        0.831          -0.958
       Category 1     Category 2        0.075        0.069           1.426
       Category 2     Category 1        0.078        0.072           1.361
       Category 2     Category 2        0.022        0.028          -2.132
       Bivariate Pearson Chi-Square                                  8.383
       Bivariate Log-Likelihood Chi-Square                           8.661
     GND4           ETH4
       Category 1     Category 1        0.724        0.737          -1.656
       Category 1     Category 2        0.176        0.163           1.981
       Category 2     Category 1        0.071        0.059           2.967
       Category 2     Category 2        0.029        0.041          -3.510
       Bivariate Pearson Chi-Square                                 24.693
       Bivariate Log-Likelihood Chi-Square                          25.522
     GND4           ETH5
       Category 1     Category 1        0.864        0.871          -1.068
       Category 1     Category 2        0.036        0.029           2.145
       Category 2     Category 1        0.084        0.078           1.343
       Category 2     Category 2        0.016        0.022          -2.451
       Bivariate Pearson Chi-Square                                 12.449
       Bivariate Log-Likelihood Chi-Square                          12.788
     GND5           GND6
       Category 1     Category 1        0.836        0.831           0.696
       Category 1     Category 2        0.109        0.114          -0.895
       Category 2     Category 1        0.026        0.031          -1.413
       Category 2     Category 2        0.028        0.023           1.771
       Bivariate Pearson Chi-Square                                  5.931
       Bivariate Log-Likelihood Chi-Square                           5.848
     GND5           ETH1
       Category 1     Category 1        0.926        0.925           0.323
       Category 1     Category 2        0.019        0.021          -0.761
       Category 2     Category 1        0.045        0.047          -0.459
       Category 2     Category 2        0.009        0.007           1.455
       Bivariate Pearson Chi-Square                                  2.948
       Bivariate Log-Likelihood Chi-Square                           2.775
     GND5           ETH2
       Category 1     Category 1        0.910        0.908           0.478
       Category 1     Category 2        0.035        0.038          -0.849
       Category 2     Category 1        0.041        0.043          -0.678
       Category 2     Category 2        0.014        0.011           1.537
       Bivariate Pearson Chi-Square                                  3.574
       Bivariate Log-Likelihood Chi-Square                           3.418
     GND5           ETH3
       Category 1     Category 1        0.865        0.863           0.251
       Category 1     Category 2        0.080        0.082          -0.403
       Category 2     Category 1        0.038        0.039          -0.484
       Category 2     Category 2        0.017        0.015           0.979
       Bivariate Pearson Chi-Square                                  1.358
       Bivariate Log-Likelihood Chi-Square                           1.320
     GND5           ETH4
       Category 1     Category 1        0.763        0.764          -0.070
       Category 1     Category 2        0.182        0.182           0.014
       Category 2     Category 1        0.032        0.032          -0.010
       Category 2     Category 2        0.022        0.022           0.178
       Bivariate Pearson Chi-Square                                  0.033
       Bivariate Log-Likelihood Chi-Square                           0.033
     GND5           ETH5
       Category 1     Category 1        0.908        0.906           0.284
       Category 1     Category 2        0.038        0.040          -0.549
       Category 2     Category 1        0.041        0.043          -0.403
       Category 2     Category 2        0.014        0.012           0.984
       Bivariate Pearson Chi-Square                                  1.443
       Bivariate Log-Likelihood Chi-Square                           1.400
     GND6           ETH1
       Category 1     Category 1        0.846        0.850          -0.752
       Category 1     Category 2        0.017        0.012           2.650
       Category 2     Category 1        0.126        0.121           0.785
       Category 2     Category 2        0.012        0.017          -2.136
       Bivariate Pearson Chi-Square                                 12.349
       Bivariate Log-Likelihood Chi-Square                          12.019
     GND6           ETH2
       Category 1     Category 1        0.833        0.839          -1.009
       Category 1     Category 2        0.030        0.023           2.595
       Category 2     Category 1        0.118        0.111           1.180
       Category 2     Category 2        0.020        0.027          -2.416
       Bivariate Pearson Chi-Square                                 13.999
       Bivariate Log-Likelihood Chi-Square                          13.969
     GND6           ETH3
       Category 1     Category 1        0.791        0.800          -1.268
       Category 1     Category 2        0.071        0.062           2.177
       Category 2     Category 1        0.111        0.102           1.646
       Category 2     Category 2        0.026        0.036          -2.783
       Bivariate Pearson Chi-Square                                 15.030
       Bivariate Log-Likelihood Chi-Square                          15.515
     GND6           ETH4
       Category 1     Category 1        0.700        0.711          -1.339
       Category 1     Category 2        0.162        0.151           1.743
       Category 2     Category 1        0.095        0.085           2.066
       Category 2     Category 2        0.043        0.053          -2.637
       Bivariate Pearson Chi-Square                                 13.920
       Bivariate Log-Likelihood Chi-Square                          14.207
     GND6           ETH5
       Category 1     Category 1        0.831        0.838          -1.051
       Category 1     Category 2        0.031        0.024           2.651
       Category 2     Category 1        0.117        0.110           1.240
       Category 2     Category 2        0.020        0.028          -2.474
       Bivariate Pearson Chi-Square                                 14.710
       Bivariate Log-Likelihood Chi-Square                          14.680
     ETH1           ETH2
       Category 1     Category 1        0.946        0.931           3.435
       Category 1     Category 2        0.025        0.041          -4.458
       Category 2     Category 1        0.004        0.020          -6.211
       Category 2     Category 2        0.024        0.008           9.815
       Bivariate Pearson Chi-Square                                156.969
       Bivariate Log-Likelihood Chi-Square                         144.442
     ETH1           ETH3
       Category 1     Category 1        0.894        0.885           1.669
       Category 1     Category 2        0.077        0.087          -1.934
       Category 2     Category 1        0.008        0.018          -4.072
       Category 2     Category 2        0.020        0.010           5.445
       Bivariate Pearson Chi-Square                                 50.569
       Bivariate Log-Likelihood Chi-Square                          48.351
     ETH1           ETH4
       Category 1     Category 1        0.791        0.782           1.168
       Category 1     Category 2        0.181        0.190          -1.260
       Category 2     Category 1        0.005        0.014          -4.387
       Category 2     Category 2        0.024        0.014           4.407
       Bivariate Pearson Chi-Square                                 40.677
       Bivariate Log-Likelihood Chi-Square                          44.275
     ETH1           ETH5
       Category 1     Category 1        0.940        0.929           2.333
       Category 1     Category 2        0.032        0.043          -3.021
       Category 2     Category 1        0.009        0.020          -4.295
       Category 2     Category 2        0.020        0.009           6.639
       Bivariate Pearson Chi-Square                                 72.633
       Bivariate Log-Likelihood Chi-Square                          66.186
     ETH2           ETH3
       Category 1     Category 1        0.877        0.870           1.216
       Category 1     Category 2        0.073        0.081          -1.499
       Category 2     Category 1        0.025        0.033          -2.343
       Category 2     Category 2        0.024        0.017           3.250
       Bivariate Pearson Chi-Square                                 18.399
       Bivariate Log-Likelihood Chi-Square                          17.624
     ETH2           ETH4
       Category 1     Category 1        0.783        0.770           1.687
       Category 1     Category 2        0.168        0.181          -1.843
       Category 2     Category 1        0.012        0.026          -4.671
       Category 2     Category 2        0.037        0.023           4.892
       Bivariate Pearson Chi-Square                                 49.233
       Bivariate Log-Likelihood Chi-Square                          50.927
     ETH2           ETH5
       Category 1     Category 1        0.926        0.913           2.638
       Category 1     Category 2        0.024        0.038          -3.894
       Category 2     Category 1        0.022        0.036          -3.996
       Category 2     Category 2        0.027        0.013           6.431
       Bivariate Pearson Chi-Square                                 73.132
       Bivariate Log-Likelihood Chi-Square                          68.283
     ETH3           ETH4
       Category 1     Category 1        0.763        0.734           3.639
       Category 1     Category 2        0.140        0.169          -4.313
       Category 2     Category 1        0.033        0.062          -6.787
       Category 2     Category 2        0.065        0.035           8.978
       Bivariate Pearson Chi-Square                                143.380
       Bivariate Log-Likelihood Chi-Square                         137.550
     ETH3           ETH5
       Category 1     Category 1        0.881        0.869           2.036
       Category 1     Category 2        0.021        0.034          -3.833
       Category 2     Category 1        0.068        0.080          -2.530
       Category 2     Category 2        0.030        0.017           5.316
       Bivariate Pearson Chi-Square                                 49.582
       Bivariate Log-Likelihood Chi-Square                          47.022
     ETH4           ETH5
       Category 1     Category 1        0.783        0.769           1.893
       Category 1     Category 2        0.012        0.027          -5.121
       Category 2     Category 1        0.165        0.180          -2.074
       Category 2     Category 2        0.039        0.024           5.361
       Bivariate Pearson Chi-Square                                 59.327
       Bivariate Log-Likelihood Chi-Square                          61.808

       Overall Bivariate Pearson Chi-Square                       1225.381
       Overall Bivariate Log-Likelihood Chi-Square                1164.096


TECHNICAL 11 OUTPUT

     Random Starts Specifications for the k-1 Class Analysis Model
        Number of initial stage random starts                1000
        Number of final stage optimizations                   250



     VUONG-LO-MENDELL-RUBIN LIKELIHOOD RATIO TEST FOR 1 (H0) VERSUS 2 CLASSES

          H0 Loglikelihood Value                        -8460.666
          2 Times the Loglikelihood Difference           2481.693
          Difference in the Number of Parameters               12
          Mean                                             19.123
          Standard Deviation                               72.071
          P-Value                                          0.0000

     LO-MENDELL-RUBIN ADJUSTED LRT TEST

          Value                                          2456.271
          P-Value                                          0.0000


SAVEDATA INFORMATION


  Save file
    Prob_FIN_GNDETHlca_C3cl2.dat

  Order and format of variables

    GND1           F10.3
    GND2           F10.3
    GND3           F10.3
    GND4           F10.3
    GND5           F10.3
    GND6           F10.3
    ETH1           F10.3
    ETH2           F10.3
    ETH3           F10.3
    ETH4           F10.3
    ETH5           F10.3
    CPROB1         F10.3
    CPROB2         F10.3
    C              F10.3
    WS             F10.3
    IDSTUD         I9
    ID_S           I4
    ID_J           I4

  Save file format
    15F10.3 I9 2I4

  Save file record length    10000

  Save missing symbol        *


     Beginning Time:  22:17:15
        Ending Time:  22:17:19
       Elapsed Time:  00:00:04



MUTHEN & MUTHEN
3463 Stoner Ave.
Los Angeles, CA  90066

Tel: (310) 391-9971
Fax: (310) 391-8971
Web: www.StatModel.com
Support: Support@StatModel.com

Copyright (c) 1998-2020 Muthen & Muthen
