Mplus VERSION 8.5 (Mac)
MUTHEN & MUTHEN
04/07/2021  10:17 PM

INPUT INSTRUCTIONS

  TITLE: FINGNDETH LCA - C3 with 1 classes;
  DATA:
  FILE = GNDETHDtaC3.dat;

  VARIABLE:
  NAMES = id_i
  id_j
  id_r
  id_s
  id_k
  wt
  ws
  GND1
  GND2
  GND3
  GND4
  GND5
  GND6
  ETH1
  ETH2
  ETH3
  ETH4
  ETH5
  IDSTUD;
  IDVARIABLE = IDSTUD;
  USEVARIABLES = GND1
  GND2
  GND3
  GND4
  GND5
  GND6
  ETH1
  ETH2
  ETH3
  ETH4
  ETH5;
  USEOBSERVATIONS ARE id_k EQ 5;
  CATEGORICAL = GND1
  GND2
  GND3
  GND4
  GND5
  GND6
  ETH1
  ETH2
  ETH3
  ETH4
  ETH5;
  MISSING = .;
  CLASSES = c(1);
  WEIGHT = ws;
  STRATIFICATION = id_s;
  CLUSTER = id_j;

  ANALYSIS:
  TYPE = COMPLEX MIXTURE;
  PROCESSORS = 4;
  STARTS = 1000 250;
  STITERATIONS = 20;
  STSEED = 288;

  MODEL:
  %OVERALL%

  OUTPUT:
  TECH10
  TECH11
  SVALUES
  ;

  SAVEDATA:
  FILE = Prob_FIN_GNDETHlca_C3cl1.dat;
  SAVE = CPROBABILITIES;



*** WARNING in VARIABLE command
  When a subpopulation is analyzed with TYPE=COMPLEX, standard errors
  may be incorrect.  Use the SUBPOPULATION option instead of the
  USEOBSERVATIONS option to obtain correct standard errors.
*** WARNING in OUTPUT command
  TECH11 option is not available for TYPE=MIXTURE with only one class.
  Request for TECH11 is ignored.
*** WARNING
  Data set contains cases with missing on all variables.
  These cases were not included in the analysis.
  Number of cases with missing on all variables:  34
   3 WARNING(S) FOUND IN THE INPUT INSTRUCTIONS



FINGNDETH LCA - C3 with 1 classes;

SUMMARY OF ANALYSIS

Number of groups                                                 1
Number of observations                                        3139

Number of dependent variables                                   11
Number of independent variables                                  0
Number of continuous latent variables                            0
Number of categorical latent variables                           1

Observed dependent variables

  Binary and ordered categorical (ordinal)
   GND1        GND2        GND3        GND4        GND5        GND6
   ETH1        ETH2        ETH3        ETH4        ETH5

Categorical latent variables
   C

Variables with special functions

  Stratification        ID_S
  Cluster variable      ID_J
  Weight variable       WS
  ID variable           IDSTUD

Estimator                                                      MLR
Information matrix                                        OBSERVED
Optimization Specifications for the Quasi-Newton Algorithm for
Continuous Outcomes
  Maximum number of iterations                                 100
  Convergence criterion                                  0.100D-05
Optimization Specifications for the EM Algorithm
  Maximum number of iterations                                 500
  Convergence criteria
    Loglikelihood change                                 0.100D-06
    Relative loglikelihood change                        0.100D-06
    Derivative                                           0.100D-05
Optimization Specifications for the M step of the EM Algorithm for
Categorical Latent variables
  Number of M step iterations                                    1
  M step convergence criterion                           0.100D-05
  Basis for M step termination                           ITERATION
Optimization Specifications for the M step of the EM Algorithm for
Censored, Binary or Ordered Categorical (Ordinal), Unordered
Categorical (Nominal) and Count Outcomes
  Number of M step iterations                                    1
  M step convergence criterion                           0.100D-05
  Basis for M step termination                           ITERATION
  Maximum value for logit thresholds                            15
  Minimum value for logit thresholds                           -15
  Minimum expected cell size for chi-square              0.100D-01
Maximum number of iterations for H1                           2000
Convergence criterion for H1                             0.100D-03
Optimization algorithm                                         EMA
Random Starts Specifications
  Number of initial stage random starts                       1000
  Number of final stage optimizations                          250
  Number of initial stage iterations                            20
  Initial stage convergence criterion                    0.100D+01
  Random starts scale                                    0.500D+01
  Random seed for generating random starts                     288
Link                                                         LOGIT

Input data file(s)
  GNDETHDtaC3.dat
Input data format  FREE


SUMMARY OF DATA

     Number of missing data patterns            30
     Number of y missing data patterns           0
     Number of u missing data patterns          30
     Number of strata                           75
     Number of clusters                        179


COVARIANCE COVERAGE OF DATA

Minimum covariance coverage value   0.100


     PROPORTION OF DATA PRESENT FOR U


           Covariance Coverage
              GND1          GND2          GND3          GND4          GND5
              ________      ________      ________      ________      ________
 GND1           0.999
 GND2           0.997         0.998
 GND3           0.993         0.992         0.994
 GND4           0.995         0.994         0.991         0.996
 GND5           0.991         0.990         0.986         0.989         0.992
 GND6           0.994         0.993         0.989         0.992         0.988
 ETH1           0.992         0.991         0.987         0.990         0.986
 ETH2           0.991         0.990         0.987         0.989         0.985
 ETH3           0.988         0.987         0.983         0.986         0.982
 ETH4           0.986         0.986         0.982         0.984         0.980
 ETH5           0.991         0.990         0.986         0.989         0.985


           Covariance Coverage
              GND6          ETH1          ETH2          ETH3          ETH4
              ________      ________      ________      ________      ________
 GND6           0.995
 ETH1           0.988         0.993
 ETH2           0.988         0.992         0.993
 ETH3           0.984         0.989         0.989         0.989
 ETH4           0.983         0.987         0.987         0.984         0.988
 ETH5           0.988         0.992         0.991         0.988         0.987


           Covariance Coverage
              ETH5
              ________
 ETH5           0.992


UNIVARIATE PROPORTIONS AND COUNTS FOR CATEGORICAL VARIABLES

    GND1
      Category 1    0.982         3079.808
      Category 2    0.018           55.705
    GND2
      Category 1    0.974         3052.441
      Category 2    0.026           80.415
    GND3
      Category 1    0.942         2937.313
      Category 2    0.058          182.278
    GND4
      Category 1    0.900         2813.983
      Category 2    0.100          313.291
    GND5
      Category 1    0.946         2945.389
      Category 2    0.054          168.115
    GND6
      Category 1    0.862         2691.948
      Category 2    0.138          430.797
    ETH1
      Category 1    0.972         3031.692
      Category 2    0.028           87.694
    ETH2
      Category 1    0.951         2964.537
      Category 2    0.049          152.472
    ETH3
      Category 1    0.904         2806.729
      Category 2    0.096          299.221
    ETH4
      Category 1    0.797         2469.846
      Category 2    0.203          631.026
    ETH5
      Category 1    0.949         2955.939
      Category 2    0.051          159.041


RANDOM STARTS RESULTS RANKED FROM THE BEST TO THE WORST LOGLIKELIHOOD VALUES

Final stage loglikelihood values at local maxima, seeds, and initial stage start numbers:

           -8460.666  255481           751
           -8460.666  729705           501
           -8460.666  158964           251
           -8460.666  761649           512
           -8460.666  480214           256
           -8460.666  16924            513
           -8460.666  998022           514
           -8460.666  18598            257
           -8460.666  564698           515
           -8460.666  776360           516
           -8460.666  148293           258
           -8460.666  440588           517
           -8460.666  825343           518
           -8460.666  563703           259
           -8460.666  139726           519
           -8460.666  690502           520
           -8460.666  949814           260
           -8460.666  642399           521
           -8460.666  72800            522
           -8460.666  424344           261
           -8460.666  212295           523
           -8460.666  328337           524
           -8460.666  568707           262
           -8460.666  21190            525
           -8460.666  237882           526
           -8460.666  256261           263
           -8460.666  298512           527
           -8460.666  723752           528
           -8460.666  369771           264
           -8460.666  41136            529
           -8460.666  384138           530
           -8460.666  683344           265
           -8460.666  26859            531
           -8460.666  838073           532
           -8460.666  499903           266
           -8460.666  289713           533
           -8460.666  75864            534
           -8460.666  83824            267
           -8460.666  712313           535
           -8460.666  798276           536
           -8460.666  372786           268
           -8460.666  449914           537
           -8460.666  746499           538
           -8460.666  755225           269
           -8460.666  442141           539
           -8460.666  102664           540
           -8460.666  508005           270
           -8460.666  850201           541
           -8460.666  332221           542
           -8460.666  655232           271
           -8460.666  124010           543
           -8460.666  648136           544
           -8460.666  941180           272
           -8460.666  985923           545
           -8460.666  488184           546
           -8460.666  385729           273
           -8460.666  637758           547
           -8460.666  986007           548
           -8460.666  863129           274
           -8460.666  509856           549
           -8460.666  702720           550
           -8460.666  811896           275
           -8460.666  732345           551
           -8460.666  214082           552
           -8460.666  566609           276
           -8460.666  55657            553
           -8460.666  141596           554
           -8460.666  626683           277
           -8460.666  835969           555
           -8460.666  699749           556
           -8460.666  183675           278
           -8460.666  453466           557
           -8460.666  18935            558
           -8460.666  619016           279
           -8460.666  217522           559
           -8460.666  912118           560
           -8460.666  163252           280
           -8460.666  95624            561
           -8460.666  607682           562
           -8460.666  926166           281
           -8460.666  999536           563
           -8460.666  438247           564
           -8460.666  782833           282
           -8460.666  947186           565
           -8460.666  756060           566
           -8460.666  519601           283
           -8460.666  566415           567
           -8460.666  812961           568
           -8460.666  16555            284
           -8460.666  551927           569
           -8460.666  379997           570
           -8460.666  634855           285
           -8460.666  149951           571
           -8460.666  499068           572
           -8460.666  74848            286
           -8460.666  988355           287
           -8460.666  73135            288
           -8460.666  571411           289
           -8460.666  126060           290
           -8460.666  741061           291
           -8460.666  819229           292
           -8460.666  438785           293
           -8460.666  819256           294
           -8460.666  967159           295
           -8460.666  538895           296
           -8460.666  691572           297
           -8460.666  250285           298
           -8460.666  792123           299
           -8460.666  125480           300
           -8460.666  749139           301
           -8460.666  499805           302
           -8460.666  624641           303
           -8460.666  646105           304
           -8460.666  799031           305
           -8460.666  315906           306
           -8460.666  533600           307
           -8460.666  829106           308
           -8460.666  730821           309
           -8460.666  173363           310
           -8460.666  230316           311
           -8460.666  800324           312
           -8460.666  295469           313
           -8460.666  692037           314
           -8460.666  270775           315
           -8460.666  496516           316
           -8460.666  589343           317
           -8460.666  918761           752
           -8460.666  611976           753
           -8460.666  122886           754
           -8460.666  881525           755
           -8460.666  821515           756
           -8460.666  566431           757
           -8460.666  674140           758
           -8460.666  14811            759
           -8460.666  546573           760
           -8460.666  823689           761
           -8460.666  620988           762
           -8460.666  247529           763
           -8460.666  681430           764
           -8460.666  253296           765
           -8460.666  755901           766
           -8460.666  981654           767
           -8460.666  552185           768
           -8460.666  333225           769
           -8460.666  562941           770
           -8460.666  589517           771
           -8460.666  678354           772
           -8460.666  695057           773
           -8460.666  846815           774
           -8460.666  8288             775
           -8460.666  441498           776
           -8460.666  468128           777
           -8460.666  798349           778
           -8460.666  550795           779
           -8460.666  29396            780
           -8460.666  632977           781
           -8460.666  601889           782
           -8460.666  649711           783
           -8460.666  761359           784
           -8460.666  227359           785
           -8460.666  264995           786
           -8460.666  757210           787
           -8460.666  866003           788
           -8460.666  289707           789
           -8460.666  100746           790
           -8460.666  125680           791
           -8460.666  425585           792
           -8460.666  821522           793
           -8460.666  547800           794
           -8460.666  58768            795
           -8460.666  293837           796
           -8460.666  282015           797
           -8460.666  321542           798
           -8460.666  223897           799
           -8460.666  95515            800
           -8460.666  527001           801
           -8460.666  532887           942
           -8460.666  520022           950
           -8460.666  116127           954
           -8460.666  619259           958
           -8460.666  155404           966
           -8460.666  269627           970
           -8460.666  657384           974
           -8460.666  807691           982
           -8460.666  544679           986
           -8460.666  805589           990
           -8460.666  395024           998
           -8460.666  514978           7
           -8460.666  267441           127
           -8460.666  829916           15
           -8460.666  703404           63
           -8460.666  208289           31
           -8460.666  unperturbed      0
           -8460.666  730563           128
           -8460.666  609201           3
           -8460.666  719428           129
           -8460.666  38078            64
           -8460.666  794864           130
           -8460.666  555689           32
           -8460.666  742602           131
           -8460.666  587107           65
           -8460.666  943264           132
           -8460.666  106293           133
           -8460.666  654184           66
           -8460.666  536337           134
           -8460.666  365939           33
           -8460.666  257000           135
           -8460.666  15050            67
           -8460.666  615751           16
           -8460.666  363526           136
           -8460.666  319498           137
           -8460.666  977786           68
           -8460.666  462004           138
           -8460.666  901673           34
           -8460.666  710841           139
           -8460.666  425103           69
           -8460.666  965671           140
           -8460.666  993659           141
           -8460.666  412035           70
           -8460.666  667357           142
           -8460.666  3314             35
           -8460.666  699343           143
           -8460.666  775133           71
           -8460.666  578065           8
           -8460.666  256224           144
           -8460.666  867952           17
           -8460.666  328890           145
           -8460.666  90128            72
           -8460.666  701157           146
           -8460.666  47928            36
           -8460.666  767001           147
           -8460.666  241342           73
           -8460.666  112959           148
           -8460.666  545226           149
           -8460.666  960487           74
           -8460.666  751299           150
           -8460.666  316890           37
           -8460.666  739223           151
           -8460.666  219014           75
           -8460.666  722666           152
           -8460.666  339904           18
           -8460.666  107578           153
           -8460.666  613990           76
           -8460.666  353096           154
           -8460.666  126667           38
           -8460.666  572149           155
           -8460.666  341151           77
           -8460.666  509819           156
           -8460.666  104144           78
           -8460.666  704750           1



     WARNING:  THE VARIANCE CONTRIBUTION FROM A STRATUM WITH A SINGLE CLUSTER
     (PSU) IS BASED ON THE DIFFERENCE BETWEEN THE SINGLE CLUSTER VALUE AND
     THE OVERALL CLUSTER MEAN.


THE MODEL ESTIMATION TERMINATED NORMALLY



MODEL FIT INFORMATION

Number of Free Parameters                       11

Loglikelihood

          H0 Value                       -8460.666
          H0 Scaling Correction Factor      1.4366
            for MLR

Information Criteria

          Akaike (AIC)                   16943.332
          Bayesian (BIC)                 17009.900
          Sample-Size Adjusted BIC       16974.948
            (n* = (n + 2) / 24)

Chi-Square Test of Model Fit for the Binary and Ordered Categorical
(Ordinal) Outcomes**

          Pearson Chi-Square

          Value                           2328.049
          Degrees of Freedom                  1941
          P-Value                           0.0000

          Likelihood Ratio Chi-Square

          Value                            455.668
          Degrees of Freedom                  1941
          P-Value                           1.0000

** Of the 19112 cells in the latent class indicator table, 95
   were deleted in the calculation of chi-square due to extreme values.

Chi-Square Test for MCAR under the Unrestricted Latent Class Indicator Model

          Pearson Chi-Square

          Value                           1389.315
          Degrees of Freedom                 17035
          P-Value                           1.0000

          Likelihood Ratio Chi-Square

          Value                            892.985
          Degrees of Freedom                 17035
          P-Value                           1.0000



FINAL CLASS COUNTS AND PROPORTIONS FOR THE LATENT CLASSES
BASED ON THE ESTIMATED MODEL

    Latent
   Classes

       1       3139.00000          1.00000


FINAL CLASS COUNTS AND PROPORTIONS FOR THE LATENT CLASSES
BASED ON ESTIMATED POSTERIOR PROBABILITIES

    Latent
   Classes

       1       3139.00000          1.00000


FINAL CLASS COUNTS AND PROPORTIONS FOR THE LATENT CLASSES
BASED ON THEIR MOST LIKELY LATENT CLASS MEMBERSHIP

Class Counts and Proportions

    Latent
   Classes

       1             3139          1.00000


Average Latent Class Probabilities for Most Likely Latent Class Membership (Row)
by Latent Class (Column)

           1

    1   1.000


Classification Probabilities for the Most Likely Latent Class Membership (Column)
by Latent Class (Row)

           1

    1   1.000


Logits for the Classification Probabilities for the Most Likely Latent Class Membership (Column)
by Latent Class (Row)

              1

    1      0.000


MODEL RESULTS

                                                    Two-Tailed
                    Estimate       S.E.  Est./S.E.    P-Value

Latent Class 1

 Thresholds
    GND1$1             4.013      0.151     26.548      0.000
    GND2$1             3.636      0.123     29.566      0.000
    GND3$1             2.780      0.097     28.762      0.000
    GND4$1             2.195      0.082     26.804      0.000
    GND5$1             2.863      0.101     28.270      0.000
    GND6$1             1.832      0.062     29.524      0.000
    ETH1$1             3.543      0.134     26.354      0.000
    ETH2$1             2.967      0.087     34.211      0.000
    ETH3$1             2.239      0.077     29.194      0.000
    ETH4$1             1.365      0.050     27.347      0.000
    ETH5$1             2.922      0.094     31.038      0.000


RESULTS IN PROBABILITY SCALE

Latent Class 1

 GND1
    Category 1         0.982      0.003    372.414      0.000
    Category 2         0.018      0.003      6.736      0.000
 GND2
    Category 1         0.974      0.003    316.748      0.000
    Category 2         0.026      0.003      8.345      0.000
 GND3
    Category 1         0.942      0.005    177.084      0.000
    Category 2         0.058      0.005     10.989      0.000
 GND4
    Category 1         0.900      0.007    121.881      0.000
    Category 2         0.100      0.007     13.569      0.000
 GND5
    Category 1         0.946      0.005    182.848      0.000
    Category 2         0.054      0.005     10.436      0.000
 GND6
    Category 1         0.862      0.007    116.795      0.000
    Category 2         0.138      0.007     18.691      0.000
 ETH1
    Category 1         0.972      0.004    264.585      0.000
    Category 2         0.028      0.004      7.653      0.000
 ETH2
    Category 1         0.951      0.004    235.681      0.000
    Category 2         0.049      0.004     12.122      0.000
 ETH3
    Category 1         0.904      0.007    135.369      0.000
    Category 2         0.096      0.007     14.431      0.000
 ETH4
    Category 1         0.797      0.008     98.479      0.000
    Category 2         0.203      0.008     25.161      0.000
 ETH5
    Category 1         0.949      0.005    208.014      0.000
    Category 2         0.051      0.005     11.192      0.000


QUALITY OF NUMERICAL RESULTS

     Condition Number for the Information Matrix              0.109E+00
       (ratio of smallest to largest eigenvalue)


MODEL COMMAND WITH FINAL ESTIMATES USED AS STARTING VALUES

     %OVERALL%

     %C#1%

     [ gnd1$1*4.01255 ];
     [ gnd2$1*3.63650 ];
     [ gnd3$1*2.77972 ];
     [ gnd4$1*2.19522 ];
     [ gnd5$1*2.86335 ];
     [ gnd6$1*1.83238 ];
     [ eth1$1*3.54302 ];
     [ eth2$1*2.96749 ];
     [ eth3$1*2.23859 ];
     [ eth4$1*1.36456 ];
     [ eth5$1*2.92241 ];



TECHNICAL 10 OUTPUT


     MODEL FIT INFORMATION FOR THE LATENT CLASS INDICATOR MODEL PART


     RESPONSE PATTERNS

     No.  Pattern        No.  Pattern        No.  Pattern
       1  00000000000      2  00000000001      3  00000000010
       4  00000000011      5  00000000100      6  00000000101
       7  00000000110      8  00000000111      9  00000001000
      10  00000001001     11  00000001010     12  00000001011
      13  00000001100     14  00000001101     15  00000001110
      16  00000001111     17  00000010000     18  00000010010
      19  00000010011     20  00000010100     21  00000010110
      22  00000011000     23  00000011010     24  00000011011
      25  00000011101     26  00000011110     27  00000011111
      28  00000100000     29  00000100010     30  00000100011
      31  00000100100     32  00000100101     33  00000100110
      34  00000100111     35  00000101000     36  00000101010
      37  00000101011     38  00000101110     39  00000101111
      40  00000111000     41  00000111010     42  00000111110
      43  00000111111     44  00001000000     45  00001000001
      46  00001000010     47  00001000110     48  00001000111
      49  00001001000     50  00001001010     51  00001010111
      52  00001011011     53  00001011110     54  00001011111
      55  00001100000     56  00001100001     57  00001100010
      58  00001100100     59  00001101000     60  00001111111
      61  00010000000     62  00010000001     63  00010000010
      64  00010000011     65  00010000100     66  00010000101
      67  00010000110     68  00010001000     69  00010001010
      70  00010010101     71  00010011111     72  00010100000
      73  00010100010     74  00010100100     75  00010100110
      76  00010100111     77  00010101000     78  00010101001
      79  00010101010     80  00010101110     81  00010111010
      82  00010111011     83  00010111111     84  00011000000
      85  00011000010     86  00011000100     87  00011100000
      88  00011100001     89  00011100010     90  00011100100
      91  00011100101     92  00011100110     93  00011101111
      94  00011110000     95  00011111101     96  00100000000
      97  00100000010     98  00100001001     99  00100001010
     100  00100011000    101  00100011111    102  00100100000
     103  00100100010    104  00100100011    105  00100100101
     106  00100100110    107  00100100111    108  00100101011
     109  00100110000    110  00100111001    111  00100111110
     112  00101011111    113  00101111110    114  00110000000
     115  00110000011    116  00110000100    117  00110000110
     118  00110001000    119  00110011011    120  00110100000
     121  00110100001    122  00110100010    123  00110100011
     124  00110100110    125  00110101000    126  00110101010
     127  00110101101    128  00110110000    129  00110111111
     130  00111000100    131  00111000101    132  00111011111
     133  00111100000    134  00111100010    135  00111100110
     136  00111111111    137  01000000000    138  01000000010
     139  01000000110    140  01000100000    141  01000100100
     142  01000100111    143  01001000010    144  01001001010
     145  01010000000    146  01010000010    147  01010100000
     148  01010100010    149  01010100110    150  01011000000
     151  01011011011    152  01011100110    153  01011101101
     154  01100000010    155  01100000100    156  01100001010
     157  01100100000    158  01101000011    159  01101100100
     160  01101101011    161  01110100000    162  01110101001
     163  01111100011    164  01111100100    165  01111111111
     166  10000001010    167  10000100000    168  10000100010
     169  10001000000    170  10010101011    171  10011001010
     172  10011111111    173  10100100000    174  10100100010
     175  10100100100    176  10100111011    177  10101001010
     178  10101100010    179  10101100110    180  10110010101
     181  10110100000    182  10110100010    183  10110100011
     184  10111000110    185  10111100000    186  10111111111
     187  11000000000    188  11000000110    189  11000110110
     190  11001001101    191  11001011111    192  11001100000
     193  11010001100    194  11011100000    195  11100100011
     196  11100100100    197  11101001110    198  11110100010
     199  11110111111    200  11111001110    201  11111100000
     202  11111100010    203  11111100100    204  11111101010
     205  11111111111    206  0000*000000    207  0000*000010
     208  0000*000110    209  0000*011111    210  0000*100001
     211  0000*100010    212  0001*000000    213  1101*100110
     214  000000*****    215  000001*****    216  000010*****
     217  000100*****    218  001000*****    219  011001*****
     220  101001*****    221  111111*****    222  00000*00000
     223  00000*00010    224  00**0*00000    225  00000*000**
     226  0000**00000    227  00*00000000    228  00*00100000
     229  00*10000000    230  00*10100000    231  00*10100010
     232  00*11011111    233  00*11100100    234  01*10101000
     235  10*10100000    236  00000000*00    237  00000000*10
     238  00000000*11    239  00000001*00    240  00001100*11
     241  00010000*00    242  00100000*10    243  00100001*10
     244  00110000*10    245  01010100*00    246  *0001111111
     247  *0110100000    248  *1111111111    249  0*001101001
     250  0*010000000    251  0*110000000    252  000*0000000
     253  000*1000010    254  000********    255  111111*1011
     256  0*0000000*0    257  0000*00001*    258  000000000**
     259  00000000**0    260  000000000*0    261  000000010*0
     262  000000110*0    263  000000111*0    264  000010000*0
     265  010000000*0    266  0000010*010    267  0000100*000
     268  00000*111*1    269  0**00000000    270  0000*1111*1
     271  0*00*000010    272  00*100*****    273  00110*0010*
     274  ******00001    275  0010010**10    276  1011*1*****
     277  00**0000000


     RESPONSE PATTERN FREQUENCIES AND CHI-SQUARE CONTRIBUTIONS

    Response          Frequency     Standardized  Chi-square Contribution
     Pattern    Observed  Estimated   Residual    Pearson   Loglikelihood  Deleted
                                     (z-score)
         1      1923.50    1261.93      12.94      99.74       155.29
         2         5.54      67.90      -7.56      57.27       -27.52
         3       267.00     322.41      -3.23       9.52      -103.49
         4        14.87      17.35      -0.59       0.35        -4.36
         5        50.77     134.53      -7.30      52.10      -102.21
         6         1.93       7.24      -1.95       3.89        -5.23
         7        75.66      34.37       7.00      49.58       117.21
         8        13.89       1.85       8.75      78.42        56.08
         9         6.76      64.90      -7.21      51.88       -28.21
        10         0.84       3.49      -1.40       2.02        -2.45
        11         9.95      16.58      -1.61       2.64        -9.48
        12         4.23       0.89       3.50      12.51        12.90
        13         2.07       6.92      -1.82       3.38        -4.59
        14         0.66       0.37       0.47       0.22         0.72
        15         1.99       1.77       0.17       0.03         0.34
        16         1.31       0.10       3.90      15.56         6.80
        17         0.99      36.50      -5.84      34.55        -7.21
        18         1.46       9.33      -2.55       6.64        -5.51
        19         0.83       0.50       0.46       0.22         0.79
        20         0.91       3.89      -1.49       2.28        -2.71
        21         3.09       0.99       2.08       4.44         6.82
        22         1.27       1.88      -0.44       0.17        -0.61
        23         2.82       0.48       3.34      11.34        10.80
        24         0.98       0.03       5.89      35.55         7.10
        25         0.78       0.01       7.35      55.37         6.71
        26         1.11       0.05       4.61      21.15         8.40
        27        13.87       0.00       9.88      99.96       201.42      DELETED
        28       100.11     201.95      -7.33      51.31      -144.66
        29        24.57      51.60      -3.75      14.05       -33.22
        30         2.83       2.78       0.03       0.00        -0.08
        31         7.82      21.53      -2.93       8.72       -16.36
        32         0.92       1.16      -0.22       0.05        -0.48
        33         4.05       5.50      -0.61       0.38        -2.75
        34         2.96       0.30       4.85      24.06        13.47
        35         0.81      10.39      -2.94       8.83        -4.19
        36         1.78       2.65      -0.53       0.29        -1.42
        37         1.96       0.14       4.76      23.24        10.17
        38         1.24       0.28       1.78       3.24         3.58
        39         3.55       0.02       9.88     100.00        38.42
        40         1.92       0.30       2.92       8.74         7.00
        41         2.18       0.08       7.49      57.50        14.42
        42         1.00       0.01       9.88     100.00         9.53      DELETED
        43         3.76       0.00       9.88      99.85        69.57      DELETED
        44        27.71      72.03      -5.22      27.23       -51.10
        45         1.00       3.88      -1.44       2.13        -2.64
        46        11.15      18.40      -1.68       2.74        -8.83
        47         1.85       1.96      -0.08       0.01        -0.22
        48         0.99       0.11       2.69       7.43         4.40
        49         2.64       3.70      -0.55       0.31        -1.77
        50         1.06       0.95       0.12       0.01         0.21
        51         0.91       0.00       9.88     100.00        10.39      DELETED
        52         0.81       0.00       9.88     100.00        10.25      DELETED
        53         0.98       0.00       9.88     100.00        11.30      DELETED
        54         1.63       0.00       9.88     100.00        30.25      DELETED
        55        13.22      11.53       0.49       0.23         2.66
        56         1.24       0.62       0.78       0.10         3.30
        57         2.85       2.94      -0.05       0.00        -0.06
        58         2.39       1.23       1.03       1.09         2.99
        59         0.85       0.59       0.33       0.11         0.54
        60         0.78       0.00       9.88      99.21        17.72      DELETED
        61        53.51     140.49      -7.42      53.61       -96.09
        62         2.22       7.56      -1.92       3.76        -5.26
        63         8.51      35.90      -4.54      20.88       -24.75
        64         2.87       1.93       0.67       0.46         2.20
        65         2.77      14.98      -3.12       9.94        -9.35
        66         2.61       0.81       1.99       4.04         6.06
        67         3.25       3.83      -0.29       0.09        -1.16
        68         0.59       7.23      -2.44       6.10        -2.96
        69         0.95       1.85      -0.65       0.43        -1.29
        70         0.91       0.02       5.72      33.55         6.62
        71         2.09       0.00       9.88     100.00        36.93      DELETED
        72        38.45      22.48       3.34      11.33        40.06
        73         8.58       5.74       1.17       1.36         7.95
        74         0.78       2.40      -1.03       1.09        -1.81
        75         1.68       0.61       1.34       1.84         3.25
        76         0.79       0.03       4.10      17.19         4.92
        77         1.03       1.16      -0.12       0.01        -0.32
        78         1.11       0.06       4.13      17.50         6.28
        79         0.91       0.30       1.11       1.27         1.97
        80         0.99       0.03       5.32      28.97         6.72
        81         1.11       0.01       9.88     100.00        10.71      DELETED
        82         0.94       0.00       9.88     100.00        14.30      DELETED
        83         0.82       0.00       9.88     100.00        15.95      DELETED
        84         3.38       8.02      -1.62       2.68        -5.96
        85         0.84       2.05      -0.84       0.71        -1.43
        86         2.06       0.85       1.29       1.69         3.46
        87         8.39       1.28       6.20      39.35        30.88
        88         0.93       0.07       3.22      10.63         4.84
        89         1.15       0.33       1.42       2.06         2.80
        90         1.91       0.14       4.75      22.81        11.51
        91         0.69       0.01       7.86      63.28         6.21      DELETED
        92         0.80       0.03       4.02      16.54         4.91
        93         0.99       0.00       9.88     100.00        18.13      DELETED
        94         0.85       0.04       4.17      17.77         5.25
        95         0.66       0.00       9.88     100.00        14.51      DELETED
        96         7.91      78.31      -7.96      63.29       -35.79
        97         1.66      20.01      -4.07      16.24        -6.32
        98         2.04       0.22       3.86      15.30         9.24
        99         1.22       1.03       0.19      -0.30         1.70
       100         1.97       0.12       5.38      29.64        11.28
       101         1.57       0.00       9.88     100.00        28.64      DELETED
       102        11.10      12.53      -0.40       0.15        -3.37
       103         1.19       3.20      -1.11       1.11        -1.51
       104         0.98       0.17       1.92       3.77         3.32
       105         0.96       0.07       3.26      10.90         4.88
       106         1.69       0.34       2.28       5.09         6.59
       107         0.91       0.02       6.51      43.45         7.05
       108         1.29       0.01       9.88     100.00        12.74      DELETED
       109         1.03       0.36       1.09       1.23         2.07
       110         0.91       0.00       9.88     100.00        12.35      DELETED
       111         0.91       0.00       9.88     100.00        13.59      DELETED
       112         0.28       0.00       9.88     100.00         5.62      DELETED
       113         0.78       0.00       9.88     100.00        15.92      DELETED
       114         4.66       8.72      -1.36       1.78        -4.41
       115         0.84       0.12       2.05       4.29         3.21
       116         1.76       0.93       0.85       0.43         3.71
       117         5.50       0.24       9.88      99.81        36.63
       118         0.86       0.45       0.61       0.38         1.07
       119         1.09       0.00       9.88     100.00        18.97      DELETED
       120        43.52       1.40       9.88     100.00       200.44
       121         1.27       0.08       4.32      19.14         7.25
       122         2.23       0.36       3.10       9.84         8.46
       123         1.35       0.02       9.49      92.33        11.38
       124         2.40       0.04       9.88     100.00        19.76
       125         0.80       0.07       2.67       7.29         3.77
       126         0.66       0.02       4.69      22.56         4.69
       127         1.07       0.00       9.88     100.00        16.83      DELETED
       128         0.73       0.04       3.37      11.63         4.14
       129         0.28       0.00       9.88     100.00         6.26      DELETED
       130         0.88       0.05       3.54      12.87         4.87
       131         1.18       0.00       9.88     100.00        14.13      DELETED
       132         1.33       0.00       9.88      99.67        38.53      DELETED
       133        10.29       0.08       9.88      99.99        99.24
       134         1.46       0.02       9.88     100.00        12.38
       135         0.96       0.00       9.88     100.00        11.67      DELETED
       136         2.98       0.00       9.88     100.00        95.58      DELETED
       137         6.81      33.24      -4.56      20.96       -20.28
       138         1.13       8.49      -2.50       6.37        -4.34
       139         1.92       0.91       1.05       1.13         2.74
       140         6.28       5.32       0.41       0.16         1.60
       141         1.68       0.57       1.46       2.17         3.51
       142         1.29       0.01       9.88     100.00        13.07      DELETED
       143         0.93       0.48       0.63       0.40         1.14
       144         1.24       0.02       7.60      59.19         9.59
       145         0.84       3.70      -1.47       2.21        -2.53
       146         0.93       0.95      -0.02       0.00        -0.11
       147         0.50       0.59      -0.12      -0.69         0.95
       148         1.11       0.15       2.42       6.02         4.32
       149         1.30       0.02       9.88     100.00        11.32
       150         2.04       0.21       3.93      15.82         9.10
       151         1.15       0.00       9.88     100.00        28.66      DELETED
       152         1.24       0.00       9.88     100.00        17.77      DELETED
       153         1.54       0.00       9.88     100.00        36.68      DELETED
       154         0.97       0.53       0.60       0.37         1.11
       155         0.50       0.22       0.58       0.34         0.77
       156         1.69       0.03       9.88     100.00        13.81
       157         2.24       0.33       3.29      11.01         9.31
       158         1.00       0.00       9.88     100.00        12.76      DELETED
       159         1.00       0.00       9.88     100.00        12.30      DELETED
       160         1.15       0.00       9.88     100.00        25.98      DELETED
       161         0.52       0.04       2.49       6.36         2.72
       162         1.18       0.00       9.88     100.00        22.06      DELETED
       163         0.74       0.00       9.88     100.00        15.02      DELETED
       164         0.96       0.00       9.88     100.00        16.04      DELETED
       165         0.78       0.00       9.88      99.99        23.23      DELETED
       166         0.98       0.30       1.23       1.54         2.25
       167         2.15       3.65      -0.78       0.62        -2.44
       168         0.98       0.93       0.04       0.00         0.01
       169         0.69       1.30      -0.53       0.29        -0.93
       170         1.29       0.00       9.88     100.00        21.62      DELETED
       171         0.98       0.00       9.88     100.00        12.16      DELETED
       172         0.96       0.00       9.88     100.00        28.75      DELETED
       173         0.78       0.23       1.15       1.29         2.39
       174         0.59       0.06       2.17       4.79         3.06
       175         1.26       0.02       7.84      62.79        10.66
       176         0.85       0.00       9.88      99.93        21.03      DELETED
       177         0.99       0.00       9.88     100.00        13.51      DELETED
       178         1.03       0.00       9.88     100.00        11.74      DELETED
       179         0.73       0.00       9.88     100.00        11.02      DELETED
       180         1.12       0.00       9.88     100.00        23.88      DELETED
       181         0.93       0.03       5.60      31.09         8.55
       182         0.99       0.01       9.88      99.99        10.12      DELETED
       183         0.80       0.00       9.88      99.99        12.48      DELETED
       184         0.60       0.00       9.88     100.00         9.40      DELETED
       185         1.30       0.00       9.88      99.99        18.00      DELETED
       186         0.96       0.00       9.88      99.99        28.82      DELETED
       187         1.18       0.60       0.74       0.56         1.51
       188         0.80       0.02       6.02      37.13         6.12
       189         0.85       0.00       9.88     100.00        15.82      DELETED
       190         1.27       0.00       9.88     100.00        29.81      DELETED
       191         4.08       0.00       9.88      99.99       133.48      DELETED
       192         1.22       0.01       9.88     100.00        13.09      DELETED
       193         1.00       0.00       9.88     100.00        15.76      DELETED
       194         1.54       0.00       9.88     100.00        24.00      DELETED
       195         0.90       0.00       9.88     100.00        16.60      DELETED
       196         0.63       0.00       9.88     100.00         8.58      DELETED
       197         0.78       0.00       9.88     100.00        19.35      DELETED
       198         1.08       0.00       9.88     100.00        18.85      DELETED
       199         1.34       0.00       9.88     100.00        40.89      DELETED
       200         0.91       0.00       9.88     100.00        26.90      DELETED
       201         1.96       0.00       9.88     100.00        42.66      DELETED
       202         0.81       0.00       9.88     100.00        18.41      DELETED
       203         1.59       0.00       9.88     100.00        41.05      DELETED
       204         1.29       0.00       9.88     100.00        38.18      DELETED
       205         4.82       0.00       9.88      99.84       161.43      DELETED
       206         7.14       7.73      -0.28      -1.42         5.27
       207         2.96       1.98       0.73      -0.64        -1.21
       208         1.32       0.21       2.40       4.10         1.96
       209         0.81       0.00       9.88      94.59        13.96      DELETED
       210         1.07       0.07       3.85     -66.95        -3.40
       211         1.73       0.32       2.52      -8.14        -2.17
       212         1.20       0.86       0.37      -1.92        -2.15
       213         1.30       0.00       9.88       0.00        21.58      DELETED
       214         9.08      10.55      -0.77      -0.78         3.22
       215         0.66       1.69      -0.83       0.58        -0.91
       216         0.96       0.60       0.46      -1.44        -1.47
       217         1.15       1.17      -0.02      -1.13        -2.25
       218         1.20       0.65       0.68     -11.68        -4.52
       219         0.50       0.00       9.26      71.19         1.60      DELETED
       220         1.34       0.00       9.88      29.22         6.86      DELETED
       221         1.07       0.00       9.88      84.65        26.23      DELETED
       222         7.80       4.30       2.33       2.22         4.86
       223         1.07       1.10      -0.03      -0.05        -0.53
       224         0.86       0.49       0.79       0.18         0.39
       225         1.12       0.72       0.78       0.15         0.40
       226         1.98       1.02       1.36       0.61         1.10
       227         4.99       6.49      -0.78      -1.61         3.53
       228         0.79       1.04      -0.25      -0.06        -1.07
       229         1.62       0.72       1.07      -4.57        -2.80
       230         1.79       0.12       4.89      19.35         4.40
       231         1.13       0.03       6.35      20.37         1.44
       232         0.94       0.00       9.88      18.45        19.63      DELETED
       233         0.96       0.00       9.88      32.71         5.69      DELETED
       234         1.08       0.00       9.88       0.00         7.53      DELETED
       235         1.34       0.00       9.88       0.00         4.77      DELETED
       236         1.75       5.16      -2.02      -1.88         1.17
       237         0.62       1.32      -0.64       0.05        -0.06
       238         1.05       0.07       3.64       5.16         0.86
       239         1.31       0.27       2.03     -38.35        -5.09
       240         0.99       0.00       9.88       0.00         3.33      DELETED
       241         0.96       0.57       0.51      -2.18        -1.82
       242         1.25       0.08       4.05     -83.28        -5.01
       243         0.79       0.00       9.88      20.44         0.93      DELETED
       244         1.32       0.01       9.88      31.63         2.61      DELETED
       245         1.14       0.00       9.88       0.00         2.00      DELETED
       246         0.99       0.00       9.88       0.00        17.32      DELETED
       247         0.98       0.00       9.88      79.09         6.83      DELETED
       248         0.77       0.00       9.88       2.22        15.27      DELETED
       249         0.79       0.00       9.88       0.00         4.93      DELETED
       250         0.80       0.11       2.06      -8.25        -1.45
       251         0.78       0.01       9.18     -13.95        -0.78      DELETED
       252         6.90       3.69       2.26       2.21         4.61
       253         1.05       0.05       4.24     -11.00        -0.91
       254         1.00       0.90       0.33       0.00         0.05
       255         0.76       0.00       9.88       0.00         9.78      DELETED
       256         1.05       0.57       0.94       0.30         0.61
       257         1.15       0.14       2.89      -2.16        -0.47
       258         1.90       1.05       1.23       0.49         1.03
       259         1.64       0.95       1.08       0.37         0.88
       260         6.30       6.12       0.10      -0.51         3.94
       261         1.25       0.31       1.67     -16.86        -3.73
       262         0.81       0.01       8.28      36.08         1.13      DELETED
       263         1.26       0.00       9.88       0.00         5.55      DELETED
       264         0.94       0.35       1.00      -2.86        -1.49
       265         1.13       0.16       2.40     -29.65        -3.53
       266         0.96       0.03       5.22     -27.40        -1.26
       267         0.79       0.04       3.55     -20.04        -1.39
       268         0.69       0.00       9.88       0.00         9.86      DELETED
       269         0.99       0.45       1.08       0.44         0.66
       270         1.18       0.00       9.88       0.00        18.87      DELETED
       271         0.99       0.11       2.72      -2.11        -0.44
       272         0.99       0.08       3.37     -16.81        -1.67
       273         0.99       0.00       9.88       0.00         1.69      DELETED
       274         0.74       0.03       4.54     -79.61        -3.00
       275         1.39       0.00       9.89       0.00         0.27      DELETED
       276         0.92       0.00       9.88       0.00         9.42      DELETED
       277         1.18       0.58       1.09       0.40         0.66

     THE TOTAL PEARSON CHI-SQUARE CONTRIBUTION FROM EMPTY CELLS IS       164.96


     UNIVARIATE MODEL FIT INFORMATION

                               Estimated Probabilities
                                                  Standardized
     Variable              H1           H0          Residual
                                                   (z-score)
     GND1
       Category 1        0.982        0.982          -0.089
       Category 2        0.018        0.018           0.089
       Univariate Pearson Chi-Square                  0.008
       Univariate Log-Likelihood Chi-Square           0.008
     GND2
       Category 1        0.974        0.974          -0.029
       Category 2        0.026        0.026           0.029
       Univariate Pearson Chi-Square                  0.001
       Univariate Log-Likelihood Chi-Square           0.001
     GND3
       Category 1        0.940        0.942          -0.255
       Category 2        0.060        0.058           0.255
       Univariate Pearson Chi-Square                  0.067
       Univariate Log-Likelihood Chi-Square           0.066
     GND4
       Category 1        0.900        0.900           0.030
       Category 2        0.100        0.100          -0.030
       Univariate Pearson Chi-Square                  0.001
       Univariate Log-Likelihood Chi-Square           0.001
     GND5
       Category 1        0.945        0.946          -0.159
       Category 2        0.055        0.054           0.159
       Univariate Pearson Chi-Square                  0.026
       Univariate Log-Likelihood Chi-Square           0.026
     GND6
       Category 1        0.862        0.862           0.052
       Category 2        0.138        0.138          -0.052
       Univariate Pearson Chi-Square                  0.003
       Univariate Log-Likelihood Chi-Square           0.003
     ETH1
       Category 1        0.971        0.972          -0.148
       Category 2        0.029        0.028           0.148
       Univariate Pearson Chi-Square                  0.022
       Univariate Log-Likelihood Chi-Square           0.022
     ETH2
       Category 1        0.951        0.951          -0.101
       Category 2        0.049        0.049           0.101
       Univariate Pearson Chi-Square                  0.010
       Univariate Log-Likelihood Chi-Square           0.010
     ETH3
       Category 1        0.903        0.904          -0.194
       Category 2        0.097        0.096           0.194
       Univariate Pearson Chi-Square                  0.039
       Univariate Log-Likelihood Chi-Square           0.039
     ETH4
       Category 1        0.795        0.797          -0.155
       Category 2        0.205        0.203           0.155
       Univariate Pearson Chi-Square                  0.025
       Univariate Log-Likelihood Chi-Square           0.025
     ETH5
       Category 1        0.949        0.949          -0.075
       Category 2        0.051        0.051           0.075
       Univariate Pearson Chi-Square                  0.006
       Univariate Log-Likelihood Chi-Square           0.006

       Overall Univariate Pearson Chi-Square                         0.207
       Overall Univariate Log-Likelihood Chi-Square                  0.206


     BIVARIATE MODEL FIT INFORMATION

                                              Estimated Probabilities
                                                                 Standardized
     Variable       Variable              H1           H0          Residual
                                                                  (z-score)
     GND1           GND2
       Category 1     Category 1        0.966        0.957           2.563
       Category 1     Category 2        0.016        0.025          -3.390
       Category 2     Category 1        0.008        0.017          -4.020
       Category 2     Category 2        0.010        0.000          25.110
       Bivariate Pearson Chi-Square                                673.690
       Bivariate Log-Likelihood Chi-Square                         170.740
     GND1           GND3
       Category 1     Category 1        0.934        0.925           1.862
       Category 1     Category 2        0.048        0.057          -2.161
       Category 2     Category 1        0.007        0.017          -4.295
       Category 2     Category 2        0.011        0.001          17.470
       Bivariate Pearson Chi-Square                                335.711
       Bivariate Log-Likelihood Chi-Square                         132.535
     GND1           GND4
       Category 1     Category 1        0.892        0.884           1.465
       Category 1     Category 2        0.090        0.098          -1.616
       Category 2     Category 1        0.008        0.016          -3.673
       Category 2     Category 2        0.010        0.002          11.208
       Bivariate Pearson Chi-Square                                144.736
       Bivariate Log-Likelihood Chi-Square                          79.810
     GND1           GND5
       Category 1     Category 1        0.938        0.929           1.806
       Category 1     Category 2        0.044        0.053          -2.120
       Category 2     Category 1        0.008        0.017          -3.883
       Category 2     Category 2        0.010        0.001          16.504
       Bivariate Pearson Chi-Square                                298.547
       Bivariate Log-Likelihood Chi-Square                         117.059
     GND1           GND6
       Category 1     Category 1        0.857        0.847           1.650
       Category 1     Category 2        0.125        0.136          -1.771
       Category 2     Category 1        0.005        0.015          -4.693
       Category 2     Category 2        0.013        0.002          11.895
       Bivariate Pearson Chi-Square                                170.011
       Bivariate Log-Likelihood Chi-Square                         104.332
     GND1           ETH1
       Category 1     Category 1        0.959        0.955           1.136
       Category 1     Category 2        0.023        0.028          -1.515
       Category 2     Category 1        0.013        0.017          -2.002
       Category 2     Category 2        0.005        0.000          12.201
       Bivariate Pearson Chi-Square                                158.810
       Bivariate Log-Likelihood Chi-Square                          57.247
     GND1           ETH2
       Category 1     Category 1        0.941        0.934           1.454
       Category 1     Category 2        0.041        0.048          -1.741
       Category 2     Category 1        0.010        0.017          -2.966
       Category 2     Category 2        0.008        0.001          13.373
       Bivariate Pearson Chi-Square                                195.014
       Bivariate Log-Likelihood Chi-Square                          80.197
     GND1           ETH3
       Category 1     Category 1        0.893        0.888           0.985
       Category 1     Category 2        0.089        0.095          -1.103
       Category 2     Category 1        0.009        0.016          -2.930
       Category 2     Category 2        0.009        0.002           9.195
       Bivariate Pearson Chi-Square                                 96.363
       Bivariate Log-Likelihood Chi-Square                          55.140
     GND1           ETH4
       Category 1     Category 1        0.788        0.782           0.822
       Category 1     Category 2        0.194        0.200          -0.878
       Category 2     Category 1        0.007        0.014          -3.401
       Category 2     Category 2        0.011        0.004           6.889
       Bivariate Pearson Chi-Square                                 60.911
       Bivariate Log-Likelihood Chi-Square                          46.302
     GND1           ETH5
       Category 1     Category 1        0.937        0.932           1.157
       Category 1     Category 2        0.045        0.050          -1.387
       Category 2     Category 1        0.011        0.017          -2.390
       Category 2     Category 2        0.007        0.001          10.610
       Bivariate Pearson Chi-Square                                122.934
       Bivariate Log-Likelihood Chi-Square                          56.007
     GND2           GND3
       Category 1     Category 1        0.925        0.917           1.543
       Category 1     Category 2        0.049        0.057          -1.853
       Category 2     Category 1        0.015        0.024          -3.156
       Category 2     Category 2        0.010        0.001          12.645
       Bivariate Pearson Chi-Square                                177.039
       Bivariate Log-Likelihood Chi-Square                          84.955
     GND2           GND4
       Category 1     Category 1        0.886        0.877           1.580
       Category 1     Category 2        0.088        0.098          -1.766
       Category 2     Category 1        0.014        0.023          -3.400
       Category 2     Category 2        0.012        0.003          10.175
       Bivariate Pearson Chi-Square                                120.552
       Bivariate Log-Likelihood Chi-Square                          72.519
     GND2           GND5
       Category 1     Category 1        0.932        0.922           2.037
       Category 1     Category 2        0.043        0.053          -2.471
       Category 2     Category 1        0.014        0.024          -3.787
       Category 2     Category 2        0.012        0.001          15.793
       Bivariate Pearson Chi-Square                                275.771
       Bivariate Log-Likelihood Chi-Square                         119.682
     GND2           GND6
       Category 1     Category 1        0.852        0.840           1.835
       Category 1     Category 2        0.122        0.134          -1.987
       Category 2     Category 1        0.010        0.022          -4.453
       Category 2     Category 2        0.015        0.004          11.106
       Bivariate Pearson Chi-Square                                149.826
       Bivariate Log-Likelihood Chi-Square                          97.209
     GND2           ETH1
       Category 1     Category 1        0.950        0.947           0.849
       Category 1     Category 2        0.024        0.027          -1.194
       Category 2     Category 1        0.021        0.025          -1.376
       Category 2     Category 2        0.005        0.001           8.166
       Bivariate Pearson Chi-Square                                 71.616
       Bivariate Log-Likelihood Chi-Square                          33.638
     GND2           ETH2
       Category 1     Category 1        0.934        0.927           1.520
       Category 1     Category 2        0.040        0.048          -1.881
       Category 2     Category 1        0.017        0.024          -2.708
       Category 2     Category 2        0.009        0.001          11.930
       Bivariate Pearson Chi-Square                                156.588
       Bivariate Log-Likelihood Chi-Square                          73.329
     GND2           ETH3
       Category 1     Category 1        0.887        0.880           1.182
       Category 1     Category 2        0.087        0.094          -1.330
       Category 2     Category 1        0.015        0.023          -2.927
       Category 2     Category 2        0.011        0.002           8.964
       Bivariate Pearson Chi-Square                                 92.509
       Bivariate Log-Likelihood Chi-Square                          56.695
     GND2           ETH4
       Category 1     Category 1        0.782        0.776           0.836
       Category 1     Category 2        0.192        0.198          -0.885
       Category 2     Category 1        0.013        0.020          -2.903
       Category 2     Category 2        0.013        0.005           5.763
       Bivariate Pearson Chi-Square                                 43.109
       Bivariate Log-Likelihood Chi-Square                          34.587
     GND2           ETH5
       Category 1     Category 1        0.930        0.925           1.229
       Category 1     Category 2        0.044        0.050          -1.514
       Category 2     Category 1        0.018        0.024          -2.213
       Category 2     Category 2        0.008        0.001           9.558
       Bivariate Pearson Chi-Square                                100.708
       Bivariate Log-Likelihood Chi-Square                          51.722
     GND3           GND4
       Category 1     Category 1        0.880        0.847           5.074
       Category 1     Category 2        0.060        0.094          -6.450
       Category 2     Category 1        0.020        0.053          -8.139
       Category 2     Category 2        0.040        0.006          24.598
       Bivariate Pearson Chi-Square                                723.187
       Bivariate Log-Likelihood Chi-Square                         398.202
     GND3           GND5
       Category 1     Category 1        0.901        0.891           1.812
       Category 1     Category 2        0.040        0.051          -2.846
       Category 2     Category 1        0.044        0.055          -2.631
       Category 2     Category 2        0.015        0.003          11.788
       Bivariate Pearson Chi-Square                                156.851
       Bivariate Log-Likelihood Chi-Square                          89.500
     GND3           GND6
       Category 1     Category 1        0.846        0.812           4.881
       Category 1     Category 2        0.094        0.130          -5.854
       Category 2     Category 1        0.016        0.050          -8.643
       Category 2     Category 2        0.043        0.008          21.809
       Bivariate Pearson Chi-Square                                591.167
       Bivariate Log-Likelihood Chi-Square                         373.003
     GND3           ETH1
       Category 1     Category 1        0.921        0.915           1.082
       Category 1     Category 2        0.020        0.026          -2.252
       Category 2     Category 1        0.051        0.057          -1.409
       Category 2     Category 2        0.009        0.002           9.530
       Bivariate Pearson Chi-Square                                 99.966
       Bivariate Log-Likelihood Chi-Square                          53.477
     GND3           ETH2
       Category 1     Category 1        0.905        0.896           1.650
       Category 1     Category 2        0.036        0.046          -2.693
       Category 2     Category 1        0.046        0.056          -2.297
       Category 2     Category 2        0.013        0.003          10.981
       Bivariate Pearson Chi-Square                                135.663
       Bivariate Log-Likelihood Chi-Square                          77.664
     GND3           ETH3
       Category 1     Category 1        0.859        0.851           1.256
       Category 1     Category 2        0.082        0.091          -1.766
       Category 2     Category 1        0.044        0.053          -2.257
       Category 2     Category 2        0.016        0.006           7.547
       Bivariate Pearson Chi-Square                                 66.111
       Bivariate Log-Likelihood Chi-Square                          47.216
     GND3           ETH4
       Category 1     Category 1        0.758        0.750           1.007
       Category 1     Category 2        0.183        0.192          -1.260
       Category 2     Category 1        0.038        0.047          -2.366
       Category 2     Category 2        0.022        0.012           5.150
       Bivariate Pearson Chi-Square                                 33.893
       Bivariate Log-Likelihood Chi-Square                          28.875
     GND3           ETH5
       Category 1     Category 1        0.902        0.893           1.496
       Category 1     Category 2        0.039        0.048          -2.438
       Category 2     Category 1        0.047        0.055          -2.090
       Category 2     Category 2        0.013        0.003           9.867
       Bivariate Pearson Chi-Square                                109.701
       Bivariate Log-Likelihood Chi-Square                          65.459
     GND4           GND5
       Category 1     Category 1        0.869        0.851           2.728
       Category 1     Category 2        0.031        0.049          -4.474
       Category 2     Category 1        0.077        0.095          -3.437
       Category 2     Category 2        0.023        0.005          13.604
       Bivariate Pearson Chi-Square                                220.180
       Bivariate Log-Likelihood Chi-Square                         137.778
     GND4           GND6
       Category 1     Category 1        0.822        0.776           6.199
       Category 1     Category 2        0.078        0.124          -7.815
       Category 2     Category 1        0.040        0.086          -9.141
       Category 2     Category 2        0.060        0.014          21.918
       Bivariate Pearson Chi-Square                                627.206
       Bivariate Log-Likelihood Chi-Square                         433.450
     GND4           ETH1
       Category 1     Category 1        0.880        0.875           0.960
       Category 1     Category 2        0.020        0.025          -1.969
       Category 2     Category 1        0.091        0.097          -1.155
       Category 2     Category 2        0.009        0.003           6.295
       Bivariate Pearson Chi-Square                                 45.709
       Bivariate Log-Likelihood Chi-Square                          31.260
     GND4           ETH2
       Category 1     Category 1        0.865        0.856           1.396
       Category 1     Category 2        0.035        0.044          -2.348
       Category 2     Category 1        0.086        0.095          -1.745
       Category 2     Category 2        0.014        0.005           7.208
       Bivariate Pearson Chi-Square                                 61.479
       Bivariate Log-Likelihood Chi-Square                          44.097
     GND4           ETH3
       Category 1     Category 1        0.825        0.813           1.616
       Category 1     Category 2        0.075        0.087          -2.208
       Category 2     Category 1        0.078        0.091          -2.395
       Category 2     Category 2        0.022        0.010           6.940
       Bivariate Pearson Chi-Square                                 59.274
       Bivariate Log-Likelihood Chi-Square                          46.684
     GND4           ETH4
       Category 1     Category 1        0.724        0.717           0.913
       Category 1     Category 2        0.176        0.183          -1.040
       Category 2     Category 1        0.071        0.080          -1.748
       Category 2     Category 2        0.029        0.020           3.289
       Bivariate Pearson Chi-Square                                 14.886
       Bivariate Log-Likelihood Chi-Square                          13.763
     GND4           ETH5
       Category 1     Category 1        0.864        0.854           1.648
       Category 1     Category 2        0.036        0.046          -2.739
       Category 2     Category 1        0.084        0.095          -2.042
       Category 2     Category 2        0.016        0.005           8.271
       Bivariate Pearson Chi-Square                                 81.320
       Bivariate Log-Likelihood Chi-Square                          56.984
     GND5           GND6
       Category 1     Category 1        0.836        0.815           2.932
       Category 1     Category 2        0.109        0.131          -3.483
       Category 2     Category 1        0.026        0.047          -5.313
       Category 2     Category 2        0.028        0.007          13.436
       Bivariate Pearson Chi-Square                                223.565
       Bivariate Log-Likelihood Chi-Square                         152.225
     GND5           ETH1
       Category 1     Category 1        0.926        0.919           1.350
       Category 1     Category 2        0.019        0.027          -2.507
       Category 2     Category 1        0.045        0.052          -1.757
       Category 2     Category 2        0.009        0.002          10.987
       Bivariate Pearson Chi-Square                                132.899
       Bivariate Log-Likelihood Chi-Square                          66.583
     GND5           ETH2
       Category 1     Category 1        0.910        0.900           1.927
       Category 1     Category 2        0.035        0.046          -2.925
       Category 2     Category 1        0.041        0.051          -2.720
       Category 2     Category 2        0.014        0.003          12.398
       Bivariate Pearson Chi-Square                                172.977
       Bivariate Log-Likelihood Chi-Square                          93.973
     GND5           ETH3
       Category 1     Category 1        0.865        0.855           1.593
       Category 1     Category 2        0.080        0.091          -2.074
       Category 2     Category 1        0.038        0.049          -2.870
       Category 2     Category 2        0.017        0.005           9.096
       Bivariate Pearson Chi-Square                                 96.732
       Bivariate Log-Likelihood Chi-Square                          65.759
     GND5           ETH4
       Category 1     Category 1        0.763        0.753           1.238
       Category 1     Category 2        0.182        0.193          -1.444
       Category 2     Category 1        0.032        0.043          -2.938
       Category 2     Category 2        0.022        0.011           6.062
       Bivariate Pearson Chi-Square                                 47.809
       Bivariate Log-Likelihood Chi-Square                          39.954
     GND5           ETH5
       Category 1     Category 1        0.908        0.898           1.804
       Category 1     Category 2        0.038        0.048          -2.718
       Category 2     Category 1        0.041        0.051          -2.555
       Category 2     Category 2        0.014        0.003          11.430
       Bivariate Pearson Chi-Square                                147.352
       Bivariate Log-Likelihood Chi-Square                          82.971
     GND6           ETH1
       Category 1     Category 1        0.846        0.838           1.157
       Category 1     Category 2        0.017        0.024          -2.657
       Category 2     Category 1        0.126        0.134          -1.323
       Category 2     Category 2        0.012        0.004           6.966
       Bivariate Pearson Chi-Square                                 58.345
       Bivariate Log-Likelihood Chi-Square                          41.713
     GND6           ETH2
       Category 1     Category 1        0.833        0.820           1.829
       Category 1     Category 2        0.030        0.042          -3.407
       Category 2     Category 1        0.118        0.131          -2.146
       Category 2     Category 2        0.020        0.007           8.630
       Bivariate Pearson Chi-Square                                 91.887
       Bivariate Log-Likelihood Chi-Square                          67.490
     GND6           ETH3
       Category 1     Category 1        0.791        0.779           1.640
       Category 1     Category 2        0.071        0.083          -2.400
       Category 2     Category 1        0.111        0.125          -2.233
       Category 2     Category 2        0.026        0.013           6.284
       Bivariate Pearson Chi-Square                                 50.411
       Bivariate Log-Likelihood Chi-Square                          41.917
     GND6           ETH4
       Category 1     Category 1        0.700        0.687           1.633
       Category 1     Category 2        0.162        0.175          -1.944
       Category 2     Category 1        0.095        0.110          -2.621
       Category 2     Category 2        0.043        0.028           4.854
       Bivariate Pearson Chi-Square                                 33.774
       Bivariate Log-Likelihood Chi-Square                          30.920
     GND6           ETH5
       Category 1     Category 1        0.831        0.818           1.904
       Category 1     Category 2        0.031        0.044          -3.495
       Category 2     Category 1        0.117        0.131          -2.228
       Category 2     Category 2        0.020        0.007           8.770
       Bivariate Pearson Chi-Square                                 95.293
       Bivariate Log-Likelihood Chi-Square                          70.228
     ETH1           ETH2
       Category 1     Category 1        0.946        0.924           4.597
       Category 1     Category 2        0.025        0.048          -5.828
       Category 2     Category 1        0.004        0.027          -7.671
       Category 2     Category 2        0.024        0.001          34.052
       Bivariate Pearson Chi-Square                               1279.695
       Bivariate Log-Likelihood Chi-Square                         424.198
     ETH1           ETH3
       Category 1     Category 1        0.894        0.878           2.742
       Category 1     Category 2        0.077        0.094          -3.161
       Category 2     Category 1        0.008        0.025          -6.062
       Category 2     Category 2        0.020        0.003          18.822
       Bivariate Pearson Chi-Square                                408.861
       Bivariate Log-Likelihood Chi-Square                         208.085
     ETH1           ETH4
       Category 1     Category 1        0.791        0.774           2.202
       Category 1     Category 2        0.181        0.198          -2.373
       Category 2     Category 1        0.005        0.022          -6.646
       Category 2     Category 2        0.024        0.006          13.362
       Bivariate Pearson Chi-Square                                231.862
       Bivariate Log-Likelihood Chi-Square                         172.250
     ETH1           ETH5
       Category 1     Category 1        0.940        0.922           3.593
       Category 1     Category 2        0.032        0.050          -4.542
       Category 2     Category 1        0.009        0.027          -6.073
       Category 2     Category 2        0.020        0.001          26.492
       Bivariate Pearson Chi-Square                                775.855
       Bivariate Log-Likelihood Chi-Square                         280.535
     ETH2           ETH3
       Category 1     Category 1        0.877        0.859           2.869
       Category 1     Category 2        0.073        0.092          -3.532
       Category 2     Category 1        0.025        0.044          -5.131
       Category 2     Category 2        0.024        0.005          15.716
       Bivariate Pearson Chi-Square                                290.409
       Bivariate Log-Likelihood Chi-Square                         170.009
     ETH2           ETH4
       Category 1     Category 1        0.783        0.758           3.277
       Category 1     Category 2        0.168        0.194          -3.610
       Category 2     Category 1        0.012        0.039          -7.580
       Category 2     Category 2        0.037        0.010          14.994
       Bivariate Pearson Chi-Square                                298.032
       Bivariate Log-Likelihood Chi-Square                         224.993
     ETH2           ETH5
       Category 1     Category 1        0.926        0.903           4.424
       Category 1     Category 2        0.024        0.049          -6.206
       Category 2     Category 1        0.022        0.046          -6.316
       Category 2     Category 2        0.027        0.002          27.059
       Bivariate Pearson Chi-Square                                826.664
       Bivariate Log-Likelihood Chi-Square                         344.330
     ETH3           ETH4
       Category 1     Category 1        0.763        0.720           5.292
       Category 1     Category 2        0.140        0.184          -6.283
       Category 2     Category 1        0.033        0.077          -9.164
       Category 2     Category 2        0.065        0.020          18.006
       Bivariate Pearson Chi-Square                                446.103
       Bivariate Log-Likelihood Chi-Square                         347.268
     ETH3           ETH5
       Category 1     Category 1        0.881        0.858           3.739
       Category 1     Category 2        0.021        0.046          -6.502
       Category 2     Category 1        0.068        0.091          -4.592
       Category 2     Category 2        0.030        0.005          19.736
       Bivariate Pearson Chi-Square                                460.053
       Bivariate Log-Likelihood Chi-Square                         256.792
     ETH4           ETH5
       Category 1     Category 1        0.783        0.756           3.553
       Category 1     Category 2        0.012        0.041          -8.043
       Category 2     Category 1        0.165        0.193          -3.908
       Category 2     Category 2        0.039        0.010          15.831
       Bivariate Pearson Chi-Square                                333.452
       Bivariate Log-Likelihood Chi-Square                         252.178

       Overall Bivariate Pearson Chi-Square                      12973.068
       Overall Bivariate Log-Likelihood Chi-Square                6855.487


SAVEDATA INFORMATION


  Save file
    Prob_FIN_GNDETHlca_C3cl1.dat

  Order and format of variables

    GND1           F10.3
    GND2           F10.3
    GND3           F10.3
    GND4           F10.3
    GND5           F10.3
    GND6           F10.3
    ETH1           F10.3
    ETH2           F10.3
    ETH3           F10.3
    ETH4           F10.3
    ETH5           F10.3
    CPROB1         F10.3
    C              F10.3
    WS             F10.3
    IDSTUD         I9
    ID_S           I4
    ID_J           I4

  Save file format
    14F10.3 I9 2I4

  Save file record length    10000

  Save missing symbol        *


     Beginning Time:  22:17:13
        Ending Time:  22:17:15
       Elapsed Time:  00:00:02



MUTHEN & MUTHEN
3463 Stoner Ave.
Los Angeles, CA  90066

Tel: (310) 391-9971
Fax: (310) 391-8971
Web: www.StatModel.com
Support: Support@StatModel.com

Copyright (c) 1998-2020 Muthen & Muthen
