Mplus VERSION 8.5 (Mac)
MUTHEN & MUTHEN
04/07/2021  10:28 PM

INPUT INSTRUCTIONS

  TITLE: BFLGND LCA - C3 with 5 classes;
  DATA:
  FILE = GNDDtaC3.dat;

  VARIABLE:
  NAMES = id_i
  id_j
  id_r
  id_s
  id_k
  wt
  ws
  GND1
  GND2
  GND3
  GND4
  GND5
  GND6
  IDSTUD;
  IDVARIABLE = IDSTUD;
  USEVARIABLES = GND1
  GND2
  GND3
  GND4
  GND5
  GND6;
  USEOBSERVATIONS ARE id_k EQ 1;
  CATEGORICAL = GND1
  GND2
  GND3
  GND4
  GND5
  GND6;
  MISSING = .;
  CLASSES = c(5);
  WEIGHT = ws;
  STRATIFICATION = id_s;
  CLUSTER = id_j;

  ANALYSIS:
  TYPE = COMPLEX MIXTURE;
  PROCESSORS = 4;
  STARTS = 1000 250;
  STITERATIONS = 20;
  STSEED = 288;

  MODEL:
  %OVERALL%

  OUTPUT:
  TECH10
  TECH11
  SVALUES
  ;

  SAVEDATA:
  FILE = Prob_BFL_GNDlca_C3cl5.dat;
  SAVE = CPROBABILITIES;



*** WARNING in VARIABLE command
  When a subpopulation is analyzed with TYPE=COMPLEX, standard errors
  may be incorrect.  Use the SUBPOPULATION option instead of the
  USEOBSERVATIONS option to obtain correct standard errors.
*** WARNING
  Data set contains cases with missing on all variables.
  These cases were not included in the analysis.
  Number of cases with missing on all variables:  13
   2 WARNING(S) FOUND IN THE INPUT INSTRUCTIONS



BFLGND LCA - C3 with 5 classes;

SUMMARY OF ANALYSIS

Number of groups                                                 1
Number of observations                                        2918

Number of dependent variables                                    6
Number of independent variables                                  0
Number of continuous latent variables                            0
Number of categorical latent variables                           1

Observed dependent variables

  Binary and ordered categorical (ordinal)
   GND1        GND2        GND3        GND4        GND5        GND6

Categorical latent variables
   C

Variables with special functions

  Stratification        ID_S
  Cluster variable      ID_J
  Weight variable       WS
  ID variable           IDSTUD

Estimator                                                      MLR
Information matrix                                        OBSERVED
Optimization Specifications for the Quasi-Newton Algorithm for
Continuous Outcomes
  Maximum number of iterations                                 100
  Convergence criterion                                  0.100D-05
Optimization Specifications for the EM Algorithm
  Maximum number of iterations                                 500
  Convergence criteria
    Loglikelihood change                                 0.100D-06
    Relative loglikelihood change                        0.100D-06
    Derivative                                           0.100D-05
Optimization Specifications for the M step of the EM Algorithm for
Categorical Latent variables
  Number of M step iterations                                    1
  M step convergence criterion                           0.100D-05
  Basis for M step termination                           ITERATION
Optimization Specifications for the M step of the EM Algorithm for
Censored, Binary or Ordered Categorical (Ordinal), Unordered
Categorical (Nominal) and Count Outcomes
  Number of M step iterations                                    1
  M step convergence criterion                           0.100D-05
  Basis for M step termination                           ITERATION
  Maximum value for logit thresholds                            15
  Minimum value for logit thresholds                           -15
  Minimum expected cell size for chi-square              0.100D-01
Maximum number of iterations for H1                           2000
Convergence criterion for H1                             0.100D-03
Optimization algorithm                                         EMA
Random Starts Specifications
  Number of initial stage random starts                       1000
  Number of final stage optimizations                          250
  Number of initial stage iterations                            20
  Initial stage convergence criterion                    0.100D+01
  Random starts scale                                    0.500D+01
  Random seed for generating random starts                     288
Link                                                         LOGIT

Input data file(s)
  GNDDtaC3.dat
Input data format  FREE


SUMMARY OF DATA

     Number of missing data patterns            15
     Number of y missing data patterns           0
     Number of u missing data patterns          15
     Number of strata                           75
     Number of clusters                        162


COVARIANCE COVERAGE OF DATA

Minimum covariance coverage value   0.100


     PROPORTION OF DATA PRESENT FOR U


           Covariance Coverage
              GND1          GND2          GND3          GND4          GND5
              ________      ________      ________      ________      ________
 GND1           1.000
 GND2           0.998         0.998
 GND3           0.995         0.993         0.995
 GND4           0.992         0.991         0.989         0.992
 GND5           0.996         0.995         0.992         0.990         0.997
 GND6           0.993         0.992         0.990         0.988         0.992


           Covariance Coverage
              GND6
              ________
 GND6           0.994


UNIVARIATE PROPORTIONS AND COUNTS FOR CATEGORICAL VARIABLES

    GND1
      Category 1    0.991         2891.320
      Category 2    0.009           25.915
    GND2
      Category 1    0.961         2798.967
      Category 2    0.039          114.619
    GND3
      Category 1    0.934         2712.831
      Category 2    0.066          192.262
    GND4
      Category 1    0.877         2541.869
      Category 2    0.123          356.316
    GND5
      Category 1    0.951         2766.427
      Category 2    0.049          142.333
    GND6
      Category 1    0.843         2442.833
      Category 2    0.157          454.311


RANDOM STARTS RESULTS RANKED FROM THE BEST TO THE WORST LOGLIKELIHOOD VALUES

Final stage loglikelihood values at local maxima, seeds, and initial stage start numbers:

           -3788.834  983784           118
           -3788.834  659661           805
           -3788.834  112959           148
           -3788.834  268362           708
           -3788.834  678818           832
           -3788.834  56586            165
           -3788.834  32588            319
           -3788.834  703404           63
           -3788.834  496516           316
           -3788.834  125830           187
           -3788.834  529186           368
           -3788.834  325682           54
           -3788.834  856808           157
           -3788.834  131908           837
           -3788.834  344461           717
           -3788.834  100746           790
           -3788.834  480214           256
           -3788.967  890296           636
           -3788.989  210519           217
           -3788.989  859868           243
           -3788.994  609918           195
           -3789.334  313816           213
           -3790.232  391260           183
           -3790.232  377368           224
           -3791.137  615751           16
           -3791.137  602610           203
           -3791.281  789068           174
           -3791.750  222182           214
           -3792.512  398843           807
           -3792.801  199816           11
           -3793.365  675509           906
           -3794.088  609201           3
           -3794.495  247466           56

217 perturbed starting value run(s) did not converge or were rejected in the third stage.



THE BEST LOGLIKELIHOOD VALUE HAS BEEN REPLICATED.  RERUN WITH AT LEAST TWICE THE
RANDOM STARTS TO CHECK THAT THE BEST LOGLIKELIHOOD IS STILL OBTAINED AND REPLICATED.

     IN THE OPTIMIZATION, ONE OR MORE LOGIT THRESHOLDS APPROACHED EXTREME VALUES
     OF -15.000 AND 15.000 AND WERE FIXED TO STABILIZE MODEL ESTIMATION.  THESE
     VALUES IMPLY PROBABILITIES OF 0 AND 1.  IN THE MODEL RESULTS SECTION, THESE
     PARAMETERS HAVE 0 STANDARD ERRORS AND 999 IN THE Z-SCORE AND P-VALUE COLUMNS.




THE MODEL ESTIMATION TERMINATED NORMALLY



MODEL FIT INFORMATION

Number of Free Parameters                       34

Loglikelihood

          H0 Value                       -3788.834
          H0 Scaling Correction Factor      1.1757
            for MLR

Information Criteria

          Akaike (AIC)                    7645.668
          Bayesian (BIC)                  7848.943
          Sample-Size Adjusted BIC        7740.912
            (n* = (n + 2) / 24)

Chi-Square Test of Model Fit for the Binary and Ordered Categorical
(Ordinal) Outcomes**

          Pearson Chi-Square

          Value                             16.356
          Degrees of Freedom                    28
          P-Value                           0.9602

          Likelihood Ratio Chi-Square

          Value                             18.161
          Degrees of Freedom                    28
          P-Value                           0.9220

** Of the 356 cells in the latent class indicator table, 1
   were deleted in the calculation of chi-square due to extreme values.

Chi-Square Test for MCAR under the Unrestricted Latent Class Indicator Model

          Pearson Chi-Square

          Value                            229.575
          Degrees of Freedom                   278
          P-Value                           0.9845

          Likelihood Ratio Chi-Square

          Value                             98.106
          Degrees of Freedom                   278
          P-Value                           1.0000



FINAL CLASS COUNTS AND PROPORTIONS FOR THE LATENT CLASSES
BASED ON THE ESTIMATED MODEL

    Latent
   Classes

       1        215.79402          0.07395
       2         12.51126          0.00429
       3       2129.15121          0.72966
       4        545.46003          0.18693
       5         15.08348          0.00517


FINAL CLASS COUNTS AND PROPORTIONS FOR THE LATENT CLASSES
BASED ON ESTIMATED POSTERIOR PROBABILITIES

    Latent
   Classes

       1        215.79402          0.07395
       2         12.51126          0.00429
       3       2129.15121          0.72966
       4        545.46003          0.18693
       5         15.08348          0.00517


FINAL CLASS COUNTS AND PROPORTIONS FOR THE LATENT CLASSES
BASED ON THEIR MOST LIKELY LATENT CLASS MEMBERSHIP

Class Counts and Proportions

    Latent
   Classes

       1              221          0.07586
       2               15          0.00497
       3             2400          0.82235
       4              269          0.09212
       5               14          0.00470


CLASSIFICATION QUALITY

     Entropy                         0.743


Average Latent Class Probabilities for Most Likely Latent Class Membership (Row)
by Latent Class (Column)

           1        2        3        4        5

    1   0.814    0.000    0.017    0.158    0.010
    2   0.006    0.704    0.013    0.277    0.000
    3   0.006    0.000    0.869    0.124    0.000
    4   0.070    0.009    0.147    0.773    0.002
    5   0.074    0.000    0.000    0.029    0.897


Classification Probabilities for the Most Likely Latent Class Membership (Column)
by Latent Class (Row)

           1        2        3        4        5

    1   0.835    0.000    0.072    0.087    0.005
    2   0.000    0.816    0.001    0.183    0.000
    3   0.002    0.000    0.980    0.019    0.000
    4   0.064    0.007    0.547    0.381    0.001
    5   0.151    0.000    0.000    0.034    0.815


Logits for the Classification Probabilities for the Most Likely Latent Class Membership (Column)
by Latent Class (Row)

              1        2        3        4        5

    1      5.175   -2.431    2.727    2.916    0.000
    2      0.000   13.612    6.308   12.119    0.000
    3      7.471    4.489   13.795    9.827    0.000
    4      4.478    2.313    6.618    6.257    0.000
    5     -1.687  -13.611  -13.611   -3.189    0.000


MODEL RESULTS

                                                    Two-Tailed
                    Estimate       S.E.  Est./S.E.    P-Value

Latent Class 1

 Thresholds
    GND1$1             3.766      0.525      7.171      0.000
    GND2$1             2.080      0.370      5.630      0.000
    GND3$1            -0.258      0.598     -0.432      0.666
    GND4$1            -1.586      0.291     -5.451      0.000
    GND5$1             2.002      0.276      7.254      0.000
    GND6$1            -1.563      0.579     -2.698      0.007

Latent Class 2

 Thresholds
    GND1$1             0.496      1.383      0.359      0.720
    GND2$1            -0.861      1.234     -0.698      0.485
    GND3$1            15.000      0.000    999.000    999.000
    GND4$1            15.000      0.000    999.000    999.000
    GND5$1           -15.000      0.000    999.000    999.000
    GND6$1            15.000      0.000    999.000    999.000

Latent Class 3

 Thresholds
    GND1$1             6.915      1.189      5.813      0.000
    GND2$1             4.619      2.235      2.066      0.039
    GND3$1             3.722      0.308     12.077      0.000
    GND4$1            15.000      0.000    999.000    999.000
    GND5$1             4.703      4.309      1.091      0.275
    GND6$1             2.441      0.160     15.287      0.000

Latent Class 4

 Thresholds
    GND1$1             5.298      2.265      2.339      0.019
    GND2$1             2.380      0.565      4.214      0.000
    GND3$1             3.464      1.670      2.075      0.038
    GND4$1             0.833      2.194      0.380      0.704
    GND5$1             1.809      0.371      4.870      0.000
    GND6$1             1.509      1.194      1.264      0.206

Latent Class 5

 Thresholds
    GND1$1            -1.156      1.626     -0.711      0.477
    GND2$1           -15.000      0.000    999.000    999.000
    GND3$1             0.854      0.780      1.096      0.273
    GND4$1           -15.000      0.000    999.000    999.000
    GND5$1            -0.308      0.496     -0.620      0.535
    GND6$1            -0.899      0.638     -1.410      0.159

Categorical Latent Variables

 Means
    C#1                2.661      0.583      4.562      0.000
    C#2               -0.187      0.955     -0.196      0.845
    C#3                4.950      0.606      8.168      0.000
    C#4                3.588      1.198      2.994      0.003


RESULTS IN PROBABILITY SCALE

Latent Class 1

 GND1
    Category 1         0.977      0.012     84.161      0.000
    Category 2         0.023      0.012      1.948      0.051
 GND2
    Category 1         0.889      0.036     24.379      0.000
    Category 2         0.111      0.036      3.044      0.002
 GND3
    Category 1         0.436      0.147      2.966      0.003
    Category 2         0.564      0.147      3.840      0.000
 GND4
    Category 1         0.170      0.041      4.141      0.000
    Category 2         0.830      0.041     20.222      0.000
 GND5
    Category 1         0.881      0.029     30.455      0.000
    Category 2         0.119      0.029      4.112      0.000
 GND6
    Category 1         0.173      0.083      2.088      0.037
    Category 2         0.827      0.083      9.964      0.000

Latent Class 2

 GND1
    Category 1         0.621      0.325      1.910      0.056
    Category 2         0.379      0.325      1.164      0.245
 GND2
    Category 1         0.297      0.258      1.153      0.249
    Category 2         0.703      0.258      2.727      0.006
 GND3
    Category 1         1.000      0.000      0.000      1.000
    Category 2         0.000      0.000      0.000      1.000
 GND4
    Category 1         1.000      0.000      0.000      1.000
    Category 2         0.000      0.000      0.000      1.000
 GND5
    Category 1         0.000      0.000      0.000      1.000
    Category 2         1.000      0.000      0.000      1.000
 GND6
    Category 1         1.000      0.000      0.000      1.000
    Category 2         0.000      0.000      0.000      1.000

Latent Class 3

 GND1
    Category 1         0.999      0.001    847.446      0.000
    Category 2         0.001      0.001      0.842      0.400
 GND2
    Category 1         0.990      0.022     45.803      0.000
    Category 2         0.010      0.022      0.452      0.651
 GND3
    Category 1         0.976      0.007    137.358      0.000
    Category 2         0.024      0.007      3.324      0.001
 GND4
    Category 1         1.000      0.000      0.000      1.000
    Category 2         0.000      0.000      0.000      1.000
 GND5
    Category 1         0.991      0.038     25.829      0.000
    Category 2         0.009      0.038      0.234      0.815
 GND6
    Category 1         0.920      0.012     78.203      0.000
    Category 2         0.080      0.012      6.807      0.000

Latent Class 4

 GND1
    Category 1         0.995      0.011     88.713      0.000
    Category 2         0.005      0.011      0.444      0.657
 GND2
    Category 1         0.915      0.044     20.900      0.000
    Category 2         0.085      0.044      1.935      0.053
 GND3
    Category 1         0.970      0.049     19.730      0.000
    Category 2         0.030      0.049      0.618      0.537
 GND4
    Category 1         0.697      0.463      1.504      0.132
    Category 2         0.303      0.463      0.654      0.513
 GND5
    Category 1         0.859      0.045     19.126      0.000
    Category 2         0.141      0.045      3.134      0.002
 GND6
    Category 1         0.819      0.177      4.627      0.000
    Category 2         0.181      0.177      1.023      0.306

Latent Class 5

 GND1
    Category 1         0.239      0.296      0.809      0.419
    Category 2         0.761      0.296      2.568      0.010
 GND2
    Category 1         0.000      0.000      0.000      1.000
    Category 2         1.000      0.000      0.000      1.000
 GND3
    Category 1         0.702      0.163      4.297      0.000
    Category 2         0.298      0.163      1.828      0.067
 GND4
    Category 1         0.000      0.000      0.000      1.000
    Category 2         1.000      0.000      0.000      1.000
 GND5
    Category 1         0.424      0.121      3.495      0.000
    Category 2         0.576      0.121      4.755      0.000
 GND6
    Category 1         0.289      0.131      2.206      0.027
    Category 2         0.711      0.131      5.422      0.000


LATENT CLASS ODDS RATIO RESULTS

                                                95% C.I.
                    Estimate       S.E.  Lower 2.5% Upper 2.5%

Latent Class 1 Compared to Latent Class 2

 GND1
    Category > 1       0.038      0.054      0.002      0.608
 GND2
    Category > 1       0.053      0.067      0.004      0.643
 GND3
    Category > 1   *********      0.000  *********  *********
 GND4
    Category > 1   *********      0.000  *********  *********
 GND5
    Category > 1       0.000      0.000      0.000      0.000
 GND6
    Category > 1   *********      0.000  *********  *********

Latent Class 1 Compared to Latent Class 3

 GND1
    Category > 1      23.311     27.918      2.229    243.782
 GND2
    Category > 1      12.659     27.544      0.178    900.561
 GND3
    Category > 1      53.500     37.134     13.726    208.534
 GND4
    Category > 1   *********      0.000  *********  *********
 GND5
    Category > 1      14.894     63.969      0.003  67428.758
 GND6
    Category > 1      54.825     31.451     17.810    168.767

Latent Class 1 Compared to Latent Class 4

 GND1
    Category > 1       4.628     11.380      0.037    573.280
 GND2
    Category > 1       1.349      1.008      0.312      5.832
 GND3
    Category > 1      41.355     61.026      2.293    745.847
 GND4
    Category > 1      11.236     24.988      0.144    878.335
 GND5
    Category > 1       0.824      0.462      0.275      2.472
 GND6
    Category > 1      21.582     21.405      3.089    150.770

Latent Class 1 Compared to Latent Class 5

 GND1
    Category > 1       0.007      0.013      0.000      0.213
 GND2
    Category > 1       0.000      0.000      0.000      0.000
 GND3
    Category > 1       3.042      3.031      0.432     21.438
 GND4
    Category > 1       0.000      0.000      0.000      0.000
 GND5
    Category > 1       0.099      0.054      0.034      0.291
 GND6
    Category > 1       1.942      1.850      0.300     12.572

Latent Class 2 Compared to Latent Class 3

 GND1
    Category > 1     613.338   1019.601     23.586  15949.506
 GND2
    Category > 1     239.875    549.836      2.684  21434.938
 GND3
    Category > 1       0.000      0.000      0.000      0.000
 GND4
    Category > 1       1.000      0.000      1.000      1.000
 GND5
    Category > 1   *********      0.000  *********  *********
 GND6
    Category > 1       0.000      0.000      0.000      0.000

Latent Class 2 Compared to Latent Class 4

 GND1
    Category > 1     121.774    407.938      0.171  86515.453
 GND2
    Category > 1      25.562     36.360      1.573    415.305
 GND3
    Category > 1       0.000      0.000      0.000      0.000
 GND4
    Category > 1       0.000      0.000      0.000      0.000
 GND5
    Category > 1   *********      0.000  *********  *********
 GND6
    Category > 1       0.000      0.000      0.000      0.000

Latent Class 2 Compared to Latent Class 5

 GND1
    Category > 1       0.192      0.415      0.003     13.329
 GND2
    Category > 1       0.000      0.000      0.000      0.000
 GND3
    Category > 1       0.000      0.000      0.000      0.000
 GND4
    Category > 1       0.000      0.000      0.000      0.000
 GND5
    Category > 1   *********      0.000  *********  *********
 GND6
    Category > 1       0.000      0.000      0.000      0.000

Latent Class 3 Compared to Latent Class 4

 GND1
    Category > 1       0.199      0.605      0.001     78.274
 GND2
    Category > 1       0.107      0.241      0.001      8.943
 GND3
    Category > 1       0.773      1.474      0.018     32.498
 GND4
    Category > 1       0.000      0.000      0.000      0.000
 GND5
    Category > 1       0.055      0.239      0.000    262.311
 GND6
    Category > 1       0.394      0.461      0.040      3.913

Latent Class 3 Compared to Latent Class 5

 GND1
    Category > 1       0.000      0.001      0.000      0.017
 GND2
    Category > 1       0.000      0.000      0.000      0.000
 GND3
    Category > 1       0.057      0.050      0.010      0.314
 GND4
    Category > 1       0.000      0.000      0.000      0.000
 GND5
    Category > 1       0.007      0.029      0.000     33.066
 GND6
    Category > 1       0.035      0.023      0.010      0.125

Latent Class 4 Compared to Latent Class 5

 GND1
    Category > 1       0.002      0.004      0.000      0.323
 GND2
    Category > 1       0.000      0.000      0.000      0.000
 GND3
    Category > 1       0.074      0.131      0.002      2.432
 GND4
    Category > 1       0.000      0.000      0.000      0.000
 GND5
    Category > 1       0.120      0.070      0.039      0.376
 GND6
    Category > 1       0.090      0.120      0.007      1.218


QUALITY OF NUMERICAL RESULTS

     Condition Number for the Information Matrix              0.659E-04
       (ratio of smallest to largest eigenvalue)


MODEL COMMAND WITH FINAL ESTIMATES USED AS STARTING VALUES

     %OVERALL%

     [ c#1*2.66072 ];
     [ c#2*-0.18697 ];
     [ c#3*4.94988 ];
     [ c#4*3.58803 ];

     %C#1%

     [ gnd1$1*3.76581 ];
     [ gnd2$1*2.08047 ];
     [ gnd3$1*-0.25815 ];
     [ gnd4$1*-1.58578 ];
     [ gnd5$1*2.00226 ];
     [ gnd6$1*-1.56273 ];

     %C#2%

     [ gnd1$1*0.49581 ];
     [ gnd2$1*-0.86127 ];
     [ gnd3$1*15 ];
     [ gnd4$1*15 ];
     [ gnd5$1*-15 ];
     [ gnd6$1*15 ];

     %C#3%

     [ gnd1$1*6.91472 ];
     [ gnd2$1*4.61885 ];
     [ gnd3$1*3.72153 ];
     [ gnd4$1*15 ];
     [ gnd5$1*4.70325 ];
     [ gnd6$1*2.44142 ];

     %C#4%

     [ gnd1$1*5.29798 ];
     [ gnd2$1*2.37984 ];
     [ gnd3$1*3.46403 ];
     [ gnd4$1*0.83333 ];
     [ gnd5$1*1.80883 ];
     [ gnd6$1*1.50914 ];

     %C#5%

     [ gnd1$1*-1.15555 ];
     [ gnd2$1*-15 ];
     [ gnd3$1*0.85449 ];
     [ gnd4$1*-15 ];
     [ gnd5$1*-0.30787 ];
     [ gnd6$1*-0.89914 ];



TECHNICAL 10 OUTPUT


     MODEL FIT INFORMATION FOR THE LATENT CLASS INDICATOR MODEL PART


     RESPONSE PATTERNS

     No.  Pattern    No.  Pattern    No.  Pattern    No.  Pattern
       1  000000       2  000001       3  000010       4  000011
       5  000100       6  000101       7  000110       8  000111
       9  001000      10  001001      11  001010      12  001011
      13  001100      14  001101      15  001110      16  001111
      17  010000      18  010001      19  010010      20  010011
      21  010100      22  010101      23  010110      24  010111
      25  011001      26  011100      27  011101      28  011110
      29  011111      30  100000      31  100001      32  100010
      33  100100      34  100101      35  101001      36  101101
      37  110010      38  110100      39  110101      40  110110
      41  110111      42  111001      43  111101      44  111111
      45  00*000      46  00*001      47  00*100      48  00*110
      49  000*00      50  000*01      51  000*10      52  001*01
      53  010*00      54  00000*      55  00001*      56  00010*
      57  00110*      58  01000*      59  01001*      60  0000**
      61  *00000      62  01****      63  0000*0      64  0000*1
      65  0001*1      66  0**000      67  00*00*      68  0*0001
      69  0*1000      70  0*1010      71  0*1100      72  00**1*
      73  00**00      74  000*0*      75  000***


     RESPONSE PATTERN FREQUENCIES AND CHI-SQUARE CONTRIBUTIONS

    Response          Frequency     Standardized  Chi-square Contribution
     Pattern    Observed  Estimated   Residual    Pearson   Loglikelihood  Deleted
                                     (z-score)
         1      2085.22    2074.45       0.42      -0.01        -1.59
         2       220.60     221.40      -0.05      -0.01         1.25
         3        55.05      57.23      -0.27       0.07        -2.75
         4        12.65      11.20       0.41       0.19         3.28
         5       108.01     110.96      -0.27       0.06        -3.01
         6        70.49      70.78      -0.03      -0.01         1.15
         7        17.92      17.89       0.01      -0.01         1.01
         8         9.30      10.20      -0.27       0.08        -1.73
         9        54.48      54.49       0.00      -0.01         1.32
        10        16.98      18.34      -0.30       0.10        -2.50
        11         2.24       1.96       0.19      -0.17         1.97
        12         1.72       2.03      -0.21       0.05        -0.61
        13        14.87      16.31      -0.34       0.10        -1.36
        14        64.37      63.48       0.11       0.01         2.36
        15         3.42       2.29       0.70       0.56         2.86
        16         8.32       8.59      -0.09       0.01        -0.69
        17        39.80      39.88      -0.01      -0.07         3.09
        18         6.04       7.57      -0.52       0.31        -2.61
        19         6.76       9.08      -0.73      -0.02         0.08
        20         0.83       0.96      -0.12      -0.06         0.26
        21        12.79      10.90       0.54       0.32         4.68
        22         8.90       8.87       0.01       0.00        -0.11
        23         0.56       2.11      -1.01       1.15        -1.50
        24         1.77       2.17      -0.26       0.08        -0.77
        25         2.74       1.79       0.66       0.50         2.26
        26         1.77       2.06      -0.19       0.04        -0.41
        27         7.50       8.22      -0.24       0.06        -1.54
        28         1.10       0.45       0.92       0.97         1.97
        29         2.36       1.50       0.66       0.49         2.09
        30         3.35       3.04       0.17       0.03         0.53
        31         0.26       0.65      -0.46       0.24        -0.48
        32         1.69       1.59       0.07       0.00         0.13
        33         1.14       0.74       0.44       0.22         0.94
        34         1.95       1.23       0.61       0.42         1.71
        35         1.20       0.31       1.51       2.56         3.21
        36         0.84       1.46      -0.48       0.26        -0.96
        37         3.29       3.29       0.00       0.00        -0.11
        38         2.38       1.04       1.23       1.70         3.83
        39         2.21       2.53      -0.19       0.04        -0.68
        40         1.13       1.33      -0.16       0.03        -0.41
        41         3.12       3.26      -0.07       0.00        -0.38
        42         0.26       0.04       1.05       1.25         0.97
        43         0.67       1.19      -0.45       0.23        -0.80
        44         2.45       1.40       0.83       0.78         2.63
        45         4.12       5.88      -1.34       0.00         0.00
        46         2.16       0.66       1.81      -0.02        -0.01
        47         1.07       0.35       1.17      -0.05        -0.04
        48         0.56       0.06       2.00       0.43         0.09
        49         8.95      10.62      -0.99       0.00        -0.02
        50         1.43       1.42       0.01       0.00         0.01
        51         0.67       0.37       0.48      -0.01        -0.02
        52         1.04       0.40       0.98       0.00         0.00
        53         1.84       0.25       3.04       0.92         0.26
        54         3.93       9.75      -3.94       0.00         0.00
        55         0.73       0.29       0.78       0.00         0.00
        56         3.12       0.77       2.59      -0.06        -0.03
        57         0.83       0.34       0.80       0.01         0.01
        58         0.79       0.20       1.24       0.01         0.00
        59         2.77       0.04       9.43       0.00         0.12
        60         3.64       3.01       0.83       0.00         0.00
        61         0.76       0.55       0.51       0.00         0.00
        62         0.82       0.03       4.53       0.00         0.00
        63         2.52       2.98      -0.49       0.00        -0.01
        64         0.84       0.32       0.88       0.02         0.02
        65         0.64       0.11       1.49      -0.01        -0.01
        66         0.57       0.44       0.40       0.00         0.00
        67         0.83       0.68       0.39       0.00         0.00
        68         0.72       0.31       0.73      -0.01        -0.01
        69         1.52       0.07       5.00      -0.43        -0.04
        70         0.82       0.00       9.42       0.00         0.60      DELETED
        71         0.78       0.02       4.55      -1.36        -0.08
        72         1.11       0.04       4.93       0.34         0.03
        73         1.67       1.31       0.63       0.00         0.00
        74         1.52       1.31       0.46       0.00         0.00
        75         0.78       0.70       0.28       0.00         0.00

     THE TOTAL PEARSON CHI-SQUARE CONTRIBUTION FROM EMPTY CELLS IS         4.19


     UNIVARIATE MODEL FIT INFORMATION

                               Estimated Probabilities
                                                  Standardized
     Variable              H1           H0          Residual
                                                   (z-score)
     GND1
       Category 1        0.991        0.991           0.000
       Category 2        0.009        0.009           0.000
       Univariate Pearson Chi-Square                  0.000
       Univariate Log-Likelihood Chi-Square           0.000
     GND2
       Category 1        0.961        0.961           0.010
       Category 2        0.039        0.039          -0.010
       Univariate Pearson Chi-Square                  0.000
       Univariate Log-Likelihood Chi-Square           0.000
     GND3
       Category 1        0.934        0.934          -0.001
       Category 2        0.066        0.066           0.001
       Univariate Pearson Chi-Square                  0.000
       Univariate Log-Likelihood Chi-Square           0.000
     GND4
       Category 1        0.877        0.877          -0.004
       Category 2        0.123        0.123           0.004
       Univariate Pearson Chi-Square                  0.000
       Univariate Log-Likelihood Chi-Square           0.000
     GND5
       Category 1        0.951        0.951           0.001
       Category 2        0.049        0.049          -0.001
       Univariate Pearson Chi-Square                  0.000
       Univariate Log-Likelihood Chi-Square           0.000
     GND6
       Category 1        0.843        0.843          -0.002
       Category 2        0.157        0.157           0.002
       Univariate Pearson Chi-Square                  0.000
       Univariate Log-Likelihood Chi-Square           0.000

       Overall Univariate Pearson Chi-Square                         0.000
       Overall Univariate Log-Likelihood Chi-Square                  0.000


     BIVARIATE MODEL FIT INFORMATION

                                              Estimated Probabilities
                                                                 Standardized
     Variable       Variable              H1           H0          Residual
                                                                  (z-score)
     GND1           GND2
       Category 1     Category 1        0.957        0.957           0.001
       Category 1     Category 2        0.034        0.034          -0.002
       Category 2     Category 1        0.004        0.004           0.028
       Category 2     Category 2        0.005        0.005          -0.023
       Bivariate Pearson Chi-Square                                  0.001
       Bivariate Log-Likelihood Chi-Square                           0.001
     GND1           GND3
       Category 1     Category 1        0.927        0.927          -0.062
       Category 1     Category 2        0.064        0.064           0.066
       Category 2     Category 1        0.007        0.007           0.193
       Category 2     Category 2        0.002        0.002          -0.340
       Bivariate Pearson Chi-Square                                  0.177
       Bivariate Log-Likelihood Chi-Square                           0.183
     GND1           GND4
       Category 1     Category 1        0.873        0.874          -0.028
       Category 1     Category 2        0.118        0.118           0.029
       Category 2     Category 1        0.003        0.003           0.143
       Category 2     Category 2        0.005        0.006          -0.110
       Bivariate Pearson Chi-Square                                  0.038
       Bivariate Log-Likelihood Chi-Square                           0.037
     GND1           GND5
       Category 1     Category 1        0.946        0.946          -0.050
       Category 1     Category 2        0.045        0.045           0.054
       Category 2     Category 1        0.005        0.005           0.168
       Category 2     Category 2        0.004        0.004          -0.176
       Bivariate Pearson Chi-Square                                  0.070
       Bivariate Log-Likelihood Chi-Square                           0.070
     GND1           GND6
       Category 1     Category 1        0.838        0.838           0.002
       Category 1     Category 2        0.153        0.153          -0.002
       Category 2     Category 1        0.004        0.004          -0.024
       Category 2     Category 2        0.004        0.004           0.024
       Bivariate Pearson Chi-Square                                  0.001
       Bivariate Log-Likelihood Chi-Square                           0.001
     GND2           GND3
       Category 1     Category 1        0.901        0.901          -0.045
       Category 1     Category 2        0.060        0.059           0.065
       Category 2     Category 1        0.033        0.033           0.074
       Category 2     Category 2        0.007        0.007          -0.182
       Bivariate Pearson Chi-Square                                  0.048
       Bivariate Log-Likelihood Chi-Square                           0.048
     GND2           GND4
       Category 1     Category 1        0.854        0.854           0.030
       Category 1     Category 2        0.106        0.106          -0.028
       Category 2     Category 1        0.022        0.023          -0.079
       Category 2     Category 2        0.017        0.017           0.077
       Bivariate Pearson Chi-Square                                  0.014
       Bivariate Log-Likelihood Chi-Square                           0.014
     GND2           GND5
       Category 1     Category 1        0.921        0.921          -0.041
       Category 1     Category 2        0.040        0.040           0.067
       Category 2     Category 1        0.030        0.030           0.066
       Category 2     Category 2        0.009        0.009          -0.138
       Bivariate Pearson Chi-Square                                  0.031
       Bivariate Log-Likelihood Chi-Square                           0.031
     GND2           GND6
       Category 1     Category 1        0.817        0.817          -0.045
       Category 1     Category 2        0.144        0.143           0.055
       Category 2     Category 1        0.026        0.025           0.104
       Category 2     Category 2        0.014        0.014          -0.156
       Bivariate Pearson Chi-Square                                  0.042
       Bivariate Log-Likelihood Chi-Square                           0.043
     GND3           GND4
       Category 1     Category 1        0.848        0.849          -0.005
       Category 1     Category 2        0.085        0.085           0.005
       Category 2     Category 1        0.028        0.028           0.004
       Category 2     Category 2        0.038        0.038          -0.002
       Bivariate Pearson Chi-Square                                  0.000
       Bivariate Log-Likelihood Chi-Square                           0.000
     GND3           GND5
       Category 1     Category 1        0.893        0.892           0.159
       Category 1     Category 2        0.041        0.042          -0.248
       Category 2     Category 1        0.058        0.059          -0.209
       Category 2     Category 2        0.008        0.007           0.604
       Bivariate Pearson Chi-Square                                  0.525
       Bivariate Log-Likelihood Chi-Square                           0.508
     GND3           GND6
       Category 1     Category 1        0.815        0.815           0.022
       Category 1     Category 2        0.119        0.119          -0.028
       Category 2     Category 1        0.028        0.028          -0.058
       Category 2     Category 2        0.038        0.038           0.052
       Bivariate Pearson Chi-Square                                  0.007
       Bivariate Log-Likelihood Chi-Square                           0.007
     GND4           GND5
       Category 1     Category 1        0.846        0.846          -0.031
       Category 1     Category 2        0.031        0.031           0.058
       Category 2     Category 1        0.105        0.105           0.037
       Category 2     Category 2        0.018        0.018          -0.076
       Bivariate Pearson Chi-Square                                  0.012
       Bivariate Log-Likelihood Chi-Square                           0.012
     GND4           GND6
       Category 1     Category 1        0.784        0.784          -0.021
       Category 1     Category 2        0.093        0.092           0.025
       Category 2     Category 1        0.059        0.059           0.032
       Category 2     Category 2        0.065        0.065          -0.026
       Bivariate Pearson Chi-Square                                  0.003
       Bivariate Log-Likelihood Chi-Square                           0.003
     GND5           GND6
       Category 1     Category 1        0.809        0.809           0.025
       Category 1     Category 2        0.142        0.142          -0.028
       Category 2     Category 1        0.034        0.034          -0.059
       Category 2     Category 2        0.015        0.015           0.089
       Bivariate Pearson Chi-Square                                  0.013
       Bivariate Log-Likelihood Chi-Square                           0.013

       Overall Bivariate Pearson Chi-Square                          0.983
       Overall Bivariate Log-Likelihood Chi-Square                   0.972


TECHNICAL 11 OUTPUT

     Random Starts Specifications for the k-1 Class Analysis Model
        Number of initial stage random starts                1000
        Number of final stage optimizations                   250



     VUONG-LO-MENDELL-RUBIN LIKELIHOOD RATIO TEST FOR 4 (H0) VERSUS 5 CLASSES

          H0 Loglikelihood Value                        -3795.457
          2 Times the Loglikelihood Difference             13.245
          Difference in the Number of Parameters                7
          Mean                                             -5.409
          Standard Deviation                               76.072
          P-Value                                          0.3916

     LO-MENDELL-RUBIN ADJUSTED LRT TEST

          Value                                            13.012
          P-Value                                          0.3936


SAVEDATA INFORMATION


  Save file
    Prob_BFL_GNDlca_C3cl5.dat

  Order and format of variables

    GND1           F10.3
    GND2           F10.3
    GND3           F10.3
    GND4           F10.3
    GND5           F10.3
    GND6           F10.3
    CPROB1         F10.3
    CPROB2         F10.3
    CPROB3         F10.3
    CPROB4         F10.3
    CPROB5         F10.3
    C              F10.3
    WS             F10.3
    IDSTUD         I9
    ID_S           I4
    ID_J           I4

  Save file format
    13F10.3 I9 2I4

  Save file record length    10000

  Save missing symbol        *


     Beginning Time:  22:28:19
        Ending Time:  22:28:22
       Elapsed Time:  00:00:03



MUTHEN & MUTHEN
3463 Stoner Ave.
Los Angeles, CA  90066

Tel: (310) 391-9971
Fax: (310) 391-8971
Web: www.StatModel.com
Support: Support@StatModel.com

Copyright (c) 1998-2020 Muthen & Muthen
