Mplus VERSION 8.5 (Mac)
MUTHEN & MUTHEN
04/07/2021  10:30 PM

INPUT INSTRUCTIONS

  TITLE: ITAGND LCA - C3 with 5 classes;
  DATA:
  FILE = GNDDtaC3.dat;

  VARIABLE:
  NAMES = id_i
  id_j
  id_r
  id_s
  id_k
  wt
  ws
  GND1
  GND2
  GND3
  GND4
  GND5
  GND6
  IDSTUD;
  IDVARIABLE = IDSTUD;
  USEVARIABLES = GND1
  GND2
  GND3
  GND4
  GND5
  GND6;
  USEOBSERVATIONS ARE id_k EQ 7;
  CATEGORICAL = GND1
  GND2
  GND3
  GND4
  GND5
  GND6;
  MISSING = .;
  CLASSES = c(5);
  WEIGHT = ws;
  STRATIFICATION = id_s;
  CLUSTER = id_j;

  ANALYSIS:
  TYPE = COMPLEX MIXTURE;
  PROCESSORS = 4;
  STARTS = 1000 250;
  STITERATIONS = 20;
  STSEED = 288;

  MODEL:
  %OVERALL%

  OUTPUT:
  TECH10
  TECH11
  SVALUES
  ;

  SAVEDATA:
  FILE = Prob_ITA_GNDlca_C3cl5.dat;
  SAVE = CPROBABILITIES;



*** WARNING in VARIABLE command
  When a subpopulation is analyzed with TYPE=COMPLEX, standard errors
  may be incorrect.  Use the SUBPOPULATION option instead of the
  USEOBSERVATIONS option to obtain correct standard errors.
*** WARNING
  Data set contains cases with missing on all variables.
  These cases were not included in the analysis.
  Number of cases with missing on all variables:  17
   2 WARNING(S) FOUND IN THE INPUT INSTRUCTIONS



ITAGND LCA - C3 with 5 classes;

SUMMARY OF ANALYSIS

Number of groups                                                 1
Number of observations                                        3433

Number of dependent variables                                    6
Number of independent variables                                  0
Number of continuous latent variables                            0
Number of categorical latent variables                           1

Observed dependent variables

  Binary and ordered categorical (ordinal)
   GND1        GND2        GND3        GND4        GND5        GND6

Categorical latent variables
   C

Variables with special functions

  Stratification        ID_S
  Cluster variable      ID_J
  Weight variable       WS
  ID variable           IDSTUD

Estimator                                                      MLR
Information matrix                                        OBSERVED
Optimization Specifications for the Quasi-Newton Algorithm for
Continuous Outcomes
  Maximum number of iterations                                 100
  Convergence criterion                                  0.100D-05
Optimization Specifications for the EM Algorithm
  Maximum number of iterations                                 500
  Convergence criteria
    Loglikelihood change                                 0.100D-06
    Relative loglikelihood change                        0.100D-06
    Derivative                                           0.100D-05
Optimization Specifications for the M step of the EM Algorithm for
Categorical Latent variables
  Number of M step iterations                                    1
  M step convergence criterion                           0.100D-05
  Basis for M step termination                           ITERATION
Optimization Specifications for the M step of the EM Algorithm for
Censored, Binary or Ordered Categorical (Ordinal), Unordered
Categorical (Nominal) and Count Outcomes
  Number of M step iterations                                    1
  M step convergence criterion                           0.100D-05
  Basis for M step termination                           ITERATION
  Maximum value for logit thresholds                            15
  Minimum value for logit thresholds                           -15
  Minimum expected cell size for chi-square              0.100D-01
Maximum number of iterations for H1                           2000
Convergence criterion for H1                             0.100D-03
Optimization algorithm                                         EMA
Random Starts Specifications
  Number of initial stage random starts                       1000
  Number of final stage optimizations                          250
  Number of initial stage iterations                            20
  Initial stage convergence criterion                    0.100D+01
  Random starts scale                                    0.500D+01
  Random seed for generating random starts                     288
Link                                                         LOGIT

Input data file(s)
  GNDDtaC3.dat
Input data format  FREE


SUMMARY OF DATA

     Number of missing data patterns            17
     Number of y missing data patterns           0
     Number of u missing data patterns          17
     Number of strata                           75
     Number of clusters                        170


COVARIANCE COVERAGE OF DATA

Minimum covariance coverage value   0.100


     PROPORTION OF DATA PRESENT FOR U


           Covariance Coverage
              GND1          GND2          GND3          GND4          GND5
              ________      ________      ________      ________      ________
 GND1           0.998
 GND2           0.997         0.998
 GND3           0.994         0.994         0.995
 GND4           0.995         0.995         0.992         0.997
 GND5           0.995         0.995         0.992         0.994         0.996
 GND6           0.995         0.995         0.992         0.994         0.994


           Covariance Coverage
              GND6
              ________
 GND6           0.996


UNIVARIATE PROPORTIONS AND COUNTS FOR CATEGORICAL VARIABLES

    GND1
      Category 1    0.978         3350.984
      Category 2    0.022           75.639
    GND2
      Category 1    0.964         3303.906
      Category 2    0.036          122.527
    GND3
      Category 1    0.926         3161.649
      Category 2    0.074          254.446
    GND4
      Category 1    0.808         2764.500
      Category 2    0.192          656.535
    GND5
      Category 1    0.957         3274.716
      Category 2    0.043          145.831
    GND6
      Category 1    0.833         2848.929
      Category 2    0.167          570.774


RANDOM STARTS RESULTS RANKED FROM THE BEST TO THE WORST LOGLIKELIHOOD VALUES

Final stage loglikelihood values at local maxima, seeds, and initial stage start numbers:

           -4813.756  659661           805
           -4813.756  100746           790
           -4813.756  856808           157
           -4813.756  602610           203
           -4813.756  112959           148
           -4813.756  90128            72
           -4813.756  216144           158
           -4813.756  983784           118
           -4813.756  325682           54
           -4813.756  300853           177
           -4813.756  21724            20
           -4813.756  529186           368
           -4813.756  836620           612
           -4813.756  714348           218
           -4813.756  601798           881
           -4813.756  496516           316
           -4813.756  703404           63
           -4813.756  110391           114
           -4813.756  914240           625
           -4813.756  468408           60
           -4813.756  972482           465
           -4813.756  458910           697
           -4813.756  993202           419
           -4813.756  983906           53
           -4813.756  32588            319
           -4813.771  660636           718
           -4813.771  690031           922
           -4813.771  808818           46
           -4814.748  247778           232
           -4814.812  654018           210
           -4816.646  920430           230

219 perturbed starting value run(s) did not converge or were rejected in the third stage.



THE BEST LOGLIKELIHOOD VALUE HAS BEEN REPLICATED.  RERUN WITH AT LEAST TWICE THE
RANDOM STARTS TO CHECK THAT THE BEST LOGLIKELIHOOD IS STILL OBTAINED AND REPLICATED.

     IN THE OPTIMIZATION, ONE OR MORE LOGIT THRESHOLDS APPROACHED EXTREME VALUES
     OF -15.000 AND 15.000 AND WERE FIXED TO STABILIZE MODEL ESTIMATION.  THESE
     VALUES IMPLY PROBABILITIES OF 0 AND 1.  IN THE MODEL RESULTS SECTION, THESE
     PARAMETERS HAVE 0 STANDARD ERRORS AND 999 IN THE Z-SCORE AND P-VALUE COLUMNS.




THE MODEL ESTIMATION TERMINATED NORMALLY



MODEL FIT INFORMATION

Number of Free Parameters                       34

Loglikelihood

          H0 Value                       -4813.756
          H0 Scaling Correction Factor      1.1522
            for MLR

Information Criteria

          Akaike (AIC)                    9695.511
          Bayesian (BIC)                  9904.312
          Sample-Size Adjusted BIC        9796.278
            (n* = (n + 2) / 24)

Chi-Square Test of Model Fit for the Binary and Ordered Categorical
(Ordinal) Outcomes**

          Pearson Chi-Square

          Value                             24.595
          Degrees of Freedom                    26
          P-Value                           0.5420

          Likelihood Ratio Chi-Square

          Value                             25.426
          Degrees of Freedom                    26
          P-Value                           0.4950

** Of the 368 cells in the latent class indicator table, 3
   were deleted in the calculation of chi-square due to extreme values.

Chi-Square Test for MCAR under the Unrestricted Latent Class Indicator Model

          Pearson Chi-Square

          Value                            365.561
          Degrees of Freedom                   288
          P-Value                           0.0013

          Likelihood Ratio Chi-Square

          Value                            109.774
          Degrees of Freedom                   288
          P-Value                           1.0000



FINAL CLASS COUNTS AND PROPORTIONS FOR THE LATENT CLASSES
BASED ON THE ESTIMATED MODEL

    Latent
   Classes

       1         68.38119          0.01992
       2       2765.48255          0.80556
       3        135.77350          0.03955
       4         15.47387          0.00451
       5        447.88889          0.13047


FINAL CLASS COUNTS AND PROPORTIONS FOR THE LATENT CLASSES
BASED ON ESTIMATED POSTERIOR PROBABILITIES

    Latent
   Classes

       1         68.38119          0.01992
       2       2765.48255          0.80556
       3        135.77350          0.03955
       4         15.47387          0.00451
       5        447.88889          0.13047


FINAL CLASS COUNTS AND PROPORTIONS FOR THE LATENT CLASSES
BASED ON THEIR MOST LIKELY LATENT CLASS MEMBERSHIP

Class Counts and Proportions

    Latent
   Classes

       1               63          0.01830
       2             2941          0.85677
       3              113          0.03283
       4               16          0.00474
       5              300          0.08736


CLASSIFICATION QUALITY

     Entropy                         0.846


Average Latent Class Probabilities for Most Likely Latent Class Membership (Row)
by Latent Class (Column)

           1        2        3        4        5

    1   0.871    0.000    0.000    0.000    0.129
    2   0.000    0.933    0.005    0.000    0.062
    3   0.010    0.018    0.655    0.000    0.317
    4   0.123    0.010    0.000    0.804    0.063
    5   0.033    0.067    0.159    0.004    0.737


Classification Probabilities for the Most Likely Latent Class Membership (Column)
by Latent Class (Row)

           1        2        3        4        5

    1   0.800    0.008    0.017    0.029    0.145
    2   0.000    0.992    0.001    0.000    0.007
    3   0.000    0.105    0.543    0.000    0.351
    4   0.000    0.079    0.000    0.845    0.076
    5   0.018    0.407    0.080    0.002    0.493


Logits for the Classification Probabilities for the Most Likely Latent Class Membership (Column)
by Latent Class (Row)

              1        2        3        4        5

    1      1.705   -2.850   -2.169   -1.601    0.000
    2     -6.850    4.911   -2.282   -4.810    0.000
    3    -12.769   -1.204    0.437  -12.769    0.000
    4    -11.237    0.046  -11.237    2.410    0.000
    5     -3.307   -0.193   -1.822   -5.373    0.000


MODEL RESULTS

                                                    Two-Tailed
                    Estimate       S.E.  Est./S.E.    P-Value

Latent Class 1

 Thresholds
    GND1$1            -0.387      0.336     -1.153      0.249
    GND2$1            -2.036      1.119     -1.820      0.069
    GND3$1            -0.925      0.443     -2.086      0.037
    GND4$1            -0.879      0.424     -2.075      0.038
    GND5$1             0.365      0.302      1.211      0.226
    GND6$1            -1.683      0.576     -2.920      0.003

Latent Class 2

 Thresholds
    GND1$1             6.082      0.687      8.859      0.000
    GND2$1             5.304      0.600      8.833      0.000
    GND3$1             4.214      0.292     14.446      0.000
    GND4$1             2.663      0.282      9.453      0.000
    GND5$1             4.420      0.337     13.096      0.000
    GND6$1             2.907      0.213     13.625      0.000

Latent Class 3

 Thresholds
    GND1$1            15.000      0.000    999.000    999.000
    GND2$1            15.000      0.000    999.000    999.000
    GND3$1            -0.256      1.591     -0.161      0.872
    GND4$1            -1.130      0.870     -1.298      0.194
    GND5$1             4.002     10.522      0.380      0.704
    GND6$1           -15.000      0.000    999.000    999.000

Latent Class 4

 Thresholds
    GND1$1            -0.902      0.958     -0.941      0.347
    GND2$1           -15.000      0.000    999.000    999.000
    GND3$1            15.000      0.000    999.000    999.000
    GND4$1             1.139      0.877      1.298      0.194
    GND5$1            -0.577      0.731     -0.789      0.430
    GND6$1            15.000      0.000    999.000    999.000

Latent Class 5

 Thresholds
    GND1$1             3.172      0.628      5.048      0.000
    GND2$1             2.505      0.552      4.542      0.000
    GND3$1             1.348      0.439      3.067      0.002
    GND4$1            -0.964      0.969     -0.995      0.320
    GND5$1             1.626      0.417      3.898      0.000
    GND6$1            -0.122      1.003     -0.121      0.903

Categorical Latent Variables

 Means
    C#1               -1.879      0.321     -5.862      0.000
    C#2                1.820      0.297      6.130      0.000
    C#3               -1.194      1.312     -0.910      0.363
    C#4               -3.365      0.411     -8.190      0.000


RESULTS IN PROBABILITY SCALE

Latent Class 1

 GND1
    Category 1         0.404      0.081      4.998      0.000
    Category 2         0.596      0.081      7.362      0.000
 GND2
    Category 1         0.115      0.114      1.010      0.312
    Category 2         0.885      0.114      7.740      0.000
 GND3
    Category 1         0.284      0.090      3.149      0.002
    Category 2         0.716      0.090      7.942      0.000
 GND4
    Category 1         0.293      0.088      3.338      0.001
    Category 2         0.707      0.088      8.044      0.000
 GND5
    Category 1         0.590      0.073      8.091      0.000
    Category 2         0.410      0.073      5.615      0.000
 GND6
    Category 1         0.157      0.076      2.058      0.040
    Category 2         0.843      0.076     11.072      0.000

Latent Class 2

 GND1
    Category 1         0.998      0.002    639.258      0.000
    Category 2         0.002      0.002      1.460      0.144
 GND2
    Category 1         0.995      0.003    336.574      0.000
    Category 2         0.005      0.003      1.674      0.094
 GND3
    Category 1         0.985      0.004    235.221      0.000
    Category 2         0.015      0.004      3.479      0.001
 GND4
    Category 1         0.935      0.017     54.463      0.000
    Category 2         0.065      0.017      3.797      0.000
 GND5
    Category 1         0.988      0.004    249.114      0.000
    Category 2         0.012      0.004      2.999      0.003
 GND6
    Category 1         0.948      0.010     90.467      0.000
    Category 2         0.052      0.010      4.943      0.000

Latent Class 3

 GND1
    Category 1         1.000      0.000      0.000      1.000
    Category 2         0.000      0.000      0.000      1.000
 GND2
    Category 1         1.000      0.000      0.000      1.000
    Category 2         0.000      0.000      0.000      1.000
 GND3
    Category 1         0.436      0.391      1.115      0.265
    Category 2         0.564      0.391      1.440      0.150
 GND4
    Category 1         0.244      0.161      1.520      0.128
    Category 2         0.756      0.161      4.704      0.000
 GND5
    Category 1         0.982      0.185      5.296      0.000
    Category 2         0.018      0.185      0.097      0.923
 GND6
    Category 1         0.000      0.000      0.000      1.000
    Category 2         1.000      0.000      0.000      1.000

Latent Class 4

 GND1
    Category 1         0.289      0.197      1.467      0.142
    Category 2         0.711      0.197      3.615      0.000
 GND2
    Category 1         0.000      0.000      0.000      1.000
    Category 2         1.000      0.000      0.000      1.000
 GND3
    Category 1         1.000      0.000      0.000      1.000
    Category 2         0.000      0.000      0.000      1.000
 GND4
    Category 1         0.758      0.161      4.700      0.000
    Category 2         0.242      0.161      1.504      0.132
 GND5
    Category 1         0.360      0.168      2.135      0.033
    Category 2         0.640      0.168      3.802      0.000
 GND6
    Category 1         1.000      0.000      0.000      1.000
    Category 2         0.000      0.000      0.000      1.000

Latent Class 5

 GND1
    Category 1         0.960      0.024     39.568      0.000
    Category 2         0.040      0.024      1.658      0.097
 GND2
    Category 1         0.924      0.039     24.011      0.000
    Category 2         0.076      0.039      1.961      0.050
 GND3
    Category 1         0.794      0.072     11.035      0.000
    Category 2         0.206      0.072      2.867      0.004
 GND4
    Category 1         0.276      0.194      1.426      0.154
    Category 2         0.724      0.194      3.740      0.000
 GND5
    Category 1         0.836      0.057     14.586      0.000
    Category 2         0.164      0.057      2.869      0.004
 GND6
    Category 1         0.470      0.250      1.879      0.060
    Category 2         0.530      0.250      2.122      0.034


LATENT CLASS ODDS RATIO RESULTS

                                                95% C.I.
                    Estimate       S.E.  Lower 2.5% Upper 2.5%

Latent Class 1 Compared to Latent Class 2

 GND1
    Category > 1     644.952    468.365    155.372   2677.208
 GND2
    Category > 1    1540.590   1829.126    150.330  15788.031
 GND3
    Category > 1     170.501     81.626     66.713    435.753
 GND4
    Category > 1      34.563     20.205     10.990    108.699
 GND5
    Category > 1      57.647     28.241     22.068    150.585
 GND6
    Category > 1      98.482     65.354     26.821    361.609

Latent Class 1 Compared to Latent Class 3

 GND1
    Category > 1   *********      0.000  *********  *********
 GND2
    Category > 1   *********      0.000  *********  *********
 GND3
    Category > 1       1.953      3.165      0.082     46.793
 GND4
    Category > 1       0.779      0.616      0.165      3.668
 GND5
    Category > 1      37.975    396.941      0.000  *********
 GND6
    Category > 1       0.000      0.000      0.000      0.000

Latent Class 1 Compared to Latent Class 4

 GND1
    Category > 1       0.598      0.603      0.083      4.322
 GND2
    Category > 1       0.000      0.000      0.000      0.000
 GND3
    Category > 1   *********      0.000  *********  *********
 GND4
    Category > 1       7.528      7.566      1.050     53.977
 GND5
    Category > 1       0.390      0.297      0.087      1.735
 GND6
    Category > 1   *********      0.000  *********  *********

Latent Class 1 Compared to Latent Class 5

 GND1
    Category > 1      35.151     22.904      9.802    126.059
 GND2
    Category > 1      93.793    105.506     10.343    850.533
 GND3
    Category > 1       9.706      5.096      3.469     27.160
 GND4
    Category > 1       0.919      1.148      0.079     10.628
 GND5
    Category > 1       3.528      1.988      1.169     10.643
 GND6
    Category > 1       4.764      6.640      0.310     73.176

Latent Class 2 Compared to Latent Class 3

 GND1
    Category > 1    7465.879      0.000   7465.879   7465.879
 GND2
    Category > 1   16257.042      0.000  16257.042  16257.042
 GND3
    Category > 1       0.011      0.016      0.001      0.184
 GND4
    Category > 1       0.023      0.024      0.003      0.175
 GND5
    Category > 1       0.659      7.082      0.000  *********
 GND6
    Category > 1       0.000      0.000      0.000      0.000

Latent Class 2 Compared to Latent Class 4

 GND1
    Category > 1       0.001      0.001      0.000      0.012
 GND2
    Category > 1       0.000      0.000      0.000      0.000
 GND3
    Category > 1   48351.430      0.000  48351.434  48351.434
 GND4
    Category > 1       0.218      0.189      0.040      1.197
 GND5
    Category > 1       0.007      0.006      0.001      0.037
 GND6
    Category > 1   *********      0.000  *********  *********

Latent Class 2 Compared to Latent Class 5

 GND1
    Category > 1       0.055      0.055      0.007      0.397
 GND2
    Category > 1       0.061      0.060      0.009      0.423
 GND3
    Category > 1       0.057      0.023      0.026      0.124
 GND4
    Category > 1       0.027      0.023      0.005      0.143
 GND5
    Category > 1       0.061      0.023      0.030      0.127
 GND6
    Category > 1       0.048      0.042      0.009      0.267

Latent Class 3 Compared to Latent Class 4

 GND1
    Category > 1       0.000      0.000      0.000      0.000
 GND2
    Category > 1       0.000      0.000      0.000      0.000
 GND3
    Category > 1   *********      0.000  *********  *********
 GND4
    Category > 1       9.668     13.234      0.661    141.447
 GND5
    Category > 1       0.010      0.106      0.000  *********
 GND6
    Category > 1   *********      0.000  *********  *********

Latent Class 3 Compared to Latent Class 5

 GND1
    Category > 1       0.000      0.000      0.000      0.000
 GND2
    Category > 1       0.000      0.000      0.000      0.000
 GND3
    Category > 1       4.970      7.586      0.249     99.005
 GND4
    Category > 1       1.180      2.114      0.035     39.531
 GND5
    Category > 1       0.093      1.005      0.000  *********
 GND6
    Category > 1   *********      0.000  *********  *********

Latent Class 4 Compared to Latent Class 5

 GND1
    Category > 1      58.797     61.612      7.540    458.486
 GND2
    Category > 1   *********      0.000  *********  *********
 GND3
    Category > 1       0.000      0.000      0.000      0.000
 GND4
    Category > 1       0.122      0.140      0.013      1.155
 GND5
    Category > 1       9.054      8.055      1.583     51.778
 GND6
    Category > 1       0.000      0.000      0.000      0.000


QUALITY OF NUMERICAL RESULTS

     Condition Number for the Information Matrix              0.781E-04
       (ratio of smallest to largest eigenvalue)


MODEL COMMAND WITH FINAL ESTIMATES USED AS STARTING VALUES

     %OVERALL%

     [ c#1*-1.87945 ];
     [ c#2*1.82043 ];
     [ c#3*-1.19356 ];
     [ c#4*-3.36539 ];

     %C#1%

     [ gnd1$1*-0.38727 ];
     [ gnd2$1*-2.03620 ];
     [ gnd3$1*-0.92499 ];
     [ gnd4$1*-0.87946 ];
     [ gnd5$1*0.36536 ];
     [ gnd6$1*-1.68281 ];

     %C#2%

     [ gnd1$1*6.08190 ];
     [ gnd2$1*5.30372 ];
     [ gnd3$1*4.21375 ];
     [ gnd4$1*2.66333 ];
     [ gnd5$1*4.41970 ];
     [ gnd6$1*2.90707 ];

     %C#3%

     [ gnd1$1*15 ];
     [ gnd2$1*15 ];
     [ gnd3$1*-0.25562 ];
     [ gnd4$1*-1.12955 ];
     [ gnd5$1*4.00228 ];
     [ gnd6$1*-15 ];

     %C#4%

     [ gnd1$1*-0.90172 ];
     [ gnd2$1*-15 ];
     [ gnd3$1*15 ];
     [ gnd4$1*1.13923 ];
     [ gnd5$1*-0.57722 ];
     [ gnd6$1*15 ];

     %C#5%

     [ gnd1$1*3.17238 ];
     [ gnd2$1*2.50488 ];
     [ gnd3$1*1.34778 ];
     [ gnd4$1*-0.96418 ];
     [ gnd5$1*1.62603 ];
     [ gnd6$1*-0.12165 ];



TECHNICAL 10 OUTPUT


     MODEL FIT INFORMATION FOR THE LATENT CLASS INDICATOR MODEL PART


     RESPONSE PATTERNS

     No.  Pattern    No.  Pattern    No.  Pattern    No.  Pattern
       1  000000       2  000001       3  000010       4  000011
       5  000100       6  000101       7  000110       8  000111
       9  001000      10  001001      11  001010      12  001100
      13  001101      14  001110      15  001111      16  010000
      17  010001      18  010010      19  010100      20  010101
      21  010110      22  010111      23  011000      24  011001
      25  011011      26  011100      27  011101      28  011110
      29  011111      30  100000      31  100001      32  100011
      33  100100      34  100101      35  100111      36  101000
      37  101001      38  101100      39  101101      40  101111
      41  110000      42  110001      43  110010      44  110011
      45  110100      46  110101      47  110110      48  110111
      49  111001      50  111011      51  111100      52  111101
      53  111110      54  111111      55  00*001      56  00*100
      57  00*101      58  00*111      59  01*001      60  01*111
      61  11*000      62  00000*      63  00001*      64  00010*
      65  00011*      66  01000*      67  11001*      68  000***
      69  001***      70  0000*0      71  0001*0      72  0010*0
      73  0**000      74  0**010      75  100**1      76  *01101
      77  *11100      78  **01**      79  0*0***      80  *00*0*
      81  00*1*1      82  *00*00      83  000*00      84  000*01
      85  0*0100      86  1*10*1      87  *0*00*


     RESPONSE PATTERN FREQUENCIES AND CHI-SQUARE CONTRIBUTIONS

    Response          Frequency     Standardized  Chi-square Contribution
     Pattern    Observed  Estimated   Residual    Pearson   Loglikelihood  Deleted
                                     (z-score)
         1      2388.77    2370.94       0.65       0.01         0.81
         2       180.75     179.91       0.06       0.00        -0.10
         3        33.57      34.78      -0.20       0.00         0.04
         4        10.12       9.37       0.24       0.06         1.76
         5       247.63     251.39      -0.24       0.00         0.28
         6       149.31     152.42      -0.25       0.02        -0.87
         7        16.72      19.39      -0.59       0.36        -4.12
         8        22.16      20.76       0.30       0.01         5.58
         9        42.27      43.39      -0.17       0.02        -1.22
        10        30.90      30.21       0.12       0.01         1.06
        11         2.82       2.18       0.42       0.19         1.66
        12        24.97      25.52      -0.11       0.01        -1.07
        13        80.55      82.88      -0.25       0.01        -0.54
        14         4.54       4.65      -0.05       0.00        -0.31
        15         7.79       6.68       0.42       0.18         2.87
        16        14.77      15.76      -0.24       0.05        -1.06
        17         4.20       4.74      -0.24      -0.05         0.33
        18         2.85       2.95      -0.05       0.00        -0.12
        19        11.09       8.86       0.73       0.56         4.79
        20         9.26      10.61      -0.40       0.17        -2.73
        21         2.43       2.43       0.00       0.00        -0.04
        22         2.82       3.28      -0.24       0.04        -0.29
        23         2.92       1.36       1.31       1.80         4.40
        24         4.00       3.34       0.35       0.08         2.35
        25         2.74       1.91       0.59       0.36         1.91
        26         1.83       3.02      -0.67       0.39        -1.10
        27         5.47       8.20      -0.93       0.90        -4.57
        28         0.96       1.15      -0.18       0.03        -0.38
        29         6.00       4.63       0.62       0.35         4.25
        30         6.84       6.79       0.02       0.00        -0.05
        31         0.96       2.08      -0.76       0.59        -1.27
        32         1.02       0.45       0.82       0.70         1.88
        33         4.40       4.16       0.12       0.01         0.40
        34         3.31       4.67      -0.61       0.35        -1.52
        35         2.09       1.14       0.86       0.76         3.00
        36         1.88       0.54       1.79       3.38         4.68
        37         0.85       0.90      -0.06      -0.01         0.08
        38         1.80       1.19       0.55       0.32         1.46
        39         2.26       2.26       0.01       0.00         0.02
        40         1.05       1.02       0.02       0.00         0.02
        41         2.57       3.37      -0.43      -0.08         0.26
        42         1.81       1.60       0.15       0.02         0.38
        43         4.86       5.48      -0.26      -0.02         0.15
        44         0.99       1.05      -0.05      -0.02         0.16
        45         1.83       1.91      -0.05       0.00        -0.20
        46         4.15       3.89       0.13       0.02         0.45
        47         2.18       2.20      -0.02       0.00        -0.10
        48         2.83       2.53       0.18       0.04         0.57
        49         4.27       3.75       0.26       0.02         2.08
        50         1.34       2.58      -0.76       0.59        -1.46
        51         1.85       1.74       0.08      -0.07         0.97
        52         9.07       9.04       0.01       0.00        -0.19
        53         1.90       1.17       0.66       0.46         1.80
        54         5.68       6.23      -0.22       0.05        -1.21
        55         0.89       0.74       0.18       0.00         0.00
        56         2.88       0.98       1.95      -0.01        -0.01
        57         3.87       0.83       3.37      -0.05        -0.02
        58         1.13       0.10       3.26       1.72         0.32
        59         1.13       0.03       6.38       6.34         0.34
        60         1.02       0.03       5.77       6.86         0.42
        61         1.03       0.01       8.25     -11.27        -0.29
        62         0.96       5.53      -3.81       0.00         0.00
        63         1.03       0.10       2.97       0.21         0.04
        64         2.31       0.88       1.59       0.00         0.00
        65         1.25       0.09       3.88       0.24         0.03
        66         0.84       0.04       3.67      -0.29        -0.03
        67         0.94       0.01       7.62       1.60         0.05
        68         1.13       1.70      -1.34       0.00         0.00
        69         0.77       0.11       1.98      -0.04        -0.01
        70         3.74       4.27      -0.46       0.00         0.00
        71         1.34       0.48       1.25      -0.03        -0.02
        72         0.93       0.08       2.91       0.03         0.01
        73         2.12       2.23      -0.14       0.00         0.00
        74         0.99       0.04       4.83       0.15         0.01
        75         0.99       0.00       9.75       0.00        -0.02      DELETED
        76         1.26       0.05       5.13      -0.09        -0.01
        77         0.88       0.00       9.75       0.00        -0.10      DELETED
        78         0.95       0.14       2.31       0.01         0.00
        79         0.83       0.75       0.27       0.00         0.00
        80         1.34       1.17       0.42       0.00         0.00
        81         0.89       0.07       3.18       0.15         0.02
        82         1.00       0.78       0.52       0.00         0.00
        83         4.96       4.58       0.37       0.00         0.00
        84         0.95       0.58       0.50       0.00         0.00
        85         0.79       0.06       3.00       0.09         0.01
        86         0.89       0.00       9.75       0.00        -0.10      DELETED
        87         0.94       0.74       0.51       0.00         0.00

     THE TOTAL PEARSON CHI-SQUARE CONTRIBUTION FROM EMPTY CELLS IS         7.59


     UNIVARIATE MODEL FIT INFORMATION

                               Estimated Probabilities
                                                  Standardized
     Variable              H1           H0          Residual
                                                   (z-score)
     GND1
       Category 1        0.978        0.978          -0.014
       Category 2        0.022        0.022           0.014
       Univariate Pearson Chi-Square                  0.000
       Univariate Log-Likelihood Chi-Square           0.000
     GND2
       Category 1        0.964        0.964          -0.003
       Category 2        0.036        0.036           0.003
       Univariate Pearson Chi-Square                  0.000
       Univariate Log-Likelihood Chi-Square           0.000
     GND3
       Category 1        0.925        0.925           0.000
       Category 2        0.075        0.075           0.000
       Univariate Pearson Chi-Square                  0.000
       Univariate Log-Likelihood Chi-Square           0.000
     GND4
       Category 1        0.808        0.808          -0.002
       Category 2        0.192        0.192           0.002
       Univariate Pearson Chi-Square                  0.000
       Univariate Log-Likelihood Chi-Square           0.000
     GND5
       Category 1        0.957        0.957          -0.007
       Category 2        0.043        0.043           0.007
       Univariate Pearson Chi-Square                  0.000
       Univariate Log-Likelihood Chi-Square           0.000
     GND6
       Category 1        0.833        0.833          -0.005
       Category 2        0.167        0.167           0.005
       Univariate Pearson Chi-Square                  0.000
       Univariate Log-Likelihood Chi-Square           0.000

       Overall Univariate Pearson Chi-Square                         0.000
       Overall Univariate Log-Likelihood Chi-Square                  0.000


     BIVARIATE MODEL FIT INFORMATION

                                              Estimated Probabilities
                                                                 Standardized
     Variable       Variable              H1           H0          Residual
                                                                  (z-score)
     GND1           GND2
       Category 1     Category 1        0.956        0.956          -0.004
       Category 1     Category 2        0.022        0.022          -0.009
       Category 2     Category 1        0.008        0.008           0.002
       Category 2     Category 2        0.014        0.014           0.015
       Bivariate Pearson Chi-Square                                  0.000
       Bivariate Log-Likelihood Chi-Square                           0.000
     GND1           GND3
       Category 1     Category 1        0.912        0.912           0.013
       Category 1     Category 2        0.065        0.066          -0.023
       Category 2     Category 1        0.012        0.013          -0.032
       Category 2     Category 2        0.010        0.010           0.057
       Bivariate Pearson Chi-Square                                  0.005
       Bivariate Log-Likelihood Chi-Square                           0.005
     GND1           GND4
       Category 1     Category 1        0.799        0.799           0.025
       Category 1     Category 2        0.179        0.179          -0.031
       Category 2     Category 1        0.009        0.009          -0.113
       Category 2     Category 2        0.013        0.013           0.112
       Bivariate Pearson Chi-Square                                  0.027
       Bivariate Log-Likelihood Chi-Square                           0.027
     GND1           GND5
       Category 1     Category 1        0.942        0.943          -0.106
       Category 1     Category 2        0.035        0.035           0.123
       Category 2     Category 1        0.015        0.014           0.196
       Category 2     Category 2        0.007        0.008          -0.242
       Bivariate Pearson Chi-Square                                  0.118
       Bivariate Log-Likelihood Chi-Square                           0.118
     GND1           GND6
       Category 1     Category 1        0.823        0.823          -0.031
       Category 1     Category 2        0.155        0.154           0.027
       Category 2     Category 1        0.009        0.009           0.102
       Category 2     Category 2        0.013        0.013          -0.069
       Bivariate Pearson Chi-Square                                  0.017
       Bivariate Log-Likelihood Chi-Square                           0.017
     GND2           GND3
       Category 1     Category 1        0.904        0.904           0.022
       Category 1     Category 2        0.060        0.060          -0.030
       Category 2     Category 1        0.021        0.021          -0.046
       Category 2     Category 2        0.015        0.015           0.059
       Bivariate Pearson Chi-Square                                  0.007
       Bivariate Log-Likelihood Chi-Square                           0.007
     GND2           GND4
       Category 1     Category 1        0.793        0.793          -0.023
       Category 1     Category 2        0.171        0.171           0.024
       Category 2     Category 1        0.015        0.015           0.072
       Category 2     Category 2        0.021        0.021          -0.057
       Bivariate Pearson Chi-Square                                  0.009
       Bivariate Log-Likelihood Chi-Square                           0.009
     GND2           GND5
       Category 1     Category 1        0.933        0.933          -0.047
       Category 1     Category 2        0.031        0.031           0.064
       Category 2     Category 1        0.024        0.024           0.067
       Category 2     Category 2        0.012        0.012          -0.091
       Bivariate Pearson Chi-Square                                  0.018
       Bivariate Log-Likelihood Chi-Square                           0.018
     GND2           GND6
       Category 1     Category 1        0.817        0.817          -0.079
       Category 1     Category 2        0.148        0.147           0.085
       Category 2     Category 1        0.016        0.016           0.231
       Category 2     Category 2        0.020        0.020          -0.200
       Bivariate Pearson Chi-Square                                  0.104
       Bivariate Log-Likelihood Chi-Square                           0.104
     GND3           GND4
       Category 1     Category 1        0.780        0.780          -0.029
       Category 1     Category 2        0.145        0.145           0.034
       Category 2     Category 1        0.028        0.028           0.069
       Category 2     Category 2        0.047        0.047          -0.053
       Bivariate Pearson Chi-Square                                  0.009
       Bivariate Log-Likelihood Chi-Square                           0.009
     GND3           GND5
       Category 1     Category 1        0.893        0.893          -0.053
       Category 1     Category 2        0.032        0.032           0.092
       Category 2     Category 1        0.065        0.064           0.061
       Category 2     Category 2        0.011        0.011          -0.144
       Bivariate Pearson Chi-Square                                  0.034
       Bivariate Log-Likelihood Chi-Square                           0.034
     GND3           GND6
       Category 1     Category 1        0.806        0.807          -0.046
       Category 1     Category 2        0.118        0.118           0.056
       Category 2     Category 1        0.026        0.026           0.101
       Category 2     Category 2        0.049        0.049          -0.075
       Bivariate Pearson Chi-Square                                  0.019
       Bivariate Log-Likelihood Chi-Square                           0.019
     GND4           GND5
       Category 1     Category 1        0.789        0.788           0.147
       Category 1     Category 2        0.019        0.020          -0.437
       Category 2     Category 1        0.168        0.169          -0.164
       Category 2     Category 2        0.024        0.023           0.412
       Bivariate Pearson Chi-Square                                  0.400
       Bivariate Log-Likelihood Chi-Square                           0.401
     GND4           GND6
       Category 1     Category 1        0.736        0.735           0.032
       Category 1     Category 2        0.072        0.073          -0.057
       Category 2     Category 1        0.097        0.097          -0.054
       Category 2     Category 2        0.095        0.095           0.057
       Bivariate Pearson Chi-Square                                  0.009
       Bivariate Log-Likelihood Chi-Square                           0.009
     GND5           GND6
       Category 1     Category 1        0.810        0.809           0.157
       Category 1     Category 2        0.147        0.148          -0.178
       Category 2     Category 1        0.022        0.023          -0.421
       Category 2     Category 2        0.021        0.019           0.470
       Bivariate Pearson Chi-Square                                  0.445
       Bivariate Log-Likelihood Chi-Square                           0.444

       Overall Bivariate Pearson Chi-Square                          1.222
       Overall Bivariate Log-Likelihood Chi-Square                   1.222


TECHNICAL 11 OUTPUT

     Random Starts Specifications for the k-1 Class Analysis Model
        Number of initial stage random starts                1000
        Number of final stage optimizations                   250



     VUONG-LO-MENDELL-RUBIN LIKELIHOOD RATIO TEST FOR 4 (H0) VERSUS 5 CLASSES

          H0 Loglikelihood Value                        -4820.694
          2 Times the Loglikelihood Difference             13.877
          Difference in the Number of Parameters                7
          Mean                                             23.856
          Standard Deviation                               40.101
          P-Value                                          0.5391

     LO-MENDELL-RUBIN ADJUSTED LRT TEST

          Value                                            13.637
          P-Value                                          0.5425


SAVEDATA INFORMATION


  Save file
    Prob_ITA_GNDlca_C3cl5.dat

  Order and format of variables

    GND1           F10.3
    GND2           F10.3
    GND3           F10.3
    GND4           F10.3
    GND5           F10.3
    GND6           F10.3
    CPROB1         F10.3
    CPROB2         F10.3
    CPROB3         F10.3
    CPROB4         F10.3
    CPROB5         F10.3
    C              F10.3
    WS             F10.3
    IDSTUD         I9
    ID_S           I5
    ID_J           I5

  Save file format
    13F10.3 I9 2I5

  Save file record length    10000

  Save missing symbol        *


     Beginning Time:  22:30:27
        Ending Time:  22:30:31
       Elapsed Time:  00:00:04



MUTHEN & MUTHEN
3463 Stoner Ave.
Los Angeles, CA  90066

Tel: (310) 391-9971
Fax: (310) 391-8971
Web: www.StatModel.com
Support: Support@StatModel.com

Copyright (c) 1998-2020 Muthen & Muthen
