Mplus VERSION 8.5 (Mac)
MUTHEN & MUTHEN
04/07/2021  10:31 PM

INPUT INSTRUCTIONS

  TITLE: MLTGND LCA - C3 with 5 classes;
  DATA:
  FILE = GNDDtaC3.dat;

  VARIABLE:
  NAMES = id_i
  id_j
  id_r
  id_s
  id_k
  wt
  ws
  GND1
  GND2
  GND3
  GND4
  GND5
  GND6
  IDSTUD;
  IDVARIABLE = IDSTUD;
  USEVARIABLES = GND1
  GND2
  GND3
  GND4
  GND5
  GND6;
  USEOBSERVATIONS ARE id_k EQ 10;
  CATEGORICAL = GND1
  GND2
  GND3
  GND4
  GND5
  GND6;
  MISSING = .;
  CLASSES = c(5);
  WEIGHT = ws;
  STRATIFICATION = id_s;
  CLUSTER = id_j;

  ANALYSIS:
  TYPE = COMPLEX MIXTURE;
  PROCESSORS = 4;
  STARTS = 1000 250;
  STITERATIONS = 20;
  STSEED = 288;

  MODEL:
  %OVERALL%

  OUTPUT:
  TECH10
  TECH11
  SVALUES
  ;

  SAVEDATA:
  FILE = Prob_MLT_GNDlca_C3cl5.dat;
  SAVE = CPROBABILITIES;



*** WARNING in VARIABLE command
  When a subpopulation is analyzed with TYPE=COMPLEX, standard errors
  may be incorrect.  Use the SUBPOPULATION option instead of the
  USEOBSERVATIONS option to obtain correct standard errors.
*** WARNING
  Data set contains cases with missing on all variables.
  These cases were not included in the analysis.
  Number of cases with missing on all variables:  111
   2 WARNING(S) FOUND IN THE INPUT INSTRUCTIONS



MLTGND LCA - C3 with 5 classes;

SUMMARY OF ANALYSIS

Number of groups                                                 1
Number of observations                                        3653

Number of dependent variables                                    6
Number of independent variables                                  0
Number of continuous latent variables                            0
Number of categorical latent variables                           1

Observed dependent variables

  Binary and ordered categorical (ordinal)
   GND1        GND2        GND3        GND4        GND5        GND6

Categorical latent variables
   C

Variables with special functions

  Stratification        ID_S
  Cluster variable      ID_J
  Weight variable       WS
  ID variable           IDSTUD

Estimator                                                      MLR
Information matrix                                        OBSERVED
Optimization Specifications for the Quasi-Newton Algorithm for
Continuous Outcomes
  Maximum number of iterations                                 100
  Convergence criterion                                  0.100D-05
Optimization Specifications for the EM Algorithm
  Maximum number of iterations                                 500
  Convergence criteria
    Loglikelihood change                                 0.100D-06
    Relative loglikelihood change                        0.100D-06
    Derivative                                           0.100D-05
Optimization Specifications for the M step of the EM Algorithm for
Categorical Latent variables
  Number of M step iterations                                    1
  M step convergence criterion                           0.100D-05
  Basis for M step termination                           ITERATION
Optimization Specifications for the M step of the EM Algorithm for
Censored, Binary or Ordered Categorical (Ordinal), Unordered
Categorical (Nominal) and Count Outcomes
  Number of M step iterations                                    1
  M step convergence criterion                           0.100D-05
  Basis for M step termination                           ITERATION
  Maximum value for logit thresholds                            15
  Minimum value for logit thresholds                           -15
  Minimum expected cell size for chi-square              0.100D-01
Maximum number of iterations for H1                           2000
Convergence criterion for H1                             0.100D-03
Optimization algorithm                                         EMA
Random Starts Specifications
  Number of initial stage random starts                       1000
  Number of final stage optimizations                          250
  Number of initial stage iterations                            20
  Initial stage convergence criterion                    0.100D+01
  Random starts scale                                    0.500D+01
  Random seed for generating random starts                     288
Link                                                         LOGIT

Input data file(s)
  GNDDtaC3.dat
Input data format  FREE


SUMMARY OF DATA

     Number of missing data patterns            15
     Number of y missing data patterns           0
     Number of u missing data patterns          15
     Number of strata                           75
     Number of clusters                        124


COVARIANCE COVERAGE OF DATA

Minimum covariance coverage value   0.100


     PROPORTION OF DATA PRESENT FOR U


           Covariance Coverage
              GND1          GND2          GND3          GND4          GND5
              ________      ________      ________      ________      ________
 GND1           0.998
 GND2           0.995         0.997
 GND3           0.988         0.988         0.989
 GND4           0.989         0.989         0.981         0.990
 GND5           0.989         0.989         0.982         0.984         0.991
 GND6           0.992         0.992         0.984         0.985         0.988


           Covariance Coverage
              GND6
              ________
 GND6           0.993


UNIVARIATE PROPORTIONS AND COUNTS FOR CATEGORICAL VARIABLES

    GND1
      Category 1    0.963         3507.390
      Category 2    0.037          136.546
    GND2
      Category 1    0.926         3370.684
      Category 2    0.074          270.997
    GND3
      Category 1    0.888         3208.852
      Category 2    0.112          404.127
    GND4
      Category 1    0.827         2991.345
      Category 2    0.173          626.230
    GND5
      Category 1    0.919         3325.098
      Category 2    0.081          293.691
    GND6
      Category 1    0.786         2850.852
      Category 2    0.214          777.019


RANDOM STARTS RESULTS RANKED FROM THE BEST TO THE WORST LOGLIKELIHOOD VALUES

Final stage loglikelihood values at local maxima, seeds, and initial stage start numbers:

           -6190.374  637758           547
           -6190.374  263678           491
           -6190.374  880674           973
           -6190.374  566431           757
           -6190.374  452998           804
           -6190.374  518093           107
           -6190.374  654184           66
           -6190.374  753201           674
           -6190.374  710841           139
           -6190.374  524752           594
           -6190.374  937752           88
           -6190.374  47928            36
           -6190.374  21190            525
           -6190.374  737206           176
           -6190.374  906010           487
           -6190.374  613990           76
           -6190.374  683344           265
           -6190.374  965671           140
           -6190.374  996880           39
           -6190.394  269627           970
           -6190.394  982244           714
           -6190.394  328337           524
           -6190.394  143958           850
           -6190.394  268362           708
           -6190.394  207595           252
           -6190.658  125830           187
           -6190.710  920430           230
           -6190.710  468408           60
           -6191.157  983784           118
           -6191.157  859868           243
           -6191.167  703404           63
           -6191.167  32588            319
           -6191.167  267084           27
           -6191.218  199816           11
           -6191.237  714348           218
           -6195.232  510010           197
           -6195.602  45433            720
           -6196.004  800324           312
           -6209.237  398843           807

211 perturbed starting value run(s) did not converge or were rejected in the third stage.



THE BEST LOGLIKELIHOOD VALUE HAS BEEN REPLICATED.  RERUN WITH AT LEAST TWICE THE
RANDOM STARTS TO CHECK THAT THE BEST LOGLIKELIHOOD IS STILL OBTAINED AND REPLICATED.

     IN THE OPTIMIZATION, ONE OR MORE LOGIT THRESHOLDS APPROACHED EXTREME VALUES
     OF -15.000 AND 15.000 AND WERE FIXED TO STABILIZE MODEL ESTIMATION.  THESE
     VALUES IMPLY PROBABILITIES OF 0 AND 1.  IN THE MODEL RESULTS SECTION, THESE
     PARAMETERS HAVE 0 STANDARD ERRORS AND 999 IN THE Z-SCORE AND P-VALUE COLUMNS.


     WARNING:  THE VARIANCE CONTRIBUTION FROM A STRATUM WITH A SINGLE CLUSTER
     (PSU) IS BASED ON THE DIFFERENCE BETWEEN THE SINGLE CLUSTER VALUE AND
     THE OVERALL CLUSTER MEAN.




THE MODEL ESTIMATION TERMINATED NORMALLY



MODEL FIT INFORMATION

Number of Free Parameters                       34

Loglikelihood

          H0 Value                       -6190.374
          H0 Scaling Correction Factor      1.2962
            for MLR

Information Criteria

          Akaike (AIC)                   12448.748
          Bayesian (BIC)                 12659.660
          Sample-Size Adjusted BIC       12551.625
            (n* = (n + 2) / 24)

Chi-Square Test of Model Fit for the Binary and Ordered Categorical
(Ordinal) Outcomes

          Pearson Chi-Square

          Value                             43.715
          Degrees of Freedom                    29
          P-Value                           0.0390

          Likelihood Ratio Chi-Square

          Value                             46.867
          Degrees of Freedom                    29
          P-Value                           0.0192

Chi-Square Test for MCAR under the Unrestricted Latent Class Indicator Model

          Pearson Chi-Square

          Value                            345.758
          Degrees of Freedom                   244
          P-Value                           0.0000

          Likelihood Ratio Chi-Square

          Value                            182.992
          Degrees of Freedom                   244
          P-Value                           0.9987



FINAL CLASS COUNTS AND PROPORTIONS FOR THE LATENT CLASSES
BASED ON THE ESTIMATED MODEL

    Latent
   Classes

       1         32.81136          0.00898
       2        412.03993          0.11279
       3       2617.64843          0.71657
       4        207.59046          0.05683
       5        382.90983          0.10482


FINAL CLASS COUNTS AND PROPORTIONS FOR THE LATENT CLASSES
BASED ON ESTIMATED POSTERIOR PROBABILITIES

    Latent
   Classes

       1         32.81136          0.00898
       2        412.03993          0.11279
       3       2617.64843          0.71657
       4        207.59046          0.05683
       5        382.90983          0.10482


FINAL CLASS COUNTS AND PROPORTIONS FOR THE LATENT CLASSES
BASED ON THEIR MOST LIKELY LATENT CLASS MEMBERSHIP

Class Counts and Proportions

    Latent
   Classes

       1               37          0.01006
       2              419          0.11458
       3             2693          0.73709
       4              219          0.06005
       5              286          0.07821


CLASSIFICATION QUALITY

     Entropy                         0.889


Average Latent Class Probabilities for Most Likely Latent Class Membership (Row)
by Latent Class (Column)

           1        2        3        4        5

    1   0.832    0.000    0.007    0.000    0.160
    2   0.000    0.887    0.000    0.001    0.112
    3   0.000    0.012    0.968    0.001    0.019
    4   0.000    0.005    0.000    0.876    0.119
    5   0.008    0.027    0.036    0.045    0.884


Classification Probabilities for the Most Likely Latent Class Membership (Column)
by Latent Class (Row)

           1        2        3        4        5

    1   0.933    0.000    0.000    0.000    0.067
    2   0.000    0.901    0.079    0.002    0.018
    3   0.000    0.000    0.996    0.000    0.004
    4   0.000    0.002    0.009    0.926    0.062
    5   0.015    0.123    0.134    0.068    0.660


Logits for the Classification Probabilities for the Most Likely Latent Class Membership (Column)
by Latent Class (Row)

              1        2        3        4        5

    1      2.631  -11.115  -11.115  -11.115    0.000
    2     -8.870    3.890    1.451   -2.027    0.000
    3     -3.660   -8.283    5.528   -4.719    0.000
    4    -11.034   -3.239   -1.882    2.705    0.000
    5     -3.758   -1.683   -1.594   -2.273    0.000


MODEL RESULTS

                                                    Two-Tailed
                    Estimate       S.E.  Est./S.E.    P-Value

Latent Class 1

 Thresholds
    GND1$1           -15.000      0.000    999.000    999.000
    GND2$1           -15.000      0.000    999.000    999.000
    GND3$1             4.207      4.060      1.036      0.300
    GND4$1            15.000      0.000    999.000    999.000
    GND5$1            -1.504      0.742     -2.026      0.043
    GND6$1             2.117      1.203      1.759      0.079

Latent Class 2

 Thresholds
    GND1$1            15.000      0.000    999.000    999.000
    GND2$1             4.237      1.291      3.281      0.001
    GND3$1            15.000      0.000    999.000    999.000
    GND4$1             0.806      0.118      6.830      0.000
    GND5$1             2.025      0.254      7.986      0.000
    GND6$1            -2.469      5.851     -0.422      0.673

Latent Class 3

 Thresholds
    GND1$1             5.449      0.338     16.121      0.000
    GND2$1             3.716      0.173     21.442      0.000
    GND3$1             4.446      0.240     18.543      0.000
    GND4$1             3.164      0.447      7.077      0.000
    GND5$1             3.864      0.266     14.514      0.000
    GND6$1            15.000      0.000    999.000    999.000

Latent Class 4

 Thresholds
    GND1$1             3.440      0.612      5.617      0.000
    GND2$1            15.000      0.000    999.000    999.000
    GND3$1           -15.000      0.000    999.000    999.000
    GND4$1            -2.003      0.310     -6.453      0.000
    GND5$1             4.775      3.425      1.394      0.163
    GND6$1            -2.789      0.593     -4.700      0.000

Latent Class 5

 Thresholds
    GND1$1             1.224      0.225      5.433      0.000
    GND2$1             0.193      0.189      1.021      0.307
    GND3$1             0.197      0.199      0.989      0.323
    GND4$1            -0.322      0.172     -1.872      0.061
    GND5$1             0.249      0.175      1.417      0.157
    GND6$1            -0.139      0.135     -1.033      0.302

Categorical Latent Variables

 Means
    C#1               -2.457      0.290     -8.459      0.000
    C#2                0.073      0.578      0.127      0.899
    C#3                1.922      0.156     12.297      0.000
    C#4               -0.612      0.213     -2.875      0.004


RESULTS IN PROBABILITY SCALE

Latent Class 1

 GND1
    Category 1         0.000      0.000      0.000      1.000
    Category 2         1.000      0.000      0.000      1.000
 GND2
    Category 1         0.000      0.000      0.000      1.000
    Category 2         1.000      0.000      0.000      1.000
 GND3
    Category 1         0.985      0.059     16.779      0.000
    Category 2         0.015      0.059      0.250      0.803
 GND4
    Category 1         1.000      0.000      0.000      1.000
    Category 2         0.000      0.000      0.000      1.000
 GND5
    Category 1         0.182      0.110      1.646      0.100
    Category 2         0.818      0.110      7.408      0.000
 GND6
    Category 1         0.893      0.115      7.734      0.000
    Category 2         0.107      0.115      0.931      0.352

Latent Class 2

 GND1
    Category 1         1.000      0.000      0.000      1.000
    Category 2         0.000      0.000      0.000      1.000
 GND2
    Category 1         0.986      0.018     54.356      0.000
    Category 2         0.014      0.018      0.786      0.432
 GND3
    Category 1         1.000      0.000      0.000      1.000
    Category 2         0.000      0.000      0.000      1.000
 GND4
    Category 1         0.691      0.025     27.440      0.000
    Category 2         0.309      0.025     12.250      0.000
 GND5
    Category 1         0.883      0.026     33.822      0.000
    Category 2         0.117      0.026      4.464      0.000
 GND6
    Category 1         0.078      0.421      0.185      0.853
    Category 2         0.922      0.421      2.189      0.029

Latent Class 3

 GND1
    Category 1         0.996      0.001    691.077      0.000
    Category 2         0.004      0.001      2.971      0.003
 GND2
    Category 1         0.976      0.004    242.845      0.000
    Category 2         0.024      0.004      5.912      0.000
 GND3
    Category 1         0.988      0.003    359.830      0.000
    Category 2         0.012      0.003      4.220      0.000
 GND4
    Category 1         0.959      0.017     55.160      0.000
    Category 2         0.041      0.017      2.332      0.020
 GND5
    Category 1         0.979      0.005    182.768      0.000
    Category 2         0.021      0.005      3.835      0.000
 GND6
    Category 1         1.000      0.000      0.000      1.000
    Category 2         0.000      0.000      0.000      1.000

Latent Class 4

 GND1
    Category 1         0.969      0.018     52.553      0.000
    Category 2         0.031      0.018      1.685      0.092
 GND2
    Category 1         1.000      0.000      0.000      1.000
    Category 2         0.000      0.000      0.000      1.000
 GND3
    Category 1         0.000      0.000      0.000      1.000
    Category 2         1.000      0.000      0.000      1.000
 GND4
    Category 1         0.119      0.033      3.657      0.000
    Category 2         0.881      0.033     27.092      0.000
 GND5
    Category 1         0.992      0.028     34.898      0.000
    Category 2         0.008      0.028      0.294      0.768
 GND6
    Category 1         0.058      0.032      1.789      0.074
    Category 2         0.942      0.032     29.103      0.000

Latent Class 5

 GND1
    Category 1         0.773      0.040     19.535      0.000
    Category 2         0.227      0.040      5.747      0.000
 GND2
    Category 1         0.548      0.047     11.718      0.000
    Category 2         0.452      0.047      9.664      0.000
 GND3
    Category 1         0.549      0.049     11.141      0.000
    Category 2         0.451      0.049      9.150      0.000
 GND4
    Category 1         0.420      0.042     10.012      0.000
    Category 2         0.580      0.042     13.820      0.000
 GND5
    Category 1         0.562      0.043     13.008      0.000
    Category 2         0.438      0.043     10.146      0.000
 GND6
    Category 1         0.465      0.033     13.897      0.000
    Category 2         0.535      0.033     15.970      0.000


LATENT CLASS ODDS RATIO RESULTS

                                                95% C.I.
                    Estimate       S.E.  Lower 2.5% Upper 2.5%

Latent Class 1 Compared to Latent Class 2

 GND1
    Category > 1   *********      0.000  *********  *********
 GND2
    Category > 1   *********      0.000  *********  *********
 GND3
    Category > 1   48700.410      0.000  48700.414  48700.414
 GND4
    Category > 1       0.000      0.000      0.000      0.000
 GND5
    Category > 1      34.090     25.631      7.810    148.806
 GND6
    Category > 1       0.010      0.060      0.000   1064.479

Latent Class 1 Compared to Latent Class 3

 GND1
    Category > 1   *********      0.000  *********  *********
 GND2
    Category > 1   *********      0.000  *********  *********
 GND3
    Category > 1       1.270      5.163      0.000   3662.059
 GND4
    Category > 1       0.000      0.000      0.000      0.000
 GND5
    Category > 1     214.415    165.317     47.310    971.751
 GND6
    Category > 1   *********      0.000  *********  *********

Latent Class 1 Compared to Latent Class 4

 GND1
    Category > 1   *********      0.000  *********  *********
 GND2
    Category > 1   *********      0.000  *********  *********
 GND3
    Category > 1       0.000      0.000      0.000      0.000
 GND4
    Category > 1       0.000      0.000      0.000      0.000
 GND5
    Category > 1     533.228   1837.222      0.622  *********
 GND6
    Category > 1       0.007      0.010      0.001      0.104

Latent Class 1 Compared to Latent Class 5

 GND1
    Category > 1   *********      0.000  *********  *********
 GND2
    Category > 1   *********      0.000  *********  *********
 GND3
    Category > 1       0.018      0.075      0.000     59.022
 GND4
    Category > 1       0.000      0.000      0.000      0.000
 GND5
    Category > 1       5.769      4.470      1.263     26.346
 GND6
    Category > 1       0.105      0.125      0.010      1.093

Latent Class 2 Compared to Latent Class 3

 GND1
    Category > 1       0.000      0.000      0.000      0.000
 GND2
    Category > 1       0.594      0.750      0.050      7.071
 GND3
    Category > 1       0.000      0.000      0.000      0.000
 GND4
    Category > 1      10.562      4.888      4.264     26.162
 GND5
    Category > 1       6.290      2.518      2.870     13.784
 GND6
    Category > 1   *********      0.000  *********  *********

Latent Class 2 Compared to Latent Class 4

 GND1
    Category > 1       0.000      0.000      0.000      0.000
 GND2
    Category > 1   47243.262      0.000  47243.266  47243.266
 GND3
    Category > 1       0.000      0.000      0.000      0.000
 GND4
    Category > 1       0.060      0.019      0.032      0.113
 GND5
    Category > 1      15.642     53.076      0.020  12096.508
 GND6
    Category > 1       0.726      4.206      0.000  62172.094

Latent Class 2 Compared to Latent Class 5

 GND1
    Category > 1       0.000      0.000      0.000      0.000
 GND2
    Category > 1       0.018      0.023      0.001      0.222
 GND3
    Category > 1       0.000      0.000      0.000      0.000
 GND4
    Category > 1       0.323      0.072      0.209      0.500
 GND5
    Category > 1       0.169      0.056      0.089      0.323
 GND6
    Category > 1      10.276     60.247      0.000  *********

Latent Class 3 Compared to Latent Class 4

 GND1
    Category > 1       0.134      0.097      0.033      0.552
 GND2
    Category > 1   79577.125      0.000  79577.133  79577.133
 GND3
    Category > 1       0.000      0.000      0.000      0.000
 GND4
    Category > 1       0.006      0.003      0.002      0.014
 GND5
    Category > 1       2.487      8.723      0.003   2406.511
 GND6
    Category > 1       0.000      0.000      0.000      0.000

Latent Class 3 Compared to Latent Class 5

 GND1
    Category > 1       0.015      0.006      0.007      0.031
 GND2
    Category > 1       0.030      0.007      0.018      0.048
 GND3
    Category > 1       0.014      0.004      0.009      0.023
 GND4
    Category > 1       0.031      0.013      0.013      0.070
 GND5
    Category > 1       0.027      0.009      0.014      0.052
 GND6
    Category > 1       0.000      0.000      0.000      0.000

Latent Class 4 Compared to Latent Class 5

 GND1
    Category > 1       0.109      0.079      0.026      0.451
 GND2
    Category > 1       0.000      0.000      0.000      0.000
 GND3
    Category > 1   *********      0.000  *********  *********
 GND4
    Category > 1       5.366      1.855      2.726     10.566
 GND5
    Category > 1       0.011      0.037      0.000      9.006
 GND6
    Category > 1      14.159      9.164      3.982     50.342


QUALITY OF NUMERICAL RESULTS

     Condition Number for the Information Matrix              0.458E-04
       (ratio of smallest to largest eigenvalue)


MODEL COMMAND WITH FINAL ESTIMATES USED AS STARTING VALUES

     %OVERALL%

     [ c#1*-2.45702 ];
     [ c#2*0.07332 ];
     [ c#3*1.92223 ];
     [ c#4*-0.61223 ];

     %C#1%

     [ gnd1$1*-15 ];
     [ gnd2$1*-15 ];
     [ gnd3$1*4.20656 ];
     [ gnd4$1*15 ];
     [ gnd5$1*-1.50390 ];
     [ gnd6$1*2.11698 ];

     %C#2%

     [ gnd1$1*15 ];
     [ gnd2$1*4.23694 ];
     [ gnd3$1*15 ];
     [ gnd4$1*0.80645 ];
     [ gnd5$1*2.02509 ];
     [ gnd6$1*-2.46888 ];

     %C#3%

     [ gnd1$1*5.44934 ];
     [ gnd2$1*3.71552 ];
     [ gnd3$1*4.44583 ];
     [ gnd4$1*3.16370 ];
     [ gnd5$1*3.86401 ];
     [ gnd6$1*15 ];

     %C#4%

     [ gnd1$1*3.43996 ];
     [ gnd2$1*15 ];
     [ gnd3$1*-15 ];
     [ gnd4$1*-2.00256 ];
     [ gnd5$1*4.77505 ];
     [ gnd6$1*-2.78939 ];

     %C#5%

     [ gnd1$1*1.22357 ];
     [ gnd2$1*0.19273 ];
     [ gnd3$1*0.19688 ];
     [ gnd4$1*-0.32239 ];
     [ gnd5$1*0.24853 ];
     [ gnd6$1*-0.13903 ];



TECHNICAL 10 OUTPUT


     MODEL FIT INFORMATION FOR THE LATENT CLASS INDICATOR MODEL PART


     RESPONSE PATTERNS

     No.  Pattern    No.  Pattern    No.  Pattern    No.  Pattern
       1  000000       2  000001       3  000010       4  000011
       5  000100       6  000101       7  000110       8  000111
       9  001000      10  001001      11  001010      12  001011
      13  001100      14  001101      15  001110      16  001111
      17  010000      18  010001      19  010010      20  010011
      21  010100      22  010101      23  010110      24  010111
      25  011000      26  011001      27  011010      28  011011
      29  011100      30  011101      31  011110      32  011111
      33  100000      34  100001      35  100010      36  100011
      37  100100      38  100101      39  100111      40  101000
      41  101001      42  101010      43  101011      44  101100
      45  101101      46  101110      47  101111      48  110000
      49  110001      50  110010      51  110011      52  110100
      53  110101      54  110111      55  111000      56  111001
      57  111010      58  111011      59  111100      60  111101
      61  111110      62  111111      63  001***      64  000*00
      65  000*01      66  000*11      67  001*00      68  001*01
      69  010*01      70  010*10      71  011*10      72  011*11
      73  101*11      74  0000**      75  0101**      76  00*000
      77  00*001      78  00*010      79  00*011      80  00*100
      81  00*101      82  00*110      83  00*111      84  01*000
      85  01*100      86  10*000      87  10*100      88  0*0000
      89  0*0101      90  0*1000      91  1*0010      92  00000*
      93  00011*      94  00111*      95  01000*      96  01011*
      97  0000*0      98  0000*1      99  0011*1     100  0111*1
     101  1111*1     102  000**0     103  001**0     104  001**1
     105  *00000     106  *01000     107  *10010     108  0***0*
     109  ***1**     110  *0****     111  0*****     112  1*****
     113  0*10*0


     RESPONSE PATTERN FREQUENCIES AND CHI-SQUARE CONTRIBUTIONS

    Response          Frequency     Standardized  Chi-square Contribution
     Pattern    Observed  Estimated   Residual    Pearson   Loglikelihood  Deleted
                                     (z-score)
         1      2346.19    2319.23       0.86       0.02         1.52
         2       228.94     232.58      -0.22       0.01        -0.46
         3        57.24      57.94      -0.08      -0.02         1.04
         4        36.10      37.75      -0.24      -0.08         1.49
         5       119.52     118.30       0.10      -0.02        -1.37
         6       115.20     114.01       0.10       0.00         0.44
         7        12.72      13.34      -0.15       0.01        -0.16
         8        22.38      24.79      -0.44       0.15        -1.88
         9        31.80      35.98      -0.63       0.20        -1.86
        10        30.21      30.61      -0.07       0.00         0.16
        11         5.64       6.65      -0.35       0.14        -1.26
        12         6.04       7.16      -0.38       0.17        -1.79
        13        21.44      21.74      -0.06      -0.01         0.66
        14       169.98     172.83      -0.20       0.01        -0.31
        15         9.98       8.49       0.46       0.21         4.77
        16        10.13      10.98      -0.23       0.02        -0.33
        17        62.47      63.86      -0.16       0.02        -1.60
        18        10.97      12.19      -0.31       0.12        -1.81
        19         4.57       7.30      -0.91       1.01        -3.84
        20         5.53       7.43      -0.63       0.48        -3.61
        21        15.42      13.27       0.53       0.34         5.39
        22        15.85      13.83       0.49       0.28         5.45
        23        14.98       8.48       2.01       4.92        19.15
        24        12.94       9.86       0.88       0.96         7.56
        25        12.36       7.07       1.79       3.94        14.64
        26         4.94       7.38      -0.81       0.80        -4.26
        27         1.00       5.02      -1.61       3.02        -2.36
        28         5.90       5.75       0.06      -0.06         1.53
        29        10.06       8.89       0.35       0.15         2.63
        30         3.85      10.18      -1.79       3.93        -7.07
        31         0.95       6.91      -2.04       4.98        -3.00
        32         6.61       7.94      -0.43      -0.05         0.24
        33        11.76      12.64      -0.22       0.03        -0.58
        34         3.90       3.20       0.35       0.15         1.42
        35         2.00       2.38      -0.22       0.06        -0.60
        36         0.95       2.50      -0.88       0.96        -1.86
        37         4.28       4.26       0.00      -0.12         1.47
        38         1.00       4.42      -1.46       2.64        -3.00
        39         6.10       3.45       1.29       2.04         6.82
        40         5.20       2.45       1.58       3.06         8.60
        41         3.07       3.33      -0.12       0.02        -0.57
        42         3.04       1.79       0.84       0.87         3.13
        43         4.94       2.06       1.81       3.99         9.72
        44         0.99       3.48      -1.20       1.75        -2.16
        45         9.19       8.78       0.12       0.02         0.62
        46         0.95       2.47      -0.87       0.93        -1.84
        47         3.08       2.88       0.11      -0.02         1.08
        48         6.96       7.63      -0.22       0.06        -1.47
        49         6.26       3.25       1.50       2.77         8.01
        50        23.94      24.68      -0.13      -0.05         1.20
        51         3.91       4.82      -0.37       0.17        -1.74
        52         0.95       3.18      -1.13       1.56        -2.32
        53         2.90       3.65      -0.35       0.15        -1.41
        54         1.03       2.84      -0.97       1.16        -2.12
        55         0.95       1.97      -0.65       0.52        -1.41
        56         1.98       2.18      -0.12       0.02        -0.44
        57         2.04       1.81       0.15       0.03         0.42
        58         1.90       1.73       0.12       0.02         0.30
        59         4.56       2.61       1.09       1.46         4.98
        60         3.01       3.00       0.01      -0.02         0.56
        61         2.05       2.03       0.01       0.00        -0.02
        62         6.23       2.34       2.29       6.43        13.32
        63         0.95       0.08       2.91      -0.01         0.00
        64        10.18      16.70      -2.57       0.00         0.00
        65         0.95       2.37      -0.87       0.00         0.00
        66         1.99       0.43       2.16      -0.03        -0.01
        67         1.90       0.40       2.18      -0.11        -0.05
        68         3.11       1.39       1.35       0.00         0.00
        69         1.11       0.18       1.99       0.40         0.13
        70         1.00       0.11       2.43       2.20         0.56
        71         1.09       0.08       3.17     -43.40        -3.02
        72         1.90       0.09       5.33       2.49         0.25
        73         1.03       0.03       4.85      13.89         1.22
        74         7.01       6.01       0.73       0.00         0.01
        75         1.03       0.10       2.60       2.62         0.62
        76        10.78      21.76      -3.66       0.00         0.00
        77         6.02       2.43       2.15      -0.01        -0.01
        78         2.95       0.60       2.77      -0.04        -0.02
        79         2.00       0.41       2.22      -0.04        -0.02
        80         1.06       1.29      -0.19       0.00        -0.01
        81         2.90       2.65       0.14       0.00         0.00
        82         1.00       0.20       1.60       0.43         0.19
        83         0.99       0.33       1.04      -0.09        -0.07
        84         1.96       0.66       1.47       0.34         0.26
        85         0.95       0.20       1.49       0.61         0.30
        86         1.05       0.14       2.19       1.22         0.36
        87         1.05       0.07       3.28      -3.68        -0.45
        88         1.98       3.29      -1.13       0.00         0.00
        89         0.95       0.18       1.69       0.11         0.04
        90         0.95       0.06       3.31       1.49         0.20
        91         1.00       0.04       4.51       0.29         0.02
        92         4.94       6.36      -0.96       0.00         0.00
        93         1.00       0.10       2.65      -0.31        -0.06
        94         0.95       0.05       3.70       1.82         0.20
        95         0.99       0.19       1.67      -0.12        -0.05
        96         0.95       0.05       3.82       7.37         0.89
        97         5.85       9.32      -1.78       0.00         0.01
        98         4.03       1.06       2.70       0.03         0.02
        99         2.01       0.72       1.40      -0.01        -0.01
       100         1.00       0.07       3.13      -6.86        -0.80
       101         0.99       0.02       6.06      22.28         1.27
       102         1.95       2.83      -0.88       0.00         0.00
       103         1.01       0.08       2.94       0.15         0.02
       104         1.04       0.25       1.46      -0.02        -0.01
       105         4.03       4.00       0.03       0.00         0.00
       106         1.09       0.07       3.60       0.93         0.12
       107         0.95       0.05       3.46      -1.03        -0.12
       108         0.99       0.89       0.30       0.00         0.00
       109         1.09       0.19       2.04       0.00         0.00
       110         1.90       1.76       0.35       0.00         0.00
       111         1.00       3.20      -5.69       0.00         0.00
       112         2.32       0.13       5.69       0.04         0.00
       113         1.03       0.02       7.27       0.60         0.02

     THE TOTAL PEARSON CHI-SQUARE CONTRIBUTION FROM EMPTY CELLS IS         5.67


     UNIVARIATE MODEL FIT INFORMATION

                               Estimated Probabilities
                                                  Standardized
     Variable              H1           H0          Residual
                                                   (z-score)
     GND1
       Category 1        0.962        0.962          -0.011
       Category 2        0.038        0.038           0.011
       Univariate Pearson Chi-Square                  0.000
       Univariate Log-Likelihood Chi-Square           0.000
     GND2
       Category 1        0.925        0.925          -0.010
       Category 2        0.075        0.075           0.010
       Univariate Pearson Chi-Square                  0.000
       Univariate Log-Likelihood Chi-Square           0.000
     GND3
       Category 1        0.887        0.887          -0.008
       Category 2        0.113        0.113           0.008
       Univariate Pearson Chi-Square                  0.000
       Univariate Log-Likelihood Chi-Square           0.000
     GND4
       Category 1        0.825        0.825           0.006
       Category 2        0.175        0.175          -0.006
       Univariate Pearson Chi-Square                  0.000
       Univariate Log-Likelihood Chi-Square           0.000
     GND5
       Category 1        0.918        0.918          -0.028
       Category 2        0.082        0.082           0.028
       Univariate Pearson Chi-Square                  0.001
       Univariate Log-Likelihood Chi-Square           0.001
     GND6
       Category 1        0.785        0.785           0.003
       Category 2        0.215        0.215          -0.003
       Univariate Pearson Chi-Square                  0.000
       Univariate Log-Likelihood Chi-Square           0.000

       Overall Univariate Pearson Chi-Square                         0.001
       Overall Univariate Log-Likelihood Chi-Square                  0.001


     BIVARIATE MODEL FIT INFORMATION

                                              Estimated Probabilities
                                                                 Standardized
     Variable       Variable              H1           H0          Residual
                                                                  (z-score)
     GND1           GND2
       Category 1     Category 1        0.907        0.907          -0.005
       Category 1     Category 2        0.055        0.055          -0.003
       Category 2     Category 1        0.018        0.018          -0.010
       Category 2     Category 2        0.020        0.020           0.024
       Bivariate Pearson Chi-Square                                  0.001
       Bivariate Log-Likelihood Chi-Square                           0.001
     GND1           GND3
       Category 1     Category 1        0.865        0.863           0.445
       Category 1     Category 2        0.097        0.100          -0.517
       Category 2     Category 1        0.022        0.025          -0.998
       Category 2     Category 2        0.016        0.013           1.409
       Bivariate Pearson Chi-Square                                  3.954
       Bivariate Log-Likelihood Chi-Square                           3.840
     GND1           GND4
       Category 1     Category 1        0.801        0.803          -0.259
       Category 1     Category 2        0.161        0.159           0.276
       Category 2     Category 1        0.024        0.022           0.715
       Category 2     Category 2        0.014        0.015          -0.835
       Bivariate Pearson Chi-Square                                  1.562
       Bivariate Log-Likelihood Chi-Square                           1.581
     GND1           GND5
       Category 1     Category 1        0.899        0.899           0.045
       Category 1     Category 2        0.063        0.064          -0.064
       Category 2     Category 1        0.019        0.020          -0.153
       Category 2     Category 2        0.018        0.018           0.176
       Bivariate Pearson Chi-Square                                  0.071
       Bivariate Log-Likelihood Chi-Square                           0.071
     GND1           GND6
       Category 1     Category 1        0.765        0.763           0.224
       Category 1     Category 2        0.197        0.199          -0.244
       Category 2     Category 1        0.021        0.022          -0.637
       Category 2     Category 2        0.017        0.015           0.780
       Bivariate Pearson Chi-Square                                  1.305
       Bivariate Log-Likelihood Chi-Square                           1.292
     GND2           GND3
       Category 1     Category 1        0.833        0.834          -0.180
       Category 1     Category 2        0.092        0.091           0.223
       Category 2     Category 1        0.054        0.053           0.286
       Category 2     Category 2        0.021        0.022          -0.423
       Bivariate Pearson Chi-Square                                  0.375
       Bivariate Log-Likelihood Chi-Square                           0.378
     GND2           GND4
       Category 1     Category 1        0.780        0.779           0.190
       Category 1     Category 2        0.145        0.146          -0.231
       Category 2     Category 1        0.045        0.046          -0.364
       Category 2     Category 2        0.030        0.029           0.475
       Bivariate Pearson Chi-Square                                  0.493
       Bivariate Log-Likelihood Chi-Square                           0.491
     GND2           GND5
       Category 1     Category 1        0.871        0.872          -0.099
       Category 1     Category 2        0.054        0.053           0.136
       Category 2     Category 1        0.047        0.046           0.121
       Category 2     Category 2        0.028        0.029          -0.137
       Bivariate Pearson Chi-Square                                  0.063
       Bivariate Log-Likelihood Chi-Square                           0.063
     GND2           GND6
       Category 1     Category 1        0.738        0.738          -0.032
       Category 1     Category 2        0.187        0.187           0.029
       Category 2     Category 1        0.048        0.047           0.073
       Category 2     Category 2        0.028        0.028          -0.079
       Bivariate Pearson Chi-Square                                  0.015
       Bivariate Log-Likelihood Chi-Square                           0.015
     GND3           GND4
       Category 1     Category 1        0.789        0.791          -0.161
       Category 1     Category 2        0.098        0.097           0.212
       Category 2     Category 1        0.036        0.035           0.369
       Category 2     Category 2        0.077        0.078          -0.243
       Bivariate Pearson Chi-Square                                  0.287
       Bivariate Log-Likelihood Chi-Square                           0.286
     GND3           GND5
       Category 1     Category 1        0.827        0.827           0.009
       Category 1     Category 2        0.060        0.060          -0.026
       Category 2     Category 1        0.091        0.091          -0.039
       Category 2     Category 2        0.022        0.021           0.095
       Bivariate Pearson Chi-Square                                  0.014
       Bivariate Log-Likelihood Chi-Square                           0.014
     GND3           GND6
       Category 1     Category 1        0.752        0.752          -0.014
       Category 1     Category 2        0.136        0.136           0.010
       Category 2     Category 1        0.034        0.034           0.040
       Category 2     Category 2        0.079        0.079          -0.018
       Bivariate Pearson Chi-Square                                  0.002
       Bivariate Log-Likelihood Chi-Square                           0.002
     GND4           GND5
       Category 1     Category 1        0.777        0.775           0.184
       Category 1     Category 2        0.049        0.050          -0.342
       Category 2     Category 1        0.141        0.143          -0.241
       Category 2     Category 2        0.033        0.032           0.469
       Bivariate Pearson Chi-Square                                  0.472
       Bivariate Log-Likelihood Chi-Square                           0.470
     GND4           GND6
       Category 1     Category 1        0.723        0.722           0.042
       Category 1     Category 2        0.102        0.103          -0.054
       Category 2     Category 1        0.063        0.063          -0.071
       Category 2     Category 2        0.112        0.112           0.048
       Bivariate Pearson Chi-Square                                  0.012
       Bivariate Log-Likelihood Chi-Square                           0.012
     GND5           GND6
       Category 1     Category 1        0.744        0.742           0.254
       Category 1     Category 2        0.174        0.177          -0.312
       Category 2     Category 1        0.042        0.044          -0.537
       Category 2     Category 2        0.040        0.038           0.616
       Bivariate Pearson Chi-Square                                  0.912
       Bivariate Log-Likelihood Chi-Square                           0.910

       Overall Bivariate Pearson Chi-Square                          9.540
       Overall Bivariate Log-Likelihood Chi-Square                   9.424


TECHNICAL 11 OUTPUT

     Random Starts Specifications for the k-1 Class Analysis Model
        Number of initial stage random starts                1000
        Number of final stage optimizations                   250



     VUONG-LO-MENDELL-RUBIN LIKELIHOOD RATIO TEST FOR 4 (H0) VERSUS 5 CLASSES

          H0 Loglikelihood Value                        -6203.814
          2 Times the Loglikelihood Difference             26.879
          Difference in the Number of Parameters                7
          Mean                                              9.725
          Standard Deviation                              136.043
          P-Value                                          0.3936

     LO-MENDELL-RUBIN ADJUSTED LRT TEST

          Value                                            26.419
          P-Value                                          0.3960


SAVEDATA INFORMATION


  Save file
    Prob_MLT_GNDlca_C3cl5.dat

  Order and format of variables

    GND1           F10.3
    GND2           F10.3
    GND3           F10.3
    GND4           F10.3
    GND5           F10.3
    GND6           F10.3
    CPROB1         F10.3
    CPROB2         F10.3
    CPROB3         F10.3
    CPROB4         F10.3
    CPROB5         F10.3
    C              F10.3
    WS             F10.3
    IDSTUD         I9
    ID_S           I5
    ID_J           I5

  Save file format
    13F10.3 I9 2I5

  Save file record length    10000

  Save missing symbol        *


     Beginning Time:  22:31:35
        Ending Time:  22:31:40
       Elapsed Time:  00:00:05



MUTHEN & MUTHEN
3463 Stoner Ave.
Los Angeles, CA  90066

Tel: (310) 391-9971
Fax: (310) 391-8971
Web: www.StatModel.com
Support: Support@StatModel.com

Copyright (c) 1998-2020 Muthen & Muthen
