Mplus VERSION 8.5 (Mac)
MUTHEN & MUTHEN
04/07/2021  10:29 PM

INPUT INSTRUCTIONS

  TITLE: FINGND LCA - C3 with 6 classes;
  DATA:
  FILE = GNDDtaC3.dat;

  VARIABLE:
  NAMES = id_i
  id_j
  id_r
  id_s
  id_k
  wt
  ws
  GND1
  GND2
  GND3
  GND4
  GND5
  GND6
  IDSTUD;
  IDVARIABLE = IDSTUD;
  USEVARIABLES = GND1
  GND2
  GND3
  GND4
  GND5
  GND6;
  USEOBSERVATIONS ARE id_k EQ 5;
  CATEGORICAL = GND1
  GND2
  GND3
  GND4
  GND5
  GND6;
  MISSING = .;
  CLASSES = c(6);
  WEIGHT = ws;
  STRATIFICATION = id_s;
  CLUSTER = id_j;

  ANALYSIS:
  TYPE = COMPLEX MIXTURE;
  PROCESSORS = 4;
  STARTS = 1000 250;
  STITERATIONS = 20;
  STSEED = 288;

  MODEL:
  %OVERALL%

  OUTPUT:
  TECH10
  TECH11
  SVALUES
  ;

  SAVEDATA:
  FILE = Prob_FIN_GNDlca_C3cl6.dat;
  SAVE = CPROBABILITIES;



*** WARNING in VARIABLE command
  When a subpopulation is analyzed with TYPE=COMPLEX, standard errors
  may be incorrect.  Use the SUBPOPULATION option instead of the
  USEOBSERVATIONS option to obtain correct standard errors.
*** WARNING
  Data set contains cases with missing on all variables.
  These cases were not included in the analysis.
  Number of cases with missing on all variables:  35
   2 WARNING(S) FOUND IN THE INPUT INSTRUCTIONS



FINGND LCA - C3 with 6 classes;

SUMMARY OF ANALYSIS

Number of groups                                                 1
Number of observations                                        3138

Number of dependent variables                                    6
Number of independent variables                                  0
Number of continuous latent variables                            0
Number of categorical latent variables                           1

Observed dependent variables

  Binary and ordered categorical (ordinal)
   GND1        GND2        GND3        GND4        GND5        GND6

Categorical latent variables
   C

Variables with special functions

  Stratification        ID_S
  Cluster variable      ID_J
  Weight variable       WS
  ID variable           IDSTUD

Estimator                                                      MLR
Information matrix                                        OBSERVED
Optimization Specifications for the Quasi-Newton Algorithm for
Continuous Outcomes
  Maximum number of iterations                                 100
  Convergence criterion                                  0.100D-05
Optimization Specifications for the EM Algorithm
  Maximum number of iterations                                 500
  Convergence criteria
    Loglikelihood change                                 0.100D-06
    Relative loglikelihood change                        0.100D-06
    Derivative                                           0.100D-05
Optimization Specifications for the M step of the EM Algorithm for
Categorical Latent variables
  Number of M step iterations                                    1
  M step convergence criterion                           0.100D-05
  Basis for M step termination                           ITERATION
Optimization Specifications for the M step of the EM Algorithm for
Censored, Binary or Ordered Categorical (Ordinal), Unordered
Categorical (Nominal) and Count Outcomes
  Number of M step iterations                                    1
  M step convergence criterion                           0.100D-05
  Basis for M step termination                           ITERATION
  Maximum value for logit thresholds                            15
  Minimum value for logit thresholds                           -15
  Minimum expected cell size for chi-square              0.100D-01
Maximum number of iterations for H1                           2000
Convergence criterion for H1                             0.100D-03
Optimization algorithm                                         EMA
Random Starts Specifications
  Number of initial stage random starts                       1000
  Number of final stage optimizations                          250
  Number of initial stage iterations                            20
  Initial stage convergence criterion                    0.100D+01
  Random starts scale                                    0.500D+01
  Random seed for generating random starts                     288
Link                                                         LOGIT

Input data file(s)
  GNDDtaC3.dat
Input data format  FREE


SUMMARY OF DATA

     Number of missing data patterns            13
     Number of y missing data patterns           0
     Number of u missing data patterns          13
     Number of strata                           75
     Number of clusters                        179


COVARIANCE COVERAGE OF DATA

Minimum covariance coverage value   0.100


     PROPORTION OF DATA PRESENT FOR U


           Covariance Coverage
              GND1          GND2          GND3          GND4          GND5
              ________      ________      ________      ________      ________
 GND1           0.999
 GND2           0.997         0.998
 GND3           0.993         0.992         0.994
 GND4           0.996         0.995         0.991         0.996
 GND5           0.991         0.990         0.986         0.989         0.992
 GND6           0.994         0.993         0.989         0.992         0.988


           Covariance Coverage
              GND6
              ________
 GND6           0.995


UNIVARIATE PROPORTIONS AND COUNTS FOR CATEGORICAL VARIABLES

    GND1
      Category 1    0.982         3079.555
      Category 2    0.018           55.700
    GND2
      Category 1    0.974         3052.190
      Category 2    0.026           80.408
    GND3
      Category 1    0.942         2937.072
      Category 2    0.058          182.263
    GND4
      Category 1    0.900         2813.752
      Category 2    0.100          313.265
    GND5
      Category 1    0.946         2945.147
      Category 2    0.054          168.101
    GND6
      Category 1    0.862         2691.727
      Category 2    0.138          430.761


RANDOM STARTS RESULTS RANKED FROM THE BEST TO THE WORST LOGLIKELIHOOD VALUES

Final stage loglikelihood values at local maxima, seeds, and initial stage start numbers:

           -3442.069  883395           472
           -3442.069  692130           727
           -3442.069  303586           738
           -3442.069  699594           29
           -3442.069  776432           690
           -3442.069  816924           905
           -3442.069  747600           691
           -3442.069  589511           247
           -3442.069  728622           648
           -3442.069  902664           49
           -3442.069  924010           464
           -3442.069  808818           46
           -3442.072  983906           53
           -3442.095  513056           385
           -3442.095  859868           243
           -3442.164  468408           60
           -3442.164  920430           230
           -3442.164  983784           118
           -3442.167  32588            319
           -3442.912  960487           74
           -3443.667  216144           158
           -3443.667  703404           63
           -3444.039  687662           201
           -3445.763  370680           94
           -3446.865  377368           224
           -3446.865  957051           194
           -3448.757  714348           218
           -3450.904  53405            28

222 perturbed starting value run(s) did not converge or were rejected in the third stage.



THE BEST LOGLIKELIHOOD VALUE HAS BEEN REPLICATED.  RERUN WITH AT LEAST TWICE THE
RANDOM STARTS TO CHECK THAT THE BEST LOGLIKELIHOOD IS STILL OBTAINED AND REPLICATED.

     IN THE OPTIMIZATION, ONE OR MORE LOGIT THRESHOLDS APPROACHED EXTREME VALUES
     OF -15.000 AND 15.000 AND WERE FIXED TO STABILIZE MODEL ESTIMATION.  THESE
     VALUES IMPLY PROBABILITIES OF 0 AND 1.  IN THE MODEL RESULTS SECTION, THESE
     PARAMETERS HAVE 0 STANDARD ERRORS AND 999 IN THE Z-SCORE AND P-VALUE COLUMNS.


     WARNING:  THE VARIANCE CONTRIBUTION FROM A STRATUM WITH A SINGLE CLUSTER
     (PSU) IS BASED ON THE DIFFERENCE BETWEEN THE SINGLE CLUSTER VALUE AND
     THE OVERALL CLUSTER MEAN.




THE MODEL ESTIMATION TERMINATED NORMALLY



MODEL FIT INFORMATION

Number of Free Parameters                       41

Loglikelihood

          H0 Value                       -3442.069
          H0 Scaling Correction Factor      1.1854
            for MLR

Information Criteria

          Akaike (AIC)                    6966.138
          Bayesian (BIC)                  7214.243
          Sample-Size Adjusted BIC        7083.969
            (n* = (n + 2) / 24)

Chi-Square Test of Model Fit for the Binary and Ordered Categorical
(Ordinal) Outcomes

          Pearson Chi-Square

          Value                             14.526
          Degrees of Freedom                    22
          P-Value                           0.8818

          Likelihood Ratio Chi-Square

          Value                             28.060
          Degrees of Freedom                    22
          P-Value                           0.1737

Chi-Square Test for MCAR under the Unrestricted Latent Class Indicator Model

          Pearson Chi-Square

          Value                            384.951
          Degrees of Freedom                   260
          P-Value                           0.0000

          Likelihood Ratio Chi-Square

          Value                            101.703
          Degrees of Freedom                   260
          P-Value                           1.0000



FINAL CLASS COUNTS AND PROPORTIONS FOR THE LATENT CLASSES
BASED ON THE ESTIMATED MODEL

    Latent
   Classes

       1         90.00874          0.02868
       2         34.24837          0.01091
       3       2678.78980          0.85366
       4         91.00606          0.02900
       5        221.10266          0.07046
       6         22.84437          0.00728


FINAL CLASS COUNTS AND PROPORTIONS FOR THE LATENT CLASSES
BASED ON ESTIMATED POSTERIOR PROBABILITIES

    Latent
   Classes

       1         90.00874          0.02868
       2         34.24837          0.01091
       3       2678.78980          0.85366
       4         91.00606          0.02900
       5        221.10266          0.07046
       6         22.84437          0.00728


FINAL CLASS COUNTS AND PROPORTIONS FOR THE LATENT CLASSES
BASED ON THEIR MOST LIKELY LATENT CLASS MEMBERSHIP

Class Counts and Proportions

    Latent
   Classes

       1              101          0.03214
       2               33          0.01047
       3             2816          0.89739
       4               53          0.01674
       5              117          0.03718
       6               19          0.00607


CLASSIFICATION QUALITY

     Entropy                         0.902


Average Latent Class Probabilities for Most Likely Latent Class Membership (Row)
by Latent Class (Column)

           1        2        3        4        5        6

    1   0.873    0.020    0.005    0.086    0.013    0.003
    2   0.024    0.885    0.000    0.040    0.041    0.010
    3   0.000    0.000    0.948    0.010    0.040    0.001
    4   0.000    0.035    0.018    0.837    0.084    0.025
    5   0.006    0.007    0.060    0.068    0.852    0.007
    6   0.000    0.028    0.005    0.020    0.049    0.898


Classification Probabilities for the Most Likely Latent Class Membership (Column)
by Latent Class (Row)

           1        2        3        4        5        6

    1   0.978    0.009    0.005    0.000    0.008    0.000
    2   0.058    0.849    0.000    0.054    0.022    0.015
    3   0.000    0.000    0.997    0.000    0.003    0.000
    4   0.095    0.015    0.315    0.483    0.087    0.004
    5   0.006    0.006    0.514    0.020    0.449    0.004
    6   0.015    0.014    0.128    0.058    0.036    0.748


Logits for the Classification Probabilities for the Most Likely Latent Class Membership (Column)
by Latent Class (Row)

              1        2        3        4        5        6

    1     13.793    9.088    8.435    0.000    9.038    0.000
    2      1.336    4.015   -3.497    1.268    0.383    0.000
    3      1.671   -3.569   10.244    2.301    4.301    0.000
    4      3.115    1.232    4.310    4.737    3.025    0.000
    5      0.322    0.354    4.801    1.550    4.666    0.000
    6     -3.894   -3.977   -1.766   -2.551   -3.031    0.000


MODEL RESULTS

                                                    Two-Tailed
                    Estimate       S.E.  Est./S.E.    P-Value

Latent Class 1

 Thresholds
    GND1$1             2.982      0.685      4.354      0.000
    GND2$1            15.000      0.000    999.000    999.000
    GND3$1           -15.000      0.000    999.000    999.000
    GND4$1           -15.000      0.000    999.000    999.000
    GND5$1             1.305      0.341      3.830      0.000
    GND6$1            -1.214      0.300     -4.043      0.000

Latent Class 2

 Thresholds
    GND1$1            -1.052      0.763     -1.379      0.168
    GND2$1            -1.250      0.814     -1.535      0.125
    GND3$1            -1.334      1.059     -1.260      0.208
    GND4$1            -1.674      1.515     -1.105      0.269
    GND5$1            -1.695      0.844     -2.009      0.045
    GND6$1            -3.902      3.385     -1.153      0.249

Latent Class 3

 Thresholds
    GND1$1            15.000      0.000    999.000    999.000
    GND2$1             5.759      0.490     11.755      0.000
    GND3$1             5.072      0.529      9.592      0.000
    GND4$1             3.584      0.230     15.598      0.000
    GND5$1             3.971      0.184     21.539      0.000
    GND6$1             3.391      0.433      7.832      0.000

Latent Class 4

 Thresholds
    GND1$1             1.724      0.901      1.913      0.056
    GND2$1             1.573      0.503      3.128      0.002
    GND3$1            -0.114      1.083     -0.105      0.916
    GND4$1             1.306      1.056      1.237      0.216
    GND5$1             3.370      2.585      1.304      0.192
    GND6$1            -1.667      1.393     -1.197      0.231

Latent Class 5

 Thresholds
    GND1$1            15.000      0.000    999.000    999.000
    GND2$1             2.825      0.704      4.014      0.000
    GND3$1            15.000      0.000    999.000    999.000
    GND4$1             0.248      0.362      0.685      0.494
    GND5$1             1.143      0.338      3.382      0.001
    GND6$1            -1.085      0.587     -1.849      0.064

Latent Class 6

 Thresholds
    GND1$1            -0.252      0.846     -0.298      0.766
    GND2$1            -1.173      0.761     -1.542      0.123
    GND3$1             1.373      0.768      1.788      0.074
    GND4$1             0.967      0.681      1.421      0.155
    GND5$1            -0.928      1.021     -0.909      0.364
    GND6$1             3.828     16.683      0.229      0.819

Categorical Latent Variables

 Means
    C#1                1.371      0.543      2.524      0.012
    C#2                0.405      0.864      0.469      0.639
    C#3                4.764      0.496      9.612      0.000
    C#4                1.382      0.831      1.663      0.096
    C#5                2.270      0.584      3.888      0.000


RESULTS IN PROBABILITY SCALE

Latent Class 1

 GND1
    Category 1         0.952      0.031     30.262      0.000
    Category 2         0.048      0.031      1.534      0.125
 GND2
    Category 1         1.000      0.000      0.000      1.000
    Category 2         0.000      0.000      0.000      1.000
 GND3
    Category 1         0.000      0.000      0.000      1.000
    Category 2         1.000      0.000      0.000      1.000
 GND4
    Category 1         0.000      0.000      0.000      1.000
    Category 2         1.000      0.000      0.000      1.000
 GND5
    Category 1         0.787      0.057     13.759      0.000
    Category 2         0.213      0.057      3.732      0.000
 GND6
    Category 1         0.229      0.053      4.319      0.000
    Category 2         0.771      0.053     14.544      0.000

Latent Class 2

 GND1
    Category 1         0.259      0.146      1.770      0.077
    Category 2         0.741      0.146      5.065      0.000
 GND2
    Category 1         0.223      0.141      1.581      0.114
    Category 2         0.777      0.141      5.515      0.000
 GND3
    Category 1         0.208      0.175      1.193      0.233
    Category 2         0.792      0.175      4.529      0.000
 GND4
    Category 1         0.158      0.201      0.784      0.433
    Category 2         0.842      0.201      4.182      0.000
 GND5
    Category 1         0.155      0.111      1.403      0.161
    Category 2         0.845      0.111      7.640      0.000
 GND6
    Category 1         0.020      0.066      0.301      0.763
    Category 2         0.980      0.066     14.923      0.000

Latent Class 3

 GND1
    Category 1         1.000      0.000      0.000      1.000
    Category 2         0.000      0.000      0.000      1.000
 GND2
    Category 1         0.997      0.002    649.171      0.000
    Category 2         0.003      0.002      2.048      0.041
 GND3
    Category 1         0.994      0.003    303.393      0.000
    Category 2         0.006      0.003      1.903      0.057
 GND4
    Category 1         0.973      0.006    161.126      0.000
    Category 2         0.027      0.006      4.473      0.000
 GND5
    Category 1         0.981      0.003    293.038      0.000
    Category 2         0.019      0.003      5.527      0.000
 GND6
    Category 1         0.967      0.014     70.909      0.000
    Category 2         0.033      0.014      2.387      0.017

Latent Class 4

 GND1
    Category 1         0.849      0.116      7.330      0.000
    Category 2         0.151      0.116      1.307      0.191
 GND2
    Category 1         0.828      0.072     11.575      0.000
    Category 2         0.172      0.072      2.401      0.016
 GND3
    Category 1         0.471      0.270      1.748      0.081
    Category 2         0.529      0.270      1.959      0.050
 GND4
    Category 1         0.787      0.177      4.442      0.000
    Category 2         0.213      0.177      1.203      0.229
 GND5
    Category 1         0.967      0.083     11.634      0.000
    Category 2         0.033      0.083      0.400      0.689
 GND6
    Category 1         0.159      0.186      0.853      0.393
    Category 2         0.841      0.186      4.519      0.000

Latent Class 5

 GND1
    Category 1         1.000      0.000      0.000      1.000
    Category 2         0.000      0.000      0.000      1.000
 GND2
    Category 1         0.944      0.037     25.370      0.000
    Category 2         0.056      0.037      1.505      0.132
 GND3
    Category 1         1.000      0.000      0.000      1.000
    Category 2         0.000      0.000      0.000      1.000
 GND4
    Category 1         0.562      0.089      6.295      0.000
    Category 2         0.438      0.089      4.911      0.000
 GND5
    Category 1         0.758      0.062     12.238      0.000
    Category 2         0.242      0.062      3.900      0.000
 GND6
    Category 1         0.253      0.111      2.280      0.023
    Category 2         0.747      0.111      6.748      0.000

Latent Class 6

 GND1
    Category 1         0.437      0.208      2.102      0.036
    Category 2         0.563      0.208      2.704      0.007
 GND2
    Category 1         0.236      0.137      1.721      0.085
    Category 2         0.764      0.137      5.562      0.000
 GND3
    Category 1         0.798      0.124      6.443      0.000
    Category 2         0.202      0.124      1.633      0.103
 GND4
    Category 1         0.725      0.136      5.333      0.000
    Category 2         0.275      0.136      2.027      0.043
 GND5
    Category 1         0.283      0.207      1.366      0.172
    Category 2         0.717      0.207      3.456      0.001
 GND6
    Category 1         0.979      0.348      2.815      0.005
    Category 2         0.021      0.348      0.061      0.951


LATENT CLASS ODDS RATIO RESULTS

                                                95% C.I.
                    Estimate       S.E.  Lower 2.5% Upper 2.5%

Latent Class 1 Compared to Latent Class 2

 GND1
    Category > 1       0.018      0.019      0.002      0.138
 GND2
    Category > 1       0.000      0.000      0.000      0.000
 GND3
    Category > 1   *********      0.000  *********  *********
 GND4
    Category > 1   *********      0.000  *********  *********
 GND5
    Category > 1       0.050      0.044      0.009      0.285
 GND6
    Category > 1       0.068      0.231      0.000     53.687

Latent Class 1 Compared to Latent Class 3

 GND1
    Category > 1   *********      0.000  *********  *********
 GND2
    Category > 1       0.000      0.000      0.000      0.000
 GND3
    Category > 1   *********      0.000  *********  *********
 GND4
    Category > 1   *********      0.000  *********  *********
 GND5
    Category > 1      14.382      5.619      6.687     30.931
 GND6
    Category > 1     100.014     55.748     33.542    298.218

Latent Class 1 Compared to Latent Class 4

 GND1
    Category > 1       0.284      0.344      0.027      3.048
 GND2
    Category > 1       0.000      0.000      0.000      0.000
 GND3
    Category > 1   *********      0.000  *********  *********
 GND4
    Category > 1   *********      0.000  *********  *********
 GND5
    Category > 1       7.886     20.408      0.049   1258.153
 GND6
    Category > 1       0.636      0.951      0.034     11.934

Latent Class 1 Compared to Latent Class 5

 GND1
    Category > 1   *********      0.000  *********  *********
 GND2
    Category > 1       0.000      0.000      0.000      0.000
 GND3
    Category > 1   *********      0.000  *********  *********
 GND4
    Category > 1   *********      0.000  *********  *********
 GND5
    Category > 1       0.851      0.398      0.340      2.128
 GND6
    Category > 1       1.138      0.777      0.298      4.340

Latent Class 1 Compared to Latent Class 6

 GND1
    Category > 1       0.039      0.041      0.005      0.299
 GND2
    Category > 1       0.000      0.000      0.000      0.000
 GND3
    Category > 1   *********      0.000  *********  *********
 GND4
    Category > 1   *********      0.000  *********  *********
 GND5
    Category > 1       0.107      0.112      0.014      0.828
 GND6
    Category > 1     154.771   2582.023      0.000  *********

Latent Class 2 Compared to Latent Class 3

 GND1
    Category > 1   *********      0.000  *********  *********
 GND2
    Category > 1    1106.214    951.361    205.012   5968.962
 GND3
    Category > 1     605.221    686.807     65.456   5596.017
 GND4
    Category > 1     192.222    292.020      9.787   3775.345
 GND5
    Category > 1     288.779    250.362     52.794   1579.590
 GND6
    Category > 1    1470.905   5111.625      1.620  *********

Latent Class 2 Compared to Latent Class 4

 GND1
    Category > 1      16.052     13.483      3.094     83.272
 GND2
    Category > 1      16.818     14.426      3.131     90.350
 GND3
    Category > 1       3.387      3.836      0.368     31.177
 GND4
    Category > 1      19.702     32.123      0.807    481.264
 GND5
    Category > 1     158.341    376.679      1.495  16771.049
 GND6
    Category > 1       9.351     34.434      0.007  12745.449

Latent Class 2 Compared to Latent Class 5

 GND1
    Category > 1   *********      0.000  *********  *********
 GND2
    Category > 1      58.809     51.174     10.684    323.704
 GND3
    Category > 1   *********      0.000  *********  *********
 GND4
    Category > 1       6.839     10.238      0.364    128.612
 GND5
    Category > 1      17.089     14.995      3.061     95.418
 GND6
    Category > 1      16.729     57.187      0.021  13589.861

Latent Class 2 Compared to Latent Class 6

 GND1
    Category > 1       2.226      2.212      0.317     15.616
 GND2
    Category > 1       1.080      1.136      0.137      8.497
 GND3
    Category > 1      14.982     18.618      1.312    171.130
 GND4
    Category > 1      14.037     23.691      0.514    383.599
 GND5
    Category > 1       2.153      3.017      0.138     33.560
 GND6
    Category > 1    2276.227  37840.047      0.000  *********

Latent Class 3 Compared to Latent Class 4

 GND1
    Category > 1       0.000      0.000      0.000      0.000
 GND2
    Category > 1       0.015      0.011      0.004      0.064
 GND3
    Category > 1       0.006      0.005      0.001      0.038
 GND4
    Category > 1       0.102      0.108      0.013      0.808
 GND5
    Category > 1       0.548      1.415      0.003     86.226
 GND6
    Category > 1       0.006      0.008      0.001      0.077

Latent Class 3 Compared to Latent Class 5

 GND1
    Category > 1       1.000      0.000      1.000      1.000
 GND2
    Category > 1       0.053      0.045      0.010      0.279
 GND3
    Category > 1   20505.877      0.000  20505.879  20505.879
 GND4
    Category > 1       0.036      0.013      0.017      0.073
 GND5
    Category > 1       0.059      0.021      0.030      0.117
 GND6
    Category > 1       0.011      0.007      0.003      0.040

Latent Class 3 Compared to Latent Class 6

 GND1
    Category > 1       0.000      0.000      0.000      0.000
 GND2
    Category > 1       0.001      0.001      0.000      0.006
 GND3
    Category > 1       0.025      0.021      0.005      0.127
 GND4
    Category > 1       0.073      0.048      0.020      0.268
 GND5
    Category > 1       0.007      0.008      0.001      0.056
 GND6
    Category > 1       1.548     25.652      0.000  *********

Latent Class 4 Compared to Latent Class 5

 GND1
    Category > 1   *********      0.000  *********  *********
 GND2
    Category > 1       3.497      2.867      0.701     17.440
 GND3
    Category > 1   *********      0.000  *********  *********
 GND4
    Category > 1       0.347      0.388      0.039      3.110
 GND5
    Category > 1       0.108      0.286      0.001     19.612
 GND6
    Category > 1       1.789      2.688      0.094     33.995

Latent Class 4 Compared to Latent Class 6

 GND1
    Category > 1       0.139      0.185      0.010      1.905
 GND2
    Category > 1       0.064      0.055      0.012      0.342
 GND3
    Category > 1       4.424      5.706      0.353     55.421
 GND4
    Category > 1       0.712      1.010      0.044     11.454
 GND5
    Category > 1       0.014      0.039      0.000      3.938
 GND6
    Category > 1     243.422   4023.590      0.000  *********

Latent Class 5 Compared to Latent Class 6

 GND1
    Category > 1       0.000      0.000      0.000      0.000
 GND2
    Category > 1       0.018      0.017      0.003      0.116
 GND3
    Category > 1       0.000      0.000      0.000      0.000
 GND4
    Category > 1       2.052      1.560      0.463      9.108
 GND5
    Category > 1       0.126      0.141      0.014      1.135
 GND6
    Category > 1     136.061   2279.593      0.000  *********


QUALITY OF NUMERICAL RESULTS

     Condition Number for the Information Matrix              0.185E-04
       (ratio of smallest to largest eigenvalue)


MODEL COMMAND WITH FINAL ESTIMATES USED AS STARTING VALUES

     %OVERALL%

     [ c#1*1.37120 ];
     [ c#2*0.40493 ];
     [ c#3*4.76442 ];
     [ c#4*1.38222 ];
     [ c#5*2.26992 ];

     %C#1%

     [ gnd1$1*2.98186 ];
     [ gnd2$1*15 ];
     [ gnd3$1*-15 ];
     [ gnd4$1*-15 ];
     [ gnd5$1*1.30474 ];
     [ gnd6$1*-1.21408 ];

     %C#2%

     [ gnd1$1*-1.05174 ];
     [ gnd2$1*-1.24967 ];
     [ gnd3$1*-1.33406 ];
     [ gnd4$1*-1.67446 ];
     [ gnd5$1*-1.69495 ];
     [ gnd6$1*-3.90241 ];

     %C#3%

     [ gnd1$1*15 ];
     [ gnd2$1*5.75903 ];
     [ gnd3$1*5.07153 ];
     [ gnd4$1*3.58419 ];
     [ gnd5$1*3.97072 ];
     [ gnd6$1*3.39123 ];

     %C#4%

     [ gnd1$1*1.72409 ];
     [ gnd2$1*1.57280 ];
     [ gnd3$1*-0.11416 ];
     [ gnd4$1*1.30626 ];
     [ gnd5$1*3.36981 ];
     [ gnd6$1*-1.66693 ];

     %C#5%

     [ gnd1$1*15 ];
     [ gnd2$1*2.82461 ];
     [ gnd3$1*15 ];
     [ gnd4$1*0.24820 ];
     [ gnd5$1*1.14350 ];
     [ gnd6$1*-1.08524 ];

     %C#6%

     [ gnd1$1*-0.25161 ];
     [ gnd2$1*-1.17314 ];
     [ gnd3$1*1.37282 ];
     [ gnd4$1*0.96725 ];
     [ gnd5$1*-0.92793 ];
     [ gnd6$1*3.82787 ];



TECHNICAL 10 OUTPUT


     MODEL FIT INFORMATION FOR THE LATENT CLASS INDICATOR MODEL PART


     RESPONSE PATTERNS

     No.  Pattern    No.  Pattern    No.  Pattern    No.  Pattern
       1  000000       2  000001       3  000010       4  000011
       5  000100       6  000101       7  000110       8  000111
       9  001000      10  001001      11  001010      12  001011
      13  001100      14  001101      15  001110      16  001111
      17  010000      18  010001      19  010010      20  010100
      21  010101      22  010110      23  010111      24  011000
      25  011001      26  011010      27  011011      28  011101
      29  011111      30  100000      31  100001      32  100010
      33  100101      34  100110      35  100111      36  101001
      37  101010      38  101011      39  101100      40  101101
      41  101110      42  101111      43  110000      44  110001
      45  110010      46  110011      47  110100      48  110111
      49  111001      50  111010      51  111101      52  111110
      53  111111      54  0000*0      55  0000*1      56  0001*0
      57  1011*1      58  1101*1      59  00000*      60  00110*
      61  00**0*      62  0000**      63  00*000      64  00*001
      65  00*100      66  00*101      67  00*110      68  00*111
      69  01*101      70  10*101      71  *00011      72  *01101
      73  *11111      74  0*0000      75  0*0011      76  0*0100
      77  0*1100      78  000*00      79  000*10      80  000***
      81  0**000      82  0*00*0      83  00**00


     RESPONSE PATTERN FREQUENCIES AND CHI-SQUARE CONTRIBUTIONS

    Response          Frequency     Standardized  Chi-square Contribution
     Pattern    Observed  Estimated   Residual    Pearson   Loglikelihood  Deleted
                                     (z-score)
         1      2435.84    2423.53       0.53       0.00        -0.25
         2       163.07     164.60      -0.12       0.00        -0.33
         3        53.42      53.28       0.02       0.00         0.47
         4        22.31      22.96      -0.13      -0.11         2.14
         5        82.40      84.79      -0.25       0.00         0.14
         6        57.17      58.11      -0.12       0.01        -1.43
         7         6.28       7.11      -0.30       0.03        -0.28
         8        16.36      16.67      -0.07       0.00        -0.35
         9        19.60      19.13       0.10       0.00         0.21
        10        22.35      21.70       0.13       0.01         0.52
        11         0.28       0.66      -0.46       0.23        -0.50
        12         0.78       0.94      -0.16       0.03        -0.32
        13        16.03      16.63      -0.14      -0.05         0.91
        14        54.31      56.75      -0.32       0.04        -1.11
        15         3.39       4.25      -0.40       0.16        -1.07
        16        15.69      15.05       0.16       0.03         1.54
        17        10.99      10.80       0.05       0.00        -0.09
        18         9.24       8.09       0.39       0.16         2.06
        19         2.17       3.61      -0.73       0.58        -2.31
        20         1.77       1.88      -0.08       0.01        -0.28
        21         4.04       4.27      -0.11      -0.08         0.78
        22         3.19       1.50       1.32       1.89         4.65
        23         2.78       2.00       0.53       0.30         1.70
        24         3.15       1.18       1.75       3.29         6.05
        25         2.74       4.53      -0.81       0.71        -2.87
        26         1.00       0.81       0.20       0.04         0.37
        27         2.14       0.86       1.33       1.89         3.80
        28         1.70       1.87      -0.12      -0.02         0.19
        29         2.49       3.77      -0.64       0.43        -1.92
        30         0.98       1.11      -0.12       0.02        -0.29
        31         3.12       3.40      -0.15       0.02        -0.68
        32         0.69       1.23      -0.47       0.24        -0.83
        33         1.29       1.06       0.21      -0.02         1.10
        34         0.98       0.48       0.70       0.52         1.35
        35         0.96       0.85       0.12       0.02         0.21
        36         4.81       3.88       0.46       0.22         1.86
        37         0.99       0.34       1.08       1.24         2.08
        38         1.76       0.71       1.20       1.55         3.11
        39         1.12       1.02       0.10       0.01         0.18
        40         2.71       4.16      -0.69      -0.04         0.08
        41         0.60       0.39       0.33       0.12         0.50
        42         2.26       3.79      -0.76       0.58        -1.79
        43         1.98       1.67       0.23       0.06         0.58
        44         0.85       0.83       0.02       0.00         0.01
        45         5.35       3.91       0.70       0.53         3.13
        46         1.22       0.63       0.71       0.54         1.54
        47         1.00       0.63       0.45       0.22         0.88
        48         1.54       2.84      -0.75       0.05        -0.08
        49         1.52       1.16       0.33       0.11         0.77
        50         0.78       1.03      -0.24       0.06        -0.47
        51         2.42       2.17       0.16       0.03         0.42
        52         0.91       0.59       0.40       0.17         0.74
        53        12.29      10.67       0.48       0.24         4.18
        54        13.37      16.77      -1.82       0.00         0.00
        55         3.99       1.27       2.40       0.06         0.04
        56         1.20       0.62       0.72       0.00         0.00
        57         0.92       0.05       3.61      -2.73        -0.29
        58         1.30       0.02       7.92     -19.77        -0.65
        59        10.68       9.84       0.65       0.00         0.00
        60         0.99       0.28       1.31       0.00         0.00
        61         0.86       0.80       0.25       0.00         0.00
        62         1.98       1.72       0.53       0.00         0.00
        63         4.99      12.44      -4.51       0.00         0.00
        64         0.79       0.95      -0.17       0.00         0.00
        65         2.60       0.52       2.85       0.07         0.03
        66         2.92       0.59       3.00      -0.16        -0.07
        67         0.94       0.06       3.54      -1.12        -0.13
        68         0.96       0.16       1.93       0.10         0.03
        69         1.08       0.03       5.74       3.01         0.18
        70         1.34       0.03       7.77       7.25         0.30
        71         0.99       0.02       6.52       1.64         0.07
        72         0.98       0.05       3.86      -0.15        -0.02
        73         0.77       0.01       6.46       2.34         0.08
        74         1.05       2.71      -2.13       0.00         0.00
        75         0.79       0.03       4.43      -0.46        -0.03
        76         0.80       0.10       2.20      -0.01         0.00
        77         0.78       0.02       5.37       0.23         0.01
        78         6.90       6.50       0.36       0.00         0.00
        79         1.05       0.16       2.19       0.01         0.00
        80         1.00       0.92       0.28       0.00         0.00
        81         0.99       0.79       0.48       0.00         0.00
        82         0.99       0.80       0.46       0.00         0.00
        83         1.18       0.98       0.48       0.00         0.00

     THE TOTAL PEARSON CHI-SQUARE CONTRIBUTION FROM EMPTY CELLS IS         8.90


     UNIVARIATE MODEL FIT INFORMATION

                               Estimated Probabilities
                                                  Standardized
     Variable              H1           H0          Residual
                                                   (z-score)
     GND1
       Category 1        0.982        0.982          -0.008
       Category 2        0.018        0.018           0.008
       Univariate Pearson Chi-Square                  0.000
       Univariate Log-Likelihood Chi-Square           0.000
     GND2
       Category 1        0.974        0.974           0.008
       Category 2        0.026        0.026          -0.008
       Univariate Pearson Chi-Square                  0.000
       Univariate Log-Likelihood Chi-Square           0.000
     GND3
       Category 1        0.941        0.941           0.008
       Category 2        0.059        0.059          -0.008
       Univariate Pearson Chi-Square                  0.000
       Univariate Log-Likelihood Chi-Square           0.000
     GND4
       Category 1        0.900        0.900           0.000
       Category 2        0.100        0.100           0.000
       Univariate Pearson Chi-Square                  0.000
       Univariate Log-Likelihood Chi-Square           0.000
     GND5
       Category 1        0.946        0.946          -0.014
       Category 2        0.054        0.054           0.014
       Univariate Pearson Chi-Square                  0.000
       Univariate Log-Likelihood Chi-Square           0.000
     GND6
       Category 1        0.862        0.862           0.000
       Category 2        0.138        0.138           0.000
       Univariate Pearson Chi-Square                  0.000
       Univariate Log-Likelihood Chi-Square           0.000

       Overall Univariate Pearson Chi-Square                         0.000
       Overall Univariate Log-Likelihood Chi-Square                  0.000


     BIVARIATE MODEL FIT INFORMATION

                                              Estimated Probabilities
                                                                 Standardized
     Variable       Variable              H1           H0          Residual
                                                                  (z-score)
     GND1           GND2
       Category 1     Category 1        0.967        0.967          -0.010
       Category 1     Category 2        0.016        0.015           0.006
       Category 2     Category 1        0.008        0.008           0.034
       Category 2     Category 2        0.010        0.010          -0.019
       Bivariate Pearson Chi-Square                                  0.002
       Bivariate Log-Likelihood Chi-Square                           0.002
     GND1           GND3
       Category 1     Category 1        0.934        0.934           0.035
       Category 1     Category 2        0.048        0.049          -0.046
       Category 2     Category 1        0.007        0.007          -0.083
       Category 2     Category 2        0.011        0.011           0.077
       Bivariate Pearson Chi-Square                                  0.016
       Bivariate Log-Likelihood Chi-Square                           0.016
     GND1           GND4
       Category 1     Category 1        0.892        0.892           0.006
       Category 1     Category 2        0.090        0.090          -0.010
       Category 2     Category 1        0.008        0.008          -0.020
       Category 2     Category 2        0.010        0.010           0.028
       Bivariate Pearson Chi-Square                                  0.001
       Bivariate Log-Likelihood Chi-Square                           0.001
     GND1           GND5
       Category 1     Category 1        0.938        0.938           0.023
       Category 1     Category 2        0.044        0.044          -0.032
       Category 2     Category 1        0.008        0.008          -0.101
       Category 2     Category 2        0.010        0.010           0.099
       Bivariate Pearson Chi-Square                                  0.022
       Bivariate Log-Likelihood Chi-Square                           0.022
     GND1           GND6
       Category 1     Category 1        0.857        0.857           0.043
       Category 1     Category 2        0.125        0.125          -0.049
       Category 2     Category 1        0.005        0.005          -0.210
       Category 2     Category 2        0.013        0.013           0.143
       Bivariate Pearson Chi-Square                                  0.071
       Bivariate Log-Likelihood Chi-Square                           0.072
     GND2           GND3
       Category 1     Category 1        0.925        0.925          -0.033
       Category 1     Category 2        0.049        0.049           0.045
       Category 2     Category 1        0.015        0.015           0.086
       Category 2     Category 2        0.010        0.010          -0.115
       Bivariate Pearson Chi-Square                                  0.024
       Bivariate Log-Likelihood Chi-Square                           0.024
     GND2           GND4
       Category 1     Category 1        0.886        0.886           0.063
       Category 1     Category 2        0.088        0.088          -0.066
       Category 2     Category 1        0.014        0.014          -0.168
       Category 2     Category 2        0.012        0.012           0.175
       Bivariate Pearson Chi-Square                                  0.067
       Bivariate Log-Likelihood Chi-Square                           0.067
     GND2           GND5
       Category 1     Category 1        0.932        0.932          -0.059
       Category 1     Category 2        0.042        0.042           0.080
       Category 2     Category 1        0.014        0.013           0.101
       Category 2     Category 2        0.012        0.012          -0.116
       Bivariate Pearson Chi-Square                                  0.032
       Bivariate Log-Likelihood Chi-Square                           0.032
     GND2           GND6
       Category 1     Category 1        0.852        0.852          -0.046
       Category 1     Category 2        0.122        0.122           0.053
       Category 2     Category 1        0.010        0.010           0.164
       Category 2     Category 2        0.015        0.016          -0.141
       Bivariate Pearson Chi-Square                                  0.053
       Bivariate Log-Likelihood Chi-Square                           0.053
     GND3           GND4
       Category 1     Category 1        0.880        0.880          -0.018
       Category 1     Category 2        0.060        0.060           0.033
       Category 2     Category 1        0.020        0.020           0.043
       Category 2     Category 2        0.040        0.040          -0.040
       Bivariate Pearson Chi-Square                                  0.005
       Bivariate Log-Likelihood Chi-Square                           0.005
     GND3           GND5
       Category 1     Category 1        0.901        0.901          -0.008
       Category 1     Category 2        0.039        0.039           0.023
       Category 2     Category 1        0.044        0.044          -0.004
       Category 2     Category 2        0.015        0.015          -0.009
       Bivariate Pearson Chi-Square                                  0.001
       Bivariate Log-Likelihood Chi-Square                           0.001
     GND3           GND6
       Category 1     Category 1        0.846        0.846          -0.011
       Category 1     Category 2        0.094        0.094           0.020
       Category 2     Category 1        0.016        0.016           0.033
       Category 2     Category 2        0.044        0.044          -0.030
       Bivariate Pearson Chi-Square                                  0.002
       Bivariate Log-Likelihood Chi-Square                           0.002
     GND4           GND5
       Category 1     Category 1        0.869        0.869           0.030
       Category 1     Category 2        0.031        0.031          -0.057
       Category 2     Category 1        0.076        0.077          -0.050
       Category 2     Category 2        0.024        0.023           0.087
       Bivariate Pearson Chi-Square                                  0.014
       Bivariate Log-Likelihood Chi-Square                           0.014
     GND4           GND6
       Category 1     Category 1        0.822        0.822           0.010
       Category 1     Category 2        0.078        0.078          -0.013
       Category 2     Category 1        0.040        0.040          -0.018
       Category 2     Category 2        0.060        0.060           0.015
       Bivariate Pearson Chi-Square                                  0.001
       Bivariate Log-Likelihood Chi-Square                           0.001
     GND5           GND6
       Category 1     Category 1        0.836        0.836           0.022
       Category 1     Category 2        0.110        0.110          -0.037
       Category 2     Category 1        0.026        0.026          -0.050
       Category 2     Category 2        0.028        0.028           0.069
       Bivariate Pearson Chi-Square                                  0.009
       Bivariate Log-Likelihood Chi-Square                           0.009

       Overall Bivariate Pearson Chi-Square                          0.320
       Overall Bivariate Log-Likelihood Chi-Square                   0.321


TECHNICAL 11 OUTPUT

     Random Starts Specifications for the k-1 Class Analysis Model
        Number of initial stage random starts                1000
        Number of final stage optimizations                   250



     VUONG-LO-MENDELL-RUBIN LIKELIHOOD RATIO TEST FOR 5 (H0) VERSUS 6 CLASSES

          H0 Loglikelihood Value                        -3449.790
          2 Times the Loglikelihood Difference             15.442
          Difference in the Number of Parameters                7
          Mean                                              7.756
          Standard Deviation                               47.687
          P-Value                                          0.4172

     LO-MENDELL-RUBIN ADJUSTED LRT TEST

          Value                                            15.173
          P-Value                                          0.4199


SAVEDATA INFORMATION


  Save file
    Prob_FIN_GNDlca_C3cl6.dat

  Order and format of variables

    GND1           F10.3
    GND2           F10.3
    GND3           F10.3
    GND4           F10.3
    GND5           F10.3
    GND6           F10.3
    CPROB1         F10.3
    CPROB2         F10.3
    CPROB3         F10.3
    CPROB4         F10.3
    CPROB5         F10.3
    CPROB6         F10.3
    C              F10.3
    WS             F10.3
    IDSTUD         I9
    ID_S           I4
    ID_J           I4

  Save file format
    14F10.3 I9 2I4

  Save file record length    10000

  Save missing symbol        *


     Beginning Time:  22:29:50
        Ending Time:  22:29:54
       Elapsed Time:  00:00:04



MUTHEN & MUTHEN
3463 Stoner Ave.
Los Angeles, CA  90066

Tel: (310) 391-9971
Fax: (310) 391-8971
Web: www.StatModel.com
Support: Support@StatModel.com

Copyright (c) 1998-2020 Muthen & Muthen
