Mplus VERSION 8.5 (Mac)
MUTHEN & MUTHEN
04/07/2021  10:29 PM

INPUT INSTRUCTIONS

  TITLE: FINGND LCA - C3 with 4 classes;
  DATA:
  FILE = GNDDtaC3.dat;

  VARIABLE:
  NAMES = id_i
  id_j
  id_r
  id_s
  id_k
  wt
  ws
  GND1
  GND2
  GND3
  GND4
  GND5
  GND6
  IDSTUD;
  IDVARIABLE = IDSTUD;
  USEVARIABLES = GND1
  GND2
  GND3
  GND4
  GND5
  GND6;
  USEOBSERVATIONS ARE id_k EQ 5;
  CATEGORICAL = GND1
  GND2
  GND3
  GND4
  GND5
  GND6;
  MISSING = .;
  CLASSES = c(4);
  WEIGHT = ws;
  STRATIFICATION = id_s;
  CLUSTER = id_j;

  ANALYSIS:
  TYPE = COMPLEX MIXTURE;
  PROCESSORS = 4;
  STARTS = 1000 250;
  STITERATIONS = 20;
  STSEED = 288;

  MODEL:
  %OVERALL%

  OUTPUT:
  TECH10
  TECH11
  SVALUES
  ;

  SAVEDATA:
  FILE = Prob_FIN_GNDlca_C3cl4.dat;
  SAVE = CPROBABILITIES;



*** WARNING in VARIABLE command
  When a subpopulation is analyzed with TYPE=COMPLEX, standard errors
  may be incorrect.  Use the SUBPOPULATION option instead of the
  USEOBSERVATIONS option to obtain correct standard errors.
*** WARNING
  Data set contains cases with missing on all variables.
  These cases were not included in the analysis.
  Number of cases with missing on all variables:  35
   2 WARNING(S) FOUND IN THE INPUT INSTRUCTIONS



FINGND LCA - C3 with 4 classes;

SUMMARY OF ANALYSIS

Number of groups                                                 1
Number of observations                                        3138

Number of dependent variables                                    6
Number of independent variables                                  0
Number of continuous latent variables                            0
Number of categorical latent variables                           1

Observed dependent variables

  Binary and ordered categorical (ordinal)
   GND1        GND2        GND3        GND4        GND5        GND6

Categorical latent variables
   C

Variables with special functions

  Stratification        ID_S
  Cluster variable      ID_J
  Weight variable       WS
  ID variable           IDSTUD

Estimator                                                      MLR
Information matrix                                        OBSERVED
Optimization Specifications for the Quasi-Newton Algorithm for
Continuous Outcomes
  Maximum number of iterations                                 100
  Convergence criterion                                  0.100D-05
Optimization Specifications for the EM Algorithm
  Maximum number of iterations                                 500
  Convergence criteria
    Loglikelihood change                                 0.100D-06
    Relative loglikelihood change                        0.100D-06
    Derivative                                           0.100D-05
Optimization Specifications for the M step of the EM Algorithm for
Categorical Latent variables
  Number of M step iterations                                    1
  M step convergence criterion                           0.100D-05
  Basis for M step termination                           ITERATION
Optimization Specifications for the M step of the EM Algorithm for
Censored, Binary or Ordered Categorical (Ordinal), Unordered
Categorical (Nominal) and Count Outcomes
  Number of M step iterations                                    1
  M step convergence criterion                           0.100D-05
  Basis for M step termination                           ITERATION
  Maximum value for logit thresholds                            15
  Minimum value for logit thresholds                           -15
  Minimum expected cell size for chi-square              0.100D-01
Maximum number of iterations for H1                           2000
Convergence criterion for H1                             0.100D-03
Optimization algorithm                                         EMA
Random Starts Specifications
  Number of initial stage random starts                       1000
  Number of final stage optimizations                          250
  Number of initial stage iterations                            20
  Initial stage convergence criterion                    0.100D+01
  Random starts scale                                    0.500D+01
  Random seed for generating random starts                     288
Link                                                         LOGIT

Input data file(s)
  GNDDtaC3.dat
Input data format  FREE


SUMMARY OF DATA

     Number of missing data patterns            13
     Number of y missing data patterns           0
     Number of u missing data patterns          13
     Number of strata                           75
     Number of clusters                        179


COVARIANCE COVERAGE OF DATA

Minimum covariance coverage value   0.100


     PROPORTION OF DATA PRESENT FOR U


           Covariance Coverage
              GND1          GND2          GND3          GND4          GND5
              ________      ________      ________      ________      ________
 GND1           0.999
 GND2           0.997         0.998
 GND3           0.993         0.992         0.994
 GND4           0.996         0.995         0.991         0.996
 GND5           0.991         0.990         0.986         0.989         0.992
 GND6           0.994         0.993         0.989         0.992         0.988


           Covariance Coverage
              GND6
              ________
 GND6           0.995


UNIVARIATE PROPORTIONS AND COUNTS FOR CATEGORICAL VARIABLES

    GND1
      Category 1    0.982         3079.555
      Category 2    0.018           55.700
    GND2
      Category 1    0.974         3052.190
      Category 2    0.026           80.408
    GND3
      Category 1    0.942         2937.072
      Category 2    0.058          182.263
    GND4
      Category 1    0.900         2813.752
      Category 2    0.100          313.265
    GND5
      Category 1    0.946         2945.147
      Category 2    0.054          168.101
    GND6
      Category 1    0.862         2691.727
      Category 2    0.138          430.761


RANDOM STARTS RESULTS RANKED FROM THE BEST TO THE WORST LOGLIKELIHOOD VALUES

Final stage loglikelihood values at local maxima, seeds, and initial stage start numbers:

           -3460.653  159935           713
           -3460.653  789068           174
           -3460.653  831668           932
           -3460.653  703404           63
           -3460.653  219014           75
           -3460.653  660636           718
           -3460.653  18935            558
           -3460.653  768581           657
           -3460.653  858588           621
           -3460.653  728622           648
           -3460.653  529186           368
           -3460.653  119252           943
           -3460.653  790562           348
           -3460.653  836620           612
           -3460.653  895718           620
           -3460.653  895776           412
           -3460.653  314295           365
           -3460.653  328337           524
           -3460.653  496516           316
           -3460.653  646105           304
           -3460.653  427416           339
           -3460.653  300853           177
           -3460.653  692037           314
           -3460.653  547800           794
           -3460.653  840324           396
           -3460.653  695057           773
           -3460.653  602610           203
           -3460.653  544679           986
           -3460.653  890296           636
           -3460.653  692130           727
           -3460.653  54642            968
           -3460.653  811896           275
           -3460.653  747600           691
           -3460.653  509661           191
           -3460.653  552432           839
           -3460.653  223610           725
           -3460.653  759491           164
           -3460.653  613990           76
           -3461.381  741179           79
           -3463.365  596921           632
           -3463.885  333435           120
           -3463.885  125830           187
           -3463.885  742602           131
           -3463.885  341151           77
           -3463.885  943837           646
           -3463.885  616518           448
           -3463.885  808818           46
           -3463.885  653521           202
           -3463.885  339904           18
           -3463.885  73135            288
           -3463.885  513056           385
           -3463.885  14684            408
           -3463.885  687662           201
           -3463.885  47928            36
           -3463.885  759317           180
           -3463.885  578065           8
           -3463.885  889701           681
           -3463.885  641878           115
           -3463.885  369474           935
           -3464.169  365939           33
           -3464.169  901673           34
           -3464.348  95507            189
           -3464.348  403376           842
           -3464.348  983906           53
           -3464.349  684891           629
           -3464.349  313816           213
           -3464.349  303586           738
           -3464.741  654018           210
           -3464.741  216144           158
           -3464.741  56334            616
           -3464.741  591912           901
           -3465.264  341891           332
           -3465.704  504083           19
           -3466.069  295469           313
           -3466.170  550795           779

175 perturbed starting value run(s) did not converge or were rejected in the third stage.



THE BEST LOGLIKELIHOOD VALUE HAS BEEN REPLICATED.  RERUN WITH AT LEAST TWICE THE
RANDOM STARTS TO CHECK THAT THE BEST LOGLIKELIHOOD IS STILL OBTAINED AND REPLICATED.

     IN THE OPTIMIZATION, ONE OR MORE LOGIT THRESHOLDS APPROACHED EXTREME VALUES
     OF -15.000 AND 15.000 AND WERE FIXED TO STABILIZE MODEL ESTIMATION.  THESE
     VALUES IMPLY PROBABILITIES OF 0 AND 1.  IN THE MODEL RESULTS SECTION, THESE
     PARAMETERS HAVE 0 STANDARD ERRORS AND 999 IN THE Z-SCORE AND P-VALUE COLUMNS.


     WARNING:  THE VARIANCE CONTRIBUTION FROM A STRATUM WITH A SINGLE CLUSTER
     (PSU) IS BASED ON THE DIFFERENCE BETWEEN THE SINGLE CLUSTER VALUE AND
     THE OVERALL CLUSTER MEAN.




THE MODEL ESTIMATION TERMINATED NORMALLY



MODEL FIT INFORMATION

Number of Free Parameters                       27

Loglikelihood

          H0 Value                       -3460.653
          H0 Scaling Correction Factor      1.4460
            for MLR

Information Criteria

          Akaike (AIC)                    6975.306
          Bayesian (BIC)                  7138.692
          Sample-Size Adjusted BIC        7052.902
            (n* = (n + 2) / 24)

Chi-Square Test of Model Fit for the Binary and Ordered Categorical
(Ordinal) Outcomes

          Pearson Chi-Square

          Value                             81.147
          Degrees of Freedom                    36
          P-Value                           0.0000

          Likelihood Ratio Chi-Square

          Value                             61.660
          Degrees of Freedom                    36
          P-Value                           0.0049

Chi-Square Test for MCAR under the Unrestricted Latent Class Indicator Model

          Pearson Chi-Square

          Value                            384.951
          Degrees of Freedom                   260
          P-Value                           0.0000

          Likelihood Ratio Chi-Square

          Value                            101.703
          Degrees of Freedom                   260
          P-Value                           1.0000



FINAL CLASS COUNTS AND PROPORTIONS FOR THE LATENT CLASSES
BASED ON THE ESTIMATED MODEL

    Latent
   Classes

       1         21.83870          0.00696
       2       2762.87791          0.88046
       3         55.84894          0.01780
       4        297.43444          0.09478


FINAL CLASS COUNTS AND PROPORTIONS FOR THE LATENT CLASSES
BASED ON ESTIMATED POSTERIOR PROBABILITIES

    Latent
   Classes

       1         21.83870          0.00696
       2       2762.87791          0.88046
       3         55.84894          0.01780
       4        297.43444          0.09478


FINAL CLASS COUNTS AND PROPORTIONS FOR THE LATENT CLASSES
BASED ON THEIR MOST LIKELY LATENT CLASS MEMBERSHIP

Class Counts and Proportions

    Latent
   Classes

       1               24          0.00764
       2             2820          0.89858
       3               41          0.01299
       4              254          0.08079


CLASSIFICATION QUALITY

     Entropy                         0.923


Average Latent Class Probabilities for Most Likely Latent Class Membership (Row)
by Latent Class (Column)

           1        2        3        4

    1   0.850    0.000    0.062    0.088
    2   0.000    0.975    0.004    0.021
    3   0.001    0.019    0.808    0.173
    4   0.006    0.050    0.040    0.904


Classification Probabilities for the Most Likely Latent Class Membership (Column)
by Latent Class (Row)

           1        2        3        4

    1   0.933    0.000    0.002    0.065
    2   0.000    0.995    0.000    0.005
    3   0.027    0.202    0.590    0.181
    4   0.007    0.198    0.024    0.771


Logits for the Classification Probabilities for the Most Likely Latent Class Membership (Column)
by Latent Class (Row)

              1        2        3        4

    1      2.665   -8.813   -3.726    0.000
    2     -8.434    5.377   -2.818    0.000
    3     -1.916    0.110    1.179    0.000
    4     -4.693   -1.357   -3.484    0.000


MODEL RESULTS

                                                    Two-Tailed
                    Estimate       S.E.  Est./S.E.    P-Value

Latent Class 1

 Thresholds
    GND1$1            -2.133      1.289     -1.655      0.098
    GND2$1            -2.158      1.352     -1.596      0.110
    GND3$1            -2.004      1.242     -1.613      0.107
    GND4$1           -15.000      0.000    999.000    999.000
    GND5$1            -2.016      0.840     -2.399      0.016
    GND6$1            -3.214      1.395     -2.304      0.021

Latent Class 2

 Thresholds
    GND1$1            15.000      0.000    999.000    999.000
    GND2$1             6.086      1.115      5.461      0.000
    GND3$1             5.298      0.408     12.987      0.000
    GND4$1             3.550      0.155     22.840      0.000
    GND5$1             3.819      0.138     27.614      0.000
    GND6$1             2.849      0.154     18.509      0.000

Latent Class 3

 Thresholds
    GND1$1             0.716      1.532      0.468      0.640
    GND2$1            -0.971      3.038     -0.319      0.749
    GND3$1             1.148      0.508      2.262      0.024
    GND4$1             1.316      0.957      1.375      0.169
    GND5$1             0.294      0.856      0.344      0.731
    GND6$1             0.254      1.743      0.146      0.884

Latent Class 4

 Thresholds
    GND1$1             2.705      0.608      4.451      0.000
    GND2$1             2.984      2.109      1.415      0.157
    GND3$1             0.122      0.371      0.330      0.742
    GND4$1            -0.765      0.700     -1.093      0.274
    GND5$1             1.223      0.277      4.406      0.000
    GND6$1            -1.345      0.257     -5.225      0.000

Categorical Latent Variables

 Means
    C#1               -2.612      0.484     -5.391      0.000
    C#2                2.229      0.387      5.753      0.000
    C#3               -1.673      2.093     -0.799      0.424


RESULTS IN PROBABILITY SCALE

Latent Class 1

 GND1
    Category 1         0.106      0.122      0.868      0.386
    Category 2         0.894      0.122      7.323      0.000
 GND2
    Category 1         0.104      0.126      0.825      0.409
    Category 2         0.896      0.126      7.142      0.000
 GND3
    Category 1         0.119      0.130      0.913      0.361
    Category 2         0.881      0.130      6.779      0.000
 GND4
    Category 1         0.000      0.000      0.000      1.000
    Category 2         1.000      0.000      0.000      1.000
 GND5
    Category 1         0.118      0.087      1.349      0.177
    Category 2         0.882      0.087     10.123      0.000
 GND6
    Category 1         0.039      0.052      0.746      0.456
    Category 2         0.961      0.052     18.549      0.000

Latent Class 2

 GND1
    Category 1         1.000      0.000      0.000      1.000
    Category 2         0.000      0.000      0.000      1.000
 GND2
    Category 1         0.998      0.003    395.532      0.000
    Category 2         0.002      0.003      0.899      0.369
 GND3
    Category 1         0.995      0.002    492.573      0.000
    Category 2         0.005      0.002      2.463      0.014
 GND4
    Category 1         0.972      0.004    230.433      0.000
    Category 2         0.028      0.004      6.618      0.000
 GND5
    Category 1         0.979      0.003    336.571      0.000
    Category 2         0.021      0.003      7.390      0.000
 GND6
    Category 1         0.945      0.008    118.701      0.000
    Category 2         0.055      0.008      6.873      0.000

Latent Class 3

 GND1
    Category 1         0.672      0.338      1.989      0.047
    Category 2         0.328      0.338      0.971      0.331
 GND2
    Category 1         0.275      0.605      0.454      0.650
    Category 2         0.725      0.605      1.198      0.231
 GND3
    Category 1         0.759      0.093      8.182      0.000
    Category 2         0.241      0.093      2.595      0.009
 GND4
    Category 1         0.788      0.160      4.942      0.000
    Category 2         0.212      0.160      1.326      0.185
 GND5
    Category 1         0.573      0.209      2.737      0.006
    Category 2         0.427      0.209      2.040      0.041
 GND6
    Category 1         0.563      0.429      1.313      0.189
    Category 2         0.437      0.429      1.019      0.308

Latent Class 4

 GND1
    Category 1         0.937      0.036     26.254      0.000
    Category 2         0.063      0.036      1.755      0.079
 GND2
    Category 1         0.952      0.097      9.845      0.000
    Category 2         0.048      0.097      0.498      0.618
 GND3
    Category 1         0.531      0.092      5.739      0.000
    Category 2         0.469      0.092      5.078      0.000
 GND4
    Category 1         0.318      0.152      2.094      0.036
    Category 2         0.682      0.152      4.500      0.000
 GND5
    Category 1         0.773      0.049     15.842      0.000
    Category 2         0.227      0.049      4.665      0.000
 GND6
    Category 1         0.207      0.042      4.899      0.000
    Category 2         0.793      0.042     18.793      0.000


LATENT CLASS ODDS RATIO RESULTS

                                                95% C.I.
                    Estimate       S.E.  Lower 2.5% Upper 2.5%

Latent Class 1 Compared to Latent Class 2

 GND1
    Category > 1   *********      0.000  *********  *********
 GND2
    Category > 1    3805.986   6143.450    160.869  90045.781
 GND3
    Category > 1    1483.955   1896.200    121.265  18159.629
 GND4
    Category > 1   *********      0.000  *********  *********
 GND5
    Category > 1     341.853    292.588     63.869   1829.730
 GND6
    Category > 1     429.601    611.571     26.381   6995.854

Latent Class 1 Compared to Latent Class 3

 GND1
    Category > 1      17.277     24.696      1.049    284.575
 GND2
    Category > 1       3.278      9.973      0.008   1274.837
 GND3
    Category > 1      23.400     32.482      1.540    355.471
 GND4
    Category > 1   *********      0.000  *********  *********
 GND5
    Category > 1      10.071     11.104      1.160     87.419
 GND6
    Category > 1      32.057     76.951      0.290   3541.853

Latent Class 1 Compared to Latent Class 4

 GND1
    Category > 1     126.243    151.308     12.050   1322.606
 GND2
    Category > 1     170.992    391.103      1.932  15133.356
 GND3
    Category > 1       8.388      9.659      0.878     80.140
 GND4
    Category > 1   *********      0.000  *********  *********
 GND5
    Category > 1      25.489     21.945      4.715    137.794
 GND6
    Category > 1       6.484      9.326      0.387    108.688

Latent Class 2 Compared to Latent Class 3

 GND1
    Category > 1       0.000      0.000      0.000      0.000
 GND2
    Category > 1       0.001      0.002      0.000      0.152
 GND3
    Category > 1       0.016      0.010      0.005      0.055
 GND4
    Category > 1       0.107      0.103      0.016      0.710
 GND5
    Category > 1       0.029      0.025      0.006      0.155
 GND6
    Category > 1       0.075      0.122      0.003      1.854

Latent Class 2 Compared to Latent Class 4

 GND1
    Category > 1       0.000      0.000      0.000      0.000
 GND2
    Category > 1       0.045      0.076      0.002      1.220
 GND3
    Category > 1       0.006      0.003      0.002      0.016
 GND4
    Category > 1       0.013      0.010      0.003      0.056
 GND5
    Category > 1       0.075      0.023      0.041      0.136
 GND6
    Category > 1       0.015      0.004      0.009      0.025

Latent Class 3 Compared to Latent Class 4

 GND1
    Category > 1       7.307      8.704      0.708     75.457
 GND2
    Category > 1      52.163     73.787      3.261    834.531
 GND3
    Category > 1       0.358      0.219      0.108      1.186
 GND4
    Category > 1       0.125      0.078      0.037      0.422
 GND5
    Category > 1       2.531      1.840      0.608     10.527
 GND6
    Category > 1       0.202      0.341      0.007      5.493


QUALITY OF NUMERICAL RESULTS

     Condition Number for the Information Matrix              0.987E-03
       (ratio of smallest to largest eigenvalue)


MODEL COMMAND WITH FINAL ESTIMATES USED AS STARTING VALUES

     %OVERALL%

     [ c#1*-2.61151 ];
     [ c#2*2.22883 ];
     [ c#3*-1.67254 ];

     %C#1%

     [ gnd1$1*-2.13297 ];
     [ gnd2$1*-2.15793 ];
     [ gnd3$1*-2.00438 ];
     [ gnd4$1*-15 ];
     [ gnd5$1*-2.01570 ];
     [ gnd6$1*-3.21384 ];

     %C#2%

     [ gnd1$1*15 ];
     [ gnd2$1*6.08640 ];
     [ gnd3$1*5.29808 ];
     [ gnd4$1*3.55011 ];
     [ gnd5$1*3.81868 ];
     [ gnd6$1*2.84902 ];

     %C#3%

     [ gnd1$1*0.71639 ];
     [ gnd2$1*-0.97069 ];
     [ gnd3$1*1.14835 ];
     [ gnd4$1*1.31568 ];
     [ gnd5$1*0.29399 ];
     [ gnd6$1*0.25367 ];

     %C#4%

     [ gnd1$1*2.70523 ];
     [ gnd2$1*2.98369 ];
     [ gnd3$1*0.12238 ];
     [ gnd4$1*-0.76503 ];
     [ gnd5$1*1.22253 ];
     [ gnd6$1*-1.34455 ];



TECHNICAL 10 OUTPUT


     MODEL FIT INFORMATION FOR THE LATENT CLASS INDICATOR MODEL PART


     RESPONSE PATTERNS

     No.  Pattern    No.  Pattern    No.  Pattern    No.  Pattern
       1  000000       2  000001       3  000010       4  000011
       5  000100       6  000101       7  000110       8  000111
       9  001000      10  001001      11  001010      12  001011
      13  001100      14  001101      15  001110      16  001111
      17  010000      18  010001      19  010010      20  010100
      21  010101      22  010110      23  010111      24  011000
      25  011001      26  011010      27  011011      28  011101
      29  011111      30  100000      31  100001      32  100010
      33  100101      34  100110      35  100111      36  101001
      37  101010      38  101011      39  101100      40  101101
      41  101110      42  101111      43  110000      44  110001
      45  110010      46  110011      47  110100      48  110111
      49  111001      50  111010      51  111101      52  111110
      53  111111      54  0000*0      55  0000*1      56  0001*0
      57  1011*1      58  1101*1      59  00000*      60  00110*
      61  00**0*      62  0000**      63  00*000      64  00*001
      65  00*100      66  00*101      67  00*110      68  00*111
      69  01*101      70  10*101      71  *00011      72  *01101
      73  *11111      74  0*0000      75  0*0011      76  0*0100
      77  0*1100      78  000*00      79  000*10      80  000***
      81  0**000      82  0*00*0      83  00**00


     RESPONSE PATTERN FREQUENCIES AND CHI-SQUARE CONTRIBUTIONS

    Response          Frequency     Standardized  Chi-square Contribution
     Pattern    Observed  Estimated   Residual    Pearson   Loglikelihood  Deleted
                                     (z-score)
         1      2435.84    2420.78       0.64       0.03         5.30
         2       163.07     167.95      -0.37       0.13        -6.90
         3        53.42      56.46      -0.39       0.16        -5.74
         4        22.31      12.08       2.84       8.53        30.79
         5        82.40      84.80      -0.26       0.00         0.12
         6        57.17      62.00      -0.60       0.38        -8.83
         7         6.28       6.33      -0.02      -0.06         1.17
         8        16.36      17.37      -0.23       0.06        -1.71
         9        19.60      18.86       0.17       0.02         0.77
        10        22.35      24.88      -0.49       0.25        -5.60
        11         0.28       2.54      -1.37       2.02        -1.24
        12         0.78       7.35      -2.34       5.87        -3.54
        13        16.03      13.79       0.58       0.29         6.90
        14        54.31      51.12       0.43       0.14        10.24
        15         3.39       4.05      -0.32       0.09        -0.75
        16        15.69      15.27       0.10       0.01         1.07
        17        10.99      10.98       0.00       0.00        -0.44
        18         9.24       5.66       1.45       2.26         8.65
        19         2.17       4.05      -0.90       0.88        -2.81
        20         1.77       2.30      -0.34       0.12        -0.98
        21         4.04       4.02       0.01      -0.09         1.26
        22         3.19       1.26       1.65       2.94         5.77
        23         2.78       1.86       0.65       0.45         2.11
        24         3.15       1.97       0.81       0.71         2.83
        25         2.74       2.47       0.17       0.03         0.45
        26         1.00       1.31      -0.26       0.07        -0.58
        27         2.14       1.30       0.72       0.55         2.06
        28         1.70       3.12      -0.77       0.60        -1.55
        29         2.49       2.53      -0.02       0.00         0.06
        30         0.98       1.42      -0.35       0.14        -0.77
        31         3.12       2.53       0.36       0.14         1.17
        32         0.69       0.85      -0.16       0.03        -0.31
        33         1.29       4.07      -1.33       1.83        -2.37
        34         0.98       0.49       0.67       0.48         1.30
        35         0.96       1.48      -0.41       0.18        -0.87
        36         4.81       1.82       2.14       4.93         9.15
        37         0.99       0.35       1.06       1.21         2.05
        38         1.76       0.64       1.34       1.94         3.46
        39         1.12       0.98       0.14       0.02         0.26
        40         2.71       3.67      -0.48      -0.29         0.77
        41         0.60       0.38       0.35       0.13         0.53
        42         2.26       2.53      -0.16       0.00         0.04
        43         1.98       2.53      -0.34       0.12        -1.07
        44         0.85       2.04      -0.80       0.69        -1.52
        45         5.35       1.88       2.44       6.42        10.96
        46         1.22       1.48      -0.21       0.04        -0.52
        47         1.00       0.73       0.30       0.10         0.58
        48         1.54       2.17      -0.41      -0.37         0.76
        49         1.52       0.70       0.95       0.97         2.30
        50         0.78       0.60       0.22       0.05         0.37
        51         2.42       2.04       0.26       0.07         0.71
        52         0.91       0.69       0.26       0.07         0.47
        53        12.29      12.97      -0.18       0.03        -0.63
        54        13.37      16.77      -1.82       0.00         0.00
        55         3.99       1.22       2.49       0.53         0.37
        56         1.20       0.62       0.73       0.01         0.02
        57         0.92       0.04       4.15       1.73         0.16
        58         1.30       0.02       8.48      -9.85        -0.30
        59        10.68       9.85       0.65       0.00        -0.01
        60         0.99       0.25       1.45       0.42         0.24
        61         0.86       0.80       0.25       0.00         0.00
        62         1.98       1.72       0.53       0.00         0.01
        63         4.99      12.43      -4.49      -0.01         0.01
        64         0.79       0.98      -0.20       0.01        -0.05
        65         2.60       0.50       2.91       0.43         0.18
        66         2.92       0.58       3.04       0.06         0.02
        67         0.94       0.05       3.72       0.31         0.04
        68         0.96       0.17       1.90      -0.06        -0.02
        69         1.08       0.04       5.30      -2.24        -0.15
        70         1.34       0.04       6.32     -14.69        -0.75
        71         0.99       0.01       8.74      37.99         1.20
        72         0.98       0.05       4.09       1.82         0.19
        73         0.77       0.01       6.22      -0.84        -0.03
        74         1.05       2.71      -2.13       0.00         0.00
        75         0.79       0.02       5.66      12.82         0.70
        76         0.80       0.10       2.19      -0.04        -0.01
        77         0.78       0.02       5.75       4.73         0.22
        78         6.90       6.49       0.37       0.00         0.01
        79         1.05       0.16       2.13      -0.25        -0.08
        80         1.00       0.92       0.28       0.00         0.00
        81         0.99       0.79       0.48       0.00         0.00
        82         0.99       0.80       0.46       0.00         0.00
        83         1.18       0.98       0.48       0.00         0.01

     THE TOTAL PEARSON CHI-SQUARE CONTRIBUTION FROM EMPTY CELLS IS        11.41


     UNIVARIATE MODEL FIT INFORMATION

                               Estimated Probabilities
                                                  Standardized
     Variable              H1           H0          Residual
                                                   (z-score)
     GND1
       Category 1        0.982        0.982           0.011
       Category 2        0.018        0.018          -0.011
       Univariate Pearson Chi-Square                  0.000
       Univariate Log-Likelihood Chi-Square           0.000
     GND2
       Category 1        0.974        0.974           0.026
       Category 2        0.026        0.026          -0.026
       Univariate Pearson Chi-Square                  0.001
       Univariate Log-Likelihood Chi-Square           0.001
     GND3
       Category 1        0.941        0.941          -0.026
       Category 2        0.059        0.059           0.026
       Univariate Pearson Chi-Square                  0.001
       Univariate Log-Likelihood Chi-Square           0.001
     GND4
       Category 1        0.900        0.900          -0.001
       Category 2        0.100        0.100           0.001
       Univariate Pearson Chi-Square                  0.000
       Univariate Log-Likelihood Chi-Square           0.000
     GND5
       Category 1        0.946        0.946          -0.046
       Category 2        0.054        0.054           0.046
       Univariate Pearson Chi-Square                  0.002
       Univariate Log-Likelihood Chi-Square           0.002
     GND6
       Category 1        0.862        0.862           0.001
       Category 2        0.138        0.138          -0.001
       Univariate Pearson Chi-Square                  0.000
       Univariate Log-Likelihood Chi-Square           0.000

       Overall Univariate Pearson Chi-Square                         0.004
       Overall Univariate Log-Likelihood Chi-Square                  0.004


     BIVARIATE MODEL FIT INFORMATION

                                              Estimated Probabilities
                                                                 Standardized
     Variable       Variable              H1           H0          Residual
                                                                  (z-score)
     GND1           GND2
       Category 1     Category 1        0.967        0.966           0.040
       Category 1     Category 2        0.016        0.016          -0.047
       Category 2     Category 1        0.008        0.008          -0.036
       Category 2     Category 2        0.010        0.010           0.018
       Bivariate Pearson Chi-Square                                  0.004
       Bivariate Log-Likelihood Chi-Square                           0.004
     GND1           GND3
       Category 1     Category 1        0.934        0.932           0.283
       Category 1     Category 2        0.048        0.050          -0.321
       Category 2     Category 1        0.007        0.008          -0.849
       Category 2     Category 2        0.011        0.010           0.774
       Bivariate Pearson Chi-Square                                  1.520
       Bivariate Log-Likelihood Chi-Square                           1.541
     GND1           GND4
       Category 1     Category 1        0.892        0.894          -0.206
       Category 1     Category 2        0.090        0.088           0.229
       Category 2     Category 1        0.008        0.006           0.789
       Category 2     Category 2        0.010        0.012          -0.607
       Bivariate Pearson Chi-Square                                  1.114
       Bivariate Log-Likelihood Chi-Square                           1.092
     GND1           GND5
       Category 1     Category 1        0.938        0.937           0.198
       Category 1     Category 2        0.044        0.045          -0.225
       Category 2     Category 1        0.008        0.009          -0.631
       Category 2     Category 2        0.010        0.009           0.594
       Bivariate Pearson Chi-Square                                  0.856
       Bivariate Log-Likelihood Chi-Square                           0.862
     GND1           GND6
       Category 1     Category 1        0.857        0.857          -0.021
       Category 1     Category 2        0.125        0.125           0.027
       Category 2     Category 1        0.005        0.005           0.115
       Category 2     Category 2        0.013        0.013          -0.081
       Bivariate Pearson Chi-Square                                  0.022
       Bivariate Log-Likelihood Chi-Square                           0.022
     GND2           GND3
       Category 1     Category 1        0.925        0.926          -0.108
       Category 1     Category 2        0.049        0.049           0.150
       Category 2     Category 1        0.015        0.015           0.183
       Category 2     Category 2        0.010        0.011          -0.255
       Bivariate Pearson Chi-Square                                  0.129
       Bivariate Log-Likelihood Chi-Square                           0.129
     GND2           GND4
       Category 1     Category 1        0.886        0.886          -0.032
       Category 1     Category 2        0.088        0.088           0.050
       Category 2     Category 1        0.014        0.014           0.084
       Category 2     Category 2        0.012        0.012          -0.126
       Bivariate Pearson Chi-Square                                  0.027
       Bivariate Log-Likelihood Chi-Square                           0.027
     GND2           GND5
       Category 1     Category 1        0.932        0.932          -0.028
       Category 1     Category 2        0.042        0.042           0.056
       Category 2     Category 1        0.014        0.014          -0.028
       Category 2     Category 2        0.012        0.012          -0.007
       Bivariate Pearson Chi-Square                                  0.004
       Bivariate Log-Likelihood Chi-Square                           0.004
     GND2           GND6
       Category 1     Category 1        0.852        0.852           0.008
       Category 1     Category 2        0.122        0.122           0.003
       Category 2     Category 1        0.010        0.010          -0.024
       Category 2     Category 2        0.015        0.015          -0.013
       Bivariate Pearson Chi-Square                                  0.001
       Bivariate Log-Likelihood Chi-Square                           0.001
     GND3           GND4
       Category 1     Category 1        0.880        0.878           0.328
       Category 1     Category 2        0.060        0.062          -0.468
       Category 2     Category 1        0.020        0.022          -0.736
       Category 2     Category 2        0.040        0.038           0.597
       Bivariate Pearson Chi-Square                                  1.175
       Bivariate Log-Likelihood Chi-Square                           1.189
     GND3           GND5
       Category 1     Category 1        0.901        0.904          -0.495
       Category 1     Category 2        0.039        0.037           0.743
       Category 2     Category 1        0.044        0.042           0.677
       Category 2     Category 2        0.015        0.017          -0.988
       Bivariate Pearson Chi-Square                                  2.104
       Bivariate Log-Likelihood Chi-Square                           2.132
     GND3           GND6
       Category 1     Category 1        0.846        0.846           0.024
       Category 1     Category 2        0.094        0.095          -0.051
       Category 2     Category 1        0.016        0.016          -0.066
       Category 2     Category 2        0.044        0.043           0.070
       Bivariate Pearson Chi-Square                                  0.012
       Bivariate Log-Likelihood Chi-Square                           0.012
     GND4           GND5
       Category 1     Category 1        0.869        0.869           0.075
       Category 1     Category 2        0.031        0.031          -0.148
       Category 2     Category 1        0.076        0.077          -0.135
       Category 2     Category 2        0.024        0.023           0.241
       Bivariate Pearson Chi-Square                                  0.103
       Bivariate Log-Likelihood Chi-Square                           0.103
     GND4           GND6
       Category 1     Category 1        0.822        0.823          -0.102
       Category 1     Category 2        0.078        0.077           0.145
       Category 2     Category 1        0.040        0.039           0.204
       Category 2     Category 2        0.060        0.061          -0.164
       Bivariate Pearson Chi-Square                                  0.093
       Bivariate Log-Likelihood Chi-Square                           0.093
     GND5           GND6
       Category 1     Category 1        0.836        0.835           0.085
       Category 1     Category 2        0.110        0.110          -0.134
       Category 2     Category 1        0.026        0.027          -0.192
       Category 2     Category 2        0.028        0.027           0.254
       Bivariate Pearson Chi-Square                                  0.125
       Bivariate Log-Likelihood Chi-Square                           0.125

       Overall Bivariate Pearson Chi-Square                          7.289
       Overall Bivariate Log-Likelihood Chi-Square                   7.335


TECHNICAL 11 OUTPUT

     Random Starts Specifications for the k-1 Class Analysis Model
        Number of initial stage random starts                1000
        Number of final stage optimizations                   250



     VUONG-LO-MENDELL-RUBIN LIKELIHOOD RATIO TEST FOR 3 (H0) VERSUS 4 CLASSES

          H0 Loglikelihood Value                        -3476.649
          2 Times the Loglikelihood Difference             31.992
          Difference in the Number of Parameters                7
          Mean                                             76.083
          Standard Deviation                              112.921
          P-Value                                          0.5696

     LO-MENDELL-RUBIN ADJUSTED LRT TEST

          Value                                            31.434
          P-Value                                          0.5736


SAVEDATA INFORMATION


  Save file
    Prob_FIN_GNDlca_C3cl4.dat

  Order and format of variables

    GND1           F10.3
    GND2           F10.3
    GND3           F10.3
    GND4           F10.3
    GND5           F10.3
    GND6           F10.3
    CPROB1         F10.3
    CPROB2         F10.3
    CPROB3         F10.3
    CPROB4         F10.3
    C              F10.3
    WS             F10.3
    IDSTUD         I9
    ID_S           I4
    ID_J           I4

  Save file format
    12F10.3 I9 2I4

  Save file record length    10000

  Save missing symbol        *


     Beginning Time:  22:29:41
        Ending Time:  22:29:45
       Elapsed Time:  00:00:04



MUTHEN & MUTHEN
3463 Stoner Ave.
Los Angeles, CA  90066

Tel: (310) 391-9971
Fax: (310) 391-8971
Web: www.StatModel.com
Support: Support@StatModel.com

Copyright (c) 1998-2020 Muthen & Muthen
