Mplus VERSION 8.5 (Mac)
MUTHEN & MUTHEN
04/07/2021  10:32 PM

INPUT INSTRUCTIONS

  TITLE: SVNGND LCA - C3 with 4 classes;
  DATA:
  FILE = GNDDtaC3.dat;

  VARIABLE:
  NAMES = id_i
  id_j
  id_r
  id_s
  id_k
  wt
  ws
  GND1
  GND2
  GND3
  GND4
  GND5
  GND6
  IDSTUD;
  IDVARIABLE = IDSTUD;
  USEVARIABLES = GND1
  GND2
  GND3
  GND4
  GND5
  GND6;
  USEOBSERVATIONS ARE id_k EQ 13;
  CATEGORICAL = GND1
  GND2
  GND3
  GND4
  GND5
  GND6;
  MISSING = .;
  CLASSES = c(4);
  WEIGHT = ws;
  STRATIFICATION = id_s;
  CLUSTER = id_j;

  ANALYSIS:
  TYPE = COMPLEX MIXTURE;
  PROCESSORS = 4;
  STARTS = 1000 250;
  STITERATIONS = 20;
  STSEED = 288;

  MODEL:
  %OVERALL%

  OUTPUT:
  TECH10
  TECH11
  SVALUES
  ;

  SAVEDATA:
  FILE = Prob_SVN_GNDlca_C3cl4.dat;
  SAVE = CPROBABILITIES;



*** WARNING in VARIABLE command
  When a subpopulation is analyzed with TYPE=COMPLEX, standard errors
  may be incorrect.  Use the SUBPOPULATION option instead of the
  USEOBSERVATIONS option to obtain correct standard errors.
*** WARNING
  Data set contains cases with missing on all variables.
  These cases were not included in the analysis.
  Number of cases with missing on all variables:  12
   2 WARNING(S) FOUND IN THE INPUT INSTRUCTIONS



SVNGND LCA - C3 with 4 classes;

SUMMARY OF ANALYSIS

Number of groups                                                 1
Number of observations                                        2832

Number of dependent variables                                    6
Number of independent variables                                  0
Number of continuous latent variables                            0
Number of categorical latent variables                           1

Observed dependent variables

  Binary and ordered categorical (ordinal)
   GND1        GND2        GND3        GND4        GND5        GND6

Categorical latent variables
   C

Variables with special functions

  Stratification        ID_S
  Cluster variable      ID_J
  Weight variable       WS
  ID variable           IDSTUD

Estimator                                                      MLR
Information matrix                                        OBSERVED
Optimization Specifications for the Quasi-Newton Algorithm for
Continuous Outcomes
  Maximum number of iterations                                 100
  Convergence criterion                                  0.100D-05
Optimization Specifications for the EM Algorithm
  Maximum number of iterations                                 500
  Convergence criteria
    Loglikelihood change                                 0.100D-06
    Relative loglikelihood change                        0.100D-06
    Derivative                                           0.100D-05
Optimization Specifications for the M step of the EM Algorithm for
Categorical Latent variables
  Number of M step iterations                                    1
  M step convergence criterion                           0.100D-05
  Basis for M step termination                           ITERATION
Optimization Specifications for the M step of the EM Algorithm for
Censored, Binary or Ordered Categorical (Ordinal), Unordered
Categorical (Nominal) and Count Outcomes
  Number of M step iterations                                    1
  M step convergence criterion                           0.100D-05
  Basis for M step termination                           ITERATION
  Maximum value for logit thresholds                            15
  Minimum value for logit thresholds                           -15
  Minimum expected cell size for chi-square              0.100D-01
Maximum number of iterations for H1                           2000
Convergence criterion for H1                             0.100D-03
Optimization algorithm                                         EMA
Random Starts Specifications
  Number of initial stage random starts                       1000
  Number of final stage optimizations                          250
  Number of initial stage iterations                            20
  Initial stage convergence criterion                    0.100D+01
  Random starts scale                                    0.500D+01
  Random seed for generating random starts                     288
Link                                                         LOGIT

Input data file(s)
  GNDDtaC3.dat
Input data format  FREE


SUMMARY OF DATA

     Number of missing data patterns            11
     Number of y missing data patterns           0
     Number of u missing data patterns          11
     Number of strata                           73
     Number of clusters                        145


COVARIANCE COVERAGE OF DATA

Minimum covariance coverage value   0.100


     PROPORTION OF DATA PRESENT FOR U


           Covariance Coverage
              GND1          GND2          GND3          GND4          GND5
              ________      ________      ________      ________      ________
 GND1           0.998
 GND2           0.997         0.999
 GND3           0.994         0.995         0.996
 GND4           0.991         0.992         0.990         0.993
 GND5           0.993         0.994         0.992         0.989         0.995
 GND6           0.994         0.995         0.992         0.989         0.992


           Covariance Coverage
              GND6
              ________
 GND6           0.996


UNIVARIATE PROPORTIONS AND COUNTS FOR CATEGORICAL VARIABLES

    GND1
      Category 1    0.964         2725.483
      Category 2    0.036          101.485
    GND2
      Category 1    0.950         2686.174
      Category 2    0.050          142.657
    GND3
      Category 1    0.909         2561.501
      Category 2    0.091          257.793
    GND4
      Category 1    0.853         2401.399
      Category 2    0.147          412.953
    GND5
      Category 1    0.931         2623.441
      Category 2    0.069          194.616
    GND6
      Category 1    0.788         2222.918
      Category 2    0.212          597.013


RANDOM STARTS RESULTS RANKED FROM THE BEST TO THE WORST LOGLIKELIHOOD VALUES

Final stage loglikelihood values at local maxima, seeds, and initial stage start numbers:

           -4279.854  300853           177
           -4279.854  339904           18
           -4279.854  853945           415
           -4279.854  692367           5
           -4279.854  454608           451
           -4279.854  702720           550
           -4279.854  488534           375
           -4279.854  314295           365
           -4279.854  692130           727
           -4279.854  285311           726
           -4279.854  646105           304
           -4279.854  216144           158
           -4279.854  516638           179
           -4279.854  58623            732
           -4279.854  219014           75
           -4279.854  547800           794
           -4279.854  728622           648
           -4279.854  295517           437
           -4279.854  926238           991
           -4279.854  170402           703
           -4279.854  795921           967
           -4279.854  660636           718
           -4279.854  504895           506
           -4279.854  890198           417
           -4279.854  719116           992
           -4279.854  890296           636
           -4279.854  544435           604
           -4279.854  427416           339
           -4279.854  901673           34
           -4279.854  719428           129
           -4279.854  871873           475
           -4279.854  159935           713
           -4279.854  366545           376
           -4279.854  836620           612
           -4279.854  697758           350
           -4279.854  808818           46
           -4279.854  533106           641
           -4279.854  816924           905
           -4279.854  139408           978
           -4279.854  328337           524
           -4279.854  578472           477
           -4279.854  826323           125
           -4279.854  16555            284
           -4279.854  119252           943
           -4279.854  602610           203
           -4279.854  256398           918
           -4279.854  768581           657
           -4279.854  230316           311
           -4279.854  926194           693
           -4279.854  345330           590
           -4279.854  401359           609
           -4279.854  553464           113
           -4279.854  195287           494
           -4279.854  289940           934
           -4279.854  255481           751
           -4279.854  859868           243
           -4279.854  509661           191
           -4279.854  658764           618
           -4279.854  150234           593
           -4279.854  8288             775
           -4279.854  699594           29
           -4279.854  596950           160
           -4279.854  552432           839
           -4279.854  328890           145
           -4279.854  513056           385
           -4279.854  596921           632
           -4279.854  524752           594
           -4279.854  222182           214
           -4279.854  858588           621
           -4279.854  641878           115
           -4279.854  551884           626
           -4279.854  942839           447
           -4279.854  741179           79
           -4279.854  737206           176
           -4279.854  131908           837
           -4279.854  979482           372
           -4279.854  686102           831
           -4279.854  924010           464
           -4279.854  100746           790
           -4279.854  94439            635
           -4279.854  456200           880
           -4279.854  895776           412
           -4279.854  18598            257
           -4279.854  388154           457
           -4279.854  695057           773
           -4279.854  533600           307
           -4279.854  211892           429
           -4279.854  939960           395
           -4279.854  742602           131
           -4279.854  256752           574
           -4279.854  125830           187
           -4279.854  703404           63
           -4279.854  980137           933
           -4279.854  72174            923
           -4279.854  121590           424
           -4279.854  256261           263
           -4279.854  370680           94
           -4279.854  259892           742
           -4279.854  369474           935
           -4279.854  782452           608
           -4279.854  654018           210
           -4279.854  398843           807
           -4279.854  476644           343
           -4279.854  993202           419
           -4279.854  895718           620
           -4279.854  730821           309
           -4279.854  759491           164
           -4279.854  509856           549
           -4279.854  943264           132
           -4279.854  854381           910
           -4279.854  500310           899
           -4280.072  229006           675
           -4280.072  681430           764
           -4280.072  607682           562
           -4280.072  970442           856
           -4280.072  534026           499
           -4280.072  486428           671
           -4280.505  299711           97
           -4280.844  308929           503
           -4280.844  203503           196
           -4281.101  613990           76
           -4281.226  28265            112
           -4281.226  996880           39

127 perturbed starting value run(s) did not converge or were rejected in the third stage.



THE BEST LOGLIKELIHOOD VALUE HAS BEEN REPLICATED.  RERUN WITH AT LEAST TWICE THE
RANDOM STARTS TO CHECK THAT THE BEST LOGLIKELIHOOD IS STILL OBTAINED AND REPLICATED.

     IN THE OPTIMIZATION, ONE OR MORE LOGIT THRESHOLDS APPROACHED EXTREME VALUES
     OF -15.000 AND 15.000 AND WERE FIXED TO STABILIZE MODEL ESTIMATION.  THESE
     VALUES IMPLY PROBABILITIES OF 0 AND 1.  IN THE MODEL RESULTS SECTION, THESE
     PARAMETERS HAVE 0 STANDARD ERRORS AND 999 IN THE Z-SCORE AND P-VALUE COLUMNS.


     WARNING:  THE VARIANCE CONTRIBUTION FROM A STRATUM WITH A SINGLE CLUSTER
     (PSU) IS BASED ON THE DIFFERENCE BETWEEN THE SINGLE CLUSTER VALUE AND
     THE OVERALL CLUSTER MEAN.




THE MODEL ESTIMATION TERMINATED NORMALLY



MODEL FIT INFORMATION

Number of Free Parameters                       27

Loglikelihood

          H0 Value                       -4279.854
          H0 Scaling Correction Factor      1.2571
            for MLR

Information Criteria

          Akaike (AIC)                    8613.708
          Bayesian (BIC)                  8774.324
          Sample-Size Adjusted BIC        8688.536
            (n* = (n + 2) / 24)

Chi-Square Test of Model Fit for the Binary and Ordered Categorical
(Ordinal) Outcomes**

          Pearson Chi-Square

          Value                             62.958
          Degrees of Freedom                    34
          P-Value                           0.0018

          Likelihood Ratio Chi-Square

          Value                             65.380
          Degrees of Freedom                    34
          P-Value                           0.0010

** Of the 294 cells in the latent class indicator table, 2
   were deleted in the calculation of chi-square due to extreme values.

Chi-Square Test for MCAR under the Unrestricted Latent Class Indicator Model

          Pearson Chi-Square

          Value                            327.695
          Degrees of Freedom                   220
          P-Value                           0.0000

          Likelihood Ratio Chi-Square

          Value                             88.489
          Degrees of Freedom                   220
          P-Value                           1.0000



FINAL CLASS COUNTS AND PROPORTIONS FOR THE LATENT CLASSES
BASED ON THE ESTIMATED MODEL

    Latent
   Classes

       1         51.77474          0.01828
       2        431.02302          0.15220
       3         76.46893          0.02700
       4       2272.73331          0.80252


FINAL CLASS COUNTS AND PROPORTIONS FOR THE LATENT CLASSES
BASED ON ESTIMATED POSTERIOR PROBABILITIES

    Latent
   Classes

       1         51.77474          0.01828
       2        431.02302          0.15220
       3         76.46893          0.02700
       4       2272.73331          0.80252


FINAL CLASS COUNTS AND PROPORTIONS FOR THE LATENT CLASSES
BASED ON THEIR MOST LIKELY LATENT CLASS MEMBERSHIP

Class Counts and Proportions

    Latent
   Classes

       1               52          0.01849
       2              352          0.12435
       3               68          0.02393
       4             2360          0.83323


CLASSIFICATION QUALITY

     Entropy                         0.875


Average Latent Class Probabilities for Most Likely Latent Class Membership (Row)
by Latent Class (Column)

           1        2        3        4

    1   0.814    0.125    0.062    0.000
    2   0.023    0.891    0.035    0.051
    3   0.016    0.135    0.789    0.060
    4   0.000    0.043    0.003    0.954


Classification Probabilities for the Most Likely Latent Class Membership (Column)
by Latent Class (Row)

           1        2        3        4

    1   0.823    0.156    0.021    0.000
    2   0.015    0.728    0.021    0.236
    3   0.042    0.163    0.699    0.095
    4   0.000    0.008    0.002    0.990


Logits for the Classification Probabilities for the Most Likely Latent Class Membership (Column)
by Latent Class (Row)

              1        2        3        4

    1      7.904    6.241    4.219    0.000
    2     -2.743    1.128   -2.406    0.000
    3     -0.816    0.535    1.992    0.000
    4    -13.806   -4.838   -6.316    0.000


MODEL RESULTS

                                                    Two-Tailed
                    Estimate       S.E.  Est./S.E.    P-Value

Latent Class 1

 Thresholds
    GND1$1            -1.141      0.530     -2.153      0.031
    GND2$1            -1.565      0.716     -2.188      0.029
    GND3$1            -2.388      0.872     -2.739      0.006
    GND4$1            -1.894      0.943     -2.008      0.045
    GND5$1            -0.646      0.458     -1.412      0.158
    GND6$1            -4.242      3.372     -1.258      0.208

Latent Class 2

 Thresholds
    GND1$1             2.430      0.327      7.440      0.000
    GND2$1             2.351      0.561      4.192      0.000
    GND3$1             0.283      0.183      1.543      0.123
    GND4$1            -0.416      0.229     -1.815      0.070
    GND5$1             1.681      0.188      8.951      0.000
    GND6$1            -1.466      0.485     -3.021      0.003

Latent Class 3

 Thresholds
    GND1$1             0.537      0.647      0.831      0.406
    GND2$1            -1.155      0.868     -1.331      0.183
    GND3$1             1.350      0.821      1.644      0.100
    GND4$1             0.642      0.362      1.774      0.076
    GND5$1            -0.037      0.780     -0.047      0.962
    GND6$1             1.576      1.275      1.237      0.216

Latent Class 4

 Thresholds
    GND1$1            15.000      0.000    999.000    999.000
    GND2$1             6.267      1.721      3.642      0.000
    GND3$1             5.247      0.715      7.337      0.000
    GND4$1             3.238      0.210     15.404      0.000
    GND5$1             3.690      0.163     22.571      0.000
    GND6$1             2.422      0.124     19.554      0.000

Categorical Latent Variables

 Means
    C#1               -3.782      0.304    -12.446      0.000
    C#2               -1.663      0.173     -9.593      0.000
    C#3               -3.392      0.663     -5.120      0.000


RESULTS IN PROBABILITY SCALE

Latent Class 1

 GND1
    Category 1         0.242      0.097      2.489      0.013
    Category 2         0.758      0.097      7.793      0.000
 GND2
    Category 1         0.173      0.102      1.690      0.091
    Category 2         0.827      0.102      8.084      0.000
 GND3
    Category 1         0.084      0.067      1.253      0.210
    Category 2         0.916      0.067     13.637      0.000
 GND4
    Category 1         0.131      0.107      1.219      0.223
    Category 2         0.869      0.107      8.106      0.000
 GND5
    Category 1         0.344      0.103      3.331      0.001
    Category 2         0.656      0.103      6.356      0.000
 GND6
    Category 1         0.014      0.047      0.301      0.764
    Category 2         0.986      0.047     20.922      0.000

Latent Class 2

 GND1
    Category 1         0.919      0.024     37.843      0.000
    Category 2         0.081      0.024      3.331      0.001
 GND2
    Category 1         0.913      0.045     20.497      0.000
    Category 2         0.087      0.045      1.953      0.051
 GND3
    Category 1         0.570      0.045     12.700      0.000
    Category 2         0.430      0.045      9.572      0.000
 GND4
    Category 1         0.398      0.055      7.249      0.000
    Category 2         0.602      0.055     10.984      0.000
 GND5
    Category 1         0.843      0.025     33.927      0.000
    Category 2         0.157      0.025      6.315      0.000
 GND6
    Category 1         0.188      0.074      2.536      0.011
    Category 2         0.812      0.074     10.988      0.000

Latent Class 3

 GND1
    Category 1         0.631      0.151      4.193      0.000
    Category 2         0.369      0.151      2.450      0.014
 GND2
    Category 1         0.240      0.158      1.516      0.130
    Category 2         0.760      0.158      4.811      0.000
 GND3
    Category 1         0.794      0.134      5.916      0.000
    Category 2         0.206      0.134      1.534      0.125
 GND4
    Category 1         0.655      0.082      8.014      0.000
    Category 2         0.345      0.082      4.218      0.000
 GND5
    Category 1         0.491      0.195      2.517      0.012
    Category 2         0.509      0.195      2.611      0.009
 GND6
    Category 1         0.829      0.181      4.579      0.000
    Category 2         0.171      0.181      0.947      0.344

Latent Class 4

 GND1
    Category 1         1.000      0.000      0.000      1.000
    Category 2         0.000      0.000      0.000      1.000
 GND2
    Category 1         0.998      0.003    306.699      0.000
    Category 2         0.002      0.003      0.582      0.560
 GND3
    Category 1         0.995      0.004    267.044      0.000
    Category 2         0.005      0.004      1.406      0.160
 GND4
    Category 1         0.962      0.008    125.979      0.000
    Category 2         0.038      0.008      4.944      0.000
 GND5
    Category 1         0.976      0.004    251.063      0.000
    Category 2         0.024      0.004      6.269      0.000
 GND6
    Category 1         0.919      0.009     99.067      0.000
    Category 2         0.081      0.009      8.788      0.000


LATENT CLASS ODDS RATIO RESULTS

                                                95% C.I.
                    Estimate       S.E.  Lower 2.5% Upper 2.5%

Latent Class 1 Compared to Latent Class 2

 GND1
    Category > 1      35.569     21.510     10.871    116.371
 GND2
    Category > 1      50.198     44.278      8.910    282.821
 GND3
    Category > 1      14.444     11.739      2.937     71.038
 GND4
    Category > 1       4.387      4.169      0.681     28.248
 GND5
    Category > 1      10.249      5.169      3.814     27.539
 GND6
    Category > 1      16.057     52.353      0.027   9572.592

Latent Class 1 Compared to Latent Class 3

 GND1
    Category > 1       5.358      4.416      1.065     26.951
 GND2
    Category > 1       1.507      1.728      0.159     14.251
 GND3
    Category > 1      42.003     41.316      6.109    288.783
 GND4
    Category > 1      12.630     13.312      1.600     99.672
 GND5
    Category > 1       1.839      1.795      0.271     12.453
 GND6
    Category > 1     336.463    967.123      1.203  94115.508

Latent Class 1 Compared to Latent Class 4

 GND1
    Category > 1   *********      0.000  *********  *********
 GND2
    Category > 1    2520.095   4925.130     54.682  *********
 GND3
    Category > 1    2068.209   2166.306    265.463  16113.339
 GND4
    Category > 1     169.401    166.744     24.607   1166.217
 GND5
    Category > 1      76.397     37.601     29.116    200.460
 GND6
    Category > 1     784.112   2634.216      1.083  *********

Latent Class 2 Compared to Latent Class 3

 GND1
    Category > 1       0.151      0.118      0.033      0.696
 GND2
    Category > 1       0.030      0.023      0.007      0.136
 GND3
    Category > 1       2.908      2.343      0.600     14.104
 GND4
    Category > 1       2.879      1.206      1.267      6.542
 GND5
    Category > 1       0.179      0.134      0.041      0.777
 GND6
    Category > 1      20.955     22.694      2.508    175.052

Latent Class 2 Compared to Latent Class 4

 GND1
    Category > 1   *********      0.000  *********  *********
 GND2
    Category > 1      50.203     74.284      2.762    912.531
 GND3
    Category > 1     143.186     96.417     38.258    535.900
 GND4
    Category > 1      38.611     10.066     23.164     64.361
 GND5
    Category > 1       7.454      2.021      4.382     12.680
 GND6
    Category > 1      48.834     22.769     19.581    121.790

Latent Class 3 Compared to Latent Class 4

 GND1
    Category > 1   *********      0.000  *********  *********
 GND2
    Category > 1    1672.142   2660.437     73.953  37808.523
 GND3
    Category > 1      49.240     37.767     10.951    221.407
 GND4
    Category > 1      13.412      5.580      5.934     30.315
 GND5
    Category > 1      41.548     33.105      8.716    198.057
 GND6
    Category > 1       2.330      2.906      0.202     26.854


QUALITY OF NUMERICAL RESULTS

     Condition Number for the Information Matrix              0.321E-03
       (ratio of smallest to largest eigenvalue)


MODEL COMMAND WITH FINAL ESTIMATES USED AS STARTING VALUES

     %OVERALL%

     [ c#1*-3.78184 ];
     [ c#2*-1.66258 ];
     [ c#3*-3.39185 ];

     %C#1%

     [ gnd1$1*-1.14115 ];
     [ gnd2$1*-1.56528 ];
     [ gnd3$1*-2.38756 ];
     [ gnd4$1*-1.89433 ];
     [ gnd5$1*-0.64593 ];
     [ gnd6$1*-4.24216 ];

     %C#2%

     [ gnd1$1*2.43031 ];
     [ gnd2$1*2.35069 ];
     [ gnd3$1*0.28274 ];
     [ gnd4$1*-0.41560 ];
     [ gnd5$1*1.68125 ];
     [ gnd6$1*-1.46603 ];

     %C#3%

     [ gnd1$1*0.53745 ];
     [ gnd2$1*-1.15509 ];
     [ gnd3$1*1.35018 ];
     [ gnd4$1*0.64176 ];
     [ gnd5$1*-0.03685 ];
     [ gnd6$1*1.57633 ];

     %C#4%

     [ gnd1$1*15 ];
     [ gnd2$1*6.26677 ];
     [ gnd3$1*5.24688 ];
     [ gnd4$1*3.23794 ];
     [ gnd5$1*3.69001 ];
     [ gnd6$1*2.42239 ];



TECHNICAL 10 OUTPUT


     MODEL FIT INFORMATION FOR THE LATENT CLASS INDICATOR MODEL PART


     RESPONSE PATTERNS

     No.  Pattern    No.  Pattern    No.  Pattern    No.  Pattern
       1  000000       2  000001       3  000010       4  000011
       5  000100       6  000101       7  000110       8  000111
       9  001000      10  001001      11  001010      12  001011
      13  001100      14  001101      15  001110      16  001111
      17  010000      18  010001      19  010010      20  010011
      21  010100      22  010101      23  010110      24  010111
      25  011000      26  011001      27  011011      28  011100
      29  011101      30  011111      31  100000      32  100001
      33  100010      34  100100      35  100101      36  100110
      37  100111      38  101000      39  101001      40  101010
      41  101011      42  101101      43  101111      44  110000
      45  110001      46  110010      47  110011      48  110100
      49  110101      50  110110      51  110111      52  111000
      53  111001      54  111010      55  111101      56  111110
      57  111111      58  *00001      59  *00110      60  *01101
      61  *01110      62  *10111      63  00000*      64  00100*
      65  10000*      66  000*00      67  000*01      68  001*01
      69  011*01      70  00*000      71  00*001      72  00*100
      73  00*101      74  01*010      75  10*001      76  0000*0
      77  0001*0      78  0010*1      79  1110*1      80  00****
      81  0000**      82  00**01      83  00**11      84  0*****
      85  0*0000      86  0*0101


     RESPONSE PATTERN FREQUENCIES AND CHI-SQUARE CONTRIBUTIONS

    Response          Frequency     Standardized  Chi-square Contribution
     Pattern    Observed  Estimated   Residual    Pearson   Loglikelihood  Deleted
                                     (z-score)
         1      1936.73    1923.59       0.52       0.03         4.68
         2       221.90     224.89      -0.20       0.03        -3.48
         3        50.10      52.51      -0.32       0.10        -6.20
         4        21.61      15.01       1.64       2.90        16.26
         5        92.85      95.43      -0.26       0.04        -1.63
         6        86.76      90.43      -0.38       0.14        -5.91
         7         9.49       6.77       1.01       1.05         7.69
         8        16.37      16.07       0.07       0.00         0.95
         9        20.59      20.25       0.07       0.01         0.63
        10        31.72      42.62      -1.62       2.74       -16.11
        11         3.73       2.68       0.62       0.41         2.33
        12         5.12       8.05      -1.00       1.06        -4.24
        13        13.21      15.25      -0.50       0.27        -3.85
        14        77.03      63.59       1.64       2.83        31.27
        15         1.98       3.07      -0.60      -0.08         0.16
        16         8.87      12.88      -1.08       1.25        -6.42
        17        13.13      12.45       0.18       0.03         0.90
        18         4.91       7.18      -0.82       0.72        -3.93
        19         5.49       8.22      -0.92       0.83        -3.12
        20         1.53       2.69      -0.68       0.50        -1.79
        21         5.13       5.99      -0.34       0.12        -1.80
        22         8.89       9.05      -0.05       0.00        -0.46
        23         6.86       4.51       1.06       1.21         5.47
        24         0.97       2.82      -1.06       1.14        -1.54
        25         7.34       2.91       2.50       6.74        13.30
        26         6.27       4.78       0.66       0.39         4.84
        27         3.80       1.95       1.28       1.77         4.95
        28         4.64       2.46       1.33       1.91         5.68
        29         4.73       8.96      -1.36       1.93        -4.96
        30         7.62       6.58       0.39       0.16         1.95
        31         0.82       2.52      -1.03       1.14        -1.72
        32         8.92       5.16       1.59       2.54        12.36
        33         1.71       1.66       0.03       0.00         0.03
        34         2.76       2.44       0.20       0.04         0.57
        35         3.36       7.66      -1.50       2.42        -5.67
        36         1.00       1.09      -0.08       0.00        -0.06
        37         1.82       1.84      -0.01       0.00        -0.11
        38         0.80       1.21      -0.36       0.14        -0.69
        39         5.64       4.00       0.79       0.66         4.33
        40         1.07       0.54       0.68       0.51         1.40
        41         1.97       1.27       0.59       0.38         1.64
        42         6.67       7.37      -0.25       0.07        -1.38
        43         4.87       4.50       0.17       0.03         0.58
        44         1.59       4.56      -1.34       1.94        -3.41
        45         3.74       1.50       1.76       3.35         6.70
        46        10.17       4.64       2.47       6.58        15.56
        47         0.71       1.27      -0.47       0.24        -0.85
        48         3.04       2.52       0.32       0.11         1.03
        49         3.17       1.97       0.82       0.72         2.88
        50         0.75       2.48      -1.06       1.21        -1.82
        51         1.64       2.14      -0.33      -0.01         0.02
        52         0.49       1.25      -0.65       0.46        -0.94
        53         2.40       1.88       0.37      -0.21         3.03
        54         0.49       1.25      -0.65       0.46        -0.93
        55         9.11       9.25      -0.04       0.00        -0.62
        56         1.91       0.89       1.04       1.16         2.83
        57        17.69      16.62       0.25       0.06         1.51
        58         0.74       0.42       0.51       0.01         0.02
        59         0.75       0.01       5.96      11.87         0.53
        60         1.37       0.13       3.38       2.33         0.48
        61         1.27       0.01       9.63       0.00        -0.27      DELETED
        62         0.89       0.01       8.94     -13.76        -0.66      DELETED
        63         6.28       6.34      -0.05       0.00         0.00
        64         0.89       0.19       1.58      -0.70        -0.28
        65         1.03       0.02       6.44      14.68         0.78
        66         8.99       9.95      -0.56       0.00         0.01
        67         2.43       1.55       0.72      -0.04        -0.07
        68         0.70       0.52       0.24       0.02         0.06
        69         1.56       0.07       5.54      -4.11        -0.34
        70         2.22       6.12      -2.77      -0.01         0.01
        71         1.98       0.84       1.26      -0.17        -0.17
        72         1.78       0.35       2.39      -0.24        -0.09
        73         0.96       0.48       0.67       0.09         0.14
        74         0.82       0.03       4.18     -14.08        -0.86
        75         0.98       0.03       5.39      14.39         1.11
        76         6.11       7.16      -0.71       0.00        -0.01
        77         1.72       0.37       2.17       0.18         0.08
        78         1.05       0.18       1.96      -1.87        -0.58
        79         1.19       0.02       8.71     -18.14        -0.66
        80         0.93       0.86       0.25       0.00         0.00
        81         2.22       1.77       0.72       0.00         0.01
        82         0.75       0.35       0.70       0.00         0.00
        83         1.57       0.04       7.10       0.74         0.04
        84         0.72       0.70       0.16       0.00         0.00
        85         1.40       1.70      -0.40       0.00         0.00
        86         1.04       0.09       3.16      -0.42        -0.07

     THE TOTAL PEARSON CHI-SQUARE CONTRIBUTION FROM EMPTY CELLS IS        10.49


     UNIVARIATE MODEL FIT INFORMATION

                               Estimated Probabilities
                                                  Standardized
     Variable              H1           H0          Residual
                                                   (z-score)
     GND1
       Category 1        0.964        0.964           0.005
       Category 2        0.036        0.036          -0.005
       Univariate Pearson Chi-Square                  0.000
       Univariate Log-Likelihood Chi-Square           0.000
     GND2
       Category 1        0.950        0.950           0.000
       Category 2        0.050        0.050           0.000
       Univariate Pearson Chi-Square                  0.000
       Univariate Log-Likelihood Chi-Square           0.000
     GND3
       Category 1        0.908        0.908           0.030
       Category 2        0.092        0.092          -0.030
       Univariate Pearson Chi-Square                  0.001
       Univariate Log-Likelihood Chi-Square           0.001
     GND4
       Category 1        0.853        0.853           0.019
       Category 2        0.147        0.147          -0.019
       Univariate Pearson Chi-Square                  0.000
       Univariate Log-Likelihood Chi-Square           0.000
     GND5
       Category 1        0.931        0.931           0.049
       Category 2        0.069        0.069          -0.049
       Univariate Pearson Chi-Square                  0.003
       Univariate Log-Likelihood Chi-Square           0.003
     GND6
       Category 1        0.788        0.788          -0.009
       Category 2        0.212        0.212           0.009
       Univariate Pearson Chi-Square                  0.000
       Univariate Log-Likelihood Chi-Square           0.000

       Overall Univariate Pearson Chi-Square                         0.004
       Overall Univariate Log-Likelihood Chi-Square                  0.004


     BIVARIATE MODEL FIT INFORMATION

                                              Estimated Probabilities
                                                                 Standardized
     Variable       Variable              H1           H0          Residual
                                                                  (z-score)
     GND1           GND2
       Category 1     Category 1        0.934        0.934           0.128
       Category 1     Category 2        0.030        0.030          -0.180
       Category 2     Category 1        0.015        0.016          -0.254
       Category 2     Category 2        0.021        0.020           0.220
       Bivariate Pearson Chi-Square                                  0.155
       Bivariate Log-Likelihood Chi-Square                           0.156
     GND1           GND3
       Category 1     Category 1        0.891        0.892          -0.084
       Category 1     Category 2        0.072        0.072           0.105
       Category 2     Category 1        0.017        0.016           0.277
       Category 2     Category 2        0.019        0.020          -0.255
       Bivariate Pearson Chi-Square                                  0.162
       Bivariate Log-Likelihood Chi-Square                           0.162
     GND1           GND4
       Category 1     Category 1        0.837        0.840          -0.291
       Category 1     Category 2        0.126        0.124           0.326
       Category 2     Category 1        0.015        0.013           0.994
       Category 2     Category 2        0.021        0.023          -0.766
       Bivariate Pearson Chi-Square                                  1.787
       Bivariate Log-Likelihood Chi-Square                           1.753
     GND1           GND5
       Category 1     Category 1        0.911        0.911           0.100
       Category 1     Category 2        0.053        0.053          -0.123
       Category 2     Category 1        0.020        0.020          -0.114
       Category 2     Category 2        0.016        0.016           0.120
       Bivariate Pearson Chi-Square                                  0.045
       Bivariate Log-Likelihood Chi-Square                           0.046
     GND1           GND6
       Category 1     Category 1        0.779        0.778           0.153
       Category 1     Category 2        0.185        0.186          -0.161
       Category 2     Category 1        0.009        0.011          -0.653
       Category 2     Category 2        0.027        0.025           0.423
       Bivariate Pearson Chi-Square                                  0.672
       Bivariate Log-Likelihood Chi-Square                           0.689
     GND2           GND3
       Category 1     Category 1        0.882        0.881           0.134
       Category 1     Category 2        0.067        0.068          -0.173
       Category 2     Category 1        0.026        0.027          -0.216
       Category 2     Category 2        0.024        0.024           0.229
       Bivariate Pearson Chi-Square                                  0.137
       Bivariate Log-Likelihood Chi-Square                           0.137
     GND2           GND4
       Category 1     Category 1        0.830        0.831          -0.090
       Category 1     Category 2        0.120        0.119           0.104
       Category 2     Category 1        0.023        0.022           0.276
       Category 2     Category 2        0.027        0.028          -0.245
       Bivariate Pearson Chi-Square                                  0.155
       Bivariate Log-Likelihood Chi-Square                           0.155
     GND2           GND5
       Category 1     Category 1        0.902        0.903          -0.103
       Category 1     Category 2        0.047        0.047           0.144
       Category 2     Category 1        0.029        0.028           0.260
       Category 2     Category 2        0.022        0.022          -0.289
       Bivariate Pearson Chi-Square                                  0.182
       Bivariate Log-Likelihood Chi-Square                           0.182
     GND2           GND6
       Category 1     Category 1        0.766        0.767          -0.097
       Category 1     Category 2        0.183        0.182           0.106
       Category 2     Category 1        0.022        0.021           0.259
       Category 2     Category 2        0.029        0.029          -0.221
       Bivariate Pearson Chi-Square                                  0.135
       Bivariate Log-Likelihood Chi-Square                           0.134
     GND3           GND4
       Category 1     Category 1        0.819        0.817           0.254
       Category 1     Category 2        0.089        0.091          -0.311
       Category 2     Category 1        0.034        0.036          -0.491
       Category 2     Category 2        0.058        0.056           0.360
       Bivariate Pearson Chi-Square                                  0.491
       Bivariate Log-Likelihood Chi-Square                           0.495
     GND3           GND5
       Category 1     Category 1        0.861        0.863          -0.334
       Category 1     Category 2        0.047        0.045           0.596
       Category 2     Category 1        0.070        0.068           0.507
       Category 2     Category 2        0.022        0.024          -0.885
       Bivariate Pearson Chi-Square                                  1.467
       Bivariate Log-Likelihood Chi-Square                           1.490
     GND3           GND6
       Category 1     Category 1        0.768        0.767           0.045
       Category 1     Category 2        0.141        0.141          -0.030
       Category 2     Category 1        0.021        0.021          -0.158
       Category 2     Category 2        0.071        0.071           0.054
       Bivariate Pearson Chi-Square                                  0.031
       Bivariate Log-Likelihood Chi-Square                           0.031
     GND4           GND5
       Category 1     Category 1        0.814        0.814           0.045
       Category 1     Category 2        0.039        0.039          -0.054
       Category 2     Category 1        0.117        0.117          -0.016
       Category 2     Category 2        0.030        0.030          -0.011
       Bivariate Pearson Chi-Square                                  0.004
       Bivariate Log-Likelihood Chi-Square                           0.004
     GND4           GND6
       Category 1     Category 1        0.735        0.735           0.007
       Category 1     Category 2        0.118        0.117           0.011
       Category 2     Category 1        0.053        0.053          -0.031
       Category 2     Category 2        0.094        0.094           0.000
       Bivariate Pearson Chi-Square                                  0.001
       Bivariate Log-Likelihood Chi-Square                           0.001
     GND5           GND6
       Category 1     Category 1        0.754        0.754          -0.080
       Category 1     Category 2        0.177        0.177           0.123
       Category 2     Category 1        0.035        0.034           0.170
       Category 2     Category 2        0.034        0.035          -0.235
       Bivariate Pearson Chi-Square                                  0.103
       Bivariate Log-Likelihood Chi-Square                           0.103

       Overall Bivariate Pearson Chi-Square                          5.526
       Overall Bivariate Log-Likelihood Chi-Square                   5.536


TECHNICAL 11 OUTPUT

     Random Starts Specifications for the k-1 Class Analysis Model
        Number of initial stage random starts                1000
        Number of final stage optimizations                   250



     VUONG-LO-MENDELL-RUBIN LIKELIHOOD RATIO TEST FOR 3 (H0) VERSUS 4 CLASSES

          H0 Loglikelihood Value                        -4307.880
          2 Times the Loglikelihood Difference             56.052
          Difference in the Number of Parameters                7
          Mean                                             18.120
          Standard Deviation                               43.173
          P-Value                                          0.1579

     LO-MENDELL-RUBIN ADJUSTED LRT TEST

          Value                                            55.063
          P-Value                                          0.1633


SAVEDATA INFORMATION


  Save file
    Prob_SVN_GNDlca_C3cl4.dat

  Order and format of variables

    GND1           F10.3
    GND2           F10.3
    GND3           F10.3
    GND4           F10.3
    GND5           F10.3
    GND6           F10.3
    CPROB1         F10.3
    CPROB2         F10.3
    CPROB3         F10.3
    CPROB4         F10.3
    C              F10.3
    WS             F10.3
    IDSTUD         I9
    ID_S           I5
    ID_J           I5

  Save file format
    12F10.3 I9 2I5

  Save file record length    10000

  Save missing symbol        *


     Beginning Time:  22:32:35
        Ending Time:  22:32:38
       Elapsed Time:  00:00:03



MUTHEN & MUTHEN
3463 Stoner Ave.
Los Angeles, CA  90066

Tel: (310) 391-9971
Fax: (310) 391-8971
Web: www.StatModel.com
Support: Support@StatModel.com

Copyright (c) 1998-2020 Muthen & Muthen
