Mplus VERSION 8.5 (Mac)
MUTHEN & MUTHEN
04/07/2021  10:32 PM

INPUT INSTRUCTIONS

  TITLE: NORGND LCA - C3 with 6 classes;
  DATA:
  FILE = GNDDtaC3.dat;

  VARIABLE:
  NAMES = id_i
  id_j
  id_r
  id_s
  id_k
  wt
  ws
  GND1
  GND2
  GND3
  GND4
  GND5
  GND6
  IDSTUD;
  IDVARIABLE = IDSTUD;
  USEVARIABLES = GND1
  GND2
  GND3
  GND4
  GND5
  GND6;
  USEOBSERVATIONS ARE id_k EQ 12;
  CATEGORICAL = GND1
  GND2
  GND3
  GND4
  GND5
  GND6;
  MISSING = .;
  CLASSES = c(6);
  WEIGHT = ws;
  STRATIFICATION = id_s;
  CLUSTER = id_j;

  ANALYSIS:
  TYPE = COMPLEX MIXTURE;
  PROCESSORS = 4;
  STARTS = 1000 250;
  STITERATIONS = 20;
  STSEED = 288;

  MODEL:
  %OVERALL%

  OUTPUT:
  TECH10
  TECH11
  SVALUES
  ;

  SAVEDATA:
  FILE = Prob_NOR_GNDlca_C3cl6.dat;
  SAVE = CPROBABILITIES;



*** WARNING in VARIABLE command
  When a subpopulation is analyzed with TYPE=COMPLEX, standard errors
  may be incorrect.  Use the SUBPOPULATION option instead of the
  USEOBSERVATIONS option to obtain correct standard errors.
*** WARNING
  Data set contains cases with missing on all variables.
  These cases were not included in the analysis.
  Number of cases with missing on all variables:  165
   2 WARNING(S) FOUND IN THE INPUT INSTRUCTIONS



NORGND LCA - C3 with 6 classes;

SUMMARY OF ANALYSIS

Number of groups                                                 1
Number of observations                                        6106

Number of dependent variables                                    6
Number of independent variables                                  0
Number of continuous latent variables                            0
Number of categorical latent variables                           1

Observed dependent variables

  Binary and ordered categorical (ordinal)
   GND1        GND2        GND3        GND4        GND5        GND6

Categorical latent variables
   C

Variables with special functions

  Stratification        ID_S
  Cluster variable      ID_J
  Weight variable       WS
  ID variable           IDSTUD

Estimator                                                      MLR
Information matrix                                        OBSERVED
Optimization Specifications for the Quasi-Newton Algorithm for
Continuous Outcomes
  Maximum number of iterations                                 100
  Convergence criterion                                  0.100D-05
Optimization Specifications for the EM Algorithm
  Maximum number of iterations                                 500
  Convergence criteria
    Loglikelihood change                                 0.100D-06
    Relative loglikelihood change                        0.100D-06
    Derivative                                           0.100D-05
Optimization Specifications for the M step of the EM Algorithm for
Categorical Latent variables
  Number of M step iterations                                    1
  M step convergence criterion                           0.100D-05
  Basis for M step termination                           ITERATION
Optimization Specifications for the M step of the EM Algorithm for
Censored, Binary or Ordered Categorical (Ordinal), Unordered
Categorical (Nominal) and Count Outcomes
  Number of M step iterations                                    1
  M step convergence criterion                           0.100D-05
  Basis for M step termination                           ITERATION
  Maximum value for logit thresholds                            15
  Minimum value for logit thresholds                           -15
  Minimum expected cell size for chi-square              0.100D-01
Maximum number of iterations for H1                           2000
Convergence criterion for H1                             0.100D-03
Optimization algorithm                                         EMA
Random Starts Specifications
  Number of initial stage random starts                       1000
  Number of final stage optimizations                          250
  Number of initial stage iterations                            20
  Initial stage convergence criterion                    0.100D+01
  Random starts scale                                    0.500D+01
  Random seed for generating random starts                     288
Link                                                         LOGIT

Input data file(s)
  GNDDtaC3.dat
Input data format  FREE


SUMMARY OF DATA

     Number of missing data patterns            21
     Number of y missing data patterns           0
     Number of u missing data patterns          21
     Number of strata                           75
     Number of clusters                        148


COVARIANCE COVERAGE OF DATA

Minimum covariance coverage value   0.100


     PROPORTION OF DATA PRESENT FOR U


           Covariance Coverage
              GND1          GND2          GND3          GND4          GND5
              ________      ________      ________      ________      ________
 GND1           0.996
 GND2           0.993         0.995
 GND3           0.990         0.988         0.991
 GND4           0.988         0.987         0.984         0.991
 GND5           0.990         0.988         0.985         0.984         0.991
 GND6           0.989         0.987         0.984         0.983         0.986


           Covariance Coverage
              GND6
              ________
 GND6           0.989


UNIVARIATE PROPORTIONS AND COUNTS FOR CATEGORICAL VARIABLES

    GND1
      Category 1    0.979         5952.749
      Category 2    0.021          130.081
    GND2
      Category 1    0.973         5908.851
      Category 2    0.027          164.765
    GND3
      Category 1    0.941         5700.005
      Category 2    0.059          356.998
    GND4
      Category 1    0.915         5533.480
      Category 2    0.085          516.627
    GND5
      Category 1    0.951         5750.670
      Category 2    0.049          296.793
    GND6
      Category 1    0.883         5334.733
      Category 2    0.117          709.345


RANDOM STARTS RESULTS RANKED FROM THE BEST TO THE WORST LOGLIKELIHOOD VALUES

Final stage loglikelihood values at local maxima, seeds, and initial stage start numbers:

           -6024.197  798276           536
           -6024.197  983784           118
           -6024.197  914240           625
           -6024.197  816924           905
           -6024.197  666759           404
           -6024.197  890198           417
           -6024.197  55750            898
           -6024.197  859868           243
           -6024.197  216144           158
           -6024.197  993202           419
           -6024.289  80124            965
           -6024.401  530099           236
           -6024.402  602610           203
           -6024.402  699594           29
           -6024.445  920430           230
           -6024.497  729705           501
           -6024.497  983906           53
           -6026.103  468884           58
           -6026.296  468408           60
           -6026.296  902664           49
           -6026.415  920957           62
           -6028.600  413332           92
           -6029.934  808818           46

227 perturbed starting value run(s) did not converge or were rejected in the third stage.



THE BEST LOGLIKELIHOOD VALUE HAS BEEN REPLICATED.  RERUN WITH AT LEAST TWICE THE
RANDOM STARTS TO CHECK THAT THE BEST LOGLIKELIHOOD IS STILL OBTAINED AND REPLICATED.

     IN THE OPTIMIZATION, ONE OR MORE LOGIT THRESHOLDS APPROACHED EXTREME VALUES
     OF -15.000 AND 15.000 AND WERE FIXED TO STABILIZE MODEL ESTIMATION.  THESE
     VALUES IMPLY PROBABILITIES OF 0 AND 1.  IN THE MODEL RESULTS SECTION, THESE
     PARAMETERS HAVE 0 STANDARD ERRORS AND 999 IN THE Z-SCORE AND P-VALUE COLUMNS.


     WARNING:  THE VARIANCE CONTRIBUTION FROM A STRATUM WITH A SINGLE CLUSTER
     (PSU) IS BASED ON THE DIFFERENCE BETWEEN THE SINGLE CLUSTER VALUE AND
     THE OVERALL CLUSTER MEAN.




THE MODEL ESTIMATION TERMINATED NORMALLY



MODEL FIT INFORMATION

Number of Free Parameters                       41

Loglikelihood

          H0 Value                       -6024.197
          H0 Scaling Correction Factor      1.2170
            for MLR

Information Criteria

          Akaike (AIC)                   12130.395
          Bayesian (BIC)                 12405.793
          Sample-Size Adjusted BIC       12275.506
            (n* = (n + 2) / 24)

Chi-Square Test of Model Fit for the Binary and Ordered Categorical
(Ordinal) Outcomes**

          Pearson Chi-Square

          Value                              3.824
          Degrees of Freedom                    18
          P-Value                           0.9998

          Likelihood Ratio Chi-Square

          Value                             26.873
          Degrees of Freedom                    18
          P-Value                           0.0814

** Of the 354 cells in the latent class indicator table, 4
   were deleted in the calculation of chi-square due to extreme values.

Chi-Square Test for MCAR under the Unrestricted Latent Class Indicator Model

          Pearson Chi-Square

          Value                            545.941
          Degrees of Freedom                   270
          P-Value                           0.0000

          Likelihood Ratio Chi-Square

          Value                            200.050
          Degrees of Freedom                   270
          P-Value                           0.9995



FINAL CLASS COUNTS AND PROPORTIONS FOR THE LATENT CLASSES
BASED ON THE ESTIMATED MODEL

    Latent
   Classes

       1        288.23561          0.04721
       2         54.18019          0.00887
       3         38.86641          0.00637
       4         92.89638          0.01521
       5        242.34718          0.03969
       6       5389.47423          0.88265


FINAL CLASS COUNTS AND PROPORTIONS FOR THE LATENT CLASSES
BASED ON ESTIMATED POSTERIOR PROBABILITIES

    Latent
   Classes

       1        288.23561          0.04721
       2         54.18019          0.00887
       3         38.86641          0.00637
       4         92.89638          0.01521
       5        242.34718          0.03969
       6       5389.47423          0.88265


FINAL CLASS COUNTS AND PROPORTIONS FOR THE LATENT CLASSES
BASED ON THEIR MOST LIKELY LATENT CLASS MEMBERSHIP

Class Counts and Proportions

    Latent
   Classes

       1              308          0.05049
       2               53          0.00862
       3               40          0.00649
       4               91          0.01499
       5              106          0.01733
       6             5508          0.90209


CLASSIFICATION QUALITY

     Entropy                         0.937


Average Latent Class Probabilities for Most Likely Latent Class Membership (Row)
by Latent Class (Column)

           1        2        3        4        5        6

    1   0.890    0.006    0.000    0.021    0.072    0.011
    2   0.000    0.873    0.018    0.047    0.058    0.003
    3   0.000    0.036    0.935    0.009    0.018    0.001
    4   0.046    0.034    0.007    0.826    0.000    0.088
    5   0.001    0.016    0.000    0.011    0.894    0.079
    6   0.002    0.000    0.000    0.001    0.022    0.975


Classification Probabilities for the Most Likely Latent Class Membership (Column)
by Latent Class (Row)

           1        2        3        4        5        6

    1   0.951    0.000    0.000    0.014    0.000    0.034
    2   0.034    0.848    0.026    0.057    0.031    0.004
    3   0.000    0.025    0.953    0.017    0.000    0.005
    4   0.071    0.027    0.004    0.813    0.012    0.074
    5   0.091    0.013    0.003    0.000    0.390    0.503
    6   0.001    0.000    0.000    0.001    0.002    0.996


Logits for the Classification Probabilities for the Most Likely Latent Class Membership (Column)
by Latent Class (Row)

              1        2        3        4        5        6

    1      3.340  -10.426  -10.426   -0.847   -4.593    0.000
    2      2.247    5.456    1.981    2.762    2.142    0.000
    3     -2.806    1.614    5.262    1.206   -4.769    0.000
    4     -0.042   -1.014   -2.923    2.403   -1.800    0.000
    5     -1.706   -3.682   -5.129  -13.128   -0.254    0.000
    6     -7.340  -10.357  -11.428   -6.503   -6.466    0.000


MODEL RESULTS

                                                    Two-Tailed
                    Estimate       S.E.  Est./S.E.    P-Value

Latent Class 1

 Thresholds
    GND1$1             5.024      1.429      3.516      0.000
    GND2$1            15.000      0.000    999.000    999.000
    GND3$1            -0.848      0.197     -4.302      0.000
    GND4$1           -15.000      0.000    999.000    999.000
    GND5$1             3.087      0.606      5.097      0.000
    GND6$1            -2.444      0.395     -6.188      0.000

Latent Class 2

 Thresholds
    GND1$1            -1.206      0.452     -2.667      0.008
    GND2$1            -3.085      2.833     -1.089      0.276
    GND3$1            -1.863      0.646     -2.882      0.004
    GND4$1            -2.378      1.114     -2.135      0.033
    GND5$1            -0.637      0.440     -1.448      0.148
    GND6$1            -1.989      0.745     -2.669      0.008

Latent Class 3

 Thresholds
    GND1$1            -7.674    170.361     -0.045      0.964
    GND2$1           -15.000      0.000    999.000    999.000
    GND3$1             3.481      1.458      2.387      0.017
    GND4$1             1.747      0.680      2.568      0.010
    GND5$1            -1.119      0.424     -2.642      0.008
    GND6$1             3.963      2.515      1.575      0.115

Latent Class 4

 Thresholds
    GND1$1             1.777      0.477      3.722      0.000
    GND2$1             1.648      0.524      3.143      0.002
    GND3$1             1.134      0.397      2.857      0.004
    GND4$1             0.109      0.353      0.308      0.758
    GND5$1           -15.000      0.000    999.000    999.000
    GND6$1            -1.367      0.440     -3.106      0.002

Latent Class 5

 Thresholds
    GND1$1             2.799      0.981      2.855      0.004
    GND2$1             1.452      0.510      2.849      0.004
    GND3$1             0.612      0.686      0.892      0.373
    GND4$1             1.698      0.592      2.866      0.004
    GND5$1            15.000      0.000    999.000    999.000
    GND6$1            -0.405      0.714     -0.567      0.571

Latent Class 6

 Thresholds
    GND1$1             5.434      0.277     19.595      0.000
    GND2$1             5.866      0.731      8.024      0.000
    GND3$1             6.795      3.299      2.060      0.039
    GND4$1             3.962      0.136     29.092      0.000
    GND5$1             3.683      0.101     36.324      0.000
    GND6$1             3.313      0.277     11.967      0.000

Categorical Latent Variables

 Means
    C#1               -2.928      0.081    -36.043      0.000
    C#2               -4.600      0.312    -14.744      0.000
    C#3               -4.932      0.221    -22.303      0.000
    C#4               -4.061      0.168    -24.223      0.000
    C#5               -3.102      0.596     -5.207      0.000


RESULTS IN PROBABILITY SCALE

Latent Class 1

 GND1
    Category 1         0.993      0.009    107.121      0.000
    Category 2         0.007      0.009      0.704      0.481
 GND2
    Category 1         1.000      0.000      0.000      1.000
    Category 2         0.000      0.000      0.000      1.000
 GND3
    Category 1         0.300      0.041      7.245      0.000
    Category 2         0.700      0.041     16.919      0.000
 GND4
    Category 1         0.000      0.000      0.000      1.000
    Category 2         1.000      0.000      0.000      1.000
 GND5
    Category 1         0.956      0.025     37.831      0.000
    Category 2         0.044      0.025      1.726      0.084
 GND6
    Category 1         0.080      0.029      2.752      0.006
    Category 2         0.920      0.029     31.691      0.000

Latent Class 2

 GND1
    Category 1         0.230      0.080      2.872      0.004
    Category 2         0.770      0.080      9.598      0.000
 GND2
    Category 1         0.044      0.119      0.369      0.712
    Category 2         0.956      0.119      8.069      0.000
 GND3
    Category 1         0.134      0.075      1.787      0.074
    Category 2         0.866      0.075     11.513      0.000
 GND4
    Category 1         0.085      0.087      0.981      0.327
    Category 2         0.915      0.087     10.579      0.000
 GND5
    Category 1         0.346      0.100      3.477      0.001
    Category 2         0.654      0.100      6.573      0.000
 GND6
    Category 1         0.120      0.079      1.525      0.127
    Category 2         0.880      0.079     11.150      0.000

Latent Class 3

 GND1
    Category 1         0.000      0.079      0.006      0.995
    Category 2         1.000      0.079     12.637      0.000
 GND2
    Category 1         0.000      0.000      0.000      1.000
    Category 2         1.000      0.000      0.000      1.000
 GND3
    Category 1         0.970      0.042     22.959      0.000
    Category 2         0.030      0.042      0.707      0.480
 GND4
    Category 1         0.852      0.086      9.906      0.000
    Category 2         0.148      0.086      1.726      0.084
 GND5
    Category 1         0.246      0.079      3.131      0.002
    Category 2         0.754      0.079      9.591      0.000
 GND6
    Category 1         0.981      0.046     21.312      0.000
    Category 2         0.019      0.046      0.405      0.685

Latent Class 4

 GND1
    Category 1         0.855      0.059     14.476      0.000
    Category 2         0.145      0.059      2.449      0.014
 GND2
    Category 1         0.839      0.071     11.817      0.000
    Category 2         0.161      0.071      2.275      0.023
 GND3
    Category 1         0.757      0.073     10.348      0.000
    Category 2         0.243      0.073      3.328      0.001
 GND4
    Category 1         0.527      0.088      5.989      0.000
    Category 2         0.473      0.088      5.373      0.000
 GND5
    Category 1         0.000      0.000      0.000      1.000
    Category 2         1.000      0.000      0.000      1.000
 GND6
    Category 1         0.203      0.071      2.851      0.004
    Category 2         0.797      0.071     11.188      0.000

Latent Class 5

 GND1
    Category 1         0.943      0.053     17.779      0.000
    Category 2         0.057      0.053      1.082      0.279
 GND2
    Category 1         0.810      0.078     10.343      0.000
    Category 2         0.190      0.078      2.421      0.015
 GND3
    Category 1         0.648      0.156      4.143      0.000
    Category 2         0.352      0.156      2.247      0.025
 GND4
    Category 1         0.845      0.077     10.909      0.000
    Category 2         0.155      0.077      1.997      0.046
 GND5
    Category 1         1.000      0.000      0.000      1.000
    Category 2         0.000      0.000      0.000      1.000
 GND6
    Category 1         0.400      0.171      2.335      0.020
    Category 2         0.600      0.171      3.500      0.000

Latent Class 6

 GND1
    Category 1         0.996      0.001    829.562      0.000
    Category 2         0.004      0.001      3.622      0.000
 GND2
    Category 1         0.997      0.002    484.006      0.000
    Category 2         0.003      0.002      1.372      0.170
 GND3
    Category 1         0.999      0.004    271.161      0.000
    Category 2         0.001      0.004      0.303      0.762
 GND4
    Category 1         0.981      0.002    393.355      0.000
    Category 2         0.019      0.002      7.482      0.000
 GND5
    Category 1         0.975      0.002    402.174      0.000
    Category 2         0.025      0.002     10.109      0.000
 GND6
    Category 1         0.965      0.009    102.837      0.000
    Category 2         0.035      0.009      3.743      0.000


LATENT CLASS ODDS RATIO RESULTS

                                                95% C.I.
                    Estimate       S.E.  Lower 2.5% Upper 2.5%

Latent Class 1 Compared to Latent Class 2

 GND1
    Category > 1       0.002      0.003      0.000      0.035
 GND2
    Category > 1       0.000      0.000      0.000      0.000
 GND3
    Category > 1       0.362      0.238      0.100      1.313
 GND4
    Category > 1   *********      0.000  *********  *********
 GND5
    Category > 1       0.024      0.018      0.005      0.107
 GND6
    Category > 1       1.575      1.197      0.355      6.985

Latent Class 1 Compared to Latent Class 3

 GND1
    Category > 1       0.000      0.001      0.000  *********
 GND2
    Category > 1       0.000      0.000      0.000      0.000
 GND3
    Category > 1      75.856    111.311      4.275   1346.046
 GND4
    Category > 1   *********      0.000  *********  *********
 GND5
    Category > 1       0.015      0.011      0.003      0.067
 GND6
    Category > 1     605.856   1585.910      3.583  *********

Latent Class 1 Compared to Latent Class 4

 GND1
    Category > 1       0.039      0.056      0.002      0.650
 GND2
    Category > 1       0.000      0.000      0.000      0.000
 GND3
    Category > 1       7.261      3.278      2.997     17.589
 GND4
    Category > 1   *********      0.000  *********  *********
 GND5
    Category > 1       0.000      0.000      0.000      0.000
 GND6
    Category > 1       2.935      1.587      1.017      8.468

Latent Class 1 Compared to Latent Class 5

 GND1
    Category > 1       0.108      0.189      0.004      3.303
 GND2
    Category > 1       0.000      0.000      0.000      0.000
 GND3
    Category > 1       4.306      3.138      1.032     17.960
 GND4
    Category > 1   *********      0.000  *********  *********
 GND5
    Category > 1   *********      0.000  *********  *********
 GND6
    Category > 1       7.684      6.908      1.319     44.759

Latent Class 1 Compared to Latent Class 6

 GND1
    Category > 1       1.506      2.265      0.079     28.714
 GND2
    Category > 1       0.000      0.000      0.000      0.000
 GND3
    Category > 1    2086.321   6939.007      3.078  *********
 GND4
    Category > 1   *********      0.000  *********  *********
 GND5
    Category > 1       1.815      1.151      0.524      6.291
 GND6
    Category > 1     316.372    154.613    121.396    824.504

Latent Class 2 Compared to Latent Class 3

 GND1
    Category > 1       0.002      0.264      0.000  *********
 GND2
    Category > 1       0.000      0.000      0.000      0.000
 GND3
    Category > 1     209.260    317.106     10.734   4079.374
 GND4
    Category > 1      61.897     82.352      4.562    839.841
 GND5
    Category > 1       0.617      0.371      0.190      2.007
 GND6
    Category > 1     384.621   1036.595      1.954  75710.531

Latent Class 2 Compared to Latent Class 4

 GND1
    Category > 1      19.752     12.277      5.842     66.784
 GND2
    Category > 1     113.569    324.603      0.419  30775.863
 GND3
    Category > 1      20.030     15.947      4.207     95.359
 GND4
    Category > 1      12.022     12.903      1.467     98.521
 GND5
    Category > 1       0.000      0.000      0.000      0.000
 GND6
    Category > 1       1.863      1.712      0.308     11.286

Latent Class 2 Compared to Latent Class 5

 GND1
    Category > 1      54.922     55.862      7.481    403.207
 GND2
    Category > 1      93.399    251.702      0.475  18377.895
 GND3
    Category > 1      11.878     10.688      2.036     69.288
 GND4
    Category > 1      58.897     61.864      7.516    461.510
 GND5
    Category > 1   *********      0.000  *********  *********
 GND6
    Category > 1       4.878      5.433      0.550     43.278

Latent Class 2 Compared to Latent Class 6

 GND1
    Category > 1     765.371    388.380    283.094   2069.254
 GND2
    Category > 1    7713.060  20844.381     38.622  *********
 GND3
    Category > 1    5755.424  19279.820      8.103  *********
 GND4
    Category > 1     566.953    620.595     66.342   4845.092
 GND5
    Category > 1      75.207     34.157     30.879    183.171
 GND6
    Category > 1     200.845    163.881     40.579    994.071

Latent Class 3 Compared to Latent Class 4

 GND1
    Category > 1   12718.845  *********      0.000  *********
 GND2
    Category > 1   *********      0.000  *********  *********
 GND3
    Category > 1       0.096      0.146      0.005      1.905
 GND4
    Category > 1       0.194      0.156      0.040      0.933
 GND5
    Category > 1       0.000      0.000      0.000      0.000
 GND6
    Category > 1       0.005      0.013      0.000      0.843

Latent Class 3 Compared to Latent Class 5

 GND1
    Category > 1   35366.633  *********      0.000  *********
 GND2
    Category > 1   *********      0.000  *********  *********
 GND3
    Category > 1       0.057      0.089      0.003      1.226
 GND4
    Category > 1       0.952      0.910      0.146      6.199
 GND5
    Category > 1   *********      0.000  *********  *********
 GND6
    Category > 1       0.013      0.032      0.000      1.722

Latent Class 3 Compared to Latent Class 6

 GND1
    Category > 1   *********  *********      0.000  *********
 GND2
    Category > 1   *********      0.000  *********  *********
 GND3
    Category > 1      27.504     99.885      0.022  33942.254
 GND4
    Category > 1       9.160      6.615      2.224     37.728
 GND5
    Category > 1     121.860     53.021     51.940    285.908
 GND6
    Category > 1       0.522      1.299      0.004     68.364

Latent Class 4 Compared to Latent Class 5

 GND1
    Category > 1       2.781      2.810      0.384     20.153
 GND2
    Category > 1       0.822      0.534      0.231      2.933
 GND3
    Category > 1       0.593      0.427      0.144      2.436
 GND4
    Category > 1       4.899      2.993      1.480     16.222
 GND5
    Category > 1   *********      0.000  *********  *********
 GND6
    Category > 1       2.618      2.133      0.530     12.926

Latent Class 4 Compared to Latent Class 6

 GND1
    Category > 1      38.750     23.068     12.065    124.451
 GND2
    Category > 1      67.915     55.660     13.625    338.522
 GND3
    Category > 1     287.340    942.459      0.464  *********
 GND4
    Category > 1      47.159     17.103     23.166     96.002
 GND5
    Category > 1   *********      0.000  *********  *********
 GND6
    Category > 1     107.808     51.436     42.318    274.647

Latent Class 5 Compared to Latent Class 6

 GND1
    Category > 1      13.936     11.821      2.643     73.485
 GND2
    Category > 1      82.582     46.246     27.555    247.494
 GND3
    Category > 1     484.528   1398.172      1.694  *********
 GND4
    Category > 1       9.626      5.936      2.874     32.238
 GND5
    Category > 1       0.000      0.000      0.000      0.000
 GND6
    Category > 1      41.174     22.763     13.933    121.681


QUALITY OF NUMERICAL RESULTS

     Condition Number for the Information Matrix              0.250E-06
       (ratio of smallest to largest eigenvalue)


MODEL COMMAND WITH FINAL ESTIMATES USED AS STARTING VALUES

     %OVERALL%

     [ c#1*-2.92842 ];
     [ c#2*-4.59989 ];
     [ c#3*-4.93207 ];
     [ c#4*-4.06072 ];
     [ c#5*-3.10183 ];

     %C#1%

     [ gnd1$1*5.02449 ];
     [ gnd2$1*15 ];
     [ gnd3$1*-0.84806 ];
     [ gnd4$1*-15 ];
     [ gnd5$1*3.08715 ];
     [ gnd6$1*-2.44375 ];

     %C#2%

     [ gnd1$1*-1.20646 ];
     [ gnd2$1*-3.08470 ];
     [ gnd3$1*-1.86280 ];
     [ gnd4$1*-2.37808 ];
     [ gnd5$1*-0.63682 ];
     [ gnd6$1*-1.98937 ];

     %C#3%

     [ gnd1$1*-7.67406 ];
     [ gnd2$1*-15 ];
     [ gnd3$1*3.48078 ];
     [ gnd4$1*1.74739 ];
     [ gnd5$1*-1.11945 ];
     [ gnd6$1*3.96289 ];

     %C#4%

     [ gnd1$1*1.77678 ];
     [ gnd2$1*1.64771 ];
     [ gnd3$1*1.13443 ];
     [ gnd4$1*0.10867 ];
     [ gnd5$1*-15 ];
     [ gnd6$1*-1.36718 ];

     %C#5%

     [ gnd1$1*2.79946 ];
     [ gnd2$1*1.45218 ];
     [ gnd3$1*0.61192 ];
     [ gnd4$1*1.69772 ];
     [ gnd5$1*15 ];
     [ gnd6$1*-0.40465 ];

     %C#6%

     [ gnd1$1*5.43390 ];
     [ gnd2$1*5.86597 ];
     [ gnd3$1*6.79510 ];
     [ gnd4$1*3.96219 ];
     [ gnd5$1*3.68343 ];
     [ gnd6$1*3.31317 ];



TECHNICAL 10 OUTPUT


     MODEL FIT INFORMATION FOR THE LATENT CLASS INDICATOR MODEL PART


     RESPONSE PATTERNS

     No.  Pattern    No.  Pattern    No.  Pattern    No.  Pattern
       1  000000       2  000001       3  000010       4  000011
       5  000100       6  000101       7  000110       8  000111
       9  001000      10  001001      11  001010      12  001011
      13  001100      14  001101      15  001110      16  001111
      17  010000      18  010001      19  010010      20  010011
      21  010100      22  010101      23  010110      24  010111
      25  011000      26  011001      27  011010      28  011011
      29  011100      30  011101      31  011110      32  011111
      33  100000      34  100001      35  100010      36  100011
      37  100100      38  100110      39  100111      40  101001
      41  101011      42  101101      43  101111      44  110000
      45  110010      46  110011      47  110100      48  110101
      49  110110      50  110111      51  111001      52  111010
      53  111011      54  111100      55  111101      56  111110
      57  111111      58  0000*0      59  0001*0      60  0010*0
      61  0010*1      62  0011*1      63  0100*1      64  0111*1
      65  000*00      66  000*01      67  000*10      68  100*01
      69  111*10      70  00*000      71  00*001      72  00*010
      73  00*011      74  00*100      75  00*101      76  01*000
      77  11*110      78  11*111      79  ***0**      80  ****1*
      81  0*0000      82  0*0001      83  0*0101      84  0*1000
      85  00000*      86  00001*      87  00100*      88  00110*
      89  01000*      90  01110*      91  11100*      92  *0****
      93  *1****      94  000***      95  110***      96  **1***
      97  0000**      98  *000**      99  00*0*0     100  00*0*1
     101  *00000     102  *01111     103  *10010     104  *11001
     105  00****     106  0*****     107  000*0*     108  **00**
     109  **11**     110  00*0**     111  **101*


     RESPONSE PATTERN FREQUENCIES AND CHI-SQUARE CONTRIBUTIONS

    Response          Frequency     Standardized  Chi-square Contribution
     Pattern    Observed  Estimated   Residual    Pearson   Loglikelihood  Deleted
                                     (z-score)
         1      4881.62    4840.80       1.29       0.00         0.31
         2       221.82     233.95      -0.76       0.05        -1.04
         3       120.88     125.94      -0.43       0.03        -0.68
         4        26.33      24.99       0.25       0.04         4.61
         5       104.73     104.94      -0.02       0.00        -0.19
         6        85.23      87.66      -0.25      -0.05         1.47
         7         7.73       7.30       0.15       0.02         1.00
         8        21.18      21.95      -0.16       0.02        -2.41
         9        25.21      26.79      -0.29      -0.02         0.27
        10        30.05      32.30      -0.37       0.07        -1.13
        11         1.63       1.83      -0.14       0.01        -0.11
        12         4.97       6.65      -0.62       0.37        -1.90
        13        19.06      18.94       0.03       0.00         0.58
        14       174.55     177.59      -0.22       0.03        -1.76
        15         1.83       2.23      -0.25       0.07        -0.74
        16        13.75      14.01      -0.07      -0.04         1.11
        17        21.68      22.86      -0.23       0.02        -0.42
        18        13.05      14.39      -0.33      -0.75         4.21
        19         1.33       1.37      -0.03       0.00        -0.05
        20         2.67       4.05      -0.65       0.33        -1.00
        21         2.43       2.01       0.28       0.09         0.83
        22         2.23       2.98      -0.41       0.19        -1.31
        23         0.87       1.03      -0.14       0.02        -0.30
        24         5.46       4.38       0.49       0.27         2.28
        25         5.03       5.06      -0.01      -0.02         0.57
        26         4.65       7.77      -1.06       1.20        -3.83
        27         0.81       0.39       0.63       0.45         1.28
        28         0.83       1.77      -0.67       0.49        -1.16
        29         2.64       1.30       1.11       1.31         4.64
        30         2.25       4.17      -0.89       0.74        -1.62
        31         0.90       1.02      -0.11       0.01        -0.21
        32         6.45       6.43       0.01      -0.04         1.09
        33        24.53      23.37       0.23       0.04         1.13
        34         3.48       4.37      -0.40       0.06        -0.31
        35         0.79       1.42      -0.49       0.27        -0.95
        36         1.93       3.52      -0.80       0.71        -2.39
        37         0.59       0.89      -0.30       0.10        -0.51
        38         1.73       0.83       0.94       1.00         2.49
        39         3.19       3.27      -0.04       0.00        -0.31
        40         4.97       1.99       1.99       4.46         8.93
        41         3.41       1.20       1.91       4.10         7.47
        42         2.88       1.91       0.66       0.48         2.28
        43         1.38       1.87      -0.34       0.12        -0.68
        44         6.17       8.18      -0.66       0.50        -3.43
        45        24.36      23.30       0.21       0.02         3.70
        46         1.83       1.36       0.37       0.16         1.10
        47         4.17       1.62       1.90       4.04         7.94
        48         2.25       1.63       0.46       0.23         1.46
        49         1.49       4.55      -1.36       1.91        -2.37
        50         2.45       3.42      -0.49       0.27        -1.40
        51         1.87       1.33       0.44      -0.24         3.09
        52         0.88       0.99      -0.11      -0.14         0.51
        53         0.99       1.87      -0.61       0.41        -1.15
        54         1.48       1.38       0.09       0.01         0.22
        55         8.04       9.43      -0.43       0.21        -2.57
        56         0.96       2.59      -0.96       0.38        -0.37
        57        18.74      17.87       0.19       0.01         3.46
        58        11.18      16.48      -3.05       0.00         0.00
        59         0.89       0.37       0.81       0.01         0.01
        60         0.78       0.09       2.11       0.02         0.00
        61         0.85       0.13       1.91      -0.26        -0.08
        62         0.91       0.64       0.33       0.00         0.00
        63         4.36       0.06       9.45       0.00         0.82
        64         0.72       0.04       3.46      -1.04        -0.10
        65        20.90      30.47      -4.00       0.00         0.00
        66        11.09       1.98       6.28       0.04         0.01
        67         2.81       0.82       2.09       0.01         0.01
        68         0.81       0.03       3.96      -6.49        -0.47
        69         0.97       0.02       6.04      -1.48        -0.07
        70        13.08      24.53      -5.14       0.00         0.00
        71         6.96       1.34       4.68      -0.15        -0.06
        72         0.81       0.64       0.20       0.00        -0.01
        73         0.72       0.16       1.33       0.11         0.05
        74         1.87       0.62       1.50       0.01         0.01
        75         3.63       1.34       1.92       0.00         0.00
        76         0.88       0.14       1.87       0.01         0.00
        77         1.12       0.04       5.37     -24.39        -1.19
        78         0.86       0.11       2.16       0.27         0.07
        79         6.77       6.18       0.75       0.00         0.00
        80         1.45       0.07       4.98      -0.02         0.00
        81        10.40      11.31      -0.60       0.00         0.00
        82         0.97       0.58       0.50       0.01         0.02
        83         1.27       0.21       2.19       0.00         0.00
        84         1.17       0.07       3.80       0.25         0.03
        85        13.31      18.49      -2.99       0.00         0.00
        86         3.92       0.55       4.35       0.35         0.10
        87         0.85       0.22       1.29      -0.02        -0.01
        88         0.81       0.72       0.11       0.00         0.00
        89         0.93       0.14       2.05       0.36         0.11
        90         0.94       0.02       6.14       4.14         0.18
        91         0.88       0.01       9.44      31.34         0.76      DELETED
        92         1.32       3.10      -5.77       0.00         0.00
        93         1.87       0.09       5.77      -0.01         0.00
        94         5.20       5.57      -0.52       0.00         0.00
        95         0.87       0.05       3.65      -0.35        -0.04
        96         3.24       0.19       6.75       0.02         0.00
        97         7.39       6.50       0.95       0.00         0.00
        98         1.15       1.02       0.36       0.00         0.00
        99         0.97       2.09      -1.84       0.00         0.00
       100         1.52       0.12       3.82       0.00         0.00
       101         0.80       2.58      -2.46       0.00         0.00
       102         0.94       0.01       9.45       0.00         0.02      DELETED
       103         0.57       0.01       4.60       1.69         0.08
       104         0.84       0.00       9.45       0.00        -0.18      DELETED
       105         0.85       0.82       0.17       0.00         0.00
       106         2.88       2.82       0.24       0.00         0.00
       107         1.62       1.44       0.43       0.00         0.00
       108         1.35       3.03      -2.86       0.00         0.00
       109         2.02       0.15       4.69       0.04         0.01
       110         1.44       1.28       0.39       0.00         0.00
       111         0.86       0.00       9.45       0.00         0.00      DELETED

     THE TOTAL PEARSON CHI-SQUARE CONTRIBUTION FROM EMPTY CELLS IS         5.40


     UNIVARIATE MODEL FIT INFORMATION

                               Estimated Probabilities
                                                  Standardized
     Variable              H1           H0          Residual
                                                   (z-score)
     GND1
       Category 1        0.978        0.978          -0.024
       Category 2        0.022        0.022           0.024
       Univariate Pearson Chi-Square                  0.001
       Univariate Log-Likelihood Chi-Square           0.001
     GND2
       Category 1        0.973        0.973           0.004
       Category 2        0.027        0.027          -0.004
       Univariate Pearson Chi-Square                  0.000
       Univariate Log-Likelihood Chi-Square           0.000
     GND3
       Category 1        0.940        0.940          -0.007
       Category 2        0.060        0.060           0.007
       Univariate Pearson Chi-Square                  0.000
       Univariate Log-Likelihood Chi-Square           0.000
     GND4
       Category 1        0.914        0.914           0.010
       Category 2        0.086        0.086          -0.010
       Univariate Pearson Chi-Square                  0.000
       Univariate Log-Likelihood Chi-Square           0.000
     GND5
       Category 1        0.951        0.950           0.009
       Category 2        0.049        0.050          -0.009
       Univariate Pearson Chi-Square                  0.000
       Univariate Log-Likelihood Chi-Square           0.000
     GND6
       Category 1        0.882        0.882          -0.002
       Category 2        0.118        0.118           0.002
       Univariate Pearson Chi-Square                  0.000
       Univariate Log-Likelihood Chi-Square           0.000

       Overall Univariate Pearson Chi-Square                         0.001
       Overall Univariate Log-Likelihood Chi-Square                  0.001


     BIVARIATE MODEL FIT INFORMATION

                                              Estimated Probabilities
                                                                 Standardized
     Variable       Variable              H1           H0          Residual
                                                                  (z-score)
     GND1           GND2
       Category 1     Category 1        0.964        0.965          -0.042
       Category 1     Category 2        0.014        0.014           0.037
       Category 2     Category 1        0.008        0.008           0.093
       Category 2     Category 2        0.014        0.014          -0.042
       Bivariate Pearson Chi-Square                                  0.013
       Bivariate Log-Likelihood Chi-Square                           0.013
     GND1           GND3
       Category 1     Category 1        0.927        0.926           0.168
       Category 1     Category 2        0.051        0.052          -0.214
       Category 2     Category 1        0.014        0.014          -0.387
       Category 2     Category 2        0.008        0.008           0.564
       Bivariate Pearson Chi-Square                                  0.570
       Bivariate Log-Likelihood Chi-Square                           0.563
     GND1           GND4
       Category 1     Category 1        0.901        0.901          -0.054
       Category 1     Category 2        0.077        0.077           0.047
       Category 2     Category 1        0.013        0.013           0.167
       Category 2     Category 2        0.009        0.009          -0.163
       Bivariate Pearson Chi-Square                                  0.063
       Bivariate Log-Likelihood Chi-Square                           0.063
     GND1           GND5
       Category 1     Category 1        0.940        0.940          -0.033
       Category 1     Category 2        0.038        0.038           0.022
       Category 2     Category 1        0.010        0.010           0.095
       Category 2     Category 2        0.011        0.012          -0.057
       Bivariate Pearson Chi-Square                                  0.014
       Bivariate Log-Likelihood Chi-Square                           0.014
     GND1           GND6
       Category 1     Category 1        0.870        0.870           0.097
       Category 1     Category 2        0.108        0.109          -0.116
       Category 2     Category 1        0.012        0.012          -0.304
       Category 2     Category 2        0.010        0.010           0.376
       Bivariate Pearson Chi-Square                                  0.274
       Bivariate Log-Likelihood Chi-Square                           0.273
     GND2           GND3
       Category 1     Category 1        0.924        0.924          -0.059
       Category 1     Category 2        0.049        0.049           0.075
       Category 2     Category 1        0.017        0.017           0.108
       Category 2     Category 2        0.011        0.011          -0.140
       Bivariate Pearson Chi-Square                                  0.041
       Bivariate Log-Likelihood Chi-Square                           0.041
     GND2           GND4
       Category 1     Category 1        0.898        0.898           0.066
       Category 1     Category 2        0.075        0.075          -0.073
       Category 2     Category 1        0.016        0.016          -0.135
       Category 2     Category 2        0.011        0.011           0.158
       Bivariate Pearson Chi-Square                                  0.054
       Bivariate Log-Likelihood Chi-Square                           0.054
     GND2           GND5
       Category 1     Category 1        0.936        0.936           0.007
       Category 1     Category 2        0.037        0.037          -0.006
       Category 2     Category 1        0.014        0.014           0.002
       Category 2     Category 2        0.013        0.013          -0.007
       Bivariate Pearson Chi-Square                                  0.000
       Bivariate Log-Likelihood Chi-Square                           0.000
     GND2           GND6
       Category 1     Category 1        0.868        0.869          -0.065
       Category 1     Category 2        0.104        0.104           0.074
       Category 2     Category 1        0.013        0.013           0.186
       Category 2     Category 2        0.014        0.014          -0.185
       Bivariate Pearson Chi-Square                                  0.082
       Bivariate Log-Likelihood Chi-Square                           0.082
     GND3           GND4
       Category 1     Category 1        0.898        0.898           0.018
       Category 1     Category 2        0.042        0.042          -0.035
       Category 2     Category 1        0.015        0.016          -0.020
       Category 2     Category 2        0.044        0.044           0.020
       Bivariate Pearson Chi-Square                                  0.002
       Bivariate Log-Likelihood Chi-Square                           0.002
     GND3           GND5
       Category 1     Category 1        0.901        0.901           0.046
       Category 1     Category 2        0.039        0.039          -0.079
       Category 2     Category 1        0.049        0.049          -0.054
       Category 2     Category 2        0.011        0.010           0.133
       Bivariate Pearson Chi-Square                                  0.030
       Bivariate Log-Likelihood Chi-Square                           0.030
     GND3           GND6
       Category 1     Category 1        0.871        0.871           0.020
       Category 1     Category 2        0.070        0.070          -0.033
       Category 2     Category 1        0.011        0.011          -0.072
       Category 2     Category 2        0.049        0.049           0.043
       Bivariate Pearson Chi-Square                                  0.009
       Bivariate Log-Likelihood Chi-Square                           0.009
     GND4           GND5
       Category 1     Category 1        0.880        0.880          -0.038
       Category 1     Category 2        0.034        0.034           0.085
       Category 2     Category 1        0.071        0.070           0.056
       Category 2     Category 2        0.015        0.016          -0.139
       Bivariate Pearson Chi-Square                                  0.033
       Bivariate Log-Likelihood Chi-Square                           0.033
     GND4           GND6
       Category 1     Category 1        0.856        0.856          -0.063
       Category 1     Category 2        0.058        0.058           0.107
       Category 2     Category 1        0.026        0.025           0.136
       Category 2     Category 2        0.060        0.061          -0.101
       Bivariate Pearson Chi-Square                                  0.044
       Bivariate Log-Likelihood Chi-Square                           0.044
     GND5           GND6
       Category 1     Category 1        0.852        0.852           0.046
       Category 1     Category 2        0.098        0.098          -0.049
       Category 2     Category 1        0.029        0.030          -0.101
       Category 2     Category 2        0.020        0.020           0.109
       Bivariate Pearson Chi-Square                                  0.027
       Bivariate Log-Likelihood Chi-Square                           0.027

       Overall Bivariate Pearson Chi-Square                          1.256
       Overall Bivariate Log-Likelihood Chi-Square                   1.247


TECHNICAL 11 OUTPUT

     Random Starts Specifications for the k-1 Class Analysis Model
        Number of initial stage random starts                1000
        Number of final stage optimizations                   250



     VUONG-LO-MENDELL-RUBIN LIKELIHOOD RATIO TEST FOR 5 (H0) VERSUS 6 CLASSES

          H0 Loglikelihood Value                        -6034.546
          2 Times the Loglikelihood Difference             20.696
          Difference in the Number of Parameters                7
          Mean                                             -1.017
          Standard Deviation                               70.280
          P-Value                                          0.3734

     LO-MENDELL-RUBIN ADJUSTED LRT TEST

          Value                                            20.362
          P-Value                                          0.3759


SAVEDATA INFORMATION


  Save file
    Prob_NOR_GNDlca_C3cl6.dat

  Order and format of variables

    GND1           F10.3
    GND2           F10.3
    GND3           F10.3
    GND4           F10.3
    GND5           F10.3
    GND6           F10.3
    CPROB1         F10.3
    CPROB2         F10.3
    CPROB3         F10.3
    CPROB4         F10.3
    CPROB5         F10.3
    CPROB6         F10.3
    C              F10.3
    WS             F10.3
    IDSTUD         I9
    ID_S           I5
    ID_J           I5

  Save file format
    14F10.3 I9 2I5

  Save file record length    10000

  Save missing symbol        *


     Beginning Time:  22:32:23
        Ending Time:  22:32:28
       Elapsed Time:  00:00:05



MUTHEN & MUTHEN
3463 Stoner Ave.
Los Angeles, CA  90066

Tel: (310) 391-9971
Fax: (310) 391-8971
Web: www.StatModel.com
Support: Support@StatModel.com

Copyright (c) 1998-2020 Muthen & Muthen
