Mplus VERSION 8.5 (Mac)
MUTHEN & MUTHEN
04/07/2021  10:29 PM

INPUT INSTRUCTIONS

  TITLE: FINGND LCA - C3 with 3 classes;
  DATA:
  FILE = GNDDtaC3.dat;

  VARIABLE:
  NAMES = id_i
  id_j
  id_r
  id_s
  id_k
  wt
  ws
  GND1
  GND2
  GND3
  GND4
  GND5
  GND6
  IDSTUD;
  IDVARIABLE = IDSTUD;
  USEVARIABLES = GND1
  GND2
  GND3
  GND4
  GND5
  GND6;
  USEOBSERVATIONS ARE id_k EQ 5;
  CATEGORICAL = GND1
  GND2
  GND3
  GND4
  GND5
  GND6;
  MISSING = .;
  CLASSES = c(3);
  WEIGHT = ws;
  STRATIFICATION = id_s;
  CLUSTER = id_j;

  ANALYSIS:
  TYPE = COMPLEX MIXTURE;
  PROCESSORS = 4;
  STARTS = 1000 250;
  STITERATIONS = 20;
  STSEED = 288;

  MODEL:
  %OVERALL%

  OUTPUT:
  TECH10
  TECH11
  SVALUES
  ;

  SAVEDATA:
  FILE = Prob_FIN_GNDlca_C3cl3.dat;
  SAVE = CPROBABILITIES;



*** WARNING in VARIABLE command
  When a subpopulation is analyzed with TYPE=COMPLEX, standard errors
  may be incorrect.  Use the SUBPOPULATION option instead of the
  USEOBSERVATIONS option to obtain correct standard errors.
*** WARNING
  Data set contains cases with missing on all variables.
  These cases were not included in the analysis.
  Number of cases with missing on all variables:  35
   2 WARNING(S) FOUND IN THE INPUT INSTRUCTIONS



FINGND LCA - C3 with 3 classes;

SUMMARY OF ANALYSIS

Number of groups                                                 1
Number of observations                                        3138

Number of dependent variables                                    6
Number of independent variables                                  0
Number of continuous latent variables                            0
Number of categorical latent variables                           1

Observed dependent variables

  Binary and ordered categorical (ordinal)
   GND1        GND2        GND3        GND4        GND5        GND6

Categorical latent variables
   C

Variables with special functions

  Stratification        ID_S
  Cluster variable      ID_J
  Weight variable       WS
  ID variable           IDSTUD

Estimator                                                      MLR
Information matrix                                        OBSERVED
Optimization Specifications for the Quasi-Newton Algorithm for
Continuous Outcomes
  Maximum number of iterations                                 100
  Convergence criterion                                  0.100D-05
Optimization Specifications for the EM Algorithm
  Maximum number of iterations                                 500
  Convergence criteria
    Loglikelihood change                                 0.100D-06
    Relative loglikelihood change                        0.100D-06
    Derivative                                           0.100D-05
Optimization Specifications for the M step of the EM Algorithm for
Categorical Latent variables
  Number of M step iterations                                    1
  M step convergence criterion                           0.100D-05
  Basis for M step termination                           ITERATION
Optimization Specifications for the M step of the EM Algorithm for
Censored, Binary or Ordered Categorical (Ordinal), Unordered
Categorical (Nominal) and Count Outcomes
  Number of M step iterations                                    1
  M step convergence criterion                           0.100D-05
  Basis for M step termination                           ITERATION
  Maximum value for logit thresholds                            15
  Minimum value for logit thresholds                           -15
  Minimum expected cell size for chi-square              0.100D-01
Maximum number of iterations for H1                           2000
Convergence criterion for H1                             0.100D-03
Optimization algorithm                                         EMA
Random Starts Specifications
  Number of initial stage random starts                       1000
  Number of final stage optimizations                          250
  Number of initial stage iterations                            20
  Initial stage convergence criterion                    0.100D+01
  Random starts scale                                    0.500D+01
  Random seed for generating random starts                     288
Link                                                         LOGIT

Input data file(s)
  GNDDtaC3.dat
Input data format  FREE


SUMMARY OF DATA

     Number of missing data patterns            13
     Number of y missing data patterns           0
     Number of u missing data patterns          13
     Number of strata                           75
     Number of clusters                        179


COVARIANCE COVERAGE OF DATA

Minimum covariance coverage value   0.100


     PROPORTION OF DATA PRESENT FOR U


           Covariance Coverage
              GND1          GND2          GND3          GND4          GND5
              ________      ________      ________      ________      ________
 GND1           0.999
 GND2           0.997         0.998
 GND3           0.993         0.992         0.994
 GND4           0.996         0.995         0.991         0.996
 GND5           0.991         0.990         0.986         0.989         0.992
 GND6           0.994         0.993         0.989         0.992         0.988


           Covariance Coverage
              GND6
              ________
 GND6           0.995


UNIVARIATE PROPORTIONS AND COUNTS FOR CATEGORICAL VARIABLES

    GND1
      Category 1    0.982         3079.555
      Category 2    0.018           55.700
    GND2
      Category 1    0.974         3052.190
      Category 2    0.026           80.408
    GND3
      Category 1    0.942         2937.072
      Category 2    0.058          182.263
    GND4
      Category 1    0.900         2813.752
      Category 2    0.100          313.265
    GND5
      Category 1    0.946         2945.147
      Category 2    0.054          168.101
    GND6
      Category 1    0.862         2691.727
      Category 2    0.138          430.761


RANDOM STARTS RESULTS RANKED FROM THE BEST TO THE WORST LOGLIKELIHOOD VALUES

Final stage loglikelihood values at local maxima, seeds, and initial stage start numbers:

           -3476.649  55908            587
           -3476.649  527001           801
           -3476.649  986007           548
           -3476.649  762858           815
           -3476.649  529186           368
           -3476.649  591912           901
           -3476.649  717571           695
           -3476.649  839088           250
           -3476.649  648136           544
           -3476.649  453466           557
           -3476.649  816924           905
           -3476.649  333699           364
           -3476.649  659661           805
           -3476.649  894345           834
           -3476.649  81666            810
           -3476.649  624641           303
           -3476.649  972138           488
           -3476.649  902664           49
           -3476.649  524281           659
           -3476.649  435790           936
           -3476.649  154351           1000
           -3476.649  710213           362
           -3476.649  211892           429
           -3476.649  721582           836
           -3476.649  241342           73
           -3476.649  268362           708
           -3476.649  210983           209
           -3476.649  320296           22
           -3476.649  451093           729
           -3476.649  79880            655
           -3476.649  924010           464
           -3476.649  732345           551
           -3476.649  699594           29
           -3476.649  704835           650
           -3476.649  728622           648
           -3476.649  339904           18
           -3476.649  684891           629
           -3476.649  782637           338
           -3476.649  199816           11
           -3476.649  256752           574
           -3476.649  790562           348
           -3476.649  840324           396
           -3476.649  519601           283
           -3476.649  372542           484
           -3476.649  56932            607
           -3476.649  589193           985
           -3476.649  982761           960
           -3476.649  90128            72
           -3476.649  747600           691
           -3476.649  222182           214
           -3476.649  890198           417
           -3476.649  488534           375
           -3476.649  494022           377
           -3476.649  215275           485
           -3476.649  533106           641
           -3476.649  865322           360
           -3476.649  366545           376
           -3476.649  792032           871
           -3476.649  547800           794
           -3476.649  313816           213
           -3476.649  269849           945
           -3476.649  641878           115
           -3476.649  850201           541
           -3476.649  4082             445
           -3476.649  126060           290
           -3476.649  390827           631
           -3476.649  884788           184
           -3476.649  503965           373
           -3476.649  571411           289
           -3476.649  732743           929
           -3476.649  634855           285
           -3476.649  602610           203
           -3476.649  529702           963
           -3476.649  333225           769
           -3476.649  326600           602
           -3476.649  32588            319
           -3476.649  263678           491
           -3476.649  56586            165
           -3476.649  859868           243
           -3476.649  589511           247
           -3476.649  983900           706
           -3476.649  611976           753
           -3476.649  836620           612
           -3476.649  858588           621
           -3476.649  870330           822
           -3476.649  912118           560
           -3476.649  983784           118
           -3476.649  675607           984
           -3476.649  831668           932
           -3476.649  842046           255
           -3476.649  133726           623
           -3476.649  687662           201
           -3476.649  678354           772
           -3476.649  55657            553
           -3476.649  255481           751
           -3476.649  223897           799
           -3476.649  124010           543
           -3476.649  584751           81
           -3476.649  846206           744
           -3476.649  1583             21
           -3476.649  660518           172
           -3476.649  691118           345
           -3476.649  230316           311
           -3476.649  540183           715
           -3476.649  837735           868
           -3476.649  461967           392
           -3476.649  533600           307
           -3476.649  910774           698
           -3476.649  204389           952
           -3476.649  953866           508
           -3476.649  699998           861
           -3476.649  729170           117
           -3476.649  618623           684
           -3476.649  901878           440
           -3476.649  56334            616
           -3476.649  926166           281
           -3476.649  256261           263
           -3476.649  546573           760
           -3476.649  224744           658
           -3476.649  513056           385
           -3476.649  613990           76
           -3476.649  819256           294
           -3476.649  139408           978
           -3476.649  971300           813
           -3476.680  403376           842
           -3476.680  58623            732
           -3476.680  558819           667
           -3476.680  476644           343
           -3476.680  789373           634
           -3476.680  94899            490
           -3476.680  125830           187
           -3476.680  827739           606
           -3476.680  789068           174
           -3476.680  866003           788
           -3476.680  302904           999
           -3476.680  883238           52
           -3476.680  421387           414
           -3476.680  763930           393
           -3476.680  104144           78
           -3476.680  963387           400
           -3476.680  397629           873
           -3476.680  289713           533
           -3476.680  782833           282
           -3476.680  394891           167
           -3476.680  922739           741
           -3476.680  440829           431
           -3476.680  746589           818
           -3476.680  462497           983
           -3476.680  427416           339
           -3476.680  454608           451
           -3476.680  332221           542
           -3476.680  972482           465
           -3479.199  691572           297
           -3479.199  419505           205
           -3479.199  319498           137
           -3479.199  766563           249
           -3479.911  251470           803
           -3479.911  103347           181
           -3481.079  29688            817
           -3481.079  100746           790
           -3481.079  821515           756

89 perturbed starting value run(s) did not converge or were rejected in the third stage.



THE BEST LOGLIKELIHOOD VALUE HAS BEEN REPLICATED.  RERUN WITH AT LEAST TWICE THE
RANDOM STARTS TO CHECK THAT THE BEST LOGLIKELIHOOD IS STILL OBTAINED AND REPLICATED.


     WARNING:  THE VARIANCE CONTRIBUTION FROM A STRATUM WITH A SINGLE CLUSTER
     (PSU) IS BASED ON THE DIFFERENCE BETWEEN THE SINGLE CLUSTER VALUE AND
     THE OVERALL CLUSTER MEAN.


THE MODEL ESTIMATION TERMINATED NORMALLY



MODEL FIT INFORMATION

Number of Free Parameters                       20

Loglikelihood

          H0 Value                       -3476.649
          H0 Scaling Correction Factor      1.2798
            for MLR

Information Criteria

          Akaike (AIC)                    6993.298
          Bayesian (BIC)                  7114.325
          Sample-Size Adjusted BIC        7050.776
            (n* = (n + 2) / 24)

Chi-Square Test of Model Fit for the Binary and Ordered Categorical
(Ordinal) Outcomes**

          Pearson Chi-Square

          Value                             79.069
          Degrees of Freedom                    42
          P-Value                           0.0005

          Likelihood Ratio Chi-Square

          Value                             89.458
          Degrees of Freedom                    42
          P-Value                           0.0000

** Of the 336 cells in the latent class indicator table, 1
   were deleted in the calculation of chi-square due to extreme values.

Chi-Square Test for MCAR under the Unrestricted Latent Class Indicator Model

          Pearson Chi-Square

          Value                            347.406
          Degrees of Freedom                   260
          P-Value                           0.0002

          Likelihood Ratio Chi-Square

          Value                             96.170
          Degrees of Freedom                   260
          P-Value                           1.0000



FINAL CLASS COUNTS AND PROPORTIONS FOR THE LATENT CLASSES
BASED ON THE ESTIMATED MODEL

    Latent
   Classes

       1         49.50570          0.01578
       2        334.61070          0.10663
       3       2753.88360          0.87759


FINAL CLASS COUNTS AND PROPORTIONS FOR THE LATENT CLASSES
BASED ON ESTIMATED POSTERIOR PROBABILITIES

    Latent
   Classes

       1         49.50570          0.01578
       2        334.61070          0.10663
       3       2753.88360          0.87759


FINAL CLASS COUNTS AND PROPORTIONS FOR THE LATENT CLASSES
BASED ON THEIR MOST LIKELY LATENT CLASS MEMBERSHIP

Class Counts and Proportions

    Latent
   Classes

       1               50          0.01600
       2              268          0.08542
       3             2820          0.89858


CLASSIFICATION QUALITY

     Entropy                         0.907


Average Latent Class Probabilities for Most Likely Latent Class Membership (Row)
by Latent Class (Column)

           1        2        3

    1   0.824    0.164    0.012
    2   0.029    0.922    0.049
    3   0.000    0.028    0.972


Classification Probabilities for the Most Likely Latent Class Membership (Column)
by Latent Class (Row)

           1        2        3

    1   0.836    0.156    0.008
    2   0.025    0.739    0.236
    3   0.000    0.005    0.995


Logits for the Classification Probabilities for the Most Likely Latent Class Membership (Column)
by Latent Class (Row)

              1        2        3

    1      4.625    2.948    0.000
    2     -2.260    1.140    0.000
    3     -8.459   -5.345    0.000


MODEL RESULTS

                                                    Two-Tailed
                    Estimate       S.E.  Est./S.E.    P-Value

Latent Class 1

 Thresholds
    GND1$1            -1.120      0.841     -1.332      0.183
    GND2$1            -1.460      0.734     -1.989      0.047
    GND3$1            -0.329      0.516     -0.638      0.523
    GND4$1            -0.426      0.396     -1.074      0.283
    GND5$1            -1.193      0.549     -2.175      0.030
    GND6$1            -0.635      0.444     -1.429      0.153

Latent Class 2

 Thresholds
    GND1$1             2.824      0.415      6.805      0.000
    GND2$1             2.387      0.406      5.878      0.000
    GND3$1             0.267      0.223      1.199      0.231
    GND4$1            -0.524      0.270     -1.944      0.052
    GND5$1             1.279      0.184      6.967      0.000
    GND6$1            -1.200      0.261     -4.600      0.000

Latent Class 3

 Thresholds
    GND1$1             9.242      4.170      2.217      0.027
    GND2$1             5.409      0.352     15.348      0.000
    GND3$1             5.428      0.506     10.720      0.000
    GND4$1             3.594      0.170     21.112      0.000
    GND5$1             3.816      0.140     27.243      0.000
    GND6$1             2.904      0.132     22.004      0.000

Categorical Latent Variables

 Means
    C#1               -4.019      0.242    -16.574      0.000
    C#2               -2.108      0.140    -15.053      0.000


RESULTS IN PROBABILITY SCALE

Latent Class 1

 GND1
    Category 1         0.246      0.156      1.577      0.115
    Category 2         0.754      0.156      4.835      0.000
 GND2
    Category 1         0.188      0.112      1.678      0.093
    Category 2         0.812      0.112      7.228      0.000
 GND3
    Category 1         0.418      0.126      3.334      0.001
    Category 2         0.582      0.126      4.633      0.000
 GND4
    Category 1         0.395      0.095      4.170      0.000
    Category 2         0.605      0.095      6.385      0.000
 GND5
    Category 1         0.233      0.098      2.375      0.018
    Category 2         0.767      0.098      7.833      0.000
 GND6
    Category 1         0.346      0.101      3.444      0.001
    Category 2         0.654      0.101      6.497      0.000

Latent Class 2

 GND1
    Category 1         0.944      0.022     43.005      0.000
    Category 2         0.056      0.022      2.552      0.011
 GND2
    Category 1         0.916      0.031     29.259      0.000
    Category 2         0.084      0.031      2.688      0.007
 GND3
    Category 1         0.566      0.055     10.351      0.000
    Category 2         0.434      0.055      7.926      0.000
 GND4
    Category 1         0.372      0.063      5.905      0.000
    Category 2         0.628      0.063      9.973      0.000
 GND5
    Category 1         0.782      0.031     25.021      0.000
    Category 2         0.218      0.031      6.965      0.000
 GND6
    Category 1         0.232      0.046      4.989      0.000
    Category 2         0.768      0.046     16.561      0.000

Latent Class 3

 GND1
    Category 1         1.000      0.000   2476.448      0.000
    Category 2         0.000      0.000      0.240      0.810
 GND2
    Category 1         0.996      0.002    636.516      0.000
    Category 2         0.004      0.002      2.850      0.004
 GND3
    Category 1         0.996      0.002    451.660      0.000
    Category 2         0.004      0.002      1.984      0.047
 GND4
    Category 1         0.973      0.004    219.588      0.000
    Category 2         0.027      0.004      6.035      0.000
 GND5
    Category 1         0.978      0.003    331.353      0.000
    Category 2         0.022      0.003      7.297      0.000
 GND6
    Category 1         0.948      0.006    145.872      0.000
    Category 2         0.052      0.006      7.991      0.000


LATENT CLASS ODDS RATIO RESULTS

                                                95% C.I.
                    Estimate       S.E.  Lower 2.5% Upper 2.5%

Latent Class 1 Compared to Latent Class 2

 GND1
    Category > 1      51.661     51.221      7.399    360.686
 GND2
    Category > 1      46.878     41.404      8.301    264.726
 GND3
    Category > 1       1.815      1.102      0.552      5.964
 GND4
    Category > 1       0.907      0.510      0.301      2.733
 GND5
    Category > 1      11.847      6.698      3.912     35.881
 GND6
    Category > 1       0.568      0.329      0.183      1.766

Latent Class 1 Compared to Latent Class 3

 GND1
    Category > 1   31655.980  *********      6.985  *********
 GND2
    Category > 1     961.792    735.256    214.959   4303.351
 GND3
    Category > 1     316.446    247.918     68.143   1469.535
 GND4
    Category > 1      55.703     23.979     23.958    129.511
 GND5
    Category > 1     149.749     88.905     46.774    479.433
 GND6
    Category > 1      34.436     17.098     13.013     91.128

Latent Class 2 Compared to Latent Class 3

 GND1
    Category > 1     612.766   2614.233      0.143  *********
 GND2
    Category > 1      20.517     12.357      6.301     66.802
 GND3
    Category > 1     174.334     90.386     63.104    481.623
 GND4
    Category > 1      61.445     18.591     33.958    111.181
 GND5
    Category > 1      12.640      3.016      7.919     20.176
 GND6
    Category > 1      60.598     15.801     36.349    101.023


QUALITY OF NUMERICAL RESULTS

     Condition Number for the Information Matrix              0.229E-03
       (ratio of smallest to largest eigenvalue)


MODEL COMMAND WITH FINAL ESTIMATES USED AS STARTING VALUES

     %OVERALL%

     [ c#1*-4.01868 ];
     [ c#2*-2.10780 ];

     %C#1%

     [ gnd1$1*-1.12037 ];
     [ gnd2$1*-1.46028 ];
     [ gnd3$1*-0.32917 ];
     [ gnd4$1*-0.42593 ];
     [ gnd5$1*-1.19323 ];
     [ gnd6$1*-0.63470 ];

     %C#2%

     [ gnd1$1*2.82433 ];
     [ gnd2$1*2.38727 ];
     [ gnd3$1*0.26701 ];
     [ gnd4$1*-0.52404 ];
     [ gnd5$1*1.27885 ];
     [ gnd6$1*-1.19986 ];

     %C#3%

     [ gnd1$1*9.24231 ];
     [ gnd2$1*5.40852 ];
     [ gnd3$1*5.42798 ];
     [ gnd4$1*3.59410 ];
     [ gnd5$1*3.81573 ];
     [ gnd6$1*2.90440 ];



TECHNICAL 10 OUTPUT


     MODEL FIT INFORMATION FOR THE LATENT CLASS INDICATOR MODEL PART


     RESPONSE PATTERNS

     No.  Pattern    No.  Pattern    No.  Pattern    No.  Pattern
       1  000000       2  000001       3  000010       4  000011
       5  000100       6  000101       7  000110       8  000111
       9  001000      10  001001      11  001010      12  001011
      13  001100      14  001101      15  001110      16  001111
      17  010000      18  010001      19  010010      20  010100
      21  010101      22  010110      23  010111      24  011000
      25  011001      26  011010      27  011011      28  011101
      29  011111      30  100000      31  100001      32  100010
      33  100101      34  100110      35  100111      36  101001
      37  101010      38  101011      39  101100      40  101101
      41  101110      42  101111      43  110000      44  110001
      45  110010      46  110011      47  110100      48  110111
      49  111001      50  111010      51  111101      52  111110
      53  111111      54  0000*0      55  0000*1      56  0001*0
      57  1011*1      58  1101*1      59  00000*      60  00110*
      61  00**0*      62  0000**      63  00*000      64  00*001
      65  00*100      66  00*101      67  00*110      68  00*111
      69  01*101      70  10*101      71  *00011      72  *01101
      73  *11111      74  0*0000      75  0*0011      76  0*0100
      77  0*1100      78  000*00      79  000*10      80  000***
      81  0**000      82  0*00*0      83  00**00


     RESPONSE PATTERN FREQUENCIES AND CHI-SQUARE CONTRIBUTIONS

    Response          Frequency     Standardized  Chi-square Contribution
     Pattern    Observed  Estimated   Residual    Pearson   Loglikelihood  Deleted
                                     (z-score)
         1      2435.84    2420.60       0.65       0.03         5.65
         2       163.07     167.89      -0.37       0.13        -6.78
         3        53.42      56.17      -0.36       0.13        -5.18
         4        22.31      13.06       2.47       6.42        27.30
         5        82.40      84.50      -0.22      -0.02         0.71
         6        57.17      64.21      -0.86       0.77       -12.84
         7         6.28       6.68      -0.15      -0.04         0.50
         8        16.36      17.21      -0.20       0.04        -1.39
         9        19.60      18.89       0.16       0.02         0.71
        10        22.35      28.09      -1.05       1.17       -11.02
        11         0.28       2.67      -1.41       2.15        -1.26
        12         0.78       7.91      -2.44       6.42        -3.66
        13        16.03      14.31       0.44       0.14         5.73
        14        54.31      46.46       1.12       1.27        20.63
        15         3.39       4.10      -0.34       0.11        -0.83
        16        15.69      13.29       0.64       0.43         5.43
        17        10.99      11.91      -0.26       0.07        -2.24
        18         9.24       4.13       2.43       6.34        14.50
        19         2.17       0.94       1.22       1.60         3.53
        20         1.77       2.17      -0.26       0.07        -0.77
        21         4.04       5.95      -0.75       0.52        -1.91
        22         3.19       1.12       1.88       3.80         6.52
        23         2.78       2.77       0.00       0.00        -0.11
        24         3.15       0.99       2.10       4.77         7.20
        25         2.74       2.86      -0.07       0.00        -0.36
        26         1.00       0.80       0.21       0.05         0.39
        27         2.14       1.82       0.24       0.06         0.62
        28         1.70       4.77      -1.36       1.94        -3.00
        29         2.49       2.89      -0.23       0.05        -0.60
        30         0.98       0.97       0.01       0.00        -0.02
        31         3.12       2.31       0.51       0.28         1.73
        32         0.69       0.49       0.28       0.09         0.45
        33         1.29       3.86      -1.26       1.64        -2.23
        34         0.98       0.76       0.24       0.06         0.44
        35         0.96       1.87      -0.64       0.44        -1.32
        36         4.81       1.87       2.08       4.64         8.90
        37         0.99       0.56       0.56       0.34         1.10
        38         1.76       1.25       0.44       0.21         1.13
        39         1.12       1.02       0.10       0.01         0.16
        40         2.71       3.12      -0.22      -0.49         1.65
        41         0.60       0.87      -0.28       0.08        -0.47
        42         2.26       1.98       0.19       0.01         1.15
        43         1.98       0.45       2.18       5.11         5.73
        44         0.85       0.94      -0.09       0.01        -0.21
        45         5.35       1.32       3.39      12.33        14.75
        46         1.22       2.51      -0.79       0.66        -1.82
        47         1.00       0.70       0.34       0.12         0.66
        48         1.54       3.85      -1.14       0.84        -1.01
        49         1.52       1.18       0.30       0.10         0.69
        50         0.78       1.82      -0.75       0.60        -1.36
        51         2.42       1.84       0.42       0.18         1.23
        52         0.91       2.79      -1.09       1.27        -2.08
        53        12.29       5.30       2.93       9.21        21.38
        54        13.37      16.77      -1.82       0.00         0.00
        55         3.99       1.23       2.48       0.47         0.33
        56         1.20       0.62       0.72       0.01         0.02
        57         0.92       0.03       4.61       6.09         0.52
        58         1.30       0.04       6.42     -42.91        -1.69
        59        10.68       9.84       0.65       0.00        -0.01
        60         0.99       0.23       1.53       0.67         0.37
        61         0.86       0.80       0.25       0.00         0.00
        62         1.98       1.72       0.53       0.00         0.01
        63         4.99      12.43      -4.49      -0.01         0.01
        64         0.79       1.00      -0.21       0.02        -0.08
        65         2.60       0.50       2.90       0.40         0.16
        66         2.92       0.56       3.09       0.37         0.15
        67         0.94       0.05       3.64      -0.31        -0.04
        68         0.96       0.16       1.99       0.32         0.11
        69         1.08       0.05       4.25     -12.99        -1.03
        70         1.34       0.04       6.68      -9.69        -0.47
        71         0.99       0.01       8.39      31.70         1.05
        72         0.98       0.04       4.32       3.87         0.39
        73         0.77       0.01       8.63      37.59         0.96      DELETED
        74         1.05       2.71      -2.13       0.00         0.00
        75         0.79       0.02       5.79      14.43         0.77
        76         0.80       0.10       2.20       0.00         0.00
        77         0.78       0.02       5.56       2.51         0.12
        78         6.90       6.49       0.37       0.00         0.02
        79         1.05       0.16       2.13      -0.26        -0.08
        80         1.00       0.92       0.28       0.00         0.00
        81         0.99       0.79       0.48       0.00         0.00
        82         0.99       0.80       0.46       0.00         0.00
        83         1.18       0.98       0.48       0.00         0.01

     THE TOTAL PEARSON CHI-SQUARE CONTRIBUTION FROM EMPTY CELLS IS        16.14


     UNIVARIATE MODEL FIT INFORMATION

                               Estimated Probabilities
                                                  Standardized
     Variable              H1           H0          Residual
                                                   (z-score)
     GND1
       Category 1        0.982        0.982          -0.009
       Category 2        0.018        0.018           0.009
       Univariate Pearson Chi-Square                  0.000
       Univariate Log-Likelihood Chi-Square           0.000
     GND2
       Category 1        0.974        0.974           0.019
       Category 2        0.026        0.026          -0.019
       Univariate Pearson Chi-Square                  0.000
       Univariate Log-Likelihood Chi-Square           0.000
     GND3
       Category 1        0.941        0.941          -0.036
       Category 2        0.059        0.059           0.036
       Univariate Pearson Chi-Square                  0.001
       Univariate Log-Likelihood Chi-Square           0.001
     GND4
       Category 1        0.900        0.900          -0.001
       Category 2        0.100        0.100           0.001
       Univariate Pearson Chi-Square                  0.000
       Univariate Log-Likelihood Chi-Square           0.000
     GND5
       Category 1        0.946        0.946          -0.043
       Category 2        0.054        0.054           0.043
       Univariate Pearson Chi-Square                  0.002
       Univariate Log-Likelihood Chi-Square           0.002
     GND6
       Category 1        0.862        0.862           0.000
       Category 2        0.138        0.138           0.000
       Univariate Pearson Chi-Square                  0.000
       Univariate Log-Likelihood Chi-Square           0.000

       Overall Univariate Pearson Chi-Square                         0.004
       Overall Univariate Log-Likelihood Chi-Square                  0.004


     BIVARIATE MODEL FIT INFORMATION

                                              Estimated Probabilities
                                                                 Standardized
     Variable       Variable              H1           H0          Residual
                                                                  (z-score)
     GND1           GND2
       Category 1     Category 1        0.967        0.967           0.003
       Category 1     Category 2        0.016        0.016          -0.013
       Category 2     Category 1        0.008        0.008           0.028
       Category 2     Category 2        0.010        0.010          -0.013
       Bivariate Pearson Chi-Square                                  0.001
       Bivariate Log-Likelihood Chi-Square                           0.001
     GND1           GND3
       Category 1     Category 1        0.934        0.932           0.300
       Category 1     Category 2        0.048        0.050          -0.352
       Category 2     Category 1        0.007        0.008          -0.915
       Category 2     Category 2        0.011        0.010           0.875
       Bivariate Pearson Chi-Square                                  1.842
       Bivariate Log-Likelihood Chi-Square                           1.862
     GND1           GND4
       Category 1     Category 1        0.892        0.893          -0.116
       Category 1     Category 2        0.090        0.089           0.122
       Category 2     Category 1        0.008        0.007           0.428
       Category 2     Category 2        0.010        0.011          -0.331
       Bivariate Pearson Chi-Square                                  0.328
       Bivariate Log-Likelihood Chi-Square                           0.325
     GND1           GND5
       Category 1     Category 1        0.938        0.938          -0.054
       Category 1     Category 2        0.044        0.044           0.057
       Category 2     Category 1        0.008        0.008           0.037
       Category 2     Category 2        0.010        0.010          -0.020
       Bivariate Pearson Chi-Square                                  0.005
       Bivariate Log-Likelihood Chi-Square                           0.005
     GND1           GND6
       Category 1     Category 1        0.857        0.857           0.105
       Category 1     Category 2        0.125        0.125          -0.115
       Category 2     Category 1        0.005        0.006          -0.494
       Category 2     Category 2        0.013        0.012           0.343
       Bivariate Pearson Chi-Square                                  0.400
       Bivariate Log-Likelihood Chi-Square                           0.409
     GND2           GND3
       Category 1     Category 1        0.925        0.926          -0.244
       Category 1     Category 2        0.049        0.048           0.313
       Category 2     Category 1        0.015        0.014           0.466
       Category 2     Category 2        0.010        0.011          -0.551
       Bivariate Pearson Chi-Square                                  0.659
       Bivariate Log-Likelihood Chi-Square                           0.664
     GND2           GND4
       Category 1     Category 1        0.886        0.888          -0.265
       Category 1     Category 2        0.088        0.087           0.308
       Category 2     Category 1        0.014        0.012           0.760
       Category 2     Category 2        0.012        0.013          -0.749
       Bivariate Pearson Chi-Square                                  1.312
       Bivariate Log-Likelihood Chi-Square                           1.312
     GND2           GND5
       Category 1     Category 1        0.932        0.932           0.021
       Category 1     Category 2        0.042        0.042          -0.011
       Category 2     Category 1        0.014        0.014          -0.128
       Category 2     Category 2        0.012        0.012           0.111
       Bivariate Pearson Chi-Square                                  0.031
       Bivariate Log-Likelihood Chi-Square                           0.031
     GND2           GND6
       Category 1     Category 1        0.852        0.852          -0.011
       Category 1     Category 2        0.122        0.122           0.021
       Category 2     Category 1        0.010        0.010           0.040
       Category 2     Category 2        0.015        0.015          -0.057
       Bivariate Pearson Chi-Square                                  0.006
       Bivariate Log-Likelihood Chi-Square                           0.006
     GND3           GND4
       Category 1     Category 1        0.880        0.875           0.781
       Category 1     Category 2        0.060        0.065          -1.078
       Category 2     Category 1        0.020        0.025          -1.667
       Category 2     Category 2        0.040        0.035           1.456
       Bivariate Pearson Chi-Square                                  6.369
       Bivariate Log-Likelihood Chi-Square                           6.512
     GND3           GND5
       Category 1     Category 1        0.901        0.904          -0.451
       Category 1     Category 2        0.039        0.037           0.661
       Category 2     Category 1        0.044        0.042           0.615
       Category 2     Category 2        0.015        0.017          -0.885
       Bivariate Pearson Chi-Square                                  1.691
       Bivariate Log-Likelihood Chi-Square                           1.712
     GND3           GND6
       Category 1     Category 1        0.846        0.845           0.251
       Category 1     Category 2        0.094        0.096          -0.337
       Category 2     Category 1        0.016        0.018          -0.692
       Category 2     Category 2        0.044        0.042           0.496
       Bivariate Pearson Chi-Square                                  0.882
       Bivariate Log-Likelihood Chi-Square                           0.896
     GND4           GND5
       Category 1     Category 1        0.869        0.868           0.170
       Category 1     Category 2        0.031        0.032          -0.329
       Category 2     Category 1        0.076        0.078          -0.252
       Category 2     Category 2        0.024        0.022           0.456
       Bivariate Pearson Chi-Square                                  0.399
       Bivariate Log-Likelihood Chi-Square                           0.397
     GND4           GND6
       Category 1     Category 1        0.822        0.821           0.188
       Category 1     Category 2        0.078        0.079          -0.269
       Category 2     Category 1        0.040        0.041          -0.363
       Category 2     Category 2        0.060        0.059           0.307
       Bivariate Pearson Chi-Square                                  0.310
       Bivariate Log-Likelihood Chi-Square                           0.311
     GND5           GND6
       Category 1     Category 1        0.836        0.835           0.177
       Category 1     Category 2        0.110        0.111          -0.240
       Category 2     Category 1        0.026        0.027          -0.401
       Category 2     Category 2        0.028        0.027           0.467
       Bivariate Pearson Chi-Square                                  0.458
       Bivariate Log-Likelihood Chi-Square                           0.457

       Overall Bivariate Pearson Chi-Square                         14.695
       Overall Bivariate Log-Likelihood Chi-Square                  14.901


TECHNICAL 11 OUTPUT

     Random Starts Specifications for the k-1 Class Analysis Model
        Number of initial stage random starts                1000
        Number of final stage optimizations                   250



     VUONG-LO-MENDELL-RUBIN LIKELIHOOD RATIO TEST FOR 2 (H0) VERSUS 3 CLASSES

          H0 Loglikelihood Value                        -3519.545
          2 Times the Loglikelihood Difference             85.793
          Difference in the Number of Parameters                7
          Mean                                             24.976
          Standard Deviation                               28.895
          P-Value                                          0.0371

     LO-MENDELL-RUBIN ADJUSTED LRT TEST

          Value                                            84.297
          P-Value                                          0.0393


SAVEDATA INFORMATION


  Save file
    Prob_FIN_GNDlca_C3cl3.dat

  Order and format of variables

    GND1           F10.3
    GND2           F10.3
    GND3           F10.3
    GND4           F10.3
    GND5           F10.3
    GND6           F10.3
    CPROB1         F10.3
    CPROB2         F10.3
    CPROB3         F10.3
    C              F10.3
    WS             F10.3
    IDSTUD         I9
    ID_S           I4
    ID_J           I4

  Save file format
    11F10.3 I9 2I4

  Save file record length    10000

  Save missing symbol        *


     Beginning Time:  22:29:39
        Ending Time:  22:29:41
       Elapsed Time:  00:00:02



MUTHEN & MUTHEN
3463 Stoner Ave.
Los Angeles, CA  90066

Tel: (310) 391-9971
Fax: (310) 391-8971
Web: www.StatModel.com
Support: Support@StatModel.com

Copyright (c) 1998-2020 Muthen & Muthen
