Mplus VERSION 8.5 (Mac)
MUTHEN & MUTHEN
04/07/2021  10:30 PM

INPUT INSTRUCTIONS

  TITLE: HRVGND LCA - C3 with 6 classes;
  DATA:
  FILE = GNDDtaC3.dat;

  VARIABLE:
  NAMES = id_i
  id_j
  id_r
  id_s
  id_k
  wt
  ws
  GND1
  GND2
  GND3
  GND4
  GND5
  GND6
  IDSTUD;
  IDVARIABLE = IDSTUD;
  USEVARIABLES = GND1
  GND2
  GND3
  GND4
  GND5
  GND6;
  USEOBSERVATIONS ARE id_k EQ 6;
  CATEGORICAL = GND1
  GND2
  GND3
  GND4
  GND5
  GND6;
  MISSING = .;
  CLASSES = c(6);
  WEIGHT = ws;
  STRATIFICATION = id_s;
  CLUSTER = id_j;

  ANALYSIS:
  TYPE = COMPLEX MIXTURE;
  PROCESSORS = 4;
  STARTS = 1000 250;
  STITERATIONS = 20;
  STSEED = 288;

  MODEL:
  %OVERALL%

  OUTPUT:
  TECH10
  TECH11
  SVALUES
  ;

  SAVEDATA:
  FILE = Prob_HRV_GNDlca_C3cl6.dat;
  SAVE = CPROBABILITIES;



*** WARNING in VARIABLE command
  When a subpopulation is analyzed with TYPE=COMPLEX, standard errors
  may be incorrect.  Use the SUBPOPULATION option instead of the
  USEOBSERVATIONS option to obtain correct standard errors.
*** WARNING
  Data set contains cases with missing on all variables.
  These cases were not included in the analysis.
  Number of cases with missing on all variables:  23
   2 WARNING(S) FOUND IN THE INPUT INSTRUCTIONS



HRVGND LCA - C3 with 6 classes;

SUMMARY OF ANALYSIS

Number of groups                                                 1
Number of observations                                        3873

Number of dependent variables                                    6
Number of independent variables                                  0
Number of continuous latent variables                            0
Number of categorical latent variables                           1

Observed dependent variables

  Binary and ordered categorical (ordinal)
   GND1        GND2        GND3        GND4        GND5        GND6

Categorical latent variables
   C

Variables with special functions

  Stratification        ID_S
  Cluster variable      ID_J
  Weight variable       WS
  ID variable           IDSTUD

Estimator                                                      MLR
Information matrix                                        OBSERVED
Optimization Specifications for the Quasi-Newton Algorithm for
Continuous Outcomes
  Maximum number of iterations                                 100
  Convergence criterion                                  0.100D-05
Optimization Specifications for the EM Algorithm
  Maximum number of iterations                                 500
  Convergence criteria
    Loglikelihood change                                 0.100D-06
    Relative loglikelihood change                        0.100D-06
    Derivative                                           0.100D-05
Optimization Specifications for the M step of the EM Algorithm for
Categorical Latent variables
  Number of M step iterations                                    1
  M step convergence criterion                           0.100D-05
  Basis for M step termination                           ITERATION
Optimization Specifications for the M step of the EM Algorithm for
Censored, Binary or Ordered Categorical (Ordinal), Unordered
Categorical (Nominal) and Count Outcomes
  Number of M step iterations                                    1
  M step convergence criterion                           0.100D-05
  Basis for M step termination                           ITERATION
  Maximum value for logit thresholds                            15
  Minimum value for logit thresholds                           -15
  Minimum expected cell size for chi-square              0.100D-01
Maximum number of iterations for H1                           2000
Convergence criterion for H1                             0.100D-03
Optimization algorithm                                         EMA
Random Starts Specifications
  Number of initial stage random starts                       1000
  Number of final stage optimizations                          250
  Number of initial stage iterations                            20
  Initial stage convergence criterion                    0.100D+01
  Random starts scale                                    0.500D+01
  Random seed for generating random starts                     288
Link                                                         LOGIT

Input data file(s)
  GNDDtaC3.dat
Input data format  FREE


SUMMARY OF DATA

     Number of missing data patterns            16
     Number of y missing data patterns           0
     Number of u missing data patterns          16
     Number of strata                           75
     Number of clusters                        816


COVARIANCE COVERAGE OF DATA

Minimum covariance coverage value   0.100


     PROPORTION OF DATA PRESENT FOR U


           Covariance Coverage
              GND1          GND2          GND3          GND4          GND5
              ________      ________      ________      ________      ________
 GND1           1.000
 GND2           0.998         0.998
 GND3           0.994         0.994         0.995
 GND4           0.993         0.992         0.989         0.993
 GND5           0.991         0.990         0.987         0.987         0.991
 GND6           0.995         0.994         0.990         0.989         0.989


           Covariance Coverage
              GND6
              ________
 GND6           0.995


UNIVARIATE PROPORTIONS AND COUNTS FOR CATEGORICAL VARIABLES

    GND1
      Category 1    0.981         3799.345
      Category 2    0.019           72.509
    GND2
      Category 1    0.971         3757.916
      Category 2    0.029          110.545
    GND3
      Category 1    0.891         3434.938
      Category 2    0.109          419.688
    GND4
      Category 1    0.877         3371.351
      Category 2    0.123          471.912
    GND5
      Category 1    0.954         3666.773
      Category 2    0.046          178.182
    GND6
      Category 1    0.808         3115.530
      Category 2    0.192          739.986


RANDOM STARTS RESULTS RANKED FROM THE BEST TO THE WORST LOGLIKELIHOOD VALUES

Final stage loglikelihood values at local maxima, seeds, and initial stage start numbers:

           -5345.966  55750            898
           -5346.154  616518           448
           -5346.294  798276           536
           -5346.300  890198           417
           -5346.301  960487           74
           -5346.371  219813           730
           -5346.593  836620           612
           -5346.644  110176           855
           -5346.649  584751           81
           -5346.649  865322           360
           -5346.649  613369           829
           -5346.675  578065           8
           -5346.675  654018           210
           -5346.692  413332           92
           -5346.719  816924           905
           -5346.720  513056           385
           -5346.720  761359           784
           -5346.804  673475           190
           -5346.906  840324           396
           -5346.915  530099           236
           -5346.927  524752           594
           -5347.049  808818           46
           -5347.210  14596            96
           -5347.728  468408           60
           -5347.776  859868           243
           -5347.776  714348           218
           -5347.985  313816           213
           -5347.986  703404           63
           -5347.993  216144           158
           -5348.311  653521           202

220 perturbed starting value run(s) did not converge or were rejected in the third stage.



     WARNING:  THE BEST LOGLIKELIHOOD VALUE WAS NOT REPLICATED.  THE
     SOLUTION MAY NOT BE TRUSTWORTHY DUE TO LOCAL MAXIMA.  INCREASE THE
     NUMBER OF RANDOM STARTS.

     IN THE OPTIMIZATION, ONE OR MORE LOGIT THRESHOLDS APPROACHED EXTREME VALUES
     OF -15.000 AND 15.000 AND WERE FIXED TO STABILIZE MODEL ESTIMATION.  THESE
     VALUES IMPLY PROBABILITIES OF 0 AND 1.  IN THE MODEL RESULTS SECTION, THESE
     PARAMETERS HAVE 0 STANDARD ERRORS AND 999 IN THE Z-SCORE AND P-VALUE COLUMNS.




THE MODEL ESTIMATION TERMINATED NORMALLY



MODEL FIT INFORMATION

Number of Free Parameters                       41

Loglikelihood

          H0 Value                       -5345.966
          H0 Scaling Correction Factor      1.3884
            for MLR

Information Criteria

          Akaike (AIC)                   10773.933
          Bayesian (BIC)                 11030.666
          Sample-Size Adjusted BIC       10900.387
            (n* = (n + 2) / 24)

Chi-Square Test of Model Fit for the Binary and Ordered Categorical
(Ordinal) Outcomes**

          Pearson Chi-Square

          Value                             19.222
          Degrees of Freedom                    21
          P-Value                           0.5709

          Likelihood Ratio Chi-Square

          Value                             18.394
          Degrees of Freedom                    21
          P-Value                           0.6240

** Of the 350 cells in the latent class indicator table, 1
   were deleted in the calculation of chi-square due to extreme values.

Chi-Square Test for MCAR under the Unrestricted Latent Class Indicator Model

          Pearson Chi-Square

          Value                            288.941
          Degrees of Freedom                   271
          P-Value                           0.2169

          Likelihood Ratio Chi-Square

          Value                            153.188
          Degrees of Freedom                   271
          P-Value                           1.0000



FINAL CLASS COUNTS AND PROPORTIONS FOR THE LATENT CLASSES
BASED ON THE ESTIMATED MODEL

    Latent
   Classes

       1        444.77571          0.11484
       2         28.41349          0.00734
       3         10.97139          0.00283
       4         39.55530          0.01021
       5       3298.14653          0.85157
       6         51.13759          0.01320


FINAL CLASS COUNTS AND PROPORTIONS FOR THE LATENT CLASSES
BASED ON ESTIMATED POSTERIOR PROBABILITIES

    Latent
   Classes

       1        444.77571          0.11484
       2         28.41349          0.00734
       3         10.97139          0.00283
       4         39.55530          0.01021
       5       3298.14653          0.85157
       6         51.13759          0.01320


FINAL CLASS COUNTS AND PROPORTIONS FOR THE LATENT CLASSES
BASED ON THEIR MOST LIKELY LATENT CLASS MEMBERSHIP

Class Counts and Proportions

    Latent
   Classes

       1              410          0.10579
       2               31          0.00799
       3               13          0.00327
       4               34          0.00870
       5             3349          0.86474
       6               37          0.00951


CLASSIFICATION QUALITY

     Entropy                         0.941


Average Latent Class Probabilities for Most Likely Latent Class Membership (Row)
by Latent Class (Column)

           1        2        3        4        5        6

    1   0.901    0.013    0.003    0.015    0.067    0.001
    2   0.034    0.671    0.000    0.038    0.227    0.029
    3   0.166    0.001    0.742    0.087    0.004    0.000
    4   0.040    0.034    0.008    0.919    0.000    0.000
    5   0.021    0.000    0.000    0.000    0.973    0.006
    6   0.000    0.023    0.000    0.000    0.150    0.827


Classification Probabilities for the Most Likely Latent Class Membership (Column)
by Latent Class (Row)

           1        2        3        4        5        6

    1   0.830    0.002    0.005    0.003    0.160    0.000
    2   0.181    0.731    0.000    0.040    0.018    0.030
    3   0.120    0.000    0.856    0.024    0.000    0.000
    4   0.159    0.030    0.028    0.782    0.001    0.000
    5   0.008    0.002    0.000    0.000    0.988    0.002
    6   0.009    0.018    0.000    0.000    0.377    0.596


Logits for the Classification Probabilities for the Most Likely Latent Class Membership (Column)
by Latent Class (Row)

              1        2        3        4        5        6

    1     13.629    7.768    8.463    8.016   11.981    0.000
    2      1.794    3.192   -4.636    0.284   -0.507    0.000
    3     11.697    0.000   13.660   10.089    0.000    0.000
    4     11.979   10.311   10.235   13.570    6.571    0.000
    5      1.599    0.243   -4.650   -7.422    6.381    0.000
    6     -4.144   -3.513  -13.298  -13.298   -0.458    0.000


MODEL RESULTS

                                                    Two-Tailed
                    Estimate       S.E.  Est./S.E.    P-Value

Latent Class 1

 Thresholds
    GND1$1             3.701      0.697      5.310      0.000
    GND2$1             2.505      0.297      8.448      0.000
    GND3$1             0.063      0.133      0.472      0.637
    GND4$1            -0.497      0.185     -2.687      0.007
    GND5$1             2.064      0.218      9.448      0.000
    GND6$1           -15.000      0.000    999.000    999.000

Latent Class 2

 Thresholds
    GND1$1             0.898      1.073      0.837      0.403
    GND2$1            -3.760      6.523     -0.576      0.564
    GND3$1            15.000      0.000    999.000    999.000
    GND4$1             2.773      6.554      0.423      0.672
    GND5$1             0.622      0.592      1.051      0.293
    GND6$1             0.329      0.787      0.418      0.676

Latent Class 3

 Thresholds
    GND1$1           -15.000      0.000    999.000    999.000
    GND2$1            15.000      0.000    999.000    999.000
    GND3$1           -15.000      0.000    999.000    999.000
    GND4$1             1.780      2.796      0.637      0.524
    GND5$1             1.393      1.236      1.127      0.260
    GND6$1           -15.000      0.000    999.000    999.000

Latent Class 4

 Thresholds
    GND1$1            -2.213      2.058     -1.075      0.282
    GND2$1            -1.232      0.759     -1.624      0.104
    GND3$1            -0.531      0.589     -0.903      0.367
    GND4$1            -1.344      0.709     -1.895      0.058
    GND5$1            -0.643      0.521     -1.233      0.218
    GND6$1           -15.000      0.000    999.000    999.000

Latent Class 5

 Thresholds
    GND1$1             6.782      0.828      8.193      0.000
    GND2$1             5.966      1.167      5.114      0.000
    GND3$1             3.087      0.126     24.490      0.000
    GND4$1             3.231      0.184     17.517      0.000
    GND5$1             3.674      0.163     22.570      0.000
    GND6$1             2.556      0.122     20.927      0.000

Latent Class 6

 Thresholds
    GND1$1             2.675      0.761      3.515      0.000
    GND2$1             1.375      0.696      1.977      0.048
    GND3$1            -0.419      1.402     -0.299      0.765
    GND4$1            -1.369      1.141     -1.200      0.230
    GND5$1             1.379      0.637      2.165      0.030
    GND6$1            13.378      2.119      6.312      0.000

Categorical Latent Variables

 Means
    C#1                2.163      0.613      3.528      0.000
    C#2               -0.588      1.132     -0.519      0.604
    C#3               -1.539      0.852     -1.808      0.071
    C#4               -0.257      0.655     -0.392      0.695
    C#5                4.167      0.630      6.609      0.000


RESULTS IN PROBABILITY SCALE

Latent Class 1

 GND1
    Category 1         0.976      0.016     59.527      0.000
    Category 2         0.024      0.016      1.470      0.141
 GND2
    Category 1         0.924      0.021     44.662      0.000
    Category 2         0.076      0.021      3.648      0.000
 GND3
    Category 1         0.516      0.033     15.553      0.000
    Category 2         0.484      0.033     14.609      0.000
 GND4
    Category 1         0.378      0.043      8.696      0.000
    Category 2         0.622      0.043     14.294      0.000
 GND5
    Category 1         0.887      0.022     40.636      0.000
    Category 2         0.113      0.022      5.159      0.000
 GND6
    Category 1         0.000      0.000      0.000      1.000
    Category 2         1.000      0.000      0.000      1.000

Latent Class 2

 GND1
    Category 1         0.711      0.221      3.219      0.001
    Category 2         0.289      0.221      1.311      0.190
 GND2
    Category 1         0.023      0.145      0.157      0.875
    Category 2         0.977      0.145      6.740      0.000
 GND3
    Category 1         1.000      0.000      0.000      1.000
    Category 2         0.000      0.000      0.000      1.000
 GND4
    Category 1         0.941      0.363      2.594      0.009
    Category 2         0.059      0.363      0.162      0.871
 GND5
    Category 1         0.651      0.135      4.837      0.000
    Category 2         0.349      0.135      2.596      0.009
 GND6
    Category 1         0.582      0.192      3.036      0.002
    Category 2         0.418      0.192      2.185      0.029

Latent Class 3

 GND1
    Category 1         0.000      0.000      0.000      1.000
    Category 2         1.000      0.000      0.000      1.000
 GND2
    Category 1         1.000      0.000      0.000      1.000
    Category 2         0.000      0.000      0.000      1.000
 GND3
    Category 1         0.000      0.000      0.000      1.000
    Category 2         1.000      0.000      0.000      1.000
 GND4
    Category 1         0.856      0.345      2.479      0.013
    Category 2         0.144      0.345      0.418      0.676
 GND5
    Category 1         0.801      0.197      4.069      0.000
    Category 2         0.199      0.197      1.010      0.312
 GND6
    Category 1         0.000      0.000      0.000      1.000
    Category 2         1.000      0.000      0.000      1.000

Latent Class 4

 GND1
    Category 1         0.099      0.183      0.539      0.590
    Category 2         0.901      0.183      4.926      0.000
 GND2
    Category 1         0.226      0.133      1.703      0.089
    Category 2         0.774      0.133      5.837      0.000
 GND3
    Category 1         0.370      0.137      2.698      0.007
    Category 2         0.630      0.137      4.590      0.000
 GND4
    Category 1         0.207      0.116      1.777      0.076
    Category 2         0.793      0.116      6.816      0.000
 GND5
    Category 1         0.345      0.118      2.926      0.003
    Category 2         0.655      0.118      5.566      0.000
 GND6
    Category 1         0.000      0.000      0.000      1.000
    Category 2         1.000      0.000      0.000      1.000

Latent Class 5

 GND1
    Category 1         0.999      0.001   1066.926      0.000
    Category 2         0.001      0.001      1.209      0.227
 GND2
    Category 1         0.997      0.003    335.039      0.000
    Category 2         0.003      0.003      0.859      0.390
 GND3
    Category 1         0.956      0.005    181.731      0.000
    Category 2         0.044      0.005      8.296      0.000
 GND4
    Category 1         0.962      0.007    142.605      0.000
    Category 2         0.038      0.007      5.636      0.000
 GND5
    Category 1         0.975      0.004    248.212      0.000
    Category 2         0.025      0.004      6.300      0.000
 GND6
    Category 1         0.928      0.008    113.693      0.000
    Category 2         0.072      0.008      8.821      0.000

Latent Class 6

 GND1
    Category 1         0.936      0.046     20.378      0.000
    Category 2         0.064      0.046      1.405      0.160
 GND2
    Category 1         0.798      0.112      7.126      0.000
    Category 2         0.202      0.112      1.801      0.072
 GND3
    Category 1         0.397      0.336      1.182      0.237
    Category 2         0.603      0.336      1.797      0.072
 GND4
    Category 1         0.203      0.184      1.099      0.272
    Category 2         0.797      0.184      4.323      0.000
 GND5
    Category 1         0.799      0.102      7.806      0.000
    Category 2         0.201      0.102      1.965      0.049
 GND6
    Category 1         1.000      0.000  *********      0.000
    Category 2         0.000      0.000      0.472      0.637


LATENT CLASS ODDS RATIO RESULTS

                                                95% C.I.
                    Estimate       S.E.  Lower 2.5% Upper 2.5%

Latent Class 1 Compared to Latent Class 2

 GND1
    Category > 1       0.061      0.080      0.005      0.808
 GND2
    Category > 1       0.002      0.012      0.000    599.776
 GND3
    Category > 1   *********      0.000  *********  *********
 GND4
    Category > 1      26.303    171.844      0.000  *********
 GND5
    Category > 1       0.237      0.154      0.066      0.848
 GND6
    Category > 1   *********      0.000  *********  *********

Latent Class 1 Compared to Latent Class 3

 GND1
    Category > 1       0.000      0.000      0.000      0.000
 GND2
    Category > 1   *********      0.000  *********  *********
 GND3
    Category > 1       0.000      0.000      0.000      0.000
 GND4
    Category > 1       9.750     27.623      0.038   2515.164
 GND5
    Category > 1       0.511      0.636      0.045      5.862
 GND6
    Category > 1       1.000      0.000      1.000      1.000

Latent Class 1 Compared to Latent Class 4

 GND1
    Category > 1       0.003      0.006      0.000      0.155
 GND2
    Category > 1       0.024      0.020      0.005      0.120
 GND3
    Category > 1       0.552      0.328      0.172      1.768
 GND4
    Category > 1       0.429      0.320      0.099      1.849
 GND5
    Category > 1       0.067      0.038      0.022      0.203
 GND6
    Category > 1       1.000      0.000      1.000      1.000

Latent Class 1 Compared to Latent Class 5

 GND1
    Category > 1      21.789     23.822      2.556    185.737
 GND2
    Category > 1      31.843     38.859      2.912    348.156
 GND3
    Category > 1      20.575      3.601     14.601     28.994
 GND4
    Category > 1      41.590     10.169     25.756     67.159
 GND5
    Category > 1       5.002      1.280      3.030      8.259
 GND6
    Category > 1   *********      0.000  *********  *********

Latent Class 1 Compared to Latent Class 6

 GND1
    Category > 1       0.358      0.358      0.051      2.535
 GND2
    Category > 1       0.323      0.229      0.081      1.296
 GND3
    Category > 1       0.618      0.855      0.041      9.302
 GND4
    Category > 1       0.418      0.476      0.045      3.888
 GND5
    Category > 1       0.504      0.347      0.131      1.946
 GND6
    Category > 1   *********      0.000  *********  *********

Latent Class 2 Compared to Latent Class 3

 GND1
    Category > 1       0.000      0.000      0.000      0.000
 GND2
    Category > 1   *********      0.000  *********  *********
 GND3
    Category > 1       0.000      0.000      0.000      0.000
 GND4
    Category > 1       0.371      2.652      0.000  *********
 GND5
    Category > 1       2.162      2.963      0.147     31.730
 GND6
    Category > 1       0.000      0.000      0.000      0.000

Latent Class 2 Compared to Latent Class 4

 GND1
    Category > 1       0.045      0.117      0.000      7.742
 GND2
    Category > 1      12.533     82.499      0.000  *********
 GND3
    Category > 1       0.000      0.000      0.000      0.000
 GND4
    Category > 1       0.016      0.111      0.000  10668.739
 GND5
    Category > 1       0.282      0.226      0.059      1.361
 GND6
    Category > 1       0.000      0.000      0.000      0.000

Latent Class 2 Compared to Latent Class 5

 GND1
    Category > 1     359.323    475.403     26.871   4804.944
 GND2
    Category > 1   16748.049  *********      0.059  *********
 GND3
    Category > 1       0.000      0.000      0.000      0.000
 GND4
    Category > 1       1.581     10.206      0.000  *********
 GND5
    Category > 1      21.150     13.068      6.301     70.996
 GND6
    Category > 1       9.275      7.150      2.047     42.028

Latent Class 2 Compared to Latent Class 6

 GND1
    Category > 1       5.909      8.270      0.380     91.815
 GND2
    Category > 1     169.967   1085.144      0.001  *********
 GND3
    Category > 1       0.000      0.000      0.000      0.000
 GND4
    Category > 1       0.016      0.105      0.000   6405.350
 GND5
    Category > 1       2.132      1.769      0.419     10.843
 GND6
    Category > 1   *********  *********   7574.927  *********

Latent Class 3 Compared to Latent Class 4

 GND1
    Category > 1   *********      0.000  *********  *********
 GND2
    Category > 1       0.000      0.000      0.000      0.000
 GND3
    Category > 1   *********      0.000  *********  *********
 GND4
    Category > 1       0.044      0.133      0.000     16.753
 GND5
    Category > 1       0.131      0.176      0.009      1.836
 GND6
    Category > 1       1.000      0.000      1.000      1.000

Latent Class 3 Compared to Latent Class 5

 GND1
    Category > 1   *********      0.000  *********  *********
 GND2
    Category > 1       0.000      0.000      0.000      0.000
 GND3
    Category > 1   *********      0.000  *********  *********
 GND4
    Category > 1       4.266     12.042      0.017   1079.007
 GND5
    Category > 1       9.782     12.177      0.853    112.229
 GND6
    Category > 1   *********      0.000  *********  *********

Latent Class 3 Compared to Latent Class 6

 GND1
    Category > 1   *********      0.000  *********  *********
 GND2
    Category > 1       0.000      0.000      0.000      0.000
 GND3
    Category > 1   *********      0.000  *********  *********
 GND4
    Category > 1       0.043      0.132      0.000     17.624
 GND5
    Category > 1       0.986      1.375      0.064     15.177
 GND6
    Category > 1   *********      0.000  *********  *********

Latent Class 4 Compared to Latent Class 5

 GND1
    Category > 1    8062.515  17454.176    115.800  *********
 GND2
    Category > 1    1336.352   1890.519     83.506  21385.832
 GND3
    Category > 1      37.268     22.720     11.283    123.102
 GND4
    Category > 1      97.039     73.748     21.879    430.387
 GND5
    Category > 1      74.949     39.803     26.467    212.239
 GND6
    Category > 1   *********      0.000  *********  *********

Latent Class 4 Compared to Latent Class 6

 GND1
    Category > 1     132.577    283.985      1.991   8826.788
 GND2
    Category > 1      13.562     14.026      1.786    102.961
 GND3
    Category > 1       1.119      1.566      0.072     17.372
 GND4
    Category > 1       0.975      1.306      0.071     13.466
 GND5
    Category > 1       7.555      6.306      1.472     38.786
 GND6
    Category > 1   *********      0.000  *********  *********

Latent Class 5 Compared to Latent Class 6

 GND1
    Category > 1       0.016      0.019      0.002      0.167
 GND2
    Category > 1       0.010      0.014      0.001      0.164
 GND3
    Category > 1       0.030      0.043      0.002      0.488
 GND4
    Category > 1       0.010      0.012      0.001      0.097
 GND5
    Category > 1       0.101      0.069      0.026      0.385
 GND6
    Category > 1   50106.695  *********    823.092  *********


QUALITY OF NUMERICAL RESULTS

     Condition Number for the Information Matrix              0.627E-09
       (ratio of smallest to largest eigenvalue)


MODEL COMMAND WITH FINAL ESTIMATES USED AS STARTING VALUES

     %OVERALL%

     [ c#1*2.16305 ];
     [ c#2*-0.58766 ];
     [ c#3*-1.53923 ];
     [ c#4*-0.25682 ];
     [ c#5*4.16660 ];

     %C#1%

     [ gnd1$1*3.70101 ];
     [ gnd2$1*2.50493 ];
     [ gnd3$1*0.06262 ];
     [ gnd4$1*-0.49695 ];
     [ gnd5$1*2.06390 ];
     [ gnd6$1*-15 ];

     %C#2%

     [ gnd1$1*0.89817 ];
     [ gnd2$1*-3.76029 ];
     [ gnd3$1*15 ];
     [ gnd4$1*2.77272 ];
     [ gnd5$1*0.62218 ];
     [ gnd6$1*0.32901 ];

     %C#3%

     [ gnd1$1*-15 ];
     [ gnd2$1*15 ];
     [ gnd3$1*-15 ];
     [ gnd4$1*1.78034 ];
     [ gnd5$1*1.39331 ];
     [ gnd6$1*-15 ];

     %C#4%

     [ gnd1$1*-2.21258 ];
     [ gnd2$1*-1.23195 ];
     [ gnd3$1*-0.53143 ];
     [ gnd4$1*-1.34421 ];
     [ gnd5$1*-0.64299 ];
     [ gnd6$1*-15 ];

     %C#5%

     [ gnd1$1*6.78240 ];
     [ gnd2$1*5.96575 ];
     [ gnd3$1*3.08671 ];
     [ gnd4$1*3.23091 ];
     [ gnd5$1*3.67381 ];
     [ gnd6$1*2.55632 ];

     %C#6%

     [ gnd1$1*2.67458 ];
     [ gnd2$1*1.37532 ];
     [ gnd3$1*-0.41863 ];
     [ gnd4$1*-1.36932 ];
     [ gnd5$1*1.37927 ];
     [ gnd6$1*13.37823 ];



TECHNICAL 10 OUTPUT


     MODEL FIT INFORMATION FOR THE LATENT CLASS INDICATOR MODEL PART


     RESPONSE PATTERNS

     No.  Pattern    No.  Pattern    No.  Pattern    No.  Pattern
       1  000000       2  000001       3  000010       4  000011
       5  000100       6  000101       7  000110       8  000111
       9  001000      10  001001      11  001010      12  001011
      13  001100      14  001101      15  001110      16  001111
      17  010000      18  010001      19  010010      20  010011
      21  010100      22  010101      23  010110      24  010111
      25  011000      26  011001      27  011010      28  011100
      29  011101      30  011110      31  011111      32  100000
      33  100001      34  100010      35  100100      36  100101
      37  100111      38  101000      39  101001      40  101011
      41  101100      42  101101      43  101111      44  110000
      45  110001      46  110010      47  110011      48  110100
      49  110101      50  110111      51  111001      52  111011
      53  111100      54  111101      55  111111      56  0000*0
      57  0000*1      58  0001*0      59  0010*1      60  0011*0
      61  00****      62  000*00      63  000*01      64  001*00
      65  001*01      66  000**0      67  000**1      68  001**1
      69  110**0      70  00*000      71  00*011      72  00*100
      73  00*101      74  01*010      75  01*101      76  10*001
      77  11*011      78  11*101      79  0*****      80  0000**
      81  0010**      82  0011**      83  0100**      84  00*01*
      85  011***      86  0*01*1      87  **1101      88  0*0000
      89  0*0010      90  00000*      91  0**000      92  00**01



     RESPONSE PATTERN FREQUENCIES AND CHI-SQUARE CONTRIBUTIONS

    Response          Frequency     Standardized  Chi-square Contribution
     Pattern    Observed  Estimated   Residual    Pearson   Loglikelihood  Deleted
                                     (z-score)
         1      2708.02    2690.25       0.53      -0.01        -1.46
         2       271.77     276.90      -0.27       0.06        -4.02
         3        69.39      68.91       0.05      -0.01        -0.58
         4        20.14      14.06       1.35       2.63        14.47
         5       114.97     115.71      -0.06      -0.05         3.72
         6       116.91     120.48      -0.27       0.07        -2.72
         7         2.76       5.09      -0.86       1.07        -3.33
         8        13.96      14.62      -0.14       0.03        -1.66
         9       127.77     126.36       0.11       0.01         3.98
        10        67.40      73.64      -0.61       0.49        -8.71
        11         2.89       4.04      -0.48       0.33        -1.99
        12         8.23       8.45      -0.06       0.00        -0.05
        13        16.41      19.26      -0.54       0.42        -4.59
        14       108.42     105.86       0.21      -0.03        11.57
        15         6.37       3.75       1.13       1.83         6.71
        16        10.72      13.67      -0.66       0.64        -5.26
        17        13.53      14.41      -0.19       0.04        -0.92
        18         9.92      11.15      -0.31       0.13        -1.76
        19         4.48       4.03       0.19       0.01         1.82
        20         2.87       3.54      -0.29       0.12        -1.03
        21         3.65       3.10       0.26       0.10         1.07
        22         8.12       9.79      -0.45       0.29        -3.17
        23         1.23       0.84       0.35       0.18         0.88
        24         3.68       1.90       1.07       1.66         4.73
        25         1.96       1.24       0.53       0.41         1.93
        26         7.94       5.39       0.91       1.19         6.72
        27         0.11       0.24      -0.22       0.07        -0.15
        28         3.62       3.66      -0.02       0.00         0.20
        29         7.98       9.12      -0.31       0.12        -1.24
        30         0.11       0.92      -0.70       0.72        -0.45
        31         1.60       2.06      -0.27       0.10        -0.69
        32         3.34       3.28       0.03       0.00         0.01
        33         1.33       2.18      -0.48       0.29        -0.83
        34         0.21       0.15       0.11       0.02         0.11
        35         1.48       0.78       0.66       0.63         1.85
        36         4.24       3.58       0.29       0.12         1.29
        37         2.80       1.88       0.56       0.45         2.14
        38         0.21       0.39      -0.25       0.09        -0.27
        39         7.80       9.34      -0.42      -0.01         0.04
        40         2.83       2.71       0.06       0.00         0.15
        41         1.50       1.00       0.42       0.25         1.17
        42         5.47       5.21       0.09       0.01         0.43
        43         2.76       3.23      -0.22       0.07        -0.97
        44         2.74       2.86      -0.06       0.00        -0.19
        45         4.26       2.88       0.68       0.66         3.18
        46         1.10       1.52      -0.28       0.12        -0.69
        47         1.51       2.46      -0.50       0.28        -0.75
        48         0.10       0.34      -0.34       0.17        -0.24
        49         1.37       3.10      -0.82       0.94        -1.88
        50         5.55       5.31       0.09       0.01         0.28
        51         0.10       1.35      -0.89       1.15        -0.53
        52         3.29       2.33       0.52       0.21         3.85
        53         0.10       0.25      -0.25       0.09        -0.19
        54         6.14       4.88       0.47       0.21         4.53
        55         7.54       8.91      -0.38       0.21        -2.77
        56         3.97       8.32      -2.40       0.00         0.00
        57         2.52       0.88       1.52       0.09         0.07
        58         3.06       0.36       3.77      -0.09        -0.02
        59         1.82       0.25       2.66      -0.79        -0.21
        60         0.11       0.07       0.12       0.00         0.00
        61         1.85       1.78       0.22       0.00         0.00
        62        11.29      12.91      -0.73       0.00         0.01
        63         3.99       1.83       1.40      -0.06        -0.07
        64         2.09       0.67       1.48      -0.02        -0.02
        65         0.13       0.83      -0.65      -0.01         0.00
        66         2.42       3.64      -1.08       0.00         0.00
        67         1.12       0.54       0.71       0.01         0.01
        68         1.16       0.25       1.53      -0.05        -0.02
        69         0.10       0.01       1.03      -0.38        -0.04
        70         1.53       8.89      -4.02       0.00         0.00
        71         0.11       0.07       0.12       0.02         0.05
        72         1.21       0.43       1.02      -0.01        -0.01
        73         4.05       0.71       3.38       0.42         0.16
        74         0.32       0.01       2.19       1.17         0.11
        75         0.15       0.06       0.31      -0.05        -0.04
        76         2.02       0.04       8.33       0.00        -0.20
        77         1.41       0.02       8.32       0.00         0.68
        78         1.20       0.03       6.16       4.26         0.19
        79         1.89       1.86       0.16       0.00         0.00
        80         2.52       5.30      -2.25       0.00         0.01
        81         1.33       0.37       1.35      -0.08        -0.05
        82         1.32       0.25       1.82       0.14         0.05
        83         1.44       0.06       4.81      -1.24        -0.10
        84         0.11       0.00       1.70       0.20         0.01
        85         1.30       0.01       8.34       0.00         0.09      DELETED
        86         0.11       0.00       1.37      -0.04         0.00
        87         1.15       0.04       4.83       1.97         0.13
        88         1.15       0.90       0.41       0.00         0.00
        89         0.12       0.02       0.50       0.00         0.00
        90         5.72       4.46       1.06       0.00        -0.01
        91         0.13       0.10       0.18       0.00         0.00
        92         2.39       0.36       3.04      -0.06        -0.02

     THE TOTAL PEARSON CHI-SQUARE CONTRIBUTION FROM EMPTY CELLS IS         2.34


     UNIVARIATE MODEL FIT INFORMATION

                               Estimated Probabilities
                                                  Standardized
     Variable              H1           H0          Residual
                                                   (z-score)
     GND1
       Category 1        0.981        0.981          -0.002
       Category 2        0.019        0.019           0.002
       Univariate Pearson Chi-Square                  0.000
       Univariate Log-Likelihood Chi-Square           0.000
     GND2
       Category 1        0.971        0.971          -0.001
       Category 2        0.029        0.029           0.001
       Univariate Pearson Chi-Square                  0.000
       Univariate Log-Likelihood Chi-Square           0.000
     GND3
       Category 1        0.890        0.890          -0.028
       Category 2        0.110        0.110           0.028
       Univariate Pearson Chi-Square                  0.001
       Univariate Log-Likelihood Chi-Square           0.001
     GND4
       Category 1        0.877        0.877           0.005
       Category 2        0.123        0.123          -0.005
       Univariate Pearson Chi-Square                  0.000
       Univariate Log-Likelihood Chi-Square           0.000
     GND5
       Category 1        0.954        0.954           0.007
       Category 2        0.046        0.046          -0.007
       Univariate Pearson Chi-Square                  0.000
       Univariate Log-Likelihood Chi-Square           0.000
     GND6
       Category 1        0.808        0.808           0.002
       Category 2        0.192        0.192          -0.002
       Univariate Pearson Chi-Square                  0.000
       Univariate Log-Likelihood Chi-Square           0.000

       Overall Univariate Pearson Chi-Square                         0.001
       Overall Univariate Log-Likelihood Chi-Square                  0.001


     BIVARIATE MODEL FIT INFORMATION

                                              Estimated Probabilities
                                                                 Standardized
     Variable       Variable              H1           H0          Residual
                                                                  (z-score)
     GND1           GND2
       Category 1     Category 1        0.962        0.962          -0.039
       Category 1     Category 2        0.019        0.019           0.053
       Category 2     Category 1        0.009        0.009           0.077
       Category 2     Category 2        0.009        0.010          -0.073
       Bivariate Pearson Chi-Square                                  0.020
       Bivariate Log-Likelihood Chi-Square                           0.020
     GND1           GND3
       Category 1     Category 1        0.882        0.882           0.004
       Category 1     Category 2        0.099        0.100          -0.005
       Category 2     Category 1        0.008        0.008          -0.111
       Category 2     Category 2        0.011        0.011           0.100
       Bivariate Pearson Chi-Square                                  0.032
       Bivariate Log-Likelihood Chi-Square                           0.032
     GND1           GND4
       Category 1     Category 1        0.868        0.868           0.027
       Category 1     Category 2        0.113        0.113          -0.030
       Category 2     Category 1        0.008        0.008          -0.083
       Category 2     Category 2        0.010        0.010           0.078
       Bivariate Pearson Chi-Square                                  0.020
       Bivariate Log-Likelihood Chi-Square                           0.020
     GND1           GND5
       Category 1     Category 1        0.942        0.943          -0.073
       Category 1     Category 2        0.039        0.039           0.086
       Category 2     Category 1        0.011        0.011           0.176
       Category 2     Category 2        0.007        0.008          -0.205
       Bivariate Pearson Chi-Square                                  0.115
       Bivariate Log-Likelihood Chi-Square                           0.116
     GND1           GND6
       Category 1     Category 1        0.805        0.805           0.024
       Category 1     Category 2        0.176        0.177          -0.025
       Category 2     Category 1        0.003        0.003          -0.163
       Category 2     Category 2        0.016        0.016           0.073
       Bivariate Pearson Chi-Square                                  0.047
       Bivariate Log-Likelihood Chi-Square                           0.048
     GND2           GND3
       Category 1     Category 1        0.873        0.872           0.047
       Category 1     Category 2        0.099        0.099          -0.053
       Category 2     Category 1        0.017        0.018          -0.185
       Category 2     Category 2        0.011        0.011           0.236
       Bivariate Pearson Chi-Square                                  0.133
       Bivariate Log-Likelihood Chi-Square                           0.132
     GND2           GND4
       Category 1     Category 1        0.862        0.862          -0.085
       Category 1     Category 2        0.110        0.109           0.093
       Category 2     Category 1        0.015        0.014           0.259
       Category 2     Category 2        0.014        0.014          -0.258
       Bivariate Pearson Chi-Square                                  0.203
       Bivariate Log-Likelihood Chi-Square                           0.203
     GND2           GND5
       Category 1     Category 1        0.934        0.934          -0.023
       Category 1     Category 2        0.037        0.037           0.029
       Category 2     Category 1        0.019        0.019           0.051
       Category 2     Category 2        0.009        0.009          -0.073
       Bivariate Pearson Chi-Square                                  0.013
       Bivariate Log-Likelihood Chi-Square                           0.013
     GND2           GND6
       Category 1     Category 1        0.799        0.799          -0.001
       Category 1     Category 2        0.173        0.173           0.000
       Category 2     Category 1        0.009        0.009           0.009
       Category 2     Category 2        0.020        0.020          -0.005
       Bivariate Pearson Chi-Square                                  0.000
       Bivariate Log-Likelihood Chi-Square                           0.000
     GND3           GND4
       Category 1     Category 1        0.815        0.815           0.035
       Category 1     Category 2        0.075        0.075          -0.084
       Category 2     Category 1        0.062        0.062          -0.049
       Category 2     Category 2        0.048        0.048           0.096
       Bivariate Pearson Chi-Square                                  0.026
       Bivariate Log-Likelihood Chi-Square                           0.026
     GND3           GND5
       Category 1     Category 1        0.856        0.857          -0.188
       Category 1     Category 2        0.034        0.033           0.320
       Category 2     Category 1        0.098        0.096           0.228
       Category 2     Category 2        0.012        0.014          -0.506
       Bivariate Pearson Chi-Square                                  0.583
       Bivariate Log-Likelihood Chi-Square                           0.592
     GND3           GND6
       Category 1     Category 1        0.765        0.765          -0.016
       Category 1     Category 2        0.125        0.125          -0.006
       Category 2     Category 1        0.043        0.042           0.036
       Category 2     Category 2        0.068        0.068           0.006
       Bivariate Pearson Chi-Square                                  0.002
       Bivariate Log-Likelihood Chi-Square                           0.002
     GND4           GND5
       Category 1     Category 1        0.846        0.847          -0.153
       Category 1     Category 2        0.031        0.030           0.332
       Category 2     Category 1        0.108        0.107           0.183
       Category 2     Category 2        0.015        0.017          -0.456
       Bivariate Pearson Chi-Square                                  0.499
       Bivariate Log-Likelihood Chi-Square                           0.504
     GND4           GND6
       Category 1     Category 1        0.767        0.767           0.003
       Category 1     Category 2        0.110        0.110           0.001
       Category 2     Category 1        0.041        0.041          -0.003
       Category 2     Category 2        0.082        0.082          -0.004
       Bivariate Pearson Chi-Square                                  0.000
       Bivariate Log-Likelihood Chi-Square                           0.000
     GND5           GND6
       Category 1     Category 1        0.785        0.784           0.064
       Category 1     Category 2        0.169        0.169          -0.067
       Category 2     Category 1        0.023        0.024          -0.169
       Category 2     Category 2        0.023        0.023           0.163
       Bivariate Pearson Chi-Square                                  0.085
       Bivariate Log-Likelihood Chi-Square                           0.085

       Overall Bivariate Pearson Chi-Square                          1.778
       Overall Bivariate Log-Likelihood Chi-Square                   1.792


TECHNICAL 11 OUTPUT

     Random Starts Specifications for the k-1 Class Analysis Model
        Number of initial stage random starts                1000
        Number of final stage optimizations                   250



     VUONG-LO-MENDELL-RUBIN LIKELIHOOD RATIO TEST FOR 5 (H0) VERSUS 6 CLASSES

          H0 Loglikelihood Value                        -5348.592
          2 Times the Loglikelihood Difference              5.251
          Difference in the Number of Parameters                7
          Mean                                             26.051
          Standard Deviation                               27.797
          P-Value                                          0.7874

     LO-MENDELL-RUBIN ADJUSTED LRT TEST

          Value                                             5.162
          P-Value                                          0.7887


SAVEDATA INFORMATION


  Save file
    Prob_HRV_GNDlca_C3cl6.dat

  Order and format of variables

    GND1           F10.3
    GND2           F10.3
    GND3           F10.3
    GND4           F10.3
    GND5           F10.3
    GND6           F10.3
    CPROB1         F10.3
    CPROB2         F10.3
    CPROB3         F10.3
    CPROB4         F10.3
    CPROB5         F10.3
    CPROB6         F10.3
    C              F10.3
    WS             F10.3
    IDSTUD         I9
    ID_S           I5
    ID_J           I5

  Save file format
    14F10.3 I9 2I5

  Save file record length    10000

  Save missing symbol        *


     Beginning Time:  22:30:11
        Ending Time:  22:30:16
       Elapsed Time:  00:00:05



MUTHEN & MUTHEN
3463 Stoner Ave.
Los Angeles, CA  90066

Tel: (310) 391-9971
Fax: (310) 391-8971
Web: www.StatModel.com
Support: Support@StatModel.com

Copyright (c) 1998-2020 Muthen & Muthen
