Mplus VERSION 8.5 (Mac)
MUTHEN & MUTHEN
04/07/2021  10:30 PM

INPUT INSTRUCTIONS

  TITLE: LTUGND LCA - C3 with 1 classes;
  DATA:
  FILE = GNDDtaC3.dat;

  VARIABLE:
  NAMES = id_i
  id_j
  id_r
  id_s
  id_k
  wt
  ws
  GND1
  GND2
  GND3
  GND4
  GND5
  GND6
  IDSTUD;
  IDVARIABLE = IDSTUD;
  USEVARIABLES = GND1
  GND2
  GND3
  GND4
  GND5
  GND6;
  USEOBSERVATIONS ARE id_k EQ 8;
  CATEGORICAL = GND1
  GND2
  GND3
  GND4
  GND5
  GND6;
  MISSING = .;
  CLASSES = c(1);
  WEIGHT = ws;
  STRATIFICATION = id_s;
  CLUSTER = id_j;

  ANALYSIS:
  TYPE = COMPLEX MIXTURE;
  PROCESSORS = 4;
  STARTS = 1000 250;
  STITERATIONS = 20;
  STSEED = 288;

  MODEL:
  %OVERALL%

  OUTPUT:
  TECH10
  TECH11
  SVALUES
  ;

  SAVEDATA:
  FILE = Prob_LTU_GNDlca_C3cl1.dat;
  SAVE = CPROBABILITIES;



*** WARNING in VARIABLE command
  When a subpopulation is analyzed with TYPE=COMPLEX, standard errors
  may be incorrect.  Use the SUBPOPULATION option instead of the
  USEOBSERVATIONS option to obtain correct standard errors.
*** WARNING in OUTPUT command
  TECH11 option is not available for TYPE=MIXTURE with only one class.
  Request for TECH11 is ignored.
*** WARNING
  Data set contains cases with missing on all variables.
  These cases were not included in the analysis.
  Number of cases with missing on all variables:  27
   3 WARNING(S) FOUND IN THE INPUT INSTRUCTIONS



LTUGND LCA - C3 with 1 classes;

SUMMARY OF ANALYSIS

Number of groups                                                 1
Number of observations                                        3604

Number of dependent variables                                    6
Number of independent variables                                  0
Number of continuous latent variables                            0
Number of categorical latent variables                           1

Observed dependent variables

  Binary and ordered categorical (ordinal)
   GND1        GND2        GND3        GND4        GND5        GND6

Categorical latent variables
   C

Variables with special functions

  Stratification        ID_S
  Cluster variable      ID_J
  Weight variable       WS
  ID variable           IDSTUD

Estimator                                                      MLR
Information matrix                                        OBSERVED
Optimization Specifications for the Quasi-Newton Algorithm for
Continuous Outcomes
  Maximum number of iterations                                 100
  Convergence criterion                                  0.100D-05
Optimization Specifications for the EM Algorithm
  Maximum number of iterations                                 500
  Convergence criteria
    Loglikelihood change                                 0.100D-06
    Relative loglikelihood change                        0.100D-06
    Derivative                                           0.100D-05
Optimization Specifications for the M step of the EM Algorithm for
Categorical Latent variables
  Number of M step iterations                                    1
  M step convergence criterion                           0.100D-05
  Basis for M step termination                           ITERATION
Optimization Specifications for the M step of the EM Algorithm for
Censored, Binary or Ordered Categorical (Ordinal), Unordered
Categorical (Nominal) and Count Outcomes
  Number of M step iterations                                    1
  M step convergence criterion                           0.100D-05
  Basis for M step termination                           ITERATION
  Maximum value for logit thresholds                            15
  Minimum value for logit thresholds                           -15
  Minimum expected cell size for chi-square              0.100D-01
Maximum number of iterations for H1                           2000
Convergence criterion for H1                             0.100D-03
Optimization algorithm                                         EMA
Random Starts Specifications
  Number of initial stage random starts                       1000
  Number of final stage optimizations                          250
  Number of initial stage iterations                            20
  Initial stage convergence criterion                    0.100D+01
  Random starts scale                                    0.500D+01
  Random seed for generating random starts                     288
Link                                                         LOGIT

Input data file(s)
  GNDDtaC3.dat
Input data format  FREE


SUMMARY OF DATA

     Number of missing data patterns            15
     Number of y missing data patterns           0
     Number of u missing data patterns          15
     Number of strata                           75
     Number of clusters                        221


COVARIANCE COVERAGE OF DATA

Minimum covariance coverage value   0.100


     PROPORTION OF DATA PRESENT FOR U


           Covariance Coverage
              GND1          GND2          GND3          GND4          GND5
              ________      ________      ________      ________      ________
 GND1           0.998
 GND2           0.996         0.998
 GND3           0.990         0.991         0.992
 GND4           0.993         0.993         0.988         0.995
 GND5           0.994         0.994         0.988         0.992         0.996
 GND6           0.992         0.992         0.986         0.989         0.992


           Covariance Coverage
              GND6
              ________
 GND6           0.994


UNIVARIATE PROPORTIONS AND COUNTS FOR CATEGORICAL VARIABLES

    GND1
      Category 1    0.956         3439.174
      Category 2    0.044          159.834
    GND2
      Category 1    0.917         3297.674
      Category 2    0.083          297.019
    GND3
      Category 1    0.866         3104.424
      Category 2    0.134          478.361
    GND4
      Category 1    0.741         2663.415
      Category 2    0.259          928.607
    GND5
      Category 1    0.898         3228.087
      Category 2    0.102          364.899
    GND6
      Category 1    0.709         2539.825
      Category 2    0.291         1042.629


RANDOM STARTS RESULTS RANKED FROM THE BEST TO THE WORST LOGLIKELIHOOD VALUES

Final stage loglikelihood values at local maxima, seeds, and initial stage start numbers:

           -8480.708  255481           751
           -8480.708  729705           501
           -8480.708  158964           251
           -8480.708  761649           512
           -8480.708  480214           256
           -8480.708  16924            513
           -8480.708  998022           514
           -8480.708  18598            257
           -8480.708  564698           515
           -8480.708  776360           516
           -8480.708  148293           258
           -8480.708  440588           517
           -8480.708  825343           518
           -8480.708  563703           259
           -8480.708  139726           519
           -8480.708  690502           520
           -8480.708  949814           260
           -8480.708  642399           521
           -8480.708  72800            522
           -8480.708  424344           261
           -8480.708  212295           523
           -8480.708  328337           524
           -8480.708  568707           262
           -8480.708  21190            525
           -8480.708  237882           526
           -8480.708  256261           263
           -8480.708  298512           527
           -8480.708  723752           528
           -8480.708  369771           264
           -8480.708  41136            529
           -8480.708  384138           530
           -8480.708  683344           265
           -8480.708  26859            531
           -8480.708  838073           532
           -8480.708  499903           266
           -8480.708  289713           533
           -8480.708  75864            534
           -8480.708  83824            267
           -8480.708  712313           535
           -8480.708  798276           536
           -8480.708  372786           268
           -8480.708  449914           537
           -8480.708  746499           538
           -8480.708  755225           269
           -8480.708  442141           539
           -8480.708  102664           540
           -8480.708  508005           270
           -8480.708  850201           541
           -8480.708  332221           542
           -8480.708  655232           271
           -8480.708  124010           543
           -8480.708  648136           544
           -8480.708  941180           272
           -8480.708  985923           545
           -8480.708  488184           546
           -8480.708  385729           273
           -8480.708  637758           547
           -8480.708  986007           548
           -8480.708  863129           274
           -8480.708  509856           549
           -8480.708  702720           550
           -8480.708  811896           275
           -8480.708  732345           551
           -8480.708  214082           552
           -8480.708  566609           276
           -8480.708  55657            553
           -8480.708  141596           554
           -8480.708  626683           277
           -8480.708  835969           555
           -8480.708  699749           556
           -8480.708  183675           278
           -8480.708  453466           557
           -8480.708  18935            558
           -8480.708  619016           279
           -8480.708  217522           559
           -8480.708  912118           560
           -8480.708  163252           280
           -8480.708  95624            561
           -8480.708  607682           562
           -8480.708  926166           281
           -8480.708  999536           563
           -8480.708  438247           564
           -8480.708  782833           282
           -8480.708  947186           565
           -8480.708  756060           566
           -8480.708  519601           283
           -8480.708  566415           567
           -8480.708  812961           568
           -8480.708  16555            284
           -8480.708  551927           569
           -8480.708  379997           570
           -8480.708  634855           285
           -8480.708  149951           571
           -8480.708  499068           572
           -8480.708  74848            286
           -8480.708  988355           287
           -8480.708  73135            288
           -8480.708  571411           289
           -8480.708  126060           290
           -8480.708  741061           291
           -8480.708  819229           292
           -8480.708  438785           293
           -8480.708  819256           294
           -8480.708  967159           295
           -8480.708  538895           296
           -8480.708  691572           297
           -8480.708  250285           298
           -8480.708  792123           299
           -8480.708  125480           300
           -8480.708  749139           301
           -8480.708  499805           302
           -8480.708  624641           303
           -8480.708  646105           304
           -8480.708  799031           305
           -8480.708  315906           306
           -8480.708  533600           307
           -8480.708  829106           308
           -8480.708  730821           309
           -8480.708  173363           310
           -8480.708  230316           311
           -8480.708  800324           312
           -8480.708  295469           313
           -8480.708  692037           314
           -8480.708  270775           315
           -8480.708  496516           316
           -8480.708  589343           317
           -8480.708  918761           752
           -8480.708  611976           753
           -8480.708  122886           754
           -8480.708  881525           755
           -8480.708  821515           756
           -8480.708  566431           757
           -8480.708  674140           758
           -8480.708  14811            759
           -8480.708  546573           760
           -8480.708  823689           761
           -8480.708  620988           762
           -8480.708  247529           763
           -8480.708  681430           764
           -8480.708  253296           765
           -8480.708  755901           766
           -8480.708  981654           767
           -8480.708  552185           768
           -8480.708  333225           769
           -8480.708  562941           770
           -8480.708  589517           771
           -8480.708  678354           772
           -8480.708  695057           773
           -8480.708  846815           774
           -8480.708  8288             775
           -8480.708  441498           776
           -8480.708  468128           777
           -8480.708  798349           778
           -8480.708  550795           779
           -8480.708  29396            780
           -8480.708  632977           781
           -8480.708  601889           782
           -8480.708  649711           783
           -8480.708  761359           784
           -8480.708  227359           785
           -8480.708  264995           786
           -8480.708  757210           787
           -8480.708  866003           788
           -8480.708  289707           789
           -8480.708  100746           790
           -8480.708  125680           791
           -8480.708  425585           792
           -8480.708  821522           793
           -8480.708  547800           794
           -8480.708  58768            795
           -8480.708  293837           796
           -8480.708  282015           797
           -8480.708  321542           798
           -8480.708  223897           799
           -8480.708  95515            800
           -8480.708  527001           801
           -8480.708  532887           942
           -8480.708  520022           950
           -8480.708  116127           954
           -8480.708  619259           958
           -8480.708  155404           966
           -8480.708  269627           970
           -8480.708  657384           974
           -8480.708  807691           982
           -8480.708  544679           986
           -8480.708  805589           990
           -8480.708  395024           998
           -8480.708  514978           7
           -8480.708  267441           127
           -8480.708  829916           15
           -8480.708  703404           63
           -8480.708  208289           31
           -8480.708  unperturbed      0
           -8480.708  730563           128
           -8480.708  609201           3
           -8480.708  719428           129
           -8480.708  38078            64
           -8480.708  794864           130
           -8480.708  555689           32
           -8480.708  742602           131
           -8480.708  587107           65
           -8480.708  943264           132
           -8480.708  106293           133
           -8480.708  654184           66
           -8480.708  536337           134
           -8480.708  365939           33
           -8480.708  257000           135
           -8480.708  15050            67
           -8480.708  615751           16
           -8480.708  363526           136
           -8480.708  319498           137
           -8480.708  977786           68
           -8480.708  462004           138
           -8480.708  901673           34
           -8480.708  710841           139
           -8480.708  425103           69
           -8480.708  965671           140
           -8480.708  993659           141
           -8480.708  412035           70
           -8480.708  667357           142
           -8480.708  3314             35
           -8480.708  699343           143
           -8480.708  775133           71
           -8480.708  578065           8
           -8480.708  256224           144
           -8480.708  867952           17
           -8480.708  328890           145
           -8480.708  90128            72
           -8480.708  701157           146
           -8480.708  47928            36
           -8480.708  767001           147
           -8480.708  241342           73
           -8480.708  112959           148
           -8480.708  545226           149
           -8480.708  960487           74
           -8480.708  751299           150
           -8480.708  316890           37
           -8480.708  739223           151
           -8480.708  219014           75
           -8480.708  722666           152
           -8480.708  339904           18
           -8480.708  107578           153
           -8480.708  613990           76
           -8480.708  353096           154
           -8480.708  126667           38
           -8480.708  572149           155
           -8480.708  341151           77
           -8480.708  509819           156
           -8480.708  104144           78
           -8480.708  704750           1



     WARNING:  THE VARIANCE CONTRIBUTION FROM A STRATUM WITH A SINGLE CLUSTER
     (PSU) IS BASED ON THE DIFFERENCE BETWEEN THE SINGLE CLUSTER VALUE AND
     THE OVERALL CLUSTER MEAN.


THE MODEL ESTIMATION TERMINATED NORMALLY



MODEL FIT INFORMATION

Number of Free Parameters                        6

Loglikelihood

          H0 Value                       -8480.708
          H0 Scaling Correction Factor      2.0291
            for MLR

Information Criteria

          Akaike (AIC)                   16973.416
          Bayesian (BIC)                 17010.555
          Sample-Size Adjusted BIC       16991.490
            (n* = (n + 2) / 24)

Chi-Square Test of Model Fit for the Binary and Ordered Categorical
(Ordinal) Outcomes**

          Pearson Chi-Square

          Value                           1153.584
          Degrees of Freedom                    52
          P-Value                           0.0000

          Likelihood Ratio Chi-Square

          Value                             84.267
          Degrees of Freedom                    52
          P-Value                           0.0031

** Of the 362 cells in the latent class indicator table, 5
   were deleted in the calculation of chi-square due to extreme values.

Chi-Square Test for MCAR under the Unrestricted Latent Class Indicator Model

          Pearson Chi-Square

          Value                            275.432
          Degrees of Freedom                   284
          P-Value                           0.6312

          Likelihood Ratio Chi-Square

          Value                            126.316
          Degrees of Freedom                   284
          P-Value                           1.0000



FINAL CLASS COUNTS AND PROPORTIONS FOR THE LATENT CLASSES
BASED ON THE ESTIMATED MODEL

    Latent
   Classes

       1       3604.00000          1.00000


FINAL CLASS COUNTS AND PROPORTIONS FOR THE LATENT CLASSES
BASED ON ESTIMATED POSTERIOR PROBABILITIES

    Latent
   Classes

       1       3604.00000          1.00000


FINAL CLASS COUNTS AND PROPORTIONS FOR THE LATENT CLASSES
BASED ON THEIR MOST LIKELY LATENT CLASS MEMBERSHIP

Class Counts and Proportions

    Latent
   Classes

       1             3604          1.00000


Average Latent Class Probabilities for Most Likely Latent Class Membership (Row)
by Latent Class (Column)

           1

    1   1.000


Classification Probabilities for the Most Likely Latent Class Membership (Column)
by Latent Class (Row)

           1

    1   1.000


Logits for the Classification Probabilities for the Most Likely Latent Class Membership (Column)
by Latent Class (Row)

              1

    1      0.000


MODEL RESULTS

                                                    Two-Tailed
                    Estimate       S.E.  Est./S.E.    P-Value

Latent Class 1

 Thresholds
    GND1$1             3.069      0.119     25.729      0.000
    GND2$1             2.407      0.080     29.932      0.000
    GND3$1             1.870      0.070     26.747      0.000
    GND4$1             1.054      0.058     18.149      0.000
    GND5$1             2.180      0.074     29.587      0.000
    GND6$1             0.890      0.053     16.656      0.000


RESULTS IN PROBABILITY SCALE

Latent Class 1

 GND1
    Category 1         0.956      0.005    188.781      0.000
    Category 2         0.044      0.005      8.774      0.000
 GND2
    Category 1         0.917      0.006    150.491      0.000
    Category 2         0.083      0.006     13.555      0.000
 GND3
    Category 1         0.866      0.008    107.113      0.000
    Category 2         0.134      0.008     16.505      0.000
 GND4
    Category 1         0.741      0.011     66.627      0.000
    Category 2         0.259      0.011     23.230      0.000
 GND5
    Category 1         0.898      0.007    133.634      0.000
    Category 2         0.102      0.007     15.106      0.000
 GND6
    Category 1         0.709      0.011     64.279      0.000
    Category 2         0.291      0.011     26.387      0.000


QUALITY OF NUMERICAL RESULTS

     Condition Number for the Information Matrix              0.207E+00
       (ratio of smallest to largest eigenvalue)


MODEL COMMAND WITH FINAL ESTIMATES USED AS STARTING VALUES

     %OVERALL%

     %C#1%

     [ gnd1$1*3.06885 ];
     [ gnd2$1*2.40718 ];
     [ gnd3$1*1.87022 ];
     [ gnd4$1*1.05368 ];
     [ gnd5$1*2.18003 ];
     [ gnd6$1*0.89035 ];



TECHNICAL 10 OUTPUT


     MODEL FIT INFORMATION FOR THE LATENT CLASS INDICATOR MODEL PART


     RESPONSE PATTERNS

     No.  Pattern    No.  Pattern    No.  Pattern    No.  Pattern
       1  000000       2  000001       3  000010       4  000011
       5  000100       6  000101       7  000110       8  000111
       9  001000      10  001001      11  001010      12  001011
      13  001100      14  001101      15  001110      16  001111
      17  010000      18  010001      19  010010      20  010011
      21  010100      22  010101      23  010110      24  010111
      25  011000      26  011001      27  011010      28  011011
      29  011100      30  011101      31  011110      32  011111
      33  100000      34  100001      35  100010      36  100011
      37  100100      38  100101      39  100111      40  101000
      41  101001      42  101010      43  101011      44  101100
      45  101101      46  101111      47  110000      48  110001
      49  110010      50  110011      51  110100      52  110101
      53  110110      54  110111      55  111000      56  111001
      57  111010      58  111011      59  111100      60  111101
      61  111110      62  111111      63  0000**      64  0011**
      65  00000*      66  00010*      67  00011*      68  00100*
      69  01001*      70  11001*      71  000*00      72  000*01
      73  000*10      74  001*01      75  001*11      76  100*01
      77  110*00      78  0000*0      79  0001*0      80  0010*1
      81  0011*1      82  00*000      83  00*001      84  00*010
      85  00*011      86  00*100      87  00*101      88  01*100
      89  01*101      90  01*110      91  10*100      92  11*101
      93  *00000      94  *00100      95  *01001      96  *01010
      97  *01100      98  *10000      99  0*0000     100  0*1000
     101  1*0000     102  1*1000     103  11*11*     104  000**0
     105  0**000     106  0**100     107  1**110     108  01**11
     109  10**00     110  *0*101     111  *110**     112  0*****



     RESPONSE PATTERN FREQUENCIES AND CHI-SQUARE CONTRIBUTIONS

    Response          Frequency     Standardized  Chi-square Contribution
     Pattern    Observed  Estimated   Residual    Pearson   Loglikelihood  Deleted
                                     (z-score)
         1      1892.67    1269.10      11.32      99.94       178.84
         2       300.81     520.98      -9.47      93.01      -337.13
         3        93.89     143.46      -3.83      17.12       -78.05
         4        40.17      58.89      -2.23       5.95       -30.25
         5       223.30     442.47      -9.69      99.94      -298.00
         6       189.96     181.64       0.57       0.38        16.23
         7        27.82      50.02      -2.86       9.85       -32.97
         8        31.39      20.53       2.18       5.73        25.64
         9        31.61     195.56      -9.33      99.97      -113.30
        10        40.55      80.28      -4.07      19.65       -54.04
        11         4.00      22.11      -3.50      14.70       -12.26
        12         8.52       9.07      -0.17       0.02        -0.51
        13        21.41      68.18      -5.18      32.08       -49.04
        14       224.98      27.99       9.10     100.00       199.18
        15         5.99       7.71      -0.56       0.38        -3.20
        16        37.23       3.16       9.07      99.99       184.57
        17        92.92     114.31      -1.84       3.99       -40.40
        18        18.09      46.92      -3.84      17.71       -35.15
        19        14.34      12.92       0.36       0.15         3.76
        20         4.50       5.30      -0.32       0.11        -1.03
        21         9.91      39.85      -4.32      22.49       -27.58
        22        15.76      16.36      -0.13       0.01        -0.36
        23        10.12       4.50       2.40       6.95        17.80
        24        10.27       1.85       5.62      38.37        35.32
        25         3.03      17.61      -3.16      12.08       -10.39
        26         4.83       7.23      -0.81       0.80        -3.74
        27         0.33       1.99      -1.07       1.39        -1.18
        28         3.05       0.82       2.24       6.11         8.29
        29         1.87       6.14      -1.56       2.97        -4.45
        30        11.42       2.52       5.08      31.39        35.08
        31         1.04       0.69       0.38       0.17         1.00
        32         9.93       0.28       9.07     100.00        70.62
        33        15.00      58.98      -5.24      32.80       -40.77
        34        11.07      24.21      -2.43       7.11       -16.25
        35         4.99       6.67      -0.59       0.42        -3.08
        36         3.62       2.74       0.48       0.28         1.89
        37        12.48      20.56      -1.62       3.18       -12.12
        38         3.74       8.44      -1.47       2.61        -5.72
        39         5.76       0.95       4.46      24.15        20.47
        40         0.66       9.09      -2.54       7.80        -3.26
        41         1.37       3.73      -1.11       1.50        -2.77
        42         1.18       1.03       0.14      -0.01         0.71
        43         0.74       0.42       0.45       0.24         0.81
        44         5.72       3.17       1.30       2.05         6.97
        45         4.94       1.30       2.90      10.21        13.03
        46         4.60       0.15       9.07     100.00        31.49
        47         9.59       5.31       1.68       3.43        11.70
        48         4.36       2.18       1.34       2.18         5.88
        49        10.92       0.60       9.07      99.34        68.70
        50         0.49       0.25       0.44       0.20         0.90
        51         3.01       1.85       0.77       0.73         2.95
        52         4.68       0.76       4.08      20.25        17.05
        53         0.93       0.21       1.43       2.37         3.47
        54         1.64       0.09       4.80      28.02         9.63
        55         2.08       0.82       1.26       1.87         4.58
        56         7.01       0.34       9.07     100.00        42.83
        57         0.17       0.09       0.22       0.06         0.20
        58         1.94       0.04       8.86      95.44        15.34
        59         4.47       0.29       7.10      61.28        24.41
        60        12.72       0.12       9.07     100.00       119.35
        61         1.68       0.03       8.34      84.39        14.55
        62        10.29       0.01       9.06     100.00       136.76
        63         2.94       2.16       0.74       0.21         0.88
        64         0.88       0.12       2.07       4.03         1.76
        65         7.57       8.24      -0.30      -0.55         2.98
        66         2.82       2.87      -0.03      -0.43        -2.28
        67         0.14       0.32      -0.29       0.04        -0.05
        68         1.42       1.27       0.12      -3.41        -3.74
        69         0.87       0.08       2.48       0.57         0.11
        70         3.46       0.00       9.07       0.00        19.67      DELETED
        71         5.15       4.59       0.33       0.03         2.15
        72         0.62       1.88      -0.93       0.49        -0.46
        73         1.07       0.52       0.71      -1.09        -0.98
        74         0.17       0.29      -0.20      -0.36         0.31
        75         1.15       0.03       5.62      29.79         3.08
        76         1.03       0.09       2.90     -13.32        -1.53
        77         0.28       0.02       1.73       1.82         0.33
        78         3.53       2.06       1.20       0.91         2.38
        79         0.26       0.72      -0.52       0.26        -0.35
        80         0.15       0.13       0.04      -0.07        -0.17
        81         1.21       0.05       4.96      27.91         5.14
        82         2.48       6.30      -1.80      -1.71         1.33
        83         0.48       2.59      -1.30       1.06        -0.55
        84         1.47       0.71       0.83      -1.72        -1.49
        85         1.15       0.29       1.46      -1.65        -0.74
        86         3.46       2.20       0.83      -4.60        -4.97
        87         3.23       0.90       2.29       4.82         4.39
        88         0.16       0.20      -0.07      -0.24        -0.44
        89         1.23       0.08       3.67       5.98         0.96
        90         1.03       0.02       6.13      27.00         1.72
        91         0.17       0.10       0.18      -0.05        -0.08
        92         0.36       0.00       5.32      33.28         2.18
        93         0.17       1.45      -1.22      -0.62         0.12
        94         1.34       0.51       1.14      -3.05        -1.76
        95         0.46       0.09       1.12      -2.22        -0.63
        96         1.02       0.03       5.70     -60.77        -2.70
        97         0.27       0.08       0.62      -1.42        -0.51
        98         0.61       0.13       1.23      -0.48        -0.20
        99         3.33       1.97       1.12       0.84         2.37
       100         0.98       0.30       1.14     -15.36        -3.49
       101         0.27       0.09       0.54      -1.19        -0.51
       102         0.46       0.01       3.43     -31.33        -1.04
       103         0.15       0.00       9.07      65.70         1.17      DELETED
       104         0.76       0.41       0.73       0.14         0.24
       105         1.30       1.71      -0.39      -0.24         0.60
       106         1.31       0.60       0.91      -2.94        -1.99
       107         1.18       0.00       9.07       0.00         0.60      DELETED
       108         0.64       0.00       9.08      60.19         1.58      DELETED
       109         0.62       0.03       2.98     -19.59        -1.22
       110         0.32       0.02       1.98       2.43         0.41
       111         0.80       0.01       8.94      -3.49        -0.35      DELETED
       112         0.48       0.46       0.14       0.00         0.00

     THE TOTAL PEARSON CHI-SQUARE CONTRIBUTION FROM EMPTY CELLS IS         5.82


     UNIVARIATE MODEL FIT INFORMATION

                               Estimated Probabilities
                                                  Standardized
     Variable              H1           H0          Residual
                                                   (z-score)
     GND1
       Category 1        0.955        0.956          -0.046
       Category 2        0.045        0.044           0.046
       Univariate Pearson Chi-Square                  0.003
       Univariate Log-Likelihood Chi-Square           0.003
     GND2
       Category 1        0.917        0.917          -0.069
       Category 2        0.083        0.083           0.069
       Univariate Pearson Chi-Square                  0.006
       Univariate Log-Likelihood Chi-Square           0.006
     GND3
       Category 1        0.866        0.866          -0.099
       Category 2        0.134        0.134           0.099
       Univariate Pearson Chi-Square                  0.012
       Univariate Log-Likelihood Chi-Square           0.012
     GND4
       Category 1        0.741        0.741          -0.012
       Category 2        0.259        0.259           0.012
       Univariate Pearson Chi-Square                  0.000
       Univariate Log-Likelihood Chi-Square           0.000
     GND5
       Category 1        0.898        0.898           0.007
       Category 2        0.102        0.102          -0.007
       Univariate Pearson Chi-Square                  0.000
       Univariate Log-Likelihood Chi-Square           0.000
     GND6
       Category 1        0.709        0.709           0.022
       Category 2        0.291        0.291          -0.022
       Univariate Pearson Chi-Square                  0.001
       Univariate Log-Likelihood Chi-Square           0.001

       Overall Univariate Pearson Chi-Square                         0.021
       Overall Univariate Log-Likelihood Chi-Square                  0.021


     BIVARIATE MODEL FIT INFORMATION

                                              Estimated Probabilities
                                                                 Standardized
     Variable       Variable              H1           H0          Residual
                                                                  (z-score)
     GND1           GND2
       Category 1     Category 1        0.895        0.877           3.087
       Category 1     Category 2        0.060        0.079          -3.799
       Category 2     Category 1        0.022        0.041          -5.232
       Category 2     Category 2        0.023        0.004          17.260
       Bivariate Pearson Chi-Square                                410.777
       Bivariate Log-Likelihood Chi-Square                         220.554
     GND1           GND3
       Category 1     Category 1        0.839        0.828           1.515
       Category 1     Category 2        0.117        0.128          -1.742
       Category 2     Category 1        0.027        0.038          -3.147
       Category 2     Category 2        0.017        0.006           8.007
       Bivariate Pearson Chi-Square                                 92.839
       Bivariate Log-Likelihood Chi-Square                          67.680
     GND1           GND4
       Category 1     Category 1        0.719        0.709           1.229
       Category 1     Category 2        0.237        0.247          -1.316
       Category 2     Category 1        0.023        0.033          -3.159
       Category 2     Category 2        0.022        0.011           5.379
       Bivariate Pearson Chi-Square                                 48.674
       Bivariate Log-Likelihood Chi-Square                          42.718
     GND1           GND5
       Category 1     Category 1        0.869        0.859           1.616
       Category 1     Category 2        0.087        0.097          -1.934
       Category 2     Category 1        0.030        0.040          -2.867
       Category 2     Category 2        0.015        0.005           8.515
       Bivariate Pearson Chi-Square                                102.005
       Bivariate Log-Likelihood Chi-Square                          69.549
     GND1           GND6
       Category 1     Category 1        0.687        0.677           1.112
       Category 1     Category 2        0.268        0.278          -1.181
       Category 2     Category 1        0.022        0.031          -2.919
       Category 2     Category 2        0.022        0.013           4.596
       Bivariate Pearson Chi-Square                                 37.121
       Bivariate Log-Likelihood Chi-Square                          33.683
     GND2           GND3
       Category 1     Category 1        0.805        0.795           1.345
       Category 1     Category 2        0.112        0.122          -1.715
       Category 2     Category 1        0.061        0.072          -2.237
       Category 2     Category 2        0.022        0.011           5.704
       Bivariate Pearson Chi-Square                                 48.399
       Bivariate Log-Likelihood Chi-Square                          39.934
     GND2           GND4
       Category 1     Category 1        0.690        0.680           1.162
       Category 1     Category 2        0.227        0.237          -1.319
       Category 2     Category 1        0.051        0.061          -2.282
       Category 2     Category 2        0.032        0.021           3.917
       Bivariate Pearson Chi-Square                                 26.361
       Bivariate Log-Likelihood Chi-Square                          24.333
     GND2           GND5
       Category 1     Category 1        0.840        0.824           2.294
       Category 1     Category 2        0.077        0.093          -3.070
       Category 2     Category 1        0.058        0.074          -3.323
       Category 2     Category 2        0.025        0.008           9.759
       Bivariate Pearson Chi-Square                                138.892
       Bivariate Log-Likelihood Chi-Square                         100.675
     GND2           GND6
       Category 1     Category 1        0.661        0.650           1.173
       Category 1     Category 2        0.256        0.267          -1.307
       Category 2     Category 1        0.048        0.059          -2.339
       Category 2     Category 2        0.034        0.024           3.710
       Bivariate Pearson Chi-Square                                 24.724
       Bivariate Log-Likelihood Chi-Square                          23.179
     GND3           GND4
       Category 1     Category 1        0.709        0.642           7.540
       Category 1     Category 2        0.157        0.224          -8.748
       Category 2     Category 1        0.032        0.099         -12.118
       Category 2     Category 2        0.102        0.035          20.009
       Bivariate Pearson Chi-Square                                728.414
       Bivariate Log-Likelihood Chi-Square                         630.526
     GND3           GND5
       Category 1     Category 1        0.791        0.778           1.601
       Category 1     Category 2        0.075        0.088          -2.465
       Category 2     Category 1        0.108        0.120          -2.039
       Category 2     Category 2        0.026        0.014           6.020
       Bivariate Pearson Chi-Square                                 55.395
       Bivariate Log-Likelihood Chi-Square                          46.407
     GND3           GND6
       Category 1     Category 1        0.684        0.614           7.794
       Category 1     Category 2        0.182        0.252          -8.814
       Category 2     Category 1        0.025        0.095         -12.926
       Category 2     Category 2        0.109        0.039          19.754
       Bivariate Pearson Chi-Square                                739.734
       Bivariate Log-Likelihood Chi-Square                         671.712
     GND4           GND5
       Category 1     Category 1        0.685        0.666           2.190
       Category 1     Category 2        0.056        0.075          -3.933
       Category 2     Category 1        0.213        0.232          -2.440
       Category 2     Category 2        0.045        0.026           6.478
       Bivariate Pearson Chi-Square                                 74.641
       Bivariate Log-Likelihood Chi-Square                          67.522
     GND4           GND6
       Category 1     Category 1        0.614        0.526           9.652
       Category 1     Category 2        0.127        0.216         -11.729
       Category 2     Category 1        0.095        0.183         -12.432
       Category 2     Category 2        0.164        0.075          18.254
       Bivariate Pearson Chi-Square                                713.665
       Bivariate Log-Likelihood Chi-Square                         671.770
     GND5           GND6
       Category 1     Category 1        0.657        0.637           2.275
       Category 1     Category 2        0.241        0.261          -2.485
       Category 2     Category 1        0.052        0.072          -4.195
       Category 2     Category 2        0.049        0.030           6.390
       Bivariate Pearson Chi-Square                                 75.925
       Bivariate Log-Likelihood Chi-Square                          69.990

       Overall Bivariate Pearson Chi-Square                       3317.566
       Overall Bivariate Log-Likelihood Chi-Square                2780.235


SAVEDATA INFORMATION


  Save file
    Prob_LTU_GNDlca_C3cl1.dat

  Order and format of variables

    GND1           F10.3
    GND2           F10.3
    GND3           F10.3
    GND4           F10.3
    GND5           F10.3
    GND6           F10.3
    CPROB1         F10.3
    C              F10.3
    WS             F10.3
    IDSTUD         I9
    ID_S           I5
    ID_J           I5

  Save file format
    9F10.3 I9 2I5

  Save file record length    10000

  Save missing symbol        *


     Beginning Time:  22:30:36
        Ending Time:  22:30:38
       Elapsed Time:  00:00:02



MUTHEN & MUTHEN
3463 Stoner Ave.
Los Angeles, CA  90066

Tel: (310) 391-9971
Fax: (310) 391-8971
Web: www.StatModel.com
Support: Support@StatModel.com

Copyright (c) 1998-2020 Muthen & Muthen
