Mplus VERSION 8.5 (Mac)
MUTHEN & MUTHEN
04/07/2021  10:31 PM

INPUT INSTRUCTIONS

  TITLE: MLTGND LCA - C3 with 3 classes;
  DATA:
  FILE = GNDDtaC3.dat;

  VARIABLE:
  NAMES = id_i
  id_j
  id_r
  id_s
  id_k
  wt
  ws
  GND1
  GND2
  GND3
  GND4
  GND5
  GND6
  IDSTUD;
  IDVARIABLE = IDSTUD;
  USEVARIABLES = GND1
  GND2
  GND3
  GND4
  GND5
  GND6;
  USEOBSERVATIONS ARE id_k EQ 10;
  CATEGORICAL = GND1
  GND2
  GND3
  GND4
  GND5
  GND6;
  MISSING = .;
  CLASSES = c(3);
  WEIGHT = ws;
  STRATIFICATION = id_s;
  CLUSTER = id_j;

  ANALYSIS:
  TYPE = COMPLEX MIXTURE;
  PROCESSORS = 4;
  STARTS = 1000 250;
  STITERATIONS = 20;
  STSEED = 288;

  MODEL:
  %OVERALL%

  OUTPUT:
  TECH10
  TECH11
  SVALUES
  ;

  SAVEDATA:
  FILE = Prob_MLT_GNDlca_C3cl3.dat;
  SAVE = CPROBABILITIES;



*** WARNING in VARIABLE command
  When a subpopulation is analyzed with TYPE=COMPLEX, standard errors
  may be incorrect.  Use the SUBPOPULATION option instead of the
  USEOBSERVATIONS option to obtain correct standard errors.
*** WARNING
  Data set contains cases with missing on all variables.
  These cases were not included in the analysis.
  Number of cases with missing on all variables:  111
   2 WARNING(S) FOUND IN THE INPUT INSTRUCTIONS



MLTGND LCA - C3 with 3 classes;

SUMMARY OF ANALYSIS

Number of groups                                                 1
Number of observations                                        3653

Number of dependent variables                                    6
Number of independent variables                                  0
Number of continuous latent variables                            0
Number of categorical latent variables                           1

Observed dependent variables

  Binary and ordered categorical (ordinal)
   GND1        GND2        GND3        GND4        GND5        GND6

Categorical latent variables
   C

Variables with special functions

  Stratification        ID_S
  Cluster variable      ID_J
  Weight variable       WS
  ID variable           IDSTUD

Estimator                                                      MLR
Information matrix                                        OBSERVED
Optimization Specifications for the Quasi-Newton Algorithm for
Continuous Outcomes
  Maximum number of iterations                                 100
  Convergence criterion                                  0.100D-05
Optimization Specifications for the EM Algorithm
  Maximum number of iterations                                 500
  Convergence criteria
    Loglikelihood change                                 0.100D-06
    Relative loglikelihood change                        0.100D-06
    Derivative                                           0.100D-05
Optimization Specifications for the M step of the EM Algorithm for
Categorical Latent variables
  Number of M step iterations                                    1
  M step convergence criterion                           0.100D-05
  Basis for M step termination                           ITERATION
Optimization Specifications for the M step of the EM Algorithm for
Censored, Binary or Ordered Categorical (Ordinal), Unordered
Categorical (Nominal) and Count Outcomes
  Number of M step iterations                                    1
  M step convergence criterion                           0.100D-05
  Basis for M step termination                           ITERATION
  Maximum value for logit thresholds                            15
  Minimum value for logit thresholds                           -15
  Minimum expected cell size for chi-square              0.100D-01
Maximum number of iterations for H1                           2000
Convergence criterion for H1                             0.100D-03
Optimization algorithm                                         EMA
Random Starts Specifications
  Number of initial stage random starts                       1000
  Number of final stage optimizations                          250
  Number of initial stage iterations                            20
  Initial stage convergence criterion                    0.100D+01
  Random starts scale                                    0.500D+01
  Random seed for generating random starts                     288
Link                                                         LOGIT

Input data file(s)
  GNDDtaC3.dat
Input data format  FREE


SUMMARY OF DATA

     Number of missing data patterns            15
     Number of y missing data patterns           0
     Number of u missing data patterns          15
     Number of strata                           75
     Number of clusters                        124


COVARIANCE COVERAGE OF DATA

Minimum covariance coverage value   0.100


     PROPORTION OF DATA PRESENT FOR U


           Covariance Coverage
              GND1          GND2          GND3          GND4          GND5
              ________      ________      ________      ________      ________
 GND1           0.998
 GND2           0.995         0.997
 GND3           0.988         0.988         0.989
 GND4           0.989         0.989         0.981         0.990
 GND5           0.989         0.989         0.982         0.984         0.991
 GND6           0.992         0.992         0.984         0.985         0.988


           Covariance Coverage
              GND6
              ________
 GND6           0.993


UNIVARIATE PROPORTIONS AND COUNTS FOR CATEGORICAL VARIABLES

    GND1
      Category 1    0.963         3507.390
      Category 2    0.037          136.546
    GND2
      Category 1    0.926         3370.684
      Category 2    0.074          270.997
    GND3
      Category 1    0.888         3208.852
      Category 2    0.112          404.127
    GND4
      Category 1    0.827         2991.345
      Category 2    0.173          626.230
    GND5
      Category 1    0.919         3325.098
      Category 2    0.081          293.691
    GND6
      Category 1    0.786         2850.852
      Category 2    0.214          777.019


RANDOM STARTS RESULTS RANKED FROM THE BEST TO THE WORST LOGLIKELIHOOD VALUES

Final stage loglikelihood values at local maxima, seeds, and initial stage start numbers:

           -6236.460  27507            988
           -6236.460  591912           901
           -6236.460  477099           598
           -6236.460  972138           488
           -6236.460  74848            286
           -6236.460  353096           154
           -6236.460  563703           259
           -6236.460  370680           94
           -6236.460  896139           940
           -6236.460  721582           836
           -6236.460  506540           329
           -6236.460  87282            366
           -6236.460  997549           220
           -6236.460  441498           776
           -6236.460  81666            810
           -6236.460  846815           774
           -6236.460  519601           283
           -6236.460  764334           694
           -6236.460  403376           842
           -6236.460  184270           234
           -6236.460  237882           526
           -6236.460  481396           619
           -6236.460  499068           572
           -6236.460  290638           666
           -6236.460  986285           495
           -6236.460  316890           37
           -6236.460  121590           424
           -6236.460  648136           544
           -6236.460  943264           132
           -6236.460  162423           420
           -6236.460  454330           14
           -6236.460  970403           507
           -6236.460  539221           853
           -6236.460  250285           298
           -6236.460  985923           545
           -6236.460  782637           338
           -6236.460  216144           158
           -6236.460  749058           704
           -6236.460  710213           362
           -6236.460  559671           610
           -6236.460  514978           7
           -6236.460  333699           364
           -6236.460  426024           330
           -6236.460  527640           903
           -6236.460  860811           322
           -6236.460  742602           131
           -6236.460  816924           905
           -6236.460  719116           992
           -6236.460  873183           809
           -6236.460  896494           228
           -6236.460  749139           301
           -6236.460  699594           29
           -6236.460  552637           324
           -6236.460  917656           98
           -6236.460  99291            862
           -6236.460  334920           663
           -6236.460  752749           806
           -6236.460  926166           281
           -6236.460  626683           277
           -6236.460  660791           846
           -6236.460  107224           444
           -6236.460  351401           904
           -6236.460  141596           554
           -6236.460  894345           834
           -6236.460  789068           174
           -6236.460  692367           5
           -6236.460  303175           433
           -6236.460  624641           303
           -6236.460  400781           719
           -6236.460  866003           788
           -6236.460  199816           11
           -6236.460  751299           150
           -6236.460  615751           16
           -6236.460  14684            408
           -6236.460  853915           161
           -6236.460  364204           869
           -6236.460  3314             35
           -6236.460  572536           358
           -6236.460  83824            267
           -6236.460  143958           850
           -6236.460  533600           307
           -6236.460  241342           73
           -6236.460  345991           581
           -6236.460  553464           113
           -6236.460  320296           22
           -6236.460  993659           141
           -6236.460  902664           49
           -6236.460  545226           149
           -6236.460  339904           18
           -6236.460  811368           379
           -6236.460  591324           212
           -6236.460  414035           84
           -6236.460  920430           230
           -6236.460  369474           935
           -6236.460  622880           337
           -6236.460  647619           843
           -6236.460  706025           816
           -6236.460  270280           838
           -6236.460  804806           254
           -6236.460  583315           957
           -6236.460  596950           160
           -6236.460  737206           176
           -6236.460  125830           187
           -6236.460  18598            257
           -6236.460  676549           225
           -6236.460  558819           667
           -6236.460  983906           53
           -6236.460  210174           733
           -6236.460  883238           52
           -6236.460  55908            587
           -6236.460  268362           708
           -6236.460  717571           695
           -6236.460  211892           429
           -6236.460  789373           634
           -6236.460  447197           683
           -6236.460  302904           999
           -6236.460  476644           343
           -6236.460  632977           781
           -6236.460  442068           743
           -6236.460  300562           171
           -6236.460  393038           231
           -6236.460  487744           668
           -6236.460  566415           567
           -6236.460  440588           517
           -6236.460  223610           725
           -6236.460  3693             391
           -6236.460  660636           718
           -6236.460  890984           102
           -6236.460  377368           224
           -6236.460  679290           585
           -6236.460  363526           136
           -6236.460  32588            319
           -6236.460  58623            732
           -6236.460  26859            531
           -6236.460  56932            607
           -6236.460  924010           464
           -6236.460  16924            513
           -6236.460  718635           450
           -6236.460  303586           738
           -6236.460  185850           427
           -6236.460  692137           430
           -6236.460  986007           548
           -6236.460  256752           574
           -6236.460  251470           803
           -6236.460  746482           80
           -6236.460  29688            817
           -6236.460  449017           361
           -6236.460  666759           404
           -6236.460  827739           606
           -6236.460  210519           217
           -6236.460  718759           582
           -6236.460  115826           928
           -6236.460  819256           294
           -6236.460  642399           521
           -6236.460  719428           129
           -6236.460  210983           209
           -6236.460  858385           124
           -6236.460  790562           348
           -6236.460  634855           285
           -6236.460  574266           509
           -6236.460  312601           848
           -6236.460  204861           439
           -6236.460  704835           650
           -6236.460  425159           122
           -6236.460  914075           346
           -6236.460  233656           510
           -6236.460  437887           645
           -6236.460  747907           664
           -6236.460  293837           796

81 perturbed starting value run(s) did not converge or were rejected in the third stage.



THE BEST LOGLIKELIHOOD VALUE HAS BEEN REPLICATED.  RERUN WITH AT LEAST TWICE THE
RANDOM STARTS TO CHECK THAT THE BEST LOGLIKELIHOOD IS STILL OBTAINED AND REPLICATED.

     IN THE OPTIMIZATION, ONE OR MORE LOGIT THRESHOLDS APPROACHED EXTREME VALUES
     OF -15.000 AND 15.000 AND WERE FIXED TO STABILIZE MODEL ESTIMATION.  THESE
     VALUES IMPLY PROBABILITIES OF 0 AND 1.  IN THE MODEL RESULTS SECTION, THESE
     PARAMETERS HAVE 0 STANDARD ERRORS AND 999 IN THE Z-SCORE AND P-VALUE COLUMNS.


     WARNING:  THE VARIANCE CONTRIBUTION FROM A STRATUM WITH A SINGLE CLUSTER
     (PSU) IS BASED ON THE DIFFERENCE BETWEEN THE SINGLE CLUSTER VALUE AND
     THE OVERALL CLUSTER MEAN.




THE MODEL ESTIMATION TERMINATED NORMALLY



MODEL FIT INFORMATION

Number of Free Parameters                       20

Loglikelihood

          H0 Value                       -6236.460
          H0 Scaling Correction Factor      1.4744
            for MLR

Information Criteria

          Akaike (AIC)                   12512.919
          Bayesian (BIC)                 12636.985
          Sample-Size Adjusted BIC       12573.435
            (n* = (n + 2) / 24)

Chi-Square Test of Model Fit for the Binary and Ordered Categorical
(Ordinal) Outcomes

          Pearson Chi-Square

          Value                            136.973
          Degrees of Freedom                    43
          P-Value                           0.0000

          Likelihood Ratio Chi-Square

          Value                             98.011
          Degrees of Freedom                    43
          P-Value                           0.0000

Chi-Square Test for MCAR under the Unrestricted Latent Class Indicator Model

          Pearson Chi-Square

          Value                            345.758
          Degrees of Freedom                   244
          P-Value                           0.0000

          Likelihood Ratio Chi-Square

          Value                            182.992
          Degrees of Freedom                   244
          P-Value                           0.9987



FINAL CLASS COUNTS AND PROPORTIONS FOR THE LATENT CLASSES
BASED ON THE ESTIMATED MODEL

    Latent
   Classes

       1        449.84259          0.12314
       2        348.74392          0.09547
       3       2854.41349          0.78139


FINAL CLASS COUNTS AND PROPORTIONS FOR THE LATENT CLASSES
BASED ON ESTIMATED POSTERIOR PROBABILITIES

    Latent
   Classes

       1        449.84259          0.12314
       2        348.74392          0.09547
       3       2854.41349          0.78139


FINAL CLASS COUNTS AND PROPORTIONS FOR THE LATENT CLASSES
BASED ON THEIR MOST LIKELY LATENT CLASS MEMBERSHIP

Class Counts and Proportions

    Latent
   Classes

       1              354          0.09700
       2              368          0.10079
       3             2930          0.80221


CLASSIFICATION QUALITY

     Entropy                         0.842


Average Latent Class Probabilities for Most Likely Latent Class Membership (Row)
by Latent Class (Column)

           1        2        3

    1   0.905    0.036    0.059
    2   0.120    0.846    0.035
    3   0.029    0.008    0.962


Classification Probabilities for the Most Likely Latent Class Membership (Column)
by Latent Class (Row)

           1        2        3

    1   0.713    0.098    0.190
    2   0.037    0.893    0.071
    3   0.007    0.004    0.988


Logits for the Classification Probabilities for the Most Likely Latent Class Membership (Column)
by Latent Class (Row)

              1        2        3

    1      1.324   -0.662    0.000
    2     -0.658    2.537    0.000
    3     -4.898   -5.394    0.000


MODEL RESULTS

                                                    Two-Tailed
                    Estimate       S.E.  Est./S.E.    P-Value

Latent Class 1

 Thresholds
    GND1$1             0.989      0.168      5.894      0.000
    GND2$1             0.089      0.206      0.434      0.665
    GND3$1             0.627      0.145      4.315      0.000
    GND4$1             0.107      0.136      0.788      0.431
    GND5$1             0.025      0.153      0.163      0.870
    GND6$1             0.003      0.137      0.020      0.984

Latent Class 2

 Thresholds
    GND1$1             3.899      0.604      6.457      0.000
    GND2$1            15.000      0.000    999.000    999.000
    GND3$1            -0.573      0.154     -3.728      0.000
    GND4$1            -2.074      0.342     -6.055      0.000
    GND5$1             2.962      0.659      4.498      0.000
    GND6$1            -2.458      0.417     -5.895      0.000

Latent Class 3

 Thresholds
    GND1$1             5.853      0.458     12.786      0.000
    GND2$1             3.869      0.196     19.709      0.000
    GND3$1             4.487      0.231     19.384      0.000
    GND4$1             3.168      0.155     20.423      0.000
    GND5$1             3.859      0.191     20.251      0.000
    GND6$1             2.397      0.114     20.990      0.000

Categorical Latent Variables

 Means
    C#1               -1.848      0.174    -10.644      0.000
    C#2               -2.102      0.142    -14.760      0.000


RESULTS IN PROBABILITY SCALE

Latent Class 1

 GND1
    Category 1         0.729      0.033     21.980      0.000
    Category 2         0.271      0.033      8.175      0.000
 GND2
    Category 1         0.522      0.051     10.185      0.000
    Category 2         0.478      0.051      9.316      0.000
 GND3
    Category 1         0.652      0.033     19.767      0.000
    Category 2         0.348      0.033     10.560      0.000
 GND4
    Category 1         0.527      0.034     15.566      0.000
    Category 2         0.473      0.034     13.987      0.000
 GND5
    Category 1         0.506      0.038     13.243      0.000
    Category 2         0.494      0.038     12.916      0.000
 GND6
    Category 1         0.501      0.034     14.592      0.000
    Category 2         0.499      0.034     14.552      0.000

Latent Class 2

 GND1
    Category 1         0.980      0.012     83.377      0.000
    Category 2         0.020      0.012      1.690      0.091
 GND2
    Category 1         1.000      0.000      0.000      1.000
    Category 2         0.000      0.000      0.000      1.000
 GND3
    Category 1         0.361      0.035     10.185      0.000
    Category 2         0.639      0.035     18.055      0.000
 GND4
    Category 1         0.112      0.034      3.287      0.001
    Category 2         0.888      0.034     26.143      0.000
 GND5
    Category 1         0.951      0.031     30.886      0.000
    Category 2         0.049      0.031      1.597      0.110
 GND6
    Category 1         0.079      0.030      2.604      0.009
    Category 2         0.921      0.030     30.410      0.000

Latent Class 3

 GND1
    Category 1         0.997      0.001    762.707      0.000
    Category 2         0.003      0.001      2.191      0.028
 GND2
    Category 1         0.980      0.004    249.018      0.000
    Category 2         0.020      0.004      5.201      0.000
 GND3
    Category 1         0.989      0.003    388.045      0.000
    Category 2         0.011      0.003      4.369      0.000
 GND4
    Category 1         0.960      0.006    159.663      0.000
    Category 2         0.040      0.006      6.717      0.000
 GND5
    Category 1         0.979      0.004    254.161      0.000
    Category 2         0.021      0.004      5.358      0.000
 GND6
    Category 1         0.917      0.009    105.014      0.000
    Category 2         0.083      0.009      9.552      0.000


LATENT CLASS ODDS RATIO RESULTS

                                                95% C.I.
                    Estimate       S.E.  Lower 2.5% Upper 2.5%

Latent Class 1 Compared to Latent Class 2

 GND1
    Category > 1      18.352     11.931      5.133     65.622
 GND2
    Category > 1   *********      0.000  *********  *********
 GND3
    Category > 1       0.301      0.063      0.200      0.453
 GND4
    Category > 1       0.113      0.040      0.056      0.226
 GND5
    Category > 1      18.866     12.740      5.022     70.874
 GND6
    Category > 1       0.085      0.037      0.036      0.202

Latent Class 1 Compared to Latent Class 3

 GND1
    Category > 1     129.465     60.818     51.557    325.103
 GND2
    Category > 1      43.797     12.144     25.435     75.417
 GND3
    Category > 1      47.446     11.824     29.111     77.327
 GND4
    Category > 1      21.358      4.358     14.318     31.862
 GND5
    Category > 1      46.267     10.630     29.492     72.584
 GND6
    Category > 1      10.963      1.994      7.675     15.660

Latent Class 2 Compared to Latent Class 3

 GND1
    Category > 1       7.054      5.503      1.529     32.548
 GND2
    Category > 1       0.000      0.000      0.000      0.000
 GND3
    Category > 1     157.451     38.936     96.972    255.648
 GND4
    Category > 1     189.040     69.704     91.767    389.420
 GND5
    Category > 1       2.452      1.610      0.677      8.878
 GND6
    Category > 1     128.374     54.894     55.525    296.800


QUALITY OF NUMERICAL RESULTS

     Condition Number for the Information Matrix              0.349E-02
       (ratio of smallest to largest eigenvalue)


MODEL COMMAND WITH FINAL ESTIMATES USED AS STARTING VALUES

     %OVERALL%

     [ c#1*-1.84772 ];
     [ c#2*-2.10228 ];

     %C#1%

     [ gnd1$1*0.98911 ];
     [ gnd2$1*0.08911 ];
     [ gnd3$1*0.62699 ];
     [ gnd4$1*0.10695 ];
     [ gnd5$1*0.02498 ];
     [ gnd6$1*0.00277 ];

     %C#2%

     [ gnd1$1*3.89888 ];
     [ gnd2$1*15 ];
     [ gnd3$1*-0.57254 ];
     [ gnd4$1*-2.07356 ];
     [ gnd5$1*2.96233 ];
     [ gnd6$1*-2.45763 ];

     %C#3%

     [ gnd1$1*5.85253 ];
     [ gnd2$1*3.86869 ];
     [ gnd3$1*4.48658 ];
     [ gnd4$1*3.16840 ];
     [ gnd5$1*3.85940 ];
     [ gnd6$1*2.39732 ];



TECHNICAL 10 OUTPUT


     MODEL FIT INFORMATION FOR THE LATENT CLASS INDICATOR MODEL PART


     RESPONSE PATTERNS

     No.  Pattern    No.  Pattern    No.  Pattern    No.  Pattern
       1  000000       2  000001       3  000010       4  000011
       5  000100       6  000101       7  000110       8  000111
       9  001000      10  001001      11  001010      12  001011
      13  001100      14  001101      15  001110      16  001111
      17  010000      18  010001      19  010010      20  010011
      21  010100      22  010101      23  010110      24  010111
      25  011000      26  011001      27  011010      28  011011
      29  011100      30  011101      31  011110      32  011111
      33  100000      34  100001      35  100010      36  100011
      37  100100      38  100101      39  100111      40  101000
      41  101001      42  101010      43  101011      44  101100
      45  101101      46  101110      47  101111      48  110000
      49  110001      50  110010      51  110011      52  110100
      53  110101      54  110111      55  111000      56  111001
      57  111010      58  111011      59  111100      60  111101
      61  111110      62  111111      63  001***      64  000*00
      65  000*01      66  000*11      67  001*00      68  001*01
      69  010*01      70  010*10      71  011*10      72  011*11
      73  101*11      74  0000**      75  0101**      76  00*000
      77  00*001      78  00*010      79  00*011      80  00*100
      81  00*101      82  00*110      83  00*111      84  01*000
      85  01*100      86  10*000      87  10*100      88  0*0000
      89  0*0101      90  0*1000      91  1*0010      92  00000*
      93  00011*      94  00111*      95  01000*      96  01011*
      97  0000*0      98  0000*1      99  0011*1     100  0111*1
     101  1111*1     102  000**0     103  001**0     104  001**1
     105  *00000     106  *01000     107  *10010     108  0***0*
     109  ***1**     110  *0****     111  0*****     112  1*****
     113  0*10*0


     RESPONSE PATTERN FREQUENCIES AND CHI-SQUARE CONTRIBUTIONS

    Response          Frequency     Standardized  Chi-square Contribution
     Pattern    Observed  Estimated   Residual    Pearson   Loglikelihood  Deleted
                                     (z-score)
         1      2346.19    2317.66       0.91       0.06         4.70
         2       228.94     235.51      -0.40       0.13        -6.18
         3        57.24      62.67      -0.62       0.44        -7.94
         4        36.10      19.07       3.52      15.06        50.80
         5       119.52     117.80       0.15      -0.01        -0.35
         6       115.20     114.73       0.04      -0.01        -1.01
         7        12.72      15.11      -0.55       0.36        -3.33
         8        22.38      17.62       1.02       1.20        13.40
         9        31.80      35.41      -0.55       0.09        -0.85
        10        30.21      30.78      -0.09       0.00        -0.17
        11         5.64       8.16      -0.79       0.76        -3.58
        12         6.04       8.63      -0.79       0.78        -4.04
        13        21.44      22.14      -0.13       0.00        -0.11
        14       169.98     171.83      -0.13      -0.02         1.67
        15         9.98       7.52       0.81       0.75         7.19
        16        10.13      15.27      -1.18       1.69        -7.00
        17        62.47      61.30       0.14       0.02         3.51
        18        10.97      17.55      -1.42       2.46        -9.81
        19         4.57      13.90      -2.26       6.25        -9.72
        20         5.53      12.94      -1.86       4.24        -9.75
        21        15.42      13.90       0.37       0.16         3.96
        22        15.85      12.02       0.99       1.20         9.88
        23        14.98      11.62       0.89       0.90         9.70
        24        12.94      11.55       0.37       0.16         3.45
        25        12.36       7.60       1.55       2.97        12.86
        26         4.94       7.09      -0.73       0.65        -3.87
        27         1.00       6.90      -2.02       4.84        -3.00
        28         5.90       6.87      -0.33       0.07        -0.55
        29        10.06       6.37       1.32       2.14         9.35
        30         3.85       6.33      -0.89       0.96        -3.41
        31         0.95       6.19      -1.89       4.27        -2.79
        32         6.61       6.17       0.16      -0.24         3.58
        33        11.76      12.01      -0.07      -0.02         0.62
        34         3.90       6.20      -0.83       0.85        -3.72
        35         2.00       5.38      -1.31       2.12        -3.87
        36         0.95       5.25      -1.69       3.52        -3.28
        37         4.28       5.27      -0.39       0.06        -0.33
        38         1.00       6.72      -1.99       4.86        -3.84
        39         6.10       4.79       0.54       0.36         2.80
        40         5.20       2.98       1.16       1.62         6.56
        41         3.07       3.29      -0.11       0.01        -0.50
        42         3.04       2.80       0.13       0.02         0.41
        43         4.94       2.81       1.14       1.56         6.63
        44         0.99       2.87      -1.00       1.20        -1.77
        45         9.19       5.91       1.21       1.81         7.88
        46         0.95       2.53      -0.89       0.98        -1.88
        47         3.08       2.68       0.22       0.02         1.52
        48         6.96       5.05       0.76       0.72         4.27
        49         6.26       4.91       0.55       0.37         2.85
        50        23.94       4.80       7.87      76.37        79.66
        51         3.91       4.78      -0.36       0.16        -1.69
        52         0.95       4.42      -1.48       2.72        -2.95
        53         2.90       4.40      -0.65       0.52        -2.50
        54         1.03       4.30      -1.42       2.49        -2.96
        55         0.95       2.63      -0.93       1.07        -1.96
        56         1.98       2.62      -0.36       0.16        -1.17
        57         2.04       2.56      -0.29       0.11        -0.98
        58         1.90       2.55      -0.37       0.16        -1.17
        59         4.56       2.36       1.29       2.05         5.89
        60         3.01       2.35       0.38       0.16         2.02
        61         2.05       2.30      -0.15       0.03        -0.52
        62         6.23       2.29       2.34       6.69        13.55
        63         0.95       0.08       2.89      -0.21        -0.04
        64        10.18      16.68      -2.56      -0.01         0.02
        65         0.95       2.40      -0.89       0.02        -0.02
        66         1.99       0.25       3.13       6.28         2.10
        67         1.90       0.39       2.18      -0.08        -0.03
        68         3.11       1.39       1.35       0.02         0.02
        69         1.11       0.20       1.82      -0.41        -0.15
        70         1.00       0.17       1.77      -1.23        -0.40
        71         1.09       0.09       3.01     -44.66        -3.22
        72         1.90       0.09       5.47       4.44         0.44
        73         1.03       0.04       4.58      10.73         1.00
        74         7.01       5.98       0.75       0.01         0.08
        75         1.03       0.11       2.48       1.87         0.46
        76        10.78      21.74      -3.65      -0.01         0.02
        77         6.02       2.46       2.13      -0.15        -0.15
        78         2.95       0.65       2.58      -1.27        -0.56
        79         2.00       0.26       3.11       5.78         1.91
        80         1.06       1.29      -0.19       0.00         0.00
        81         2.90       2.65       0.14       0.00         0.01
        82         1.00       0.21       1.56       0.27         0.12
        83         0.99       0.30       1.13       0.14         0.10
        84         1.96       0.64       1.51       0.49         0.38
        85         0.95       0.19       1.59       1.01         0.47
        86         1.05       0.14       2.20       1.27         0.38
        87         1.05       0.08       3.19      -4.41        -0.55
        88         1.98       3.29      -1.13       0.00         0.01
        89         0.95       0.18       1.70       0.15         0.06
        90         0.95       0.06       3.31       1.50         0.20
        91         1.00       0.01       7.51      44.87         1.98
        92         4.94       6.37      -0.96       0.00         0.00
        93         1.00       0.08       2.90       1.40         0.25
        94         0.95       0.06       3.39      -0.88        -0.10
        95         0.99       0.20       1.63      -0.30        -0.12
        96         0.95       0.06       3.36       3.25         0.44
        97         5.85       9.33      -1.79       0.00        -0.01
        98         4.03       1.00       2.84       0.92         0.50
        99         2.01       0.73       1.37      -0.09        -0.08
       100         1.00       0.05       3.86      -0.58        -0.06
       101         0.99       0.02       6.50      29.24         1.54
       102         1.95       2.84      -0.88       0.00        -0.01
       103         1.01       0.08       2.94       0.09         0.01
       104         1.04       0.26       1.44      -0.11        -0.06
       105         4.03       3.99       0.03       0.00         0.01
       106         1.09       0.07       3.60       0.95         0.12
       107         0.95       0.03       4.63      10.70         0.91
       108         0.99       0.89       0.30       0.00         0.00
       109         1.09       0.19       2.04       0.00         0.00
       110         1.90       1.76       0.35       0.00         0.00
       111         1.00       3.20      -5.70       0.00         0.00
       112         2.32       0.12       5.70       0.18         0.02
       113         1.03       0.02       7.05      -3.22        -0.10

     THE TOTAL PEARSON CHI-SQUARE CONTRIBUTION FROM EMPTY CELLS IS         9.55


     UNIVARIATE MODEL FIT INFORMATION

                               Estimated Probabilities
                                                  Standardized
     Variable              H1           H0          Residual
                                                   (z-score)
     GND1
       Category 1        0.962        0.962          -0.046
       Category 2        0.038        0.038           0.046
       Univariate Pearson Chi-Square                  0.003
       Univariate Log-Likelihood Chi-Square           0.003
     GND2
       Category 1        0.925        0.925          -0.047
       Category 2        0.075        0.075           0.047
       Univariate Pearson Chi-Square                  0.003
       Univariate Log-Likelihood Chi-Square           0.003
     GND3
       Category 1        0.887        0.887           0.006
       Category 2        0.113        0.113          -0.006
       Univariate Pearson Chi-Square                  0.000
       Univariate Log-Likelihood Chi-Square           0.000
     GND4
       Category 1        0.825        0.825          -0.008
       Category 2        0.175        0.175           0.008
       Univariate Pearson Chi-Square                  0.000
       Univariate Log-Likelihood Chi-Square           0.000
     GND5
       Category 1        0.918        0.918          -0.029
       Category 2        0.082        0.082           0.029
       Univariate Pearson Chi-Square                  0.001
       Univariate Log-Likelihood Chi-Square           0.001
     GND6
       Category 1        0.785        0.785           0.008
       Category 2        0.215        0.215          -0.008
       Univariate Pearson Chi-Square                  0.000
       Univariate Log-Likelihood Chi-Square           0.000

       Overall Univariate Pearson Chi-Square                         0.007
       Overall Univariate Log-Likelihood Chi-Square                  0.007


     BIVARIATE MODEL FIT INFORMATION

                                              Estimated Probabilities
                                                                 Standardized
     Variable       Variable              H1           H0          Residual
                                                                  (z-score)
     GND1           GND2
       Category 1     Category 1        0.907        0.904           0.645
       Category 1     Category 2        0.055        0.059          -0.847
       Category 2     Category 1        0.018        0.022          -1.397
       Category 2     Category 2        0.020        0.016           1.686
       Bivariate Pearson Chi-Square                                  6.703
       Bivariate Log-Likelihood Chi-Square                           6.620
     GND1           GND3
       Category 1     Category 1        0.865        0.863           0.409
       Category 1     Category 2        0.097        0.100          -0.499
       Category 2     Category 1        0.022        0.025          -0.896
       Category 2     Category 2        0.016        0.013           1.311
       Bivariate Pearson Chi-Square                                  3.369
       Bivariate Log-Likelihood Chi-Square                           3.273
     GND1           GND4
       Category 1     Category 1        0.801        0.805          -0.575
       Category 1     Category 2        0.161        0.157           0.602
       Category 2     Category 1        0.024        0.020           1.608
       Category 2     Category 2        0.014        0.018          -1.645
       Bivariate Pearson Chi-Square                                  6.876
       Bivariate Log-Likelihood Chi-Square                           6.956
     GND1           GND5
       Category 1     Category 1        0.899        0.897           0.245
       Category 1     Category 2        0.063        0.065          -0.336
       Category 2     Category 1        0.019        0.021          -0.575
       Category 2     Category 2        0.018        0.017           0.712
       Bivariate Pearson Chi-Square                                  1.155
       Bivariate Log-Likelihood Chi-Square                           1.146
     GND1           GND6
       Category 1     Category 1        0.765        0.767          -0.201
       Category 1     Category 2        0.197        0.196           0.193
       Category 2     Category 1        0.021        0.019           0.650
       Category 2     Category 2        0.017        0.019          -0.590
       Bivariate Pearson Chi-Square                                  0.983
       Bivariate Log-Likelihood Chi-Square                           0.981
     GND2           GND3
       Category 1     Category 1        0.833        0.833          -0.043
       Category 1     Category 2        0.092        0.092           0.013
       Category 2     Category 1        0.054        0.054           0.079
       Category 2     Category 2        0.021        0.021          -0.039
       Bivariate Pearson Chi-Square                                  0.010
       Bivariate Log-Likelihood Chi-Square                           0.010
     GND2           GND4
       Category 1     Category 1        0.780        0.779           0.177
       Category 1     Category 2        0.145        0.146          -0.242
       Category 2     Category 1        0.045        0.046          -0.363
       Category 2     Category 2        0.030        0.028           0.532
       Bivariate Pearson Chi-Square                                  0.566
       Bivariate Log-Likelihood Chi-Square                           0.561
     GND2           GND5
       Category 1     Category 1        0.871        0.873          -0.249
       Category 1     Category 2        0.054        0.052           0.318
       Category 2     Category 1        0.047        0.045           0.360
       Category 2     Category 2        0.028        0.029          -0.371
       Bivariate Pearson Chi-Square                                  0.446
       Bivariate Log-Likelihood Chi-Square                           0.445
     GND2           GND6
       Category 1     Category 1        0.738        0.741          -0.414
       Category 1     Category 2        0.187        0.184           0.436
       Category 2     Category 1        0.048        0.044           0.898
       Category 2     Category 2        0.028        0.031          -0.998
       Bivariate Pearson Chi-Square                                  2.392
       Bivariate Log-Likelihood Chi-Square                           2.411
     GND3           GND4
       Category 1     Category 1        0.789        0.788           0.231
       Category 1     Category 2        0.098        0.100          -0.308
       Category 2     Category 1        0.036        0.038          -0.510
       Category 2     Category 2        0.077        0.075           0.362
       Bivariate Pearson Chi-Square                                  0.580
       Bivariate Log-Likelihood Chi-Square                           0.584
     GND3           GND5
       Category 1     Category 1        0.827        0.830          -0.397
       Category 1     Category 2        0.060        0.057           0.650
       Category 2     Category 1        0.091        0.088           0.497
       Category 2     Category 2        0.022        0.024          -0.928
       Bivariate Pearson Chi-Square                                  1.842
       Bivariate Log-Likelihood Chi-Square                           1.872
     GND3           GND6
       Category 1     Category 1        0.752        0.751           0.060
       Category 1     Category 2        0.136        0.136          -0.070
       Category 2     Category 1        0.034        0.034          -0.124
       Category 2     Category 2        0.079        0.078           0.077
       Bivariate Pearson Chi-Square                                  0.032
       Bivariate Log-Likelihood Chi-Square                           0.032
     GND4           GND5
       Category 1     Category 1        0.777        0.777          -0.075
       Category 1     Category 2        0.049        0.048           0.133
       Category 2     Category 1        0.141        0.141           0.067
       Category 2     Category 2        0.033        0.034          -0.113
       Bivariate Pearson Chi-Square                                  0.042
       Bivariate Log-Likelihood Chi-Square                           0.042
     GND4           GND6
       Category 1     Category 1        0.723        0.721           0.267
       Category 1     Category 2        0.102        0.105          -0.401
       Category 2     Category 1        0.063        0.065          -0.474
       Category 2     Category 2        0.112        0.110           0.382
       Bivariate Pearson Chi-Square                                  0.623
       Bivariate Log-Likelihood Chi-Square                           0.626
     GND5           GND6
       Category 1     Category 1        0.744        0.740           0.492
       Category 1     Category 2        0.174        0.179          -0.585
       Category 2     Category 1        0.042        0.046          -1.019
       Category 2     Category 2        0.040        0.036           1.184
       Bivariate Pearson Chi-Square                                  3.319
       Bivariate Log-Likelihood Chi-Square                           3.299

       Overall Bivariate Pearson Chi-Square                         28.937
       Overall Bivariate Log-Likelihood Chi-Square                  28.858


TECHNICAL 11 OUTPUT

     Random Starts Specifications for the k-1 Class Analysis Model
        Number of initial stage random starts                1000
        Number of final stage optimizations                   250



     VUONG-LO-MENDELL-RUBIN LIKELIHOOD RATIO TEST FOR 2 (H0) VERSUS 3 CLASSES

          H0 Loglikelihood Value                        -6377.810
          2 Times the Loglikelihood Difference            282.700
          Difference in the Number of Parameters                7
          Mean                                             14.594
          Standard Deviation                              126.339
          P-Value                                          0.0280

     LO-MENDELL-RUBIN ADJUSTED LRT TEST

          Value                                           277.861
          P-Value                                          0.0292


SAVEDATA INFORMATION


  Save file
    Prob_MLT_GNDlca_C3cl3.dat

  Order and format of variables

    GND1           F10.3
    GND2           F10.3
    GND3           F10.3
    GND4           F10.3
    GND5           F10.3
    GND6           F10.3
    CPROB1         F10.3
    CPROB2         F10.3
    CPROB3         F10.3
    C              F10.3
    WS             F10.3
    IDSTUD         I9
    ID_S           I5
    ID_J           I5

  Save file format
    11F10.3 I9 2I5

  Save file record length    10000

  Save missing symbol        *


     Beginning Time:  22:31:28
        Ending Time:  22:31:31
       Elapsed Time:  00:00:03



MUTHEN & MUTHEN
3463 Stoner Ave.
Los Angeles, CA  90066

Tel: (310) 391-9971
Fax: (310) 391-8971
Web: www.StatModel.com
Support: Support@StatModel.com

Copyright (c) 1998-2020 Muthen & Muthen
