Mplus VERSION 8.5 (Mac)
MUTHEN & MUTHEN
03/22/2021  11:25 AM

INPUT INSTRUCTIONS

  TITLE: NLDLCA - C3 with 3 classes;
  DATA:
  FILE = DtaC3.dat;

  VARIABLE:
  NAMES = id_i
  id_j
  id_r
  id_s
  id_k
  wt
  ws
  GND1
  GND2
  GND4
  GND6
  IDSTUD;
  IDVARIABLE = IDSTUD;
  USEVARIABLES = GND1
  GND2
  GND4
  GND6;
  USEOBSERVATIONS ARE id_k EQ 4;
  CATEGORICAL = GND1
  GND2
  GND4
  GND6;
  MISSING = .;
  CLASSES = c(3);
  WEIGHT = ws;
  STRATIFICATION = id_s;
  CLUSTER = id_j;

  ANALYSIS:
  TYPE = COMPLEX MIXTURE;
  PROCESSORS = 4;
  STARTS = 100 25;
  STITERATIONS = 5;
  STSEED = 288;

  MODEL:
  %OVERALL%

  OUTPUT:
  TECH10
  TECH11
  SVALUES
  ;

  SAVEDATA:
  FILE = Prob_NLD_lca_C3cl3.dat;
  SAVE = CPROBABILITIES;



*** WARNING in VARIABLE command
  When a subpopulation is analyzed with TYPE=COMPLEX, standard errors
  may be incorrect.  Use the SUBPOPULATION option instead of the
  USEOBSERVATIONS option to obtain correct standard errors.
*** WARNING
  Data set contains cases with missing on all variables.
  These cases were not included in the analysis.
  Number of cases with missing on all variables:  32
   2 WARNING(S) FOUND IN THE INPUT INSTRUCTIONS



NLDLCA - C3 with 3 classes;

SUMMARY OF ANALYSIS

Number of groups                                                 1
Number of observations                                        2780

Number of dependent variables                                    4
Number of independent variables                                  0
Number of continuous latent variables                            0
Number of categorical latent variables                           1

Observed dependent variables

  Binary and ordered categorical (ordinal)
   GND1        GND2        GND4        GND6

Categorical latent variables
   C

Variables with special functions

  Stratification        ID_S
  Cluster variable      ID_J
  Weight variable       WS
  ID variable           IDSTUD

Estimator                                                      MLR
Information matrix                                        OBSERVED
Optimization Specifications for the Quasi-Newton Algorithm for
Continuous Outcomes
  Maximum number of iterations                                 100
  Convergence criterion                                  0.100D-05
Optimization Specifications for the EM Algorithm
  Maximum number of iterations                                 500
  Convergence criteria
    Loglikelihood change                                 0.100D-06
    Relative loglikelihood change                        0.100D-06
    Derivative                                           0.100D-05
Optimization Specifications for the M step of the EM Algorithm for
Categorical Latent variables
  Number of M step iterations                                    1
  M step convergence criterion                           0.100D-05
  Basis for M step termination                           ITERATION
Optimization Specifications for the M step of the EM Algorithm for
Censored, Binary or Ordered Categorical (Ordinal), Unordered
Categorical (Nominal) and Count Outcomes
  Number of M step iterations                                    1
  M step convergence criterion                           0.100D-05
  Basis for M step termination                           ITERATION
  Maximum value for logit thresholds                            15
  Minimum value for logit thresholds                           -15
  Minimum expected cell size for chi-square              0.100D-01
Maximum number of iterations for H1                           2000
Convergence criterion for H1                             0.100D-03
Optimization algorithm                                         EMA
Random Starts Specifications
  Number of initial stage random starts                        100
  Number of final stage optimizations                           25
  Number of initial stage iterations                             5
  Initial stage convergence criterion                    0.100D+01
  Random starts scale                                    0.500D+01
  Random seed for generating random starts                     288
Link                                                         LOGIT

Input data file(s)
  DtaC3.dat
Input data format  FREE


SUMMARY OF DATA

     Number of missing data patterns             4
     Number of y missing data patterns           0
     Number of u missing data patterns           4
     Number of strata                           62
     Number of clusters                        123


COVARIANCE COVERAGE OF DATA

Minimum covariance coverage value   0.100


     PROPORTION OF DATA PRESENT FOR U


           Covariance Coverage
              GND1          GND2          GND4          GND6
              ________      ________      ________      ________
 GND1           1.000
 GND2           1.000         1.000
 GND4           0.996         0.996         0.996
 GND6           0.998         0.997         0.994         0.998


UNIVARIATE PROPORTIONS AND COUNTS FOR CATEGORICAL VARIABLES

    GND1
      Category 1    0.964         2680.046
      Category 2    0.036           99.954
    GND2
      Category 1    0.943         2620.032
      Category 2    0.057          159.514
    GND4
      Category 1    0.816         2259.940
      Category 2    0.184          510.047
    GND6
      Category 1    0.793         2200.337
      Category 2    0.207          574.319


RANDOM STARTS RESULTS RANKED FROM THE BEST TO THE WORST LOGLIKELIHOOD VALUES

Final stage loglikelihood values at local maxima, seeds, and initial stage start numbers:

           -3483.979  862516           26
           -3483.979  584751           81
           -3483.979  247466           56
           -3483.979  901673           34
           -3483.979  741179           79
           -3483.979  554174           85
           -3483.979  199816           11
           -3483.979  578065           8
           -3483.979  126667           38
           -3483.979  339904           18
           -3483.979  325682           54
           -3483.979  468408           60
           -3483.979  47928            36
           -3483.979  689282           61
           -3483.979  53405            28
           -3483.979  341151           77
           -3483.979  704750           1
           -3483.979  615751           16
           -3483.979  267084           27
           -3485.852  867952           17
           -3486.311  370680           94
           -3486.311  323102           100
           -3486.311  412035           70
           -3486.979  829916           15

1 perturbed starting value run(s) did not converge or were rejected in the third stage.



THE BEST LOGLIKELIHOOD VALUE HAS BEEN REPLICATED.  RERUN WITH AT LEAST TWICE THE
RANDOM STARTS TO CHECK THAT THE BEST LOGLIKELIHOOD IS STILL OBTAINED AND REPLICATED.


     WARNING:  THE VARIANCE CONTRIBUTION FROM A STRATUM WITH A SINGLE CLUSTER
     (PSU) IS BASED ON THE DIFFERENCE BETWEEN THE SINGLE CLUSTER VALUE AND
     THE OVERALL CLUSTER MEAN.

     ONE OR MORE PARAMETERS WERE FIXED TO AVOID SINGULARITY OF THE
     INFORMATION MATRIX. THE SINGULARITY IS MOST LIKELY BECAUSE THE
     MODEL IS NOT IDENTIFIED, OR BECAUSE OF EMPTY CELLS IN THE JOINT
     DISTRIBUTION OF THE CATEGORICAL VARIABLES IN THE MODEL.
     THE FOLLOWING PARAMETERS WERE FIXED:
     Parameter 2, %C#1%: [ GND2$1 ]


THE MODEL ESTIMATION TERMINATED NORMALLY



MODEL FIT INFORMATION

Number of Free Parameters                       14

Loglikelihood

          H0 Value                       -3483.979
          H0 Scaling Correction Factor      1.4792
            for MLR

Information Criteria

          Akaike (AIC)                    6995.958
          Bayesian (BIC)                  7078.981
          Sample-Size Adjusted BIC        7034.498
            (n* = (n + 2) / 24)

Chi-Square Test of Model Fit for the Binary and Ordered Categorical
(Ordinal) Outcomes

          Pearson Chi-Square

          Value                              8.362
          Degrees of Freedom                     1
          P-Value                           0.0038

          Likelihood Ratio Chi-Square

          Value                              8.251
          Degrees of Freedom                     1
          P-Value                           0.0041

Chi-Square Test for MCAR under the Unrestricted Latent Class Indicator Model

          Pearson Chi-Square

          Value                             14.436
          Degrees of Freedom                    21
          P-Value                           0.8502

          Likelihood Ratio Chi-Square

          Value                             10.767
          Degrees of Freedom                    21
          P-Value                           0.9671



FINAL CLASS COUNTS AND PROPORTIONS FOR THE LATENT CLASSES
BASED ON THE ESTIMATED MODEL

    Latent
   Classes

       1         82.28573          0.02960
       2       2385.45482          0.85808
       3        312.25945          0.11232


FINAL CLASS COUNTS AND PROPORTIONS FOR THE LATENT CLASSES
BASED ON ESTIMATED POSTERIOR PROBABILITIES

    Latent
   Classes

       1         82.28573          0.02960
       2       2385.45482          0.85808
       3        312.25945          0.11232


FINAL CLASS COUNTS AND PROPORTIONS FOR THE LATENT CLASSES
BASED ON THEIR MOST LIKELY LATENT CLASS MEMBERSHIP

Class Counts and Proportions

    Latent
   Classes

       1               82          0.02953
       2             2425          0.87248
       3              272          0.09799


CLASSIFICATION QUALITY

     Entropy                         0.871


Average Latent Class Probabilities for Most Likely Latent Class Membership (Row)
by Latent Class (Column)

           1        2        3

    1   0.763    0.119    0.118
    2   0.006    0.967    0.027
    3   0.020    0.110    0.870


Classification Probabilities for the Most Likely Latent Class Membership (Column)
by Latent Class (Row)

           1        2        3

    1   0.761    0.172    0.067
    2   0.004    0.983    0.013
    3   0.031    0.210    0.759


Logits for the Classification Probabilities for the Most Likely Latent Class Membership (Column)
by Latent Class (Row)

              1        2        3

    1      2.428    0.939    0.000
    2     -1.116    4.363    0.000
    3     -3.200   -1.285    0.000


MODEL RESULTS

                                                    Two-Tailed
                    Estimate       S.E.  Est./S.E.    P-Value

Latent Class 1

 Thresholds
    GND1$1            -0.142      0.527     -0.270      0.788
    GND2$1            -9.512      0.000    999.000    999.000
    GND4$1             0.384      0.584      0.657      0.511
    GND6$1             0.465      0.542      0.858      0.391

Latent Class 2

 Thresholds
    GND1$1             4.560      0.300     15.217      0.000
    GND2$1             3.835      0.373     10.279      0.000
    GND4$1             2.297      0.185     12.409      0.000
    GND6$1             2.085      0.155     13.450      0.000

Latent Class 3

 Thresholds
    GND1$1             2.198      0.355      6.189      0.000
    GND2$1             2.366      0.429      5.512      0.000
    GND4$1            -1.602      0.780     -2.052      0.040
    GND6$1            -2.182      1.248     -1.748      0.080

Categorical Latent Variables

 Means
    C#1               -1.334      0.400     -3.333      0.001
    C#2                2.033      0.248      8.186      0.000


RESULTS IN PROBABILITY SCALE

Latent Class 1

 GND1
    Category 1         0.465      0.131      3.547      0.000
    Category 2         0.535      0.131      4.088      0.000
 GND2
    Category 1         0.000      0.000      0.000      1.000
    Category 2         1.000      0.000      0.000      1.000
 GND4
    Category 1         0.595      0.141      4.224      0.000
    Category 2         0.405      0.141      2.878      0.004
 GND6
    Category 1         0.614      0.128      4.783      0.000
    Category 2         0.386      0.128      3.004      0.003

Latent Class 2

 GND1
    Category 1         0.990      0.003    322.317      0.000
    Category 2         0.010      0.003      3.372      0.001
 GND2
    Category 1         0.979      0.008    126.720      0.000
    Category 2         0.021      0.008      2.739      0.006
 GND4
    Category 1         0.909      0.015     59.113      0.000
    Category 2         0.091      0.015      5.947      0.000
 GND6
    Category 1         0.889      0.015     58.351      0.000
    Category 2         0.111      0.015      7.252      0.000

Latent Class 3

 GND1
    Category 1         0.900      0.032     28.179      0.000
    Category 2         0.100      0.032      3.128      0.002
 GND2
    Category 1         0.914      0.034     27.157      0.000
    Category 2         0.086      0.034      2.548      0.011
 GND4
    Category 1         0.168      0.109      1.540      0.124
    Category 2         0.832      0.109      7.639      0.000
 GND6
    Category 1         0.101      0.114      0.891      0.373
    Category 2         0.899      0.114      7.904      0.000


LATENT CLASS ODDS RATIO RESULTS

                                                95% C.I.
                    Estimate       S.E.  Lower 2.5% Upper 2.5%

Latent Class 1 Compared to Latent Class 2

 GND1
    Category > 1     110.164     72.252     30.462    398.401
 GND2
    Category > 1   *********  *********  *********  *********
 GND4
    Category > 1       6.773      4.376      1.909     24.030
 GND6
    Category > 1       5.053      2.968      1.598     15.978

Latent Class 1 Compared to Latent Class 3

 GND1
    Category > 1      10.382      7.300      2.617     41.189
 GND2
    Category > 1   *********  61838.051  62099.684  *********
 GND4
    Category > 1       0.137      0.155      0.015      1.249
 GND6
    Category > 1       0.071      0.112      0.003      1.576

Latent Class 2 Compared to Latent Class 3

 GND1
    Category > 1       0.094      0.045      0.037      0.242
 GND2
    Category > 1       0.230      0.130      0.076      0.699
 GND4
    Category > 1       0.020      0.015      0.005      0.086
 GND6
    Category > 1       0.014      0.017      0.001      0.148


QUALITY OF NUMERICAL RESULTS

     Condition Number for the Information Matrix              0.272E-02
       (ratio of smallest to largest eigenvalue)


MODEL COMMAND WITH FINAL ESTIMATES USED AS STARTING VALUES

     %OVERALL%

     [ c#1*-1.33364 ];
     [ c#2*2.03331 ];

     %C#1%

     [ gnd1$1*-0.14191 ];
     [ gnd2$1*-9.51156 ];
     [ gnd4$1*0.38365 ];
     [ gnd6$1*0.46527 ];

     %C#2%

     [ gnd1$1*4.56006 ];
     [ gnd2$1*3.83451 ];
     [ gnd4$1*2.29654 ];
     [ gnd6$1*2.08519 ];

     %C#3%

     [ gnd1$1*2.19814 ];
     [ gnd2$1*2.36634 ];
     [ gnd4$1*-1.60158 ];
     [ gnd6$1*-2.18230 ];



TECHNICAL 10 OUTPUT


     MODEL FIT INFORMATION FOR THE LATENT CLASS INDICATOR MODEL PART


     RESPONSE PATTERNS

     No.  Pattern    No.  Pattern    No.  Pattern    No.  Pattern
       1  0000         2  0001         3  0010         4  0011
       5  0100         6  0101         7  0110         8  0111
       9  1000        10  1001        11  1010        12  1011
      13  1100        14  1101        15  1110        16  1111
      17  00*0        18  01*0        19  000*        20  001*
      21  100*        22  0*00


     RESPONSE PATTERN FREQUENCIES AND CHI-SQUARE CONTRIBUTIONS

    Response          Frequency     Standardized  Chi-square Contribution
     Pattern    Observed  Estimated   Residual    Pearson   Loglikelihood  Deleted
                                     (z-score)
         1      1862.53    1861.21       0.04       0.00         0.95
         2       270.38     269.29       0.06       0.00        -0.33
         3       206.98     208.36      -0.08       0.01        -0.91
         4       215.72     214.30       0.08       0.01         3.06
         5        52.97      54.42      -0.16       0.02        -0.72
         6        17.03      17.32      -0.06       0.00        -0.77
         7        16.42      15.52       0.19       0.05         2.50
         8        22.65      24.37      -0.29       0.12        -3.58
         9        19.44      19.91      -0.09       0.01        -0.49
        10         7.07       6.69       0.12       0.02         0.94
        11         4.37       4.35       0.01       0.00         0.00
        12        19.98      21.45      -0.26       0.10        -3.07
        13        21.82      16.47       1.09       1.74        12.04
        14         5.52      10.50      -1.27       2.37        -7.17
        15         5.33      11.17      -1.44       3.05        -7.95
        16        15.96       8.84       1.98       5.74        18.68
        17         8.20       7.50       0.42       0.00         0.00
        18         1.81       0.25       2.58       0.15         0.04
        19         2.27       4.12      -1.57       0.00         0.00
        20         2.63       0.82       1.79       0.02         0.01
        21         0.45       0.05       1.47       0.03         0.01
        22         0.45       0.31       0.37       0.00         0.00

     THE TOTAL PEARSON CHI-SQUARE CONTRIBUTION FROM EMPTY CELLS IS         0.01


     UNIVARIATE MODEL FIT INFORMATION

                               Estimated Probabilities
                                                  Standardized
     Variable              H1           H0          Residual
                                                   (z-score)
     GND1
       Category 1        0.964        0.964           0.000
       Category 2        0.036        0.036           0.000
       Univariate Pearson Chi-Square                  0.000
       Univariate Log-Likelihood Chi-Square           0.000
     GND2
       Category 1        0.943        0.943           0.000
       Category 2        0.057        0.057           0.000
       Univariate Pearson Chi-Square                  0.000
       Univariate Log-Likelihood Chi-Square           0.000
     GND4
       Category 1        0.816        0.816          -0.001
       Category 2        0.184        0.184           0.001
       Univariate Pearson Chi-Square                  0.000
       Univariate Log-Likelihood Chi-Square           0.000
     GND6
       Category 1        0.793        0.793           0.000
       Category 2        0.207        0.207           0.000
       Univariate Pearson Chi-Square                  0.000
       Univariate Log-Likelihood Chi-Square           0.000

       Overall Univariate Pearson Chi-Square                         0.000
       Overall Univariate Log-Likelihood Chi-Square                  0.000


     BIVARIATE MODEL FIT INFORMATION

                                              Estimated Probabilities
                                                                 Standardized
     Variable       Variable              H1           H0          Residual
                                                                  (z-score)
     GND1           GND2
       Category 1     Category 1        0.924        0.924           0.082
       Category 1     Category 2        0.040        0.040          -0.110
       Category 2     Category 1        0.018        0.019          -0.159
       Category 2     Category 2        0.017        0.017           0.168
       Bivariate Pearson Chi-Square                                  0.095
       Bivariate Log-Likelihood Chi-Square                           0.095
     GND1           GND4
       Category 1     Category 1        0.797        0.797          -0.017
       Category 1     Category 2        0.167        0.167           0.019
       Category 2     Category 1        0.020        0.019           0.048
       Category 2     Category 2        0.016        0.017          -0.052
       Bivariate Pearson Chi-Square                                  0.008
       Bivariate Log-Likelihood Chi-Square                           0.008
     GND1           GND6
       Category 1     Category 1        0.774        0.774           0.033
       Category 1     Category 2        0.190        0.190          -0.035
       Category 2     Category 1        0.018        0.019          -0.102
       Category 2     Category 2        0.018        0.017           0.107
       Bivariate Pearson Chi-Square                                  0.034
       Bivariate Log-Likelihood Chi-Square                           0.034
     GND2           GND4
       Category 1     Category 1        0.781        0.780           0.020
       Category 1     Category 2        0.162        0.162          -0.022
       Category 2     Category 1        0.036        0.036          -0.046
       Category 2     Category 2        0.022        0.022           0.059
       Bivariate Pearson Chi-Square                                  0.009
       Bivariate Log-Likelihood Chi-Square                           0.009
     GND2           GND6
       Category 1     Category 1        0.757        0.757          -0.009
       Category 1     Category 2        0.185        0.185           0.009
       Category 2     Category 1        0.035        0.035           0.019
       Category 2     Category 2        0.022        0.022          -0.024
       Bivariate Pearson Chi-Square                                  0.001
       Bivariate Log-Likelihood Chi-Square                           0.001
     GND4           GND6
       Category 1     Category 1        0.708        0.706           0.175
       Category 1     Category 2        0.108        0.110          -0.257
       Category 2     Category 1        0.085        0.087          -0.285
       Category 2     Category 2        0.099        0.097           0.272
       Bivariate Pearson Chi-Square                                  0.307
       Bivariate Log-Likelihood Chi-Square                           0.307

       Overall Bivariate Pearson Chi-Square                          0.453
       Overall Bivariate Log-Likelihood Chi-Square                   0.454


TECHNICAL 11 OUTPUT

     Random Starts Specifications for the k-1 Class Analysis Model
        Number of initial stage random starts                 100
        Number of final stage optimizations                    25



     VUONG-LO-MENDELL-RUBIN LIKELIHOOD RATIO TEST FOR 2 (H0) VERSUS 3 CLASSES

          H0 Loglikelihood Value                        -3534.297
          2 Times the Loglikelihood Difference            100.635
          Difference in the Number of Parameters                5
          Mean                                             13.684
          Standard Deviation                               58.627
          P-Value                                          0.0634

     LO-MENDELL-RUBIN ADJUSTED LRT TEST

          Value                                            98.160
          P-Value                                          0.0667


SAVEDATA INFORMATION


  Save file
    Prob_NLD_lca_C3cl3.dat

  Order and format of variables

    GND1           F10.3
    GND2           F10.3
    GND4           F10.3
    GND6           F10.3
    CPROB1         F10.3
    CPROB2         F10.3
    CPROB3         F10.3
    C              F10.3
    WS             F10.3
    IDSTUD         I9
    ID_S           I4
    ID_J           I4

  Save file format
    9F10.3 I9 2I4

  Save file record length    10000

  Save missing symbol        *


     Beginning Time:  11:25:50
        Ending Time:  11:25:51
       Elapsed Time:  00:00:01



MUTHEN & MUTHEN
3463 Stoner Ave.
Los Angeles, CA  90066

Tel: (310) 391-9971
Fax: (310) 391-8971
Web: www.StatModel.com
Support: Support@StatModel.com

Copyright (c) 1998-2020 Muthen & Muthen
