Mplus VERSION 8.5 (Mac)
MUTHEN & MUTHEN
03/22/2021  11:25 AM

INPUT INSTRUCTIONS

  TITLE: CHLLCA - C3 with 1 classes;
  DATA:
  FILE = DtaC3.dat;

  VARIABLE:
  NAMES = id_i
  id_j
  id_r
  id_s
  id_k
  wt
  ws
  GND1
  GND2
  GND4
  GND6
  IDSTUD;
  IDVARIABLE = IDSTUD;
  USEVARIABLES = GND1
  GND2
  GND4
  GND6;
  USEOBSERVATIONS ARE id_k EQ 2;
  CATEGORICAL = GND1
  GND2
  GND4
  GND6;
  MISSING = .;
  CLASSES = c(1);
  WEIGHT = ws;
  STRATIFICATION = id_s;
  CLUSTER = id_j;

  ANALYSIS:
  TYPE = COMPLEX MIXTURE;
  PROCESSORS = 4;
  STARTS = 100 25;
  STITERATIONS = 5;
  STSEED = 288;

  MODEL:
  %OVERALL%

  OUTPUT:
  TECH10
  TECH11
  SVALUES
  ;

  SAVEDATA:
  FILE = Prob_CHL_lca_C3cl1.dat;
  SAVE = CPROBABILITIES;



*** WARNING in VARIABLE command
  When a subpopulation is analyzed with TYPE=COMPLEX, standard errors
  may be incorrect.  Use the SUBPOPULATION option instead of the
  USEOBSERVATIONS option to obtain correct standard errors.
*** WARNING in OUTPUT command
  TECH11 option is not available for TYPE=MIXTURE with only one class.
  Request for TECH11 is ignored.
*** WARNING
  Data set contains cases with missing on all variables.
  These cases were not included in the analysis.
  Number of cases with missing on all variables:  91
   3 WARNING(S) FOUND IN THE INPUT INSTRUCTIONS



CHLLCA - C3 with 1 classes;

SUMMARY OF ANALYSIS

Number of groups                                                 1
Number of observations                                        4990

Number of dependent variables                                    4
Number of independent variables                                  0
Number of continuous latent variables                            0
Number of categorical latent variables                           1

Observed dependent variables

  Binary and ordered categorical (ordinal)
   GND1        GND2        GND4        GND6

Categorical latent variables
   C

Variables with special functions

  Stratification        ID_S
  Cluster variable      ID_J
  Weight variable       WS
  ID variable           IDSTUD

Estimator                                                      MLR
Information matrix                                        OBSERVED
Optimization Specifications for the Quasi-Newton Algorithm for
Continuous Outcomes
  Maximum number of iterations                                 100
  Convergence criterion                                  0.100D-05
Optimization Specifications for the EM Algorithm
  Maximum number of iterations                                 500
  Convergence criteria
    Loglikelihood change                                 0.100D-06
    Relative loglikelihood change                        0.100D-06
    Derivative                                           0.100D-05
Optimization Specifications for the M step of the EM Algorithm for
Categorical Latent variables
  Number of M step iterations                                    1
  M step convergence criterion                           0.100D-05
  Basis for M step termination                           ITERATION
Optimization Specifications for the M step of the EM Algorithm for
Censored, Binary or Ordered Categorical (Ordinal), Unordered
Categorical (Nominal) and Count Outcomes
  Number of M step iterations                                    1
  M step convergence criterion                           0.100D-05
  Basis for M step termination                           ITERATION
  Maximum value for logit thresholds                            15
  Minimum value for logit thresholds                           -15
  Minimum expected cell size for chi-square              0.100D-01
Maximum number of iterations for H1                           2000
Convergence criterion for H1                             0.100D-03
Optimization algorithm                                         EMA
Random Starts Specifications
  Number of initial stage random starts                        100
  Number of final stage optimizations                           25
  Number of initial stage iterations                             5
  Initial stage convergence criterion                    0.100D+01
  Random starts scale                                    0.500D+01
  Random seed for generating random starts                     288
Link                                                         LOGIT

Input data file(s)
  DtaC3.dat
Input data format  FREE


SUMMARY OF DATA

     Number of missing data patterns             9
     Number of y missing data patterns           0
     Number of u missing data patterns           9
     Number of strata                           75
     Number of clusters                        178


COVARIANCE COVERAGE OF DATA

Minimum covariance coverage value   0.100


     PROPORTION OF DATA PRESENT FOR U


           Covariance Coverage
              GND1          GND2          GND4          GND6
              ________      ________      ________      ________
 GND1           0.999
 GND2           0.996         0.997
 GND4           0.995         0.994         0.996
 GND6           0.996         0.995         0.994         0.997


UNIVARIATE PROPORTIONS AND COUNTS FOR CATEGORICAL VARIABLES

    GND1
      Category 1    0.975         4855.494
      Category 2    0.025          126.734
    GND2
      Category 1    0.963         4795.713
      Category 2    0.037          182.292
    GND4
      Category 1    0.762         3788.005
      Category 2    0.238         1181.984
    GND6
      Category 1    0.767         3811.847
      Category 2    0.233         1158.592


RANDOM STARTS RESULTS RANKED FROM THE BEST TO THE WORST LOGLIKELIHOOD VALUES

Final stage loglikelihood values at local maxima, seeds, and initial stage start numbers:

           -6797.438  613990           76
           -6797.438  771335           51
           -6797.438  862516           26
           -6797.438  unperturbed      0
           -6797.438  704750           1
           -6797.438  514978           7
           -6797.438  829916           15
           -6797.438  38078            64
           -6797.438  555689           32
           -6797.438  587107           65
           -6797.438  654184           66
           -6797.438  615751           16
           -6797.438  365939           33
           -6797.438  15050            67
           -6797.438  977786           68
           -6797.438  901673           34
           -6797.438  609201           3
           -6797.438  3314             35
           -6797.438  47928            36
           -6797.438  578065           8
           -6797.438  341151           77
           -6797.438  104144           78
           -6797.438  741179           79
           -6797.438  746482           80
           -6797.438  584751           81



THE MODEL ESTIMATION TERMINATED NORMALLY



MODEL FIT INFORMATION

Number of Free Parameters                        4

Loglikelihood

          H0 Value                       -6797.438
          H0 Scaling Correction Factor      2.2922
            for MLR

Information Criteria

          Akaike (AIC)                   13602.876
          Bayesian (BIC)                 13628.937
          Sample-Size Adjusted BIC       13616.226
            (n* = (n + 2) / 24)

Chi-Square Test of Model Fit for the Binary and Ordered Categorical
(Ordinal) Outcomes**

          Pearson Chi-Square

          Value                            558.798
          Degrees of Freedom                    10
          P-Value                           0.0000

          Likelihood Ratio Chi-Square

          Value                              0.000
          Degrees of Freedom                    10
          P-Value                           1.0000

** Of the 62 cells in the latent class indicator table, 1
   were deleted in the calculation of chi-square due to extreme values.

Chi-Square Test for MCAR under the Unrestricted Latent Class Indicator Model

          Pearson Chi-Square

          Value                             81.907
          Degrees of Freedom                    38
          P-Value                           0.0000

          Likelihood Ratio Chi-Square

          Value                             34.020
          Degrees of Freedom                    38
          P-Value                           0.6541



FINAL CLASS COUNTS AND PROPORTIONS FOR THE LATENT CLASSES
BASED ON THE ESTIMATED MODEL

    Latent
   Classes

       1       4990.00000          1.00000


FINAL CLASS COUNTS AND PROPORTIONS FOR THE LATENT CLASSES
BASED ON ESTIMATED POSTERIOR PROBABILITIES

    Latent
   Classes

       1       4990.00000          1.00000


FINAL CLASS COUNTS AND PROPORTIONS FOR THE LATENT CLASSES
BASED ON THEIR MOST LIKELY LATENT CLASS MEMBERSHIP

Class Counts and Proportions

    Latent
   Classes

       1             4990          1.00000


Average Latent Class Probabilities for Most Likely Latent Class Membership (Row)
by Latent Class (Column)

           1

    1   1.000


Classification Probabilities for the Most Likely Latent Class Membership (Column)
by Latent Class (Row)

           1

    1   1.000


Logits for the Classification Probabilities for the Most Likely Latent Class Membership (Column)
by Latent Class (Row)

              1

    1      0.000


MODEL RESULTS

                                                    Two-Tailed
                    Estimate       S.E.  Est./S.E.    P-Value

Latent Class 1

 Thresholds
    GND1$1             3.646      0.121     30.099      0.000
    GND2$1             3.270      0.105     31.263      0.000
    GND4$1             1.165      0.057     20.431      0.000
    GND6$1             1.191      0.053     22.415      0.000


RESULTS IN PROBABILITY SCALE

Latent Class 1

 GND1
    Category 1         0.975      0.003    324.562      0.000
    Category 2         0.025      0.003      8.471      0.000
 GND2
    Category 1         0.963      0.004    261.089      0.000
    Category 2         0.037      0.004      9.924      0.000
 GND4
    Category 1         0.762      0.010     73.762      0.000
    Category 2         0.238      0.010     23.016      0.000
 GND6
    Category 1         0.767      0.009     80.747      0.000
    Category 2         0.233      0.009     24.543      0.000


QUALITY OF NUMERICAL RESULTS

     Condition Number for the Information Matrix              0.137E+00
       (ratio of smallest to largest eigenvalue)


MODEL COMMAND WITH FINAL ESTIMATES USED AS STARTING VALUES

     %OVERALL%

     %C#1%

     [ gnd1$1*3.64577 ];
     [ gnd2$1*3.26987 ];
     [ gnd4$1*1.16464 ];
     [ gnd6$1*1.19091 ];



TECHNICAL 10 OUTPUT


     MODEL FIT INFORMATION FOR THE LATENT CLASS INDICATOR MODEL PART


     RESPONSE PATTERNS

     No.  Pattern    No.  Pattern    No.  Pattern    No.  Pattern
       1  0000         2  0001         3  0010         4  0011
       5  0100         6  0101         7  0110         8  0111
       9  1000        10  1001        11  1010        12  1011
      13  1100        14  1101        15  1110        16  1111
      17  0*00        18  0*01        19  0*11        20  0***
      21  1***        22  *000        23  *011        24  *100
      25  00*0        26  00*1        27  00**        28  11**
      29  000*        30  001*        31  010*        32  011*
      33  *00*        34  **11


     RESPONSE PATTERN FREQUENCIES AND CHI-SQUARE CONTRIBUTIONS

    Response          Frequency     Standardized  Chi-square Contribution
     Pattern    Observed  Estimated   Residual    Pearson   Loglikelihood  Deleted
                                     (z-score)
         1      3283.26    2713.91      12.68      99.95       175.66
         2       332.78     824.88      -9.33     100.00      -602.56
         3       367.57     846.83      -9.36     100.00      -614.99
         4       745.15     257.39       8.75      99.94       213.19
         5        53.83     103.16      -4.18      23.56       -67.87
         6        17.38      31.35      -2.13       6.23       -20.25
         7         3.46      32.19      -4.33      25.63       -15.04
         8        18.10       9.78       2.27       7.01        24.48
         9        10.53      70.84      -6.15      51.34       -40.00
        10         7.79      21.53      -2.53       8.76       -15.73
        11        11.68      22.10      -1.89       4.92       -14.76
        12         9.46       6.72       0.90       1.11         6.66
        13        62.46       2.69       8.52      99.93       204.29
        14         7.21       0.82       6.02      49.87        31.62
        15         6.74       0.84       5.48      41.36        28.29
        16         7.90       0.26       8.52     100.00        54.49
        17         2.42       3.53      -0.77      -0.39         0.80
        18         1.33       1.07       0.23      -1.73        -2.37
        19         2.46       0.33       3.21      11.14         5.21
        20         3.14       4.94      -4.32       0.00         0.00
        21         1.93       0.13       4.32       0.19         0.03
        22         0.78       2.93      -1.62      -0.49         0.26
        23         2.57       0.28       3.80      14.99         5.44
        24         1.85       0.11       4.49       3.52         0.45
        25         7.26       9.37      -1.11      -0.08         0.31
        26         5.75       2.85       1.66       0.02         0.03
        27         0.88       1.81      -2.38      -0.02         0.03
        28         1.05       0.00       8.52      69.60         6.16      DELETED
        29         3.67       7.67      -2.31      -0.11         0.14
        30         4.74       2.39       1.46       0.09         0.12
        31         0.87       0.29       0.92      -2.07        -1.07
        32         1.45       0.09       3.85     -19.15        -1.76
        33         1.84       1.35       0.69       0.00        -0.01
        34         0.72       0.04       2.99       8.45         1.53

     THE TOTAL PEARSON CHI-SQUARE CONTRIBUTION FROM EMPTY CELLS IS         2.04


     UNIVARIATE MODEL FIT INFORMATION

                               Estimated Probabilities
                                                  Standardized
     Variable              H1           H0          Residual
                                                   (z-score)
     GND1
       Category 1        0.974        0.975          -0.066
       Category 2        0.026        0.025           0.066
       Univariate Pearson Chi-Square                  0.006
       Univariate Log-Likelihood Chi-Square           0.006
     GND2
       Category 1        0.963        0.963          -0.073
       Category 2        0.037        0.037           0.073
       Univariate Pearson Chi-Square                  0.007
       Univariate Log-Likelihood Chi-Square           0.007
     GND4
       Category 1        0.762        0.762          -0.046
       Category 2        0.238        0.238           0.046
       Univariate Pearson Chi-Square                  0.003
       Univariate Log-Likelihood Chi-Square           0.003
     GND6
       Category 1        0.766        0.767          -0.062
       Category 2        0.234        0.233           0.062
       Univariate Pearson Chi-Square                  0.005
       Univariate Log-Likelihood Chi-Square           0.005

       Overall Univariate Pearson Chi-Square                         0.022
       Overall Univariate Log-Likelihood Chi-Square                  0.022


     BIVARIATE MODEL FIT INFORMATION

                                              Estimated Probabilities
                                                                 Standardized
     Variable       Variable              H1           H0          Residual
                                                                  (z-score)
     GND1           GND2
       Category 1     Category 1        0.955        0.939           4.078
       Category 1     Category 2        0.019        0.036          -5.323
       Category 2     Category 1        0.008        0.025          -6.408
       Category 2     Category 2        0.018        0.001          32.817
       Bivariate Pearson Chi-Square                               1577.530
       Bivariate Log-Likelihood Chi-Square                         470.615
     GND1           GND4
       Category 1     Category 1        0.744        0.743           0.106
       Category 1     Category 2        0.231        0.232          -0.135
       Category 2     Category 1        0.018        0.019          -0.480
       Category 2     Category 2        0.007        0.006           0.988
       Bivariate Pearson Chi-Square                                  1.673
       Bivariate Log-Likelihood Chi-Square                           1.594
     GND1           GND6
       Category 1     Category 1        0.747        0.747           0.013
       Category 1     Category 2        0.227        0.227          -0.038
       Category 2     Category 1        0.019        0.020          -0.230
       Category 2     Category 2        0.007        0.006           0.550
       Bivariate Pearson Chi-Square                                  0.488
       Bivariate Log-Likelihood Chi-Square                           0.473
     GND2           GND4
       Category 1     Category 1        0.733        0.734          -0.221
       Category 1     Category 2        0.231        0.229           0.199
       Category 2     Category 1        0.029        0.028           0.472
       Category 2     Category 2        0.008        0.009          -0.689
       Bivariate Pearson Chi-Square                                  1.007
       Bivariate Log-Likelihood Chi-Square                           1.031
     GND2           GND6
       Category 1     Category 1        0.740        0.739           0.184
       Category 1     Category 2        0.223        0.225          -0.226
       Category 2     Category 1        0.026        0.028          -0.648
       Category 2     Category 2        0.011        0.009           1.312
       Bivariate Pearson Chi-Square                                  2.983
       Bivariate Log-Likelihood Chi-Square                           2.830
     GND4           GND6
       Category 1     Category 1        0.688        0.585          12.608
       Category 1     Category 2        0.074        0.178         -16.307
       Category 2     Category 1        0.079        0.182         -16.157
       Category 2     Category 2        0.159        0.055          27.353
       Bivariate Pearson Chi-Square                               1660.909
       Bivariate Log-Likelihood Chi-Square                        1491.422

       Overall Bivariate Pearson Chi-Square                       3244.589
       Overall Bivariate Log-Likelihood Chi-Square                1967.964


SAVEDATA INFORMATION


  Save file
    Prob_CHL_lca_C3cl1.dat

  Order and format of variables

    GND1           F10.3
    GND2           F10.3
    GND4           F10.3
    GND6           F10.3
    CPROB1         F10.3
    C              F10.3
    WS             F10.3
    IDSTUD         I9
    ID_S           I4
    ID_J           I4

  Save file format
    7F10.3 I9 2I4

  Save file record length    10000

  Save missing symbol        *


     Beginning Time:  11:25:30
        Ending Time:  11:25:31
       Elapsed Time:  00:00:01



MUTHEN & MUTHEN
3463 Stoner Ave.
Los Angeles, CA  90066

Tel: (310) 391-9971
Fax: (310) 391-8971
Web: www.StatModel.com
Support: Support@StatModel.com

Copyright (c) 1998-2020 Muthen & Muthen
