Mplus VERSION 8.5 (Mac)
MUTHEN & MUTHEN
03/22/2021  11:25 AM

INPUT INSTRUCTIONS

  TITLE: CHLLCA - C3 with 3 classes;
  DATA:
  FILE = DtaC3.dat;

  VARIABLE:
  NAMES = id_i
  id_j
  id_r
  id_s
  id_k
  wt
  ws
  GND1
  GND2
  GND4
  GND6
  IDSTUD;
  IDVARIABLE = IDSTUD;
  USEVARIABLES = GND1
  GND2
  GND4
  GND6;
  USEOBSERVATIONS ARE id_k EQ 2;
  CATEGORICAL = GND1
  GND2
  GND4
  GND6;
  MISSING = .;
  CLASSES = c(3);
  WEIGHT = ws;
  STRATIFICATION = id_s;
  CLUSTER = id_j;

  ANALYSIS:
  TYPE = COMPLEX MIXTURE;
  PROCESSORS = 4;
  STARTS = 100 25;
  STITERATIONS = 5;
  STSEED = 288;

  MODEL:
  %OVERALL%

  OUTPUT:
  TECH10
  TECH11
  SVALUES
  ;

  SAVEDATA:
  FILE = Prob_CHL_lca_C3cl3.dat;
  SAVE = CPROBABILITIES;



*** WARNING in VARIABLE command
  When a subpopulation is analyzed with TYPE=COMPLEX, standard errors
  may be incorrect.  Use the SUBPOPULATION option instead of the
  USEOBSERVATIONS option to obtain correct standard errors.
*** WARNING
  Data set contains cases with missing on all variables.
  These cases were not included in the analysis.
  Number of cases with missing on all variables:  91
   2 WARNING(S) FOUND IN THE INPUT INSTRUCTIONS



CHLLCA - C3 with 3 classes;

SUMMARY OF ANALYSIS

Number of groups                                                 1
Number of observations                                        4990

Number of dependent variables                                    4
Number of independent variables                                  0
Number of continuous latent variables                            0
Number of categorical latent variables                           1

Observed dependent variables

  Binary and ordered categorical (ordinal)
   GND1        GND2        GND4        GND6

Categorical latent variables
   C

Variables with special functions

  Stratification        ID_S
  Cluster variable      ID_J
  Weight variable       WS
  ID variable           IDSTUD

Estimator                                                      MLR
Information matrix                                        OBSERVED
Optimization Specifications for the Quasi-Newton Algorithm for
Continuous Outcomes
  Maximum number of iterations                                 100
  Convergence criterion                                  0.100D-05
Optimization Specifications for the EM Algorithm
  Maximum number of iterations                                 500
  Convergence criteria
    Loglikelihood change                                 0.100D-06
    Relative loglikelihood change                        0.100D-06
    Derivative                                           0.100D-05
Optimization Specifications for the M step of the EM Algorithm for
Categorical Latent variables
  Number of M step iterations                                    1
  M step convergence criterion                           0.100D-05
  Basis for M step termination                           ITERATION
Optimization Specifications for the M step of the EM Algorithm for
Censored, Binary or Ordered Categorical (Ordinal), Unordered
Categorical (Nominal) and Count Outcomes
  Number of M step iterations                                    1
  M step convergence criterion                           0.100D-05
  Basis for M step termination                           ITERATION
  Maximum value for logit thresholds                            15
  Minimum value for logit thresholds                           -15
  Minimum expected cell size for chi-square              0.100D-01
Maximum number of iterations for H1                           2000
Convergence criterion for H1                             0.100D-03
Optimization algorithm                                         EMA
Random Starts Specifications
  Number of initial stage random starts                        100
  Number of final stage optimizations                           25
  Number of initial stage iterations                             5
  Initial stage convergence criterion                    0.100D+01
  Random starts scale                                    0.500D+01
  Random seed for generating random starts                     288
Link                                                         LOGIT

Input data file(s)
  DtaC3.dat
Input data format  FREE


SUMMARY OF DATA

     Number of missing data patterns             9
     Number of y missing data patterns           0
     Number of u missing data patterns           9
     Number of strata                           75
     Number of clusters                        178


COVARIANCE COVERAGE OF DATA

Minimum covariance coverage value   0.100


     PROPORTION OF DATA PRESENT FOR U


           Covariance Coverage
              GND1          GND2          GND4          GND6
              ________      ________      ________      ________
 GND1           0.999
 GND2           0.996         0.997
 GND4           0.995         0.994         0.996
 GND6           0.996         0.995         0.994         0.997


UNIVARIATE PROPORTIONS AND COUNTS FOR CATEGORICAL VARIABLES

    GND1
      Category 1    0.975         4855.494
      Category 2    0.025          126.734
    GND2
      Category 1    0.963         4795.713
      Category 2    0.037          182.292
    GND4
      Category 1    0.762         3788.005
      Category 2    0.238         1181.984
    GND6
      Category 1    0.767         3811.847
      Category 2    0.233         1158.592


RANDOM STARTS RESULTS RANKED FROM THE BEST TO THE WORST LOGLIKELIHOOD VALUES

Final stage loglikelihood values at local maxima, seeds, and initial stage start numbers:

           -5814.604  299711           97
           -5814.604  689282           61
           -5814.604  741179           79
           -5814.604  53405            28
           -5814.604  199816           11
           -5814.604  325682           54
           -5814.604  21724            20
           -5814.604  247466           56
           -5814.604  126667           38
           -5814.604  1583             21
           -5814.604  901673           34
           -5814.604  425103           69
           -5814.604  426635           9
           -5814.604  862516           26
           -5814.604  867952           17
           -5814.604  615751           16
           -5814.604  977786           68
           -5814.604  584751           81
           -5815.853  682993           4

6 perturbed starting value run(s) did not converge or were rejected in the third stage.



THE BEST LOGLIKELIHOOD VALUE HAS BEEN REPLICATED.  RERUN WITH AT LEAST TWICE THE
RANDOM STARTS TO CHECK THAT THE BEST LOGLIKELIHOOD IS STILL OBTAINED AND REPLICATED.

     IN THE OPTIMIZATION, ONE OR MORE LOGIT THRESHOLDS APPROACHED EXTREME VALUES
     OF -15.000 AND 15.000 AND WERE FIXED TO STABILIZE MODEL ESTIMATION.  THESE
     VALUES IMPLY PROBABILITIES OF 0 AND 1.  IN THE MODEL RESULTS SECTION, THESE
     PARAMETERS HAVE 0 STANDARD ERRORS AND 999 IN THE Z-SCORE AND P-VALUE COLUMNS.




THE MODEL ESTIMATION TERMINATED NORMALLY



MODEL FIT INFORMATION

Number of Free Parameters                       14

Loglikelihood

          H0 Value                       -5814.604
          H0 Scaling Correction Factor      1.3660
            for MLR

Information Criteria

          Akaike (AIC)                   11657.207
          Bayesian (BIC)                 11748.420
          Sample-Size Adjusted BIC       11703.933
            (n* = (n + 2) / 24)

Chi-Square Test of Model Fit for the Binary and Ordered Categorical
(Ordinal) Outcomes

          Pearson Chi-Square

          Value                             12.848
          Degrees of Freedom                     1
          P-Value                           0.0003

          Likelihood Ratio Chi-Square

          Value                             16.523
          Degrees of Freedom                     1
          P-Value                           0.0000

Chi-Square Test for MCAR under the Unrestricted Latent Class Indicator Model

          Pearson Chi-Square

          Value                            102.200
          Degrees of Freedom                    38
          P-Value                           0.0000

          Likelihood Ratio Chi-Square

          Value                             38.826
          Degrees of Freedom                    38
          P-Value                           0.4323



FINAL CLASS COUNTS AND PROPORTIONS FOR THE LATENT CLASSES
BASED ON THE ESTIMATED MODEL

    Latent
   Classes

       1       1692.58047          0.33919
       2        131.57058          0.02637
       3       3165.84895          0.63444


FINAL CLASS COUNTS AND PROPORTIONS FOR THE LATENT CLASSES
BASED ON ESTIMATED POSTERIOR PROBABILITIES

    Latent
   Classes

       1       1692.58047          0.33919
       2        131.57058          0.02637
       3       3165.84895          0.63444


FINAL CLASS COUNTS AND PROPORTIONS FOR THE LATENT CLASSES
BASED ON THEIR MOST LIKELY LATENT CLASS MEMBERSHIP

Class Counts and Proportions

    Latent
   Classes

       1             1532          0.30709
       2              100          0.01997
       3             3358          0.67294


CLASSIFICATION QUALITY

     Entropy                         0.858


Average Latent Class Probabilities for Most Likely Latent Class Membership (Row)
by Latent Class (Column)

           1        2        3

    1   0.990    0.010    0.000
    2   0.041    0.954    0.005
    3   0.051    0.007    0.943


Classification Probabilities for the Most Likely Latent Class Membership (Column)
by Latent Class (Row)

           1        2        3

    1   0.897    0.002    0.101
    2   0.111    0.722    0.167
    3   0.000    0.000    1.000


Logits for the Classification Probabilities for the Most Likely Latent Class Membership (Column)
by Latent Class (Row)

              1        2        3

    1      2.185   -3.732    0.000
    2     -0.411    1.465    0.000
    3    -13.815   -8.706    0.000


MODEL RESULTS

                                                    Two-Tailed
                    Estimate       S.E.  Est./S.E.    P-Value

Latent Class 1

 Thresholds
    GND1$1             4.070      0.227     17.912      0.000
    GND2$1             3.811      0.356     10.707      0.000
    GND4$1            -0.803      0.090     -8.947      0.000
    GND6$1            -0.723      0.072    -10.081      0.000

Latent Class 2

 Thresholds
    GND1$1            -1.126      1.246     -0.904      0.366
    GND2$1            -1.913      0.418     -4.570      0.000
    GND4$1             1.764      0.426      4.144      0.000
    GND6$1             1.430      0.305      4.689      0.000

Latent Class 3

 Thresholds
    GND1$1            15.000      0.000    999.000    999.000
    GND2$1             4.567      0.787      5.807      0.000
    GND4$1            15.000      0.000    999.000    999.000
    GND6$1            15.000      0.000    999.000    999.000

Categorical Latent Variables

 Means
    C#1               -0.626      0.054    -11.541      0.000
    C#2               -3.181      0.332     -9.575      0.000


RESULTS IN PROBABILITY SCALE

Latent Class 1

 GND1
    Category 1         0.983      0.004    262.153      0.000
    Category 2         0.017      0.004      4.476      0.000
 GND2
    Category 1         0.978      0.008    129.750      0.000
    Category 2         0.022      0.008      2.872      0.004
 GND4
    Category 1         0.309      0.019     16.124      0.000
    Category 2         0.691      0.019     36.005      0.000
 GND6
    Category 1         0.327      0.016     20.703      0.000
    Category 2         0.673      0.016     42.670      0.000

Latent Class 2

 GND1
    Category 1         0.245      0.230      1.063      0.288
    Category 2         0.755      0.230      3.277      0.001
 GND2
    Category 1         0.129      0.047      2.743      0.006
    Category 2         0.871      0.047     18.568      0.000
 GND4
    Category 1         0.854      0.053     16.058      0.000
    Category 2         0.146      0.053      2.752      0.006
 GND6
    Category 1         0.807      0.048     16.979      0.000
    Category 2         0.193      0.048      4.064      0.000

Latent Class 3

 GND1
    Category 1         1.000      0.000      0.000      1.000
    Category 2         0.000      0.000      0.000      1.000
 GND2
    Category 1         0.990      0.008    123.704      0.000
    Category 2         0.010      0.008      1.285      0.199
 GND4
    Category 1         1.000      0.000      0.000      1.000
    Category 2         0.000      0.000      0.000      1.000
 GND6
    Category 1         1.000      0.000      0.000      1.000
    Category 2         0.000      0.000      0.000      1.000


LATENT CLASS ODDS RATIO RESULTS

                                                95% C.I.
                    Estimate       S.E.  Lower 2.5% Upper 2.5%

Latent Class 1 Compared to Latent Class 2

 GND1
    Category > 1       0.006      0.007      0.000      0.067
 GND2
    Category > 1       0.003      0.002      0.001      0.011
 GND4
    Category > 1      13.028      5.827      5.422     31.304
 GND6
    Category > 1       8.611      2.662      4.698     15.784

Latent Class 1 Compared to Latent Class 3

 GND1
    Category > 1   55814.105      0.000  55814.102  55814.102
 GND2
    Category > 1       2.132      1.304      0.643      7.070
 GND4
    Category > 1   *********      0.000  *********  *********
 GND6
    Category > 1   *********      0.000  *********  *********

Latent Class 2 Compared to Latent Class 3

 GND1
    Category > 1   *********      0.000  *********  *********
 GND2
    Category > 1     652.005    637.845     95.834   4435.899
 GND4
    Category > 1   *********      0.000  *********  *********
 GND6
    Category > 1   *********      0.000  *********  *********


QUALITY OF NUMERICAL RESULTS

     Condition Number for the Information Matrix              0.840E-03
       (ratio of smallest to largest eigenvalue)


MODEL COMMAND WITH FINAL ESTIMATES USED AS STARTING VALUES

     %OVERALL%

     [ c#1*-0.62617 ];
     [ c#2*-3.18063 ];

     %C#1%

     [ gnd1$1*4.07022 ];
     [ gnd2$1*3.81055 ];
     [ gnd4$1*-0.80337 ];
     [ gnd6$1*-0.72320 ];

     %C#2%

     [ gnd1$1*-1.12611 ];
     [ gnd2$1*-1.91256 ];
     [ gnd4$1*1.76375 ];
     [ gnd6$1*1.42989 ];

     %C#3%

     [ gnd1$1*15 ];
     [ gnd2$1*4.56749 ];
     [ gnd4$1*15 ];
     [ gnd6$1*15 ];



TECHNICAL 10 OUTPUT


     MODEL FIT INFORMATION FOR THE LATENT CLASS INDICATOR MODEL PART


     RESPONSE PATTERNS

     No.  Pattern    No.  Pattern    No.  Pattern    No.  Pattern
       1  0000         2  0001         3  0010         4  0011
       5  0100         6  0101         7  0110         8  0111
       9  1000        10  1001        11  1010        12  1011
      13  1100        14  1101        15  1110        16  1111
      17  0*00        18  0*01        19  0*11        20  0***
      21  1***        22  *000        23  *011        24  *100
      25  00*0        26  00*1        27  00**        28  11**
      29  000*        30  001*        31  010*        32  011*
      33  *00*        34  **11


     RESPONSE PATTERN FREQUENCIES AND CHI-SQUARE CONTRIBUTIONS

    Response          Frequency     Standardized  Chi-square Contribution
     Pattern    Observed  Estimated   Residual    Pearson   Loglikelihood  Deleted
                                     (z-score)
         1      3283.26    3271.11       0.31       0.00         0.00
         2       332.78     336.71      -0.19       0.04        -6.22
         3       367.57     364.57       0.14       0.02         4.59
         4       745.15     750.50      -0.18      -0.02         2.54
         5        53.83      55.02      -0.14       0.00        -0.19
         6        17.38      12.03       1.32       2.38        13.06
         7         3.46      11.34      -2.00       5.47        -7.83
         8        18.10      17.40       0.14      -0.04         3.64
         9        10.53      11.51      -0.25       0.08        -1.73
        10         7.79       7.83      -0.01       0.00         0.04
        11        11.68       7.71       1.22       2.04         9.83
        12         9.46      13.17      -0.87       1.05        -6.07
        13        62.46      59.16       0.37       0.11        11.08
        14         7.21      14.27      -1.59       3.49        -9.58
        15         6.74      10.27      -0.94       1.21        -5.43
        16         7.90       2.71       2.69       9.94        17.21
        17         2.42       4.17      -1.28       0.00         0.00
        18         1.33       0.44       1.19       0.02         0.02
        19         2.46       0.96       1.41       0.02         0.02
        20         3.14       4.94      -4.31       0.00         0.00
        21         1.93       0.13       4.31       0.01         0.00
        22         0.78       3.46      -2.11       0.00         0.00
        23         2.57       0.80       1.82      -0.02        -0.02
        24         1.85       0.12       4.31       1.28         0.17
        25         7.26       9.57      -1.23       0.00         0.01
        26         5.75       2.86       1.65      -0.01        -0.02
        27         0.88       1.84      -2.85       0.00         0.00
        28         1.05       0.03       4.75       0.19         0.01
        29         3.67       7.82      -2.43       0.01        -0.01
        30         4.74       2.42       1.44       0.02         0.03
        31         0.87       0.15       1.62       0.37         0.13
        32         1.45       0.06       4.74      -8.57        -0.66
        33         1.84       1.35       0.70       0.00         0.00
        34         0.72       0.11       1.67       0.03         0.01

     THE TOTAL PEARSON CHI-SQUARE CONTRIBUTION FROM EMPTY CELLS IS         0.01


     UNIVARIATE MODEL FIT INFORMATION

                               Estimated Probabilities
                                                  Standardized
     Variable              H1           H0          Residual
                                                   (z-score)
     GND1
       Category 1        0.974        0.974          -0.002
       Category 2        0.026        0.026           0.002
       Univariate Pearson Chi-Square                  0.000
       Univariate Log-Likelihood Chi-Square           0.000
     GND2
       Category 1        0.963        0.963          -0.003
       Category 2        0.037        0.037           0.003
       Univariate Pearson Chi-Square                  0.000
       Univariate Log-Likelihood Chi-Square           0.000
     GND4
       Category 1        0.762        0.762          -0.002
       Category 2        0.238        0.238           0.002
       Univariate Pearson Chi-Square                  0.000
       Univariate Log-Likelihood Chi-Square           0.000
     GND6
       Category 1        0.766        0.767          -0.008
       Category 2        0.234        0.233           0.008
       Univariate Pearson Chi-Square                  0.000
       Univariate Log-Likelihood Chi-Square           0.000

       Overall Univariate Pearson Chi-Square                         0.000
       Overall Univariate Log-Likelihood Chi-Square                  0.000


     BIVARIATE MODEL FIT INFORMATION

                                              Estimated Probabilities
                                                                 Standardized
     Variable       Variable              H1           H0          Residual
                                                                  (z-score)
     GND1           GND2
       Category 1     Category 1        0.955        0.955           0.025
       Category 1     Category 2        0.019        0.019          -0.040
       Category 2     Category 1        0.008        0.008          -0.063
       Category 2     Category 2        0.018        0.017           0.046
       Bivariate Pearson Chi-Square                                  0.011
       Bivariate Log-Likelihood Chi-Square                           0.011
     GND1           GND4
       Category 1     Category 1        0.744        0.743           0.063
       Category 1     Category 2        0.231        0.231          -0.066
       Category 2     Category 1        0.018        0.019          -0.209
       Category 2     Category 2        0.007        0.007           0.348
       Bivariate Pearson Chi-Square                                  0.231
       Bivariate Log-Likelihood Chi-Square                           0.228
     GND1           GND6
       Category 1     Category 1        0.747        0.749          -0.154
       Category 1     Category 2        0.227        0.226           0.159
       Category 2     Category 1        0.019        0.018           0.478
       Category 2     Category 2        0.007        0.008          -0.722
       Bivariate Pearson Chi-Square                                  1.058
       Bivariate Log-Likelihood Chi-Square                           1.087
     GND2           GND4
       Category 1     Category 1        0.733        0.733          -0.111
       Category 1     Category 2        0.231        0.230           0.115
       Category 2     Category 1        0.029        0.028           0.289
       Category 2     Category 2        0.008        0.008          -0.520
       Bivariate Pearson Chi-Square                                  0.500
       Bivariate Log-Likelihood Chi-Square                           0.511
     GND2           GND6
       Category 1     Category 1        0.740        0.739           0.150
       Category 1     Category 2        0.223        0.224          -0.159
       Category 2     Category 1        0.026        0.027          -0.424
       Category 2     Category 2        0.011        0.009           0.724
       Bivariate Pearson Chi-Square                                  0.992
       Bivariate Log-Likelihood Chi-Square                           0.968
     GND4           GND6
       Category 1     Category 1        0.688        0.687           0.118
       Category 1     Category 2        0.074        0.075          -0.211
       Category 2     Category 1        0.079        0.080          -0.214
       Category 2     Category 2        0.159        0.158           0.162
       Bivariate Pearson Chi-Square                                  0.151
       Bivariate Log-Likelihood Chi-Square                           0.152

       Overall Bivariate Pearson Chi-Square                          2.942
       Overall Bivariate Log-Likelihood Chi-Square                   2.955


TECHNICAL 11 OUTPUT

     Random Starts Specifications for the k-1 Class Analysis Model
        Number of initial stage random starts                 100
        Number of final stage optimizations                    25



     VUONG-LO-MENDELL-RUBIN LIKELIHOOD RATIO TEST FOR 2 (H0) VERSUS 3 CLASSES

          H0 Loglikelihood Value                        -6055.408
          2 Times the Loglikelihood Difference            481.609
          Difference in the Number of Parameters                5
          Mean                                             -4.079
          Standard Deviation                               36.541
          P-Value                                          0.0000

     LO-MENDELL-RUBIN ADJUSTED LRT TEST

          Value                                           470.557
          P-Value                                          0.0000


SAVEDATA INFORMATION


  Save file
    Prob_CHL_lca_C3cl3.dat

  Order and format of variables

    GND1           F10.3
    GND2           F10.3
    GND4           F10.3
    GND6           F10.3
    CPROB1         F10.3
    CPROB2         F10.3
    CPROB3         F10.3
    C              F10.3
    WS             F10.3
    IDSTUD         I9
    ID_S           I4
    ID_J           I4

  Save file format
    9F10.3 I9 2I4

  Save file record length    10000

  Save missing symbol        *


     Beginning Time:  11:25:34
        Ending Time:  11:25:36
       Elapsed Time:  00:00:02



MUTHEN & MUTHEN
3463 Stoner Ave.
Los Angeles, CA  90066

Tel: (310) 391-9971
Fax: (310) 391-8971
Web: www.StatModel.com
Support: Support@StatModel.com

Copyright (c) 1998-2020 Muthen & Muthen
