Mplus VERSION 8.5 (Mac)
MUTHEN & MUTHEN
03/22/2021  12:33 PM

INPUT INSTRUCTIONS

  TITLE: P.Hom MG Country LCA EU C3 with 2 classes;
  DATA:
  FILE = EU_DtaC3.dat;

  VARIABLE:
  NAMES = id_i
  id_j
  id_r
  id_s
  id_k
  wt
  ws
  GND1
  GND2
  GND4
  GND6
  IDSTUD;
  IDVARIABLE = IDSTUD;
  USEVARIABLES = GND1
  GND2
  GND4
  GND6;
  CATEGORICAL = GND1
  GND2
  GND4
  GND6;
  MISSING = .;
  CLASSES = g(2) c(2);
  KNOWNCLASS = g(id_k =
    1  !     BFL 1
    4  !     NLD 2
  );
  WEIGHT = ws;
  STRATIFICATION = id_s;
  CLUSTER = id_j;

  ANALYSIS:
  TYPE = COMPLEX MIXTURE;
  PROCESSORS = 4;
  STARTS = 100 50;
  STITERATIONS = 5;
  STSEED = 288;

  MODEL:
  %OVERALL%
  c ON g;

       %g#1.c#1%
   [GND1$1] (1);
   [GND2$1] (2);
   [GND4$1] (3);
   [GND6$1] (4);
       %g#1.c#2%
   [GND1$1] (5);
   [GND2$1] (6);
   [GND4$1] (7);
   [GND6$1] (8);
       %g#2.c#1%
   [GND1$1] (1);
   [GND2$1] (2);
   [GND4$1] (3);
   [GND6$1] (4);
       %g#2.c#2%
   [GND1$1] (5);
   [GND2$1] (6);
   [GND4$1] (7);
   [GND6$1] (8);

  OUTPUT:
  TECH10
  SVALUES
  ;

  SAVEDATA:
  FILE = EU_Prob_MGCntry_C3cl2PHom.dat;
  SAVE = CPROBABILITIES;



*** WARNING
  Data set contains cases with missing on all variables.
  These cases were not included in the analysis.
  Number of cases with missing on all variables:  45
   1 WARNING(S) FOUND IN THE INPUT INSTRUCTIONS



P.Hom MG Country LCA EU C3 with 2 classes;

SUMMARY OF ANALYSIS

Number of groups                                                 1
Number of observations                                        5698

Number of dependent variables                                    4
Number of independent variables                                  0
Number of continuous latent variables                            0
Number of categorical latent variables                           2

Observed dependent variables

  Binary and ordered categorical (ordinal)
   GND1        GND2        GND4        GND6

Categorical latent variables
   G           C

  Knownclass            G

Variables with special functions

  Stratification        ID_S
  Cluster variable      ID_J
  Weight variable       WS
  ID variable           IDSTUD

Estimator                                                      MLR
Information matrix                                        OBSERVED
Optimization Specifications for the Quasi-Newton Algorithm for
Continuous Outcomes
  Maximum number of iterations                                 100
  Convergence criterion                                  0.100D-05
Optimization Specifications for the EM Algorithm
  Maximum number of iterations                                 500
  Convergence criteria
    Loglikelihood change                                 0.100D-06
    Relative loglikelihood change                        0.100D-06
    Derivative                                           0.100D-05
Optimization Specifications for the M step of the EM Algorithm for
Categorical Latent variables
  Number of M step iterations                                    1
  M step convergence criterion                           0.100D-05
  Basis for M step termination                           ITERATION
Optimization Specifications for the M step of the EM Algorithm for
Censored, Binary or Ordered Categorical (Ordinal), Unordered
Categorical (Nominal) and Count Outcomes
  Number of M step iterations                                    1
  M step convergence criterion                           0.100D-05
  Basis for M step termination                           ITERATION
  Maximum value for logit thresholds                            15
  Minimum value for logit thresholds                           -15
  Minimum expected cell size for chi-square              0.100D-01
Maximum number of iterations for H1                           2000
Convergence criterion for H1                             0.100D-03
Optimization algorithm                                         EMA
Random Starts Specifications
  Number of initial stage random starts                        100
  Number of final stage optimizations                           50
  Number of initial stage iterations                             5
  Initial stage convergence criterion                    0.100D+01
  Random starts scale                                    0.500D+01
  Random seed for generating random starts                     288
Parameterization                                             LOGIT
Link                                                         LOGIT

Input data file(s)
  EU_DtaC3.dat
Input data format  FREE


SUMMARY OF DATA

     Number of missing data patterns             6
     Number of y missing data patterns           0
     Number of u missing data patterns           6
     Number of strata                          137
     Number of clusters                        285


COVARIANCE COVERAGE OF DATA

Minimum covariance coverage value   0.100


     PROPORTION OF DATA PRESENT FOR U


           Covariance Coverage
              GND1          GND2          GND4          GND6
              ________      ________      ________      ________
 GND1           1.000
 GND2           0.999         0.999
 GND4           0.994         0.993         0.994
 GND6           0.996         0.995         0.991         0.996


UNIVARIATE PROPORTIONS AND COUNTS FOR CATEGORICAL VARIABLES

    GND1
      Category 1    0.978         5569.820
      Category 2    0.022          127.431
    GND2
      Category 1    0.952         5418.033
      Category 2    0.048          275.177
    GND4
      Category 1    0.847         4798.455
      Category 2    0.153          869.902
    GND6
      Category 1    0.818         4640.537
      Category 2    0.182         1031.565


RANDOM STARTS RESULTS RANKED FROM THE BEST TO THE WORST LOGLIKELIHOOD VALUES

Final stage loglikelihood values at local maxima, seeds, and initial stage start numbers:

          -10274.607  937752           88
          -10274.607  838965           95
          -10274.607  587107           65
          -10274.607  412035           70
          -10274.607  555689           32
          -10274.607  58551            12
          -10274.607  613990           76
          -10274.607  578065           8
          -10274.607  584751           81
          -10274.607  718445           89
          -10274.607  425103           69
          -10274.607  14535            40
          -10274.607  316890           37
          -10274.607  862516           26
          -10274.607  339904           18
          -10274.607  126667           38
          -10274.607  920957           62
          -10274.607  802116           48
          -10274.607  514978           7
          -10274.607  61168            83
          -10274.607  445592           47
          -10274.607  895954           86
          -10274.607  692367           5
          -10274.607  3314             35
          -10274.607  341151           77
          -10274.607  21724            20
          -10274.607  14596            96
          -10274.607  210588           50
          -10274.607  299711           97
          -10274.607  370680           94
          -10274.607  504083           19
          -10274.607  775133           71
          -10274.607  3549             2
          -10274.607  267084           27
          -10274.607  682993           4
          -10274.607  241342           73
          -10274.607  208289           31
          -10274.607  986227           24
          -10274.607  703404           63
          -10274.607  977786           68
          -10274.607  15050            67
          -10274.607  615751           16
          -10274.607  323102           100
          -10274.607  609201           3
          -10274.607  247466           56
          -10274.607  426635           9
          -10274.607  689282           61
          -10275.549  412669           59
          -10275.549  721959           45
          -10275.549  294873           42



THE BEST LOGLIKELIHOOD VALUE HAS BEEN REPLICATED.  RERUN WITH AT LEAST TWICE THE
RANDOM STARTS TO CHECK THAT THE BEST LOGLIKELIHOOD IS STILL OBTAINED AND REPLICATED.


     WARNING:  THE VARIANCE CONTRIBUTION FROM A STRATUM WITH A SINGLE CLUSTER
     (PSU) IS BASED ON THE DIFFERENCE BETWEEN THE SINGLE CLUSTER VALUE AND
     THE OVERALL CLUSTER MEAN.


THE MODEL ESTIMATION TERMINATED NORMALLY



MODEL FIT INFORMATION

Number of Free Parameters                       11

Loglikelihood

          H0 Value                      -10274.607
          H0 Scaling Correction Factor      1.7636
            for MLR

Information Criteria

          Akaike (AIC)                   20571.214
          Bayesian (BIC)                 20644.341
          Sample-Size Adjusted BIC       20609.386
            (n* = (n + 2) / 24)

Chi-Square Test of Model Fit for the Binary and Ordered Categorical
(Ordinal) Outcomes

          Pearson Chi-Square

          Value                            141.735
          Degrees of Freedom                    20
          P-Value                           0.0000

          Likelihood Ratio Chi-Square

          Value                            124.121
          Degrees of Freedom                    20
          P-Value                           0.0000

Chi-Square Test for MCAR under the Unrestricted Latent Class Indicator Model

          Pearson Chi-Square

          Value                             48.401
          Degrees of Freedom                    61
          P-Value                           0.8787

          Likelihood Ratio Chi-Square

          Value                             29.434
          Degrees of Freedom                    61
          P-Value                           0.9998



MODEL RESULTS USE THE LATENT CLASS VARIABLE ORDER

   G  C


FINAL CLASS COUNTS AND PROPORTIONS FOR THE LATENT CLASS PATTERNS
BASED ON THE ESTIMATED MODEL

  Latent Class
    Pattern

    1  1        399.22769          0.07006
    1  2       2461.11676          0.43193
    2  1        718.08063          0.12602
    2  2       2119.57493          0.37199


FINAL CLASS COUNTS AND PROPORTIONS FOR EACH LATENT CLASS VARIABLE
BASED ON THE ESTIMATED MODEL

  Latent Class
    Variable    Class

    G              1      2860.34448          0.50199
                   2      2837.65552          0.49801
    C              1      1117.30835          0.19609
                   2      4580.69141          0.80391


LATENT TRANSITION PROBABILITIES BASED ON THE ESTIMATED MODEL

  G Classes (Rows) by C Classes (Columns)

            1        2

   1     0.140    0.860
   2     0.253    0.747


FINAL CLASS COUNTS AND PROPORTIONS FOR THE LATENT CLASS PATTERNS
BASED ON ESTIMATED POSTERIOR PROBABILITIES

  Latent Class
    Pattern

    1  1        399.22771          0.07006
    1  2       2461.11673          0.43193
    2  1        718.08064          0.12602
    2  2       2119.57491          0.37199


FINAL CLASS COUNTS AND PROPORTIONS FOR EACH LATENT CLASS VARIABLE
BASED ON ESTIMATED POSTERIOR PROBABILITIES

  Latent Class
    Variable    Class

    G              1      2860.34448          0.50199
                   2      2837.65552          0.49801
    C              1      1117.30835          0.19609
                   2      4580.69141          0.80391


FINAL CLASS COUNTS AND PROPORTIONS FOR THE LATENT CLASS PATTERNS
BASED ON THEIR MOST LIKELY LATENT CLASS PATTERN

Class Counts and Proportions

  Latent Class
    Pattern

    1  1              226          0.03973
    1  2             2634          0.46227
    2  1              595          0.10447
    2  2             2242          0.39354


FINAL CLASS COUNTS AND PROPORTIONS FOR EACH LATENT CLASS VARIABLE
BASED ON THEIR MOST LIKELY LATENT CLASS PATTERN

  Latent Class
    Variable    Class

    G              1            2860          0.50199
                   2            2837          0.49801
    C              1             821          0.14420
                   2            4876          0.85580


CLASSIFICATION QUALITY

     Entropy                         0.838


MODEL RESULTS

                                                    Two-Tailed
                    Estimate       S.E.  Est./S.E.    P-Value

Parameters for Class-specific Model Parts

Latent Class Pattern 1 1

 Thresholds
    GND1$1             2.142      0.146     14.706      0.000
    GND2$1             1.601      0.124     12.914      0.000
    GND4$1            -0.552      0.244     -2.262      0.024
    GND6$1            -0.406      0.204     -1.994      0.046

Latent Class Pattern 1 2

 Thresholds
    GND1$1             6.120      0.891      6.870      0.000
    GND2$1             3.935      0.201     19.532      0.000
    GND4$1             3.287      0.317     10.367      0.000
    GND6$1             2.440      0.145     16.800      0.000

Latent Class Pattern 2 1

 Thresholds
    GND1$1             2.142      0.146     14.706      0.000
    GND2$1             1.601      0.124     12.914      0.000
    GND4$1            -0.552      0.244     -2.262      0.024
    GND6$1            -0.406      0.204     -1.994      0.046

Latent Class Pattern 2 2

 Thresholds
    GND1$1             6.120      0.891      6.870      0.000
    GND2$1             3.935      0.201     19.532      0.000
    GND4$1             3.287      0.317     10.367      0.000
    GND6$1             2.440      0.145     16.800      0.000

Categorical Latent Variables

 C#1      ON
    G#1               -0.736      0.133     -5.526      0.000

 Means
    G#1                0.008      0.049      0.162      0.871
    C#1               -1.082      0.213     -5.081      0.000


RESULTS IN PROBABILITY SCALE

Results for Class-specific Model Parts of C

Latent Class C#1

 GND1
    Category 1         0.895      0.014     65.341      0.000
    Category 2         0.105      0.014      7.671      0.000
 GND2
    Category 1         0.832      0.017     48.059      0.000
    Category 2         0.168      0.017      9.694      0.000
 GND4
    Category 1         0.365      0.057      6.461      0.000
    Category 2         0.635      0.057     11.218      0.000
 GND6
    Category 1         0.400      0.049      8.181      0.000
    Category 2         0.600      0.049     12.280      0.000

Latent Class C#2

 GND1
    Category 1         0.998      0.002    511.660      0.000
    Category 2         0.002      0.002      1.125      0.261
 GND2
    Category 1         0.981      0.004    258.879      0.000
    Category 2         0.019      0.004      5.061      0.000
 GND4
    Category 1         0.964      0.011     87.554      0.000
    Category 2         0.036      0.011      3.272      0.001
 GND6
    Category 1         0.920      0.011     85.897      0.000
    Category 2         0.080      0.011      7.484      0.000


LATENT CLASS ODDS RATIO RESULTS

                                                95% C.I.
                    Estimate       S.E.  Lower 2.5% Upper 2.5%

Results for Class-specific Model Parts of C

Latent Class C#1 Compared to Latent Class C#2

 GND1
    Category > 1      53.390     47.851      9.216    309.296
 GND2
    Category > 1      10.317      2.371      6.575     16.189
 GND4
    Category > 1      46.459     10.365     30.004     71.940
 GND6
    Category > 1      17.226      2.553     12.884     23.032


QUALITY OF NUMERICAL RESULTS

     Condition Number for the Information Matrix              0.116E-02
       (ratio of smallest to largest eigenvalue)


MODEL COMMAND WITH FINAL ESTIMATES USED AS STARTING VALUES

     %OVERALL%

     c#1 ON g#1*-0.73645;

     [ g#1*0.00796 ];
     [ c#1*-1.08239 ];

     %G#1.C#1%

     [ gnd1$1*2.14223 ] (1);
     [ gnd2$1*1.60096 ] (2);
     [ gnd4$1*-0.55168 ] (3);
     [ gnd6$1*-0.40609 ] (4);

     %G#1.C#2%

     [ gnd1$1*6.11984 ] (5);
     [ gnd2$1*3.93478 ] (6);
     [ gnd4$1*3.28690 ] (7);
     [ gnd6$1*2.44032 ] (8);

     %G#2.C#1%

     [ gnd1$1*2.14223 ] (1);
     [ gnd2$1*1.60096 ] (2);
     [ gnd4$1*-0.55168 ] (3);
     [ gnd6$1*-0.40609 ] (4);

     %G#2.C#2%

     [ gnd1$1*6.11984 ] (5);
     [ gnd2$1*3.93478 ] (6);
     [ gnd4$1*3.28690 ] (7);
     [ gnd6$1*2.44032 ] (8);



TECHNICAL 10 OUTPUT


     OUTPUT FOR CLASS G#1


     MODEL FIT INFORMATION FOR THE LATENT CLASS INDICATOR MODEL PART


     RESPONSE PATTERNS

     No.  Pattern    No.  Pattern    No.  Pattern    No.  Pattern
       1  0000         2  0001         3  0010         4  0011
       5  0100         6  0101         7  0110         8  0111
       9  1000        10  1001        11  1010        12  1011
      13  1100        14  1101        15  1110        16  1111
      17  00*0        18  00*1        19  01*0        20  000*
      21  001*        22  010*        23  *000        24  00**
      25  01**        26  0*00        27  0*01        28  0*10



     RESPONSE PATTERN FREQUENCIES AND CHI-SQUARE CONTRIBUTIONS

    Response          Frequency     Standardized  Chi-square Contribution
     Pattern    Observed  Estimated   Residual    Pearson   Loglikelihood  Deleted
                                     (z-score)
         1      2160.10    2148.13       0.45       0.05        10.85
         2       249.90     247.72       0.12       0.02         4.00
         3       142.97     153.03      -0.71       0.65       -16.73
         4       150.09     118.46       2.51       8.44        72.81
         5        45.64      49.80      -0.50       0.02        -0.25
         6         9.41      16.55      -1.49       3.05        -9.56
         7        15.90      16.54      -0.13       0.01        -0.42
         8        20.12      22.65      -0.45       0.28        -5.00
         9         4.94       9.66      -1.29       2.31        -6.76
        10         1.43       7.95      -1.96       5.35        -4.94
        11         1.12       8.90      -2.21       6.81        -4.67
        12         2.73      13.12      -2.43       8.22        -8.65
        13         3.23       1.10       1.71       4.08         6.83
        14         0.25       1.53      -0.87       1.07        -0.91
        15         3.44       1.76       1.07       1.59         4.49
        16         8.28       2.64       2.93      12.01        18.66
        17        11.06      12.47      -0.79       0.00        -0.03
        18         2.42       1.98       0.28       0.07         0.44
        19         1.80       0.36       2.05      -0.05        -0.02
        20         8.95      13.85      -2.87      -0.02         0.06
        21         3.86       1.57       1.63       0.63         0.65
        22         3.49       0.38       4.29      -3.54        -0.75
        23         0.75       0.57       0.41       0.00         0.00
        24         3.34       3.92      -1.06      -0.01         0.08
        25         0.80       0.15       1.41      -0.40        -0.15
        26         2.86       3.37      -0.51       0.00         0.01
        27         0.71       0.41       0.42      -0.01        -0.02
        28         0.77       0.26       0.86      -0.11        -0.08

     THE TOTAL PEARSON CHI-SQUARE CONTRIBUTION FROM EMPTY CELLS IS         0.33


     UNIVARIATE MODEL FIT INFORMATION

                               Estimated Probabilities
                                                  Standardized
     Variable              H1           H0          Residual
                                                   (z-score)
     GND1
       Category 1        0.991        0.983           2.718
       Category 2        0.009        0.017          -2.718
       Univariate Pearson Chi-Square                 10.336
       Univariate Log-Likelihood Chi-Square          12.418
     GND2
       Category 1        0.961        0.960           0.135
       Category 2        0.039        0.040          -0.135
       Univariate Pearson Chi-Square                  0.026
       Univariate Log-Likelihood Chi-Square           0.026
     GND4
       Category 1        0.877        0.880          -0.488
       Category 2        0.123        0.120           0.488
       Univariate Pearson Chi-Square                  0.333
       Univariate Log-Likelihood Chi-Square           0.331
     GND6
       Category 1        0.843        0.847          -0.559
       Category 2        0.157        0.153           0.559
       Univariate Pearson Chi-Square                  0.437
       Univariate Log-Likelihood Chi-Square           0.433


     BIVARIATE MODEL FIT INFORMATION

                                              Estimated Probabilities
                                                                 Standardized
     Variable       Variable              H1           H0          Residual
                                                                  (z-score)
     GND1           GND2
       Category 1     Category 1        0.957        0.946           2.215
       Category 1     Category 2        0.034        0.037          -0.810
       Category 2     Category 1        0.004        0.014          -4.027
       Category 2     Category 2        0.005        0.002           2.549
       Bivariate Pearson Chi-Square                                 32.690
       Bivariate Log-Likelihood Chi-Square                          40.095
     GND1           GND4
       Category 1     Category 1        0.873        0.873           0.032
       Category 1     Category 2        0.118        0.110           1.074
       Category 2     Category 1        0.003        0.007          -2.002
       Category 2     Category 2        0.005        0.009          -1.845
       Bivariate Pearson Chi-Square                                 11.719
       Bivariate Log-Likelihood Chi-Square                          13.875
     GND1           GND6
       Category 1     Category 1        0.838        0.840          -0.159
       Category 1     Category 2        0.153        0.144           1.155
       Category 2     Category 1        0.004        0.008          -1.642
       Category 2     Category 2        0.004        0.009          -2.168
       Bivariate Pearson Chi-Square                                 11.863
       Bivariate Log-Likelihood Chi-Square                          13.995
     GND2           GND4
       Category 1     Category 1        0.855        0.856          -0.180
       Category 1     Category 2        0.106        0.104           0.294
       Category 2     Category 1        0.022        0.024          -0.616
       Category 2     Category 2        0.017        0.015           0.557
       Bivariate Pearson Chi-Square                                  1.059
       Bivariate Log-Likelihood Chi-Square                           1.061
     GND2           GND6
       Category 1     Category 1        0.817        0.823          -0.667
       Category 1     Category 2        0.144        0.137           0.817
       Category 2     Category 1        0.026        0.025           0.347
       Category 2     Category 2        0.014        0.015          -0.652
       Bivariate Pearson Chi-Square                                  1.666
       Bivariate Log-Likelihood Chi-Square                           1.676
     GND4           GND6
       Category 1     Category 1        0.784        0.783           0.099
       Category 1     Category 2        0.093        0.097          -0.673
       Category 2     Category 1        0.059        0.064          -0.989
       Category 2     Category 2        0.064        0.056           1.747
       Bivariate Pearson Chi-Square                                  5.887
       Bivariate Log-Likelihood Chi-Square                           5.735

       Overall Bivariate Pearson Chi-Square                         64.886
       Overall Bivariate Log-Likelihood Chi-Square                  76.437


     OUTPUT FOR CLASS G#2


     MODEL FIT INFORMATION FOR THE LATENT CLASS INDICATOR MODEL PART


     RESPONSE PATTERNS

     No.  Pattern    No.  Pattern    No.  Pattern    No.  Pattern
       1  0000         2  0001         3  0010         4  0011
       5  0100         6  0101         7  0110         8  0111
       9  1000        10  1001        11  1010        12  1011
      13  1100        14  1101        15  1110        16  1111
      17  00*0        18  01*0        19  000*        20  001*
      21  100*        22  0*00


     RESPONSE PATTERN FREQUENCIES AND CHI-SQUARE CONTRIBUTIONS

    Response          Frequency     Standardized  Chi-square Contribution
     Pattern    Observed  Estimated   Residual    Pearson   Loglikelihood  Deleted
                                     (z-score)
         1      1901.16    1906.62      -0.19       0.02       -12.63
         2       275.99     275.99       0.00      -0.01        -2.56
         3       211.27     203.25       0.49       0.31        18.23
         4       220.19     208.44       0.72       0.66        24.36
         5        54.07      51.43       0.31       0.11         7.60
         6        17.39      26.64      -1.52       3.21       -15.04
         7        16.76      28.55      -1.88       4.86       -17.18
         8        23.12      40.96      -2.37       7.77       -26.71
         9        19.84      13.14       1.57       3.41        16.80
        10         7.22      14.04      -1.54       3.32        -9.45
        11         4.46      15.99      -2.44       8.31       -11.44
        12        20.39      23.78      -0.59       0.48        -6.50
        13        22.27       1.92       8.46     100.00       108.97
        14         5.63       2.77       1.46       2.96         7.94
        15         5.44       3.20       1.06       1.58         5.73
        16        16.30       4.79       4.44      27.59        39.69
        17         8.37       7.64       0.45       0.00         0.02
        18         1.85       0.29       2.48      -1.23        -0.37
        19         2.31       4.22      -1.65       0.01        -0.02
        20         2.68       0.80       1.93       0.39         0.26
        21         0.46       0.05       1.52       0.03         0.01
        22         0.46       0.32       0.38       0.00         0.00

     THE TOTAL PEARSON CHI-SQUARE CONTRIBUTION FROM EMPTY CELLS IS         0.01


     UNIVARIATE MODEL FIT INFORMATION

                               Estimated Probabilities
                                                  Standardized
     Variable              H1           H0          Residual
                                                   (z-score)
     GND1
       Category 1        0.964        0.972          -2.102
       Category 2        0.036        0.028           2.102
       Univariate Pearson Chi-Square                  6.182
       Univariate Log-Likelihood Chi-Square           5.699
     GND2
       Category 1        0.943        0.943          -0.114
       Category 2        0.057        0.057           0.114
       Univariate Pearson Chi-Square                  0.018
       Univariate Log-Likelihood Chi-Square           0.018
     GND4
       Category 1        0.816        0.813           0.410
       Category 2        0.184        0.187          -0.410
       Univariate Pearson Chi-Square                  0.236
       Univariate Log-Likelihood Chi-Square           0.237
     GND6
       Category 1        0.793        0.788           0.498
       Category 2        0.207        0.212          -0.498
       Univariate Pearson Chi-Square                  0.347
       Univariate Log-Likelihood Chi-Square           0.349


     BIVARIATE MODEL FIT INFORMATION

                                              Estimated Probabilities
                                                                 Standardized
     Variable       Variable              H1           H0          Residual
                                                                  (z-score)
     GND1           GND2
       Category 1     Category 1        0.924        0.919           0.776
       Category 1     Category 2        0.040        0.052          -2.512
       Category 2     Category 1        0.018        0.024          -1.560
       Category 2     Category 2        0.017        0.004           8.756
       Bivariate Pearson Chi-Square                                118.504
       Bivariate Log-Likelihood Chi-Square                          73.961
     GND1           GND4
       Category 1     Category 1        0.797        0.801          -0.528
       Category 1     Category 2        0.167        0.171          -0.365
       Category 2     Category 1        0.020        0.011           3.511
       Category 2     Category 2        0.016        0.017          -0.177
       Bivariate Pearson Chi-Square                                 17.319
       Bivariate Log-Likelihood Chi-Square                          14.240
     GND1           GND6
       Category 1     Category 1        0.774        0.776          -0.194
       Category 1     Category 2        0.190        0.196          -0.674
       Category 2     Category 1        0.018        0.012           2.598
       Category 2     Category 2        0.018        0.016           0.506
       Bivariate Pearson Chi-Square                                 10.202
       Bivariate Log-Likelihood Chi-Square                           8.902
     GND2           GND4
       Category 1     Category 1        0.781        0.783          -0.287
       Category 1     Category 2        0.162        0.160           0.251
       Category 2     Category 1        0.036        0.029           1.651
       Category 2     Category 2        0.022        0.027          -1.543
       Bivariate Pearson Chi-Square                                  7.039
       Bivariate Log-Likelihood Chi-Square                           7.049
     GND2           GND6
       Category 1     Category 1        0.757        0.758          -0.074
       Category 1     Category 2        0.185        0.185           0.014
       Category 2     Category 1        0.035        0.030           1.376
       Category 2     Category 2        0.022        0.027          -1.297
       Bivariate Pearson Chi-Square                                  4.861
       Bivariate Log-Likelihood Chi-Square                           4.870
     GND4           GND6
       Category 1     Category 1        0.708        0.699           0.856
       Category 1     Category 2        0.108        0.113          -0.733
       Category 2     Category 1        0.085        0.089          -0.663
       Category 2     Category 2        0.099        0.099           0.096
       Bivariate Pearson Chi-Square                                  1.545
       Bivariate Log-Likelihood Chi-Square                           1.563

       Overall Bivariate Pearson Chi-Square                        159.469
       Overall Bivariate Log-Likelihood Chi-Square                 110.585


SAVEDATA INFORMATION


  Save file
    EU_Prob_MGCntry_C3cl2PHom.dat

  Order and format of variables

    GND1           F10.3
    GND2           F10.3
    GND4           F10.3
    GND6           F10.3
    CPROB1         F10.3
    CPROB2         F10.3
    CPROB3         F10.3
    CPROB4         F10.3
    G              F10.3
    C              F10.3
    MLCJOINT       F10.3
    WS             F10.3
    IDSTUD         I9
    ID_S           I4
    ID_J           I4
    ID_K           I2

  Save file format
    12F10.3 I9 2I4 I2

  Save file record length    10000

  Save missing symbol        *


     Beginning Time:  12:33:34
        Ending Time:  12:33:42
       Elapsed Time:  00:00:08



MUTHEN & MUTHEN
3463 Stoner Ave.
Los Angeles, CA  90066

Tel: (310) 391-9971
Fax: (310) 391-8971
Web: www.StatModel.com
Support: Support@StatModel.com

Copyright (c) 1998-2020 Muthen & Muthen
