Mplus VERSION 8.5 (Mac)
MUTHEN & MUTHEN
03/22/2021  12:35 PM

INPUT INSTRUCTIONS

  TITLE: C.Het MG Country LCA EU C3 with 4 classes;
  DATA:
  FILE = EU_DtaC3.dat;

  VARIABLE:
  NAMES = id_i
  id_j
  id_r
  id_s
  id_k
  wt
  ws
  GND1
  GND2
  GND4
  GND6
  IDSTUD;
  IDVARIABLE = IDSTUD;
  USEVARIABLES = GND1
  GND2
  GND4
  GND6;
  CATEGORICAL = GND1
  GND2
  GND4
  GND6;
  MISSING = .;
  CLASSES = g(2) c(4);
  KNOWNCLASS = g(id_k =
    1  !     BFL 1
    4  !     NLD 2
  );
  WEIGHT = ws;
  STRATIFICATION = id_s;
  CLUSTER = id_j;

  ANALYSIS:
  TYPE = COMPLEX MIXTURE;
  PROCESSORS = 4;
  STARTS = 100 50;
  STITERATIONS = 5;
  STSEED = 288;

  MODEL:
  %OVERALL%
  c ON g;

       %g#1.c#1%
   [GND1$1] (1);
   [GND2$1] (2);
   [GND4$1] (3);
   [GND6$1] (4);
       %g#1.c#2%
   [GND1$1] (5);
   [GND2$1] (6);
   [GND4$1] (7);
   [GND6$1] (8);
       %g#1.c#3%
   [GND1$1] (9);
  [GND2$1] (10);
  [GND4$1] (11);
  [GND6$1] (12);
       %g#1.c#4%
  [GND1$1] (13);
  [GND2$1] (14);
  [GND4$1] (15);
  [GND6$1] (16);
       %g#2.c#1%
  [GND1$1] (17);
  [GND2$1] (18);
  [GND4$1] (19);
  [GND6$1] (20);
       %g#2.c#2%
  [GND1$1] (21);
  [GND2$1] (22);
  [GND4$1] (23);
  [GND6$1] (24);
       %g#2.c#3%
  [GND1$1] (25);
  [GND2$1] (26);
  [GND4$1] (27);
  [GND6$1] (28);
       %g#2.c#4%
  [GND1$1] (29);
  [GND2$1] (30);
  [GND4$1] (31);
  [GND6$1] (32);

  OUTPUT:
  TECH10
  SVALUES
  ;

  SAVEDATA:
  FILE = EU_Prob_MGCntry_C3cl4CHet.dat;
  SAVE = CPROBABILITIES;



*** WARNING
  Data set contains cases with missing on all variables.
  These cases were not included in the analysis.
  Number of cases with missing on all variables:  45
   1 WARNING(S) FOUND IN THE INPUT INSTRUCTIONS



C.Het MG Country LCA EU C3 with 4 classes;

SUMMARY OF ANALYSIS

Number of groups                                                 1
Number of observations                                        5698

Number of dependent variables                                    4
Number of independent variables                                  0
Number of continuous latent variables                            0
Number of categorical latent variables                           2

Observed dependent variables

  Binary and ordered categorical (ordinal)
   GND1        GND2        GND4        GND6

Categorical latent variables
   G           C

  Knownclass            G

Variables with special functions

  Stratification        ID_S
  Cluster variable      ID_J
  Weight variable       WS
  ID variable           IDSTUD

Estimator                                                      MLR
Information matrix                                        OBSERVED
Optimization Specifications for the Quasi-Newton Algorithm for
Continuous Outcomes
  Maximum number of iterations                                 100
  Convergence criterion                                  0.100D-05
Optimization Specifications for the EM Algorithm
  Maximum number of iterations                                 500
  Convergence criteria
    Loglikelihood change                                 0.100D-06
    Relative loglikelihood change                        0.100D-06
    Derivative                                           0.100D-05
Optimization Specifications for the M step of the EM Algorithm for
Categorical Latent variables
  Number of M step iterations                                    1
  M step convergence criterion                           0.100D-05
  Basis for M step termination                           ITERATION
Optimization Specifications for the M step of the EM Algorithm for
Censored, Binary or Ordered Categorical (Ordinal), Unordered
Categorical (Nominal) and Count Outcomes
  Number of M step iterations                                    1
  M step convergence criterion                           0.100D-05
  Basis for M step termination                           ITERATION
  Maximum value for logit thresholds                            15
  Minimum value for logit thresholds                           -15
  Minimum expected cell size for chi-square              0.100D-01
Maximum number of iterations for H1                           2000
Convergence criterion for H1                             0.100D-03
Optimization algorithm                                         EMA
Random Starts Specifications
  Number of initial stage random starts                        100
  Number of final stage optimizations                           50
  Number of initial stage iterations                             5
  Initial stage convergence criterion                    0.100D+01
  Random starts scale                                    0.500D+01
  Random seed for generating random starts                     288
Parameterization                                             LOGIT
Link                                                         LOGIT

Input data file(s)
  EU_DtaC3.dat
Input data format  FREE


SUMMARY OF DATA

     Number of missing data patterns             6
     Number of y missing data patterns           0
     Number of u missing data patterns           6
     Number of strata                          137
     Number of clusters                        285


COVARIANCE COVERAGE OF DATA

Minimum covariance coverage value   0.100


     PROPORTION OF DATA PRESENT FOR U


           Covariance Coverage
              GND1          GND2          GND4          GND6
              ________      ________      ________      ________
 GND1           1.000
 GND2           0.999         0.999
 GND4           0.994         0.993         0.994
 GND6           0.996         0.995         0.991         0.996


UNIVARIATE PROPORTIONS AND COUNTS FOR CATEGORICAL VARIABLES

    GND1
      Category 1    0.978         5569.820
      Category 2    0.022          127.431
    GND2
      Category 1    0.952         5418.033
      Category 2    0.048          275.177
    GND4
      Category 1    0.847         4798.455
      Category 2    0.153          869.902
    GND6
      Category 1    0.818         4640.537
      Category 2    0.182         1031.565


RANDOM STARTS RESULTS RANKED FROM THE BEST TO THE WORST LOGLIKELIHOOD VALUES

Final stage loglikelihood values at local maxima, seeds, and initial stage start numbers:

          -10180.795  3314             35
          -10180.795  723324           90
          -10180.795  808818           46
          -10180.795  615751           16
          -10180.807  682993           4
          -10180.866  425103           69
          -10180.938  902664           49
          -10181.003  191045           25
          -10181.163  14596            96
          -10181.163  414035           84
          -10181.164  413332           92
          -10181.165  341151           77
          -10181.248  468884           58
          -10181.304  689282           61
          -10181.358  504083           19
          -10181.453  862516           26
          -10181.457  454330           14
          -10181.648  241342           73
          -10181.734  267084           27
          -10182.408  58551            12
          -10182.762  692367           5
          -10183.117  47928            36
          -10183.281  412669           59
          -10183.296  90128            72
          -10186.393  741179           79
          -10186.890  316890           37
          -10187.566  219014           75

23 perturbed starting value run(s) did not converge or were rejected in the third stage.



THE BEST LOGLIKELIHOOD VALUE HAS BEEN REPLICATED.  RERUN WITH AT LEAST TWICE THE
RANDOM STARTS TO CHECK THAT THE BEST LOGLIKELIHOOD IS STILL OBTAINED AND REPLICATED.

     IN THE OPTIMIZATION, ONE OR MORE LOGIT THRESHOLDS APPROACHED EXTREME VALUES
     OF -15.000 AND 15.000 AND WERE FIXED TO STABILIZE MODEL ESTIMATION.  THESE
     VALUES IMPLY PROBABILITIES OF 0 AND 1.  IN THE MODEL RESULTS SECTION, THESE
     PARAMETERS HAVE 0 STANDARD ERRORS AND 999 IN THE Z-SCORE AND P-VALUE COLUMNS.


     WARNING:  THE VARIANCE CONTRIBUTION FROM A STRATUM WITH A SINGLE CLUSTER
     (PSU) IS BASED ON THE DIFFERENCE BETWEEN THE SINGLE CLUSTER VALUE AND
     THE OVERALL CLUSTER MEAN.

     ONE OR MORE PARAMETERS WERE FIXED TO AVOID SINGULARITY OF THE
     INFORMATION MATRIX. THE SINGULARITY IS MOST LIKELY BECAUSE THE
     MODEL IS NOT IDENTIFIED, OR BECAUSE OF EMPTY CELLS IN THE JOINT
     DISTRIBUTION OF THE CATEGORICAL VARIABLES IN THE MODEL.
     THE FOLLOWING PARAMETERS WERE FIXED:
     Parameter 11, %G#1.C#3%: [ GND4$1 ]
     Parameter 34, [ C#1 ]
     Parameter 37, C#1 ON G#1




THE MODEL ESTIMATION TERMINATED NORMALLY



MODEL FIT INFORMATION

Number of Free Parameters                       39

Loglikelihood

          H0 Value                      -10180.795
          H0 Scaling Correction Factor      1.1530
            for MLR

Information Criteria

          Akaike (AIC)                   20439.591
          Bayesian (BIC)                 20698.857
          Sample-Size Adjusted BIC       20574.927
            (n* = (n + 2) / 24)

Chi-Square Test of Model Fit for the Binary and Ordered Categorical
(Ordinal) Outcomes

          Pearson Chi-Square

          Value                              0.000
          Degrees of freedom cannot be computed for this model part.

          Likelihood Ratio Chi-Square

          Value                              0.000
          Degrees of freedom cannot be computed for this model part.

Chi-Square Test for MCAR under the Unrestricted Latent Class Indicator Model

          Pearson Chi-Square

          Value                             48.401
          Degrees of Freedom                    61
          P-Value                           0.8787

          Likelihood Ratio Chi-Square

          Value                             29.434
          Degrees of Freedom                    61
          P-Value                           0.9998



MODEL RESULTS USE THE LATENT CLASS VARIABLE ORDER

   G  C


FINAL CLASS COUNTS AND PROPORTIONS FOR THE LATENT CLASS PATTERNS
BASED ON THE ESTIMATED MODEL

  Latent Class
    Pattern

    1  1       2297.46532          0.40321
    1  2        445.44852          0.07818
    1  3         37.54307          0.00659
    1  4         79.88754          0.01402
    2  1         47.57215          0.00835
    2  2       2163.27974          0.37966
    2  3        163.53404          0.02870
    2  4        463.26962          0.08130


FINAL CLASS COUNTS AND PROPORTIONS FOR EACH LATENT CLASS VARIABLE
BASED ON THE ESTIMATED MODEL

  Latent Class
    Variable    Class

    G              1      2860.34424          0.50199
                   2      2837.65527          0.49801
    C              1      2345.03760          0.41155
                   2      2608.72827          0.45783
                   3       201.07712          0.03529
                   4       543.15717          0.09532


LATENT TRANSITION PROBABILITIES BASED ON THE ESTIMATED MODEL

  G Classes (Rows) by C Classes (Columns)

            1        2        3        4

   1     0.803    0.156    0.013    0.028
   2     0.017    0.762    0.058    0.163


FINAL CLASS COUNTS AND PROPORTIONS FOR THE LATENT CLASS PATTERNS
BASED ON ESTIMATED POSTERIOR PROBABILITIES

  Latent Class
    Pattern

    1  1       2297.46529          0.40321
    1  2        445.44853          0.07818
    1  3         37.54304          0.00659
    1  4         79.88759          0.01402
    2  1         47.57220          0.00835
    2  2       2163.28004          0.37966
    2  3        163.53389          0.02870
    2  4        463.26942          0.08130


FINAL CLASS COUNTS AND PROPORTIONS FOR EACH LATENT CLASS VARIABLE
BASED ON ESTIMATED POSTERIOR PROBABILITIES

  Latent Class
    Variable    Class

    G              1      2860.34448          0.50199
                   2      2837.65576          0.49801
    C              1      2345.03760          0.41155
                   2      2608.72852          0.45783
                   3       201.07693          0.03529
                   4       543.15698          0.09532


FINAL CLASS COUNTS AND PROPORTIONS FOR THE LATENT CLASS PATTERNS
BASED ON THEIR MOST LIKELY LATENT CLASS PATTERN

Class Counts and Proportions

  Latent Class
    Pattern

    1  1             2336          0.40992
    1  2              418          0.07333
    1  3               36          0.00626
    1  4               71          0.01248
    2  1               50          0.00869
    2  2             2400          0.42113
    2  3              125          0.02197
    2  4              263          0.04622


FINAL CLASS COUNTS AND PROPORTIONS FOR EACH LATENT CLASS VARIABLE
BASED ON THEIR MOST LIKELY LATENT CLASS PATTERN

  Latent Class
    Variable    Class

    G              1            2860          0.50199
                   2            2837          0.49801
    C              1            2385          0.41862
                   2            2817          0.49445
                   3             160          0.02823
                   4             334          0.05870


CLASSIFICATION QUALITY

     Entropy                         0.886


MODEL RESULTS

                                                    Two-Tailed
                    Estimate       S.E.  Est./S.E.    P-Value

Parameters for Class-specific Model Parts

Latent Class Pattern 1 1

 Thresholds
    GND1$1             6.247      6.565      0.952      0.341
    GND2$1            15.000      0.000    999.000    999.000
    GND4$1             2.905      5.556      0.523      0.601
    GND6$1             4.067    324.201      0.013      0.990

Latent Class Pattern 1 2

 Thresholds
    GND1$1             5.099     37.118      0.137      0.891
    GND2$1             3.441     59.172      0.058      0.954
    GND4$1             0.381     51.486      0.007      0.994
    GND6$1            -1.721     24.796     -0.069      0.945

Latent Class Pattern 1 3

 Thresholds
    GND1$1             0.594     17.221      0.035      0.972
    GND2$1            -1.507     17.608     -0.086      0.932
    GND4$1           -13.541      0.000    999.000    999.000
    GND6$1            -1.101      1.274     -0.864      0.387

Latent Class Pattern 1 4

 Thresholds
    GND1$1             2.725      0.841      3.242      0.001
    GND2$1            -1.741     41.697     -0.042      0.967
    GND4$1             1.518      3.054      0.497      0.619
    GND6$1             2.737      8.359      0.327      0.743

Latent Class Pattern 2 1

 Thresholds
    GND1$1            -2.011      6.626     -0.304      0.761
    GND2$1             0.130      0.482      0.270      0.787
    GND4$1            -1.392      1.326     -1.050      0.294
    GND6$1            -6.858      5.209     -1.317      0.188

Latent Class Pattern 2 2

 Thresholds
    GND1$1             5.818      3.317      1.754      0.079
    GND2$1             9.718      3.775      2.575      0.010
    GND4$1             2.452      0.777      3.156      0.002
    GND6$1             2.590      1.264      2.048      0.041

Latent Class Pattern 2 3

 Thresholds
    GND1$1             0.858      0.422      2.033      0.042
    GND2$1            -0.438      1.168     -0.375      0.708
    GND4$1             1.419      0.605      2.347      0.019
    GND6$1             2.639      4.631      0.570      0.569

Latent Class Pattern 2 4

 Thresholds
    GND1$1             4.526      0.733      6.178      0.000
    GND2$1             2.330      0.829      2.811      0.005
    GND4$1            -0.428      1.294     -0.331      0.741
    GND6$1            -1.498      2.878     -0.520      0.603

Categorical Latent Variables

 C#1      ON
    G#1                5.635      0.000    999.000    999.000

 C#2      ON
    G#1                0.177     33.898      0.005      0.996

 C#3      ON
    G#1                0.286     20.343      0.014      0.989

 Means
    G#1                0.008      0.049      0.162      0.871
    C#1               -2.276      0.000    999.000    999.000
    C#2                1.541      1.092      1.412      0.158
    C#3               -1.041      1.248     -0.834      0.404


RESULTS IN PROBABILITY SCALE

Latent Class Pattern 1 1

 GND1
    Category 1         0.998      0.013     78.842      0.000
    Category 2         0.002      0.013      0.153      0.879
 GND2
    Category 1         1.000      0.000      0.000      1.000
    Category 2         0.000      0.000      0.000      1.000
 GND4
    Category 1         0.948      0.273      3.468      0.001
    Category 2         0.052      0.273      0.190      0.849
 GND6
    Category 1         0.983      5.367      0.183      0.855
    Category 2         0.017      5.367      0.003      0.997

Latent Class Pattern 1 2

 GND1
    Category 1         0.994      0.224      4.440      0.000
    Category 2         0.006      0.224      0.027      0.978
 GND2
    Category 1         0.969      1.779      0.545      0.586
    Category 2         0.031      1.779      0.017      0.986
 GND4
    Category 1         0.594     12.417      0.048      0.962
    Category 2         0.406     12.417      0.033      0.974
 GND6
    Category 1         0.152      3.192      0.048      0.962
    Category 2         0.848      3.192      0.266      0.790

Latent Class Pattern 1 3

 GND1
    Category 1         0.644      3.946      0.163      0.870
    Category 2         0.356      3.946      0.090      0.928
 GND2
    Category 1         0.181      2.615      0.069      0.945
    Category 2         0.819      2.615      0.313      0.754
 GND4
    Category 1         0.000      0.000      0.000      1.000
    Category 2         1.000      0.000      0.000      1.000
 GND6
    Category 1         0.250      0.239      1.046      0.296
    Category 2         0.750      0.239      3.146      0.002

Latent Class Pattern 1 4

 GND1
    Category 1         0.939      0.049     19.347      0.000
    Category 2         0.061      0.049      1.268      0.205
 GND2
    Category 1         0.149      5.293      0.028      0.978
    Category 2         0.851      5.293      0.161      0.872
 GND4
    Category 1         0.820      0.450      1.822      0.069
    Category 2         0.180      0.450      0.399      0.690
 GND6
    Category 1         0.939      0.477      1.967      0.049
    Category 2         0.061      0.477      0.127      0.899

Latent Class Pattern 2 1

 GND1
    Category 1         0.118      0.690      0.171      0.864
    Category 2         0.882      0.690      1.279      0.201
 GND2
    Category 1         0.532      0.120      4.433      0.000
    Category 2         0.468      0.120      3.892      0.000
 GND4
    Category 1         0.199      0.211      0.942      0.346
    Category 2         0.801      0.211      3.788      0.000
 GND6
    Category 1         0.001      0.005      0.192      0.848
    Category 2         0.999      0.005    182.811      0.000

Latent Class Pattern 2 2

 GND1
    Category 1         0.997      0.010    101.627      0.000
    Category 2         0.003      0.010      0.302      0.762
 GND2
    Category 1         1.000      0.000   4400.887      0.000
    Category 2         0.000      0.000      0.265      0.791
 GND4
    Category 1         0.921      0.057     16.236      0.000
    Category 2         0.079      0.057      1.398      0.162
 GND6
    Category 1         0.930      0.082     11.332      0.000
    Category 2         0.070      0.082      0.850      0.395

Latent Class Pattern 2 3

 GND1
    Category 1         0.702      0.088      7.959      0.000
    Category 2         0.298      0.088      3.375      0.001
 GND2
    Category 1         0.392      0.278      1.409      0.159
    Category 2         0.608      0.278      2.183      0.029
 GND4
    Category 1         0.805      0.095      8.492      0.000
    Category 2         0.195      0.095      2.054      0.040
 GND6
    Category 1         0.933      0.288      3.238      0.001
    Category 2         0.067      0.288      0.231      0.817

Latent Class Pattern 2 4

 GND1
    Category 1         0.989      0.008    127.496      0.000
    Category 2         0.011      0.008      1.380      0.168
 GND2
    Category 1         0.911      0.067     13.606      0.000
    Category 2         0.089      0.067      1.324      0.185
 GND4
    Category 1         0.395      0.309      1.276      0.202
    Category 2         0.605      0.309      1.958      0.050
 GND6
    Category 1         0.183      0.430      0.425      0.671
    Category 2         0.817      0.430      1.901      0.057


LATENT CLASS ODDS RATIO RESULTS

                                                95% C.I.
                    Estimate       S.E.  Lower 2.5% Upper 2.5%

Latent Class Pattern 1 1 Compared to Latent Class Pattern 1 2

 GND1
    Category > 1       0.317     13.843      0.000  *********
 GND2
    Category > 1       0.000      0.000      0.000  *********
 GND4
    Category > 1       0.080      4.568      0.000  *********
 GND6
    Category > 1       0.003      1.069      0.000  *********

Latent Class Pattern 1 1 Compared to Latent Class Pattern 1 3

 GND1
    Category > 1       0.004      0.083      0.000  *********
 GND2
    Category > 1       0.000      0.000      0.000      0.000
 GND4
    Category > 1       0.000      0.000      0.000      0.016
 GND6
    Category > 1       0.006      1.840      0.000  *********

Latent Class Pattern 1 1 Compared to Latent Class Pattern 1 4

 GND1
    Category > 1       0.030      0.214      0.000  43330.621
 GND2
    Category > 1       0.000      0.000      0.000  *********
 GND4
    Category > 1       0.250      2.125      0.000  *********
 GND6
    Category > 1       0.265     87.935      0.000  *********

Latent Class Pattern 1 1 Compared to Latent Class Pattern 2 1

 GND1
    Category > 1       0.000      0.002      0.000  22554.553
 GND2
    Category > 1       0.000      0.000      0.000      0.000
 GND4
    Category > 1       0.014      0.078      0.000    990.559
 GND6
    Category > 1       0.000      0.006      0.000  *********

Latent Class Pattern 1 1 Compared to Latent Class Pattern 2 2

 GND1
    Category > 1       0.651      4.786      0.000  *********
 GND2
    Category > 1       0.005      0.000      0.005      0.005
 GND4
    Category > 1       0.636      3.567      0.000  37897.184
 GND6
    Category > 1       0.228     74.012      0.000  *********

Latent Class Pattern 1 1 Compared to Latent Class Pattern 2 3

 GND1
    Category > 1       0.005      0.030      0.000   1817.298
 GND2
    Category > 1       0.000      0.000      0.000      0.000
 GND4
    Category > 1       0.226      1.265      0.000  12937.607
 GND6
    Category > 1       0.240     77.730      0.000  *********

Latent Class Pattern 1 1 Compared to Latent Class Pattern 2 4

 GND1
    Category > 1       0.179      1.182      0.000  75113.680
 GND2
    Category > 1       0.000      0.000      0.000      0.000
 GND4
    Category > 1       0.036      0.204      0.000   2560.005
 GND6
    Category > 1       0.004      1.242      0.000  *********

Latent Class Pattern 1 2 Compared to Latent Class Pattern 1 3

 GND1
    Category > 1       0.011      0.220      0.000  *********
 GND2
    Category > 1       0.007      0.295      0.000  *********
 GND4
    Category > 1       0.000      0.000      0.000  *********
 GND6
    Category > 1       1.858     47.887      0.000  *********

Latent Class Pattern 1 2 Compared to Latent Class Pattern 1 4

 GND1
    Category > 1       0.093      3.397      0.000  *********
 GND2
    Category > 1       0.006      0.566      0.000  *********
 GND4
    Category > 1       3.118    151.410      0.000  *********
 GND6
    Category > 1      86.328   1440.526      0.000  *********

Latent Class Pattern 1 2 Compared to Latent Class Pattern 2 1

 GND1
    Category > 1       0.001      0.031      0.000  *********
 GND2
    Category > 1       0.036      2.158      0.000  *********
 GND4
    Category > 1       0.170      8.752      0.000  *********
 GND6
    Category > 1       0.006      0.149      0.000  *********

Latent Class Pattern 1 2 Compared to Latent Class Pattern 2 2

 GND1
    Category > 1       2.052     76.472      0.000  *********
 GND2
    Category > 1     531.984  31542.498      0.000  *********
 GND4
    Category > 1       7.939    408.785      0.000  *********
 GND6
    Category > 1      74.506   1849.818      0.000  *********

Latent Class Pattern 1 2 Compared to Latent Class Pattern 2 3

 GND1
    Category > 1       0.014      0.534      0.000  *********
 GND2
    Category > 1       0.021      1.224      0.000  *********
 GND4
    Category > 1       2.826    145.488      0.000  *********
 GND6
    Category > 1      78.241   1973.599      0.000  *********

Latent Class Pattern 1 2 Compared to Latent Class Pattern 2 4

 GND1
    Category > 1       0.564     20.946      0.000  *********
 GND2
    Category > 1       0.329     19.475      0.000  *********
 GND4
    Category > 1       0.445     22.943      0.000  *********
 GND6
    Category > 1       1.250     31.197      0.000  *********

Latent Class Pattern 1 3 Compared to Latent Class Pattern 1 4

 GND1
    Category > 1       8.422    139.579      0.000  *********
 GND2
    Category > 1       0.791     46.899      0.000  *********
 GND4
    Category > 1   *********  *********   8223.628  *********
 GND6
    Category > 1      46.455    436.744      0.000  *********

Latent Class Pattern 1 3 Compared to Latent Class Pattern 2 1

 GND1
    Category > 1       0.074      1.362      0.000  *********
 GND2
    Category > 1       5.138     90.508      0.000  *********
 GND4
    Category > 1   *********  *********  14056.193  *********
 GND6
    Category > 1       0.003      0.017      0.000    116.021

Latent Class Pattern 1 3 Compared to Latent Class Pattern 2 2

 GND1
    Category > 1     185.504   3253.211      0.000  *********
 GND2
    Category > 1   74938.953  *********      0.000  *********
 GND4
    Category > 1   *********  *********  *********  *********
 GND6
    Category > 1      40.094     71.973      1.189   1352.405

Latent Class Pattern 1 3 Compared to Latent Class Pattern 2 3

 GND1
    Category > 1       1.302     22.420      0.000  *********
 GND2
    Category > 1       2.913     51.399      0.000  *********
 GND4
    Category > 1   *********  *********  *********  *********
 GND6
    Category > 1      42.104    202.237      0.003  *********

Latent Class Pattern 1 3 Compared to Latent Class Pattern 2 4

 GND1
    Category > 1      51.002    879.079      0.000  *********
 GND2
    Category > 1      46.357    817.149      0.000  *********
 GND4
    Category > 1   *********  *********  39220.688  *********
 GND6
    Category > 1       0.673      2.117      0.001    321.515

Latent Class Pattern 1 4 Compared to Latent Class Pattern 2 1

 GND1
    Category > 1       0.009      0.059      0.000   4248.926
 GND2
    Category > 1       6.494    270.809      0.000  *********
 GND4
    Category > 1       0.054      0.181      0.000     37.163
 GND6
    Category > 1       0.000      0.001      0.000  16462.939

Latent Class Pattern 1 4 Compared to Latent Class Pattern 2 2

 GND1
    Category > 1      22.025     75.375      0.027  18029.775
 GND2
    Category > 1   94715.273  *********      0.000  *********
 GND4
    Category > 1       2.546      8.022      0.005   1224.632
 GND6
    Category > 1       0.863      7.296      0.000  *********

Latent Class Pattern 1 4 Compared to Latent Class Pattern 2 3

 GND1
    Category > 1       0.155      0.145      0.024      0.976
 GND2
    Category > 1       3.681    153.561      0.000  *********
 GND4
    Category > 1       0.906      2.821      0.002    404.568
 GND6
    Category > 1       0.906      8.661      0.000  *********

Latent Class Pattern 1 4 Compared to Latent Class Pattern 2 4

 GND1
    Category > 1       6.056      6.752      0.681     53.866
 GND2
    Category > 1      58.591   2443.529      0.000  *********
 GND4
    Category > 1       0.143      0.474      0.000     95.064
 GND6
    Category > 1       0.014      0.128      0.000  *********

Latent Class Pattern 2 1 Compared to Latent Class Pattern 2 2

 GND1
    Category > 1    2512.225  17315.963      0.003  *********
 GND2
    Category > 1   14584.383  56836.348      7.025  *********
 GND4
    Category > 1      46.720     76.985      1.849   1180.708
 GND6
    Category > 1   12679.278  64775.160      0.568  *********

Latent Class Pattern 2 1 Compared to Latent Class Pattern 2 3

 GND1
    Category > 1      17.626    122.915      0.000  *********
 GND2
    Category > 1       0.567      0.769      0.040      8.100
 GND4
    Category > 1      16.629     25.592      0.814    339.574
 GND6
    Category > 1   13315.056  99703.688      0.006  *********

Latent Class Pattern 2 1 Compared to Latent Class Pattern 2 4

 GND1
    Category > 1     690.708   4638.408      0.001  *********
 GND2
    Category > 1       9.022      8.504      1.422     57.239
 GND4
    Category > 1       2.622      3.010      0.276     24.874
 GND6
    Category > 1     212.682   1014.763      0.018  *********

Latent Class Pattern 2 2 Compared to Latent Class Pattern 2 3

 GND1
    Category > 1       0.007      0.024      0.000      5.060
 GND2
    Category > 1       0.000      0.000      0.000      0.103
 GND4
    Category > 1       0.356      0.170      0.139      0.909
 GND6
    Category > 1       1.050      3.890      0.001   1495.132

Latent Class Pattern 2 2 Compared to Latent Class Pattern 2 4

 GND1
    Category > 1       0.275      0.976      0.000    289.959
 GND2
    Category > 1       0.001      0.003      0.000      4.612
 GND4
    Category > 1       0.056      0.066      0.006      0.562
 GND6
    Category > 1       0.017      0.042      0.000      2.325

Latent Class Pattern 2 3 Compared to Latent Class Pattern 2 4

 GND1
    Category > 1      39.186     30.698      8.439    181.958
 GND2
    Category > 1      15.916     22.439      1.004    252.321
 GND4
    Category > 1       0.158      0.192      0.015      1.712
 GND6
    Category > 1       0.016      0.086      0.000    588.440


QUALITY OF NUMERICAL RESULTS

     Condition Number for the Information Matrix              0.111E-09
       (ratio of smallest to largest eigenvalue)


MODEL COMMAND WITH FINAL ESTIMATES USED AS STARTING VALUES

     %OVERALL%

     c#1 ON g#1*5.63500;
     c#2 ON g#1*0.17739;
     c#3 ON g#1*0.28616;

     [ g#1*0.00796 ];
     [ c#1*-2.27606 ];
     [ c#2*1.54107 ];
     [ c#3*-1.04129 ];

     %G#1.C#1%

     [ gnd1$1*6.24731 ];
     [ gnd2$1*15 ];
     [ gnd4$1*2.90510 ];
     [ gnd6$1*4.06712 ];

     %G#1.C#2%

     [ gnd1$1*5.09867 ];
     [ gnd2$1*3.44116 ];
     [ gnd4$1*0.38055 ];
     [ gnd6$1*-1.72090 ];

     %G#1.C#3%

     [ gnd1$1*0.59444 ];
     [ gnd2$1*-1.50665 ];
     [ gnd4$1*-13.54137 ];
     [ gnd6$1*-1.10125 ];

     %G#1.C#4%

     [ gnd1$1*2.72533 ];
     [ gnd2$1*-1.74085 ];
     [ gnd4$1*1.51786 ];
     [ gnd6$1*2.73725 ];

     %G#2.C#1%

     [ gnd1$1*-2.01140 ];
     [ gnd2$1*0.13007 ];
     [ gnd4$1*-1.39186 ];
     [ gnd6$1*-6.85776 ];

     %G#2.C#2%

     [ gnd1$1*5.81752 ];
     [ gnd2$1*9.71778 ];
     [ gnd4$1*2.45231 ];
     [ gnd6$1*2.58997 ];

     %G#2.C#3%

     [ gnd1$1*0.85800 ];
     [ gnd2$1*-0.43757 ];
     [ gnd4$1*1.41926 ];
     [ gnd6$1*2.63890 ];

     %G#2.C#4%

     [ gnd1$1*4.52631 ];
     [ gnd2$1*2.32972 ];
     [ gnd4$1*-0.42806 ];
     [ gnd6$1*-1.49796 ];



TECHNICAL 10 OUTPUT


     OUTPUT FOR CLASS G#1


     MODEL FIT INFORMATION FOR THE LATENT CLASS INDICATOR MODEL PART


     RESPONSE PATTERNS

     No.  Pattern    No.  Pattern    No.  Pattern    No.  Pattern
       1  0000         2  0001         3  0010         4  0011
       5  0100         6  0101         7  0110         8  0111
       9  1000        10  1001        11  1010        12  1011
      13  1100        14  1101        15  1110        16  1111
      17  00*0        18  00*1        19  01*0        20  000*
      21  001*        22  010*        23  *000        24  00**
      25  01**        26  0*00        27  0*01        28  0*10



     RESPONSE PATTERN FREQUENCIES AND CHI-SQUARE CONTRIBUTIONS

    Response          Frequency     Standardized  Chi-square Contribution
     Pattern    Observed  Estimated   Residual    Pearson   Loglikelihood  Deleted
                                     (z-score)
         1      2160.10    2153.53       0.25       0.00         0.00
         2       249.90     249.71       0.01       0.00         0.00
         3       142.97     144.34      -0.10       0.00         0.00
         4       150.09     150.98      -0.06       0.00         0.00
         5        45.64      49.66      -0.49       0.00         0.00
         6         9.41       9.96      -0.15       0.00         0.00
         7        15.90      16.32      -0.09       0.00         0.00
         8        20.12      20.00       0.02       0.00         0.00
         9         4.94       4.87       0.03       0.00         0.00
        10         1.43       1.41       0.01       0.00         0.00
        11         1.12       1.10       0.01       0.00         0.00
        12         2.73       2.69       0.02       0.00         0.00
        13         3.23       3.18       0.02       0.00         0.00
        14         0.25       0.25       0.01       0.00         0.00
        15         3.44       3.39       0.02       0.00         0.00
        16         8.28       8.16       0.04       0.00         0.00
        17        11.06      12.45      -0.78       0.00         0.00
        18         2.42       2.17       0.15       0.00         0.00
        19         1.80       0.36       2.06       0.00         0.00
        20         8.95      13.90      -2.92       0.00         0.00
        21         3.86       1.71       1.47       0.00         0.00
        22         3.49       0.34       4.57       0.00         0.00
        23         0.75       0.57       0.41       0.00         0.00
        24         3.34       3.96      -1.28       0.00         0.00
        25         0.80       0.14       1.51       0.00         0.00
        26         2.86       3.38      -0.52       0.00         0.00
        27         0.71       0.40       0.43       0.00         0.00
        28         0.77       0.25       0.91       0.00         0.00

     THE TOTAL PEARSON CHI-SQUARE CONTRIBUTION FROM EMPTY CELLS IS         0.00


     UNIVARIATE MODEL FIT INFORMATION

                               Estimated Probabilities
                                                  Standardized
     Variable              H1           H0          Residual
                                                   (z-score)
     GND1
       Category 1        0.991        0.991           0.000
       Category 2        0.009        0.009           0.000
       Univariate Pearson Chi-Square                  0.000
       Univariate Log-Likelihood Chi-Square           0.000
     GND2
       Category 1        0.961        0.961           0.000
       Category 2        0.039        0.039           0.000
       Univariate Pearson Chi-Square                  0.000
       Univariate Log-Likelihood Chi-Square           0.000
     GND4
       Category 1        0.877        0.877           0.000
       Category 2        0.123        0.123           0.000
       Univariate Pearson Chi-Square                  0.000
       Univariate Log-Likelihood Chi-Square           0.000
     GND6
       Category 1        0.843        0.843           0.000
       Category 2        0.157        0.157           0.000
       Univariate Pearson Chi-Square                  0.000
       Univariate Log-Likelihood Chi-Square           0.000


     BIVARIATE MODEL FIT INFORMATION

                                              Estimated Probabilities
                                                                 Standardized
     Variable       Variable              H1           H0          Residual
                                                                  (z-score)
     GND1           GND2
       Category 1     Category 1        0.957        0.957           0.000
       Category 1     Category 2        0.034        0.034           0.000
       Category 2     Category 1        0.004        0.004           0.000
       Category 2     Category 2        0.005        0.005           0.000
       Bivariate Pearson Chi-Square                                  0.000
       Bivariate Log-Likelihood Chi-Square                           0.000
     GND1           GND4
       Category 1     Category 1        0.873        0.873           0.000
       Category 1     Category 2        0.118        0.118           0.000
       Category 2     Category 1        0.003        0.003           0.000
       Category 2     Category 2        0.005        0.005           0.000
       Bivariate Pearson Chi-Square                                  0.000
       Bivariate Log-Likelihood Chi-Square                           0.000
     GND1           GND6
       Category 1     Category 1        0.838        0.838           0.000
       Category 1     Category 2        0.153        0.153           0.000
       Category 2     Category 1        0.004        0.004           0.000
       Category 2     Category 2        0.004        0.004           0.000
       Bivariate Pearson Chi-Square                                  0.000
       Bivariate Log-Likelihood Chi-Square                           0.000
     GND2           GND4
       Category 1     Category 1        0.855        0.855           0.000
       Category 1     Category 2        0.106        0.106           0.000
       Category 2     Category 1        0.022        0.022           0.000
       Category 2     Category 2        0.017        0.017           0.000
       Bivariate Pearson Chi-Square                                  0.000
       Bivariate Log-Likelihood Chi-Square                           0.000
     GND2           GND6
       Category 1     Category 1        0.817        0.817           0.000
       Category 1     Category 2        0.144        0.144           0.000
       Category 2     Category 1        0.026        0.026           0.000
       Category 2     Category 2        0.014        0.014           0.000
       Bivariate Pearson Chi-Square                                  0.000
       Bivariate Log-Likelihood Chi-Square                           0.000
     GND4           GND6
       Category 1     Category 1        0.784        0.784           0.000
       Category 1     Category 2        0.093        0.093           0.000
       Category 2     Category 1        0.059        0.059           0.000
       Category 2     Category 2        0.064        0.064           0.000
       Bivariate Pearson Chi-Square                                  0.000
       Bivariate Log-Likelihood Chi-Square                           0.000

       Overall Bivariate Pearson Chi-Square                          0.000
       Overall Bivariate Log-Likelihood Chi-Square                   0.000


     OUTPUT FOR CLASS G#2


     MODEL FIT INFORMATION FOR THE LATENT CLASS INDICATOR MODEL PART


     RESPONSE PATTERNS

     No.  Pattern    No.  Pattern    No.  Pattern    No.  Pattern
       1  0000         2  0001         3  0010         4  0011
       5  0100         6  0101         7  0110         8  0111
       9  1000        10  1001        11  1010        12  1011
      13  1100        14  1101        15  1110        16  1111
      17  00*0        18  01*0        19  000*        20  001*
      21  100*        22  0*00


     RESPONSE PATTERN FREQUENCIES AND CHI-SQUARE CONTRIBUTIONS

    Response          Frequency     Standardized  Chi-square Contribution
     Pattern    Observed  Estimated   Residual    Pearson   Loglikelihood  Deleted
                                     (z-score)
         1      1901.16    1900.30       0.03       0.00         0.00
         2       275.99     274.71       0.07       0.00         0.00
         3       211.27     212.22      -0.06       0.00         0.00
         4       220.19     220.30      -0.01       0.00         0.00
         5        54.07      55.17      -0.13       0.00         0.00
         6        17.39      17.29       0.02       0.00         0.00
         7        16.76      17.10      -0.07       0.00         0.00
         8        23.12      22.99       0.02       0.00         0.00
         9        19.84      20.07      -0.04       0.00         0.00
        10         7.22       7.30      -0.03       0.00         0.00
        11         4.46       4.44       0.01       0.00         0.00
        12        20.39      20.28       0.02       0.00         0.00
        13        22.27      22.15       0.02       0.00         0.00
        14         5.63       5.60       0.01       0.00         0.00
        15         5.44       5.41       0.01       0.00         0.00
        16        16.30      16.20       0.02       0.00         0.00
        17         8.37       7.65       0.44       0.00         0.00
        18         1.85       0.26       2.65       0.00         0.00
        19         2.31       4.20      -1.63       0.00         0.00
        20         2.68       0.84       1.85       0.00         0.00
        21         0.46       0.05       1.51       0.00         0.00
        22         0.46       0.32       0.38       0.00         0.00

     THE TOTAL PEARSON CHI-SQUARE CONTRIBUTION FROM EMPTY CELLS IS         0.00


     UNIVARIATE MODEL FIT INFORMATION

                               Estimated Probabilities
                                                  Standardized
     Variable              H1           H0          Residual
                                                   (z-score)
     GND1
       Category 1        0.964        0.964           0.000
       Category 2        0.036        0.036           0.000
       Univariate Pearson Chi-Square                  0.000
       Univariate Log-Likelihood Chi-Square           0.000
     GND2
       Category 1        0.943        0.943           0.000
       Category 2        0.057        0.057           0.000
       Univariate Pearson Chi-Square                  0.000
       Univariate Log-Likelihood Chi-Square           0.000
     GND4
       Category 1        0.816        0.816           0.000
       Category 2        0.184        0.184           0.000
       Univariate Pearson Chi-Square                  0.000
       Univariate Log-Likelihood Chi-Square           0.000
     GND6
       Category 1        0.793        0.793           0.000
       Category 2        0.207        0.207           0.000
       Univariate Pearson Chi-Square                  0.000
       Univariate Log-Likelihood Chi-Square           0.000


     BIVARIATE MODEL FIT INFORMATION

                                              Estimated Probabilities
                                                                 Standardized
     Variable       Variable              H1           H0          Residual
                                                                  (z-score)
     GND1           GND2
       Category 1     Category 1        0.924        0.924           0.000
       Category 1     Category 2        0.040        0.040           0.000
       Category 2     Category 1        0.018        0.018           0.000
       Category 2     Category 2        0.017        0.017           0.000
       Bivariate Pearson Chi-Square                                  0.000
       Bivariate Log-Likelihood Chi-Square                           0.000
     GND1           GND4
       Category 1     Category 1        0.797        0.797           0.000
       Category 1     Category 2        0.167        0.167           0.000
       Category 2     Category 1        0.020        0.020           0.000
       Category 2     Category 2        0.016        0.016           0.000
       Bivariate Pearson Chi-Square                                  0.000
       Bivariate Log-Likelihood Chi-Square                           0.000
     GND1           GND6
       Category 1     Category 1        0.774        0.774           0.000
       Category 1     Category 2        0.190        0.190           0.000
       Category 2     Category 1        0.018        0.018           0.000
       Category 2     Category 2        0.018        0.018           0.000
       Bivariate Pearson Chi-Square                                  0.000
       Bivariate Log-Likelihood Chi-Square                           0.000
     GND2           GND4
       Category 1     Category 1        0.781        0.781           0.000
       Category 1     Category 2        0.162        0.162           0.000
       Category 2     Category 1        0.036        0.036           0.000
       Category 2     Category 2        0.022        0.022           0.000
       Bivariate Pearson Chi-Square                                  0.000
       Bivariate Log-Likelihood Chi-Square                           0.000
     GND2           GND6
       Category 1     Category 1        0.757        0.757           0.000
       Category 1     Category 2        0.185        0.185           0.000
       Category 2     Category 1        0.035        0.035           0.000
       Category 2     Category 2        0.022        0.022           0.000
       Bivariate Pearson Chi-Square                                  0.000
       Bivariate Log-Likelihood Chi-Square                           0.000
     GND4           GND6
       Category 1     Category 1        0.708        0.708           0.000
       Category 1     Category 2        0.108        0.108           0.000
       Category 2     Category 1        0.085        0.085           0.000
       Category 2     Category 2        0.099        0.099           0.000
       Bivariate Pearson Chi-Square                                  0.000
       Bivariate Log-Likelihood Chi-Square                           0.000

       Overall Bivariate Pearson Chi-Square                          0.000
       Overall Bivariate Log-Likelihood Chi-Square                   0.000


SAVEDATA INFORMATION


  Save file
    EU_Prob_MGCntry_C3cl4CHet.dat

  Order and format of variables

    GND1           F10.3
    GND2           F10.3
    GND4           F10.3
    GND6           F10.3
    CPROB1         F10.3
    CPROB2         F10.3
    CPROB3         F10.3
    CPROB4         F10.3
    CPROB5         F10.3
    CPROB6         F10.3
    CPROB7         F10.3
    CPROB8         F10.3
    G              F10.3
    C              F10.3
    MLCJOINT       F10.3
    WS             F10.3
    IDSTUD         I9
    ID_S           I4
    ID_J           I4
    ID_K           I2

  Save file format
    16F10.3 I9 2I4 I2

  Save file record length    10000

  Save missing symbol        *


     Beginning Time:  12:35:21
        Ending Time:  12:36:37
       Elapsed Time:  00:01:16



MUTHEN & MUTHEN
3463 Stoner Ave.
Los Angeles, CA  90066

Tel: (310) 391-9971
Fax: (310) 391-8971
Web: www.StatModel.com
Support: Support@StatModel.com

Copyright (c) 1998-2020 Muthen & Muthen
