Mplus VERSION 8.5 (Mac)
MUTHEN & MUTHEN
03/22/2021  12:37 PM

INPUT INSTRUCTIONS

  TITLE:C.Hom MG Country LCA EU C3 with 4 classes;
  DATA:
  FILE = EU_DtaC3.dat;

  VARIABLE:
  NAMES = id_i
  id_j
  id_r
  id_s
  id_k
  wt
  ws
  GND1
  GND2
  GND4
  GND6
  IDSTUD;
  IDVARIABLE = IDSTUD;
  USEVARIABLES = GND1
  GND2
  GND4
  GND6;
  CATEGORICAL = GND1
  GND2
  GND4
  GND6;
  MISSING = .;
  CLASSES = g(2) c(4);
  KNOWNCLASS = g(id_k =
    1  !     BFL 1
    4  !     NLD 2
  );
  WEIGHT = ws;
  STRATIFICATION = id_s;
  CLUSTER = id_j;

  ANALYSIS:
  TYPE = COMPLEX MIXTURE;
  PROCESSORS = 4;
  STARTS = 100 50;
  STITERATIONS = 5;
  STSEED = 288;

  MODEL:
  %OVERALL%
  Model c:

                      %c#1%
   [GND1$1-GND6$1] (91-94);
                      %c#2%
           [GND1$1-GND6$1];
                      %c#3%
           [GND1$1-GND6$1];
                      %c#4%
           [GND1$1-GND6$1];

  OUTPUT:
  TECH10
  SVALUES
  ;

  SAVEDATA:
  FILE = EU_Prob_MGCntry_C3cl4CHom.dat;
  SAVE = CPROBABILITIES;



*** WARNING
  Data set contains cases with missing on all variables.
  These cases were not included in the analysis.
  Number of cases with missing on all variables:  45
   1 WARNING(S) FOUND IN THE INPUT INSTRUCTIONS



C.Hom MG Country LCA EU C3 with 4 classes;

SUMMARY OF ANALYSIS

Number of groups                                                 1
Number of observations                                        5698

Number of dependent variables                                    4
Number of independent variables                                  0
Number of continuous latent variables                            0
Number of categorical latent variables                           2

Observed dependent variables

  Binary and ordered categorical (ordinal)
   GND1        GND2        GND4        GND6

Categorical latent variables
   G           C

  Knownclass            G

Variables with special functions

  Stratification        ID_S
  Cluster variable      ID_J
  Weight variable       WS
  ID variable           IDSTUD

Estimator                                                      MLR
Information matrix                                        OBSERVED
Optimization Specifications for the Quasi-Newton Algorithm for
Continuous Outcomes
  Maximum number of iterations                                 100
  Convergence criterion                                  0.100D-05
Optimization Specifications for the EM Algorithm
  Maximum number of iterations                                 500
  Convergence criteria
    Loglikelihood change                                 0.100D-06
    Relative loglikelihood change                        0.100D-06
    Derivative                                           0.100D-05
Optimization Specifications for the M step of the EM Algorithm for
Categorical Latent variables
  Number of M step iterations                                    1
  M step convergence criterion                           0.100D-05
  Basis for M step termination                           ITERATION
Optimization Specifications for the M step of the EM Algorithm for
Censored, Binary or Ordered Categorical (Ordinal), Unordered
Categorical (Nominal) and Count Outcomes
  Number of M step iterations                                    1
  M step convergence criterion                           0.100D-05
  Basis for M step termination                           ITERATION
  Maximum value for logit thresholds                            15
  Minimum value for logit thresholds                           -15
  Minimum expected cell size for chi-square              0.100D-01
Maximum number of iterations for H1                           2000
Convergence criterion for H1                             0.100D-03
Optimization algorithm                                         EMA
Random Starts Specifications
  Number of initial stage random starts                        100
  Number of final stage optimizations                           50
  Number of initial stage iterations                             5
  Initial stage convergence criterion                    0.100D+01
  Random starts scale                                    0.500D+01
  Random seed for generating random starts                     288
Parameterization                                             LOGIT
Link                                                         LOGIT

Input data file(s)
  EU_DtaC3.dat
Input data format  FREE


SUMMARY OF DATA

     Number of missing data patterns             6
     Number of y missing data patterns           0
     Number of u missing data patterns           6
     Number of strata                          137
     Number of clusters                        285


COVARIANCE COVERAGE OF DATA

Minimum covariance coverage value   0.100


     PROPORTION OF DATA PRESENT FOR U


           Covariance Coverage
              GND1          GND2          GND4          GND6
              ________      ________      ________      ________
 GND1           1.000
 GND2           0.999         0.999
 GND4           0.994         0.993         0.994
 GND6           0.996         0.995         0.991         0.996


UNIVARIATE PROPORTIONS AND COUNTS FOR CATEGORICAL VARIABLES

    GND1
      Category 1    0.978         5569.820
      Category 2    0.022          127.431
    GND2
      Category 1    0.952         5418.033
      Category 2    0.048          275.177
    GND4
      Category 1    0.847         4798.455
      Category 2    0.153          869.902
    GND6
      Category 1    0.818         4640.537
      Category 2    0.182         1031.565


RANDOM STARTS RESULTS RANKED FROM THE BEST TO THE WORST LOGLIKELIHOOD VALUES

Final stage loglikelihood values at local maxima, seeds, and initial stage start numbers:

          -10232.485  902664           49
          -10232.485  862516           26
          -10232.485  299711           97
          -10232.485  514978           7
          -10232.485  937752           88
          -10232.485  316890           37
          -10232.485  613990           76
          -10232.485  468408           60
          -10232.485  47928            36
          -10232.485  808818           46
          -10232.485  53405            28
          -10232.519  339904           18
          -10232.545  267084           27
          -10232.545  247466           56
          -10232.545  3314             35
          -10232.612  689282           61
          -10232.612  370680           94
          -10232.959  703404           63
          -10232.959  867952           17
          -10232.965  1583             21
          -10233.052  116869           93
          -10233.052  191045           25
          -10233.052  554174           85
          -10233.200  775133           71
          -10233.328  323102           100

25 perturbed starting value run(s) did not converge or were rejected in the third stage.



THE BEST LOGLIKELIHOOD VALUE HAS BEEN REPLICATED.  RERUN WITH AT LEAST TWICE THE
RANDOM STARTS TO CHECK THAT THE BEST LOGLIKELIHOOD IS STILL OBTAINED AND REPLICATED.

     IN THE OPTIMIZATION, ONE OR MORE LOGIT THRESHOLDS APPROACHED EXTREME VALUES
     OF -15.000 AND 15.000 AND WERE FIXED TO STABILIZE MODEL ESTIMATION.  THESE
     VALUES IMPLY PROBABILITIES OF 0 AND 1.  IN THE MODEL RESULTS SECTION, THESE
     PARAMETERS HAVE 0 STANDARD ERRORS AND 999 IN THE Z-SCORE AND P-VALUE COLUMNS.


     WARNING:  THE VARIANCE CONTRIBUTION FROM A STRATUM WITH A SINGLE CLUSTER
     (PSU) IS BASED ON THE DIFFERENCE BETWEEN THE SINGLE CLUSTER VALUE AND
     THE OVERALL CLUSTER MEAN.

     ONE OR MORE MULTINOMIAL LOGIT PARAMETERS WERE FIXED TO AVOID SINGULARITY
     OF THE INFORMATION MATRIX.  THE SINGULARITY IS MOST LIKELY BECAUSE THE
     MODEL IS NOT IDENTIFIED, OR BECAUSE OF EMPTY CELLS IN THE JOINT
     DISTRIBUTION OF THE CATEGORICAL LATENT VARIABLES AND ANY INDEPENDENT
     VARIABLES.  THE FOLLOWING PARAMETERS WERE FIXED:
     Parameter 18, [ C#1 ]
     Parameter 19, [ C#2 ]
     Parameter 20, [ C#3 ]




THE MODEL ESTIMATION TERMINATED NORMALLY



MODEL FIT INFORMATION

Number of Free Parameters                       20

Loglikelihood

          H0 Value                      -10232.485
          H0 Scaling Correction Factor      1.3240
            for MLR

Information Criteria

          Akaike (AIC)                   20504.970
          Bayesian (BIC)                 20637.927
          Sample-Size Adjusted BIC       20574.373
            (n* = (n + 2) / 24)

Chi-Square Test of Model Fit for the Binary and Ordered Categorical
(Ordinal) Outcomes

          Pearson Chi-Square

          Value                             64.100
          Degrees of Freedom                    11
          P-Value                           0.0000

          Likelihood Ratio Chi-Square

          Value                             19.137
          Degrees of Freedom                    11
          P-Value                           0.0587

Chi-Square Test for MCAR under the Unrestricted Latent Class Indicator Model

          Pearson Chi-Square

          Value                             48.401
          Degrees of Freedom                    61
          P-Value                           0.8787

          Likelihood Ratio Chi-Square

          Value                             29.434
          Degrees of Freedom                    61
          P-Value                           0.9998



MODEL RESULTS USE THE LATENT CLASS VARIABLE ORDER

   G  C


FINAL CLASS COUNTS AND PROPORTIONS FOR THE LATENT CLASS PATTERNS
BASED ON THE ESTIMATED MODEL

  Latent Class
    Pattern

    1  1       2440.76194          0.42835
    1  2        313.60582          0.05504
    1  3         85.46300          0.01500
    1  4         20.51368          0.00360
    2  1       2421.40127          0.42496
    2  2        311.11823          0.05460
    2  3         84.78509          0.01488
    2  4         20.35096          0.00357


FINAL CLASS COUNTS AND PROPORTIONS FOR EACH LATENT CLASS VARIABLE
BASED ON THE ESTIMATED MODEL

  Latent Class
    Variable    Class

    G              1      2860.34424          0.50199
                   2      2837.65576          0.49801
    C              1      4862.16309          0.85331
                   2       624.72406          0.10964
                   3       170.24809          0.02988
                   4        40.86465          0.00717


LATENT TRANSITION PROBABILITIES BASED ON THE ESTIMATED MODEL

  G Classes (Rows) by C Classes (Columns)

            1        2        3        4

   1     0.853    0.110    0.030    0.007
   2     0.853    0.110    0.030    0.007


FINAL CLASS COUNTS AND PROPORTIONS FOR THE LATENT CLASS PATTERNS
BASED ON ESTIMATED POSTERIOR PROBABILITIES

  Latent Class
    Pattern

    1  1       2518.72762          0.44204
    1  2        259.62319          0.04556
    1  3         67.33849          0.01182
    1  4         14.65516          0.00257
    2  1       2343.43539          0.41127
    2  2        365.10105          0.06408
    2  3        102.90966          0.01806
    2  4         26.20945          0.00460


FINAL CLASS COUNTS AND PROPORTIONS FOR EACH LATENT CLASS VARIABLE
BASED ON ESTIMATED POSTERIOR PROBABILITIES

  Latent Class
    Variable    Class

    G              1      2860.34448          0.50199
                   2      2837.65552          0.49801
    C              1      4862.16309          0.85331
                   2       624.72424          0.10964
                   3       170.24815          0.02988
                   4        40.86460          0.00717


FINAL CLASS COUNTS AND PROPORTIONS FOR THE LATENT CLASS PATTERNS
BASED ON THEIR MOST LIKELY LATENT CLASS PATTERN

Class Counts and Proportions

  Latent Class
    Pattern

    1  1             2586          0.45390
    1  2              182          0.03190
    1  3               84          0.01473
    1  4                8          0.00145
    2  1             2420          0.42469
    2  2              278          0.04880
    2  3              123          0.02166
    2  4               16          0.00286


FINAL CLASS COUNTS AND PROPORTIONS FOR EACH LATENT CLASS VARIABLE
BASED ON THEIR MOST LIKELY LATENT CLASS PATTERN

  Latent Class
    Variable    Class

    G              1            2860          0.50199
                   2            2837          0.49801
    C              1            5006          0.87859
                   2             459          0.08070
                   3             207          0.03639
                   4              24          0.00431


CLASSIFICATION QUALITY

     Entropy                         0.921


MODEL RESULTS

                                                    Two-Tailed
                    Estimate       S.E.  Est./S.E.    P-Value

Parameters for Class-specific Model Parts of C

Latent Class C#1

 Thresholds
    GND1$1             5.148      0.763      6.748      0.000
    GND2$1             5.090      2.423      2.101      0.036
    GND4$1             2.644      0.198     13.324      0.000
    GND6$1             2.286      0.147     15.527      0.000

Latent Class C#2

 Thresholds
    GND1$1             2.907      0.913      3.182      0.001
    GND2$1             2.622      1.736      1.511      0.131
    GND4$1            -1.089      0.506     -2.152      0.031
    GND6$1            -1.585      0.840     -1.888      0.059

Latent Class C#3

 Thresholds
    GND1$1             1.139      0.671      1.697      0.090
    GND2$1            -5.026    105.771     -0.048      0.962
    GND4$1             1.078      0.496      2.176      0.030
    GND6$1             1.554      1.138      1.365      0.172

Latent Class C#4

 Thresholds
    GND1$1            -0.526      2.613     -0.201      0.841
    GND2$1            -1.627      4.183     -0.389      0.697
    GND4$1            -5.735    101.875     -0.056      0.955
    GND6$1           -15.000      0.000    999.000    999.000

Categorical Latent Variables

 Means
    G#1                0.008      0.049      0.162      0.871
    C#1                4.779      0.000    999.000    999.000
    C#2                2.727      0.000    999.000    999.000
    C#3                1.427      0.000    999.000    999.000


RESULTS IN PROBABILITY SCALE

Results for Class-specific Model Parts of C

Latent Class C#1

 GND1
    Category 1         0.994      0.004    226.803      0.000
    Category 2         0.006      0.004      1.318      0.187
 GND2
    Category 1         0.994      0.015     67.406      0.000
    Category 2         0.006      0.015      0.415      0.678
 GND4
    Category 1         0.934      0.012     75.926      0.000
    Category 2         0.066      0.012      5.398      0.000
 GND6
    Category 1         0.908      0.012     73.588      0.000
    Category 2         0.092      0.012      7.484      0.000

Latent Class C#2

 GND1
    Category 1         0.948      0.045     21.128      0.000
    Category 2         0.052      0.045      1.155      0.248
 GND2
    Category 1         0.932      0.110      8.509      0.000
    Category 2         0.068      0.110      0.618      0.537
 GND4
    Category 1         0.252      0.095      2.642      0.008
    Category 2         0.748      0.095      7.850      0.000
 GND6
    Category 1         0.170      0.119      1.435      0.151
    Category 2         0.830      0.119      7.002      0.000

Latent Class C#3

 GND1
    Category 1         0.758      0.123      6.143      0.000
    Category 2         0.242      0.123      1.966      0.049
 GND2
    Category 1         0.007      0.685      0.010      0.992
    Category 2         0.993      0.685      1.450      0.147
 GND4
    Category 1         0.746      0.094      7.951      0.000
    Category 2         0.254      0.094      2.704      0.007
 GND6
    Category 1         0.825      0.164      5.034      0.000
    Category 2         0.175      0.164      1.065      0.287

Latent Class C#4

 GND1
    Category 1         0.372      0.610      0.609      0.543
    Category 2         0.628      0.610      1.030      0.303
 GND2
    Category 1         0.164      0.574      0.286      0.775
    Category 2         0.836      0.574      1.455      0.146
 GND4
    Category 1         0.003      0.327      0.010      0.992
    Category 2         0.997      0.327      3.049      0.002
 GND6
    Category 1         0.000      0.000      0.000      1.000
    Category 2         1.000      0.000      0.000      1.000


LATENT CLASS ODDS RATIO RESULTS

                                                95% C.I.
                    Estimate       S.E.  Lower 2.5% Upper 2.5%

Results for Class-specific Model Parts of C

Latent Class C#1 Compared to Latent Class C#2

 GND1
    Category > 1       0.106      0.065      0.032      0.351
 GND2
    Category > 1       0.085      0.156      0.002      3.097
 GND4
    Category > 1       0.024      0.016      0.006      0.089
 GND6
    Category > 1       0.021      0.020      0.003      0.136

Latent Class C#1 Compared to Latent Class C#3

 GND1
    Category > 1       0.018      0.025      0.001      0.257
 GND2
    Category > 1       0.000      0.004      0.000  *********
 GND4
    Category > 1       0.209      0.101      0.081      0.541
 GND6
    Category > 1       0.481      0.514      0.059      3.900

Latent Class C#1 Compared to Latent Class C#4

 GND1
    Category > 1       0.003      0.011      0.000      1.942
 GND2
    Category > 1       0.001      0.007      0.000    181.424
 GND4
    Category > 1       0.000      0.023      0.000  *********
 GND6
    Category > 1       0.000      0.000      0.000      0.000

Latent Class C#2 Compared to Latent Class C#3

 GND1
    Category > 1       0.171      0.255      0.009      3.199
 GND2
    Category > 1       0.000      0.051      0.000  *********
 GND4
    Category > 1       8.735      7.687      1.557     49.015
 GND6
    Category > 1      23.070     42.903      0.603    883.211

Latent Class C#2 Compared to Latent Class C#4

 GND1
    Category > 1       0.032      0.112      0.000     27.997
 GND2
    Category > 1       0.014      0.083      0.000   1265.426
 GND4
    Category > 1       0.010      0.975      0.000  *********
 GND6
    Category > 1       0.000      0.000      0.000      0.000

Latent Class C#3 Compared to Latent Class C#4

 GND1
    Category > 1       0.189      0.430      0.002     16.194
 GND2
    Category > 1      29.953   3067.021      0.000  *********
 GND4
    Category > 1       0.001      0.112      0.000  *********
 GND6
    Category > 1       0.000      0.000      0.000      0.000


QUALITY OF NUMERICAL RESULTS

     Condition Number for the Information Matrix              0.506E-07
       (ratio of smallest to largest eigenvalue)


MODEL COMMAND WITH FINAL ESTIMATES USED AS STARTING VALUES

     %OVERALL%

     [ g#1*0.00796 ];
     [ c#1*4.77897 ];
     [ c#2*2.72704 ];
     [ c#3*1.42699 ];

  MODEL C:
     %C#1%

     [ gnd1$1*5.14759 ] (1);
     [ gnd2$1*5.08951 ] (2);
     [ gnd4$1*2.64367 ] (3);
     [ gnd6$1*2.28570 ] (4);

     %C#2%

     [ gnd1$1*2.90688 ] (5);
     [ gnd2$1*2.62243 ] (6);
     [ gnd4$1*-1.08898 ] (7);
     [ gnd6$1*-1.58475 ] (8);

     %C#3%

     [ gnd1$1*1.13913 ] (9);
     [ gnd2$1*-5.02641 ] (10);
     [ gnd4$1*1.07837 ] (11);
     [ gnd6$1*1.55378 ] (12);

     %C#4%

     [ gnd1$1*-0.52559 ] (13);
     [ gnd2$1*-1.62677 ] (14);
     [ gnd4$1*-5.73517 ] (15);
     [ gnd6$1*-15 ] (16);



TECHNICAL 10 OUTPUT


     OUTPUT FOR CLASS G#1


     MODEL FIT INFORMATION FOR THE LATENT CLASS INDICATOR MODEL PART


     RESPONSE PATTERNS

     No.  Pattern    No.  Pattern    No.  Pattern    No.  Pattern
       1  0000         2  0001         3  0010         4  0011
       5  0100         6  0101         7  0110         8  0111
       9  1000        10  1001        11  1010        12  1011
      13  1100        14  1101        15  1110        16  1111
      17  00*0        18  00*1        19  01*0        20  000*
      21  001*        22  010*        23  *000        24  00**
      25  01**        26  0*00        27  0*01        28  0*10



     RESPONSE PATTERN FREQUENCIES AND CHI-SQUARE CONTRIBUTIONS

    Response          Frequency     Standardized  Chi-square Contribution
     Pattern    Observed  Estimated   Residual    Pearson   Loglikelihood  Deleted
                                     (z-score)
         1      2160.10    2026.64       4.73       8.77       186.84
         2       249.90     262.06      -0.67       0.56       -24.13
         3       142.97     178.11      -2.30       6.92       -60.13
         4       150.09     185.49      -2.27       6.75       -61.80
         5        45.64      52.31      -0.79       0.53        -4.75
         6         9.41      13.69      -0.98       1.31        -5.98
         7        15.90      16.69      -0.16       0.03        -0.71
         8        20.12      21.48      -0.25       0.08        -2.87
         9         4.94      12.43      -1.80       4.52        -9.26
        10         1.43       4.34      -1.18       1.95        -3.21
        11         1.12       2.76      -0.84       0.98        -2.05
        12         2.73      11.44      -2.18       6.63        -7.90
        13         3.23      12.62      -2.24       6.99        -8.89
        14         0.25       2.91      -1.32       2.43        -1.24
        15         3.44       4.40      -0.39       0.21        -1.79
        16         8.28      12.16      -0.94       1.24        -6.61
        17        11.06      11.95      -0.47      -0.09         0.92
        18         2.42       2.43       0.00      -0.03        -0.54
        19         1.80       0.37       2.00      -0.38        -0.16
        20         8.95      13.23      -2.29      -0.37         0.87
        21         3.86       2.10       1.10      -1.25        -1.61
        22         3.49       0.38       4.30      -3.37        -0.71
        23         0.75       0.54       0.45       0.03         0.09
        24         3.34       3.90      -0.98      -0.02         0.12
        25         0.80       0.15       1.43      -0.35        -0.13
        26         2.86       3.19      -0.31      -0.05         0.33
        27         0.71       0.42       0.39      -0.05        -0.08
        28         0.77       0.30       0.75      -0.36        -0.30

     THE TOTAL PEARSON CHI-SQUARE CONTRIBUTION FROM EMPTY CELLS IS         0.67


     UNIVARIATE MODEL FIT INFORMATION

                               Estimated Probabilities
                                                  Standardized
     Variable              H1           H0          Residual
                                                   (z-score)
     GND1
       Category 1        0.991        0.978           4.124
       Category 2        0.009        0.022          -4.124
       Univariate Pearson Chi-Square                 23.782
       Univariate Log-Likelihood Chi-Square          30.740
     GND2
       Category 1        0.961        0.952           1.895
       Category 2        0.039        0.048          -1.895
       Univariate Pearson Chi-Square                  5.023
       Univariate Log-Likelihood Chi-Square           5.349
     GND4
       Category 1        0.877        0.847           3.808
       Category 2        0.123        0.153          -3.808
       Univariate Pearson Chi-Square                 20.281
       Univariate Log-Likelihood Chi-Square          21.503
     GND6
       Category 1        0.843        0.818           2.926
       Category 2        0.157        0.182          -2.926
       Univariate Pearson Chi-Square                 11.975
       Univariate Log-Likelihood Chi-Square          12.434


     BIVARIATE MODEL FIT INFORMATION

                                              Estimated Probabilities
                                                                 Standardized
     Variable       Variable              H1           H0          Residual
                                                                  (z-score)
     GND1           GND2
       Category 1     Category 1        0.957        0.941           3.140
       Category 1     Category 2        0.034        0.037          -0.700
       Category 2     Category 1        0.004        0.011          -3.217
       Category 2     Category 2        0.005        0.011          -2.587
       Bivariate Pearson Chi-Square                                 25.049
       Bivariate Log-Likelihood Chi-Square                          32.516
     GND1           GND4
       Category 1     Category 1        0.873        0.835           4.675
       Category 1     Category 2        0.118        0.142          -3.218
       Category 2     Category 1        0.003        0.011          -3.406
       Category 2     Category 2        0.005        0.011          -2.381
       Bivariate Pearson Chi-Square                                 41.341
       Bivariate Log-Likelihood Chi-Square                          49.983
     GND1           GND6
       Category 1     Category 1        0.838        0.806           3.657
       Category 1     Category 2        0.153        0.171          -2.217
       Category 2     Category 1        0.004        0.011          -2.969
       Category 2     Category 2        0.004        0.011          -2.828
       Bivariate Pearson Chi-Square                                 32.573
       Bivariate Log-Likelihood Chi-Square                          39.709
     GND2           GND4
       Category 1     Category 1        0.855        0.818           4.322
       Category 1     Category 2        0.106        0.134          -3.706
       Category 2     Category 1        0.022        0.029          -1.769
       Category 2     Category 2        0.017        0.019          -0.797
       Bivariate Pearson Chi-Square                                 26.517
       Bivariate Log-Likelihood Chi-Square                          28.142
     GND2           GND6
       Category 1     Category 1        0.817        0.787           3.288
       Category 1     Category 2        0.144        0.164          -2.534
       Category 2     Category 1        0.026        0.031          -1.256
       Category 2     Category 2        0.014        0.018          -1.439
       Bivariate Pearson Chi-Square                                 15.704
       Bivariate Log-Likelihood Chi-Square                          16.378
     GND4           GND6
       Category 1     Category 1        0.784        0.746           3.952
       Category 1     Category 2        0.093        0.100          -1.157
       Category 2     Category 1        0.059        0.072          -2.290
       Category 2     Category 2        0.064        0.082          -2.853
       Bivariate Pearson Chi-Square                                 24.489
       Bivariate Log-Likelihood Chi-Square                          25.724

       Overall Bivariate Pearson Chi-Square                        165.674
       Overall Bivariate Log-Likelihood Chi-Square                 192.452


     OUTPUT FOR CLASS G#2


     MODEL FIT INFORMATION FOR THE LATENT CLASS INDICATOR MODEL PART


     RESPONSE PATTERNS

     No.  Pattern    No.  Pattern    No.  Pattern    No.  Pattern
       1  0000         2  0001         3  0010         4  0011
       5  0100         6  0101         7  0110         8  0111
       9  1000        10  1001        11  1010        12  1011
      13  1100        14  1101        15  1110        16  1111
      17  00*0        18  01*0        19  000*        20  001*
      21  100*        22  0*00


     RESPONSE PATTERN FREQUENCIES AND CHI-SQUARE CONTRIBUTIONS

    Response          Frequency     Standardized  Chi-square Contribution
     Pattern    Observed  Estimated   Residual    Pearson   Loglikelihood  Deleted
                                     (z-score)
         1      1901.16    2028.06      -4.49       7.94      -247.43
         2       275.99     262.25       0.75       0.71        25.64
         3       211.27     178.24       2.16       6.12        73.73
         4       220.19     185.62       2.22       6.44        75.43
         5        54.07      52.35       0.20       0.03         5.68
         6        17.39      13.70       0.84       0.99         8.09
         7        16.76      16.70       0.01      -0.01         0.78
         8        23.12      21.49       0.30       0.12         3.10
         9        19.84      12.44       1.78       4.40        18.97
        10         7.22       4.34       1.17       1.91         7.50
        11         4.46       2.76       0.87       1.05         4.23
        12        20.39      11.45       2.24       6.98        23.31
        13        22.27      12.63       2.30       7.37        25.03
        14         5.63       2.91       1.35       2.54         7.36
        15         5.44       4.40       0.42       0.25         2.26
        16        16.30      12.17       1.00       1.40         9.34
        17         8.37       7.99       0.24      -0.05        -0.73
        18         1.85       0.25       2.73       0.60         0.17
        19         2.31       4.43      -1.96       0.16        -0.24
        20         2.68       0.70       2.13       1.49         0.93
        21         0.46       0.03       2.03       2.53         0.45
        22         0.46       0.34       0.34      -0.02        -0.06

     THE TOTAL PEARSON CHI-SQUARE CONTRIBUTION FROM EMPTY CELLS IS        -0.42


     UNIVARIATE MODEL FIT INFORMATION

                               Estimated Probabilities
                                                  Standardized
     Variable              H1           H0          Residual
                                                   (z-score)
     GND1
       Category 1        0.964        0.978          -4.140
       Category 2        0.036        0.022           4.140
       Univariate Pearson Chi-Square                 23.969
       Univariate Log-Likelihood Chi-Square          20.291
     GND2
       Category 1        0.943        0.952          -1.902
       Category 2        0.057        0.048           1.902
       Univariate Pearson Chi-Square                  5.062
       Univariate Log-Likelihood Chi-Square           4.787
     GND4
       Category 1        0.816        0.847          -3.814
       Category 2        0.184        0.153           3.814
       Univariate Pearson Chi-Square                 20.345
       Univariate Log-Likelihood Chi-Square          19.343
     GND6
       Category 1        0.793        0.818          -2.926
       Category 2        0.207        0.182           2.926
       Univariate Pearson Chi-Square                 11.973
       Univariate Log-Likelihood Chi-Square          11.575


     BIVARIATE MODEL FIT INFORMATION

                                              Estimated Probabilities
                                                                 Standardized
     Variable       Variable              H1           H0          Residual
                                                                  (z-score)
     GND1           GND2
       Category 1     Category 1        0.924        0.941          -3.152
       Category 1     Category 2        0.040        0.037           0.702
       Category 2     Category 1        0.018        0.011           3.229
       Category 2     Category 2        0.017        0.011           2.597
       Bivariate Pearson Chi-Square                                 25.245
       Bivariate Log-Likelihood Chi-Square                          21.430
     GND1           GND4
       Category 1     Category 1        0.797        0.835          -4.685
       Category 1     Category 2        0.167        0.142           3.222
       Category 2     Category 1        0.020        0.011           3.419
       Category 2     Category 2        0.016        0.011           2.390
       Bivariate Pearson Chi-Square                                 41.575
       Bivariate Log-Likelihood Chi-Square                          37.065
     GND1           GND6
       Category 1     Category 1        0.774        0.806          -3.660
       Category 1     Category 2        0.190        0.171           2.213
       Category 2     Category 1        0.018        0.011           2.980
       Category 2     Category 2        0.018        0.011           2.840
       Bivariate Pearson Chi-Square                                 32.742
       Bivariate Log-Likelihood Chi-Square                          28.915
     GND2           GND4
       Category 1     Category 1        0.781        0.818          -4.330
       Category 1     Category 2        0.162        0.134           3.710
       Category 2     Category 1        0.036        0.029           1.774
       Category 2     Category 2        0.022        0.019           0.803
       Bivariate Pearson Chi-Square                                 26.607
       Bivariate Log-Likelihood Chi-Square                          25.298
     GND2           GND6
       Category 1     Category 1        0.757        0.787          -3.296
       Category 1     Category 2        0.185        0.164           2.539
       Category 2     Category 1        0.035        0.031           1.276
       Category 2     Category 2        0.022        0.018           1.425
       Bivariate Pearson Chi-Square                                 15.763
       Bivariate Log-Likelihood Chi-Square                          15.199
     GND4           GND6
       Category 1     Category 1        0.708        0.746          -3.955
       Category 1     Category 2        0.108        0.100           1.153
       Category 2     Category 1        0.085        0.072           2.294
       Category 2     Category 2        0.099        0.082           2.857
       Bivariate Pearson Chi-Square                                 24.539
       Bivariate Log-Likelihood Chi-Square                          23.540

       Overall Bivariate Pearson Chi-Square                        166.471
       Overall Bivariate Log-Likelihood Chi-Square                 151.447


SAVEDATA INFORMATION


  Save file
    EU_Prob_MGCntry_C3cl4CHom.dat

  Order and format of variables

    GND1           F10.3
    GND2           F10.3
    GND4           F10.3
    GND6           F10.3
    CPROB1         F10.3
    CPROB2         F10.3
    CPROB3         F10.3
    CPROB4         F10.3
    CPROB5         F10.3
    CPROB6         F10.3
    CPROB7         F10.3
    CPROB8         F10.3
    G              F10.3
    C              F10.3
    MLCJOINT       F10.3
    WS             F10.3
    IDSTUD         I9
    ID_S           I4
    ID_J           I4
    ID_K           I2

  Save file format
    16F10.3 I9 2I4 I2

  Save file record length    10000

  Save missing symbol        *


     Beginning Time:  12:37:15
        Ending Time:  12:37:58
       Elapsed Time:  00:00:43



MUTHEN & MUTHEN
3463 Stoner Ave.
Los Angeles, CA  90066

Tel: (310) 391-9971
Fax: (310) 391-8971
Web: www.StatModel.com
Support: Support@StatModel.com

Copyright (c) 1998-2020 Muthen & Muthen
