Mplus VERSION 8.5 (Mac)
MUTHEN & MUTHEN
04/13/2021   3:02 PM

INPUT INSTRUCTIONS

  TITLE: C.Het MG Country LCA GND C3 with 6 classes;
  DATA:
  FILE = GND_DtaC3.dat;

  VARIABLE:
  NAMES = id_i
  id_j
  id_r
  id_s
  id_k
  wt
  ws
  GND1
  GND2
  GND3
  GND4
  GND5
  GND6
  IDSTUD;
  IDVARIABLE = IDSTUD;
  USEVARIABLES = GND1
  GND2
  GND3
  GND4
  GND5
  GND6;
  CATEGORICAL = GND1
  GND2
  GND3
  GND4
  GND5
  GND6;
  MISSING = .;
  CLASSES = g(14) c(6);
  KNOWNCLASS = g(id_k =
   1    !    BFL
   2    !    BGR
   3    !    DNK
   4    !    EST
   5    !    FIN
   6    !    HRV
   7    !    ITA
   8    !    LTU
   9    !    LVA
   10   !    MLT
   11   !    NLD
   12   !    NOR
   13   !    SVN
   14   !    SWE
  );
  WEIGHT = ws;
  STRATIFICATION = id_s;
  CLUSTER = id_j;

  ANALYSIS:
  TYPE = COMPLEX MIXTURE;
  PROCESSORS = 4;
  STARTS = 1000 250;
  STITERATIONS = 20;
  STSEED = 288;

  MODEL:
  %OVERALL%
  c ON g;

        %g#1.c#1%
    [GND1$1] (1);
    [GND2$1] (2);
    [GND3$1] (3);
    [GND4$1] (4);
    [GND5$1] (5);
    [GND6$1] (6);
        %g#1.c#2%
    [GND1$1] (7);
    [GND2$1] (8);
    [GND3$1] (9);
   [GND4$1] (10);
   [GND5$1] (11);
   [GND6$1] (12);
        %g#1.c#3%
   [GND1$1] (13);
   [GND2$1] (14);
   [GND3$1] (15);
   [GND4$1] (16);
   [GND5$1] (17);
   [GND6$1] (18);
        %g#1.c#4%
   [GND1$1] (19);
   [GND2$1] (20);
   [GND3$1] (21);
   [GND4$1] (22);
   [GND5$1] (23);
   [GND6$1] (24);
        %g#1.c#5%
   [GND1$1] (25);
   [GND2$1] (26);
   [GND3$1] (27);
   [GND4$1] (28);
   [GND5$1] (29);
   [GND6$1] (30);
        %g#1.c#6%
   [GND1$1] (31);
   [GND2$1] (32);
   [GND3$1] (33);
   [GND4$1] (34);
   [GND5$1] (35);
   [GND6$1] (36);
        %g#2.c#1%
   [GND1$1] (37);
   [GND2$1] (38);
   [GND3$1] (39);
   [GND4$1] (40);
   [GND5$1] (41);
   [GND6$1] (42);
        %g#2.c#2%
   [GND1$1] (43);
   [GND2$1] (44);
   [GND3$1] (45);
   [GND4$1] (46);
   [GND5$1] (47);
   [GND6$1] (48);
        %g#2.c#3%
   [GND1$1] (49);
   [GND2$1] (50);
   [GND3$1] (51);
   [GND4$1] (52);
   [GND5$1] (53);
   [GND6$1] (54);
        %g#2.c#4%
   [GND1$1] (55);
   [GND2$1] (56);
   [GND3$1] (57);
   [GND4$1] (58);
   [GND5$1] (59);
   [GND6$1] (60);
        %g#2.c#5%
   [GND1$1] (61);
   [GND2$1] (62);
   [GND3$1] (63);
   [GND4$1] (64);
   [GND5$1] (65);
   [GND6$1] (66);
        %g#2.c#6%
   [GND1$1] (67);
   [GND2$1] (68);
   [GND3$1] (69);
   [GND4$1] (70);
   [GND5$1] (71);
   [GND6$1] (72);
        %g#3.c#1%
   [GND1$1] (73);
   [GND2$1] (74);
   [GND3$1] (75);
   [GND4$1] (76);
   [GND5$1] (77);
   [GND6$1] (78);
        %g#3.c#2%
   [GND1$1] (79);
   [GND2$1] (80);
   [GND3$1] (81);
   [GND4$1] (82);
   [GND5$1] (83);
   [GND6$1] (84);
        %g#3.c#3%
   [GND1$1] (85);
   [GND2$1] (86);
   [GND3$1] (87);
   [GND4$1] (88);
   [GND5$1] (89);
   [GND6$1] (90);
        %g#3.c#4%
   [GND1$1] (91);
   [GND2$1] (92);
   [GND3$1] (93);
   [GND4$1] (94);
   [GND5$1] (95);
   [GND6$1] (96);
        %g#3.c#5%
   [GND1$1] (97);
   [GND2$1] (98);
   [GND3$1] (99);
  [GND4$1] (100);
  [GND5$1] (101);
  [GND6$1] (102);
        %g#3.c#6%
  [GND1$1] (103);
  [GND2$1] (104);
  [GND3$1] (105);
  [GND4$1] (106);
  [GND5$1] (107);
  [GND6$1] (108);
        %g#4.c#1%
  [GND1$1] (109);
  [GND2$1] (110);
  [GND3$1] (111);
  [GND4$1] (112);
  [GND5$1] (113);
  [GND6$1] (114);
        %g#4.c#2%
  [GND1$1] (115);
  [GND2$1] (116);
  [GND3$1] (117);
  [GND4$1] (118);
  [GND5$1] (119);
  [GND6$1] (120);
        %g#4.c#3%
  [GND1$1] (121);
  [GND2$1] (122);
  [GND3$1] (123);
  [GND4$1] (124);
  [GND5$1] (125);
  [GND6$1] (126);
        %g#4.c#4%
  [GND1$1] (127);
  [GND2$1] (128);
  [GND3$1] (129);
  [GND4$1] (130);
  [GND5$1] (131);
  [GND6$1] (132);
        %g#4.c#5%
  [GND1$1] (133);
  [GND2$1] (134);
  [GND3$1] (135);
  [GND4$1] (136);
  [GND5$1] (137);
  [GND6$1] (138);
        %g#4.c#6%
  [GND1$1] (139);
  [GND2$1] (140);
  [GND3$1] (141);
  [GND4$1] (142);
  [GND5$1] (143);
  [GND6$1] (144);
        %g#5.c#1%
  [GND1$1] (145);
  [GND2$1] (146);
  [GND3$1] (147);
  [GND4$1] (148);
  [GND5$1] (149);
  [GND6$1] (150);
        %g#5.c#2%
  [GND1$1] (151);
  [GND2$1] (152);
  [GND3$1] (153);
  [GND4$1] (154);
  [GND5$1] (155);
  [GND6$1] (156);
        %g#5.c#3%
  [GND1$1] (157);
  [GND2$1] (158);
  [GND3$1] (159);
  [GND4$1] (160);
  [GND5$1] (161);
  [GND6$1] (162);
        %g#5.c#4%
  [GND1$1] (163);
  [GND2$1] (164);
  [GND3$1] (165);
  [GND4$1] (166);
  [GND5$1] (167);
  [GND6$1] (168);
        %g#5.c#5%
  [GND1$1] (169);
  [GND2$1] (170);
  [GND3$1] (171);
  [GND4$1] (172);
  [GND5$1] (173);
  [GND6$1] (174);
        %g#5.c#6%
  [GND1$1] (175);
  [GND2$1] (176);
  [GND3$1] (177);
  [GND4$1] (178);
  [GND5$1] (179);
  [GND6$1] (180);
        %g#6.c#1%
  [GND1$1] (181);
  [GND2$1] (182);
  [GND3$1] (183);
  [GND4$1] (184);
  [GND5$1] (185);
  [GND6$1] (186);
        %g#6.c#2%
  [GND1$1] (187);
  [GND2$1] (188);
  [GND3$1] (189);
  [GND4$1] (190);
  [GND5$1] (191);
  [GND6$1] (192);
        %g#6.c#3%
  [GND1$1] (193);
  [GND2$1] (194);
  [GND3$1] (195);
  [GND4$1] (196);
  [GND5$1] (197);
  [GND6$1] (198);
        %g#6.c#4%
  [GND1$1] (199);
  [GND2$1] (200);
  [GND3$1] (201);
  [GND4$1] (202);
  [GND5$1] (203);
  [GND6$1] (204);
        %g#6.c#5%
  [GND1$1] (205);
  [GND2$1] (206);
  [GND3$1] (207);
  [GND4$1] (208);
  [GND5$1] (209);
  [GND6$1] (210);
        %g#6.c#6%
  [GND1$1] (211);
  [GND2$1] (212);
  [GND3$1] (213);
  [GND4$1] (214);
  [GND5$1] (215);
  [GND6$1] (216);
        %g#7.c#1%
  [GND1$1] (217);
  [GND2$1] (218);
  [GND3$1] (219);
  [GND4$1] (220);
  [GND5$1] (221);
  [GND6$1] (222);
        %g#7.c#2%
  [GND1$1] (223);
  [GND2$1] (224);
  [GND3$1] (225);
  [GND4$1] (226);
  [GND5$1] (227);
  [GND6$1] (228);
        %g#7.c#3%
  [GND1$1] (229);
  [GND2$1] (230);
  [GND3$1] (231);
  [GND4$1] (232);
  [GND5$1] (233);
  [GND6$1] (234);
        %g#7.c#4%
  [GND1$1] (235);
  [GND2$1] (236);
  [GND3$1] (237);
  [GND4$1] (238);
  [GND5$1] (239);
  [GND6$1] (240);
        %g#7.c#5%
  [GND1$1] (241);
  [GND2$1] (242);
  [GND3$1] (243);
  [GND4$1] (244);
  [GND5$1] (245);
  [GND6$1] (246);
        %g#7.c#6%
  [GND1$1] (247);
  [GND2$1] (248);
  [GND3$1] (249);
  [GND4$1] (250);
  [GND5$1] (251);
  [GND6$1] (252);
        %g#8.c#1%
  [GND1$1] (253);
  [GND2$1] (254);
  [GND3$1] (255);
  [GND4$1] (256);
  [GND5$1] (257);
  [GND6$1] (258);
        %g#8.c#2%
  [GND1$1] (259);
  [GND2$1] (260);
  [GND3$1] (261);
  [GND4$1] (262);
  [GND5$1] (263);
  [GND6$1] (264);
        %g#8.c#3%
  [GND1$1] (265);
  [GND2$1] (266);
  [GND3$1] (267);
  [GND4$1] (268);
  [GND5$1] (269);
  [GND6$1] (270);
        %g#8.c#4%
  [GND1$1] (271);
  [GND2$1] (272);
  [GND3$1] (273);
  [GND4$1] (274);
  [GND5$1] (275);
  [GND6$1] (276);
        %g#8.c#5%
  [GND1$1] (277);
  [GND2$1] (278);
  [GND3$1] (279);
  [GND4$1] (280);
  [GND5$1] (281);
  [GND6$1] (282);
        %g#8.c#6%
  [GND1$1] (283);
  [GND2$1] (284);
  [GND3$1] (285);
  [GND4$1] (286);
  [GND5$1] (287);
  [GND6$1] (288);
        %g#9.c#1%
  [GND1$1] (289);
  [GND2$1] (290);
  [GND3$1] (291);
  [GND4$1] (292);
  [GND5$1] (293);
  [GND6$1] (294);
        %g#9.c#2%
  [GND1$1] (295);
  [GND2$1] (296);
  [GND3$1] (297);
  [GND4$1] (298);
  [GND5$1] (299);
  [GND6$1] (300);
        %g#9.c#3%
  [GND1$1] (301);
  [GND2$1] (302);
  [GND3$1] (303);
  [GND4$1] (304);
  [GND5$1] (305);
  [GND6$1] (306);
        %g#9.c#4%
  [GND1$1] (307);
  [GND2$1] (308);
  [GND3$1] (309);
  [GND4$1] (310);
  [GND5$1] (311);
  [GND6$1] (312);
        %g#9.c#5%
  [GND1$1] (313);
  [GND2$1] (314);
  [GND3$1] (315);
  [GND4$1] (316);
  [GND5$1] (317);
  [GND6$1] (318);
        %g#9.c#6%
  [GND1$1] (319);
  [GND2$1] (320);
  [GND3$1] (321);
  [GND4$1] (322);
  [GND5$1] (323);
  [GND6$1] (324);
       %g#10.c#1%
  [GND1$1] (325);
  [GND2$1] (326);
  [GND3$1] (327);
  [GND4$1] (328);
  [GND5$1] (329);
  [GND6$1] (330);
       %g#10.c#2%
  [GND1$1] (331);
  [GND2$1] (332);
  [GND3$1] (333);
  [GND4$1] (334);
  [GND5$1] (335);
  [GND6$1] (336);
       %g#10.c#3%
  [GND1$1] (337);
  [GND2$1] (338);
  [GND3$1] (339);
  [GND4$1] (340);
  [GND5$1] (341);
  [GND6$1] (342);
       %g#10.c#4%
  [GND1$1] (343);
  [GND2$1] (344);
  [GND3$1] (345);
  [GND4$1] (346);
  [GND5$1] (347);
  [GND6$1] (348);
       %g#10.c#5%
  [GND1$1] (349);
  [GND2$1] (350);
  [GND3$1] (351);
  [GND4$1] (352);
  [GND5$1] (353);
  [GND6$1] (354);
       %g#10.c#6%
  [GND1$1] (355);
  [GND2$1] (356);
  [GND3$1] (357);
  [GND4$1] (358);
  [GND5$1] (359);
  [GND6$1] (360);
       %g#11.c#1%
  [GND1$1] (361);
  [GND2$1] (362);
  [GND3$1] (363);
  [GND4$1] (364);
  [GND5$1] (365);
  [GND6$1] (366);
       %g#11.c#2%
  [GND1$1] (367);
  [GND2$1] (368);
  [GND3$1] (369);
  [GND4$1] (370);
  [GND5$1] (371);
  [GND6$1] (372);
       %g#11.c#3%
  [GND1$1] (373);
  [GND2$1] (374);
  [GND3$1] (375);
  [GND4$1] (376);
  [GND5$1] (377);
  [GND6$1] (378);
       %g#11.c#4%
  [GND1$1] (379);
  [GND2$1] (380);
  [GND3$1] (381);
  [GND4$1] (382);
  [GND5$1] (383);
  [GND6$1] (384);
       %g#11.c#5%
  [GND1$1] (385);
  [GND2$1] (386);
  [GND3$1] (387);
  [GND4$1] (388);
  [GND5$1] (389);
  [GND6$1] (390);
       %g#11.c#6%
  [GND1$1] (391);
  [GND2$1] (392);
  [GND3$1] (393);
  [GND4$1] (394);
  [GND5$1] (395);
  [GND6$1] (396);
       %g#12.c#1%
  [GND1$1] (397);
  [GND2$1] (398);
  [GND3$1] (399);
  [GND4$1] (400);
  [GND5$1] (401);
  [GND6$1] (402);
       %g#12.c#2%
  [GND1$1] (403);
  [GND2$1] (404);
  [GND3$1] (405);
  [GND4$1] (406);
  [GND5$1] (407);
  [GND6$1] (408);
       %g#12.c#3%
  [GND1$1] (409);
  [GND2$1] (410);
  [GND3$1] (411);
  [GND4$1] (412);
  [GND5$1] (413);
  [GND6$1] (414);
       %g#12.c#4%
  [GND1$1] (415);
  [GND2$1] (416);
  [GND3$1] (417);
  [GND4$1] (418);
  [GND5$1] (419);
  [GND6$1] (420);
       %g#12.c#5%
  [GND1$1] (421);
  [GND2$1] (422);
  [GND3$1] (423);
  [GND4$1] (424);
  [GND5$1] (425);
  [GND6$1] (426);
       %g#12.c#6%
  [GND1$1] (427);
  [GND2$1] (428);
  [GND3$1] (429);
  [GND4$1] (430);
  [GND5$1] (431);
  [GND6$1] (432);
       %g#13.c#1%
  [GND1$1] (433);
  [GND2$1] (434);
  [GND3$1] (435);
  [GND4$1] (436);
  [GND5$1] (437);
  [GND6$1] (438);
       %g#13.c#2%
  [GND1$1] (439);
  [GND2$1] (440);
  [GND3$1] (441);
  [GND4$1] (442);
  [GND5$1] (443);
  [GND6$1] (444);
       %g#13.c#3%
  [GND1$1] (445);
  [GND2$1] (446);
  [GND3$1] (447);
  [GND4$1] (448);
  [GND5$1] (449);
  [GND6$1] (450);
       %g#13.c#4%
  [GND1$1] (451);
  [GND2$1] (452);
  [GND3$1] (453);
  [GND4$1] (454);
  [GND5$1] (455);
  [GND6$1] (456);
       %g#13.c#5%
  [GND1$1] (457);
  [GND2$1] (458);
  [GND3$1] (459);
  [GND4$1] (460);
  [GND5$1] (461);
  [GND6$1] (462);
       %g#13.c#6%
  [GND1$1] (463);
  [GND2$1] (464);
  [GND3$1] (465);
  [GND4$1] (466);
  [GND5$1] (467);
  [GND6$1] (468);
       %g#14.c#1%
  [GND1$1] (469);
  [GND2$1] (470);
  [GND3$1] (471);
  [GND4$1] (472);
  [GND5$1] (473);
  [GND6$1] (474);
       %g#14.c#2%
  [GND1$1] (475);
  [GND2$1] (476);
  [GND3$1] (477);
  [GND4$1] (478);
  [GND5$1] (479);
  [GND6$1] (480);
       %g#14.c#3%
  [GND1$1] (481);
  [GND2$1] (482);
  [GND3$1] (483);
  [GND4$1] (484);
  [GND5$1] (485);
  [GND6$1] (486);
       %g#14.c#4%
  [GND1$1] (487);
  [GND2$1] (488);
  [GND3$1] (489);
  [GND4$1] (490);
  [GND5$1] (491);
  [GND6$1] (492);
       %g#14.c#5%
  [GND1$1] (493);
  [GND2$1] (494);
  [GND3$1] (495);
  [GND4$1] (496);
  [GND5$1] (497);
  [GND6$1] (498);
       %g#14.c#6%
  [GND1$1] (499);
  [GND2$1] (500);
  [GND3$1] (501);
  [GND4$1] (502);
  [GND5$1] (503);
  [GND6$1] (504);

  OUTPUT:
  TECH10
  SVALUES
  ;

  SAVEDATA:
  FILE = GND_Prob_MGCntry_C3cl6_1CHet.dat;
  SAVE = CPROBABILITIES;



*** WARNING
  Data set contains cases with missing on all variables.
  These cases were not included in the analysis.
  Number of cases with missing on all variables:  906
   1 WARNING(S) FOUND IN THE INPUT INSTRUCTIONS



C.Het MG Country LCA GND C3 with 6 classes;

SUMMARY OF ANALYSIS

Number of groups                                                 1
Number of observations                                       50431

Number of dependent variables                                    6
Number of independent variables                                  0
Number of continuous latent variables                            0
Number of categorical latent variables                           2

Observed dependent variables

  Binary and ordered categorical (ordinal)
   GND1        GND2        GND3        GND4        GND5        GND6

Categorical latent variables
   G           C

  Knownclass            G

Variables with special functions

  Stratification        ID_S
  Cluster variable      ID_J
  Weight variable       WS
  ID variable           IDSTUD

Estimator                                                      MLR
Information matrix                                        OBSERVED
Optimization Specifications for the Quasi-Newton Algorithm for
Continuous Outcomes
  Maximum number of iterations                                 100
  Convergence criterion                                  0.100D-05
Optimization Specifications for the EM Algorithm
  Maximum number of iterations                                 500
  Convergence criteria
    Loglikelihood change                                 0.100D-03
    Relative loglikelihood change                        0.100D-05
    Derivative                                           0.100D-03
Optimization Specifications for the M step of the EM Algorithm for
Categorical Latent variables
  Number of M step iterations                                    1
  M step convergence criterion                           0.100D-03
  Basis for M step termination                           ITERATION
Optimization Specifications for the M step of the EM Algorithm for
Censored, Binary or Ordered Categorical (Ordinal), Unordered
Categorical (Nominal) and Count Outcomes
  Number of M step iterations                                    1
  M step convergence criterion                           0.100D-03
  Basis for M step termination                           ITERATION
  Maximum value for logit thresholds                            15
  Minimum value for logit thresholds                           -15
  Minimum expected cell size for chi-square              0.100D-01
Maximum number of iterations for H1                           2000
Convergence criterion for H1                             0.100D-03
Optimization algorithm                                         EMA
Random Starts Specifications
  Number of initial stage random starts                       1000
  Number of final stage optimizations                          250
  Number of initial stage iterations                            20
  Initial stage convergence criterion                    0.100D+01
  Random starts scale                                    0.500D+01
  Random seed for generating random starts                     288
Parameterization                                             LOGIT
Link                                                         LOGIT

Input data file(s)
  GND_DtaC3.dat
Input data format  FREE


SUMMARY OF DATA

     Number of missing data patterns            50
     Number of y missing data patterns           0
     Number of u missing data patterns          50
     Number of strata                         1034
     Number of clusters                       2883


COVARIANCE COVERAGE OF DATA

Minimum covariance coverage value   0.100


     PROPORTION OF DATA PRESENT FOR U


           Covariance Coverage
              GND1          GND2          GND3          GND4          GND5
              ________      ________      ________      ________      ________
 GND1           0.998
 GND2           0.994         0.995
 GND3           0.990         0.988         0.991
 GND4           0.990         0.989         0.985         0.992
 GND5           0.992         0.990         0.986         0.987         0.993
 GND6           0.991         0.990         0.986         0.987         0.989


           Covariance Coverage
              GND6
              ________
 GND6           0.993


UNIVARIATE PROPORTIONS AND COUNTS FOR CATEGORICAL VARIABLES

    GND1
      Category 1    0.968        48702.024
      Category 2    0.032         1607.602
    GND2
      Category 1    0.938        47053.489
      Category 2    0.062         3132.704
    GND3
      Category 1    0.898        44903.037
      Category 2    0.102         5075.484
    GND4
      Category 1    0.830        41506.207
      Category 2    0.170         8524.631
    GND5
      Category 1    0.929        46557.903
      Category 2    0.071         3547.369
    GND6
      Category 1    0.794        39752.585
      Category 2    0.206        10339.594


RANDOM STARTS RESULTS RANKED FROM THE BEST TO THE WORST LOGLIKELIHOOD VALUES

Final stage loglikelihood values at local maxima, seeds, and initial stage start numbers:


250 perturbed starting value run(s) did not converge or were rejected in the third stage.


     THE MODEL ESTIMATION DID NOT TERMINATE NORMALLY DUE TO AN INSUFFICIENT
     NUMBER OF E STEPS.  INCREASE THE NUMBER OF MITERATIONS.  ESTIMATES
     CANNOT BE TRUSTED.

     THE MODEL ESTIMATION DID NOT TERMINATE NORMALLY DUE TO A CHANGE IN THE
     LOGLIKELIHOOD DURING THE LAST E STEP.

     AN INSUFFICENT NUMBER OF E STEP ITERATIONS MAY HAVE BEEN USED.  INCREASE
     THE NUMBER OF MITERATIONS OR INCREASE THE MCONVERGENCE VALUE.  ESTIMATES
     CANNOT BE TRUSTED.
     SLOW CONVERGENCE DUE TO PARAMETER 519.
     THE LOGLIKELIHOOD DERIVATIVE FOR THIS PARAMETER IS -0.20019670D-03.






MODEL RESULTS USE THE LATENT CLASS VARIABLE ORDER

   G  C


FINAL CLASS COUNTS AND PROPORTIONS FOR THE LATENT CLASS PATTERNS
BASED ON THE ESTIMATED MODEL

  Latent Class
    Pattern

    1  1        411.11160          0.00815
    1  2        646.07311          0.01281
    1  3        646.07311          0.01281
    1  4        646.07311          0.01281
    1  5        646.07311          0.01281
    1  6        646.07311          0.01281
    2  1        600.01975          0.01190
    2  2        600.01975          0.01190
    2  3        600.01975          0.01190
    2  4        600.01975          0.01190
    2  5        600.01975          0.01190
    2  6        600.01975          0.01190
    3  1        582.09950          0.01154
    3  2        582.09950          0.01154
    3  3        582.09950          0.01154
    3  4        582.09950          0.01154
    3  5        582.09950          0.01154
    3  6        582.09950          0.01154
    4  1        264.26118          0.00524
    4  2        264.26118          0.00524
    4  3        264.26118          0.00524
    4  4        948.94872          0.01882
    4  5        948.94872          0.01882
    4  6        948.94872          0.01882
    5  1        602.54111          0.01195
    5  2        602.54111          0.01195
    5  3        602.54111          0.01195
    5  4        602.54111          0.01195
    5  5        602.54111          0.01195
    5  6        602.54111          0.01195
    6  1        605.42447          0.01201
    6  2        605.42447          0.01201
    6  3        605.42447          0.01201
    6  4        605.42447          0.01201
    6  5        605.42447          0.01201
    6  6        605.42447          0.01201
    7  1        606.48953          0.01203
    7  2        606.48953          0.01203
    7  3        606.48953          0.01203
    7  4        606.48953          0.01203
    7  5        606.48953          0.01203
    7  6        606.48953          0.01203
    8  1        606.08364          0.01202
    8  2        606.08364          0.01202
    8  3        606.08364          0.01202
    8  4        606.08364          0.01202
    8  5        606.08364          0.01202
    8  6        606.08364          0.01202
    9  1        600.78706          0.01191
    9  2        600.78706          0.01191
    9  3        600.78706          0.01191
    9  4        600.78706          0.01191
    9  5        600.78706          0.01191
    9  6        600.78706          0.01191
   10  1        590.61198          0.01171
   10  2        590.61198          0.01171
   10  3        590.61198          0.01171
   10  4        590.61198          0.01171
   10  5        590.61198          0.01171
   10  6        590.61198          0.01171
   11  1        309.97265          0.00615
   11  2        309.97265          0.00615
   11  3        309.97265          0.00615
   11  4        894.22473          0.01773
   11  5        894.22473          0.01773
   11  6        894.22473          0.01773
   12  1        593.12850          0.01176
   12  2        593.12850          0.01176
   12  3        593.12850          0.01176
   12  4        593.12850          0.01176
   12  5        593.12850          0.01176
   12  6        593.12850          0.01176
   13  1        606.91445          0.01203
   13  2        606.91445          0.01203
   13  3        606.91445          0.01203
   13  4        606.91445          0.01203
   13  5        606.91445          0.01203
   13  6        606.91445          0.01203
   14  1        147.53543          0.00293
   14  2        147.53543          0.00293
   14  3        147.53543          0.00293
   14  4        147.53543          0.00293
   14  5        147.53543          0.00293
   14  6       2835.02396          0.05622


FINAL CLASS COUNTS AND PROPORTIONS FOR EACH LATENT CLASS VARIABLE
BASED ON THE ESTIMATED MODEL

  Latent Class
    Variable    Class

    G              1      3641.47681          0.07221
                   2      3600.11865          0.07139
                   3      3492.59717          0.06925
                   4      3639.62964          0.07217
                   5      3615.24658          0.07169
                   6      3632.54712          0.07203
                   7      3638.93701          0.07216
                   8      3636.50195          0.07211
                   9      3604.72241          0.07148
                  10      3543.67212          0.07027
                  11      3612.59204          0.07163
                  12      3558.77075          0.07057
                  13      3641.48682          0.07221
                  14      3572.70117          0.07084
    C              1      7126.98096          0.14132
                   2      7361.94238          0.14598
                   3      7361.94238          0.14598
                   4      8630.88086          0.17114
                   5      8630.88086          0.17114
                   6     11318.37012          0.22443


LATENT TRANSITION PROBABILITIES BASED ON THE ESTIMATED MODEL

  G Classes (Rows) by C Classes (Columns)

            1        2        3        4        5        6

   1     0.113    0.177    0.177    0.177    0.177    0.177
   2     0.167    0.167    0.167    0.167    0.167    0.167
   3     0.167    0.167    0.167    0.167    0.167    0.167
   4     0.073    0.073    0.073    0.261    0.261    0.261
   5     0.167    0.167    0.167    0.167    0.167    0.167
   6     0.167    0.167    0.167    0.167    0.167    0.167
   7     0.167    0.167    0.167    0.167    0.167    0.167
   8     0.167    0.167    0.167    0.167    0.167    0.167
   9     0.167    0.167    0.167    0.167    0.167    0.167
  10     0.167    0.167    0.167    0.167    0.167    0.167
  11     0.086    0.086    0.086    0.248    0.248    0.248
  12     0.167    0.167    0.167    0.167    0.167    0.167
  13     0.167    0.167    0.167    0.167    0.167    0.167
  14     0.041    0.041    0.041    0.041    0.041    0.794


FINAL CLASS COUNTS AND PROPORTIONS FOR THE LATENT CLASS PATTERNS
BASED ON ESTIMATED POSTERIOR PROBABILITIES

  Latent Class
    Pattern

    1  1        802.55836          0.01591
    1  2       1932.46148          0.03832
    1  3        197.89180          0.00392
    1  4        404.77145          0.00803
    1  5         22.19575          0.00044
    1  6        281.59831          0.00558
    2  1       1996.28264          0.03958
    2  2        207.01877          0.00410
    2  3        556.42699          0.01103
    2  4        171.36112          0.00340
    2  5         50.59798          0.00100
    2  6        618.43099          0.01226
    3  1        108.58038          0.00215
    3  2        654.39267          0.01298
    3  3         43.93778          0.00087
    3  4       2496.94801          0.04951
    3  5         28.63287          0.00057
    3  6        160.10526          0.00317
    4  1        232.46277          0.00461
    4  2        535.79291          0.01062
    4  3        995.98199          0.01975
    4  4       1665.30877          0.03302
    4  5         74.18937          0.00147
    4  6        135.89389          0.00269
    5  1        252.63409          0.00501
    5  2        103.46134          0.00205
    5  3         39.33303          0.00078
    5  4         26.29858          0.00052
    5  5       3086.67578          0.06121
    5  6        106.84385          0.00212
    6  1        462.67107          0.00917
    6  2        694.29648          0.01377
    6  3       2212.53918          0.04387
    6  4         34.04511          0.00068
    6  5        197.18090          0.00391
    6  6         31.81411          0.00063
    7  1         70.65388          0.00140
    7  2         16.22711          0.00032
    7  3         69.80900          0.00138
    7  4        427.82834          0.00848
    7  5       2905.92967          0.05762
    7  6        148.48915          0.00294
    8  1        107.86120          0.00214
    8  2       1634.63646          0.03241
    8  3       1404.58973          0.02785
    8  4        332.56784          0.00659
    8  5         56.39539          0.00112
    8  6        100.45123          0.00199
    9  1        212.58075          0.00422
    9  2        626.64709          0.01243
    9  3        150.60797          0.00299
    9  4       2088.11846          0.04141
    9  5        361.52727          0.00717
    9  6        165.24080          0.00328
   10  1       2399.54818          0.04758
   10  2        447.91871          0.00888
   10  3        177.44565          0.00352
   10  4        193.97417          0.00385
   10  5         33.30664          0.00066
   10  6        291.47855          0.00578
   11  1        398.93588          0.00791
   11  2        194.98416          0.00387
   11  3       2564.54387          0.05085
   11  4        117.31424          0.00233
   11  5         39.75849          0.00079
   11  6        297.05549          0.00589
   12  1        185.47485          0.00368
   12  2         23.14192          0.00046
   12  3       3156.52509          0.06259
   12  4         88.23046          0.00175
   12  5         30.93904          0.00061
   12  6         74.45965          0.00148
   13  1         54.08227          0.00107
   13  2         38.76027          0.00077
   13  3        255.00001          0.00506
   13  4        136.66532          0.00271
   13  5        416.90422          0.00827
   13  6       2740.07460          0.05433
   14  1        375.25019          0.00744
   14  2         60.31179          0.00120
   14  3       2890.16243          0.05731
   14  4        102.58168          0.00203
   14  5         34.31556          0.00068
   14  6        110.07944          0.00218


FINAL CLASS COUNTS AND PROPORTIONS FOR EACH LATENT CLASS VARIABLE
BASED ON ESTIMATED POSTERIOR PROBABILITIES

  Latent Class
    Variable    Class

    G              1      3641.47729          0.07221
                   2      3600.11816          0.07139
                   3      3492.59692          0.06925
                   4      3639.62964          0.07217
                   5      3615.24658          0.07169
                   6      3632.54688          0.07203
                   7      3638.93726          0.07216
                   8      3636.50195          0.07211
                   9      3604.72241          0.07148
                  10      3543.67163          0.07027
                  11      3612.59204          0.07163
                  12      3558.77100          0.07057
                  13      3641.48682          0.07221
                  14      3572.70117          0.07084
    C              1      7659.57617          0.15188
                   2      7170.05176          0.14218
                   3     14714.79395          0.29178
                   4      8286.01367          0.16430
                   5      7338.54883          0.14552
                   6      5262.01562          0.10434


FINAL CLASS COUNTS AND PROPORTIONS FOR THE LATENT CLASS PATTERNS
BASED ON THEIR MOST LIKELY LATENT CLASS PATTERN

Class Counts and Proportions

  Latent Class
    Pattern

    1  1              525          0.01042
    1  2              629          0.01247
    1  3              619          0.01226
    1  4              601          0.01192
    1  5              612          0.01214
    1  6              656          0.01300
    2  1              584          0.01157
    2  2              579          0.01148
    2  3              657          0.01303
    2  4              597          0.01184
    2  5              585          0.01160
    2  6              598          0.01186
    3  1             2803          0.05557
    3  2               74          0.00147
    3  3              479          0.00950
    3  4               33          0.00065
    3  5               46          0.00091
    3  6               59          0.00116
    4  1              237          0.00471
    4  2              227          0.00449
    4  3              239          0.00474
    4  4             1018          0.02018
    4  5              981          0.01944
    4  6              938          0.01861
    5  1              918          0.01821
    5  2              494          0.00979
    5  3              529          0.01048
    5  4              553          0.01096
    5  5              560          0.01110
    5  6              562          0.01114
    6  1              365          0.00724
    6  2              814          0.01614
    6  3              848          0.01681
    6  4              777          0.01542
    6  5              360          0.00713
    6  6              468          0.00929
    7  1              544          0.01079
    7  2              689          0.01366
    7  3              701          0.01389
    7  4              574          0.01139
    7  5              568          0.01126
    7  6              563          0.01117
    8  1              623          0.01235
    8  2              612          0.01214
    8  3              582          0.01153
    8  4              584          0.01158
    8  5              603          0.01196
    8  6              633          0.01255
    9  1              560          0.01111
    9  2              508          0.01007
    9  3              557          0.01105
    9  4              535          0.01062
    9  5              527          0.01045
    9  6              917          0.01819
   10  1              580          0.01150
   10  2              612          0.01214
   10  3              581          0.01152
   10  4              577          0.01144
   10  5              550          0.01091
   10  6              644          0.01276
   11  1              225          0.00447
   11  2              207          0.00410
   11  3              255          0.00505
   11  4              978          0.01940
   11  5              976          0.01935
   11  6              972          0.01927
   12  1               89          0.00176
   12  2              120          0.00238
   12  3              196          0.00389
   12  4              110          0.00218
   12  5              145          0.00288
   12  6             2898          0.05747
   13  1              204          0.00404
   13  2              222          0.00440
   13  3              254          0.00504
   13  4               93          0.00184
   13  5              297          0.00590
   13  6             2572          0.05099
   14  1              111          0.00221
   14  2              125          0.00248
   14  3              122          0.00242
   14  4              148          0.00294
   14  5              124          0.00246
   14  6             2942          0.05835


FINAL CLASS COUNTS AND PROPORTIONS FOR EACH LATENT CLASS VARIABLE
BASED ON THEIR MOST LIKELY LATENT CLASS PATTERN

  Latent Class
    Variable    Class

    G              1            3641          0.07221
                   2            3600          0.07139
                   3            3492          0.06925
                   4            3639          0.07217
                   5            3615          0.07169
                   6            3632          0.07203
                   7            3638          0.07216
                   8            3636          0.07211
                   9            3604          0.07148
                  10            3543          0.07027
                  11            3612          0.07163
                  12            3558          0.07057
                  13            3641          0.07221
                  14            3572          0.07084
    C              1            8368          0.16594
                   2            5910          0.11719
                   3            6617          0.13122
                   4            7179          0.14235
                   5            6933          0.13749
                   6           15422          0.30580


CLASSIFICATION QUALITY

     Entropy                         0.638


MODEL RESULTS

                    Estimate

Parameters for Class-specific Model Parts

Latent Class Pattern 1 1

 Thresholds
    GND1$1             2.632
    GND2$1             1.480
    GND3$1             0.371
    GND4$1            -1.280
    GND5$1             1.391
    GND6$1            -0.766

Latent Class Pattern 1 2

 Thresholds
    GND1$1             6.518
    GND2$1             3.852
    GND3$1             3.760
    GND4$1             3.199
    GND5$1             3.483
    GND6$1             2.308

Latent Class Pattern 1 3

 Thresholds
    GND1$1             6.518
    GND2$1             3.852
    GND3$1             3.760
    GND4$1             3.199
    GND5$1             3.483
    GND6$1             2.308

Latent Class Pattern 1 4

 Thresholds
    GND1$1             6.518
    GND2$1             3.852
    GND3$1             3.760
    GND4$1             3.199
    GND5$1             3.483
    GND6$1             2.308

Latent Class Pattern 1 5

 Thresholds
    GND1$1             6.518
    GND2$1             3.852
    GND3$1             3.760
    GND4$1             3.199
    GND5$1             3.483
    GND6$1             2.308

Latent Class Pattern 1 6

 Thresholds
    GND1$1             6.518
    GND2$1             3.852
    GND3$1             3.760
    GND4$1             3.199
    GND5$1             3.483
    GND6$1             2.308

Latent Class Pattern 2 1

 Thresholds
    GND1$1             2.585
    GND2$1             2.026
    GND3$1             0.973
    GND4$1             0.529
    GND5$1             1.970
    GND6$1             0.383

Latent Class Pattern 2 2

 Thresholds
    GND1$1             2.585
    GND2$1             2.026
    GND3$1             0.973
    GND4$1             0.529
    GND5$1             1.970
    GND6$1             0.383

Latent Class Pattern 2 3

 Thresholds
    GND1$1             2.585
    GND2$1             2.026
    GND3$1             0.973
    GND4$1             0.529
    GND5$1             1.970
    GND6$1             0.383

Latent Class Pattern 2 4

 Thresholds
    GND1$1             2.585
    GND2$1             2.026
    GND3$1             0.973
    GND4$1             0.529
    GND5$1             1.970
    GND6$1             0.383

Latent Class Pattern 2 5

 Thresholds
    GND1$1             2.585
    GND2$1             2.026
    GND3$1             0.973
    GND4$1             0.529
    GND5$1             1.970
    GND6$1             0.383

Latent Class Pattern 2 6

 Thresholds
    GND1$1             2.585
    GND2$1             2.026
    GND3$1             0.973
    GND4$1             0.529
    GND5$1             1.970
    GND6$1             0.383

Latent Class Pattern 3 1

 Thresholds
    GND1$1             4.024
    GND2$1             3.440
    GND3$1             3.306
    GND4$1             2.515
    GND5$1             2.709
    GND6$1             2.095

Latent Class Pattern 3 2

 Thresholds
    GND1$1             4.024
    GND2$1             3.440
    GND3$1             3.306
    GND4$1             2.515
    GND5$1             2.709
    GND6$1             2.095

Latent Class Pattern 3 3

 Thresholds
    GND1$1             4.024
    GND2$1             3.440
    GND3$1             3.306
    GND4$1             2.515
    GND5$1             2.709
    GND6$1             2.095

Latent Class Pattern 3 4

 Thresholds
    GND1$1             4.024
    GND2$1             3.440
    GND3$1             3.306
    GND4$1             2.515
    GND5$1             2.709
    GND6$1             2.095

Latent Class Pattern 3 5

 Thresholds
    GND1$1             4.024
    GND2$1             3.440
    GND3$1             3.306
    GND4$1             2.515
    GND5$1             2.709
    GND6$1             2.095

Latent Class Pattern 3 6

 Thresholds
    GND1$1             4.024
    GND2$1             3.440
    GND3$1             3.306
    GND4$1             2.515
    GND5$1             2.709
    GND6$1             2.095

Latent Class Pattern 4 1

 Thresholds
    GND1$1             1.973
    GND2$1             0.771
    GND3$1             0.424
    GND4$1            -0.565
    GND5$1             1.151
    GND6$1            -1.109

Latent Class Pattern 4 2

 Thresholds
    GND1$1             1.973
    GND2$1             0.771
    GND3$1             0.424
    GND4$1            -0.565
    GND5$1             1.151
    GND6$1            -1.109

Latent Class Pattern 4 3

 Thresholds
    GND1$1             1.973
    GND2$1             0.771
    GND3$1             0.424
    GND4$1            -0.565
    GND5$1             1.151
    GND6$1            -1.109

Latent Class Pattern 4 4

 Thresholds
    GND1$1            10.977
    GND2$1             3.168
    GND3$1             4.993
    GND4$1             3.153
    GND5$1             3.904
    GND6$1             1.937

Latent Class Pattern 4 5

 Thresholds
    GND1$1            10.977
    GND2$1             3.168
    GND3$1             4.993
    GND4$1             3.153
    GND5$1             3.904
    GND6$1             1.937

Latent Class Pattern 4 6

 Thresholds
    GND1$1            10.977
    GND2$1             3.168
    GND3$1             4.993
    GND4$1             3.153
    GND5$1             3.904
    GND6$1             1.937

Latent Class Pattern 5 1

 Thresholds
    GND1$1             4.013
    GND2$1             3.636
    GND3$1             2.780
    GND4$1             2.195
    GND5$1             2.863
    GND6$1             1.832

Latent Class Pattern 5 2

 Thresholds
    GND1$1             4.013
    GND2$1             3.636
    GND3$1             2.780
    GND4$1             2.195
    GND5$1             2.863
    GND6$1             1.832

Latent Class Pattern 5 3

 Thresholds
    GND1$1             4.013
    GND2$1             3.636
    GND3$1             2.780
    GND4$1             2.195
    GND5$1             2.863
    GND6$1             1.832

Latent Class Pattern 5 4

 Thresholds
    GND1$1             4.013
    GND2$1             3.636
    GND3$1             2.780
    GND4$1             2.195
    GND5$1             2.863
    GND6$1             1.832

Latent Class Pattern 5 5

 Thresholds
    GND1$1             4.013
    GND2$1             3.636
    GND3$1             2.780
    GND4$1             2.195
    GND5$1             2.863
    GND6$1             1.832

Latent Class Pattern 5 6

 Thresholds
    GND1$1             4.013
    GND2$1             3.636
    GND3$1             2.780
    GND4$1             2.195
    GND5$1             2.863
    GND6$1             1.832

Latent Class Pattern 6 1

 Thresholds
    GND1$1             3.959
    GND2$1             3.526
    GND3$1             2.102
    GND4$1             1.966
    GND5$1             3.024
    GND6$1             1.438

Latent Class Pattern 6 2

 Thresholds
    GND1$1             3.959
    GND2$1             3.526
    GND3$1             2.102
    GND4$1             1.966
    GND5$1             3.024
    GND6$1             1.438

Latent Class Pattern 6 3

 Thresholds
    GND1$1             3.959
    GND2$1             3.526
    GND3$1             2.102
    GND4$1             1.966
    GND5$1             3.024
    GND6$1             1.438

Latent Class Pattern 6 4

 Thresholds
    GND1$1             3.959
    GND2$1             3.526
    GND3$1             2.102
    GND4$1             1.966
    GND5$1             3.024
    GND6$1             1.438

Latent Class Pattern 6 5

 Thresholds
    GND1$1             3.959
    GND2$1             3.526
    GND3$1             2.102
    GND4$1             1.966
    GND5$1             3.024
    GND6$1             1.438

Latent Class Pattern 6 6

 Thresholds
    GND1$1             3.959
    GND2$1             3.526
    GND3$1             2.102
    GND4$1             1.966
    GND5$1             3.024
    GND6$1             1.438

Latent Class Pattern 7 1

 Thresholds
    GND1$1             3.791
    GND2$1             3.295
    GND3$1             2.520
    GND4$1             1.438
    GND5$1             3.112
    GND6$1             1.608

Latent Class Pattern 7 2

 Thresholds
    GND1$1             3.791
    GND2$1             3.295
    GND3$1             2.520
    GND4$1             1.438
    GND5$1             3.112
    GND6$1             1.608

Latent Class Pattern 7 3

 Thresholds
    GND1$1             3.791
    GND2$1             3.295
    GND3$1             2.520
    GND4$1             1.438
    GND5$1             3.112
    GND6$1             1.608

Latent Class Pattern 7 4

 Thresholds
    GND1$1             3.791
    GND2$1             3.295
    GND3$1             2.520
    GND4$1             1.438
    GND5$1             3.112
    GND6$1             1.608

Latent Class Pattern 7 5

 Thresholds
    GND1$1             3.791
    GND2$1             3.295
    GND3$1             2.520
    GND4$1             1.438
    GND5$1             3.112
    GND6$1             1.608

Latent Class Pattern 7 6

 Thresholds
    GND1$1             3.791
    GND2$1             3.295
    GND3$1             2.520
    GND4$1             1.438
    GND5$1             3.112
    GND6$1             1.608

Latent Class Pattern 8 1

 Thresholds
    GND1$1             3.069
    GND2$1             2.407
    GND3$1             1.870
    GND4$1             1.054
    GND5$1             2.180
    GND6$1             0.890

Latent Class Pattern 8 2

 Thresholds
    GND1$1             3.069
    GND2$1             2.407
    GND3$1             1.870
    GND4$1             1.054
    GND5$1             2.180
    GND6$1             0.890

Latent Class Pattern 8 3

 Thresholds
    GND1$1             3.069
    GND2$1             2.407
    GND3$1             1.870
    GND4$1             1.054
    GND5$1             2.180
    GND6$1             0.890

Latent Class Pattern 8 4

 Thresholds
    GND1$1             3.069
    GND2$1             2.407
    GND3$1             1.870
    GND4$1             1.054
    GND5$1             2.180
    GND6$1             0.890

Latent Class Pattern 8 5

 Thresholds
    GND1$1             3.069
    GND2$1             2.407
    GND3$1             1.870
    GND4$1             1.054
    GND5$1             2.180
    GND6$1             0.890

Latent Class Pattern 8 6

 Thresholds
    GND1$1             3.069
    GND2$1             2.407
    GND3$1             1.870
    GND4$1             1.054
    GND5$1             2.180
    GND6$1             0.890

Latent Class Pattern 9 1

 Thresholds
    GND1$1             2.568
    GND2$1             1.545
    GND3$1             1.524
    GND4$1             0.886
    GND5$1             2.001
    GND6$1             0.790

Latent Class Pattern 9 2

 Thresholds
    GND1$1             2.568
    GND2$1             1.545
    GND3$1             1.524
    GND4$1             0.886
    GND5$1             2.001
    GND6$1             0.790

Latent Class Pattern 9 3

 Thresholds
    GND1$1             2.568
    GND2$1             1.545
    GND3$1             1.524
    GND4$1             0.886
    GND5$1             2.001
    GND6$1             0.790

Latent Class Pattern 9 4

 Thresholds
    GND1$1             2.568
    GND2$1             1.545
    GND3$1             1.524
    GND4$1             0.886
    GND5$1             2.001
    GND6$1             0.790

Latent Class Pattern 9 5

 Thresholds
    GND1$1             2.568
    GND2$1             1.545
    GND3$1             1.524
    GND4$1             0.886
    GND5$1             2.001
    GND6$1             0.790

Latent Class Pattern 9 6

 Thresholds
    GND1$1             2.568
    GND2$1             1.545
    GND3$1             1.524
    GND4$1             0.886
    GND5$1             2.001
    GND6$1             0.790

Latent Class Pattern 10 1

 Thresholds
    GND1$1             3.246
    GND2$1             2.521
    GND3$1             2.072
    GND4$1             1.564
    GND5$1             2.427
    GND6$1             1.300

Latent Class Pattern 10 2

 Thresholds
    GND1$1             3.246
    GND2$1             2.521
    GND3$1             2.072
    GND4$1             1.564
    GND5$1             2.427
    GND6$1             1.300

Latent Class Pattern 10 3

 Thresholds
    GND1$1             3.246
    GND2$1             2.521
    GND3$1             2.072
    GND4$1             1.564
    GND5$1             2.427
    GND6$1             1.300

Latent Class Pattern 10 4

 Thresholds
    GND1$1             3.246
    GND2$1             2.521
    GND3$1             2.072
    GND4$1             1.564
    GND5$1             2.427
    GND6$1             1.300

Latent Class Pattern 10 5

 Thresholds
    GND1$1             3.246
    GND2$1             2.521
    GND3$1             2.072
    GND4$1             1.564
    GND5$1             2.427
    GND6$1             1.300

Latent Class Pattern 10 6

 Thresholds
    GND1$1             3.246
    GND2$1             2.521
    GND3$1             2.072
    GND4$1             1.564
    GND5$1             2.427
    GND6$1             1.300

Latent Class Pattern 11 1

 Thresholds
    GND1$1             1.865
    GND2$1             1.562
    GND3$1             0.515
    GND4$1            -0.293
    GND5$1             1.349
    GND6$1            -0.324

Latent Class Pattern 11 2

 Thresholds
    GND1$1             1.865
    GND2$1             1.562
    GND3$1             0.515
    GND4$1            -0.293
    GND5$1             1.349
    GND6$1            -0.324

Latent Class Pattern 11 3

 Thresholds
    GND1$1             1.865
    GND2$1             1.562
    GND3$1             0.515
    GND4$1            -0.293
    GND5$1             1.349
    GND6$1            -0.324

Latent Class Pattern 11 4

 Thresholds
    GND1$1             6.238
    GND2$1             4.047
    GND3$1             7.891
    GND4$1             2.962
    GND5$1             3.657
    GND6$1             2.469

Latent Class Pattern 11 5

 Thresholds
    GND1$1             6.238
    GND2$1             4.047
    GND3$1             7.891
    GND4$1             2.962
    GND5$1             3.657
    GND6$1             2.469

Latent Class Pattern 11 6

 Thresholds
    GND1$1             6.238
    GND2$1             4.047
    GND3$1             7.891
    GND4$1             2.962
    GND5$1             3.657
    GND6$1             2.469

Latent Class Pattern 12 1

 Thresholds
    GND1$1             3.823
    GND2$1             3.580
    GND3$1             2.770
    GND4$1             2.371
    GND5$1             2.964
    GND6$1             2.018

Latent Class Pattern 12 2

 Thresholds
    GND1$1             3.823
    GND2$1             3.580
    GND3$1             2.770
    GND4$1             2.371
    GND5$1             2.964
    GND6$1             2.018

Latent Class Pattern 12 3

 Thresholds
    GND1$1             3.823
    GND2$1             3.580
    GND3$1             2.770
    GND4$1             2.371
    GND5$1             2.964
    GND6$1             2.018

Latent Class Pattern 12 4

 Thresholds
    GND1$1             3.823
    GND2$1             3.580
    GND3$1             2.770
    GND4$1             2.371
    GND5$1             2.964
    GND6$1             2.018

Latent Class Pattern 12 5

 Thresholds
    GND1$1             3.823
    GND2$1             3.580
    GND3$1             2.770
    GND4$1             2.371
    GND5$1             2.964
    GND6$1             2.018

Latent Class Pattern 12 6

 Thresholds
    GND1$1             3.823
    GND2$1             3.580
    GND3$1             2.770
    GND4$1             2.371
    GND5$1             2.964
    GND6$1             2.018

Latent Class Pattern 13 1

 Thresholds
    GND1$1             3.290
    GND2$1             2.935
    GND3$1             2.296
    GND4$1             1.760
    GND5$1             2.601
    GND6$1             1.315

Latent Class Pattern 13 2

 Thresholds
    GND1$1             3.290
    GND2$1             2.935
    GND3$1             2.296
    GND4$1             1.760
    GND5$1             2.601
    GND6$1             1.315

Latent Class Pattern 13 3

 Thresholds
    GND1$1             3.290
    GND2$1             2.935
    GND3$1             2.296
    GND4$1             1.760
    GND5$1             2.601
    GND6$1             1.315

Latent Class Pattern 13 4

 Thresholds
    GND1$1             3.290
    GND2$1             2.935
    GND3$1             2.296
    GND4$1             1.760
    GND5$1             2.601
    GND6$1             1.315

Latent Class Pattern 13 5

 Thresholds
    GND1$1             3.290
    GND2$1             2.935
    GND3$1             2.296
    GND4$1             1.760
    GND5$1             2.601
    GND6$1             1.315

Latent Class Pattern 13 6

 Thresholds
    GND1$1             3.290
    GND2$1             2.935
    GND3$1             2.296
    GND4$1             1.760
    GND5$1             2.601
    GND6$1             1.315

Latent Class Pattern 14 1

 Thresholds
    GND1$1             2.266
    GND2$1             1.833
    GND3$1             1.278
    GND4$1             0.274
    GND5$1             0.999
    GND6$1             0.005

Latent Class Pattern 14 2

 Thresholds
    GND1$1             2.266
    GND2$1             1.833
    GND3$1             1.278
    GND4$1             0.274
    GND5$1             0.999
    GND6$1             0.005

Latent Class Pattern 14 3

 Thresholds
    GND1$1             2.266
    GND2$1             1.833
    GND3$1             1.278
    GND4$1             0.274
    GND5$1             0.999
    GND6$1             0.005

Latent Class Pattern 14 4

 Thresholds
    GND1$1             2.266
    GND2$1             1.833
    GND3$1             1.278
    GND4$1             0.274
    GND5$1             0.999
    GND6$1             0.005

Latent Class Pattern 14 5

 Thresholds
    GND1$1             2.266
    GND2$1             1.833
    GND3$1             1.278
    GND4$1             0.274
    GND5$1             0.999
    GND6$1             0.005

Latent Class Pattern 14 6

 Thresholds
    GND1$1            15.000
    GND2$1            15.000
    GND3$1            15.000
    GND4$1            15.000
    GND5$1             8.873
    GND6$1            14.584

Categorical Latent Variables

 C#1      ON
    G#1                2.504
    G#2                2.956
    G#3                2.956
    G#4                1.677
    G#5                2.956
    G#6                2.956
    G#7                2.956
    G#8                2.956
    G#9                2.956
    G#10               2.956
    G#11               1.896
    G#12               2.956
    G#13               2.956

 C#2      ON
    G#1                2.956
    G#2                2.956
    G#3                2.956
    G#4                1.677
    G#5                2.956
    G#6                2.956
    G#7                2.956
    G#8                2.956
    G#9                2.956
    G#10               2.956
    G#11               1.896
    G#12               2.956
    G#13               2.956

 C#3      ON
    G#1                2.956
    G#2                2.956
    G#3                2.956
    G#4                1.677
    G#5                2.956
    G#6                2.956
    G#7                2.956
    G#8                2.956
    G#9                2.956
    G#10               2.956
    G#11               1.896
    G#12               2.956
    G#13               2.956

 C#4      ON
    G#1                2.956
    G#2                2.956
    G#3                2.956
    G#4                2.956
    G#5                2.956
    G#6                2.956
    G#7                2.956
    G#8                2.956
    G#9                2.956
    G#10               2.956
    G#11               2.956
    G#12               2.956
    G#13               2.956

 C#5      ON
    G#1                2.956
    G#2                2.956
    G#3                2.956
    G#4                2.956
    G#5                2.956
    G#6                2.956
    G#7                2.956
    G#8                2.956
    G#9                2.956
    G#10               2.956
    G#11               2.956
    G#12               2.956
    G#13               2.956

 Means
    G#1                0.019
    G#2                0.008
    G#3               -0.023
    G#4                0.019
    G#5                0.012
    G#6                0.017
    G#7                0.018
    G#8                0.018
    G#9                0.009
    G#10              -0.008
    G#11               0.011
    G#12              -0.004
    G#13               0.019
    C#1               -2.956
    C#2               -2.956
    C#3               -2.956
    C#4               -2.956
    C#5               -2.956


MODEL COMMAND WITH FINAL ESTIMATES USED AS STARTING VALUES

     %OVERALL%

     c#1 ON g#1*2.50369;
     c#1 ON g#2*2.95574;
     c#1 ON g#3*2.95574;
     c#1 ON g#4*1.67732;
     c#1 ON g#5*2.95574;
     c#1 ON g#6*2.95574;
     c#1 ON g#7*2.95574;
     c#1 ON g#8*2.95574;
     c#1 ON g#9*2.95574;
     c#1 ON g#10*2.95574;
     c#1 ON g#11*1.89626;
     c#1 ON g#12*2.95574;
     c#1 ON g#13*2.95574;
     c#2 ON g#1*2.95574;
     c#2 ON g#2*2.95574;
     c#2 ON g#3*2.95574;
     c#2 ON g#4*1.67732;
     c#2 ON g#5*2.95574;
     c#2 ON g#6*2.95574;
     c#2 ON g#7*2.95574;
     c#2 ON g#8*2.95574;
     c#2 ON g#9*2.95574;
     c#2 ON g#10*2.95574;
     c#2 ON g#11*1.89626;
     c#2 ON g#12*2.95574;
     c#2 ON g#13*2.95574;
     c#3 ON g#1*2.95574;
     c#3 ON g#2*2.95574;
     c#3 ON g#3*2.95574;
     c#3 ON g#4*1.67732;
     c#3 ON g#5*2.95574;
     c#3 ON g#6*2.95574;
     c#3 ON g#7*2.95574;
     c#3 ON g#8*2.95574;
     c#3 ON g#9*2.95574;
     c#3 ON g#10*2.95574;
     c#3 ON g#11*1.89626;
     c#3 ON g#12*2.95574;
     c#3 ON g#13*2.95574;
     c#4 ON g#1*2.95574;
     c#4 ON g#2*2.95574;
     c#4 ON g#3*2.95574;
     c#4 ON g#4*2.95574;
     c#4 ON g#5*2.95574;
     c#4 ON g#6*2.95574;
     c#4 ON g#7*2.95574;
     c#4 ON g#8*2.95574;
     c#4 ON g#9*2.95574;
     c#4 ON g#10*2.95574;
     c#4 ON g#11*2.95574;
     c#4 ON g#12*2.95574;
     c#4 ON g#13*2.95574;
     c#5 ON g#1*2.95574;
     c#5 ON g#2*2.95574;
     c#5 ON g#3*2.95574;
     c#5 ON g#4*2.95574;
     c#5 ON g#5*2.95574;
     c#5 ON g#6*2.95574;
     c#5 ON g#7*2.95574;
     c#5 ON g#8*2.95574;
     c#5 ON g#9*2.95574;
     c#5 ON g#10*2.95574;
     c#5 ON g#11*2.95574;
     c#5 ON g#12*2.95574;
     c#5 ON g#13*2.95574;

     [ g#1*0.01907 ];
     [ g#2*0.00764 ];
     [ g#3*-0.02268 ];
     [ g#4*0.01856 ];
     [ g#5*0.01184 ];
     [ g#6*0.01661 ];
     [ g#7*0.01837 ];
     [ g#8*0.01770 ];
     [ g#9*0.00892 ];
     [ g#10*-0.00816 ];
     [ g#11*0.01110 ];
     [ g#12*-0.00391 ];
     [ g#13*0.01907 ];
     [ c#1*-2.95574 ];
     [ c#2*-2.95574 ];
     [ c#3*-2.95574 ];
     [ c#4*-2.95574 ];
     [ c#5*-2.95574 ];

     %G#1.C#1%

     [ gnd1$1*2.63229 ];
     [ gnd2$1*1.47953 ];
     [ gnd3$1*0.37137 ];
     [ gnd4$1*-1.27968 ];
     [ gnd5$1*1.39086 ];
     [ gnd6$1*-0.76645 ];

     %G#1.C#2%

     [ gnd1$1*6.51836 ];
     [ gnd2$1*3.85192 ];
     [ gnd3$1*3.76048 ];
     [ gnd4$1*3.19890 ];
     [ gnd5$1*3.48270 ];
     [ gnd6$1*2.30784 ];

     %G#1.C#3%

     [ gnd1$1*6.51836 ];
     [ gnd2$1*3.85192 ];
     [ gnd3$1*3.76048 ];
     [ gnd4$1*3.19890 ];
     [ gnd5$1*3.48270 ];
     [ gnd6$1*2.30784 ];

     %G#1.C#4%

     [ gnd1$1*6.51836 ];
     [ gnd2$1*3.85192 ];
     [ gnd3$1*3.76048 ];
     [ gnd4$1*3.19890 ];
     [ gnd5$1*3.48270 ];
     [ gnd6$1*2.30784 ];

     %G#1.C#5%

     [ gnd1$1*6.51836 ];
     [ gnd2$1*3.85192 ];
     [ gnd3$1*3.76048 ];
     [ gnd4$1*3.19890 ];
     [ gnd5$1*3.48270 ];
     [ gnd6$1*2.30784 ];

     %G#1.C#6%

     [ gnd1$1*6.51836 ];
     [ gnd2$1*3.85192 ];
     [ gnd3$1*3.76048 ];
     [ gnd4$1*3.19890 ];
     [ gnd5$1*3.48270 ];
     [ gnd6$1*2.30784 ];

     %G#2.C#1%

     [ gnd1$1*2.58517 ];
     [ gnd2$1*2.02623 ];
     [ gnd3$1*0.97283 ];
     [ gnd4$1*0.52864 ];
     [ gnd5$1*1.97006 ];
     [ gnd6$1*0.38256 ];

     %G#2.C#2%

     [ gnd1$1*2.58517 ];
     [ gnd2$1*2.02623 ];
     [ gnd3$1*0.97283 ];
     [ gnd4$1*0.52864 ];
     [ gnd5$1*1.97006 ];
     [ gnd6$1*0.38256 ];

     %G#2.C#3%

     [ gnd1$1*2.58517 ];
     [ gnd2$1*2.02623 ];
     [ gnd3$1*0.97283 ];
     [ gnd4$1*0.52864 ];
     [ gnd5$1*1.97006 ];
     [ gnd6$1*0.38256 ];

     %G#2.C#4%

     [ gnd1$1*2.58517 ];
     [ gnd2$1*2.02623 ];
     [ gnd3$1*0.97283 ];
     [ gnd4$1*0.52864 ];
     [ gnd5$1*1.97006 ];
     [ gnd6$1*0.38256 ];

     %G#2.C#5%

     [ gnd1$1*2.58517 ];
     [ gnd2$1*2.02623 ];
     [ gnd3$1*0.97283 ];
     [ gnd4$1*0.52864 ];
     [ gnd5$1*1.97006 ];
     [ gnd6$1*0.38256 ];

     %G#2.C#6%

     [ gnd1$1*2.58517 ];
     [ gnd2$1*2.02623 ];
     [ gnd3$1*0.97283 ];
     [ gnd4$1*0.52864 ];
     [ gnd5$1*1.97006 ];
     [ gnd6$1*0.38256 ];

     %G#3.C#1%

     [ gnd1$1*4.02428 ];
     [ gnd2$1*3.44014 ];
     [ gnd3$1*3.30613 ];
     [ gnd4$1*2.51526 ];
     [ gnd5$1*2.70950 ];
     [ gnd6$1*2.09488 ];

     %G#3.C#2%

     [ gnd1$1*4.02428 ];
     [ gnd2$1*3.44014 ];
     [ gnd3$1*3.30613 ];
     [ gnd4$1*2.51526 ];
     [ gnd5$1*2.70950 ];
     [ gnd6$1*2.09488 ];

     %G#3.C#3%

     [ gnd1$1*4.02428 ];
     [ gnd2$1*3.44014 ];
     [ gnd3$1*3.30613 ];
     [ gnd4$1*2.51526 ];
     [ gnd5$1*2.70950 ];
     [ gnd6$1*2.09488 ];

     %G#3.C#4%

     [ gnd1$1*4.02428 ];
     [ gnd2$1*3.44014 ];
     [ gnd3$1*3.30613 ];
     [ gnd4$1*2.51526 ];
     [ gnd5$1*2.70950 ];
     [ gnd6$1*2.09488 ];

     %G#3.C#5%

     [ gnd1$1*4.02428 ];
     [ gnd2$1*3.44014 ];
     [ gnd3$1*3.30613 ];
     [ gnd4$1*2.51526 ];
     [ gnd5$1*2.70950 ];
     [ gnd6$1*2.09488 ];

     %G#3.C#6%

     [ gnd1$1*4.02428 ];
     [ gnd2$1*3.44014 ];
     [ gnd3$1*3.30613 ];
     [ gnd4$1*2.51526 ];
     [ gnd5$1*2.70950 ];
     [ gnd6$1*2.09488 ];

     %G#4.C#1%

     [ gnd1$1*1.97253 ];
     [ gnd2$1*0.77078 ];
     [ gnd3$1*0.42359 ];
     [ gnd4$1*-0.56451 ];
     [ gnd5$1*1.15056 ];
     [ gnd6$1*-1.10862 ];

     %G#4.C#2%

     [ gnd1$1*1.97253 ];
     [ gnd2$1*0.77078 ];
     [ gnd3$1*0.42359 ];
     [ gnd4$1*-0.56451 ];
     [ gnd5$1*1.15056 ];
     [ gnd6$1*-1.10862 ];

     %G#4.C#3%

     [ gnd1$1*1.97253 ];
     [ gnd2$1*0.77078 ];
     [ gnd3$1*0.42359 ];
     [ gnd4$1*-0.56451 ];
     [ gnd5$1*1.15056 ];
     [ gnd6$1*-1.10862 ];

     %G#4.C#4%

     [ gnd1$1*10.97677 ];
     [ gnd2$1*3.16814 ];
     [ gnd3$1*4.99349 ];
     [ gnd4$1*3.15340 ];
     [ gnd5$1*3.90432 ];
     [ gnd6$1*1.93651 ];

     %G#4.C#5%

     [ gnd1$1*10.97677 ];
     [ gnd2$1*3.16814 ];
     [ gnd3$1*4.99349 ];
     [ gnd4$1*3.15340 ];
     [ gnd5$1*3.90432 ];
     [ gnd6$1*1.93651 ];

     %G#4.C#6%

     [ gnd1$1*10.97677 ];
     [ gnd2$1*3.16814 ];
     [ gnd3$1*4.99349 ];
     [ gnd4$1*3.15340 ];
     [ gnd5$1*3.90432 ];
     [ gnd6$1*1.93651 ];

     %G#5.C#1%

     [ gnd1$1*4.01255 ];
     [ gnd2$1*3.63650 ];
     [ gnd3$1*2.77972 ];
     [ gnd4$1*2.19522 ];
     [ gnd5$1*2.86335 ];
     [ gnd6$1*1.83238 ];

     %G#5.C#2%

     [ gnd1$1*4.01255 ];
     [ gnd2$1*3.63650 ];
     [ gnd3$1*2.77972 ];
     [ gnd4$1*2.19522 ];
     [ gnd5$1*2.86335 ];
     [ gnd6$1*1.83238 ];

     %G#5.C#3%

     [ gnd1$1*4.01255 ];
     [ gnd2$1*3.63650 ];
     [ gnd3$1*2.77972 ];
     [ gnd4$1*2.19522 ];
     [ gnd5$1*2.86335 ];
     [ gnd6$1*1.83238 ];

     %G#5.C#4%

     [ gnd1$1*4.01255 ];
     [ gnd2$1*3.63650 ];
     [ gnd3$1*2.77972 ];
     [ gnd4$1*2.19522 ];
     [ gnd5$1*2.86335 ];
     [ gnd6$1*1.83238 ];

     %G#5.C#5%

     [ gnd1$1*4.01255 ];
     [ gnd2$1*3.63650 ];
     [ gnd3$1*2.77972 ];
     [ gnd4$1*2.19522 ];
     [ gnd5$1*2.86335 ];
     [ gnd6$1*1.83238 ];

     %G#5.C#6%

     [ gnd1$1*4.01255 ];
     [ gnd2$1*3.63650 ];
     [ gnd3$1*2.77972 ];
     [ gnd4$1*2.19522 ];
     [ gnd5$1*2.86335 ];
     [ gnd6$1*1.83238 ];

     %G#6.C#1%

     [ gnd1$1*3.95887 ];
     [ gnd2$1*3.52620 ];
     [ gnd3$1*2.10224 ];
     [ gnd4$1*1.96628 ];
     [ gnd5$1*3.02426 ];
     [ gnd6$1*1.43752 ];

     %G#6.C#2%

     [ gnd1$1*3.95887 ];
     [ gnd2$1*3.52620 ];
     [ gnd3$1*2.10224 ];
     [ gnd4$1*1.96628 ];
     [ gnd5$1*3.02426 ];
     [ gnd6$1*1.43752 ];

     %G#6.C#3%

     [ gnd1$1*3.95887 ];
     [ gnd2$1*3.52620 ];
     [ gnd3$1*2.10224 ];
     [ gnd4$1*1.96628 ];
     [ gnd5$1*3.02426 ];
     [ gnd6$1*1.43752 ];

     %G#6.C#4%

     [ gnd1$1*3.95887 ];
     [ gnd2$1*3.52620 ];
     [ gnd3$1*2.10224 ];
     [ gnd4$1*1.96628 ];
     [ gnd5$1*3.02426 ];
     [ gnd6$1*1.43752 ];

     %G#6.C#5%

     [ gnd1$1*3.95887 ];
     [ gnd2$1*3.52620 ];
     [ gnd3$1*2.10224 ];
     [ gnd4$1*1.96628 ];
     [ gnd5$1*3.02426 ];
     [ gnd6$1*1.43752 ];

     %G#6.C#6%

     [ gnd1$1*3.95887 ];
     [ gnd2$1*3.52620 ];
     [ gnd3$1*2.10224 ];
     [ gnd4$1*1.96628 ];
     [ gnd5$1*3.02426 ];
     [ gnd6$1*1.43752 ];

     %G#7.C#1%

     [ gnd1$1*3.79104 ];
     [ gnd2$1*3.29453 ];
     [ gnd3$1*2.51976 ];
     [ gnd4$1*1.43764 ];
     [ gnd5$1*3.11154 ];
     [ gnd6$1*1.60770 ];

     %G#7.C#2%

     [ gnd1$1*3.79104 ];
     [ gnd2$1*3.29453 ];
     [ gnd3$1*2.51976 ];
     [ gnd4$1*1.43764 ];
     [ gnd5$1*3.11154 ];
     [ gnd6$1*1.60770 ];

     %G#7.C#3%

     [ gnd1$1*3.79104 ];
     [ gnd2$1*3.29453 ];
     [ gnd3$1*2.51976 ];
     [ gnd4$1*1.43764 ];
     [ gnd5$1*3.11154 ];
     [ gnd6$1*1.60770 ];

     %G#7.C#4%

     [ gnd1$1*3.79104 ];
     [ gnd2$1*3.29453 ];
     [ gnd3$1*2.51976 ];
     [ gnd4$1*1.43764 ];
     [ gnd5$1*3.11154 ];
     [ gnd6$1*1.60770 ];

     %G#7.C#5%

     [ gnd1$1*3.79104 ];
     [ gnd2$1*3.29453 ];
     [ gnd3$1*2.51976 ];
     [ gnd4$1*1.43764 ];
     [ gnd5$1*3.11154 ];
     [ gnd6$1*1.60770 ];

     %G#7.C#6%

     [ gnd1$1*3.79104 ];
     [ gnd2$1*3.29453 ];
     [ gnd3$1*2.51976 ];
     [ gnd4$1*1.43764 ];
     [ gnd5$1*3.11154 ];
     [ gnd6$1*1.60770 ];

     %G#8.C#1%

     [ gnd1$1*3.06885 ];
     [ gnd2$1*2.40718 ];
     [ gnd3$1*1.87022 ];
     [ gnd4$1*1.05368 ];
     [ gnd5$1*2.18003 ];
     [ gnd6$1*0.89035 ];

     %G#8.C#2%

     [ gnd1$1*3.06885 ];
     [ gnd2$1*2.40718 ];
     [ gnd3$1*1.87022 ];
     [ gnd4$1*1.05368 ];
     [ gnd5$1*2.18003 ];
     [ gnd6$1*0.89035 ];

     %G#8.C#3%

     [ gnd1$1*3.06885 ];
     [ gnd2$1*2.40718 ];
     [ gnd3$1*1.87022 ];
     [ gnd4$1*1.05368 ];
     [ gnd5$1*2.18003 ];
     [ gnd6$1*0.89035 ];

     %G#8.C#4%

     [ gnd1$1*3.06885 ];
     [ gnd2$1*2.40718 ];
     [ gnd3$1*1.87022 ];
     [ gnd4$1*1.05368 ];
     [ gnd5$1*2.18003 ];
     [ gnd6$1*0.89035 ];

     %G#8.C#5%

     [ gnd1$1*3.06885 ];
     [ gnd2$1*2.40718 ];
     [ gnd3$1*1.87022 ];
     [ gnd4$1*1.05368 ];
     [ gnd5$1*2.18003 ];
     [ gnd6$1*0.89035 ];

     %G#8.C#6%

     [ gnd1$1*3.06885 ];
     [ gnd2$1*2.40718 ];
     [ gnd3$1*1.87022 ];
     [ gnd4$1*1.05368 ];
     [ gnd5$1*2.18003 ];
     [ gnd6$1*0.89035 ];

     %G#9.C#1%

     [ gnd1$1*2.56783 ];
     [ gnd2$1*1.54452 ];
     [ gnd3$1*1.52427 ];
     [ gnd4$1*0.88617 ];
     [ gnd5$1*2.00089 ];
     [ gnd6$1*0.79041 ];

     %G#9.C#2%

     [ gnd1$1*2.56783 ];
     [ gnd2$1*1.54452 ];
     [ gnd3$1*1.52427 ];
     [ gnd4$1*0.88617 ];
     [ gnd5$1*2.00089 ];
     [ gnd6$1*0.79041 ];

     %G#9.C#3%

     [ gnd1$1*2.56783 ];
     [ gnd2$1*1.54452 ];
     [ gnd3$1*1.52427 ];
     [ gnd4$1*0.88617 ];
     [ gnd5$1*2.00089 ];
     [ gnd6$1*0.79041 ];

     %G#9.C#4%

     [ gnd1$1*2.56783 ];
     [ gnd2$1*1.54452 ];
     [ gnd3$1*1.52427 ];
     [ gnd4$1*0.88617 ];
     [ gnd5$1*2.00089 ];
     [ gnd6$1*0.79041 ];

     %G#9.C#5%

     [ gnd1$1*2.56783 ];
     [ gnd2$1*1.54452 ];
     [ gnd3$1*1.52427 ];
     [ gnd4$1*0.88617 ];
     [ gnd5$1*2.00089 ];
     [ gnd6$1*0.79041 ];

     %G#9.C#6%

     [ gnd1$1*2.56783 ];
     [ gnd2$1*1.54452 ];
     [ gnd3$1*1.52427 ];
     [ gnd4$1*0.88617 ];
     [ gnd5$1*2.00089 ];
     [ gnd6$1*0.79041 ];

     %G#10.C#1%

     [ gnd1$1*3.24596 ];
     [ gnd2$1*2.52076 ];
     [ gnd3$1*2.07194 ];
     [ gnd4$1*1.56376 ];
     [ gnd5$1*2.42672 ];
     [ gnd6$1*1.29991 ];

     %G#10.C#2%

     [ gnd1$1*3.24596 ];
     [ gnd2$1*2.52076 ];
     [ gnd3$1*2.07194 ];
     [ gnd4$1*1.56376 ];
     [ gnd5$1*2.42672 ];
     [ gnd6$1*1.29991 ];

     %G#10.C#3%

     [ gnd1$1*3.24596 ];
     [ gnd2$1*2.52076 ];
     [ gnd3$1*2.07194 ];
     [ gnd4$1*1.56376 ];
     [ gnd5$1*2.42672 ];
     [ gnd6$1*1.29991 ];

     %G#10.C#4%

     [ gnd1$1*3.24596 ];
     [ gnd2$1*2.52076 ];
     [ gnd3$1*2.07194 ];
     [ gnd4$1*1.56376 ];
     [ gnd5$1*2.42672 ];
     [ gnd6$1*1.29991 ];

     %G#10.C#5%

     [ gnd1$1*3.24596 ];
     [ gnd2$1*2.52076 ];
     [ gnd3$1*2.07194 ];
     [ gnd4$1*1.56376 ];
     [ gnd5$1*2.42672 ];
     [ gnd6$1*1.29991 ];

     %G#10.C#6%

     [ gnd1$1*3.24596 ];
     [ gnd2$1*2.52076 ];
     [ gnd3$1*2.07194 ];
     [ gnd4$1*1.56376 ];
     [ gnd5$1*2.42672 ];
     [ gnd6$1*1.29991 ];

     %G#11.C#1%

     [ gnd1$1*1.86546 ];
     [ gnd2$1*1.56188 ];
     [ gnd3$1*0.51499 ];
     [ gnd4$1*-0.29322 ];
     [ gnd5$1*1.34851 ];
     [ gnd6$1*-0.32399 ];

     %G#11.C#2%

     [ gnd1$1*1.86546 ];
     [ gnd2$1*1.56188 ];
     [ gnd3$1*0.51499 ];
     [ gnd4$1*-0.29322 ];
     [ gnd5$1*1.34851 ];
     [ gnd6$1*-0.32399 ];

     %G#11.C#3%

     [ gnd1$1*1.86546 ];
     [ gnd2$1*1.56188 ];
     [ gnd3$1*0.51499 ];
     [ gnd4$1*-0.29322 ];
     [ gnd5$1*1.34851 ];
     [ gnd6$1*-0.32399 ];

     %G#11.C#4%

     [ gnd1$1*6.23757 ];
     [ gnd2$1*4.04661 ];
     [ gnd3$1*7.89146 ];
     [ gnd4$1*2.96248 ];
     [ gnd5$1*3.65744 ];
     [ gnd6$1*2.46921 ];

     %G#11.C#5%

     [ gnd1$1*6.23757 ];
     [ gnd2$1*4.04661 ];
     [ gnd3$1*7.89146 ];
     [ gnd4$1*2.96248 ];
     [ gnd5$1*3.65744 ];
     [ gnd6$1*2.46921 ];

     %G#11.C#6%

     [ gnd1$1*6.23757 ];
     [ gnd2$1*4.04661 ];
     [ gnd3$1*7.89146 ];
     [ gnd4$1*2.96248 ];
     [ gnd5$1*3.65744 ];
     [ gnd6$1*2.46921 ];

     %G#12.C#1%

     [ gnd1$1*3.82345 ];
     [ gnd2$1*3.57969 ];
     [ gnd3$1*2.77049 ];
     [ gnd4$1*2.37125 ];
     [ gnd5$1*2.96404 ];
     [ gnd6$1*2.01765 ];

     %G#12.C#2%

     [ gnd1$1*3.82345 ];
     [ gnd2$1*3.57969 ];
     [ gnd3$1*2.77049 ];
     [ gnd4$1*2.37125 ];
     [ gnd5$1*2.96404 ];
     [ gnd6$1*2.01765 ];

     %G#12.C#3%

     [ gnd1$1*3.82345 ];
     [ gnd2$1*3.57969 ];
     [ gnd3$1*2.77049 ];
     [ gnd4$1*2.37125 ];
     [ gnd5$1*2.96404 ];
     [ gnd6$1*2.01765 ];

     %G#12.C#4%

     [ gnd1$1*3.82345 ];
     [ gnd2$1*3.57969 ];
     [ gnd3$1*2.77049 ];
     [ gnd4$1*2.37125 ];
     [ gnd5$1*2.96404 ];
     [ gnd6$1*2.01765 ];

     %G#12.C#5%

     [ gnd1$1*3.82345 ];
     [ gnd2$1*3.57969 ];
     [ gnd3$1*2.77049 ];
     [ gnd4$1*2.37125 ];
     [ gnd5$1*2.96404 ];
     [ gnd6$1*2.01765 ];

     %G#12.C#6%

     [ gnd1$1*3.82345 ];
     [ gnd2$1*3.57969 ];
     [ gnd3$1*2.77049 ];
     [ gnd4$1*2.37125 ];
     [ gnd5$1*2.96404 ];
     [ gnd6$1*2.01765 ];

     %G#13.C#1%

     [ gnd1$1*3.29049 ];
     [ gnd2$1*2.93543 ];
     [ gnd3$1*2.29619 ];
     [ gnd4$1*1.76047 ];
     [ gnd5$1*2.60121 ];
     [ gnd6$1*1.31464 ];

     %G#13.C#2%

     [ gnd1$1*3.29049 ];
     [ gnd2$1*2.93543 ];
     [ gnd3$1*2.29619 ];
     [ gnd4$1*1.76047 ];
     [ gnd5$1*2.60121 ];
     [ gnd6$1*1.31464 ];

     %G#13.C#3%

     [ gnd1$1*3.29049 ];
     [ gnd2$1*2.93543 ];
     [ gnd3$1*2.29619 ];
     [ gnd4$1*1.76047 ];
     [ gnd5$1*2.60121 ];
     [ gnd6$1*1.31464 ];

     %G#13.C#4%

     [ gnd1$1*3.29049 ];
     [ gnd2$1*2.93543 ];
     [ gnd3$1*2.29619 ];
     [ gnd4$1*1.76047 ];
     [ gnd5$1*2.60121 ];
     [ gnd6$1*1.31464 ];

     %G#13.C#5%

     [ gnd1$1*3.29049 ];
     [ gnd2$1*2.93543 ];
     [ gnd3$1*2.29619 ];
     [ gnd4$1*1.76047 ];
     [ gnd5$1*2.60121 ];
     [ gnd6$1*1.31464 ];

     %G#13.C#6%

     [ gnd1$1*3.29049 ];
     [ gnd2$1*2.93543 ];
     [ gnd3$1*2.29619 ];
     [ gnd4$1*1.76047 ];
     [ gnd5$1*2.60121 ];
     [ gnd6$1*1.31464 ];

     %G#14.C#1%

     [ gnd1$1*2.26585 ];
     [ gnd2$1*1.83301 ];
     [ gnd3$1*1.27788 ];
     [ gnd4$1*0.27392 ];
     [ gnd5$1*0.99907 ];
     [ gnd6$1*0.00541 ];

     %G#14.C#2%

     [ gnd1$1*2.26585 ];
     [ gnd2$1*1.83301 ];
     [ gnd3$1*1.27788 ];
     [ gnd4$1*0.27392 ];
     [ gnd5$1*0.99907 ];
     [ gnd6$1*0.00541 ];

     %G#14.C#3%

     [ gnd1$1*2.26585 ];
     [ gnd2$1*1.83301 ];
     [ gnd3$1*1.27788 ];
     [ gnd4$1*0.27392 ];
     [ gnd5$1*0.99907 ];
     [ gnd6$1*0.00541 ];

     %G#14.C#4%

     [ gnd1$1*2.26585 ];
     [ gnd2$1*1.83301 ];
     [ gnd3$1*1.27788 ];
     [ gnd4$1*0.27392 ];
     [ gnd5$1*0.99907 ];
     [ gnd6$1*0.00541 ];

     %G#14.C#5%

     [ gnd1$1*2.26585 ];
     [ gnd2$1*1.83301 ];
     [ gnd3$1*1.27788 ];
     [ gnd4$1*0.27392 ];
     [ gnd5$1*0.99907 ];
     [ gnd6$1*0.00541 ];

     %G#14.C#6%

     [ gnd1$1*15 ];
     [ gnd2$1*15 ];
     [ gnd3$1*15 ];
     [ gnd4$1*15 ];
     [ gnd5$1*8.87337 ];
     [ gnd6$1*14.58428 ];



TECHNICAL 10 OUTPUT


SAVEDATA INFORMATION

     Class probabilities were not computed.
     No data were saved.


     Beginning Time:  15:02:08
        Ending Time:  23:30:11
       Elapsed Time:  08:28:03



MUTHEN & MUTHEN
3463 Stoner Ave.
Los Angeles, CA  90066

Tel: (310) 391-9971
Fax: (310) 391-8971
Web: www.StatModel.com
Support: Support@StatModel.com

Copyright (c) 1998-2020 Muthen & Muthen
