Mplus VERSION 8.5 (Mac)
MUTHEN & MUTHEN
03/31/2021   7:26 PM

INPUT INSTRUCTIONS

  TITLE: LCA C3 ETH with 6 classes;
  DATA:
  FILE = ETH_Dta_C3.dat;

  VARIABLE:
  NAMES = id_i
  id_j
  id_r
  id_s
  id_k
  wt
  ws
  ETH1
  ETH2
  ETH3
  ETH4
  ETH5
  IDSTUD;
  IDVARIABLE = IDSTUD;
  USEVARIABLES = ETH1
  ETH2
  ETH3
  ETH4
  ETH5;
  CATEGORICAL = ETH1
  ETH2
  ETH3
  ETH4
  ETH5;
  MISSING = .;
  CLASSES = c(6);
  WEIGHT = ws;
  STRATIFICATION = id_s;
  CLUSTER = id_j;

  ANALYSIS:
  TYPE = COMPLEX MIXTURE;
  PROCESSORS = 4;
  STARTS = 100 50;
  STITERATIONS = 5;
  STSEED = 288;

  OUTPUT:
  TECH10
  TECH11
  TECH14;
  SVALUES
  ;

  SAVEDATA:
  FILE = ETH_Prob_C3cl6.dat;
  SAVE = CPROBABILITIES;



*** WARNING in OUTPUT command
  TECH14 option is not available for TYPE=MIXTURE COMPLEX.
  Request for TECH14 is ignored.
*** WARNING
  Data set contains cases with missing on all variables.
  These cases were not included in the analysis.
  Number of cases with missing on all variables:  1211
   2 WARNING(S) FOUND IN THE INPUT INSTRUCTIONS



LCA C3 ETH with 6 classes;

SUMMARY OF ANALYSIS

Number of groups                                                 1
Number of observations                                       50126

Number of dependent variables                                    5
Number of independent variables                                  0
Number of continuous latent variables                            0
Number of categorical latent variables                           1

Observed dependent variables

  Binary and ordered categorical (ordinal)
   ETH1        ETH2        ETH3        ETH4        ETH5

Categorical latent variables
   C

Variables with special functions

  Stratification        ID_S
  Cluster variable      ID_J
  Weight variable       WS
  ID variable           IDSTUD

Estimator                                                      MLR
Information matrix                                        OBSERVED
Optimization Specifications for the Quasi-Newton Algorithm for
Continuous Outcomes
  Maximum number of iterations                                 100
  Convergence criterion                                  0.100D-05
Optimization Specifications for the EM Algorithm
  Maximum number of iterations                                 500
  Convergence criteria
    Loglikelihood change                                 0.100D-06
    Relative loglikelihood change                        0.100D-06
    Derivative                                           0.100D-05
Optimization Specifications for the M step of the EM Algorithm for
Categorical Latent variables
  Number of M step iterations                                    1
  M step convergence criterion                           0.100D-05
  Basis for M step termination                           ITERATION
Optimization Specifications for the M step of the EM Algorithm for
Censored, Binary or Ordered Categorical (Ordinal), Unordered
Categorical (Nominal) and Count Outcomes
  Number of M step iterations                                    1
  M step convergence criterion                           0.100D-05
  Basis for M step termination                           ITERATION
  Maximum value for logit thresholds                            15
  Minimum value for logit thresholds                           -15
  Minimum expected cell size for chi-square              0.100D-01
Maximum number of iterations for H1                           2000
Convergence criterion for H1                             0.100D-03
Optimization algorithm                                         EMA
Random Starts Specifications
  Number of initial stage random starts                        100
  Number of final stage optimizations                           50
  Number of initial stage iterations                             5
  Initial stage convergence criterion                    0.100D+01
  Random starts scale                                    0.500D+01
  Random seed for generating random starts                     288
Link                                                         LOGIT

Input data file(s)
  ETH_Dta_C3.dat
Input data format  FREE


SUMMARY OF DATA

     Number of missing data patterns            31
     Number of y missing data patterns           0
     Number of u missing data patterns          31
     Number of strata                         1034
     Number of clusters                       2881


COVARIANCE COVERAGE OF DATA

Minimum covariance coverage value   0.100


     PROPORTION OF DATA PRESENT FOR U


           Covariance Coverage
              ETH1          ETH2          ETH3          ETH4          ETH5
              ________      ________      ________      ________      ________
 ETH1           0.996
 ETH2           0.993         0.995
 ETH3           0.990         0.990         0.993
 ETH4           0.988         0.987         0.986         0.990
 ETH5           0.993         0.992         0.990         0.988         0.995


UNIVARIATE PROPORTIONS AND COUNTS FOR CATEGORICAL VARIABLES

    ETH1
      Category 1    0.952        47535.265
      Category 2    0.048         2420.568
    ETH2
      Category 1    0.928        46282.468
      Category 2    0.072         3603.870
    ETH3
      Category 1    0.914        45497.783
      Category 2    0.086         4286.547
    ETH4
      Category 1    0.730        36240.859
      Category 2    0.270        13406.906
    ETH5
      Category 1    0.923        46080.525
      Category 2    0.077         3820.589


RANDOM STARTS RESULTS RANKED FROM THE BEST TO THE WORST LOGLIKELIHOOD VALUES

Final stage loglikelihood values at local maxima, seeds, and initial stage start numbers:

          -68753.947  323102           100
          -68753.963  718445           89
          -68754.015  3314             35
          -68754.128  862516           26
          -68754.193  514978           7
          -68754.234  339904           18
          -68754.301  219014           75
          -68754.413  241342           73
          -68754.579  692367           5
          -68754.676  445592           47
          -68754.837  609201           3
          -68754.965  504083           19
          -68755.013  933052           57
          -68755.013  996880           39
          -68755.022  838965           95
          -68755.056  210588           50
          -68755.062  902664           49
          -68755.082  578065           8
          -68755.112  909049           41
          -68755.251  90128            72
          -68755.305  199816           11
          -68756.091  468408           60
          -68756.469  808818           46
          -68758.130  704750           1
          -68758.308  316890           37
          -68759.492  426635           9
          -68762.234  682993           4
          -68771.870  191045           25
          -68774.027  615751           16

21 perturbed starting value run(s) did not converge or were rejected in the third stage.



THE BEST LOGLIKELIHOOD VALUE HAS BEEN REPLICATED.  RERUN WITH AT LEAST TWICE THE
RANDOM STARTS TO CHECK THAT THE BEST LOGLIKELIHOOD IS STILL OBTAINED AND REPLICATED.

     IN THE OPTIMIZATION, ONE OR MORE LOGIT THRESHOLDS APPROACHED EXTREME VALUES
     OF -15.000 AND 15.000 AND WERE FIXED TO STABILIZE MODEL ESTIMATION.  THESE
     VALUES IMPLY PROBABILITIES OF 0 AND 1.  IN THE MODEL RESULTS SECTION, THESE
     PARAMETERS HAVE 0 STANDARD ERRORS AND 999 IN THE Z-SCORE AND P-VALUE COLUMNS.


     WARNING:  THE VARIANCE CONTRIBUTION FROM A STRATUM WITH A SINGLE CLUSTER
     (PSU) IS BASED ON THE DIFFERENCE BETWEEN THE SINGLE CLUSTER VALUE AND
     THE OVERALL CLUSTER MEAN.




THE MODEL ESTIMATION TERMINATED NORMALLY



MODEL FIT INFORMATION

Number of Free Parameters                       35

Loglikelihood

          H0 Value                      -68753.947
          H0 Scaling Correction Factor      1.3126
            for MLR

Information Criteria

          Akaike (AIC)                  137577.894
          Bayesian (BIC)                137886.675
          Sample-Size Adjusted BIC      137775.444
            (n* = (n + 2) / 24)

Chi-Square Test of Model Fit for the Binary and Ordered Categorical
(Ordinal) Outcomes

          Pearson Chi-Square

          Value                              0.000
          Degrees of freedom cannot be computed for this model part.

          Likelihood Ratio Chi-Square

          Value                              0.091
          Degrees of freedom cannot be computed for this model part.

Chi-Square Test for MCAR under the Unrestricted Latent Class Indicator Model

          Pearson Chi-Square

          Value                            499.948
          Degrees of Freedom                   180
          P-Value                           0.0000

          Likelihood Ratio Chi-Square

          Value                            267.168
          Degrees of Freedom                   180
          P-Value                           0.0000



FINAL CLASS COUNTS AND PROPORTIONS FOR THE LATENT CLASSES
BASED ON THE ESTIMATED MODEL

    Latent
   Classes

       1      39510.70832          0.78823
       2        978.07336          0.01951
       3       4219.74252          0.08418
       4       1414.79584          0.02822
       5        504.74638          0.01007
       6       3497.93359          0.06978


FINAL CLASS COUNTS AND PROPORTIONS FOR THE LATENT CLASSES
BASED ON ESTIMATED POSTERIOR PROBABILITIES

    Latent
   Classes

       1      39510.70832          0.78823
       2        978.07336          0.01951
       3       4219.74252          0.08418
       4       1414.79584          0.02822
       5        504.74638          0.01007
       6       3497.93359          0.06978


FINAL CLASS COUNTS AND PROPORTIONS FOR THE LATENT CLASSES
BASED ON THEIR MOST LIKELY LATENT CLASS MEMBERSHIP

Class Counts and Proportions

    Latent
   Classes

       1            43447          0.86675
       2             1064          0.02122
       3             2197          0.04383
       4              701          0.01398
       5              355          0.00708
       6             2363          0.04714


CLASSIFICATION QUALITY

     Entropy                         0.808


Average Latent Class Probabilities for Most Likely Latent Class Membership (Row)
by Latent Class (Column)

           1        2        3        4        5        6

    1   0.904    0.000    0.063    0.011    0.002    0.020
    2   0.000    0.855    0.000    0.006    0.000    0.138
    3   0.092    0.001    0.670    0.007    0.049    0.181
    4   0.000    0.001    0.000    0.575    0.000    0.424
    5   0.024    0.000    0.042    0.000    0.669    0.265
    6   0.016    0.028    0.006    0.215    0.022    0.712


Classification Probabilities for the Most Likely Latent Class Membership (Column)
by Latent Class (Row)

           1        2        3        4        5        6

    1   0.994    0.000    0.005    0.000    0.000    0.001
    2   0.000    0.930    0.001    0.000    0.000    0.068
    3   0.644    0.000    0.349    0.000    0.004    0.004
    4   0.341    0.004    0.011    0.285    0.000    0.359
    5   0.210    0.001    0.214    0.000    0.471    0.105
    6   0.251    0.042    0.114    0.085    0.027    0.481


Logits for the Classification Probabilities for the Most Likely Latent Class Membership (Column)
by Latent Class (Row)

              1        2        3        4        5        6

    1      6.961   -4.401    1.696   -6.848   -1.482    0.000
    2     -5.799    2.612   -3.982   -5.152   -8.376    0.000
    3      5.194   -4.385    4.581   -8.181   -0.011    0.000
    4     -0.053   -4.416   -3.529   -0.232  -12.792    0.000
    5      0.695   -5.093    0.715  -11.559    1.502    0.000
    6     -0.649   -2.438   -1.443   -1.734   -2.885    0.000


MODEL RESULTS

                                                    Two-Tailed
                    Estimate       S.E.  Est./S.E.    P-Value

Latent Class 1

 Thresholds
    ETH1$1             5.314      0.200     26.575      0.000
    ETH2$1            15.000      0.000    999.000    999.000
    ETH3$1             3.832      2.382      1.609      0.108
    ETH4$1             1.756      0.180      9.763      0.000
    ETH5$1             4.412      2.608      1.692      0.091

Latent Class 2

 Thresholds
    ETH1$1            -3.755      1.327     -2.830      0.005
    ETH2$1           -15.000      0.000    999.000    999.000
    ETH3$1            -1.817      0.162    -11.203      0.000
    ETH4$1            -3.788      0.687     -5.517      0.000
    ETH5$1            -2.024      0.178    -11.398      0.000

Latent Class 3

 Thresholds
    ETH1$1             5.711      5.613      1.017      0.309
    ETH2$1            15.000      0.000    999.000    999.000
    ETH3$1             1.037      0.454      2.283      0.022
    ETH4$1            -2.443     26.190     -0.093      0.926
    ETH5$1             1.628      0.396      4.114      0.000

Latent Class 4

 Thresholds
    ETH1$1             1.417      0.216      6.572      0.000
    ETH2$1            -0.408      0.724     -0.564      0.573
    ETH3$1            15.000      0.000    999.000    999.000
    ETH4$1            -0.524      0.218     -2.403      0.016
    ETH5$1             2.910      4.581      0.635      0.525

Latent Class 5

 Thresholds
    ETH1$1             1.428      1.728      0.826      0.409
    ETH2$1            15.000      0.000    999.000    999.000
    ETH3$1           -15.000      0.000    999.000    999.000
    ETH4$1             1.039      0.653      1.590      0.112
    ETH5$1            -0.612      0.550     -1.113      0.266

Latent Class 6

 Thresholds
    ETH1$1             1.053      0.208      5.066      0.000
    ETH2$1            -0.064      0.228     -0.281      0.779
    ETH3$1             0.857      0.469      1.830      0.067
    ETH4$1            -0.150      0.115     -1.299      0.194
    ETH5$1             0.378      0.172      2.194      0.028

Categorical Latent Variables

 Means
    C#1                2.424      0.356      6.819      0.000
    C#2               -1.274      0.254     -5.012      0.000
    C#3                0.188      2.307      0.081      0.935
    C#4               -0.905      1.034     -0.876      0.381
    C#5               -1.936      1.383     -1.400      0.162


RESULTS IN PROBABILITY SCALE

Latent Class 1

 ETH1
    Category 1         0.995      0.001   1020.728      0.000
    Category 2         0.005      0.001      5.026      0.000
 ETH2
    Category 1         1.000      0.000      0.000      1.000
    Category 2         0.000      0.000      0.000      1.000
 ETH3
    Category 1         0.979      0.049     19.795      0.000
    Category 2         0.021      0.049      0.429      0.668
 ETH4
    Category 1         0.853      0.023     37.744      0.000
    Category 2         0.147      0.023      6.522      0.000
 ETH5
    Category 1         0.988      0.031     32.002      0.000
    Category 2         0.012      0.031      0.388      0.698

Latent Class 2

 ETH1
    Category 1         0.023      0.030      0.771      0.441
    Category 2         0.977      0.030     32.976      0.000
 ETH2
    Category 1         0.000      0.000      0.000      1.000
    Category 2         1.000      0.000      0.000      1.000
 ETH3
    Category 1         0.140      0.020      7.165      0.000
    Category 2         0.860      0.020     44.111      0.000
 ETH4
    Category 1         0.022      0.015      1.489      0.136
    Category 2         0.978      0.015     65.798      0.000
 ETH5
    Category 1         0.117      0.018      6.375      0.000
    Category 2         0.883      0.018     48.258      0.000

Latent Class 3

 ETH1
    Category 1         0.997      0.018     54.008      0.000
    Category 2         0.003      0.018      0.179      0.858
 ETH2
    Category 1         1.000      0.000      0.000      1.000
    Category 2         0.000      0.000      0.000      1.000
 ETH3
    Category 1         0.738      0.088      8.410      0.000
    Category 2         0.262      0.088      2.980      0.003
 ETH4
    Category 1         0.080      1.926      0.041      0.967
    Category 2         0.920      1.926      0.478      0.633
 ETH5
    Category 1         0.836      0.054     15.401      0.000
    Category 2         0.164      0.054      3.023      0.003

Latent Class 4

 ETH1
    Category 1         0.805      0.034     23.766      0.000
    Category 2         0.195      0.034      5.764      0.000
 ETH2
    Category 1         0.399      0.174      2.300      0.021
    Category 2         0.601      0.174      3.459      0.001
 ETH3
    Category 1         1.000      0.000      0.000      1.000
    Category 2         0.000      0.000      0.000      1.000
 ETH4
    Category 1         0.372      0.051      7.302      0.000
    Category 2         0.628      0.051     12.332      0.000
 ETH5
    Category 1         0.948      0.224      4.227      0.000
    Category 2         0.052      0.224      0.230      0.818

Latent Class 5

 ETH1
    Category 1         0.807      0.270      2.992      0.003
    Category 2         0.193      0.270      0.717      0.473
 ETH2
    Category 1         1.000      0.000      0.000      1.000
    Category 2         0.000      0.000      0.000      1.000
 ETH3
    Category 1         0.000      0.000      0.000      1.000
    Category 2         1.000      0.000      0.000      1.000
 ETH4
    Category 1         0.739      0.126      5.857      0.000
    Category 2         0.261      0.126      2.073      0.038
 ETH5
    Category 1         0.352      0.125      2.803      0.005
    Category 2         0.648      0.125      5.170      0.000

Latent Class 6

 ETH1
    Category 1         0.741      0.040     18.601      0.000
    Category 2         0.259      0.040      6.488      0.000
 ETH2
    Category 1         0.484      0.057      8.513      0.000
    Category 2         0.516      0.057      9.075      0.000
 ETH3
    Category 1         0.702      0.098      7.165      0.000
    Category 2         0.298      0.098      3.040      0.002
 ETH4
    Category 1         0.463      0.029     16.167      0.000
    Category 2         0.537      0.029     18.774      0.000
 ETH5
    Category 1         0.593      0.042     14.266      0.000
    Category 2         0.407      0.042      9.773      0.000


LATENT CLASS ODDS RATIO RESULTS

                                                95% C.I.
                    Estimate       S.E.  Lower 2.5% Upper 2.5%

Latent Class 1 Compared to Latent Class 2

 ETH1
    Category > 1       0.000      0.000      0.000      0.001
 ETH2
    Category > 1       0.000      0.000      0.000      0.000
 ETH3
    Category > 1       0.004      0.008      0.000      0.391
 ETH4
    Category > 1       0.004      0.003      0.001      0.015
 ETH5
    Category > 1       0.002      0.004      0.000      0.279

Latent Class 1 Compared to Latent Class 3

 ETH1
    Category > 1       1.488      8.179      0.000  71184.734
 ETH2
    Category > 1       1.000      0.000      1.000      1.000
 ETH3
    Category > 1       0.061      0.167      0.000     12.843
 ETH4
    Category > 1       0.015      0.395      0.000  *********
 ETH5
    Category > 1       0.062      0.179      0.000     17.983

Latent Class 1 Compared to Latent Class 4

 ETH1
    Category > 1       0.020      0.006      0.011      0.036
 ETH2
    Category > 1       0.000      0.000      0.000      0.000
 ETH3
    Category > 1   70842.664      0.000  70842.664  70842.664
 ETH4
    Category > 1       0.102      0.033      0.055      0.191
 ETH5
    Category > 1       0.223      1.260      0.000  14612.365

Latent Class 1 Compared to Latent Class 5

 ETH1
    Category > 1       0.021      0.037      0.001      0.721
 ETH2
    Category > 1       1.000      0.000      1.000      1.000
 ETH3
    Category > 1       0.000      0.000      0.000      0.000
 ETH4
    Category > 1       0.488      0.362      0.114      2.090
 ETH5
    Category > 1       0.007      0.016      0.000      0.818

Latent Class 1 Compared to Latent Class 6

 ETH1
    Category > 1       0.014      0.004      0.008      0.026
 ETH2
    Category > 1       0.000      0.000      0.000      0.000
 ETH3
    Category > 1       0.051      0.128      0.000      7.013
 ETH4
    Category > 1       0.149      0.030      0.100      0.221
 ETH5
    Category > 1       0.018      0.046      0.000      2.929

Latent Class 2 Compared to Latent Class 3

 ETH1
    Category > 1   12917.868  74520.562      0.159  *********
 ETH2
    Category > 1   *********      0.000  *********  *********
 ETH3
    Category > 1      17.371      8.071      6.988     43.182
 ETH4
    Category > 1       3.837    100.810      0.000  *********
 ETH5
    Category > 1      38.570     15.257     17.764     83.744

Latent Class 2 Compared to Latent Class 4

 ETH1
    Category > 1     176.297    235.060     12.921   2405.399
 ETH2
    Category > 1   *********      0.000  *********  *********
 ETH3
    Category > 1   *********      0.000  *********  *********
 ETH4
    Category > 1      26.158     21.016      5.416    126.330
 ETH5
    Category > 1     138.981    630.394      0.019  *********

Latent Class 2 Compared to Latent Class 5

 ETH1
    Category > 1     178.352    386.095      2.562  12416.042
 ETH2
    Category > 1   *********      0.000  *********  *********
 ETH3
    Category > 1       0.000      0.000      0.000      0.000
 ETH4
    Category > 1     124.807    131.451     15.838    983.490
 ETH5
    Category > 1       4.103      2.342      1.340     12.562

Latent Class 2 Compared to Latent Class 6

 ETH1
    Category > 1     122.569    163.238      9.010   1667.366
 ETH2
    Category > 1   *********      0.000  *********  *********
 ETH3
    Category > 1      14.511      6.799      5.793     36.352
 ETH4
    Category > 1      38.040     26.663      9.630    150.267
 ETH5
    Category > 1      11.050      2.611      6.954     17.560

Latent Class 3 Compared to Latent Class 4

 ETH1
    Category > 1       0.014      0.077      0.000    823.817
 ETH2
    Category > 1       0.000      0.000      0.000      0.000
 ETH3
    Category > 1   *********      0.000  *********  *********
 ETH4
    Category > 1       6.817    178.238      0.000  *********
 ETH5
    Category > 1       3.603     16.128      0.001  23257.283

Latent Class 3 Compared to Latent Class 5

 ETH1
    Category > 1       0.014      0.098      0.000  15628.609
 ETH2
    Category > 1       1.000      0.000      1.000      1.000
 ETH3
    Category > 1       0.000      0.000      0.000      0.000
 ETH4
    Category > 1      32.524    857.825      0.000  *********
 ETH5
    Category > 1       0.106      0.075      0.027      0.424

Latent Class 3 Compared to Latent Class 6

 ETH1
    Category > 1       0.009      0.054      0.000    627.364
 ETH2
    Category > 1       0.000      0.000      0.000      0.000
 ETH3
    Category > 1       0.835      0.441      0.297      2.353
 ETH4
    Category > 1       9.913    259.788      0.000  *********
 ETH5
    Category > 1       0.286      0.123      0.124      0.663

Latent Class 4 Compared to Latent Class 5

 ETH1
    Category > 1       1.012      1.762      0.033     30.703
 ETH2
    Category > 1   *********      0.000  *********  *********
 ETH3
    Category > 1       0.000      0.000      0.000      0.000
 ETH4
    Category > 1       4.771      2.935      1.429     15.932
 ETH5
    Category > 1       0.030      0.131      0.000    182.466

Latent Class 4 Compared to Latent Class 6

 ETH1
    Category > 1       0.695      0.253      0.341      1.418
 ETH2
    Category > 1       1.411      1.047      0.329      6.044
 ETH3
    Category > 1       0.000      0.000      0.000      0.000
 ETH4
    Category > 1       1.454      0.391      0.859      2.463
 ETH5
    Category > 1       0.080      0.365      0.000    635.089

Latent Class 5 Compared to Latent Class 6

 ETH1
    Category > 1       0.687      1.177      0.024     19.723
 ETH2
    Category > 1       0.000      0.000      0.000      0.000
 ETH3
    Category > 1   *********      0.000  *********  *********
 ETH4
    Category > 1       0.305      0.205      0.082      1.138
 ETH5
    Category > 1       2.693      1.675      0.796      9.115


QUALITY OF NUMERICAL RESULTS

     Condition Number for the Information Matrix              0.291E-07
       (ratio of smallest to largest eigenvalue)


MODEL COMMAND WITH FINAL ESTIMATES USED AS STARTING VALUES

     %OVERALL%

     [ c#1*2.42440 ];
     [ c#2*-1.27434 ];
     [ c#3*0.18760 ];
     [ c#4*-0.90519 ];
     [ c#5*-1.93587 ];

     %C#1%

     [ eth1$1*5.31367 ];
     [ eth2$1*15 ];
     [ eth3$1*3.83178 ];
     [ eth4$1*1.75563 ];
     [ eth5$1*4.41242 ];

     %C#2%

     [ eth1$1*-3.75547 ];
     [ eth2$1*-15 ];
     [ eth3$1*-1.81748 ];
     [ eth4$1*-3.78816 ];
     [ eth5$1*-2.02415 ];

     %C#3%

     [ eth1$1*5.71089 ];
     [ eth2$1*15 ];
     [ eth3$1*1.03731 ];
     [ eth4$1*-2.44337 ];
     [ eth5$1*1.62833 ];

     %C#4%

     [ eth1$1*1.41670 ];
     [ eth2$1*-0.40800 ];
     [ eth3$1*15 ];
     [ eth4$1*-0.52402 ];
     [ eth5$1*2.91019 ];

     %C#5%

     [ eth1$1*1.42829 ];
     [ eth2$1*15 ];
     [ eth3$1*-15 ];
     [ eth4$1*1.03861 ];
     [ eth5$1*-0.61234 ];

     %C#6%

     [ eth1$1*1.05321 ];
     [ eth2$1*-0.06399 ];
     [ eth3$1*0.85745 ];
     [ eth4$1*-0.14952 ];
     [ eth5$1*0.37831 ];



TECHNICAL 10 OUTPUT


     MODEL FIT INFORMATION FOR THE LATENT CLASS INDICATOR MODEL PART


     RESPONSE PATTERNS

     No.  Pattern    No.  Pattern    No.  Pattern    No.  Pattern
       1  00000        2  00001        3  00010        4  00011
       5  00100        6  00101        7  00110        8  00111
       9  01000       10  01001       11  01010       12  01011
      13  01100       14  01101       15  01110       16  01111
      17  10000       18  10001       19  10010       20  10011
      21  10100       22  10101       23  10110       24  10111
      25  11000       26  11001       27  11010       28  11011
      29  11100       30  11101       31  11110       32  11111
      33  000*0       34  000*1       35  001*0       36  001*1
      37  010*0       38  010*1       39  011*0       40  100*0
      41  100*1       42  101*0       43  110*0       44  110*1
      45  111*0       46  111*1       47  *0000       48  *0001
      49  *0010       50  *0011       51  *0100       52  *0101
      53  *0110       54  *0111       55  *1000       56  *1001
      57  *1010       58  *1011       59  *1100       60  *1101
      61  *1110       62  *1111       63  00**0       64  00**1
      65  00*00       66  00*01       67  00*10       68  00*11
      69  01*00       70  01*01       71  01*10       72  01*11
      73  10*00       74  10*01       75  10*10       76  10*11
      77  11*00       78  11*01       79  11*10       80  11*11
      81  0*000       82  0*001       83  0*010       84  0*011
      85  0*100       86  0*101       87  0*110       88  1*000
      89  1*001       90  1*010       91  1*011       92  1*101
      93  1*110       94  1*111       95  0000*       96  0001*
      97  0010*       98  0011*       99  0101*      100  1000*
     101  1001*      102  1101*      103  1111*      104  *00*0
     105  *01*0      106  *11*0      107  **000      108  **010
     109  **011      110  **101      111  ****0      112  ****1
     113  *0**0      114  *0**1      115  *0***      116  *1***
     117  **0*0      118  **0*1      119  ***00      120  ***10
     121  ***11      122  0****      123  1****      124  **00*
     125  **01*      126  **11*      127  0*0**      128  0*1**
     129  1*0**      130  0*0*0      131  0*1*0      132  1*0*0
     133  1*1*0      134  000**      135  001**      136  010**
     137  100**      138  101**      139  110**      140  111**
     141  0***0      142  0***1      143  0**00      144  0**01
     145  0**10      146  0**11      147  00***      148  01***
     149  11***      150  00*0*      151  01*0*      152  01*1*
     153  10*0*      154  ***0*      155  ***1*      156  *000*
     157  *001*      158  *101*      159  0*00*      160  0*01*
     161  **0**      162  **1**      163  0**0*      164  *0*0*
     165  *11**      166  *0*00      167  *0*10


     RESPONSE PATTERN FREQUENCIES AND CHI-SQUARE CONTRIBUTIONS

    Response          Frequency     Standardized  Chi-square Contribution
     Pattern    Observed  Estimated   Residual    Pearson   Loglikelihood  Deleted
                                     (z-score)
         1     32511.11   32404.77       0.91       0.00         0.00
         2       590.12     596.83      -0.25       0.00         0.03
         3      8396.74    8380.76       0.17       0.00         0.01
         4       715.71     729.85      -0.48       0.00        -0.03
         5       961.97     965.84      -0.11       0.00         0.00
         6       278.63     282.83      -0.23       0.00         0.00
         7      1097.83    1103.22      -0.15       0.00         0.05
         8       310.22     312.26      -0.10       0.00        -0.01
         9       485.60     489.76      -0.17      -0.02         2.31
        10       186.45     186.33       0.01      -0.09         8.31
        11       691.15     693.92      -0.10       0.01        -2.18
        12       221.87     225.76      -0.23       0.05        -4.13
        13       100.16     107.43      -0.63       0.33        -5.88
        14        71.33      73.93      -0.27       0.01        -0.38
        15       124.20     126.85      -0.21      -0.05         2.01
        16       101.78     101.71       0.01       0.00         0.12
        17       272.51     278.26      -0.31       0.00         0.10
        18        56.32      60.84      -0.52       0.09        -1.29
        19       193.13     195.44      -0.15       0.00        -0.14
        20        68.97      71.24      -0.24      -0.06         1.61
        21        62.01      63.63      -0.18      -0.01         0.26
        22        67.78      70.02      -0.24       0.00        -0.13
        23        51.25      52.93      -0.21       0.02        -0.60
        24        44.12      44.73      -0.08       0.00         0.26
        25       141.16     146.02      -0.36       0.10        -3.59
        26        59.02      66.17      -0.79       0.40        -4.14
        27       211.65     214.40      -0.17      -0.06         3.58
        28       183.12     188.68      -0.37       0.00         0.01
        29        40.55      39.54       0.15      -0.04         5.35
        30        38.59      41.43      -0.40       0.01        -0.15
        31       129.46     135.54      -0.47       0.04        -0.87
        32       712.94     726.51      -0.46      -0.01         0.31
        33       183.40     211.63      -4.24       0.00         0.00
        34        14.15       6.88       2.53       0.00         0.00
        35        16.94      10.74       1.74       0.00         0.00
        36         2.29       3.09      -0.41       0.00         0.00
        37         7.60       6.14       0.54       0.00         0.00
        38         1.96       2.14      -0.11       0.00         0.02
        39         4.57       1.22       2.75      -0.14        -0.08
        40         5.27       2.46       1.63       0.00         0.00
        41         3.94       0.69       3.55       0.02         0.01
        42         2.10       0.60       1.74      -0.01        -0.01
        43         0.93       1.87      -0.62       0.00         0.00
        44         3.80       1.32       1.94      -0.09        -0.07
        45         2.51       0.91       1.52       0.08         0.06
        46         5.70       3.98       0.78       0.00         0.00
        47        42.77      49.31      -1.45       0.00         0.00
        48         2.62       0.99       1.48      -0.01        -0.01
        49         5.21      12.94      -2.13       0.00         0.00
        50         0.25       1.21      -0.79       0.00         0.00
        51         1.42       1.55      -0.10       0.00         0.00
        52         2.22       0.53       2.09       0.00         0.00
        53         1.04       1.74      -0.49       0.00         0.00
        54         0.65       0.54       0.14       0.00         0.00
        55         1.79       0.96       0.77       0.00         0.00
        56         0.29       0.38      -0.13       0.00         0.00
        57         2.12       1.37       0.58       0.00         0.00
        58         1.48       0.63       0.97      -0.01        -0.01
        59         1.91       0.22       3.23      -0.05        -0.01
        60         1.07       0.17       1.93      -0.02        -0.01
        61         2.77       0.40       3.41       0.04         0.01
        62         6.59       1.25       4.35       0.01         0.00
        63        30.38      30.33       0.03       0.00         0.00
        64         4.42       1.36       2.41       0.00         0.00
        65        93.80     122.69      -4.15       0.00         0.00
        66         1.89       3.23      -0.68       0.00         0.00
        67        38.08      34.87       0.55       0.00         0.00
        68        10.28       3.83       3.01       0.00         0.00
        69         7.64       2.20       3.33      -0.08        -0.05
        70         5.85       0.96       4.52       0.53         0.18
        71         2.46       3.02      -0.29       0.00         0.00
        72         0.41       1.20      -0.66       0.01        -0.01
        73         2.18       1.26       0.75       0.00         0.00
        74         2.28       0.48       2.35      -0.06        -0.03
        75         0.11       0.91      -0.76       0.00         0.00
        76         1.74       0.43       1.82       0.06         0.03
        77         2.50       0.68       1.99       0.04         0.02
        78         5.04       0.40       6.67      -1.43        -0.22
        79         2.81       1.29       1.21       0.02         0.02
        80         3.72       3.36       0.18       0.00         0.00
        81        44.99      61.29      -3.26       0.00         0.00
        82         2.91       1.46       1.09       0.02         0.03
        83        13.59      16.91      -0.80       0.00         0.00
        84         6.02       1.78       2.89      -0.04        -0.03
        85         3.42       2.00       0.91      -0.01        -0.02
        86         3.67       0.66       3.34      -0.01         0.00
        87         4.44       2.29       1.29       0.01         0.01
        88         3.37       0.79       2.63      -0.06        -0.03
        89         2.24       0.24       3.72      -0.50        -0.11
        90         2.45       0.76       1.75       0.03         0.02
        91         0.88       0.48       0.52       0.00         0.01
        92         0.92       0.21       1.42      -0.01         0.00
        93         1.08       0.35       1.11      -0.01        -0.01
        94         1.65       1.44       0.16       0.00         0.00
        95        38.47      43.70      -1.24       0.00         0.00
        96        15.17      12.06       0.89       0.00         0.00
        97         1.47       1.65      -0.13       0.00         0.00
        98         0.58       1.87      -0.87       0.00         0.00
        99         0.97       1.22      -0.21       0.00        -0.01
       100         1.20       0.45       1.01      -0.01         0.00
       101         1.08       0.35       1.10       0.01         0.01
       102         3.23       0.53       3.34       0.09         0.03
       103         2.97       1.14       1.56       0.00         0.00
       104         7.74       8.47      -0.57       0.00         0.00
       105         1.24       0.45       1.09       0.00         0.00
       106         1.12       0.08       3.22       0.01         0.00
       107         8.86       7.39       0.86       0.00         0.00
       108         0.75       2.10      -0.94       0.00         0.00
       109         0.95       0.27       1.20       0.00         0.00
       110         0.34       0.10       0.65       0.00         0.00
       111         5.59       9.22      -3.88       0.00         0.00
       112         4.39       0.77       3.88       0.00         0.00
       113         2.08       2.68      -0.98       0.00         0.00
       114         0.96       0.13       2.09       0.00         0.00
       115         9.23      14.11      -4.35       0.00         0.00
       116         5.98       1.10       4.35       0.00         0.00
       117         7.42       7.35       0.06       0.00         0.00
       118         1.03       0.37       1.02       0.00         0.00
       119         5.50       5.53      -0.02       0.00         0.00
       120         1.85       1.75       0.08       0.00         0.00
       121         0.54       0.38       0.23       0.00         0.00
       122        33.62      37.24      -2.42       0.00         0.00
       123         5.52       1.91       2.42       0.00         0.00
       124         5.69       7.03      -0.83       0.00         0.00
       125         3.20       2.20       0.69       0.00         0.00
       126         1.22       0.54       0.87       0.00         0.00
       127         4.33       6.29      -2.11       0.00         0.00
       128         1.32       0.44       1.23       0.00         0.00
       129         1.42       0.18       2.72      -0.02        -0.01
       130        16.15      17.34      -0.67       0.00         0.00
       131         2.14       0.95       1.12       0.00         0.00
       132         0.78       0.34       0.68       0.00         0.00
       133         1.24       0.12       2.92       0.09         0.02
       134        24.62      32.46      -3.28       0.00         0.00
       135         2.16       2.05       0.07       0.00         0.00
       136         1.85       1.23       0.51       0.00         0.01
       137         1.57       0.47       1.46       0.00         0.00
       138         2.54       0.18       5.06      -0.02         0.00
       139         2.42       0.47       2.56      -0.04        -0.02
       140         2.75       0.73       2.16       0.02         0.01
       141         2.62       4.37      -2.39       0.00         0.00
       142         2.24       0.25       3.70       0.02         0.00
       143         4.26       6.78      -1.56       0.00         0.00
       144         1.19       0.23       1.85       0.02         0.01
       145         3.30       2.06       0.88       0.00         0.00
       146         1.06       0.27       1.37      -0.01         0.00
       147        16.00      18.89      -2.00       0.00         0.00
       148         1.26       0.85       0.41       0.00         0.00
       149         3.49       0.66       3.20       0.00         0.00
       150         3.30       3.73      -0.36       0.00         0.00
       151         0.56       0.09       1.38       0.01         0.00
       152         0.93       0.12       2.07      -0.01         0.00
       153         0.57       0.05       2.06      -0.01         0.00
       154         2.62       2.82      -0.21       0.00         0.00
       155         1.25       1.05       0.21       0.00         0.00
       156         0.56       0.82      -0.46       0.00         0.00
       157         0.32       0.23       0.18       0.00         0.00
       158         0.34       0.03       1.53       0.00         0.00
       159         0.85       2.25      -1.50       0.00         0.00
       160         2.43       0.67       2.18       0.00         0.00
       161         5.75       9.10      -3.40       0.00         0.00
       162         4.20       0.86       3.40       0.00         0.00
       163         2.41       1.72       0.89       0.00         0.00
       164         2.01       1.42       0.82       0.00         0.00
       165         1.49       0.04       6.55       0.00         0.00
       166         0.92       1.21      -0.43       0.00         0.00
       167         0.85       0.35       0.85       0.00         0.00

     THE TOTAL PEARSON CHI-SQUARE CONTRIBUTION FROM EMPTY CELLS IS        -0.01


     UNIVARIATE MODEL FIT INFORMATION

                               Estimated Probabilities
                                                  Standardized
     Variable              H1           H0          Residual
                                                   (z-score)
     ETH1
       Category 1        0.951        0.951          -0.001
       Category 2        0.049        0.049           0.001
       Univariate Pearson Chi-Square                  0.000
       Univariate Log-Likelihood Chi-Square           0.000
     ETH2
       Category 1        0.928        0.928           0.000
       Category 2        0.072        0.072           0.000
       Univariate Pearson Chi-Square                  0.000
       Univariate Log-Likelihood Chi-Square           0.000
     ETH3
       Category 1        0.914        0.914           0.000
       Category 2        0.086        0.086           0.000
       Univariate Pearson Chi-Square                  0.000
       Univariate Log-Likelihood Chi-Square           0.000
     ETH4
       Category 1        0.729        0.729           0.000
       Category 2        0.271        0.271           0.000
       Univariate Pearson Chi-Square                  0.000
       Univariate Log-Likelihood Chi-Square           0.000
     ETH5
       Category 1        0.923        0.923           0.000
       Category 2        0.077        0.077           0.000
       Univariate Pearson Chi-Square                  0.000
       Univariate Log-Likelihood Chi-Square           0.000

       Overall Univariate Pearson Chi-Square                         0.000
       Overall Univariate Log-Likelihood Chi-Square                  0.000


     BIVARIATE MODEL FIT INFORMATION

                                              Estimated Probabilities
                                                                 Standardized
     Variable       Variable              H1           H0          Residual
                                                                  (z-score)
     ETH1           ETH2
       Category 1     Category 1        0.911        0.911           0.000
       Category 1     Category 2        0.041        0.041          -0.001
       Category 2     Category 1        0.017        0.017           0.000
       Category 2     Category 2        0.032        0.032           0.000
       Bivariate Pearson Chi-Square                                  0.000
       Bivariate Log-Likelihood Chi-Square                           0.000
     ETH1           ETH3
       Category 1     Category 1        0.889        0.889           0.028
       Category 1     Category 2        0.062        0.063          -0.037
       Category 2     Category 1        0.025        0.025          -0.057
       Category 2     Category 2        0.024        0.024           0.059
       Bivariate Pearson Chi-Square                                  0.010
       Bivariate Log-Likelihood Chi-Square                           0.010
     ETH1           ETH4
       Category 1     Category 1        0.714        0.714           0.019
       Category 1     Category 2        0.237        0.237          -0.020
       Category 2     Category 1        0.016        0.016          -0.069
       Category 2     Category 2        0.033        0.033           0.049
       Bivariate Pearson Chi-Square                                  0.009
       Bivariate Log-Likelihood Chi-Square                           0.009
     ETH1           ETH5
       Category 1     Category 1        0.900        0.900          -0.027
       Category 1     Category 2        0.051        0.051           0.037
       Category 2     Category 1        0.023        0.023           0.056
       Category 2     Category 2        0.026        0.026          -0.052
       Bivariate Pearson Chi-Square                                  0.009
       Bivariate Log-Likelihood Chi-Square                           0.009
     ETH2           ETH3
       Category 1     Category 1        0.869        0.869           0.001
       Category 1     Category 2        0.059        0.059          -0.002
       Category 2     Category 1        0.045        0.045          -0.002
       Category 2     Category 2        0.028        0.028           0.003
       Bivariate Pearson Chi-Square                                  0.000
       Bivariate Log-Likelihood Chi-Square                           0.000
     ETH2           ETH4
       Category 1     Category 1        0.706        0.706          -0.005
       Category 1     Category 2        0.221        0.221           0.006
       Category 2     Category 1        0.023        0.023           0.015
       Category 2     Category 2        0.049        0.049          -0.011
       Bivariate Pearson Chi-Square                                  0.000
       Bivariate Log-Likelihood Chi-Square                           0.000
     ETH2           ETH5
       Category 1     Category 1        0.883        0.883          -0.003
       Category 1     Category 2        0.044        0.044           0.004
       Category 2     Category 1        0.040        0.040           0.005
       Category 2     Category 2        0.033        0.033          -0.005
       Bivariate Pearson Chi-Square                                  0.000
       Bivariate Log-Likelihood Chi-Square                           0.000
     ETH3           ETH4
       Category 1     Category 1        0.696        0.696           0.005
       Category 1     Category 2        0.218        0.218          -0.006
       Category 2     Category 1        0.033        0.033          -0.014
       Category 2     Category 2        0.053        0.053           0.012
       Bivariate Pearson Chi-Square                                  0.000
       Bivariate Log-Likelihood Chi-Square                           0.000
     ETH3           ETH5
       Category 1     Category 1        0.870        0.870           0.000
       Category 1     Category 2        0.043        0.043           0.000
       Category 2     Category 1        0.053        0.053           0.000
       Category 2     Category 2        0.034        0.034           0.000
       Bivariate Pearson Chi-Square                                  0.000
       Bivariate Log-Likelihood Chi-Square                           0.000
     ETH4           ETH5
       Category 1     Category 1        0.701        0.701          -0.008
       Category 1     Category 2        0.028        0.028           0.022
       Category 2     Category 1        0.222        0.222           0.009
       Category 2     Category 2        0.049        0.049          -0.017
       Bivariate Pearson Chi-Square                                  0.001
       Bivariate Log-Likelihood Chi-Square                           0.001

       Overall Bivariate Pearson Chi-Square                          0.030
       Overall Bivariate Log-Likelihood Chi-Square                   0.030


TECHNICAL 11 OUTPUT

     Random Starts Specifications for the k-1 Class Analysis Model
        Number of initial stage random starts                 100
        Number of final stage optimizations                    50



     VUONG-LO-MENDELL-RUBIN LIKELIHOOD RATIO TEST FOR 5 (H0) VERSUS 6 CLASSES

          H0 Loglikelihood Value                       -68755.080
          2 Times the Loglikelihood Difference              2.265
          Difference in the Number of Parameters                6
          Mean                                              4.587
          Standard Deviation                               23.179
          P-Value                                          0.5409

     LO-MENDELL-RUBIN ADJUSTED LRT TEST

          Value                                             2.231
          P-Value                                          0.5416


SAVEDATA INFORMATION


  Save file
    ETH_Prob_C3cl6.dat

  Order and format of variables

    ETH1           F10.3
    ETH2           F10.3
    ETH3           F10.3
    ETH4           F10.3
    ETH5           F10.3
    CPROB1         F10.3
    CPROB2         F10.3
    CPROB3         F10.3
    CPROB4         F10.3
    CPROB5         F10.3
    CPROB6         F10.3
    C              F10.3
    WS             F10.3
    IDSTUD         I9
    ID_S           I5
    ID_J           I5

  Save file format
    13F10.3 I9 2I5

  Save file record length    10000

  Save missing symbol        *


     Beginning Time:  19:26:10
        Ending Time:  19:26:17
       Elapsed Time:  00:00:07



MUTHEN & MUTHEN
3463 Stoner Ave.
Los Angeles, CA  90066

Tel: (310) 391-9971
Fax: (310) 391-8971
Web: www.StatModel.com
Support: Support@StatModel.com

Copyright (c) 1998-2020 Muthen & Muthen
