Mplus VERSION 8.5 (Mac)
MUTHEN & MUTHEN
03/31/2021   7:25 PM

INPUT INSTRUCTIONS

  TITLE: LCA C3 ETH with 2 classes;
  DATA:
  FILE = ETH_Dta_C3.dat;

  VARIABLE:
  NAMES = id_i
  id_j
  id_r
  id_s
  id_k
  wt
  ws
  ETH1
  ETH2
  ETH3
  ETH4
  ETH5
  IDSTUD;
  IDVARIABLE = IDSTUD;
  USEVARIABLES = ETH1
  ETH2
  ETH3
  ETH4
  ETH5;
  CATEGORICAL = ETH1
  ETH2
  ETH3
  ETH4
  ETH5;
  MISSING = .;
  CLASSES = c(2);
  WEIGHT = ws;
  STRATIFICATION = id_s;
  CLUSTER = id_j;

  ANALYSIS:
  TYPE = COMPLEX MIXTURE;
  PROCESSORS = 4;
  STARTS = 100 50;
  STITERATIONS = 5;
  STSEED = 288;

  OUTPUT:
  TECH10
  TECH11
  TECH14;
  SVALUES
  ;

  SAVEDATA:
  FILE = ETH_Prob_C3cl2.dat;
  SAVE = CPROBABILITIES;



*** WARNING in OUTPUT command
  TECH14 option is not available for TYPE=MIXTURE COMPLEX.
  Request for TECH14 is ignored.
*** WARNING
  Data set contains cases with missing on all variables.
  These cases were not included in the analysis.
  Number of cases with missing on all variables:  1211
   2 WARNING(S) FOUND IN THE INPUT INSTRUCTIONS



LCA C3 ETH with 2 classes;

SUMMARY OF ANALYSIS

Number of groups                                                 1
Number of observations                                       50126

Number of dependent variables                                    5
Number of independent variables                                  0
Number of continuous latent variables                            0
Number of categorical latent variables                           1

Observed dependent variables

  Binary and ordered categorical (ordinal)
   ETH1        ETH2        ETH3        ETH4        ETH5

Categorical latent variables
   C

Variables with special functions

  Stratification        ID_S
  Cluster variable      ID_J
  Weight variable       WS
  ID variable           IDSTUD

Estimator                                                      MLR
Information matrix                                        OBSERVED
Optimization Specifications for the Quasi-Newton Algorithm for
Continuous Outcomes
  Maximum number of iterations                                 100
  Convergence criterion                                  0.100D-05
Optimization Specifications for the EM Algorithm
  Maximum number of iterations                                 500
  Convergence criteria
    Loglikelihood change                                 0.100D-06
    Relative loglikelihood change                        0.100D-06
    Derivative                                           0.100D-05
Optimization Specifications for the M step of the EM Algorithm for
Categorical Latent variables
  Number of M step iterations                                    1
  M step convergence criterion                           0.100D-05
  Basis for M step termination                           ITERATION
Optimization Specifications for the M step of the EM Algorithm for
Censored, Binary or Ordered Categorical (Ordinal), Unordered
Categorical (Nominal) and Count Outcomes
  Number of M step iterations                                    1
  M step convergence criterion                           0.100D-05
  Basis for M step termination                           ITERATION
  Maximum value for logit thresholds                            15
  Minimum value for logit thresholds                           -15
  Minimum expected cell size for chi-square              0.100D-01
Maximum number of iterations for H1                           2000
Convergence criterion for H1                             0.100D-03
Optimization algorithm                                         EMA
Random Starts Specifications
  Number of initial stage random starts                        100
  Number of final stage optimizations                           50
  Number of initial stage iterations                             5
  Initial stage convergence criterion                    0.100D+01
  Random starts scale                                    0.500D+01
  Random seed for generating random starts                     288
Link                                                         LOGIT

Input data file(s)
  ETH_Dta_C3.dat
Input data format  FREE


SUMMARY OF DATA

     Number of missing data patterns            31
     Number of y missing data patterns           0
     Number of u missing data patterns          31
     Number of strata                         1034
     Number of clusters                       2881


COVARIANCE COVERAGE OF DATA

Minimum covariance coverage value   0.100


     PROPORTION OF DATA PRESENT FOR U


           Covariance Coverage
              ETH1          ETH2          ETH3          ETH4          ETH5
              ________      ________      ________      ________      ________
 ETH1           0.996
 ETH2           0.993         0.995
 ETH3           0.990         0.990         0.993
 ETH4           0.988         0.987         0.986         0.990
 ETH5           0.993         0.992         0.990         0.988         0.995


UNIVARIATE PROPORTIONS AND COUNTS FOR CATEGORICAL VARIABLES

    ETH1
      Category 1    0.952        47535.265
      Category 2    0.048         2420.568
    ETH2
      Category 1    0.928        46282.468
      Category 2    0.072         3603.870
    ETH3
      Category 1    0.914        45497.783
      Category 2    0.086         4286.547
    ETH4
      Category 1    0.730        36240.859
      Category 2    0.270        13406.906
    ETH5
      Category 1    0.923        46080.525
      Category 2    0.077         3820.589


RANDOM STARTS RESULTS RANKED FROM THE BEST TO THE WORST LOGLIKELIHOOD VALUES

Final stage loglikelihood values at local maxima, seeds, and initial stage start numbers:

          -70046.288  986227           24
          -70046.288  241342           73
          -70046.288  703404           63
          -70046.288  378526           99
          -70046.288  247466           56
          -70046.288  14535            40
          -70046.288  775133           71
          -70046.288  808818           46
          -70046.288  219014           75
          -70046.288  746482           80
          -70046.288  47928            36
          -70046.288  514978           7
          -70046.288  323102           100
          -70046.288  615751           16
          -70046.288  320296           22
          -70046.288  61168            83
          -70046.288  90128            72
          -70046.288  689282           61
          -70046.288  199816           11
          -70046.288  413332           92
          -70046.288  191045           25
          -70046.288  426635           9
          -70046.288  909049           41
          -70046.288  116869           93
          -70046.288  802116           48
          -70046.288  454330           14
          -70046.288  895954           86
          -70046.288  14596            96
          -70046.288  425103           69
          -70046.288  862516           26
          -70046.288  920957           62
          -70046.288  3314             35
          -70046.288  996880           39
          -70046.288  308659           10
          -70046.288  341151           77
          -70046.288  468884           58
          -70046.288  445592           47
          -70046.288  723324           90
          -70046.288  704750           1
          -70046.288  860175           23
          -70046.288  699594           29
          -70046.288  937752           88
          -70046.288  53405            28
          -70046.288  983906           53
          -70046.288  3549             2
          -70046.288  414035           84
          -70046.288  587107           65
          -70046.288  339904           18
          -70046.288  316890           37
          -70046.288  126667           38



THE BEST LOGLIKELIHOOD VALUE HAS BEEN REPLICATED.  RERUN WITH AT LEAST TWICE THE
RANDOM STARTS TO CHECK THAT THE BEST LOGLIKELIHOOD IS STILL OBTAINED AND REPLICATED.


     WARNING:  THE VARIANCE CONTRIBUTION FROM A STRATUM WITH A SINGLE CLUSTER
     (PSU) IS BASED ON THE DIFFERENCE BETWEEN THE SINGLE CLUSTER VALUE AND
     THE OVERALL CLUSTER MEAN.


THE MODEL ESTIMATION TERMINATED NORMALLY



MODEL FIT INFORMATION

Number of Free Parameters                       11

Loglikelihood

          H0 Value                      -70046.288
          H0 Scaling Correction Factor      1.6935
            for MLR

Information Criteria

          Akaike (AIC)                  140114.575
          Bayesian (BIC)                140211.620
          Sample-Size Adjusted BIC      140176.662
            (n* = (n + 2) / 24)

Chi-Square Test of Model Fit for the Binary and Ordered Categorical
(Ordinal) Outcomes

          Pearson Chi-Square

          Value                            963.007
          Degrees of Freedom                    20
          P-Value                           0.0000

          Likelihood Ratio Chi-Square

          Value                              0.000
          Degrees of Freedom                    20
          P-Value                           1.0000

Chi-Square Test for MCAR under the Unrestricted Latent Class Indicator Model

          Pearson Chi-Square

          Value                            499.948
          Degrees of Freedom                   180
          P-Value                           0.0000

          Likelihood Ratio Chi-Square

          Value                            267.168
          Degrees of Freedom                   180
          P-Value                           0.0000



FINAL CLASS COUNTS AND PROPORTIONS FOR THE LATENT CLASSES
BASED ON THE ESTIMATED MODEL

    Latent
   Classes

       1       5918.59208          0.11807
       2      44207.40792          0.88193


FINAL CLASS COUNTS AND PROPORTIONS FOR THE LATENT CLASSES
BASED ON ESTIMATED POSTERIOR PROBABILITIES

    Latent
   Classes

       1       5918.59208          0.11807
       2      44207.40792          0.88193


FINAL CLASS COUNTS AND PROPORTIONS FOR THE LATENT CLASSES
BASED ON THEIR MOST LIKELY LATENT CLASS MEMBERSHIP

Class Counts and Proportions

    Latent
   Classes

       1             5043          0.10060
       2            45083          0.89940


CLASSIFICATION QUALITY

     Entropy                         0.847


Average Latent Class Probabilities for Most Likely Latent Class Membership (Row)
by Latent Class (Column)

           1        2

    1   0.895    0.105
    2   0.031    0.969


Classification Probabilities for the Most Likely Latent Class Membership (Column)
by Latent Class (Row)

           1        2

    1   0.762    0.238
    2   0.012    0.988


Logits for the Classification Probabilities for the Most Likely Latent Class Membership (Column)
by Latent Class (Row)

              1        2

    1      1.166    0.000
    2     -4.411    0.000


MODEL RESULTS

                                                    Two-Tailed
                    Estimate       S.E.  Est./S.E.    P-Value

Latent Class 1

 Thresholds
    ETH1$1             0.544      0.061      8.948      0.000
    ETH2$1            -0.058      0.062     -0.921      0.357
    ETH3$1             0.113      0.044      2.555      0.011
    ETH4$1            -0.998      0.048    -20.660      0.000
    ETH5$1            -0.076      0.055     -1.370      0.171

Latent Class 2

 Thresholds
    ETH1$1             5.114      0.098     52.373      0.000
    ETH2$1             4.304      0.077     56.226      0.000
    ETH3$1             3.322      0.052     64.293      0.000
    ETH4$1             1.332      0.020     67.817      0.000
    ETH5$1             4.021      0.077     52.229      0.000

Categorical Latent Variables

 Means
    C#1               -2.011      0.040    -50.617      0.000


RESULTS IN PROBABILITY SCALE

Latent Class 1

 ETH1
    Category 1         0.633      0.014     44.772      0.000
    Category 2         0.367      0.014     25.979      0.000
 ETH2
    Category 1         0.486      0.016     31.140      0.000
    Category 2         0.514      0.016     32.984      0.000
 ETH3
    Category 1         0.528      0.011     47.741      0.000
    Category 2         0.472      0.011     42.620      0.000
 ETH4
    Category 1         0.269      0.010     28.336      0.000
    Category 2         0.731      0.010     76.863      0.000
 ETH5
    Category 1         0.481      0.014     34.918      0.000
    Category 2         0.519      0.014     37.661      0.000

Latent Class 2

 ETH1
    Category 1         0.994      0.001   1714.107      0.000
    Category 2         0.006      0.001     10.302      0.000
 ETH2
    Category 1         0.987      0.001    979.548      0.000
    Category 2         0.013      0.001     13.241      0.000
 ETH3
    Category 1         0.965      0.002    555.752      0.000
    Category 2         0.035      0.002     20.052      0.000
 ETH4
    Category 1         0.791      0.003    243.805      0.000
    Category 2         0.209      0.003     64.358      0.000
 ETH5
    Category 1         0.982      0.001    737.026      0.000
    Category 2         0.018      0.001     13.223      0.000


LATENT CLASS ODDS RATIO RESULTS

                                                95% C.I.
                    Estimate       S.E.  Lower 2.5% Upper 2.5%

Latent Class 1 Compared to Latent Class 2

 ETH1
    Category > 1      96.542      9.667     79.338    117.477
 ETH2
    Category > 1      78.357      6.378     66.802     91.910
 ETH3
    Category > 1      24.743      1.476     22.013     27.811
 ETH4
    Category > 1      10.276      0.497      9.346     11.298
 ETH5
    Category > 1      60.116      4.673     51.621     70.009


QUALITY OF NUMERICAL RESULTS

     Condition Number for the Information Matrix              0.178E-01
       (ratio of smallest to largest eigenvalue)


MODEL COMMAND WITH FINAL ESTIMATES USED AS STARTING VALUES

     %OVERALL%

     [ c#1*-2.01079 ];

     %C#1%

     [ eth1$1*0.54431 ];
     [ eth2$1*-0.05751 ];
     [ eth3$1*0.11347 ];
     [ eth4$1*-0.99787 ];
     [ eth5$1*-0.07562 ];

     %C#2%

     [ eth1$1*5.11430 ];
     [ eth2$1*4.30377 ];
     [ eth3$1*3.32200 ];
     [ eth4$1*1.33191 ];
     [ eth5$1*4.02065 ];



TECHNICAL 10 OUTPUT


     MODEL FIT INFORMATION FOR THE LATENT CLASS INDICATOR MODEL PART


     RESPONSE PATTERNS

     No.  Pattern    No.  Pattern    No.  Pattern    No.  Pattern
       1  00000        2  00001        3  00010        4  00011
       5  00100        6  00101        7  00110        8  00111
       9  01000       10  01001       11  01010       12  01011
      13  01100       14  01101       15  01110       16  01111
      17  10000       18  10001       19  10010       20  10011
      21  10100       22  10101       23  10110       24  10111
      25  11000       26  11001       27  11010       28  11011
      29  11100       30  11101       31  11110       32  11111
      33  000*0       34  000*1       35  001*0       36  001*1
      37  010*0       38  010*1       39  011*0       40  100*0
      41  100*1       42  101*0       43  110*0       44  110*1
      45  111*0       46  111*1       47  *0000       48  *0001
      49  *0010       50  *0011       51  *0100       52  *0101
      53  *0110       54  *0111       55  *1000       56  *1001
      57  *1010       58  *1011       59  *1100       60  *1101
      61  *1110       62  *1111       63  00**0       64  00**1
      65  00*00       66  00*01       67  00*10       68  00*11
      69  01*00       70  01*01       71  01*10       72  01*11
      73  10*00       74  10*01       75  10*10       76  10*11
      77  11*00       78  11*01       79  11*10       80  11*11
      81  0*000       82  0*001       83  0*010       84  0*011
      85  0*100       86  0*101       87  0*110       88  1*000
      89  1*001       90  1*010       91  1*011       92  1*101
      93  1*110       94  1*111       95  0000*       96  0001*
      97  0010*       98  0011*       99  0101*      100  1000*
     101  1001*      102  1101*      103  1111*      104  *00*0
     105  *01*0      106  *11*0      107  **000      108  **010
     109  **011      110  **101      111  ****0      112  ****1
     113  *0**0      114  *0**1      115  *0***      116  *1***
     117  **0*0      118  **0*1      119  ***00      120  ***10
     121  ***11      122  0****      123  1****      124  **00*
     125  **01*      126  **11*      127  0*0**      128  0*1**
     129  1*0**      130  0*0*0      131  0*1*0      132  1*0*0
     133  1*1*0      134  000**      135  001**      136  010**
     137  100**      138  101**      139  110**      140  111**
     141  0***0      142  0***1      143  0**00      144  0**01
     145  0**10      146  0**11      147  00***      148  01***
     149  11***      150  00*0*      151  01*0*      152  01*1*
     153  10*0*      154  ***0*      155  ***1*      156  *000*
     157  *001*      158  *101*      159  0*00*      160  0*01*
     161  **0**      162  **1**      163  0**0*      164  *0*0*
     165  *11**      166  *0*00      167  *0*10


     RESPONSE PATTERN FREQUENCIES AND CHI-SQUARE CONTRIBUTIONS

    Response          Frequency     Standardized  Chi-square Contribution
     Pattern    Observed  Estimated   Residual    Pearson   Loglikelihood  Deleted
                                     (z-score)
         1     32511.11   32030.92       4.10       6.85         0.00
         2       590.12     704.26      -3.91      18.42      -195.30
         3      8396.74    8754.47      -3.80      14.59      -732.63
         4       715.71     508.56       8.33      84.11       227.97
         5       961.97    1260.36      -7.68      70.63      -512.05
         6       278.63     138.29       9.03      99.94       208.33
         7      1097.83     599.76       9.07      99.97       210.80
         8       310.22     324.55      -0.72       0.62       -23.95
         9       485.60     560.73      -2.88      10.01      -129.13
        10       186.45     147.31       2.91      10.31        95.94
        11       691.15     464.88       9.06     100.00       203.36
        12       221.87     380.63      -7.37      66.21      -235.92
        13       100.16     131.09      -2.44       7.13       -45.75
        14        71.33     124.88      -4.33      22.88       -75.17
        15       124.20     317.47      -9.05      99.89      -225.87
        16       101.78     338.05      -9.05     100.00      -244.38
        17       272.51     262.67       0.55       0.25        31.53
        18        56.32      79.90      -2.38       6.72       -31.99
        19       193.13     242.92      -2.89      10.18       -84.14
        20        68.97     208.31      -8.73      93.06      -146.40
        21        62.01      70.21      -0.88       0.91       -11.94
        22        67.78      68.38      -0.07      -0.06         3.07
        23        51.25     173.49      -8.39      86.09      -122.28
        24        44.12     185.18      -9.04      99.99      -125.11
        25       141.16      77.68       6.50      51.82       174.60
        26        59.02      81.03      -2.21       5.61       -28.06
        27       211.65     204.36       0.46       0.16        23.88
        28       183.12     219.69      -2.23       5.92       -55.71
        29        40.55      67.13      -2.93      10.45       -37.58
        30        38.59      72.30      -3.58      15.54       -43.13
        31       129.46     181.85      -3.51      14.86       -76.98
        32       712.94     196.11       9.04      99.74       227.21
        33       183.40     211.63      -4.24       0.00         0.00
        34        14.15       6.29       2.86       2.14         2.54
        35        16.94       9.65       2.16       1.92         3.61
        36         2.29       2.40      -0.07      -0.20         1.15
        37         7.60       5.32       0.90       0.63         2.18
        38         1.96       2.74      -0.43       0.20        -0.95
        39         4.57       2.33       1.33      -7.25        -6.02
        40         5.27       2.62       1.48      -0.55        -0.69
        41         3.94       1.50       1.81     -11.45        -6.14
        42         2.10       1.26       0.67      -3.16        -3.11
        43         0.93       1.46      -0.40      -0.28         0.46
        44         3.80       1.56       1.62      -1.51        -1.32
        45         2.51       1.29       0.97      -1.60        -1.70
        46         5.70       1.39       3.30      12.57        11.98
        47        42.77      48.72      -1.31      -0.14         1.03
        48         2.62       1.18       1.20      -0.93        -0.93
        49         5.21      13.57      -2.27       0.54        -0.50
        50         0.25       1.08      -0.73      -0.12         0.06
        51         1.42       2.01      -0.38       0.16        -0.73
        52         2.22       0.31       3.09       6.32         2.37
        53         1.04       1.17      -0.11      -0.27         0.83
        54         0.65       0.77      -0.12      -0.01        -0.47
        55         1.79       0.96       0.77      -0.01        -0.02
        56         0.29       0.34      -0.08      -0.01         0.06
        57         2.12       1.01       1.01       0.81         1.30
        58         1.48       0.91       0.54      -0.81        -1.11
        59         1.91       0.30       2.66      -4.21        -1.15
        60         1.07       0.30       1.27      -2.60        -1.15
        61         2.77       0.75       2.10      -8.79        -3.55
        62         6.59       0.81       5.84      18.70         5.79
        63        30.38      30.18       0.09       0.00         0.30
        64         4.42       1.19       2.73       1.94         1.21
        65        93.80     122.39      -4.10      -0.12         0.45
        66         1.89       3.10      -0.62      -0.09         0.16
        67        38.08      34.39       0.63       0.10         1.05
        68        10.28       3.06       3.75       6.16         4.60
        69         7.64       2.54       2.90      -3.37        -2.30
        70         5.85       1.00       4.39      -1.00        -0.35
        71         2.46       2.88      -0.22      -0.04         0.24
        72         0.41       2.64      -1.25       1.37        -0.65
        73         2.18       1.22       0.78       0.07         0.12
        74         2.28       0.55       2.13      -1.27        -0.60
        75         0.11       1.53      -1.04       0.61        -0.11
        76         1.74       1.45       0.22      -3.95        -4.23
        77         2.50       0.53       2.44       2.48         1.26
        78         5.04       0.56       5.39     -20.42        -3.79
        79         2.81       1.42       1.06      -0.42        -0.53
        80         3.72       1.53       1.60       3.10         5.87
        81        44.99      60.73      -3.14      -0.26         0.84
        82         2.91       1.59       0.95      -0.31        -0.46
        83        13.59      17.18      -0.86       0.10        -0.43
        84         6.02       1.66       3.08       1.35         0.84
        85         3.42       2.59       0.47      -0.75        -1.79
        86         3.67       0.49       4.11       7.04         2.23
        87         4.44       1.71       1.90       2.35         2.61
        88         3.37       0.63       3.11       3.32         1.46
        89         2.24       0.30       3.20      -4.92        -1.17
        90         2.45       0.83       1.60      -0.56        -0.41
        91         0.88       0.80       0.09      -0.32        -0.88
        92         0.92       0.26       1.17      -0.80        -0.43
        93         1.08       0.66       0.46      -1.26        -1.38
        94         1.65       0.71       1.01       1.21         2.33
        95        38.47      43.35      -1.16      -0.08         0.62
        96        15.17      12.27       0.83      -0.11        -0.50
        97         1.47       1.85      -0.26       0.06        -0.33
        98         0.58       1.22      -0.53      -0.56         0.49
        99         0.97       1.12      -0.13      -0.03         0.16
       100         1.20       0.45       1.00      -0.03        -0.03
       101         1.08       0.60       0.56      -1.09        -1.13
       102         3.23       0.56       3.22      -0.85        -0.30
       103         2.97       0.50       3.16       9.24         4.89
       104         7.74       8.47      -0.57       0.00        -0.01
       105         1.24       0.43       1.14       0.12         0.09
       106         1.12       0.14       2.33      -6.05        -1.19
       107         8.86       7.30       0.91       0.04         0.21
       108         0.75       2.14      -0.96       0.04        -0.03
       109         0.95       0.29       1.12      -0.24        -0.16
       110         0.34       0.09       0.74       0.16         0.10
       111         5.59       9.22      -3.89       0.00         0.00
       112         4.39       0.77       3.89       0.01         0.00
       113         2.08       2.68      -0.97       0.00         0.00
       114         0.96       0.14       2.06      -0.15        -0.04
       115         9.23      14.11      -4.35       0.00         0.00
       116         5.98       1.10       4.35      -0.01         0.00
       117         7.42       7.32       0.09       0.00         0.07
       118         1.03       0.40       0.92      -0.22        -0.19
       119         5.50       5.52      -0.02       0.00         0.01
       120         1.85       1.75       0.07       0.00        -0.01
       121         0.54       0.38       0.24       0.01         0.02
       122        33.62      37.24      -2.42       0.00        -0.01
       123         5.52       1.90       2.42       0.02         0.02
       124         5.69       6.98      -0.79      -0.02         0.10
       125         3.20       2.26       0.64      -0.06        -0.17
       126         1.22       0.48       1.00       0.29         0.29
       127         4.33       6.26      -2.06      -0.01         0.03
       128         1.32       0.47       1.17      -0.17        -0.14
       129         1.42       0.20       2.52      -1.30        -0.35
       130        16.15      17.27      -0.63      -0.01         0.12
       131         2.14       0.95       1.12      -0.01        -0.01
       132         0.78       0.33       0.73       0.09         0.09
       133         1.24       0.20       2.08      -5.04        -1.28
       134        24.62      32.37      -3.22      -0.04         0.13
       135         2.16       1.79       0.26       0.07         0.59
       136         1.85       1.20       0.54       0.04         0.10
       137         1.57       0.61       1.11      -1.10        -0.85
       138         2.54       0.38       3.16     -19.22        -3.90
       139         2.42       0.45       2.67       0.62         0.24
       140         2.75       0.40       3.37       8.24         3.31
       141         2.62       4.36      -2.34      -0.01         0.02
       142         2.24       0.26       3.57      -1.16        -0.27
       143         4.26       6.78      -1.57       0.00         0.00
       144         1.19       0.22       1.88       0.16         0.06
       145         3.30       2.02       0.91       0.05         0.11
       146         1.06       0.31       1.23      -0.45        -0.27
       147        16.00      18.69      -1.79      -0.05         0.33
       148         1.26       1.04       0.20      -0.15        -0.52
       149         3.49       0.46       4.05       7.51         2.43
       150         3.30       3.72      -0.35       0.00         0.02
       151         0.56       0.10       1.27      -0.35        -0.13
       152         0.93       0.16       1.73      -1.59        -0.50
       153         0.57       0.05       2.04      -0.12        -0.02
       154         2.62       2.82      -0.21       0.00         0.00
       155         1.25       1.05       0.21       0.00         0.00
       156         0.56       0.82      -0.45       0.00         0.01
       157         0.32       0.24       0.16      -0.01        -0.02
       158         0.34       0.03       1.57       0.14         0.03
       159         0.85       2.23      -1.48      -0.01         0.01
       160         2.43       0.68       2.17      -0.07        -0.04
       161         5.75       9.10      -3.40       0.00         0.00
       162         4.20       0.86       3.40       0.00         0.00
       163         2.41       1.72       0.89       0.00         0.00
       164         2.01       1.41       0.83       0.00         0.01
       165         1.49       0.04       6.37      -2.87        -0.16
       166         0.92       1.21      -0.42       0.00         0.00
       167         0.85       0.35       0.84      -0.01        -0.01

     THE TOTAL PEARSON CHI-SQUARE CONTRIBUTION FROM EMPTY CELLS IS         4.70


     UNIVARIATE MODEL FIT INFORMATION

                               Estimated Probabilities
                                                  Standardized
     Variable              H1           H0          Residual
                                                   (z-score)
     ETH1
       Category 1        0.951        0.951          -0.080
       Category 2        0.049        0.049           0.080
       Univariate Pearson Chi-Square                  0.008
       Univariate Log-Likelihood Chi-Square           0.008
     ETH2
       Category 1        0.928        0.928           0.020
       Category 2        0.072        0.072          -0.020
       Univariate Pearson Chi-Square                  0.000
       Univariate Log-Likelihood Chi-Square           0.000
     ETH3
       Category 1        0.914        0.914           0.010
       Category 2        0.086        0.086          -0.010
       Univariate Pearson Chi-Square                  0.000
       Univariate Log-Likelihood Chi-Square           0.000
     ETH4
       Category 1        0.729        0.730          -0.033
       Category 2        0.271        0.270           0.033
       Univariate Pearson Chi-Square                  0.001
       Univariate Log-Likelihood Chi-Square           0.001
     ETH5
       Category 1        0.923        0.923          -0.026
       Category 2        0.077        0.077           0.026
       Univariate Pearson Chi-Square                  0.001
       Univariate Log-Likelihood Chi-Square           0.001

       Overall Univariate Pearson Chi-Square                         0.011
       Overall Univariate Log-Likelihood Chi-Square                  0.011


     BIVARIATE MODEL FIT INFORMATION

                                              Estimated Probabilities
                                                                 Standardized
     Variable       Variable              H1           H0          Residual
                                                                  (z-score)
     ETH1           ETH2
       Category 1     Category 1        0.911        0.901           6.265
       Category 1     Category 2        0.041        0.050          -8.645
       Category 2     Category 1        0.017        0.026         -11.658
       Category 2     Category 2        0.032        0.022          12.721
       Bivariate Pearson Chi-Square                                449.208
       Bivariate Log-Likelihood Chi-Square                         456.054
     ETH1           ETH3
       Category 1     Category 1        0.889        0.886           2.043
       Category 1     Category 2        0.062        0.066          -2.693
       Category 2     Category 1        0.025        0.028          -3.925
       Category 2     Category 2        0.024        0.021           4.676
       Bivariate Pearson Chi-Square                                 53.653
       Bivariate Log-Likelihood Chi-Square                          53.244
     ETH1           ETH4
       Category 1     Category 1        0.714        0.714           0.108
       Category 1     Category 2        0.237        0.238          -0.156
       Category 2     Category 1        0.016        0.016          -0.509
       Category 2     Category 2        0.033        0.033           0.454
       Bivariate Pearson Chi-Square                                  0.586
       Bivariate Log-Likelihood Chi-Square                           0.587
     ETH1           ETH5
       Category 1     Category 1        0.900        0.897           2.039
       Category 1     Category 2        0.051        0.054          -2.812
       Category 2     Category 1        0.023        0.026          -3.933
       Category 2     Category 2        0.026        0.023           4.331
       Bivariate Pearson Chi-Square                                 50.773
       Bivariate Log-Likelihood Chi-Square                          50.748
     ETH2           ETH3
       Category 1     Category 1        0.869        0.870          -0.903
       Category 1     Category 2        0.059        0.057           1.327
       Category 2     Category 1        0.045        0.043           1.503
       Category 2     Category 2        0.028        0.029          -1.854
       Bivariate Pearson Chi-Square                                  8.929
       Bivariate Log-Likelihood Chi-Square                           8.956
     ETH2           ETH4
       Category 1     Category 1        0.706        0.704           0.966
       Category 1     Category 2        0.221        0.224          -1.047
       Category 2     Category 1        0.023        0.026          -2.882
       Category 2     Category 2        0.049        0.047           2.133
       Bivariate Pearson Chi-Square                                 16.668
       Bivariate Log-Likelihood Chi-Square                          16.894
     ETH2           ETH5
       Category 1     Category 1        0.883        0.882           0.636
       Category 1     Category 2        0.044        0.045          -0.962
       Category 2     Category 1        0.040        0.041          -1.070
       Category 2     Category 2        0.033        0.032           1.178
       Bivariate Pearson Chi-Square                                  4.147
       Bivariate Log-Likelihood Chi-Square                           4.149
     ETH3           ETH4
       Category 1     Category 1        0.696        0.690           2.531
       Category 1     Category 2        0.218        0.223          -2.804
       Category 2     Category 1        0.033        0.039          -6.099
       Category 2     Category 2        0.053        0.047           5.580
       Bivariate Pearson Chi-Square                                 90.354
       Bivariate Log-Likelihood Chi-Square                          91.356
     ETH3           ETH5
       Category 1     Category 1        0.870        0.866           2.469
       Category 1     Category 2        0.043        0.047          -3.943
       Category 2     Category 1        0.053        0.057          -3.656
       Category 2     Category 2        0.034        0.029           4.996
       Bivariate Pearson Chi-Square                                 64.488
       Bivariate Log-Likelihood Chi-Square                          64.119
     ETH4           ETH5
       Category 1     Category 1        0.701        0.701           0.301
       Category 1     Category 2        0.028        0.029          -0.911
       Category 2     Category 1        0.222        0.222          -0.347
       Category 2     Category 2        0.049        0.048           0.744
       Bivariate Pearson Chi-Square                                  1.787
       Bivariate Log-Likelihood Chi-Square                           1.792

       Overall Bivariate Pearson Chi-Square                        740.593
       Overall Bivariate Log-Likelihood Chi-Square                 747.899


TECHNICAL 11 OUTPUT

     Random Starts Specifications for the k-1 Class Analysis Model
        Number of initial stage random starts                 100
        Number of final stage optimizations                    50



     VUONG-LO-MENDELL-RUBIN LIKELIHOOD RATIO TEST FOR 1 (H0) VERSUS 2 CLASSES

          H0 Loglikelihood Value                       -79684.314
          2 Times the Loglikelihood Difference          19276.053
          Difference in the Number of Parameters                6
          Mean                                              6.867
          Standard Deviation                               42.720
          P-Value                                          0.0000

     LO-MENDELL-RUBIN ADJUSTED LRT TEST

          Value                                         18983.698
          P-Value                                          0.0000


SAVEDATA INFORMATION


  Save file
    ETH_Prob_C3cl2.dat

  Order and format of variables

    ETH1           F10.3
    ETH2           F10.3
    ETH3           F10.3
    ETH4           F10.3
    ETH5           F10.3
    CPROB1         F10.3
    CPROB2         F10.3
    C              F10.3
    WS             F10.3
    IDSTUD         I9
    ID_S           I5
    ID_J           I5

  Save file format
    9F10.3 I9 2I5

  Save file record length    10000

  Save missing symbol        *


     Beginning Time:  19:25:44
        Ending Time:  19:25:50
       Elapsed Time:  00:00:06



MUTHEN & MUTHEN
3463 Stoner Ave.
Los Angeles, CA  90066

Tel: (310) 391-9971
Fax: (310) 391-8971
Web: www.StatModel.com
Support: Support@StatModel.com

Copyright (c) 1998-2020 Muthen & Muthen
