Mplus VERSION 8.5 (Mac)
MUTHEN & MUTHEN
03/31/2021  10:36 PM

INPUT INSTRUCTIONS

  TITLE: LCA C3 GND with 6 classes;
  DATA:
  FILE = GND_Dta_C3.dat;

  VARIABLE:
  NAMES = id_i
  id_j
  id_r
  id_s
  id_k
  wt
  ws
  GND1
  GND2
  GND3
  GND4
  GND5
  GND6
  IDSTUD;
  IDVARIABLE = IDSTUD;
  USEVARIABLES = GND1
  GND2
  GND3
  GND4
  GND5
  GND6;
  CATEGORICAL = GND1
  GND2
  GND3
  GND4
  GND5
  GND6;
  MISSING = .;
  CLASSES = c(6);
  WEIGHT = ws;
  STRATIFICATION = id_s;
  CLUSTER = id_j;

  ANALYSIS:
  TYPE = COMPLEX MIXTURE;
  PROCESSORS = 4;
  STARTS = 100 50;
  STITERATIONS = 5;
  STSEED = 288;

  OUTPUT:
  TECH10
  TECH11
  TECH14;
  SVALUES
  ;

  SAVEDATA:
  FILE = GND_Prob_C3cl6.dat;
  SAVE = CPROBABILITIES;



*** WARNING in OUTPUT command
  TECH14 option is not available for TYPE=MIXTURE COMPLEX.
  Request for TECH14 is ignored.
*** WARNING
  Data set contains cases with missing on all variables.
  These cases were not included in the analysis.
  Number of cases with missing on all variables:  906
   2 WARNING(S) FOUND IN THE INPUT INSTRUCTIONS



LCA C3 GND with 6 classes;

SUMMARY OF ANALYSIS

Number of groups                                                 1
Number of observations                                       50431

Number of dependent variables                                    6
Number of independent variables                                  0
Number of continuous latent variables                            0
Number of categorical latent variables                           1

Observed dependent variables

  Binary and ordered categorical (ordinal)
   GND1        GND2        GND3        GND4        GND5        GND6

Categorical latent variables
   C

Variables with special functions

  Stratification        ID_S
  Cluster variable      ID_J
  Weight variable       WS
  ID variable           IDSTUD

Estimator                                                      MLR
Information matrix                                        OBSERVED
Optimization Specifications for the Quasi-Newton Algorithm for
Continuous Outcomes
  Maximum number of iterations                                 100
  Convergence criterion                                  0.100D-05
Optimization Specifications for the EM Algorithm
  Maximum number of iterations                                 500
  Convergence criteria
    Loglikelihood change                                 0.100D-06
    Relative loglikelihood change                        0.100D-06
    Derivative                                           0.100D-05
Optimization Specifications for the M step of the EM Algorithm for
Categorical Latent variables
  Number of M step iterations                                    1
  M step convergence criterion                           0.100D-05
  Basis for M step termination                           ITERATION
Optimization Specifications for the M step of the EM Algorithm for
Censored, Binary or Ordered Categorical (Ordinal), Unordered
Categorical (Nominal) and Count Outcomes
  Number of M step iterations                                    1
  M step convergence criterion                           0.100D-05
  Basis for M step termination                           ITERATION
  Maximum value for logit thresholds                            15
  Minimum value for logit thresholds                           -15
  Minimum expected cell size for chi-square              0.100D-01
Maximum number of iterations for H1                           2000
Convergence criterion for H1                             0.100D-03
Optimization algorithm                                         EMA
Random Starts Specifications
  Number of initial stage random starts                        100
  Number of final stage optimizations                           50
  Number of initial stage iterations                             5
  Initial stage convergence criterion                    0.100D+01
  Random starts scale                                    0.500D+01
  Random seed for generating random starts                     288
Link                                                         LOGIT

Input data file(s)
  GND_Dta_C3.dat
Input data format  FREE


SUMMARY OF DATA

     Number of missing data patterns            50
     Number of y missing data patterns           0
     Number of u missing data patterns          50
     Number of strata                         1034
     Number of clusters                       2883


COVARIANCE COVERAGE OF DATA

Minimum covariance coverage value   0.100


     PROPORTION OF DATA PRESENT FOR U


           Covariance Coverage
              GND1          GND2          GND3          GND4          GND5
              ________      ________      ________      ________      ________
 GND1           0.998
 GND2           0.994         0.995
 GND3           0.990         0.988         0.991
 GND4           0.990         0.989         0.985         0.992
 GND5           0.992         0.990         0.986         0.987         0.993
 GND6           0.991         0.990         0.986         0.987         0.989


           Covariance Coverage
              GND6
              ________
 GND6           0.993


UNIVARIATE PROPORTIONS AND COUNTS FOR CATEGORICAL VARIABLES

    GND1
      Category 1    0.968        48702.024
      Category 2    0.032         1607.602
    GND2
      Category 1    0.938        47053.489
      Category 2    0.062         3132.704
    GND3
      Category 1    0.898        44903.037
      Category 2    0.102         5075.484
    GND4
      Category 1    0.830        41506.207
      Category 2    0.170         8524.631
    GND5
      Category 1    0.929        46557.903
      Category 2    0.071         3547.369
    GND6
      Category 1    0.794        39752.585
      Category 2    0.206        10339.594


RANDOM STARTS RESULTS RANKED FROM THE BEST TO THE WORST LOGLIKELIHOOD VALUES

Final stage loglikelihood values at local maxima, seeds, and initial stage start numbers:

          -82136.312  199816           11
          -82136.312  808818           46
          -82136.312  370680           94
          -82136.312  699594           29
          -82136.312  219014           75
          -82136.312  468408           60
          -82136.312  960487           74
          -82136.312  704750           1
          -82136.312  14596            96
          -82136.312  829916           15
          -82136.393  983906           53
          -82136.573  3314             35
          -82138.040  413332           92
          -82138.040  996880           39
          -82138.314  21724            20
          -82139.712  323102           100
          -82139.712  163922           30
          -82141.646  902664           49
          -82144.701  682993           4
          -82146.327  339904           18
          -82148.760  378526           99
          -82149.747  1583             21
          -82150.623  578065           8
          -82152.063  609201           3
          -82153.196  514978           7
          -82155.802  88374            6
          -82285.671  692367           5

23 perturbed starting value run(s) did not converge or were rejected in the third stage.



THE BEST LOGLIKELIHOOD VALUE HAS BEEN REPLICATED.  RERUN WITH AT LEAST TWICE THE
RANDOM STARTS TO CHECK THAT THE BEST LOGLIKELIHOOD IS STILL OBTAINED AND REPLICATED.

     IN THE OPTIMIZATION, ONE OR MORE LOGIT THRESHOLDS APPROACHED EXTREME VALUES
     OF -15.000 AND 15.000 AND WERE FIXED TO STABILIZE MODEL ESTIMATION.  THESE
     VALUES IMPLY PROBABILITIES OF 0 AND 1.  IN THE MODEL RESULTS SECTION, THESE
     PARAMETERS HAVE 0 STANDARD ERRORS AND 999 IN THE Z-SCORE AND P-VALUE COLUMNS.


     WARNING:  THE VARIANCE CONTRIBUTION FROM A STRATUM WITH A SINGLE CLUSTER
     (PSU) IS BASED ON THE DIFFERENCE BETWEEN THE SINGLE CLUSTER VALUE AND
     THE OVERALL CLUSTER MEAN.




THE MODEL ESTIMATION TERMINATED NORMALLY



MODEL FIT INFORMATION

Number of Free Parameters                       41

Loglikelihood

          H0 Value                      -82136.312
          H0 Scaling Correction Factor      1.5336
            for MLR

Information Criteria

          Akaike (AIC)                  164354.624
          Bayesian (BIC)                164716.587
          Sample-Size Adjusted BIC      164586.289
            (n* = (n + 2) / 24)

Chi-Square Test of Model Fit for the Binary and Ordered Categorical
(Ordinal) Outcomes**

          Pearson Chi-Square

          Value                             61.097
          Degrees of Freedom                    21
          P-Value                           0.0000

          Likelihood Ratio Chi-Square

          Value                             63.775
          Degrees of Freedom                    21
          P-Value                           0.0000

** Of the 644 cells in the latent class indicator table, 1
   were deleted in the calculation of chi-square due to extreme values.

Chi-Square Test for MCAR under the Unrestricted Latent Class Indicator Model

          Pearson Chi-Square

          Value                           1676.600
          Degrees of Freedom                   531
          P-Value                           0.0000

          Likelihood Ratio Chi-Square

          Value                            469.042
          Degrees of Freedom                   531
          P-Value                           0.9750



FINAL CLASS COUNTS AND PROPORTIONS FOR THE LATENT CLASSES
BASED ON THE ESTIMATED MODEL

    Latent
   Classes

       1        278.26059          0.00552
       2       1161.91941          0.02304
       3       2083.88188          0.04132
       4      39629.98333          0.78583
       5       4355.60488          0.08637
       6       2921.34991          0.05793


FINAL CLASS COUNTS AND PROPORTIONS FOR THE LATENT CLASSES
BASED ON ESTIMATED POSTERIOR PROBABILITIES

    Latent
   Classes

       1        278.26059          0.00552
       2       1161.91941          0.02304
       3       2083.88188          0.04132
       4      39629.98333          0.78583
       5       4355.60488          0.08637
       6       2921.34991          0.05793


FINAL CLASS COUNTS AND PROPORTIONS FOR THE LATENT CLASSES
BASED ON THEIR MOST LIKELY LATENT CLASS MEMBERSHIP

Class Counts and Proportions

    Latent
   Classes

       1              186          0.00368
       2             1063          0.02108
       3             1406          0.02788
       4            41514          0.82319
       5             4605          0.09132
       6             1656          0.03284


CLASSIFICATION QUALITY

     Entropy                         0.825


Average Latent Class Probabilities for Most Likely Latent Class Membership (Row)
by Latent Class (Column)

           1        2        3        4        5        6

    1   0.887    0.052    0.003    0.001    0.000    0.057
    2   0.004    0.767    0.092    0.000    0.046    0.092
    3   0.022    0.086    0.548    0.086    0.037    0.220
    4   0.000    0.000    0.023    0.943    0.012    0.021
    5   0.000    0.021    0.059    0.045    0.776    0.098
    6   0.040    0.068    0.001    0.085    0.102    0.705


Classification Probabilities for the Most Likely Latent Class Membership (Column)
by Latent Class (Row)

           1        2        3        4        5        6

    1   0.592    0.013    0.111    0.048    0.000    0.235
    2   0.008    0.702    0.104    0.007    0.082    0.097
    3   0.000    0.047    0.370    0.451    0.131    0.001
    4   0.000    0.000    0.003    0.988    0.005    0.004
    5   0.000    0.011    0.012    0.117    0.821    0.039
    6   0.004    0.033    0.106    0.303    0.155    0.400


Logits for the Classification Probabilities for the Most Likely Latent Class Membership (Column)
by Latent Class (Row)

              1        2        3        4        5        6

    1      0.923   -2.858   -0.747   -1.593   -8.689    0.000
    2     -2.463    1.980    0.075   -2.696   -0.162    0.000
    3     -1.135    3.880    5.947    6.145    4.911    0.000
    4     -6.745   -6.289   -0.147    5.632    0.393    0.000
    5    -10.565   -1.237   -1.171    1.104    3.053    0.000
    6     -4.712   -2.482   -1.327   -0.277   -0.948    0.000


MODEL RESULTS

                                                    Two-Tailed
                    Estimate       S.E.  Est./S.E.    P-Value

Latent Class 1

 Thresholds
    GND1$1            -1.083      0.354     -3.063      0.002
    GND2$1            -2.830      0.916     -3.088      0.002
    GND3$1             3.228      0.739      4.368      0.000
    GND4$1             2.848      0.643      4.431      0.000
    GND5$1            -1.770      0.734     -2.411      0.016
    GND6$1             4.301      2.847      1.511      0.131

Latent Class 2

 Thresholds
    GND1$1            -0.614      0.231     -2.653      0.008
    GND2$1            -0.800      0.295     -2.712      0.007
    GND3$1            -1.161      0.272     -4.265      0.000
    GND4$1            -1.228      0.205     -5.993      0.000
    GND5$1            -0.024      0.140     -0.173      0.863
    GND6$1            -2.338      0.295     -7.926      0.000

Latent Class 3

 Thresholds
    GND1$1             1.581      0.377      4.190      0.000
    GND2$1             0.330      0.291      1.135      0.256
    GND3$1             1.021      0.386      2.646      0.008
    GND4$1             0.617      0.355      1.741      0.082
    GND5$1            15.000      0.000    999.000    999.000
    GND6$1             0.324      0.344      0.940      0.347

Latent Class 4

 Thresholds
    GND1$1             6.499      0.464     14.013      0.000
    GND2$1             4.379      0.200     21.843      0.000
    GND3$1             4.176      0.087     47.922      0.000
    GND4$1             3.022      0.082     36.932      0.000
    GND5$1             3.718      0.072     51.446      0.000
    GND6$1             2.491      0.048     52.040      0.000

Latent Class 5

 Thresholds
    GND1$1             5.081      1.852      2.743      0.006
    GND2$1             3.973      0.939      4.233      0.000
    GND3$1            -0.374      0.153     -2.442      0.015
    GND4$1            -1.580      0.133    -11.914      0.000
    GND5$1             2.555      0.208     12.304      0.000
    GND6$1            -2.015      0.155    -13.016      0.000

Latent Class 6

 Thresholds
    GND1$1             2.535      0.427      5.935      0.000
    GND2$1             1.247      0.145      8.590      0.000
    GND3$1             1.483      0.255      5.821      0.000
    GND4$1            -0.090      0.149     -0.603      0.547
    GND5$1            -0.054      1.261     -0.043      0.966
    GND6$1            -0.229      0.181     -1.262      0.207

Categorical Latent Variables

 Means
    C#1               -2.351      0.613     -3.836      0.000
    C#2               -0.922      0.527     -1.750      0.080
    C#3               -0.338      1.156     -0.292      0.770
    C#4                2.608      0.619      4.210      0.000
    C#5                0.399      0.729      0.548      0.584


RESULTS IN PROBABILITY SCALE

Latent Class 1

 GND1
    Category 1         0.253      0.067      3.787      0.000
    Category 2         0.747      0.067     11.183      0.000
 GND2
    Category 1         0.056      0.048      1.156      0.248
    Category 2         0.944      0.048     19.575      0.000
 GND3
    Category 1         0.962      0.027     35.504      0.000
    Category 2         0.038      0.027      1.407      0.160
 GND4
    Category 1         0.945      0.033     28.407      0.000
    Category 2         0.055      0.033      1.646      0.100
 GND5
    Category 1         0.146      0.091      1.595      0.111
    Category 2         0.854      0.091      9.358      0.000
 GND6
    Category 1         0.987      0.038     26.261      0.000
    Category 2         0.013      0.038      0.356      0.722

Latent Class 2

 GND1
    Category 1         0.351      0.053      6.666      0.000
    Category 2         0.649      0.053     12.312      0.000
 GND2
    Category 1         0.310      0.063      4.915      0.000
    Category 2         0.690      0.063     10.937      0.000
 GND3
    Category 1         0.239      0.049      4.827      0.000
    Category 2         0.761      0.049     15.405      0.000
 GND4
    Category 1         0.226      0.036      6.308      0.000
    Category 2         0.774      0.036     21.545      0.000
 GND5
    Category 1         0.494      0.035     14.135      0.000
    Category 2         0.506      0.035     14.482      0.000
 GND6
    Category 1         0.088      0.024      3.718      0.000
    Category 2         0.912      0.024     38.507      0.000

Latent Class 3

 GND1
    Category 1         0.829      0.053     15.530      0.000
    Category 2         0.171      0.053      3.196      0.001
 GND2
    Category 1         0.582      0.071      8.222      0.000
    Category 2         0.418      0.071      5.911      0.000
 GND3
    Category 1         0.735      0.075      9.786      0.000
    Category 2         0.265      0.075      3.525      0.000
 GND4
    Category 1         0.650      0.081      8.048      0.000
    Category 2         0.350      0.081      4.341      0.000
 GND5
    Category 1         1.000      0.000      0.000      1.000
    Category 2         0.000      0.000      0.000      1.000
 GND6
    Category 1         0.580      0.084      6.916      0.000
    Category 2         0.420      0.084      5.003      0.000

Latent Class 4

 GND1
    Category 1         0.998      0.001   1435.314      0.000
    Category 2         0.002      0.001      2.159      0.031
 GND2
    Category 1         0.988      0.002    402.747      0.000
    Category 2         0.012      0.002      5.051      0.000
 GND3
    Category 1         0.985      0.001    758.475      0.000
    Category 2         0.015      0.001     11.652      0.000
 GND4
    Category 1         0.954      0.004    263.129      0.000
    Category 2         0.046      0.004     12.817      0.000
 GND5
    Category 1         0.976      0.002    583.781      0.000
    Category 2         0.024      0.002     14.172      0.000
 GND6
    Category 1         0.924      0.003    273.184      0.000
    Category 2         0.076      0.003     22.616      0.000

Latent Class 5

 GND1
    Category 1         0.994      0.011     87.404      0.000
    Category 2         0.006      0.011      0.543      0.587
 GND2
    Category 1         0.982      0.017     57.674      0.000
    Category 2         0.018      0.017      1.086      0.278
 GND3
    Category 1         0.408      0.037     11.022      0.000
    Category 2         0.592      0.037     16.020      0.000
 GND4
    Category 1         0.171      0.019      9.091      0.000
    Category 2         0.829      0.019     44.153      0.000
 GND5
    Category 1         0.928      0.014     66.807      0.000
    Category 2         0.072      0.014      5.189      0.000
 GND6
    Category 1         0.118      0.016      7.322      0.000
    Category 2         0.882      0.016     54.905      0.000

Latent Class 6

 GND1
    Category 1         0.927      0.029     31.879      0.000
    Category 2         0.073      0.029      2.526      0.012
 GND2
    Category 1         0.777      0.025     30.860      0.000
    Category 2         0.223      0.025      8.864      0.000
 GND3
    Category 1         0.815      0.038     21.219      0.000
    Category 2         0.185      0.038      4.815      0.000
 GND4
    Category 1         0.478      0.037     12.860      0.000
    Category 2         0.522      0.037     14.068      0.000
 GND5
    Category 1         0.487      0.315      1.545      0.122
    Category 2         0.513      0.315      1.630      0.103
 GND6
    Category 1         0.443      0.045      9.917      0.000
    Category 2         0.557      0.045     12.464      0.000


LATENT CLASS ODDS RATIO RESULTS

                                                95% C.I.
                    Estimate       S.E.  Lower 2.5% Upper 2.5%

Latent Class 1 Compared to Latent Class 2

 GND1
    Category > 1       1.599      0.727      0.656      3.897
 GND2
    Category > 1       7.612      6.450      1.446     40.063
 GND3
    Category > 1       0.012      0.010      0.002      0.063
 GND4
    Category > 1       0.017      0.012      0.004      0.064
 GND5
    Category > 1       5.728      4.271      1.328     24.698
 GND6
    Category > 1       0.001      0.004      0.000      0.334

Latent Class 1 Compared to Latent Class 3

 GND1
    Category > 1      14.351      6.126      6.216     33.133
 GND2
    Category > 1      23.562     22.096      3.749    148.067
 GND3
    Category > 1       0.110      0.089      0.023      0.536
 GND4
    Category > 1       0.107      0.076      0.027      0.433
 GND5
    Category > 1   *********      0.000  *********  *********
 GND6
    Category > 1       0.019      0.052      0.000      4.333

Latent Class 1 Compared to Latent Class 4

 GND1
    Category > 1    1963.069   1090.016    661.131   5828.861
 GND2
    Category > 1    1350.638   1243.857    222.136   8212.193
 GND3
    Category > 1       2.579      1.927      0.596     11.158
 GND4
    Category > 1       1.189      0.777      0.330      4.280
 GND5
    Category > 1     241.730    175.563     58.225   1003.578
 GND6
    Category > 1       0.164      0.466      0.001     43.166

Latent Class 1 Compared to Latent Class 5

 GND1
    Category > 1     475.155    928.585     10.311  21895.299
 GND2
    Category > 1     899.890   1117.042     78.989  10252.122
 GND3
    Category > 1       0.027      0.020      0.006      0.118
 GND4
    Category > 1       0.012      0.008      0.003      0.042
 GND5
    Category > 1      75.549     57.830     16.852    338.693
 GND6
    Category > 1       0.002      0.005      0.000      0.483

Latent Class 1 Compared to Latent Class 6

 GND1
    Category > 1      37.264     22.557     11.377    122.058
 GND2
    Category > 1      58.971     53.027     10.121    343.600
 GND3
    Category > 1       0.175      0.140      0.036      0.840
 GND4
    Category > 1       0.053      0.035      0.015      0.190
 GND5
    Category > 1       5.561      7.307      0.423     73.056
 GND6
    Category > 1       0.011      0.031      0.000      2.774

Latent Class 2 Compared to Latent Class 3

 GND1
    Category > 1       8.975      4.360      3.463     23.257
 GND2
    Category > 1       3.095      1.233      1.418      6.759
 GND3
    Category > 1       8.861      4.330      3.400     23.092
 GND4
    Category > 1       6.332      2.147      3.258     12.307
 GND5
    Category > 1   *********      0.000  *********  *********
 GND6
    Category > 1      14.317      5.260      6.968     29.416

Latent Class 2 Compared to Latent Class 4

 GND1
    Category > 1    1227.695    627.135    451.097   3341.270
 GND2
    Category > 1     177.440     61.301     90.152    349.243
 GND3
    Category > 1     207.745     53.624    125.260    344.547
 GND4
    Category > 1      70.114     13.196     48.483    101.394
 GND5
    Category > 1      42.201      6.333     31.448     56.632
 GND6
    Category > 1     125.091     35.290     71.958    217.455

Latent Class 2 Compared to Latent Class 5

 GND1
    Category > 1     297.160    521.532      9.529   9266.685
 GND2
    Category > 1     118.223    108.641     19.520    716.023
 GND3
    Category > 1       2.196      0.789      1.086      4.440
 GND4
    Category > 1       0.703      0.176      0.430      1.150
 GND5
    Category > 1      13.189      3.335      8.035     21.649
 GND6
    Category > 1       1.381      0.473      0.706      2.701

Latent Class 2 Compared to Latent Class 6

 GND1
    Category > 1      23.305      8.288     11.607     46.792
 GND2
    Category > 1       7.747      2.081      4.576     13.117
 GND3
    Category > 1      14.066      3.524      8.608     22.985
 GND4
    Category > 1       3.122      0.706      2.005      4.862
 GND5
    Category > 1       0.971      1.187      0.088     10.671
 GND6
    Category > 1       8.240      2.422      4.632     14.660

Latent Class 3 Compared to Latent Class 4

 GND1
    Category > 1     136.792     75.502     46.370    403.542
 GND2
    Category > 1      57.323     17.701     31.296    104.996
 GND3
    Category > 1      23.445      9.236     10.832     50.745
 GND4
    Category > 1      11.074      3.460      6.002     20.430
 GND5
    Category > 1       0.000      0.000      0.000      0.000
 GND6
    Category > 1       8.737      2.890      4.569     16.708

Latent Class 3 Compared to Latent Class 5

 GND1
    Category > 1      33.110     66.292      0.654   1675.874
 GND2
    Category > 1      38.193     38.473      5.303    275.065
 GND3
    Category > 1       0.248      0.078      0.134      0.458
 GND4
    Category > 1       0.111      0.044      0.051      0.240
 GND5
    Category > 1       0.000      0.000      0.000      0.000
 GND6
    Category > 1       0.096      0.036      0.046      0.202

Latent Class 3 Compared to Latent Class 6

 GND1
    Category > 1       2.597      1.674      0.734      9.187
 GND2
    Category > 1       2.503      0.764      1.375      4.554
 GND3
    Category > 1       1.587      0.790      0.598      4.211
 GND4
    Category > 1       0.493      0.177      0.244      0.995
 GND5
    Category > 1       0.000      0.000      0.000      0.000
 GND6
    Category > 1       0.576      0.196      0.295      1.124

Latent Class 4 Compared to Latent Class 5

 GND1
    Category > 1       0.242      0.457      0.006      9.819
 GND2
    Category > 1       0.666      0.705      0.084      5.297
 GND3
    Category > 1       0.011      0.002      0.007      0.015
 GND4
    Category > 1       0.010      0.002      0.007      0.014
 GND5
    Category > 1       0.313      0.076      0.194      0.504
 GND6
    Category > 1       0.011      0.002      0.008      0.016

Latent Class 4 Compared to Latent Class 6

 GND1
    Category > 1       0.019      0.011      0.006      0.060
 GND2
    Category > 1       0.044      0.011      0.027      0.070
 GND3
    Category > 1       0.068      0.017      0.041      0.111
 GND4
    Category > 1       0.045      0.006      0.034      0.058
 GND5
    Category > 1       0.023      0.028      0.002      0.259
 GND6
    Category > 1       0.066      0.011      0.048      0.090

Latent Class 5 Compared to Latent Class 6

 GND1
    Category > 1       0.078      0.131      0.003      2.052
 GND2
    Category > 1       0.066      0.060      0.011      0.395
 GND3
    Category > 1       6.406      2.204      3.264     12.574
 GND4
    Category > 1       4.440      0.947      2.923      6.744
 GND5
    Category > 1       0.074      0.100      0.005      1.046
 GND6
    Category > 1       5.967      1.535      3.604      9.878


QUALITY OF NUMERICAL RESULTS

     Condition Number for the Information Matrix              0.190E-04
       (ratio of smallest to largest eigenvalue)


MODEL COMMAND WITH FINAL ESTIMATES USED AS STARTING VALUES

     %OVERALL%

     [ c#1*-2.35124 ];
     [ c#2*-0.92197 ];
     [ c#3*-0.33781 ];
     [ c#4*2.60754 ];
     [ c#5*0.39942 ];

     %C#1%

     [ gnd1$1*-1.08289 ];
     [ gnd2$1*-2.82958 ];
     [ gnd3$1*3.22840 ];
     [ gnd4$1*2.84846 ];
     [ gnd5$1*-1.76957 ];
     [ gnd6$1*4.30073 ];

     %C#2%

     [ gnd1$1*-0.61352 ];
     [ gnd2$1*-0.79988 ];
     [ gnd3$1*-1.16051 ];
     [ gnd4$1*-1.22824 ];
     [ gnd5$1*-0.02420 ];
     [ gnd6$1*-2.33757 ];

     %C#3%

     [ gnd1$1*1.58091 ];
     [ gnd2$1*0.33005 ];
     [ gnd3$1*1.02113 ];
     [ gnd4$1*0.61730 ];
     [ gnd5$1*15 ];
     [ gnd6$1*0.32388 ];

     %C#4%

     [ gnd1$1*6.49937 ];
     [ gnd2$1*4.37875 ];
     [ gnd3$1*4.17580 ];
     [ gnd4$1*3.02188 ];
     [ gnd5$1*3.71825 ];
     [ gnd6$1*2.49147 ];

     %C#5%

     [ gnd1$1*5.08075 ];
     [ gnd2$1*3.97269 ];
     [ gnd3$1*-0.37399 ];
     [ gnd4$1*-1.58035 ];
     [ gnd5$1*2.55521 ];
     [ gnd6$1*-2.01478 ];

     %C#6%

     [ gnd1$1*2.53514 ];
     [ gnd2$1*1.24747 ];
     [ gnd3$1*1.48326 ];
     [ gnd4$1*-0.08971 ];
     [ gnd5$1*-0.05378 ];
     [ gnd6$1*-0.22856 ];



TECHNICAL 10 OUTPUT


     MODEL FIT INFORMATION FOR THE LATENT CLASS INDICATOR MODEL PART


     RESPONSE PATTERNS

     No.  Pattern    No.  Pattern    No.  Pattern    No.  Pattern
       1  000000       2  000001       3  000010       4  000011
       5  000100       6  000101       7  000110       8  000111
       9  001000      10  001001      11  001010      12  001011
      13  001100      14  001101      15  001110      16  001111
      17  010000      18  010001      19  010010      20  010011
      21  010100      22  010101      23  010110      24  010111
      25  011000      26  011001      27  011010      28  011011
      29  011100      30  011101      31  011110      32  011111
      33  100000      34  100001      35  100010      36  100011
      37  100100      38  100101      39  100110      40  100111
      41  101000      42  101001      43  101010      44  101011
      45  101100      46  101101      47  101110      48  101111
      49  110000      50  110001      51  110010      52  110011
      53  110100      54  110101      55  110110      56  110111
      57  111000      58  111001      59  111010      60  111011
      61  111100      62  111101      63  111110      64  111111
      65  00*000      66  00*001      67  00*010      68  00*011
      69  00*100      70  00*101      71  00*110      72  00*111
      73  01*000      74  01*001      75  01*010      76  01*011
      77  01*100      78  01*101      79  01*110      80  01*111
      81  10*000      82  10*001      83  10*011      84  10*100
      85  10*101      86  10*110      87  10*111      88  11*000
      89  11*001      90  11*011      91  11*100      92  11*101
      93  11*110      94  11*111      95  000*00      96  000*01
      97  000*10      98  000*11      99  001*00     100  001*01
     101  001*10     102  001*11     103  010*00     104  010*01
     105  010*10     106  011*01     107  011*10     108  011*11
     109  100*01     110  101*11     111  110*00     112  110*11
     113  111*10     114  00000*     115  00001*     116  00010*
     117  00011*     118  00100*     119  00101*     120  00110*
     121  00111*     122  01000*     123  01001*     124  01010*
     125  01011*     126  01110*     127  10000*     128  10010*
     129  10111*     130  11001*     131  11100*     132  0000**
     133  0001**     134  0010**     135  0011**     136  0100**
     137  0101**     138  0111**     139  1001**     140  1100**
     141  *00000     142  *00001     143  *00011     144  *00100
     145  *00110     146  *01000     147  *01001     148  *01010
     149  *01100     150  *01101     151  *01110     152  *01111
     153  *10000     154  *10010     155  *10011     156  *10100
     157  *10111     158  *11001     159  *11100     160  *11111
     161  00****     162  01****     163  0000*0     164  0000*1
     165  0001*0     166  0001*1     167  0010*0     168  0010*1
     169  0011*0     170  0011*1     171  0100*0     172  0100*1
     173  0101*0     174  0111*1     175  1011*0     176  1011*1
     177  1100*0     178  1101*1     179  1110*1     180  1111*0
     181  1111*1     182  0**000     183  0**001     184  0**010
     185  0**100     186  0**101     187  0**110     188  1**010
     189  1**110     190  00*00*     191  00*01*     192  10*11*
     193  11*11*     194  0*0000     195  0*0001     196  0*0010
     197  0*0011     198  0*0100     199  0*0101     200  0*0110
     201  0*0111     202  0*1000     203  0*1001     204  0*1010
     205  0*1011     206  0*1100     207  0*1101     208  0*1111
     209  1*0000     210  1*0010     211  1*0100     212  1*1000
     213  1*1111     214  00**0*     215  00**1*     216  00**00
     217  00**01     218  00**10     219  00**11     220  01**10
     221  01**11     222  10**00     223  10**11     224  11**01
     225  000*0*     226  000*1*     227  001*0*     228  010*1*
     229  011*1*     230  111*0*     231  000***     232  001***
     233  011***     234  110***     235  **0**1     236  **1**0
     237  **00**     238  **01**     239  **11**     240  *****0
     241  0*000*     242  0*001*     243  0*010*     244  0*100*
     245  *0****     246  *1****     247  1*1**0     248  0*****
     249  1*****     250  00*0**     251  00*1**     252  01*1**
     253  00*0*0     254  00*0*1     255  00*1*0     256  00*1*1
     257  01*0*0     258  0*00*0     259  0*01*1     260  0*10*0
     261  0*10*1     262  1*10*1     263  ****00     264  ****01
     265  ****11     266  ****0*     267  ****1*     268  0*1*0*
     269  1*1*1*     270  *000**     271  *010**     272  *011**
     273  *110**     274  1**1**     275  *01***     276  0***00
     277  0***01     278  0***10     279  *0*101     280  *0*110
     281  *1*000     282  **01*1     283  0*00**     284  000**0
     285  000**1     286  001**0     287  001**1     288  100**0
     289  100**1     290  110**0     291  *0*00*     292  *00*00
     293  *10*11     294  0*0*00     295  0*1*01     296  **0000
     297  **0010     298  **1101     299  0*0***     300  *00*0*
     301  0***0*     302  0***1*     303  ***000     304  ***101
     305  ***0**     306  ***1**     307  **1***     308  **101*
     309  **110*     310  *011*1     311  **0*00     312  **0*10
     313  *0**01     314  *0**10


     RESPONSE PATTERN FREQUENCIES AND CHI-SQUARE CONTRIBUTIONS

    Response          Frequency     Standardized  Chi-square Contribution
     Pattern    Observed  Estimated   Residual    Pearson   Loglikelihood  Deleted
                                     (z-score)
         1     32993.17   32698.35       2.55       0.11         0.00
         2      3284.83    3318.63      -0.55       0.18       -21.25
         3       946.32     969.26      -0.67       0.29       -14.59
         4       350.45     314.09       1.86       3.93        96.59
         5      2042.88    2057.58      -0.30       0.00        -0.61
         6      1621.46    1627.14      -0.13      -0.17        23.57
         7       229.39     249.51      -1.15       1.15       -17.66
         8       302.76     351.87      -2.38       6.51       -70.55
         9       672.91     678.39      -0.19      -0.04         4.51
        10       504.94     512.88      -0.32      -0.04         2.23
        11        47.29      57.78      -1.25       1.70       -12.81
        12        74.87      89.13      -1.37       2.12       -19.07
        13       334.98     344.54      -0.47       0.17        -7.46
        14      1746.34    1790.48      -0.96       0.28       -12.28
        15        76.32      66.07       1.14       1.39        29.76
        16       223.13     219.36       0.23      -0.28        25.14
        17       652.23     658.21      -0.21       0.00        -0.44
        18       239.25     247.80      -0.49       0.29       -13.77
        19       102.71     112.21      -0.81      -0.02         0.27
        20        46.29      74.13      -2.93      10.30       -38.25
        21       193.94     184.45       0.63       0.45        24.55
        22       187.36     189.94      -0.17      -0.03         1.93
        23        72.23      62.81       1.08       1.24        27.32
        24       106.78      96.71       0.93       0.36        38.24
        25        90.84      90.91      -0.01      -0.01         1.27
        26        93.89      93.16       0.07      -0.01         4.08
        27        12.82      16.11      -0.74       0.54        -3.21
        28        34.13      37.22      -0.46       0.20        -3.19
        29        52.75      61.67      -1.03       1.26       -13.99
        30       141.31     146.90      -0.42      -0.02         0.44
        31        16.37      20.57      -0.84       0.78        -5.23
        32        84.44      93.21      -0.82       0.21        -2.25
        33       118.60     120.13      -0.13      -0.05         2.50
        34        58.23      68.54      -1.13       1.34       -11.94
        35        24.60      24.76      -0.03       0.00        -0.20
        36        21.47      24.07      -0.48       0.26        -3.53
        37        45.46      50.24      -0.61       0.32        -4.19
        38        59.58      66.74      -0.79       0.69        -9.29
        39         9.22      18.22      -1.91       4.36       -10.70
        40        53.24      39.70       1.94       4.50        36.10
        41        24.85      25.99      -0.20       0.04        -1.10
        42        53.08      38.30       2.16       5.62        38.77
        43         9.85       5.39       1.74       3.69        12.12
        44        36.71      22.38       2.74       9.08        39.94
        45        21.32      21.48      -0.03      -0.05         1.78
        46        80.30      82.82      -0.25       0.07        -3.08
        47         4.95       9.67      -1.37       2.15        -4.90
        48        37.83      67.14      -3.24      12.56       -37.43
        49        69.50      70.82      -0.14      -0.01         0.32
        50        50.80      46.69       0.54       0.36         7.64
        51       145.62     151.85      -0.46       0.00         0.11
        52        20.59      19.81       0.16      -0.19         5.85
        53        31.21      31.49      -0.05      -0.02         1.27
        54        61.84      63.29      -0.16       0.02        -0.80
        55        15.86      17.17      -0.29       0.09        -1.82
        56        36.58      48.93      -1.60       2.96       -16.48
        57        16.71      20.15      -0.69       0.55        -4.73
        58        46.66      50.97      -0.55       0.30        -4.81
        59        10.53      10.63      -0.03       0.00         0.11
        60        23.09      41.56      -2.59       8.17       -25.22
        61        20.26      21.83      -0.30       0.08        -1.28
        62       137.12     141.41      -0.33       0.09        -4.01
        63        17.34      14.65       0.63       0.41         8.27
        64       164.47     138.95       1.96       4.68        54.60
        65        84.79     199.67     -12.99      -0.04         0.04
        66        32.96      22.92       1.97      -0.06        -0.17
        67        10.48       6.14       1.60      -0.17        -0.30
        68         5.57       2.41       1.84       0.83         0.95
        69        24.85      14.37       2.56      -0.05        -0.09
        70        40.73      20.44       4.21       0.10         0.13
        71         5.73       1.89       2.54       0.23         0.17
        72        10.67       3.42       3.57      -1.43        -0.99
        73        10.77       4.48       2.71       0.01         0.01
        74         3.67       2.04       1.04      -0.07        -0.11
        75         6.07       0.77       5.48      -0.65        -0.17
        76         1.22       0.67       0.61      -0.55        -0.67
        77         3.54       1.47       1.55       0.12         0.13
        78         9.22       2.02       4.61       0.14         0.07
        79         3.05       0.50       3.26       1.94         0.69
        80         9.85       1.14       7.41       7.18         1.76
        81         3.38       0.87       2.42       0.06         0.03
        82         6.43       0.64       6.56       5.58         1.17
        83         2.41       0.28       3.67       4.85         1.29
        84         1.18       0.43       1.04      -0.05        -0.04
        85         2.95       0.89       1.96      -0.41        -0.26
        86         0.75       0.17       1.30      -2.42        -0.83
        87         2.62       0.64       2.24      -1.07        -0.52
        88         2.52       0.54       2.42      -0.31        -0.14
        89         0.70       0.58       0.13       0.00         0.02
        90         1.32       0.37       1.42      -1.38        -0.71
        91         0.88       0.32       0.90       0.00         0.00
        92         4.31       1.22       2.53      -0.17        -0.10
        93         0.65       0.19       0.95       0.17         0.12
        94         0.50       1.12      -0.53      -0.07         0.08
        95       139.17     162.56      -3.07      -0.01         0.05
        96        32.72      23.13       1.90       0.01         0.02
        97        10.11       5.70       1.69      -0.17        -0.28
        98         5.98       3.11       1.48       0.10         0.14
        99         3.81       4.78      -0.41       0.00        -0.01
       100        16.14      10.77       1.52      -0.03        -0.07
       101         1.09       0.58       0.60       0.08         0.12
       102         1.91       1.44       0.36       0.01         0.03
       103         4.64       3.94       0.32       0.02         0.13
       104         1.08       2.05      -0.62       0.02        -0.03
       105         0.97       0.82       0.15       0.02         0.14
       106         3.23       1.12       1.80       0.08         0.06
       107         1.06       0.17       1.93      -0.99        -0.30
       108         1.85       0.61       1.43      -0.11        -0.08
       109         1.51       0.63       1.00      -0.29        -0.27
       110         0.99       0.42       0.81      -0.25        -0.24
       111         0.29       0.48      -0.25       0.00         0.00
       112         2.56       0.32       3.57      -2.22        -0.54
       113         0.57       0.12       1.18       0.35         0.17
       114        91.07     125.49      -5.38       0.01        -0.02
       115         9.44       4.47       2.15       0.45         0.56
       116        15.64      12.84       0.74       0.02         0.10
       117         6.93       2.10       3.04      -1.83        -1.16
       118         5.07       4.15       0.41       0.01         0.03
       119         1.87       0.51       1.72      -0.89        -0.49
       120        16.91       7.44       3.21      -0.15        -0.16
       121         2.53       0.99       1.40       0.46         0.46
       122         4.26       3.16       0.57      -0.02        -0.07
       123         4.34       0.65       4.15      -4.39        -1.25
       124         1.21       1.30      -0.07      -0.01         0.08
       125         2.83       0.56       2.77       2.30         1.04
       126         0.55       0.73      -0.19       0.01        -0.04
       127         1.91       0.66       1.40      -0.15        -0.11
       128         0.71       0.41       0.43      -0.06        -0.09
       129         0.81       0.27       0.95      -1.47        -0.80
       130         4.49       0.60       4.56       0.58         0.16
       131         0.51       0.25       0.49      -0.07        -0.08
       132        33.59      35.19      -0.50       0.00         0.06
       133         2.01       4.04      -0.96       0.03        -0.03
       134         1.25       1.26      -0.01       0.00        -0.03
       135         2.12       2.28      -0.10       0.00         0.03
       136         1.35       1.03       0.29      -0.02        -0.08
       137         0.99       0.50       0.63       0.11         0.16
       138         1.30       0.30       1.63      -0.20        -0.10
       139         2.30       0.17       4.77       0.13         0.02
       140         1.40       0.27       1.96       0.16         0.07
       141        15.93      29.43      -3.91       0.00         0.01
       142         0.96       3.04      -1.12       0.01        -0.01
       143         1.14       0.30       1.39       0.46         0.28
       144         2.26       1.89       0.25       0.00        -0.01
       145         0.97       0.24       1.35      -0.26        -0.13
       146         1.06       0.63       0.49       0.00         0.01
       147         0.47       0.49      -0.03       0.00         0.03
       148         1.03       0.06       3.71      -0.85        -0.09
       149         0.27       0.33      -0.09       0.00         0.00
       150         5.69       1.68       2.86      -0.07        -0.05
       151         1.64       0.07       5.46       4.79         0.42
       152         0.55       0.26       0.52      -0.05        -0.05
       153         1.14       0.65       0.55       0.00         0.00
       154         3.33       0.24       5.77       0.04         0.01
       155         1.06       0.08       3.05      -4.10        -0.57
       156         1.22       0.19       2.11       0.42         0.14
       157         3.01       0.13       7.21       4.06         0.36
       158         0.49       0.13       0.91      -0.01         0.00
       159         0.93       0.07       2.84      -1.28        -0.20
       160         0.89       0.21       1.35       0.33         0.17
       161         5.79       6.29      -0.65       0.00         0.00
       162         1.02       0.30       1.20       0.00         0.00
       163        87.46     115.48      -4.21       0.00        -0.01
       164        28.16      12.46       4.18       0.50         0.55
       165        14.25       7.91       2.09      -0.08        -0.12
       166         4.67       6.79      -0.75       0.05        -0.13
       167         4.79       2.53       1.30      -0.05        -0.07
       168         5.57       2.06       2.22      -0.21        -0.18
       169         0.92       1.41      -0.37      -0.02         0.05
       170         8.55       6.89       0.58       0.01         0.05
       171         1.34       2.64      -0.73       0.00         0.00
       172         2.54       1.10       1.24      -0.54        -0.53
       173         0.60       0.85      -0.25      -0.05         0.12
       174         1.71       0.82       0.89      -0.01        -0.01
       175         1.20       0.11       3.01      -1.34        -0.23
       176         1.06       0.51       0.69      -0.40        -0.44
       177         0.94       0.76       0.19       0.00         0.00
       178         1.50       0.38       1.62      -0.55        -0.29
       179         1.53       0.32       1.95      -1.98        -0.75
       180         0.69       0.13       1.44       0.30         0.12
       181         0.96       0.96       0.00      -0.01         0.15
       182        16.48      18.92      -0.92       0.00         0.01
       183         2.21       2.31      -0.06       0.00        -0.02
       184         1.05       0.64       0.46      -0.02        -0.03
       185         3.29       1.47       1.40       0.00         0.00
       186         1.20       2.08      -0.58       0.00         0.00
       187         1.02       0.22       1.55       0.16         0.07
       188         0.78       0.11       1.87       0.13         0.04
       189         1.20       0.03       5.78      -7.47        -0.38
       190         2.57       4.05      -1.35       0.00         0.00
       191         0.98       0.16       1.91       0.09         0.03
       192         1.64       0.01       9.06       0.00        -0.58
       193         0.15       0.02       0.76       0.07         0.02
       194        50.21      73.95      -4.41      -0.01         0.02
       195         7.18       7.91      -0.24       0.01        -0.07
       196         5.07       2.40       1.58      -0.06        -0.07
       197         1.56       0.86       0.68       0.10         0.17
       198         5.98       4.97       0.42       0.01         0.06
       199         9.75       4.03       2.63       0.14         0.14
       200         1.80       0.69       1.21       0.05         0.04
       201         2.55       0.99       1.41      -0.26        -0.23
       202         4.48       1.71       1.94       0.04         0.03
       203         1.43       1.34       0.06       0.00         0.01
       204         1.03       0.16       1.93      -0.90        -0.27
       205         1.60       0.28       2.27      -0.97        -0.33
       206         2.79       0.90       1.81      -0.23        -0.16
       207         3.46       4.29      -0.37       0.00        -0.02
       208         4.09       0.69       3.70       0.83         0.29
       209         0.27       0.42      -0.21       0.00         0.00
       210         2.05       0.39       2.40       0.00         0.00
       211         2.12       0.18       4.13      -0.50        -0.08
       212         0.47       0.10       1.03      -0.15        -0.07
       213         0.98       0.46       0.71      -0.01        -0.01
       214         8.64       8.79      -0.13       0.00         0.00
       215         1.39       0.47       1.23       0.00         0.00
       216         7.37      18.56      -4.51       0.00         0.00
       217        10.33       3.76       3.32      -0.01        -0.01
       218         0.88       0.70       0.20       0.00        -0.01
       219         3.14       0.51       3.39       0.19         0.06
       220         0.91       0.11       2.18       0.28         0.07
       221         0.65       0.16       1.13      -0.08        -0.04
       222         0.63       0.11       1.39      -0.01         0.00
       223         0.87       0.08       2.53       0.24         0.05
       224         0.69       0.16       1.23      -0.01        -0.01
       225         7.86      11.63      -2.28       0.00         0.00
       226         1.21       0.55       0.82      -0.01        -0.01
       227         1.21       0.97       0.23       0.00         0.00
       228         0.32       0.10       0.63       0.02         0.01
       229         1.32       0.05       5.21      -1.76        -0.13
       230         2.45       0.07       8.24      -3.07        -0.17
       231         9.52      12.02      -1.66       0.00         0.00
       232         2.93       1.09       1.67       0.00         0.00
       233         1.22       0.16       2.40      -0.21        -0.06
       234         0.51       0.13       0.96      -0.02        -0.01
       235         2.12       0.48       2.30      -0.01         0.00
       236         1.47       0.11       3.81      -0.07        -0.01
       237         2.25       3.52      -1.34       0.00         0.00
       238         1.01       0.47       0.76       0.00         0.00
       239         1.18       0.29       1.53       0.00         0.00
       240         2.75       2.18       0.77       0.00         0.00
       241         2.02       4.12      -1.88       0.00         0.00
       242         1.12       0.16       2.17       0.07         0.02
       243         1.15       0.45       0.97       0.01         0.01
       244         1.20       0.15       2.44       0.04         0.01
       245         6.34       6.96      -0.85       0.00         0.00
       246         1.09       0.47       0.85       0.00         0.00
       247         0.88       0.00       9.06       0.00         0.02      DELETED
       248        19.42      20.97      -1.71       0.00         0.00
       249         2.25       0.70       1.71       0.00         0.00
       250         0.84       2.20      -1.80       0.00         0.00
       251         0.54       0.38       0.24       0.00         0.00
       252         1.43       0.05       5.68       1.56         0.11
       253         0.57       4.84      -3.21       0.00         0.00
       254         0.89       0.60       0.35       0.00         0.01
       255         1.51       0.38       1.70       0.00         0.00
       256         2.52       0.56       2.47      -0.06        -0.03
       257         1.43       0.12       3.38      -0.02         0.00
       258         2.47       4.48      -1.57       0.00         0.00
       259         0.10       0.29      -0.33       0.00         0.00
       260         2.11       0.11       5.51      -0.30        -0.03
       261         0.77       0.10       1.99      -0.08        -0.02
       262         0.94       0.02       5.89       3.46         0.15
       263         4.96       7.94      -1.94       0.00         0.00
       264         1.78       1.81      -0.03       0.00         0.00
       265         3.77       0.36       5.24       0.13         0.02
       266         2.46       4.02      -2.64       0.00         0.00
       267         1.86       0.31       2.64       0.00         0.00
       268         2.62       0.28       4.13      -0.07        -0.02
       269         1.12       0.02       6.48       0.41         0.02
       270         0.67       2.76      -2.35       0.00         0.00
       271         1.60       0.11       4.23       0.38         0.05
       272         0.54       0.19       0.73      -0.01        -0.01
       273         0.81       0.03       4.36      -1.72        -0.11
       274         0.54       0.01       5.04      -0.55        -0.02
       275         0.54       0.04       2.21       0.01         0.00
       276         3.83       5.77      -1.46       0.00         0.00
       277         3.34       1.24       1.86      -0.01        -0.01
       278         0.54       0.24       0.54       0.00         0.00
       279         0.32       0.24       0.16       0.00         0.00
       280         2.43       0.02       9.08       0.00        -0.10
       281         0.49       0.06       1.69      -0.01         0.00
       282         0.82       0.04       3.54      -0.04         0.00
       283         1.15       0.90       0.51       0.00         0.00
       284         6.08      12.19      -3.06       0.00         0.00
       285         1.05       1.90      -0.59       0.00         0.00
       286         3.36       0.39       4.36       0.13         0.03
       287         3.08       0.89       2.17      -0.01        -0.01
       288         1.92       0.07       6.23      -2.27        -0.17
       289         1.05       0.07       3.43       0.20         0.03
       290         0.10       0.09       0.01       0.00         0.00
       291         1.26       0.96       0.57       0.00         0.00
       292         1.99       2.12      -0.15       0.00         0.00
       293         0.99       0.01       7.36      -3.88        -0.11
       294         3.40       3.42      -0.02       0.00         0.00
       295         1.32       0.24       2.02      -0.01         0.00
       296         5.92       6.01      -0.06       0.00         0.00
       297         0.78       0.23       1.06      -0.01        -0.01
       298         2.10       0.39       2.54      -0.05        -0.02
       299         0.88       0.77       0.31       0.00         0.00
       300         1.42       1.15       0.51       0.00         0.00
       301         0.96       1.54      -1.40       0.00         0.00
       302         0.72       0.10       1.87       0.00         0.00
       303         3.48       3.36       0.11       0.00         0.00
       304         1.32       0.40       1.37       0.00         0.00
       305         3.94       5.10      -1.12       0.00         0.00
       306         2.20       1.05       1.12       0.00         0.00
       307         1.89       0.19       3.68       0.00         0.00
       308         0.50       0.01       4.58      -1.84        -0.07
       309         1.15       0.09       3.33      -0.12        -0.02
       310         0.90       0.04       4.00      -0.20        -0.02
       311         2.76       3.07      -0.30       0.00         0.00
       312         1.44       0.14       3.23      -0.12        -0.02
       313         1.29       0.32       1.69       0.00         0.00
       314         0.79       0.06       2.77      -0.13        -0.02

     THE TOTAL PEARSON CHI-SQUARE CONTRIBUTION FROM EMPTY CELLS IS        -0.37


     UNIVARIATE MODEL FIT INFORMATION

                               Estimated Probabilities
                                                  Standardized
     Variable              H1           H0          Residual
                                                   (z-score)
     GND1
       Category 1        0.968        0.968           0.007
       Category 2        0.032        0.032          -0.007
       Univariate Pearson Chi-Square                  0.000
       Univariate Log-Likelihood Chi-Square           0.000
     GND2
       Category 1        0.937        0.937          -0.004
       Category 2        0.063        0.063           0.004
       Univariate Pearson Chi-Square                  0.000
       Univariate Log-Likelihood Chi-Square           0.000
     GND3
       Category 1        0.898        0.898           0.003
       Category 2        0.102        0.102          -0.003
       Univariate Pearson Chi-Square                  0.000
       Univariate Log-Likelihood Chi-Square           0.000
     GND4
       Category 1        0.829        0.829           0.006
       Category 2        0.171        0.171          -0.006
       Univariate Pearson Chi-Square                  0.000
       Univariate Log-Likelihood Chi-Square           0.000
     GND5
       Category 1        0.929        0.929           0.005
       Category 2        0.071        0.071          -0.005
       Univariate Pearson Chi-Square                  0.000
       Univariate Log-Likelihood Chi-Square           0.000
     GND6
       Category 1        0.793        0.793           0.000
       Category 2        0.207        0.207           0.000
       Univariate Pearson Chi-Square                  0.000
       Univariate Log-Likelihood Chi-Square           0.000

       Overall Univariate Pearson Chi-Square                         0.000
       Overall Univariate Log-Likelihood Chi-Square                  0.000


     BIVARIATE MODEL FIT INFORMATION

                                              Estimated Probabilities
                                                                 Standardized
     Variable       Variable              H1           H0          Residual
                                                                  (z-score)
     GND1           GND2
       Category 1     Category 1        0.923        0.923           0.000
       Category 1     Category 2        0.045        0.045           0.005
       Category 2     Category 1        0.014        0.014          -0.008
       Category 2     Category 2        0.018        0.018          -0.001
       Bivariate Pearson Chi-Square                                  0.000
       Bivariate Log-Likelihood Chi-Square                           0.000
     GND1           GND3
       Category 1     Category 1        0.880        0.880           0.135
       Category 1     Category 2        0.088        0.088          -0.151
       Category 2     Category 1        0.017        0.018          -0.327
       Category 2     Category 2        0.015        0.015           0.349
       Bivariate Pearson Chi-Square                                  0.303
       Bivariate Log-Likelihood Chi-Square                           0.303
     GND1           GND4
       Category 1     Category 1        0.814        0.814          -0.142
       Category 1     Category 2        0.154        0.154           0.156
       Category 2     Category 1        0.015        0.015           0.471
       Category 2     Category 2        0.017        0.017          -0.454
       Bivariate Pearson Chi-Square                                  0.545
       Bivariate Log-Likelihood Chi-Square                           0.545
     GND1           GND5
       Category 1     Category 1        0.910        0.910           0.018
       Category 1     Category 2        0.058        0.058          -0.017
       Category 2     Category 1        0.019        0.019          -0.028
       Category 2     Category 2        0.013        0.013           0.023
       Bivariate Pearson Chi-Square                                  0.002
       Bivariate Log-Likelihood Chi-Square                           0.002
     GND1           GND6
       Category 1     Category 1        0.781        0.781           0.074
       Category 1     Category 2        0.187        0.187          -0.075
       Category 2     Category 1        0.012        0.013          -0.275
       Category 2     Category 2        0.020        0.020           0.212
       Bivariate Pearson Chi-Square                                  0.152
       Bivariate Log-Likelihood Chi-Square                           0.153
     GND2           GND3
       Category 1     Category 1        0.855        0.855          -0.105
       Category 1     Category 2        0.082        0.082           0.131
       Category 2     Category 1        0.042        0.042           0.189
       Category 2     Category 2        0.020        0.020          -0.262
       Bivariate Pearson Chi-Square                                  0.146
       Bivariate Log-Likelihood Chi-Square                           0.146
     GND2           GND4
       Category 1     Category 1        0.795        0.794           0.505
       Category 1     Category 2        0.143        0.144          -0.585
       Category 2     Category 1        0.034        0.035          -1.093
       Category 2     Category 2        0.028        0.027           1.249
       Bivariate Pearson Chi-Square                                  3.686
       Bivariate Log-Likelihood Chi-Square                           3.678
     GND2           GND5
       Category 1     Category 1        0.886        0.886           0.042
       Category 1     Category 2        0.051        0.051          -0.064
       Category 2     Category 1        0.043        0.043          -0.058
       Category 2     Category 2        0.020        0.019           0.093
       Bivariate Pearson Chi-Square                                  0.019
       Bivariate Log-Likelihood Chi-Square                           0.019
     GND2           GND6
       Category 1     Category 1        0.761        0.762          -0.133
       Category 1     Category 2        0.176        0.176           0.147
       Category 2     Category 1        0.032        0.031           0.324
       Category 2     Category 2        0.031        0.031          -0.320
       Bivariate Pearson Chi-Square                                  0.272
       Bivariate Log-Likelihood Chi-Square                           0.272
     GND3           GND4
       Category 1     Category 1        0.793        0.793           0.016
       Category 1     Category 2        0.105        0.105          -0.018
       Category 2     Category 1        0.036        0.036          -0.023
       Category 2     Category 2        0.066        0.066           0.014
       Bivariate Pearson Chi-Square                                  0.001
       Bivariate Log-Likelihood Chi-Square                           0.001
     GND3           GND5
       Category 1     Category 1        0.845        0.845           0.046
       Category 1     Category 2        0.052        0.052          -0.071
       Category 2     Category 1        0.084        0.084          -0.056
       Category 2     Category 2        0.019        0.019           0.107
       Bivariate Pearson Chi-Square                                  0.023
       Bivariate Log-Likelihood Chi-Square                           0.023
     GND3           GND6
       Category 1     Category 1        0.763        0.763           0.046
       Category 1     Category 2        0.134        0.134          -0.054
       Category 2     Category 1        0.030        0.030          -0.116
       Category 2     Category 2        0.073        0.073           0.072
       Bivariate Pearson Chi-Square                                  0.026
       Bivariate Log-Likelihood Chi-Square                           0.026
     GND4           GND5
       Category 1     Category 1        0.789        0.789           0.037
       Category 1     Category 2        0.040        0.040          -0.066
       Category 2     Category 1        0.140        0.140          -0.040
       Category 2     Category 2        0.031        0.031           0.067
       Bivariate Pearson Chi-Square                                  0.013
       Bivariate Log-Likelihood Chi-Square                           0.013
     GND4           GND6
       Category 1     Category 1        0.727        0.727          -0.046
       Category 1     Category 2        0.102        0.102           0.075
       Category 2     Category 1        0.066        0.066           0.082
       Category 2     Category 2        0.105        0.105          -0.074
       Bivariate Pearson Chi-Square                                  0.021
       Bivariate Log-Likelihood Chi-Square                           0.021
     GND5           GND6
       Category 1     Category 1        0.756        0.756           0.056
       Category 1     Category 2        0.173        0.173          -0.060
       Category 2     Category 1        0.037        0.037          -0.129
       Category 2     Category 2        0.034        0.034           0.126
       Bivariate Pearson Chi-Square                                  0.043
       Bivariate Log-Likelihood Chi-Square                           0.043

       Overall Bivariate Pearson Chi-Square                          5.252
       Overall Bivariate Log-Likelihood Chi-Square                   5.244


TECHNICAL 11 OUTPUT

     Random Starts Specifications for the k-1 Class Analysis Model
        Number of initial stage random starts                 100
        Number of final stage optimizations                    50



     VUONG-LO-MENDELL-RUBIN LIKELIHOOD RATIO TEST FOR 5 (H0) VERSUS 6 CLASSES

          H0 Loglikelihood Value                       -82162.888
          2 Times the Loglikelihood Difference             53.151
          Difference in the Number of Parameters                7
          Mean                                             23.540
          Standard Deviation                               43.184
          P-Value                                          0.2465

     LO-MENDELL-RUBIN ADJUSTED LRT TEST

          Value                                            52.459
          P-Value                                          0.2515


SAVEDATA INFORMATION


  Save file
    GND_Prob_C3cl6.dat

  Order and format of variables

    GND1           F10.3
    GND2           F10.3
    GND3           F10.3
    GND4           F10.3
    GND5           F10.3
    GND6           F10.3
    CPROB1         F10.3
    CPROB2         F10.3
    CPROB3         F10.3
    CPROB4         F10.3
    CPROB5         F10.3
    CPROB6         F10.3
    C              F10.3
    WS             F10.3
    IDSTUD         I9
    ID_S           I5
    ID_J           I5

  Save file format
    14F10.3 I9 2I5

  Save file record length    10000

  Save missing symbol        *


     Beginning Time:  22:36:43
        Ending Time:  22:36:53
       Elapsed Time:  00:00:10



MUTHEN & MUTHEN
3463 Stoner Ave.
Los Angeles, CA  90066

Tel: (310) 391-9971
Fax: (310) 391-8971
Web: www.StatModel.com
Support: Support@StatModel.com

Copyright (c) 1998-2020 Muthen & Muthen
