Mplus VERSION 8.5 (Mac)
MUTHEN & MUTHEN
04/01/2021  12:10 AM

INPUT INSTRUCTIONS

  TITLE: LCA C3 GND with 7 classes;
  DATA:
  FILE = GND_Dta_C3.dat;

  VARIABLE:
  NAMES = id_i
  id_j
  id_r
  id_s
  id_k
  wt
  ws
  GND1
  GND2
  GND3
  GND4
  GND5
  GND6
  IDSTUD;
  IDVARIABLE = IDSTUD;
  USEVARIABLES = GND1
  GND2
  GND3
  GND4
  GND5
  GND6;
  CATEGORICAL = GND1
  GND2
  GND3
  GND4
  GND5
  GND6;
  MISSING = .;
  CLASSES = c(7);
  WEIGHT = ws;
  STRATIFICATION = id_s;
  CLUSTER = id_j;

  ANALYSIS:
  TYPE = COMPLEX MIXTURE;
  PROCESSORS = 4;
  STARTS = 1000 250;
  STITERATIONS = 20;
  STSEED = 288;

  OUTPUT:
  TECH10
  TECH11
  TECH14;
  SVALUES
  ;

  SAVEDATA:
  FILE = GND_Prob_C3cl7.dat;
  SAVE = CPROBABILITIES;



*** WARNING in OUTPUT command
  TECH14 option is not available for TYPE=MIXTURE COMPLEX.
  Request for TECH14 is ignored.
*** WARNING
  Data set contains cases with missing on all variables.
  These cases were not included in the analysis.
  Number of cases with missing on all variables:  906
   2 WARNING(S) FOUND IN THE INPUT INSTRUCTIONS



LCA C3 GND with 7 classes;

SUMMARY OF ANALYSIS

Number of groups                                                 1
Number of observations                                       50431

Number of dependent variables                                    6
Number of independent variables                                  0
Number of continuous latent variables                            0
Number of categorical latent variables                           1

Observed dependent variables

  Binary and ordered categorical (ordinal)
   GND1        GND2        GND3        GND4        GND5        GND6

Categorical latent variables
   C

Variables with special functions

  Stratification        ID_S
  Cluster variable      ID_J
  Weight variable       WS
  ID variable           IDSTUD

Estimator                                                      MLR
Information matrix                                        OBSERVED
Optimization Specifications for the Quasi-Newton Algorithm for
Continuous Outcomes
  Maximum number of iterations                                 100
  Convergence criterion                                  0.100D-05
Optimization Specifications for the EM Algorithm
  Maximum number of iterations                                 500
  Convergence criteria
    Loglikelihood change                                 0.100D-06
    Relative loglikelihood change                        0.100D-06
    Derivative                                           0.100D-05
Optimization Specifications for the M step of the EM Algorithm for
Categorical Latent variables
  Number of M step iterations                                    1
  M step convergence criterion                           0.100D-05
  Basis for M step termination                           ITERATION
Optimization Specifications for the M step of the EM Algorithm for
Censored, Binary or Ordered Categorical (Ordinal), Unordered
Categorical (Nominal) and Count Outcomes
  Number of M step iterations                                    1
  M step convergence criterion                           0.100D-05
  Basis for M step termination                           ITERATION
  Maximum value for logit thresholds                            15
  Minimum value for logit thresholds                           -15
  Minimum expected cell size for chi-square              0.100D-01
Maximum number of iterations for H1                           2000
Convergence criterion for H1                             0.100D-03
Optimization algorithm                                         EMA
Random Starts Specifications
  Number of initial stage random starts                       1000
  Number of final stage optimizations                          250
  Number of initial stage iterations                            20
  Initial stage convergence criterion                    0.100D+01
  Random starts scale                                    0.500D+01
  Random seed for generating random starts                     288
Link                                                         LOGIT

Input data file(s)
  GND_Dta_C3.dat
Input data format  FREE


SUMMARY OF DATA

     Number of missing data patterns            50
     Number of y missing data patterns           0
     Number of u missing data patterns          50
     Number of strata                         1034
     Number of clusters                       2883


COVARIANCE COVERAGE OF DATA

Minimum covariance coverage value   0.100


     PROPORTION OF DATA PRESENT FOR U


           Covariance Coverage
              GND1          GND2          GND3          GND4          GND5
              ________      ________      ________      ________      ________
 GND1           0.998
 GND2           0.994         0.995
 GND3           0.990         0.988         0.991
 GND4           0.990         0.989         0.985         0.992
 GND5           0.992         0.990         0.986         0.987         0.993
 GND6           0.991         0.990         0.986         0.987         0.989


           Covariance Coverage
              GND6
              ________
 GND6           0.993


UNIVARIATE PROPORTIONS AND COUNTS FOR CATEGORICAL VARIABLES

    GND1
      Category 1    0.968        48702.024
      Category 2    0.032         1607.602
    GND2
      Category 1    0.938        47053.489
      Category 2    0.062         3132.704
    GND3
      Category 1    0.898        44903.037
      Category 2    0.102         5075.484
    GND4
      Category 1    0.830        41506.207
      Category 2    0.170         8524.631
    GND5
      Category 1    0.929        46557.903
      Category 2    0.071         3547.369
    GND6
      Category 1    0.794        39752.585
      Category 2    0.206        10339.594


RANDOM STARTS RESULTS RANKED FROM THE BEST TO THE WORST LOGLIKELIHOOD VALUES

Final stage loglikelihood values at local maxima, seeds, and initial stage start numbers:

          -82116.175  496516           316
          -82116.175  82268            959
          -82116.175  326600           602
          -82116.175  795921           967
          -82116.175  993202           419
          -82116.175  468408           60
          -82116.175  55750            898
          -82116.175  141596           554
          -82116.175  799800           828
          -82118.305  859868           243
          -82118.305  370680           94
          -82118.305  513056           385
          -82118.305  684094           580
          -82118.305  996880           39
          -82118.306  527640           903
          -82118.306  836620           612
          -82118.751  691118           345
          -82119.310  890198           417
          -82119.310  609918           195
          -82120.354  723324           90
          -82120.817  983906           53
          -82122.960  902664           49
          -82123.655  714348           218
          -82123.658  862527           105
          -82123.863  300562           171
          -82124.062  216144           158
          -82124.837  845314           106

223 perturbed starting value run(s) did not converge or were rejected in the third stage.



THE BEST LOGLIKELIHOOD VALUE HAS BEEN REPLICATED.  RERUN WITH AT LEAST TWICE THE
RANDOM STARTS TO CHECK THAT THE BEST LOGLIKELIHOOD IS STILL OBTAINED AND REPLICATED.

     IN THE OPTIMIZATION, ONE OR MORE LOGIT THRESHOLDS APPROACHED EXTREME VALUES
     OF -15.000 AND 15.000 AND WERE FIXED TO STABILIZE MODEL ESTIMATION.  THESE
     VALUES IMPLY PROBABILITIES OF 0 AND 1.  IN THE MODEL RESULTS SECTION, THESE
     PARAMETERS HAVE 0 STANDARD ERRORS AND 999 IN THE Z-SCORE AND P-VALUE COLUMNS.


     WARNING:  THE VARIANCE CONTRIBUTION FROM A STRATUM WITH A SINGLE CLUSTER
     (PSU) IS BASED ON THE DIFFERENCE BETWEEN THE SINGLE CLUSTER VALUE AND
     THE OVERALL CLUSTER MEAN.




THE MODEL ESTIMATION TERMINATED NORMALLY



MODEL FIT INFORMATION

Number of Free Parameters                       48

Loglikelihood

          H0 Value                      -82116.175
          H0 Scaling Correction Factor      1.4789
            for MLR

Information Criteria

          Akaike (AIC)                  164328.350
          Bayesian (BIC)                164752.111
          Sample-Size Adjusted BIC      164599.567
            (n* = (n + 2) / 24)

Chi-Square Test of Model Fit for the Binary and Ordered Categorical
(Ordinal) Outcomes**

          Pearson Chi-Square

          Value                             44.033
          Degrees of Freedom                    14
          P-Value                           0.0001

          Likelihood Ratio Chi-Square

          Value                             33.050
          Degrees of Freedom                    14
          P-Value                           0.0028

** Of the 644 cells in the latent class indicator table, 1
   were deleted in the calculation of chi-square due to extreme values.

Chi-Square Test for MCAR under the Unrestricted Latent Class Indicator Model

          Pearson Chi-Square

          Value                           1676.600
          Degrees of Freedom                   531
          P-Value                           0.0000

          Likelihood Ratio Chi-Square

          Value                            469.042
          Degrees of Freedom                   531
          P-Value                           0.9750



FINAL CLASS COUNTS AND PROPORTIONS FOR THE LATENT CLASSES
BASED ON THE ESTIMATED MODEL

    Latent
   Classes

       1        273.37396          0.00542
       2      39189.63304          0.77709
       3       1565.63538          0.03105
       4        283.65700          0.00562
       5       2761.86305          0.05477
       6       1960.81131          0.03888
       7       4396.02626          0.08717


FINAL CLASS COUNTS AND PROPORTIONS FOR THE LATENT CLASSES
BASED ON ESTIMATED POSTERIOR PROBABILITIES

    Latent
   Classes

       1        273.37396          0.00542
       2      39189.63304          0.77709
       3       1565.63538          0.03105
       4        283.65700          0.00562
       5       2761.86305          0.05477
       6       1960.81131          0.03888
       7       4396.02626          0.08717


FINAL CLASS COUNTS AND PROPORTIONS FOR THE LATENT CLASSES
BASED ON THEIR MOST LIKELY LATENT CLASS MEMBERSHIP

Class Counts and Proportions

    Latent
   Classes

       1              210          0.00417
       2            41490          0.82271
       3             1285          0.02548
       4              185          0.00367
       5             1719          0.03408
       6              937          0.01857
       7             4605          0.09132


CLASSIFICATION QUALITY

     Entropy                         0.821


Average Latent Class Probabilities for Most Likely Latent Class Membership (Row)
by Latent Class (Column)

           1        2        3        4        5        6        7

    1   0.865    0.005    0.091    0.003    0.034    0.003    0.000
    2   0.000    0.934    0.002    0.000    0.025    0.027    0.013
    3   0.002    0.003    0.667    0.112    0.068    0.103    0.045
    4   0.002    0.000    0.296    0.700    0.002    0.000    0.000
    5   0.033    0.077    0.129    0.004    0.609    0.026    0.121
    6   0.021    0.107    0.112    0.002    0.178    0.560    0.019
    7   0.000    0.043    0.052    0.000    0.093    0.033    0.778


Classification Probabilities for the Most Likely Latent Class Membership (Column)
by Latent Class (Row)

           1        2        3        4        5        6        7

    1   0.665    0.045    0.010    0.001    0.205    0.074    0.000
    2   0.000    0.989    0.000    0.000    0.003    0.003    0.005
    3   0.012    0.044    0.547    0.035    0.142    0.067    0.153
    4   0.002    0.000    0.505    0.457    0.025    0.007    0.004
    5   0.003    0.371    0.031    0.000    0.379    0.060    0.155
    6   0.000    0.564    0.068    0.000    0.023    0.267    0.078
    7   0.000    0.120    0.013    0.000    0.047    0.004    0.815


Logits for the Classification Probabilities for the Most Likely Latent Class Membership (Column)
by Latent Class (Row)

              1        2        3        4        5        6        7

    1      9.778    7.078    5.600    3.577    8.602    7.576    0.000
    2     -5.193    5.266   -3.849   -8.539   -0.411   -0.696    0.000
    3     -2.530   -1.249    1.277   -1.473   -0.071   -0.821    0.000
    4     -0.608   -2.743    4.971    4.871    1.958    0.740    0.000
    5     -4.106    0.874   -1.595   -6.847    0.895   -0.941    0.000
    6     -5.439    1.979   -0.140  -10.188   -1.222    1.233    0.000
    7    -13.611   -1.917   -4.119  -12.600   -2.846   -5.301    0.000


MODEL RESULTS

                                                    Two-Tailed
                    Estimate       S.E.  Est./S.E.    P-Value

Latent Class 1

 Thresholds
    GND1$1            -1.078      0.349     -3.092      0.002
    GND2$1            -2.227      0.609     -3.658      0.000
    GND3$1             3.264      0.795      4.108      0.000
    GND4$1             2.740      0.582      4.708      0.000
    GND5$1            -2.261      1.823     -1.240      0.215
    GND6$1            15.000      0.000    999.000    999.000

Latent Class 2

 Thresholds
    GND1$1             6.641      1.045      6.355      0.000
    GND2$1             4.667      0.535      8.721      0.000
    GND3$1             4.182      0.114     36.752      0.000
    GND4$1             3.060      0.097     31.694      0.000
    GND5$1             3.735      0.085     43.851      0.000
    GND6$1             2.492      0.051     49.141      0.000

Latent Class 3

 Thresholds
    GND1$1            -0.048      0.474     -0.102      0.919
    GND2$1             0.108      0.195      0.553      0.580
    GND3$1            -0.320      0.280     -1.142      0.253
    GND4$1            -0.518      0.205     -2.523      0.012
    GND5$1             0.409      0.153      2.670      0.008
    GND6$1            -1.708      0.404     -4.224      0.000

Latent Class 4

 Thresholds
    GND1$1            -1.230      0.687     -1.791      0.073
    GND2$1           -15.000      0.000    999.000    999.000
    GND3$1            -2.716      2.059     -1.319      0.187
    GND4$1           -15.000      0.000    999.000    999.000
    GND5$1            -0.563      0.266     -2.121      0.034
    GND6$1            -2.631      0.718     -3.664      0.000

Latent Class 5

 Thresholds
    GND1$1             3.880      1.992      1.948      0.051
    GND2$1             1.308      0.234      5.594      0.000
    GND3$1             1.742      0.383      4.551      0.000
    GND4$1            -0.034      0.230     -0.150      0.881
    GND5$1             0.145      0.702      0.206      0.837
    GND6$1            -0.087      0.224     -0.388      0.698

Latent Class 6

 Thresholds
    GND1$1             1.768      0.387      4.566      0.000
    GND2$1             0.320      0.426      0.752      0.452
    GND3$1             1.429      0.525      2.719      0.007
    GND4$1             0.952      0.534      1.781      0.075
    GND5$1            15.000      0.000    999.000    999.000
    GND6$1             0.914      0.646      1.414      0.157

Latent Class 7

 Thresholds
    GND1$1            15.000      0.000    999.000    999.000
    GND2$1             3.655      0.624      5.862      0.000
    GND3$1            -0.374      0.123     -3.041      0.002
    GND4$1            -1.564      0.112    -13.995      0.000
    GND5$1             2.510      0.187     13.401      0.000
    GND6$1            -1.958      0.145    -13.518      0.000

Categorical Latent Variables

 Means
    C#1               -2.778      0.250    -11.095      0.000
    C#2                2.188      0.093     23.497      0.000
    C#3               -1.032      0.443     -2.331      0.020
    C#4               -2.741      0.359     -7.641      0.000
    C#5               -0.465      0.443     -1.049      0.294
    C#6               -0.807      0.360     -2.245      0.025


RESULTS IN PROBABILITY SCALE

Latent Class 1

 GND1
    Category 1         0.254      0.066      3.844      0.000
    Category 2         0.746      0.066     11.298      0.000
 GND2
    Category 1         0.097      0.054      1.820      0.069
    Category 2         0.903      0.054     16.869      0.000
 GND3
    Category 1         0.963      0.028     34.183      0.000
    Category 2         0.037      0.028      1.307      0.191
 GND4
    Category 1         0.939      0.033     28.330      0.000
    Category 2         0.061      0.033      1.829      0.067
 GND5
    Category 1         0.094      0.156      0.606      0.545
    Category 2         0.906      0.156      5.812      0.000
 GND6
    Category 1         1.000      0.000      0.000      1.000
    Category 2         0.000      0.000      0.000      1.000

Latent Class 2

 GND1
    Category 1         0.999      0.001    733.856      0.000
    Category 2         0.001      0.001      0.958      0.338
 GND2
    Category 1         0.991      0.005    200.711      0.000
    Category 2         0.009      0.005      1.886      0.059
 GND3
    Category 1         0.985      0.002    584.253      0.000
    Category 2         0.015      0.002      8.923      0.000
 GND4
    Category 1         0.955      0.004    231.230      0.000
    Category 2         0.045      0.004     10.844      0.000
 GND5
    Category 1         0.977      0.002    503.495      0.000
    Category 2         0.023      0.002     12.021      0.000
 GND6
    Category 1         0.924      0.004    258.093      0.000
    Category 2         0.076      0.004     21.347      0.000

Latent Class 3

 GND1
    Category 1         0.488      0.118      4.123      0.000
    Category 2         0.512      0.118      4.327      0.000
 GND2
    Category 1         0.527      0.049     10.829      0.000
    Category 2         0.473      0.049      9.721      0.000
 GND3
    Category 1         0.421      0.068      6.168      0.000
    Category 2         0.579      0.068      8.491      0.000
 GND4
    Category 1         0.373      0.048      7.774      0.000
    Category 2         0.627      0.048     13.049      0.000
 GND5
    Category 1         0.601      0.037     16.344      0.000
    Category 2         0.399      0.037     10.854      0.000
 GND6
    Category 1         0.153      0.053      2.922      0.003
    Category 2         0.847      0.053     16.118      0.000

Latent Class 4

 GND1
    Category 1         0.226      0.120      1.882      0.060
    Category 2         0.774      0.120      6.437      0.000
 GND2
    Category 1         0.000      0.000      0.000      1.000
    Category 2         1.000      0.000      0.000      1.000
 GND3
    Category 1         0.062      0.120      0.518      0.605
    Category 2         0.938      0.120      7.827      0.000
 GND4
    Category 1         0.000      0.000      0.000      1.000
    Category 2         1.000      0.000      0.000      1.000
 GND5
    Category 1         0.363      0.061      5.910      0.000
    Category 2         0.637      0.061     10.380      0.000
 GND6
    Category 1         0.067      0.045      1.493      0.135
    Category 2         0.933      0.045     20.726      0.000

Latent Class 5

 GND1
    Category 1         0.980      0.039     24.823      0.000
    Category 2         0.020      0.039      0.512      0.608
 GND2
    Category 1         0.787      0.039     20.095      0.000
    Category 2         0.213      0.039      5.433      0.000
 GND3
    Category 1         0.851      0.049     17.525      0.000
    Category 2         0.149      0.049      3.071      0.002
 GND4
    Category 1         0.491      0.057      8.552      0.000
    Category 2         0.509      0.057      8.852      0.000
 GND5
    Category 1         0.536      0.175      3.070      0.002
    Category 2         0.464      0.175      2.656      0.008
 GND6
    Category 1         0.478      0.056      8.549      0.000
    Category 2         0.522      0.056      9.326      0.000

Latent Class 6

 GND1
    Category 1         0.854      0.048     17.711      0.000
    Category 2         0.146      0.048      3.024      0.002
 GND2
    Category 1         0.579      0.104      5.586      0.000
    Category 2         0.421      0.104      4.055      0.000
 GND3
    Category 1         0.807      0.082      9.845      0.000
    Category 2         0.193      0.082      2.359      0.018
 GND4
    Category 1         0.721      0.107      6.720      0.000
    Category 2         0.279      0.107      2.594      0.009
 GND5
    Category 1         1.000      0.000      0.000      1.000
    Category 2         0.000      0.000      0.000      1.000
 GND6
    Category 1         0.714      0.132      5.406      0.000
    Category 2         0.286      0.132      2.167      0.030

Latent Class 7

 GND1
    Category 1         1.000      0.000      0.000      1.000
    Category 2         0.000      0.000      0.000      1.000
 GND2
    Category 1         0.975      0.015     63.634      0.000
    Category 2         0.025      0.015      1.645      0.100
 GND3
    Category 1         0.408      0.030     13.729      0.000
    Category 2         0.592      0.030     19.954      0.000
 GND4
    Category 1         0.173      0.016     10.824      0.000
    Category 2         0.827      0.016     51.701      0.000
 GND5
    Category 1         0.925      0.013     71.023      0.000
    Category 2         0.075      0.013      5.774      0.000
 GND6
    Category 1         0.124      0.016      7.877      0.000
    Category 2         0.876      0.016     55.824      0.000


LATENT CLASS ODDS RATIO RESULTS

                                                95% C.I.
                    Estimate       S.E.  Lower 2.5% Upper 2.5%

Latent Class 1 Compared to Latent Class 2

 GND1
    Category > 1    2250.934   2309.218    301.373  16812.043
 GND2
    Category > 1     986.270    661.599    264.845   3672.828
 GND3
    Category > 1       2.503      1.997      0.524     11.955
 GND4
    Category > 1       1.377      0.821      0.428      4.430
 GND5
    Category > 1     401.857    734.687     11.165  14464.139
 GND6
    Category > 1       0.000      0.000      0.000      0.000

Latent Class 1 Compared to Latent Class 3

 GND1
    Category > 1       2.800      1.596      0.916      8.556
 GND2
    Category > 1      10.325      6.654      2.919     36.517
 GND3
    Category > 1       0.028      0.022      0.006      0.135
 GND4
    Category > 1       0.038      0.024      0.011      0.131
 GND5
    Category > 1      14.447     26.785      0.382    546.934
 GND6
    Category > 1       0.000      0.000      0.000      0.000

Latent Class 1 Compared to Latent Class 4

 GND1
    Category > 1       0.859      0.691      0.178      4.153
 GND2
    Category > 1       0.000      0.000      0.000      0.000
 GND3
    Category > 1       0.003      0.006      0.000      0.226
 GND4
    Category > 1       0.000      0.000      0.000      0.000
 GND5
    Category > 1       5.463      9.910      0.156    191.262
 GND6
    Category > 1       0.000      0.000      0.000      0.000

Latent Class 1 Compared to Latent Class 5

 GND1
    Category > 1     142.356    287.088      2.734   7413.376
 GND2
    Category > 1      34.282     18.568     11.858     99.109
 GND3
    Category > 1       0.218      0.187      0.041      1.166
 GND4
    Category > 1       0.062      0.038      0.019      0.208
 GND5
    Category > 1      11.089     22.822      0.196    626.323
 GND6
    Category > 1       0.000      0.000      0.000      0.000

Latent Class 1 Compared to Latent Class 6

 GND1
    Category > 1      17.213      8.183      6.780     43.704
 GND2
    Category > 1      12.766      7.525      4.020     40.536
 GND3
    Category > 1       0.160      0.145      0.027      0.944
 GND4
    Category > 1       0.167      0.123      0.040      0.704
 GND5
    Category > 1   *********      0.000  *********  *********
 GND6
    Category > 1       0.000      0.000      0.000      0.000

Latent Class 1 Compared to Latent Class 7

 GND1
    Category > 1   *********      0.000  *********  *********
 GND2
    Category > 1     358.476    288.335     74.097   1734.295
 GND3
    Category > 1       0.026      0.021      0.005      0.130
 GND4
    Category > 1       0.014      0.008      0.004      0.042
 GND5
    Category > 1     118.015    215.727      3.280   4245.556
 GND6
    Category > 1       0.000      0.000      0.000      0.000

Latent Class 2 Compared to Latent Class 3

 GND1
    Category > 1       0.001      0.001      0.000      0.008
 GND2
    Category > 1       0.010      0.006      0.003      0.034
 GND3
    Category > 1       0.011      0.003      0.007      0.018
 GND4
    Category > 1       0.028      0.007      0.017      0.046
 GND5
    Category > 1       0.036      0.007      0.025      0.052
 GND6
    Category > 1       0.015      0.006      0.007      0.032

Latent Class 2 Compared to Latent Class 4

 GND1
    Category > 1       0.000      0.001      0.000      0.007
 GND2
    Category > 1       0.000      0.000      0.000      0.000
 GND3
    Category > 1       0.001      0.002      0.000      0.063
 GND4
    Category > 1       0.000      0.000      0.000      0.000
 GND5
    Category > 1       0.014      0.004      0.008      0.024
 GND6
    Category > 1       0.006      0.004      0.001      0.025

Latent Class 2 Compared to Latent Class 5

 GND1
    Category > 1       0.063      0.118      0.002      2.468
 GND2
    Category > 1       0.035      0.017      0.013      0.093
 GND3
    Category > 1       0.087      0.032      0.042      0.180
 GND4
    Category > 1       0.045      0.009      0.031      0.067
 GND5
    Category > 1       0.028      0.019      0.007      0.104
 GND6
    Category > 1       0.076      0.016      0.051      0.114

Latent Class 2 Compared to Latent Class 6

 GND1
    Category > 1       0.008      0.008      0.001      0.061
 GND2
    Category > 1       0.013      0.007      0.005      0.036
 GND3
    Category > 1       0.064      0.031      0.024      0.168
 GND4
    Category > 1       0.121      0.059      0.047      0.313
 GND5
    Category > 1   78049.352      0.000  78049.352  78049.352
 GND6
    Category > 1       0.206      0.128      0.061      0.697

Latent Class 2 Compared to Latent Class 7

 GND1
    Category > 1    4268.026      0.000   4268.026   4268.026
 GND2
    Category > 1       0.363      0.319      0.065      2.029
 GND3
    Category > 1       0.011      0.002      0.007      0.015
 GND4
    Category > 1       0.010      0.002      0.007      0.013
 GND5
    Category > 1       0.294      0.065      0.190      0.454
 GND6
    Category > 1       0.012      0.002      0.009      0.016

Latent Class 3 Compared to Latent Class 4

 GND1
    Category > 1       0.307      0.334      0.036      2.590
 GND2
    Category > 1       0.000      0.000      0.000      0.000
 GND3
    Category > 1       0.091      0.205      0.001      7.584
 GND4
    Category > 1       0.000      0.000      0.000      0.000
 GND5
    Category > 1       0.378      0.134      0.189      0.756
 GND6
    Category > 1       0.397      0.401      0.055      2.877

Latent Class 3 Compared to Latent Class 5

 GND1
    Category > 1      50.839     88.513      1.676   1542.441
 GND2
    Category > 1       3.320      1.154      1.680      6.562
 GND3
    Category > 1       7.856      2.405      4.312     14.313
 GND4
    Category > 1       1.622      0.597      0.788      3.336
 GND5
    Category > 1       0.768      0.547      0.190      3.102
 GND6
    Category > 1       5.056      1.842      2.475     10.326

Latent Class 3 Compared to Latent Class 6

 GND1
    Category > 1       6.147      3.687      1.898     19.914
 GND2
    Category > 1       1.236      0.674      0.425      3.597
 GND3
    Category > 1       5.745      2.874      2.155     15.315
 GND4
    Category > 1       4.348      2.769      1.248     15.147
 GND5
    Category > 1   *********      0.000  *********  *********
 GND6
    Category > 1      13.758      8.119      4.328     43.738

Latent Class 3 Compared to Latent Class 7

 GND1
    Category > 1   *********      0.000  *********  *********
 GND2
    Category > 1      34.720     24.424      8.745    137.841
 GND3
    Category > 1       0.947      0.315      0.493      1.819
 GND4
    Category > 1       0.351      0.084      0.220      0.563
 GND5
    Category > 1       8.169      1.968      5.094     13.099
 GND6
    Category > 1       0.778      0.317      0.350      1.728

Latent Class 4 Compared to Latent Class 5

 GND1
    Category > 1     165.713    395.653      1.538  17852.893
 GND2
    Category > 1   *********      0.000  *********  *********
 GND3
    Category > 1      86.259    194.920      1.029   7232.797
 GND4
    Category > 1   *********      0.000  *********  *********
 GND5
    Category > 1       2.030      1.545      0.457      9.025
 GND6
    Category > 1      12.725     10.249      2.625     61.693

Latent Class 4 Compared to Latent Class 6

 GND1
    Category > 1      20.038     16.722      3.904    102.854
 GND2
    Category > 1   *********      0.000  *********  *********
 GND3
    Category > 1      63.085    145.026      0.697   5711.849
 GND4
    Category > 1   *********      0.000  *********  *********
 GND5
    Category > 1   *********      0.000  *********  *********
 GND6
    Category > 1      34.630     36.124      4.483    267.538

Latent Class 4 Compared to Latent Class 7

 GND1
    Category > 1   *********      0.000  *********  *********
 GND2
    Category > 1   *********      0.000  *********  *********
 GND3
    Category > 1      10.402     21.190      0.192    563.852
 GND4
    Category > 1   *********      0.000  *********  *********
 GND5
    Category > 1      21.603      7.336     11.104     42.030
 GND6
    Category > 1       1.959      1.461      0.454      8.450

Latent Class 5 Compared to Latent Class 6

 GND1
    Category > 1       0.121      0.244      0.002      6.339
 GND2
    Category > 1       0.372      0.137      0.181      0.764
 GND3
    Category > 1       0.731      0.390      0.257      2.079
 GND4
    Category > 1       2.681      1.320      1.022      7.037
 GND5
    Category > 1   *********      0.000  *********  *********
 GND6
    Category > 1       2.721      1.615      0.850      8.709

Latent Class 5 Compared to Latent Class 7

 GND1
    Category > 1   67485.945      0.000  67485.945  67485.945
 GND2
    Category > 1      10.457      5.931      3.440     31.784
 GND3
    Category > 1       0.121      0.050      0.053      0.273
 GND4
    Category > 1       0.217      0.056      0.131      0.359
 GND5
    Category > 1      10.643      8.017      2.431     46.585
 GND6
    Category > 1       0.154      0.039      0.094      0.252

Latent Class 6 Compared to Latent Class 7

 GND1
    Category > 1   *********      0.000  *********  *********
 GND2
    Category > 1      28.082     18.958      7.478    105.456
 GND3
    Category > 1       0.165      0.089      0.057      0.476
 GND4
    Category > 1       0.081      0.043      0.029      0.229
 GND5
    Category > 1       0.000      0.000      0.000      0.000
 GND6
    Category > 1       0.057      0.037      0.016      0.202


QUALITY OF NUMERICAL RESULTS

     Condition Number for the Information Matrix              0.426E-04
       (ratio of smallest to largest eigenvalue)


MODEL COMMAND WITH FINAL ESTIMATES USED AS STARTING VALUES

     %OVERALL%

     [ c#1*-2.77762 ];
     [ c#2*2.18771 ];
     [ c#3*-1.03241 ];
     [ c#4*-2.74069 ];
     [ c#5*-0.46480 ];
     [ c#6*-0.80734 ];

     %C#1%

     [ gnd1$1*-1.07801 ];
     [ gnd2$1*-2.22661 ];
     [ gnd3$1*3.26435 ];
     [ gnd4$1*2.73991 ];
     [ gnd5$1*-2.26119 ];
     [ gnd6$1*15 ];

     %C#2%

     [ gnd1$1*6.64109 ];
     [ gnd2$1*4.66732 ];
     [ gnd3$1*4.18172 ];
     [ gnd4$1*3.05979 ];
     [ gnd5$1*3.73490 ];
     [ gnd6$1*2.49241 ];

     %C#3%

     [ gnd1$1*-0.04833 ];
     [ gnd2$1*0.10794 ];
     [ gnd3$1*-0.31974 ];
     [ gnd4$1*-0.51794 ];
     [ gnd5$1*0.40932 ];
     [ gnd6$1*-1.70750 ];

     %C#4%

     [ gnd1$1*-1.22993 ];
     [ gnd2$1*-15 ];
     [ gnd3$1*-2.71583 ];
     [ gnd4$1*-15 ];
     [ gnd5$1*-0.56320 ];
     [ gnd6$1*-2.63059 ];

     %C#5%

     [ gnd1$1*3.88033 ];
     [ gnd2$1*1.30801 ];
     [ gnd3$1*1.74152 ];
     [ gnd4$1*-0.03441 ];
     [ gnd5$1*0.14474 ];
     [ gnd6$1*-0.08699 ];

     %C#6%

     [ gnd1$1*1.76768 ];
     [ gnd2$1*0.32014 ];
     [ gnd3$1*1.42865 ];
     [ gnd4$1*0.95184 ];
     [ gnd5$1*15 ];
     [ gnd6$1*0.91414 ];

     %C#7%

     [ gnd1$1*15 ];
     [ gnd2$1*3.65525 ];
     [ gnd3$1*-0.37388 ];
     [ gnd4$1*-1.56371 ];
     [ gnd5$1*2.50961 ];
     [ gnd6$1*-1.95825 ];



TECHNICAL 10 OUTPUT


     MODEL FIT INFORMATION FOR THE LATENT CLASS INDICATOR MODEL PART


     RESPONSE PATTERNS

     No.  Pattern    No.  Pattern    No.  Pattern    No.  Pattern
       1  000000       2  000001       3  000010       4  000011
       5  000100       6  000101       7  000110       8  000111
       9  001000      10  001001      11  001010      12  001011
      13  001100      14  001101      15  001110      16  001111
      17  010000      18  010001      19  010010      20  010011
      21  010100      22  010101      23  010110      24  010111
      25  011000      26  011001      27  011010      28  011011
      29  011100      30  011101      31  011110      32  011111
      33  100000      34  100001      35  100010      36  100011
      37  100100      38  100101      39  100110      40  100111
      41  101000      42  101001      43  101010      44  101011
      45  101100      46  101101      47  101110      48  101111
      49  110000      50  110001      51  110010      52  110011
      53  110100      54  110101      55  110110      56  110111
      57  111000      58  111001      59  111010      60  111011
      61  111100      62  111101      63  111110      64  111111
      65  00*000      66  00*001      67  00*010      68  00*011
      69  00*100      70  00*101      71  00*110      72  00*111
      73  01*000      74  01*001      75  01*010      76  01*011
      77  01*100      78  01*101      79  01*110      80  01*111
      81  10*000      82  10*001      83  10*011      84  10*100
      85  10*101      86  10*110      87  10*111      88  11*000
      89  11*001      90  11*011      91  11*100      92  11*101
      93  11*110      94  11*111      95  000*00      96  000*01
      97  000*10      98  000*11      99  001*00     100  001*01
     101  001*10     102  001*11     103  010*00     104  010*01
     105  010*10     106  011*01     107  011*10     108  011*11
     109  100*01     110  101*11     111  110*00     112  110*11
     113  111*10     114  00000*     115  00001*     116  00010*
     117  00011*     118  00100*     119  00101*     120  00110*
     121  00111*     122  01000*     123  01001*     124  01010*
     125  01011*     126  01110*     127  10000*     128  10010*
     129  10111*     130  11001*     131  11100*     132  0000**
     133  0001**     134  0010**     135  0011**     136  0100**
     137  0101**     138  0111**     139  1001**     140  1100**
     141  *00000     142  *00001     143  *00011     144  *00100
     145  *00110     146  *01000     147  *01001     148  *01010
     149  *01100     150  *01101     151  *01110     152  *01111
     153  *10000     154  *10010     155  *10011     156  *10100
     157  *10111     158  *11001     159  *11100     160  *11111
     161  00****     162  01****     163  0000*0     164  0000*1
     165  0001*0     166  0001*1     167  0010*0     168  0010*1
     169  0011*0     170  0011*1     171  0100*0     172  0100*1
     173  0101*0     174  0111*1     175  1011*0     176  1011*1
     177  1100*0     178  1101*1     179  1110*1     180  1111*0
     181  1111*1     182  0**000     183  0**001     184  0**010
     185  0**100     186  0**101     187  0**110     188  1**010
     189  1**110     190  00*00*     191  00*01*     192  10*11*
     193  11*11*     194  0*0000     195  0*0001     196  0*0010
     197  0*0011     198  0*0100     199  0*0101     200  0*0110
     201  0*0111     202  0*1000     203  0*1001     204  0*1010
     205  0*1011     206  0*1100     207  0*1101     208  0*1111
     209  1*0000     210  1*0010     211  1*0100     212  1*1000
     213  1*1111     214  00**0*     215  00**1*     216  00**00
     217  00**01     218  00**10     219  00**11     220  01**10
     221  01**11     222  10**00     223  10**11     224  11**01
     225  000*0*     226  000*1*     227  001*0*     228  010*1*
     229  011*1*     230  111*0*     231  000***     232  001***
     233  011***     234  110***     235  **0**1     236  **1**0
     237  **00**     238  **01**     239  **11**     240  *****0
     241  0*000*     242  0*001*     243  0*010*     244  0*100*
     245  *0****     246  *1****     247  1*1**0     248  0*****
     249  1*****     250  00*0**     251  00*1**     252  01*1**
     253  00*0*0     254  00*0*1     255  00*1*0     256  00*1*1
     257  01*0*0     258  0*00*0     259  0*01*1     260  0*10*0
     261  0*10*1     262  1*10*1     263  ****00     264  ****01
     265  ****11     266  ****0*     267  ****1*     268  0*1*0*
     269  1*1*1*     270  *000**     271  *010**     272  *011**
     273  *110**     274  1**1**     275  *01***     276  0***00
     277  0***01     278  0***10     279  *0*101     280  *0*110
     281  *1*000     282  **01*1     283  0*00**     284  000**0
     285  000**1     286  001**0     287  001**1     288  100**0
     289  100**1     290  110**0     291  *0*00*     292  *00*00
     293  *10*11     294  0*0*00     295  0*1*01     296  **0000
     297  **0010     298  **1101     299  0*0***     300  *00*0*
     301  0***0*     302  0***1*     303  ***000     304  ***101
     305  ***0**     306  ***1**     307  **1***     308  **101*
     309  **110*     310  *011*1     311  **0*00     312  **0*10
     313  *0**01     314  *0**10


     RESPONSE PATTERN FREQUENCIES AND CHI-SQUARE CONTRIBUTIONS

    Response          Frequency     Standardized  Chi-square Contribution
     Pattern    Observed  Estimated   Residual    Pearson   Loglikelihood  Deleted
                                     (z-score)
         1     32993.17   32698.39       2.55       0.11         0.00
         2      3284.83    3320.22      -0.58       0.22       -24.40
         3       946.32     969.36      -0.68       0.30       -14.78
         4       350.45     313.37       1.90       4.11        98.20
         5      2042.88    2054.86      -0.24      -0.03         4.79
         6      1621.46    1628.50      -0.16      -0.16        20.86
         7       229.39     254.78      -1.44       2.05       -27.25
         8       302.76     347.79      -2.19       5.48       -63.48
         9       672.91     679.19      -0.22      -0.03         2.91
        10       504.94     510.63      -0.23      -0.10         6.68
        11        47.29      54.78      -0.92       0.83        -7.78
        12        74.87      94.58      -1.83       3.94       -27.97
        13       334.98     346.47      -0.56       0.28       -11.21
        14      1746.34    1789.39      -0.94       0.23       -10.14
        15        76.32      63.18       1.50       2.54        36.58
        16       223.13     220.86       0.14      -0.32        22.10
        17       652.23     657.44      -0.19      -0.01         1.07
        18       239.25     239.03       0.01      -0.01         3.48
        19       102.71     112.65      -0.85       0.05        -0.53
        20        46.29      76.51      -3.13      11.78       -41.19
        21       193.94     199.52      -0.36       0.12        -5.91
        22       187.36     191.13      -0.25       0.01        -0.41
        23        72.23      63.59       0.98       1.00        25.52
        24       106.78      94.80       1.11       0.83        42.49
        25        90.84      91.92      -0.10       0.01        -0.73
        26        93.89      86.93       0.68       0.54        17.08
        27        12.82      15.90      -0.70       0.46        -2.88
        28        34.13      36.39      -0.34       0.09        -1.66
        29        52.75      56.75      -0.48       0.25        -5.22
        30       141.31     150.12      -0.65       0.29        -5.69
        31        16.37      20.39      -0.80       0.71        -4.94
        32        84.44      91.76      -0.69      -0.03         0.41
        33       118.60     121.06      -0.20      -0.01         0.68
        34        58.23      68.21      -1.09       1.25       -11.37
        35        24.60      24.78      -0.03       0.00        -0.23
        36        21.47      26.25      -0.84       0.85        -7.26
        37        45.46      42.70       0.38       0.05        10.59
        38        59.58      70.89      -1.22       1.73       -16.48
        39         9.22      11.83      -0.69       0.48        -2.73
        40        53.24      41.13       1.71       3.45        32.33
        41        24.85      25.77      -0.16       0.02        -0.68
        42        53.08      52.62       0.06      -0.08         5.05
        43         9.85       6.77       1.07       1.41         7.64
        44        36.71      30.82       0.96       1.04        16.46
        45        21.32      20.84       0.10      -0.04         3.06
        46        80.30      79.36       0.10       0.00         3.77
        47         4.95       9.91      -1.42       2.33        -5.14
        48        37.83      51.23      -1.69       3.27       -16.97
        49        69.50      70.95      -0.16       0.00         0.05
        50        50.80      50.40       0.05       0.00        -0.13
        51       145.62     151.52      -0.43      -0.03         0.75
        52        20.59      20.77      -0.04      -0.22         3.90
        53        31.21      30.38       0.14       0.00         3.50
        54        61.84      62.95      -0.13       0.00        -0.13
        55        15.86      17.13      -0.28       0.09        -1.75
        56        36.58      41.99      -0.76       0.54        -5.29
        57        16.71      19.84      -0.63       0.46        -4.21
        58        46.66      45.54       0.15      -0.04         5.70
        59        10.53      10.69      -0.04       0.00        -0.01
        60        23.09      27.18      -0.71       0.58        -5.61
        61        20.26      22.02      -0.34       0.10        -1.64
        62       137.12     138.09      -0.07      -0.03         2.52
        63        17.34      17.35       0.00      -0.09         2.41
        64       164.47     164.65      -0.01       0.00        -1.23
        65        84.79     199.67     -12.99      -0.04         0.04
        66        32.96      22.92       1.98      -0.06        -0.15
        67        10.48       6.13       1.61      -0.14        -0.24
        68         5.57       2.44       1.82       0.71         0.82
        69        24.85      14.37       2.57      -0.04        -0.07
        70        40.73      20.45       4.21       0.09         0.13
        71         5.73       1.90       2.52       0.12         0.09
        72        10.67       3.40       3.58      -1.30        -0.90
        73        10.77       4.48       2.70       0.00         0.00
        74         3.67       1.95       1.12       0.15         0.22
        75         6.07       0.77       5.47      -0.74        -0.19
        76         1.22       0.68       0.60      -0.57        -0.71
        77         3.54       1.53       1.47      -0.15        -0.16
        78         9.22       2.04       4.56      -0.38        -0.17
        79         3.05       0.50       3.25       1.81         0.65
        80         9.85       1.12       7.49       8.70         2.11
        81         3.38       0.88       2.41       0.00         0.00
        82         6.43       0.72       6.08      -1.83        -0.41
        83         2.41       0.34       3.21       1.01         0.30
        84         1.18       0.38       1.18       0.32         0.24
        85         2.95       0.90       1.96      -0.45        -0.29
        86         0.75       0.13       1.56      -1.49        -0.45
        87         2.62       0.55       2.52       0.53         0.24
        88         2.52       0.54       2.43      -0.29        -0.13
        89         0.70       0.57       0.15       0.01         0.04
        90         1.32       0.29       1.75      -0.13        -0.06
        91         0.88       0.31       0.92       0.04         0.03
        92         4.31       1.20       2.57       0.09         0.05
        93         0.65       0.21       0.88       0.02         0.01
        94         0.50       1.24      -0.60       0.02        -0.02
        95       139.17     162.54      -3.07      -0.01         0.07
        96        32.72      23.15       1.90      -0.01        -0.02
        97        10.11       5.73       1.68      -0.23        -0.37
        98         5.98       3.09       1.50       0.16         0.22
        99         3.81       4.80      -0.41       0.01        -0.03
       100        16.14      10.76       1.52      -0.01        -0.03
       101         1.09       0.55       0.65       0.15         0.22
       102         1.91       1.48       0.33      -0.02        -0.06
       103         4.64       4.01       0.29       0.00        -0.03
       104         1.08       2.01      -0.60      -0.01         0.01
       105         0.97       0.82       0.14       0.02         0.13
       106         3.23       1.11       1.83       0.18         0.14
       107         1.06       0.17       1.95      -0.92        -0.28
       108         1.85       0.60       1.46      -0.03        -0.02
       109         1.51       0.65       0.97      -0.37        -0.36
       110         0.99       0.38       0.89      -0.07        -0.06
       111         0.29       0.47      -0.25      -0.01         0.01
       112         2.56       0.29       3.79      -0.31        -0.07
       113         0.57       0.13       1.09       0.10         0.05
       114        91.07     125.49      -5.38       0.01        -0.03
       115         9.44       4.47       2.16       0.46         0.57
       116        15.64      12.83       0.74       0.02         0.11
       117         6.93       2.10       3.03      -1.87        -1.18
       118         5.07       4.15       0.42       0.01         0.04
       119         1.87       0.52       1.69      -0.99        -0.55
       120        16.91       7.44       3.21      -0.16        -0.17
       121         2.53       0.99       1.41       0.49         0.48
       122         4.26       3.12       0.59       0.01         0.02
       123         4.34       0.66       4.11      -4.82        -1.38
       124         1.21       1.36      -0.12       0.00        -0.02
       125         2.83       0.55       2.78       2.40         1.08
       126         0.55       0.72      -0.19       0.01        -0.03
       127         1.91       0.66       1.40      -0.16        -0.12
       128         0.71       0.40       0.45      -0.03        -0.05
       129         0.81       0.21       1.17      -0.89        -0.43
       130         4.49       0.60       4.55       0.46         0.13
       131         0.51       0.23       0.54       0.01         0.01
       132        33.59      35.19      -0.50       0.00         0.06
       133         2.01       4.04      -0.96       0.03        -0.03
       134         1.25       1.26      -0.01       0.00        -0.03
       135         2.12       2.28      -0.10       0.00         0.03
       136         1.35       1.02       0.30      -0.02        -0.06
       137         0.99       0.52       0.60       0.07         0.11
       138         1.30       0.30       1.65      -0.14        -0.07
       139         2.30       0.16       4.90       1.74         0.24
       140         1.40       0.28       1.94       0.06         0.02
       141        15.93      29.43      -3.91       0.00         0.01
       142         0.96       3.04      -1.12       0.02        -0.01
       143         1.14       0.30       1.38       0.44         0.27
       144         2.26       1.88       0.25       0.00         0.02
       145         0.97       0.24       1.35      -0.24        -0.12
       146         1.06       0.63       0.49       0.00         0.00
       147         0.47       0.51      -0.05       0.00         0.01
       148         1.03       0.06       3.76      -0.36        -0.04
       149         0.27       0.33      -0.09       0.00        -0.01
       150         5.69       1.68       2.86      -0.03        -0.02
       151         1.64       0.07       5.56       6.22         0.54
       152         0.55       0.24       0.56       0.00         0.00
       153         1.14       0.65       0.55       0.00         0.00
       154         3.33       0.24       5.77       0.02         0.00
       155         1.06       0.09       2.99      -4.55        -0.64
       156         1.22       0.21       2.02      -0.04        -0.01
       157         3.01       0.12       7.46       8.53         0.74
       158         0.49       0.12       0.98       0.15         0.08
       159         0.93       0.07       2.93      -0.59        -0.09
       160         0.89       0.23       1.25       0.00         0.00
       161         5.79       6.29      -0.65       0.00         0.00
       162         1.02       0.30       1.20       0.00         0.00
       163        87.46     115.48      -4.21       0.00        -0.01
       164        28.16      12.46       4.18       0.48         0.54
       165        14.25       7.92       2.08      -0.09        -0.15
       166         4.67       6.78      -0.75       0.04        -0.11
       167         4.79       2.52       1.30      -0.03        -0.04
       168         5.57       2.08       2.21      -0.28        -0.24
       169         0.92       1.41      -0.37      -0.02         0.05
       170         8.55       6.90       0.58       0.01         0.05
       171         1.34       2.64      -0.73       0.00         0.00
       172         2.54       1.08       1.27      -0.44        -0.43
       173         0.60       0.90      -0.29      -0.02         0.04
       174         1.71       0.83       0.88      -0.03        -0.04
       175         1.20       0.11       3.04      -1.17        -0.20
       176         1.06       0.45       0.83      -0.14        -0.14
       177         0.94       0.76       0.19       0.00         0.00
       178         1.50       0.36       1.71      -0.17        -0.09
       179         1.53       0.25       2.33      -0.03        -0.01
       180         0.69       0.14       1.36       0.03         0.01
       181         0.96       1.04      -0.07       0.00         0.00
       182        16.48      18.92      -0.92       0.00         0.01
       183         2.21       2.30      -0.06       0.00         0.00
       184         1.05       0.64       0.47      -0.01        -0.03
       185         3.29       1.47       1.39      -0.02        -0.02
       186         1.20       2.08      -0.58       0.00         0.00
       187         1.02       0.22       1.54       0.13         0.06
       188         0.78       0.11       1.87       0.10         0.03
       189         1.20       0.03       5.97      -4.78        -0.24
       190         2.57       4.05      -1.35       0.00         0.00
       191         0.98       0.16       1.91       0.08         0.03
       192         1.64       0.01       9.05       0.00        -0.04
       193         0.15       0.03       0.71      -0.01         0.00
       194        50.21      73.95      -4.41      -0.01         0.02
       195         7.18       7.89      -0.24       0.00        -0.04
       196         5.07       2.40       1.58      -0.06        -0.07
       197         1.56       0.86       0.68       0.09         0.15
       198         5.98       5.00       0.41       0.00         0.00
       199         9.75       4.03       2.62       0.11         0.11
       200         1.80       0.71       1.19      -0.03        -0.03
       201         2.55       0.98       1.44      -0.18        -0.16
       202         4.48       1.71       1.93       0.01         0.01
       203         1.43       1.32       0.08       0.00         0.06
       204         1.03       0.16       1.99      -0.61        -0.18
       205         1.60       0.29       2.21      -1.28        -0.45
       206         2.79       0.89       1.82      -0.17        -0.12
       207         3.46       4.30      -0.37       0.01        -0.03
       208         4.09       0.69       3.70       0.83         0.29
       209         0.27       0.43      -0.21       0.00         0.00
       210         2.05       0.39       2.40       0.02         0.01
       211         2.12       0.16       4.41       2.42         0.39
       212         0.47       0.10       1.04      -0.13        -0.06
       213         0.98       0.48       0.66      -0.08        -0.10
       214         8.64       8.79      -0.13       0.00         0.00
       215         1.39       0.47       1.23       0.00         0.00
       216         7.37      18.56      -4.51       0.00         0.00
       217        10.33       3.76       3.32      -0.01        -0.01
       218         0.88       0.70       0.20       0.00        -0.01
       219         3.14       0.51       3.39       0.15         0.05
       220         0.91       0.11       2.17       0.25         0.06
       221         0.65       0.16       1.14      -0.06        -0.03
       222         0.63       0.11       1.42       0.11         0.04
       223         0.87       0.08       2.56       0.49         0.09
       224         0.69       0.15       1.24       0.04         0.02
       225         7.86      11.63      -2.28       0.00         0.00
       226         1.21       0.55       0.82      -0.01        -0.01
       227         1.21       0.97       0.23       0.00         0.00
       228         0.32       0.10       0.63       0.01         0.01
       229         1.32       0.05       5.25      -1.18        -0.08
       230         2.45       0.07       8.40       0.37         0.02
       231         9.52      12.02      -1.66       0.00         0.00
       232         2.93       1.09       1.67       0.00         0.00
       233         1.22       0.16       2.43      -0.05        -0.01
       234         0.51       0.13       0.96       0.00         0.00
       235         2.12       0.48       2.30       0.00         0.00
       236         1.47       0.11       3.82      -0.01         0.00
       237         2.25       3.52      -1.34       0.00         0.00
       238         1.01       0.47       0.76       0.00         0.00
       239         1.18       0.29       1.53       0.00         0.00
       240         2.75       2.18       0.77       0.00         0.00
       241         2.02       4.12      -1.88       0.00         0.00
       242         1.12       0.16       2.17       0.06         0.02
       243         1.15       0.45       0.97       0.01         0.01
       244         1.20       0.15       2.45       0.09         0.02
       245         6.34       6.96      -0.85       0.00         0.00
       246         1.09       0.47       0.85       0.00         0.00
       247         0.88       0.00       9.06       0.00        -0.02      DELETED
       248        19.42      20.97      -1.71       0.00         0.00
       249         2.25       0.70       1.71       0.00         0.00
       250         0.84       2.20      -1.80       0.00         0.00
       251         0.54       0.38       0.24       0.00         0.00
       252         1.43       0.05       5.64       0.99         0.07
       253         0.57       4.84      -3.21       0.00         0.00
       254         0.89       0.60       0.35       0.00         0.01
       255         1.51       0.38       1.70       0.00         0.00
       256         2.52       0.56       2.47      -0.05        -0.02
       257         1.43       0.12       3.38      -0.03        -0.01
       258         2.47       4.48      -1.57       0.00         0.00
       259         0.10       0.29      -0.33       0.00         0.00
       260         2.11       0.11       5.52      -0.24        -0.02
       261         0.77       0.09       2.00      -0.05        -0.01
       262         0.94       0.02       5.84       2.62         0.12
       263         4.96       7.94      -1.94       0.00         0.00
       264         1.78       1.81      -0.03       0.00         0.00
       265         3.77       0.36       5.24       0.09         0.02
       266         2.46       4.02      -2.64       0.00         0.00
       267         1.86       0.31       2.64       0.00         0.00
       268         2.62       0.28       4.13      -0.03        -0.01
       269         1.12       0.02       6.39      -0.97        -0.04
       270         0.67       2.76      -2.35       0.00         0.00
       271         1.60       0.11       4.19      -0.04        -0.01
       272         0.54       0.19       0.74       0.00         0.00
       273         0.81       0.02       4.54       0.22         0.01
       274         0.54       0.01       5.07      -0.11         0.00
       275         0.54       0.04       2.21       0.01         0.00
       276         3.83       5.77      -1.46       0.00         0.00
       277         3.34       1.24       1.86       0.00         0.00
       278         0.54       0.24       0.54       0.00         0.00
       279         0.32       0.24       0.16       0.00         0.00
       280         2.43       0.02       9.08       0.00        -0.05
       281         0.49       0.06       1.69      -0.01         0.00
       282         0.82       0.04       3.55      -0.01         0.00
       283         1.15       0.90       0.51       0.00         0.00
       284         6.08      12.19      -3.06       0.00         0.00
       285         1.05       1.90      -0.59       0.00         0.00
       286         3.36       0.39       4.37       0.21         0.05
       287         3.08       0.89       2.16      -0.03        -0.02
       288         1.92       0.07       6.44       1.03         0.07
       289         1.05       0.07       3.36      -0.39        -0.05
       290         0.10       0.09       0.01       0.00         0.00
       291         1.26       0.96       0.57       0.00         0.00
       292         1.99       2.12      -0.15       0.00         0.00
       293         0.99       0.01       7.44      -2.29        -0.06
       294         3.40       3.42      -0.02       0.00         0.00
       295         1.32       0.24       2.02       0.01         0.00
       296         5.92       6.01      -0.06       0.00         0.00
       297         0.78       0.23       1.06      -0.01        -0.01
       298         2.10       0.39       2.55      -0.03        -0.01
       299         0.88       0.77       0.31       0.00         0.00
       300         1.42       1.15       0.51       0.00         0.00
       301         0.96       1.54      -1.40       0.00         0.00
       302         0.72       0.10       1.87       0.00         0.00
       303         3.48       3.36       0.11       0.00         0.00
       304         1.32       0.40       1.37       0.00         0.00
       305         3.94       5.10      -1.12       0.00         0.00
       306         2.20       1.05       1.12       0.00         0.00
       307         1.89       0.19       3.68       0.00         0.00
       308         0.50       0.01       4.61      -1.55        -0.06
       309         1.15       0.09       3.34      -0.07        -0.01
       310         0.90       0.04       4.02      -0.02         0.00
       311         2.76       3.07      -0.30       0.00         0.00
       312         1.44       0.14       3.23      -0.12        -0.02
       313         1.29       0.32       1.68      -0.01        -0.01
       314         0.79       0.06       2.77      -0.09        -0.01

     THE TOTAL PEARSON CHI-SQUARE CONTRIBUTION FROM EMPTY CELLS IS        -0.24


     UNIVARIATE MODEL FIT INFORMATION

                               Estimated Probabilities
                                                  Standardized
     Variable              H1           H0          Residual
                                                   (z-score)
     GND1
       Category 1        0.968        0.968           0.003
       Category 2        0.032        0.032          -0.003
       Univariate Pearson Chi-Square                  0.000
       Univariate Log-Likelihood Chi-Square           0.000
     GND2
       Category 1        0.937        0.937          -0.002
       Category 2        0.063        0.063           0.002
       Univariate Pearson Chi-Square                  0.000
       Univariate Log-Likelihood Chi-Square           0.000
     GND3
       Category 1        0.898        0.898           0.007
       Category 2        0.102        0.102          -0.007
       Univariate Pearson Chi-Square                  0.000
       Univariate Log-Likelihood Chi-Square           0.000
     GND4
       Category 1        0.829        0.829           0.004
       Category 2        0.171        0.171          -0.004
       Univariate Pearson Chi-Square                  0.000
       Univariate Log-Likelihood Chi-Square           0.000
     GND5
       Category 1        0.929        0.929           0.002
       Category 2        0.071        0.071          -0.002
       Univariate Pearson Chi-Square                  0.000
       Univariate Log-Likelihood Chi-Square           0.000
     GND6
       Category 1        0.793        0.793           0.001
       Category 2        0.207        0.207          -0.001
       Univariate Pearson Chi-Square                  0.000
       Univariate Log-Likelihood Chi-Square           0.000

       Overall Univariate Pearson Chi-Square                         0.000
       Overall Univariate Log-Likelihood Chi-Square                  0.000


     BIVARIATE MODEL FIT INFORMATION

                                              Estimated Probabilities
                                                                 Standardized
     Variable       Variable              H1           H0          Residual
                                                                  (z-score)
     GND1           GND2
       Category 1     Category 1        0.923        0.923          -0.020
       Category 1     Category 2        0.045        0.044           0.029
       Category 2     Category 1        0.014        0.014           0.041
       Category 2     Category 2        0.018        0.018          -0.041
       Bivariate Pearson Chi-Square                                  0.005
       Bivariate Log-Likelihood Chi-Square                           0.005
     GND1           GND3
       Category 1     Category 1        0.880        0.880           0.017
       Category 1     Category 2        0.088        0.088          -0.018
       Category 2     Category 1        0.017        0.017          -0.027
       Category 2     Category 2        0.015        0.015           0.025
       Bivariate Pearson Chi-Square                                  0.002
       Bivariate Log-Likelihood Chi-Square                           0.002
     GND1           GND4
       Category 1     Category 1        0.814        0.814          -0.026
       Category 1     Category 2        0.154        0.154           0.029
       Category 2     Category 1        0.015        0.015           0.094
       Category 2     Category 2        0.017        0.017          -0.094
       Bivariate Pearson Chi-Square                                  0.022
       Bivariate Log-Likelihood Chi-Square                           0.022
     GND1           GND5
       Category 1     Category 1        0.910        0.910           0.026
       Category 1     Category 2        0.058        0.058          -0.029
       Category 2     Category 1        0.019        0.019          -0.051
       Category 2     Category 2        0.013        0.013           0.055
       Bivariate Pearson Chi-Square                                  0.008
       Bivariate Log-Likelihood Chi-Square                           0.008
     GND1           GND6
       Category 1     Category 1        0.781        0.781          -0.034
       Category 1     Category 2        0.187        0.187           0.038
       Category 2     Category 1        0.012        0.012           0.133
       Category 2     Category 2        0.020        0.020          -0.109
       Bivariate Pearson Chi-Square                                  0.037
       Bivariate Log-Likelihood Chi-Square                           0.037
     GND2           GND3
       Category 1     Category 1        0.855        0.855          -0.050
       Category 1     Category 2        0.082        0.082           0.062
       Category 2     Category 1        0.042        0.042           0.096
       Category 2     Category 2        0.020        0.020          -0.134
       Bivariate Pearson Chi-Square                                  0.037
       Bivariate Log-Likelihood Chi-Square                           0.037
     GND2           GND4
       Category 1     Category 1        0.795        0.794           0.211
       Category 1     Category 2        0.143        0.143          -0.246
       Category 2     Category 1        0.034        0.035          -0.458
       Category 2     Category 2        0.028        0.028           0.515
       Bivariate Pearson Chi-Square                                  0.637
       Bivariate Log-Likelihood Chi-Square                           0.636
     GND2           GND5
       Category 1     Category 1        0.886        0.886          -0.048
       Category 1     Category 2        0.051        0.051           0.067
       Category 2     Category 1        0.043        0.043           0.077
       Category 2     Category 2        0.020        0.020          -0.110
       Bivariate Pearson Chi-Square                                  0.027
       Bivariate Log-Likelihood Chi-Square                           0.027
     GND2           GND6
       Category 1     Category 1        0.761        0.761          -0.010
       Category 1     Category 2        0.176        0.176           0.010
       Category 2     Category 1        0.032        0.032           0.027
       Category 2     Category 2        0.031        0.031          -0.024
       Bivariate Pearson Chi-Square                                  0.002
       Bivariate Log-Likelihood Chi-Square                           0.002
     GND3           GND4
       Category 1     Category 1        0.793        0.793           0.000
       Category 1     Category 2        0.105        0.105           0.006
       Category 2     Category 1        0.036        0.036           0.007
       Category 2     Category 2        0.066        0.066          -0.014
       Bivariate Pearson Chi-Square                                  0.000
       Bivariate Log-Likelihood Chi-Square                           0.000
     GND3           GND5
       Category 1     Category 1        0.845        0.845          -0.029
       Category 1     Category 2        0.052        0.052           0.056
       Category 2     Category 1        0.084        0.084           0.040
       Category 2     Category 2        0.019        0.019          -0.096
       Bivariate Pearson Chi-Square                                  0.017
       Bivariate Log-Likelihood Chi-Square                           0.017
     GND3           GND6
       Category 1     Category 1        0.763        0.763           0.008
       Category 1     Category 2        0.134        0.134          -0.004
       Category 2     Category 1        0.030        0.030          -0.018
       Category 2     Category 2        0.073        0.073           0.004
       Bivariate Pearson Chi-Square                                  0.000
       Bivariate Log-Likelihood Chi-Square                           0.000
     GND4           GND5
       Category 1     Category 1        0.789        0.789           0.055
       Category 1     Category 2        0.040        0.040          -0.107
       Category 2     Category 1        0.140        0.140          -0.064
       Category 2     Category 2        0.031        0.031           0.119
       Bivariate Pearson Chi-Square                                  0.035
       Bivariate Log-Likelihood Chi-Square                           0.035
     GND4           GND6
       Category 1     Category 1        0.727        0.727          -0.047
       Category 1     Category 2        0.102        0.102           0.074
       Category 2     Category 1        0.066        0.066           0.086
       Category 2     Category 2        0.105        0.105          -0.074
       Bivariate Pearson Chi-Square                                  0.021
       Bivariate Log-Likelihood Chi-Square                           0.021
     GND5           GND6
       Category 1     Category 1        0.756        0.756           0.038
       Category 1     Category 2        0.173        0.173          -0.042
       Category 2     Category 1        0.037        0.037          -0.084
       Category 2     Category 2        0.034        0.034           0.085
       Bivariate Pearson Chi-Square                                  0.019
       Bivariate Log-Likelihood Chi-Square                           0.019

       Overall Bivariate Pearson Chi-Square                          0.870
       Overall Bivariate Log-Likelihood Chi-Square                   0.870


TECHNICAL 11 OUTPUT

     Random Starts Specifications for the k-1 Class Analysis Model
        Number of initial stage random starts                1000
        Number of final stage optimizations                   250



     VUONG-LO-MENDELL-RUBIN LIKELIHOOD RATIO TEST FOR 6 (H0) VERSUS 7 CLASSES

          H0 Loglikelihood Value                       -82136.312
          2 Times the Loglikelihood Difference             40.274
          Difference in the Number of Parameters                7
          Mean                                              6.474
          Standard Deviation                               48.698
          P-Value                                          0.2438

     LO-MENDELL-RUBIN ADJUSTED LRT TEST

          Value                                            39.750
          P-Value                                          0.2472


SAVEDATA INFORMATION


  Save file
    GND_Prob_C3cl7.dat

  Order and format of variables

    GND1           F10.3
    GND2           F10.3
    GND3           F10.3
    GND4           F10.3
    GND5           F10.3
    GND6           F10.3
    CPROB1         F10.3
    CPROB2         F10.3
    CPROB3         F10.3
    CPROB4         F10.3
    CPROB5         F10.3
    CPROB6         F10.3
    CPROB7         F10.3
    C              F10.3
    WS             F10.3
    IDSTUD         I9
    ID_S           I5
    ID_J           I5

  Save file format
    15F10.3 I9 2I5

  Save file record length    10000

  Save missing symbol        *


     Beginning Time:  00:10:33
        Ending Time:  00:10:48
       Elapsed Time:  00:00:15



MUTHEN & MUTHEN
3463 Stoner Ave.
Los Angeles, CA  90066

Tel: (310) 391-9971
Fax: (310) 391-8971
Web: www.StatModel.com
Support: Support@StatModel.com

Copyright (c) 1998-2020 Muthen & Muthen
