Mplus VERSION 8.5 (Mac)
MUTHEN & MUTHEN
03/22/2021  11:27 AM

INPUT INSTRUCTIONS

  TITLE: LCA C3 LA with 2 classes;
  DATA:
  FILE = LA_Dta_C3.dat;

  VARIABLE:
  NAMES = id_i
  id_j
  id_r
  id_s
  id_k
  wt
  ws
  GND1
  GND2
  GND4
  GND6
  IDSTUD;
  IDVARIABLE = IDSTUD;
  USEVARIABLES = GND1
  GND2
  GND4
  GND6;
  CATEGORICAL = GND1
  GND2
  GND4
  GND6;
  MISSING = .;
  CLASSES = c(2);
  WEIGHT = ws;
  STRATIFICATION = id_s;
  CLUSTER = id_j;

  ANALYSIS:
  TYPE = COMPLEX MIXTURE;
  PROCESSORS = 4;
  STARTS = 100 50;
  STITERATIONS = 5;
  STSEED = 288;

  OUTPUT:
  TECH10
  TECH11
  TECH14;
  SVALUES
  ;

  SAVEDATA:
  FILE = LA_Prob_C3cl2.dat;
  SAVE = CPROBABILITIES;



*** WARNING in OUTPUT command
  TECH14 option is not available for TYPE=MIXTURE COMPLEX.
  Request for TECH14 is ignored.
*** WARNING
  Data set contains cases with missing on all variables.
  These cases were not included in the analysis.
  Number of cases with missing on all variables:  198
   2 WARNING(S) FOUND IN THE INPUT INSTRUCTIONS



LCA C3 LA with 2 classes;

SUMMARY OF ANALYSIS

Number of groups                                                 1
Number of observations                                       10492

Number of dependent variables                                    4
Number of independent variables                                  0
Number of continuous latent variables                            0
Number of categorical latent variables                           1

Observed dependent variables

  Binary and ordered categorical (ordinal)
   GND1        GND2        GND4        GND6

Categorical latent variables
   C

Variables with special functions

  Stratification        ID_S
  Cluster variable      ID_J
  Weight variable       WS
  ID variable           IDSTUD

Estimator                                                      MLR
Information matrix                                        OBSERVED
Optimization Specifications for the Quasi-Newton Algorithm for
Continuous Outcomes
  Maximum number of iterations                                 100
  Convergence criterion                                  0.100D-05
Optimization Specifications for the EM Algorithm
  Maximum number of iterations                                 500
  Convergence criteria
    Loglikelihood change                                 0.100D-06
    Relative loglikelihood change                        0.100D-06
    Derivative                                           0.100D-05
Optimization Specifications for the M step of the EM Algorithm for
Categorical Latent variables
  Number of M step iterations                                    1
  M step convergence criterion                           0.100D-05
  Basis for M step termination                           ITERATION
Optimization Specifications for the M step of the EM Algorithm for
Censored, Binary or Ordered Categorical (Ordinal), Unordered
Categorical (Nominal) and Count Outcomes
  Number of M step iterations                                    1
  M step convergence criterion                           0.100D-05
  Basis for M step termination                           ITERATION
  Maximum value for logit thresholds                            15
  Minimum value for logit thresholds                           -15
  Minimum expected cell size for chi-square              0.100D-01
Maximum number of iterations for H1                           2000
Convergence criterion for H1                             0.100D-03
Optimization algorithm                                         EMA
Random Starts Specifications
  Number of initial stage random starts                        100
  Number of final stage optimizations                           50
  Number of initial stage iterations                             5
  Initial stage convergence criterion                    0.100D+01
  Random starts scale                                    0.500D+01
  Random seed for generating random starts                     288
Link                                                         LOGIT

Input data file(s)
  LA_Dta_C3.dat
Input data format  FREE


SUMMARY OF DATA

     Number of missing data patterns            14
     Number of y missing data patterns           0
     Number of u missing data patterns          14
     Number of strata                          150
     Number of clusters                        328


COVARIANCE COVERAGE OF DATA

Minimum covariance coverage value   0.100


     PROPORTION OF DATA PRESENT FOR U


           Covariance Coverage
              GND1          GND2          GND4          GND6
              ________      ________      ________      ________
 GND1           0.996
 GND2           0.991         0.994
 GND4           0.988         0.987         0.990
 GND6           0.989         0.987         0.986         0.990


UNIVARIATE PROPORTIONS AND COUNTS FOR CATEGORICAL VARIABLES

    GND1
      Category 1    0.978        10221.525
      Category 2    0.022          229.775
    GND2
      Category 1    0.955         9953.270
      Category 2    0.045          470.876
    GND4
      Category 1    0.767         7948.473
      Category 2    0.233         2418.463
    GND6
      Category 1    0.773         8022.446
      Category 2    0.227         2359.405


RANDOM STARTS RESULTS RANKED FROM THE BEST TO THE WORST LOGLIKELIHOOD VALUES

Final stage loglikelihood values at local maxima, seeds, and initial stage start numbers:

          -12984.361  555689           32
          -12984.361  323102           100
          -12984.361  699594           29
          -12984.361  986227           24
          -12984.361  3314             35
          -12984.361  241342           73
          -12984.361  838965           95
          -12984.361  210588           50
          -12984.361  578065           8
          -12984.361  613990           76
          -12984.361  426635           9
          -12984.361  724894           55
          -12984.361  412669           59
          -12984.361  21724            20
          -12984.361  308659           10
          -12984.361  867952           17
          -12984.361  504083           19
          -12984.361  802116           48
          -12984.361  3549             2
          -12984.361  61168            83
          -12984.361  503835           43
          -12984.361  682993           4
          -12984.361  414035           84
          -12984.361  746482           80
          -12984.361  unperturbed      0
          -12984.361  692367           5
          -12984.361  14535            40
          -12984.361  267084           27
          -12984.361  14596            96
          -12984.361  412035           70
          -12984.361  920957           62
          -12984.361  514978           7

18 perturbed starting value run(s) did not converge or were rejected in the third stage.



THE BEST LOGLIKELIHOOD VALUE HAS BEEN REPLICATED.  RERUN WITH AT LEAST TWICE THE
RANDOM STARTS TO CHECK THAT THE BEST LOGLIKELIHOOD IS STILL OBTAINED AND REPLICATED.

     IN THE OPTIMIZATION, ONE OR MORE LOGIT THRESHOLDS APPROACHED EXTREME VALUES
     OF -15.000 AND 15.000 AND WERE FIXED TO STABILIZE MODEL ESTIMATION.  THESE
     VALUES IMPLY PROBABILITIES OF 0 AND 1.  IN THE MODEL RESULTS SECTION, THESE
     PARAMETERS HAVE 0 STANDARD ERRORS AND 999 IN THE Z-SCORE AND P-VALUE COLUMNS.


     WARNING:  THE VARIANCE CONTRIBUTION FROM A STRATUM WITH A SINGLE CLUSTER
     (PSU) IS BASED ON THE DIFFERENCE BETWEEN THE SINGLE CLUSTER VALUE AND
     THE OVERALL CLUSTER MEAN.




THE MODEL ESTIMATION TERMINATED NORMALLY



MODEL FIT INFORMATION

Number of Free Parameters                        9

Loglikelihood

          H0 Value                      -12984.361
          H0 Scaling Correction Factor      1.9828
            for MLR

Information Criteria

          Akaike (AIC)                   25986.723
          Bayesian (BIC)                 26052.048
          Sample-Size Adjusted BIC       26023.447
            (n* = (n + 2) / 24)

Chi-Square Test of Model Fit for the Binary and Ordered Categorical
(Ordinal) Outcomes

          Pearson Chi-Square

          Value                            215.006
          Degrees of Freedom                     6
          P-Value                           0.0000

          Likelihood Ratio Chi-Square

          Value                            132.805
          Degrees of Freedom                     6
          P-Value                           0.0000

Chi-Square Test for MCAR under the Unrestricted Latent Class Indicator Model

          Pearson Chi-Square

          Value                            114.717
          Degrees of Freedom                    47
          P-Value                           0.0000

          Likelihood Ratio Chi-Square

          Value                             73.762
          Degrees of Freedom                    47
          P-Value                           0.0076



FINAL CLASS COUNTS AND PROPORTIONS FOR THE LATENT CLASSES
BASED ON THE ESTIMATED MODEL

    Latent
   Classes

       1       3935.52741          0.37510
       2       6556.47259          0.62490


FINAL CLASS COUNTS AND PROPORTIONS FOR THE LATENT CLASSES
BASED ON ESTIMATED POSTERIOR PROBABILITIES

    Latent
   Classes

       1       3935.52741          0.37510
       2       6556.47259          0.62490


FINAL CLASS COUNTS AND PROPORTIONS FOR THE LATENT CLASSES
BASED ON THEIR MOST LIKELY LATENT CLASS MEMBERSHIP

Class Counts and Proportions

    Latent
   Classes

       1             3316          0.31601
       2             7176          0.68399


CLASSIFICATION QUALITY

     Entropy                         0.720


Average Latent Class Probabilities for Most Likely Latent Class Membership (Row)
by Latent Class (Column)

           1        2

    1   0.999    0.001
    2   0.087    0.913


Classification Probabilities for the Most Likely Latent Class Membership (Column)
by Latent Class (Row)

           1        2

    1   0.842    0.158
    2   0.000    1.000


Logits for the Classification Probabilities for the Most Likely Latent Class Membership (Column)
by Latent Class (Row)

              1        2

    1      1.672    0.000
    2     -7.969    0.000


MODEL RESULTS

                                                    Two-Tailed
                    Estimate       S.E.  Est./S.E.    P-Value

Latent Class 1

 Thresholds
    GND1$1             3.120      0.181     17.277      0.000
    GND2$1             2.569      0.138     18.665      0.000
    GND4$1            -0.511      0.072     -7.068      0.000
    GND6$1            -0.436      0.065     -6.678      0.000

Latent Class 2

 Thresholds
    GND1$1             4.612      0.479      9.635      0.000
    GND2$1             3.489      0.214     16.268      0.000
    GND4$1            15.000      0.000    999.000    999.000
    GND6$1            15.000      0.000    999.000    999.000

Categorical Latent Variables

 Means
    C#1               -0.510      0.045    -11.240      0.000


RESULTS IN PROBABILITY SCALE

Latent Class 1

 GND1
    Category 1         0.958      0.007    130.971      0.000
    Category 2         0.042      0.007      5.781      0.000
 GND2
    Category 1         0.929      0.009    102.078      0.000
    Category 2         0.071      0.009      7.823      0.000
 GND4
    Category 1         0.375      0.017     22.154      0.000
    Category 2         0.625      0.017     36.912      0.000
 GND6
    Category 1         0.393      0.016     25.232      0.000
    Category 2         0.607      0.016     39.015      0.000

Latent Class 2

 GND1
    Category 1         0.990      0.005    212.378      0.000
    Category 2         0.010      0.005      2.110      0.035
 GND2
    Category 1         0.970      0.006    157.340      0.000
    Category 2         0.030      0.006      4.806      0.000
 GND4
    Category 1         1.000      0.000      0.000      1.000
    Category 2         0.000      0.000      0.000      1.000
 GND6
    Category 1         1.000      0.000      0.000      1.000
    Category 2         0.000      0.000      0.000      1.000


LATENT CLASS ODDS RATIO RESULTS

                                                95% C.I.
                    Estimate       S.E.  Lower 2.5% Upper 2.5%

Latent Class 1 Compared to Latent Class 2

 GND1
    Category > 1       4.443      2.796      1.294     15.253
 GND2
    Category > 1       2.509      0.825      1.317      4.779
 GND4
    Category > 1   *********      0.000  *********  *********
 GND6
    Category > 1   *********      0.000  *********  *********


QUALITY OF NUMERICAL RESULTS

     Condition Number for the Information Matrix              0.488E-03
       (ratio of smallest to largest eigenvalue)


MODEL COMMAND WITH FINAL ESTIMATES USED AS STARTING VALUES

     %OVERALL%

     [ c#1*-0.51041 ];

     %C#1%

     [ gnd1$1*3.12036 ];
     [ gnd2$1*2.56864 ];
     [ gnd4$1*-0.51052 ];
     [ gnd6$1*-0.43583 ];

     %C#2%

     [ gnd1$1*4.61167 ];
     [ gnd2$1*3.48861 ];
     [ gnd4$1*15 ];
     [ gnd6$1*15 ];



TECHNICAL 10 OUTPUT


     MODEL FIT INFORMATION FOR THE LATENT CLASS INDICATOR MODEL PART


     RESPONSE PATTERNS

     No.  Pattern    No.  Pattern    No.  Pattern    No.  Pattern
       1  0000         2  0001         3  0010         4  0011
       5  0100         6  0101         7  0110         8  0111
       9  1000        10  1001        11  1010        12  1011
      13  1100        14  1101        15  1110        16  1111
      17  0*00        18  0*01        19  0*10        20  0*11
      21  1*01        22  0***        23  1***        24  *000
      25  *001        26  *011        27  *100        28  00*0
      29  00*1        30  01*0        31  01*1        32  10*1
      33  11*0        34  00**        35  01**        36  11**
      37  000*        38  001*        39  010*        40  011*
      41  101*        42  *00*        43  *01*        44  **00
      45  **11        46  *0**        47  0*0*        48  **1*
      49  0**1        50  ***0        51  ***1


     RESPONSE PATTERN FREQUENCIES AND CHI-SQUARE CONTRIBUTIONS

    Response          Frequency     Standardized  Chi-square Contribution
     Pattern    Observed  Estimated   Residual    Pearson   Loglikelihood  Deleted
                                     (z-score)
         1      6776.08    6685.79       1.50       0.94        94.14
         2       780.29     782.24      -0.06      -0.10        13.84
         3       847.77     842.89       0.14       0.03         9.13
         4      1341.85    1303.33       0.92       0.78       121.76
         5       170.44     227.53      -3.08      14.19       -88.86
         6        38.24      59.95      -2.26       7.81       -31.50
         7        39.80      64.60      -2.49       9.51       -37.21
         8        75.14      99.89      -2.00       6.04       -37.76
         9        24.88      83.73      -5.19      41.36       -60.76
        10        16.38      34.53      -2.49       9.47       -22.35
        11        23.63      37.21      -1.79       4.95       -21.02
        12        26.82      57.53      -3.27      16.38       -39.62
        13        86.44       3.59       8.05      99.99       201.83
        14        13.36       2.65       5.30      43.31        44.70
        15        16.91       2.85       6.70      69.30        60.36
        16        14.68       4.41       3.94      23.93        35.35
        17         7.00      14.97      -2.89       0.01        -0.01
        18         3.80       1.82       1.23      -0.10        -0.12
        19         2.48       1.97       0.31      -0.03        -0.11
        20         7.31       3.04       2.12       0.38         0.39
        21         1.71       0.08       4.63      -6.45        -0.56
        22        31.79      33.07      -1.21       0.00         0.00
        23         2.03       0.74       1.21       0.00         0.00
        24         1.54       5.55      -2.34       0.01        -0.01
        25         2.25       0.67       1.62      -0.09        -0.06
        26         2.70       1.12       1.30       0.12         0.12
        27         1.95       0.19       3.28       2.38         0.50
        28        20.03      38.21      -4.56      -0.19         0.27
        29        27.94      10.58       4.81       1.97         1.78
        30         1.18       1.48      -0.20       0.06        -0.71
        31         2.03       0.81       1.10      -1.62        -1.25
        32         0.53       0.47       0.07      -0.38        -0.75
        33         0.53       0.03       2.19       7.42         2.93
        34         9.35      12.88      -3.08      -0.08         0.23
        35         3.33       0.61       2.89      -6.39        -2.03
        36         1.10       0.02       6.49      60.19         5.05
        37        15.96      24.52      -2.65      -0.10         0.23
        38        11.28       7.05       1.44       0.32         0.67
        39         4.24       0.94       2.77      -6.17        -2.46
        40         1.52       0.54       1.08      -1.53        -1.01
        41         0.79       0.31       0.70      -1.56        -0.97
        42         1.93       2.05      -0.13       0.00        -0.01
        43         0.85       0.61       0.28       0.01         0.02
        44         0.63       0.95      -0.46       0.00         0.00
        45         0.76       0.20       1.10       0.03         0.02
        46        20.42      19.50       0.79       0.00         0.00
        47         1.37       1.03       0.54       0.00        -0.01
        48         4.18       0.98       2.97       0.00         0.00
        49         1.32       0.29       1.75       0.06         0.03
        50         1.18       2.69      -1.55       0.00         0.00
        51         2.31       0.79       1.55       0.00         0.00

     THE TOTAL PEARSON CHI-SQUARE CONTRIBUTION FROM EMPTY CELLS IS         0.30


     UNIVARIATE MODEL FIT INFORMATION

                               Estimated Probabilities
                                                  Standardized
     Variable              H1           H0          Residual
                                                   (z-score)
     GND1
       Category 1        0.978        0.978          -0.008
       Category 2        0.022        0.022           0.008
       Univariate Pearson Chi-Square                  0.000
       Univariate Log-Likelihood Chi-Square           0.000
     GND2
       Category 1        0.955        0.955          -0.034
       Category 2        0.045        0.045           0.034
       Univariate Pearson Chi-Square                  0.002
       Univariate Log-Likelihood Chi-Square           0.002
     GND4
       Category 1        0.766        0.766           0.005
       Category 2        0.234        0.234          -0.005
       Univariate Pearson Chi-Square                  0.000
       Univariate Log-Likelihood Chi-Square           0.000
     GND6
       Category 1        0.772        0.772           0.006
       Category 2        0.228        0.228          -0.006
       Univariate Pearson Chi-Square                  0.000
       Univariate Log-Likelihood Chi-Square           0.000

       Overall Univariate Pearson Chi-Square                         0.002
       Overall Univariate Log-Likelihood Chi-Square                  0.002


     BIVARIATE MODEL FIT INFORMATION

                                              Estimated Probabilities
                                                                 Standardized
     Variable       Variable              H1           H0          Residual
                                                                  (z-score)
     GND1           GND2
       Category 1     Category 1        0.946        0.934           3.827
       Category 1     Category 2        0.032        0.044          -4.640
       Category 2     Category 1        0.009        0.021          -6.720
       Category 2     Category 2        0.013        0.001          26.473
       Bivariate Pearson Chi-Square                               1183.332
       Bivariate Log-Likelihood Chi-Square                         500.732
     GND1           GND4
       Category 1     Category 1        0.752        0.753          -0.351
       Category 1     Category 2        0.226        0.224           0.359
       Category 2     Category 1        0.014        0.012           1.400
       Category 2     Category 2        0.008        0.010          -1.533
       Bivariate Pearson Chi-Square                                  6.793
       Bivariate Log-Likelihood Chi-Square                           6.897
     GND1           GND6
       Category 1     Category 1        0.757        0.760          -0.472
       Category 1     Category 2        0.221        0.218           0.485
       Category 2     Category 1        0.015        0.012           1.848
       Category 2     Category 2        0.007        0.010          -2.080
       Bivariate Pearson Chi-Square                                 12.196
       Bivariate Log-Likelihood Chi-Square                          12.529
     GND2           GND4
       Category 1     Category 1        0.735        0.737          -0.410
       Category 1     Category 2        0.220        0.218           0.420
       Category 2     Category 1        0.031        0.029           1.095
       Category 2     Category 2        0.015        0.017          -1.368
       Bivariate Pearson Chi-Square                                  4.926
       Bivariate Log-Likelihood Chi-Square                           5.009
     GND2           GND6
       Category 1     Category 1        0.741        0.743          -0.389
       Category 1     Category 2        0.214        0.212           0.399
       Category 2     Category 1        0.031        0.029           1.029
       Category 2     Category 2        0.014        0.016          -1.311
       Bivariate Pearson Chi-Square                                  4.457
       Bivariate Log-Likelihood Chi-Square                           4.535
     GND4           GND6
       Category 1     Category 1        0.682        0.680           0.328
       Category 1     Category 2        0.084        0.085          -0.541
       Category 2     Category 1        0.090        0.092          -0.520
       Category 2     Category 2        0.144        0.142           0.425
       Bivariate Pearson Chi-Square                                  1.086
       Bivariate Log-Likelihood Chi-Square                           1.091

       Overall Bivariate Pearson Chi-Square                       1212.790
       Overall Bivariate Log-Likelihood Chi-Square                 530.793


TECHNICAL 11 OUTPUT

     Random Starts Specifications for the k-1 Class Analysis Model
        Number of initial stage random starts                 100
        Number of final stage optimizations                    50



     VUONG-LO-MENDELL-RUBIN LIKELIHOOD RATIO TEST FOR 1 (H0) VERSUS 2 CLASSES

          H0 Loglikelihood Value                       -14218.503
          2 Times the Loglikelihood Difference           2468.283
          Difference in the Number of Parameters                5
          Mean                                              9.409
          Standard Deviation                               69.171
          P-Value                                          0.0000

     LO-MENDELL-RUBIN ADJUSTED LRT TEST

          Value                                          2416.091
          P-Value                                          0.0000


SAVEDATA INFORMATION


  Save file
    LA_Prob_C3cl2.dat

  Order and format of variables

    GND1           F10.3
    GND2           F10.3
    GND4           F10.3
    GND6           F10.3
    CPROB1         F10.3
    CPROB2         F10.3
    C              F10.3
    WS             F10.3
    IDSTUD         I9
    ID_S           I4
    ID_J           I4

  Save file format
    8F10.3 I9 2I4

  Save file record length    10000

  Save missing symbol        *


     Beginning Time:  11:27:18
        Ending Time:  11:27:20
       Elapsed Time:  00:00:02



MUTHEN & MUTHEN
3463 Stoner Ave.
Los Angeles, CA  90066

Tel: (310) 391-9971
Fax: (310) 391-8971
Web: www.StatModel.com
Support: Support@StatModel.com

Copyright (c) 1998-2020 Muthen & Muthen
